[2022-08-12 12:43:40] Streaming started to Samsung SM-G998U1 Android 12 at 0.0.0.0:0, audio channels = 2, MTU = 1472
[2022-08-12 12:43:40] Streaming quality: k_EStreamQualityBalanced
[2022-08-12 12:43:40] Streaming bitrate: Unlimited
[2022-08-12 12:43:40] Device form factor: phone
[2022-08-12 12:43:40] Maximum capture: 3840x2160 60.00 FPS
[2022-08-12 12:43:40] Video Streaming: enabled
[2022-08-12 12:43:40] Audio Streaming: enabled
[2022-08-12 12:43:40] Input Streaming: enabled
[2022-08-12 12:43:40] =====================================================================
[2022-08-12 12:43:40] Game: Counter-Strike: Global Offensive (730)
[2022-08-12 12:43:40] Setting target bitrate to 100000 Kbit/s, burst bitrate is 500000 Kbit/s
[2022-08-12 12:43:40] Streamed game has created a window
[2022-08-12 12:43:40] Changing record window: 000400A2
[2022-08-12 12:43:40] Window title set to Counter-Strike: Global Offensive - Direct3D 9
[2022-08-12 12:43:40] SynchronizeClientState(): setting capture size 1280x800
[2022-08-12 12:43:40] SynchronizeClientState(): setting title to Counter-Strike: Global Offensive - Direct3D 9
[2022-08-12 12:43:40] SynchronizeClientState(): setting icon 32x32
[2022-08-12 12:43:40] SynchronizeClientState(): setting cursor to 65541
[2022-08-12 12:43:40] SynchronizeClientState(): setting keymap
[2022-08-12 12:43:40] SynchronizeClientState(): setting activity to k_EStreamActivityGame: Counter-Strike: Global Offensive
[2022-08-12 12:43:40] Recording system audio
[2022-08-12 12:43:40] Audio recording init failed, couldn't get the default audio endpoint: 0x80070490
[2022-08-12 12:43:40] Failed to init system audio recording: 1
[2022-08-12 12:43:40] Audio mix: start=10192831790, returned=0
[2022-08-12 12:43:40] CLIENT: Sending HID device 0000/11fb/-1  Mobile Touch Control at touch://0
[2022-08-12 12:43:40] CLIENT: [SteamNetworkingSockets] Ping measurement completed
[2022-08-12 12:43:40] CLIENT: [SteamNetworkingSockets] Ping location: ord=26+2,dfw=39+3,mdf1=41+4/39+3,atl=44+4/46+2,iad=48+4/47+2,sea=53+5,lax=63+6,ams=132+13/117+2,par=127+12/122+2,fra=142+14/125+2,gru=174+17/175+4,sgp=228+22/229+22
[2022-08-12 12:43:40] CLIENT: [SteamNetworkingSockets] SDR RelayNetworkStatus:  avail=OK  config=OK  anyrelay=OK   (OK)
[2022-08-12 12:43:40] CLIENT: Got control packet k_EStreamControlSetQoS
[2022-08-12 12:43:40] CLIENT: Got control packet k_EStreamControlSetTargetBitrate
[2022-08-12 12:43:40] CLIENT: Starting audio stream: frequency=48000, channels=2
[2022-08-12 12:43:40] CLIENT: Opened audio device: format=2, channels=2, frequency=48000
[2022-08-12 12:43:40] CLIENT: Initialized audio decoder: codec=3, sample rate=48000, channels=2
[2022-08-12 12:43:40] CLIENT: Got control packet k_EStreamControlStartAudioData
[2022-08-12 12:43:40] CLIENT: Got control packet k_EStreamControlSetSpectatorMode
[2022-08-12 12:43:40] CLIENT: Got control packet k_EStreamControlSetCaptureSize
[2022-08-12 12:43:40] CLIENT: Got control packet k_EStreamControlSetTitle
[2022-08-12 12:43:40] CLIENT: Got control packet k_EStreamControlSetIcon
[2022-08-12 12:43:40] CLIENT: Got control packet k_EStreamControlSetCursor
[2022-08-12 12:43:40] CLIENT: Got control packet k_EStreamControlSetKeymap
[2022-08-12 12:43:40] CLIENT: Got control packet k_EStreamControlSetActivity
[2022-08-12 12:43:41] >>> Switching video stream from NONE to GameOverlay_MovieStream_5376
[2022-08-12 12:43:43] CLIENT: Got control packet k_EStreamControlControllerConfigMsg
[2022-08-12 12:43:43] CLIENT: Got control packet k_EStreamControlControllerConfigMsg
[2022-08-12 12:43:43] CLIENT: Got control packet k_EStreamControlControllerConfigMsg
[2022-08-12 12:43:43] CLIENT: Got control packet k_EStreamControlControllerConfigMsg
[2022-08-12 12:43:43] CLIENT: Got control packet k_EStreamControlTouchActionSetActive
[2022-08-12 12:43:43] CLIENT: Got control packet k_EStreamControlTouchActionSetActive
[2022-08-12 12:43:43] CLIENT: Got control packet k_EStreamControlTouchConfigActive
[2022-08-12 12:43:43] CLIENT: Got control packet k_EStreamControlTouchConfigActive
[2022-08-12 12:43:43] CLIENT: Got control packet k_EStreamControlTouchActionSetActive
[2022-08-12 12:43:43] CLIENT: Got control packet k_EStreamControlTouchConfigActive
[2022-08-12 12:43:43] CLIENT: Got control packet k_EStreamControlTouchConfigActive
[2022-08-12 12:43:43] CLIENT: Got control packet k_EStreamControlTouchActionSetActive
[2022-08-12 12:43:43] CLIENT: Got control packet k_EStreamControlTouchActionSetActive
[2022-08-12 12:43:43] CLIENT: Got control packet k_EStreamControlTouchActionSetActive
[2022-08-12 12:43:43] CLIENT: Got control packet k_EStreamControlTouchConfigActive
[2022-08-12 12:43:43] CLIENT: Got control packet k_EStreamControlSetTouchConfigData
[2022-08-12 12:43:43] CLIENT: Ignoring duplicate controller configuration for 413090, revision 22
[2022-08-12 12:43:43] CLIENT: Got control packet k_EStreamControlSetTouchConfigData
[2022-08-12 12:43:43] CLIENT: Video rect: 2325x1046 at 0,17
[2022-08-12 12:43:43] CLIENT: Texture rect: 2400x1080 at 0,0
[2022-08-12 12:43:43] CLIENT: Got control packet k_EStreamControlSetTouchConfigData
[2022-08-12 12:43:43] CLIENT: Ignoring duplicate controller configuration for 730, revision 387
[2022-08-12 12:43:43] CLIENT: Got control packet k_EStreamControlSetTouchConfigData
[2022-08-12 12:43:43] CLIENT: Ignoring duplicate controller configuration for 730, revision 387
[2022-08-12 12:43:43] CLIENT: Got control packet k_EStreamControlSetTouchConfigData
[2022-08-12 12:43:44] CLIENT: Video rect: 2325x1046 at 0,17
[2022-08-12 12:43:44] CLIENT: Texture rect: 2400x1080 at 0,0
[2022-08-12 12:43:44] CLIENT: Got control packet k_EStreamControlTouchActionSetActive
[2022-08-12 12:43:44] SynchronizeClientState(): setting cursor hidden
[2022-08-12 12:43:44] SynchronizeClientState(): setting cursor to 0
[2022-08-12 12:43:44] CLIENT: Got control packet k_EStreamControlHideCursor
[2022-08-12 12:43:44] CLIENT: Got control packet k_EStreamControlSetCursor
[2022-08-12 12:43:44] >>> Capture method set to Game threaded D3D9 NV12 + NVENC H264
[2022-08-12 12:43:44] >>> Capture resolution set to 1280x800
[2022-08-12 12:43:44] >>> Capture colorspace set to BT.601 limited range
[2022-08-12 12:43:44] CLIENT: Got control packet k_EStreamControlControllerConfigMsg
[2022-08-12 12:43:44] CLIENT: Got control packet k_EStreamControlControllerConfigMsg
[2022-08-12 12:43:44] >>> Client video decoder set to Android texture hardware decoding
[2022-08-12 12:43:44] CLIENT: Android texture hardware decoding
[2022-08-12 12:43:44] CLIENT: Got control packet k_EStreamControlStartVideoData
[2022-08-12 12:43:44] CLIENT: Got control packet k_EStreamControlVideoEncoderInfo
[2022-08-12 12:43:44] CLIENT: Got control packet k_EStreamControlTouchActionSetActive
[2022-08-12 12:43:44] CLIENT: Got control packet k_EStreamControlTouchConfigActive
[2022-08-12 12:43:44] CLIENT: Got control packet k_EStreamControlTouchActionSetActive
[2022-08-12 12:43:44] CLIENT: Got control packet k_EStreamControlTouchConfigActive
[2022-08-12 12:43:44] CLIENT: Got control packet k_EStreamControlTouchConfigActive
[2022-08-12 12:43:44] CLIENT: Got control packet k_EStreamControlTouchActionSetActive
[2022-08-12 12:43:44] CLIENT: Got control packet k_EStreamControlTouchConfigActive
[2022-08-12 12:43:45] CLIENT: Video rect: 2325x1046 at 0,17
[2022-08-12 12:43:45] CLIENT: Texture rect: 1280x800 at 0,0
[2022-08-12 12:43:45] CLIENT: Video size: 1280x800, output size: 2325x1080, overlay size: 2325x1080
[2022-08-12 12:43:45] CLIENT: Video rect: 1728x1080 at 298,0
[2022-08-12 12:43:45] CLIENT: Texture rect: 1280x800 at 0,0
[2022-08-12 12:43:45] CLIENT: Video rect: 1728x1080 at 298,0
[2022-08-12 12:43:45] CLIENT: Texture rect: 1280x800 at 0,0
[2022-08-12 12:43:45] CLIENT: SteamNetworkingSockets connection: Connected SDR->ord->ord  Ping: 33ms IN: 157.2kbit 192.3 pkt/s qual 98.8OUT: 63.8kbit 97.0 pkt/s qual 100.0
[2022-08-12 12:43:46] Bitrate adapter: state = 1, minRTT = 28, maxRTT = 40, gain = 2.00, bitrate = 5000
[2022-08-12 12:43:46] Bitrate adapter: state = 1, minRTT = 28, maxRTT = 42, gain = 2.00, bitrate = 10000
[2022-08-12 12:43:47] Bitrate adapter: state = 1, minRTT = 28, maxRTT = 40, gain = 2.00, bitrate = 20000
[2022-08-12 12:43:47] Bitrate adapter: state = 1, minRTT = 28, maxRTT = 43, gain = 2.00, bitrate = 40000
[2022-08-12 12:43:48] Bitrate adapter: state = 2, minRTT = 28, maxRTT = 44, gain = 2.00, bitrate = 80000
[2022-08-12 12:43:50] CLIENT: SteamNetworkingSockets connection: Connected SDR->ord->ord  Ping: 36ms IN: 814.0kbit 345.1 pkt/s qual 100.0OUT: 93.5kbit 149.7 pkt/s qual 100.0
[2022-08-12 12:43:51] SynchronizeClientState(): setting cursor visible
[2022-08-12 12:43:51] SynchronizeClientState(): setting cursor to 65541
[2022-08-12 12:43:51] CLIENT: Got control packet k_EStreamControlSetCursor
[2022-08-12 12:43:52] Bitrate adapter: state = 2, minRTT = 28, maxRTT = 43, gain = 1.25, bitrate = 100000
[2022-08-12 12:43:52] CLIENT: [SteamNetworkingSockets] [#2363848111 P2P SDR steamid:76561199378814893 vport 0] Sequence number from ord#215 (162.254.193.100:27015) is duplicate / old, and end-to-end sequence number is duplicate / old or fails to decrypt.  Dropping.
[2022-08-12 12:43:55] CLIENT: [SteamNetworkingSockets] ICE: ICE completed
[2022-08-12 12:43:55] CLIENT: SteamNetworkingSockets connection: Connected SDR->ord->ord  Ping: 32ms IN: 40572.9kbit 4464.0 pkt/s qual 100.0OUT: 138.8kbit 210.1 pkt/s qual 100.0
[2022-08-12 12:44:00] CLIENT: SteamNetworkingSockets connection: Connected SDR->ord->ord  Ping: 33ms IN: 26043.9kbit 2957.1 pkt/s qual 100.0OUT: 119.1kbit 190.6 pkt/s qual 100.0
[2022-08-12 12:44:05] CLIENT: SteamNetworkingSockets connection: Connected SDR->ord->ord  Ping: 33ms IN: 16126.1kbit 1929.2 pkt/s qual 100.0OUT: 113.7kbit 187.4 pkt/s qual 100.0
[2022-08-12 12:44:10] CLIENT: SteamNetworkingSockets connection: Connected SDR->ord->ord  Ping: 34ms IN: 11719.0kbit 1467.5 pkt/s qual 100.0OUT: 102.8kbit 170.9 pkt/s qual 100.0
[2022-08-12 12:44:15] CLIENT: SteamNetworkingSockets connection: Connected SDR->ord->ord  Ping: 39ms IN: 10689.5kbit 1362.6 pkt/s qual 100.0OUT: 108.0kbit 177.3 pkt/s qual 100.0
[2022-08-12 12:44:20] CLIENT: SteamNetworkingSockets connection: Connected SDR->ord->ord  Ping: 35ms IN: 11278.0kbit 1427.2 pkt/s qual 100.0OUT: 120.3kbit 188.7 pkt/s qual 100.0
[2022-08-12 12:44:25] CLIENT: SteamNetworkingSockets connection: Connected SDR->ord->ord  Ping: 36ms IN: 12566.0kbit 1554.5 pkt/s qual 100.0OUT: 102.7kbit 166.8 pkt/s qual 100.0
[2022-08-12 12:44:30] CLIENT: SteamNetworkingSockets connection: Connected SDR->ord->ord  Ping: 35ms IN: 11374.7kbit 1436.7 pkt/s qual 100.0OUT: 122.9kbit 198.1 pkt/s qual 100.0
[2022-08-12 12:44:32] Bitrate adapter: state = 2, minRTT = 30, maxRTT = 111, gain = 0.75, bitrate = 75000
[2022-08-12 12:44:32] CLIENT: Video rect: 1728x1080 at 298,0
[2022-08-12 12:44:32] CLIENT: Texture rect: 1280x800 at 0,0
[2022-08-12 12:44:33] CLIENT: Video rect: 1728x1080 at 298,0
[2022-08-12 12:44:33] CLIENT: Texture rect: 1280x800 at 0,0
[2022-08-12 12:44:33] CLIENT: Got control packet k_EStreamControlTouchActionSetActive
[2022-08-12 12:44:33] CLIENT: Video rect: 1728x1080 at 298,0
[2022-08-12 12:44:33] CLIENT: Texture rect: 1280x800 at 0,0
[2022-08-12 12:44:33] CLIENT: Got control packet k_EStreamControlTouchActionSetActive
[2022-08-12 12:44:33] SynchronizeClientState(): setting cursor hidden
[2022-08-12 12:44:33] SynchronizeClientState(): setting cursor to 0
[2022-08-12 12:44:33] CLIENT: Got control packet k_EStreamControlHideCursor
[2022-08-12 12:44:33] CLIENT: Got control packet k_EStreamControlSetCursor
[2022-08-12 12:44:34] Slow framerate: game 14.56, capture 0.34, convert 0.02, encode 6.78, network 19.05, decode 1.38, display 37.25 (display)
[2022-08-12 12:44:34] Setting target framerate: 60.00 [timing: game 14.56, capture 0.34, convert 0.02, encode 6.78, network 19.05, decode 1.38, display 37.25 (display)]
[2022-08-12 12:44:34] CLIENT: Targeting 60.00 FPS
[2022-08-12 12:44:34] CLIENT: Got control packet k_EStreamControlSetTargetFramerate
[2022-08-12 12:44:34] Slow framerate: game 23.09, capture 0.05, convert 0.00, encode 6.95, network 19.63, decode 1.86, display 84.91 (display)
[2022-08-12 12:44:35] CLIENT: SteamNetworkingSockets connection: Connected SDR->ord->ord  Ping: 35ms IN: 13149.2kbit 1605.9 pkt/s qual 100.0OUT: 94.4kbit 149.9 pkt/s qual 100.0
[2022-08-12 12:44:36] Slow framerate: game 49.15, capture 0.00, convert 0.00, encode 7.26, network 17.09, decode 1.91, display 91.93 (game) (display)
[2022-08-12 12:44:36] Setting target framerate: 60.00 [timing: game 49.15, capture 0.00, convert 0.00, encode 7.26, network 17.09, decode 1.91, display 91.93 (game) (display)]
[2022-08-12 12:44:36] CLIENT: Targeting 60.00 FPS
[2022-08-12 12:44:36] CLIENT: Got control packet k_EStreamControlSetTargetFramerate
[2022-08-12 12:44:36] CLIENT: Video rect: 1728x1080 at 298,0
[2022-08-12 12:44:36] CLIENT: Texture rect: 1280x800 at 0,0
[2022-08-12 12:44:36] Bitrate adapter: state = 2, minRTT = 29, maxRTT = 44, gain = 1.25, bitrate = 93750
[2022-08-12 12:44:37] CLIENT: Video rect: 1728x1080 at 298,0
[2022-08-12 12:44:37] CLIENT: Texture rect: 1280x800 at 0,0
[2022-08-12 12:44:37] Slow framerate: game 2.00, capture 0.00, convert 0.01, encode 7.93, network 18.09, decode 1.53, display 97.70 (display)
[2022-08-12 12:44:37] Setting target framerate: 60.00 [timing: game 2.00, capture 0.00, convert 0.01, encode 7.93, network 18.09, decode 1.53, display 97.70 (display)]
[2022-08-12 12:44:37] CLIENT: Targeting 60.00 FPS
[2022-08-12 12:44:37] CLIENT: Got control packet k_EStreamControlSetTargetFramerate
[2022-08-12 12:44:37] CLIENT: Video rect: 1728x1080 at 298,0
[2022-08-12 12:44:37] CLIENT: Texture rect: 1280x800 at 0,0
[2022-08-12 12:44:38] CLIENT: Video rect: 1728x1080 at 298,0
[2022-08-12 12:44:38] CLIENT: Texture rect: 1280x800 at 0,0
[2022-08-12 12:44:38] CLIENT: Video rect: 1728x1080 at 298,0
[2022-08-12 12:44:38] CLIENT: Texture rect: 1280x800 at 0,0
[2022-08-12 12:44:38] Slow framerate: game 2.00, capture 0.00, convert 0.00, encode 7.83, network 18.97, decode 1.62, display 102.32 (display)
[2022-08-12 12:44:39] Slow framerate: game 2.00, capture 0.00, convert 0.00, encode 7.74, network 18.77, decode 1.72, display 106.12 (display)
[2022-08-12 12:44:39] CLIENT: Video rect: 1728x1080 at 298,0
[2022-08-12 12:44:39] CLIENT: Texture rect: 1280x800 at 0,0
[2022-08-12 12:44:40] Slow framerate: game 6.38, capture 0.13, convert 0.00, encode 9.50, network 18.28, decode 1.62, display 85.33 (display)
[2022-08-12 12:44:40] Bitrate adapter: state = 2, minRTT = 29, maxRTT = 42, gain = 1.25, bitrate = 100000
[2022-08-12 12:44:40] CLIENT: Video rect: 1728x1080 at 298,0
[2022-08-12 12:44:40] CLIENT: Texture rect: 1280x800 at 0,0
[2022-08-12 12:44:40] Audio mix: start=10192831790, returned=2876160
[2022-08-12 12:44:40] CLIENT: SteamNetworkingSockets connection: Connected SDR->ord->ord  Ping: 34ms IN: 1035.8kbit 331.7 pkt/s qual 100.0OUT: 88.8kbit 140.9 pkt/s qual 100.0
[2022-08-12 12:44:41] CLIENT: Video rect: 1728x1080 at 298,0
[2022-08-12 12:44:41] CLIENT: Texture rect: 1280x800 at 0,0
[2022-08-12 12:44:41] Slow framerate: game 9.14, capture 0.00, convert 0.01, encode 8.47, network 18.66, decode 1.74, display 104.71 (display)
[2022-08-12 12:44:41] CLIENT: Video rect: 1728x1080 at 298,0
[2022-08-12 12:44:41] CLIENT: Texture rect: 1280x800 at 0,0
[2022-08-12 12:44:41] CLIENT: Video rect: 1728x1080 at 298,0
[2022-08-12 12:44:41] CLIENT: Texture rect: 1280x800 at 0,0
[2022-08-12 12:44:42] Slow framerate: game 11.90, capture 0.00, convert 0.00, encode 7.86, network 20.30, decode 1.58, display 104.73 (display)
[2022-08-12 12:44:42] CLIENT: Video rect: 1728x1080 at 298,0
[2022-08-12 12:44:42] CLIENT: Texture rect: 1280x800 at 0,0
[2022-08-12 12:44:42] CLIENT: Video rect: 1728x1080 at 298,0
[2022-08-12 12:44:42] CLIENT: Texture rect: 1280x800 at 0,0
[2022-08-12 12:44:43] CLIENT: Video rect: 1728x1080 at 298,0
[2022-08-12 12:44:43] CLIENT: Texture rect: 1280x800 at 0,0
[2022-08-12 12:44:43] Slow framerate: game 10.00, capture 0.00, convert 0.00, encode 7.80, network 18.37, decode 1.67, display 103.94 (display)
[2022-08-12 12:44:43] Slow display, automatically reducing capture resolution by 1 steps
[2022-08-12 12:44:44] Slow framerate: game 10.00, capture 0.04, convert 0.00, encode 8.05, network 21.00, decode 1.43, display 108.54 (display)
[2022-08-12 12:44:45] CLIENT: Video rect: 1728x1080 at 298,0
[2022-08-12 12:44:45] CLIENT: Texture rect: 1280x800 at 0,0
[2022-08-12 12:44:45] CLIENT: Got control packet k_EStreamControlControllerConfigMsg
[2022-08-12 12:44:45] CLIENT: Got control packet k_EStreamControlTouchActionSetActive
[2022-08-12 12:44:45] CLIENT: Got control packet k_EStreamControlTouchConfigActive
[2022-08-12 12:44:45] Slow framerate: game 10.00, capture 0.00, convert 0.01, encode 9.40, network 19.98, decode 1.86, display 107.95 (display)
[2022-08-12 12:44:46] CLIENT: SteamNetworkingSockets connection: Connected SDR->ord->ord  Ping: 33ms IN: 991.1kbit 330.2 pkt/s qual 99.9OUT: 88.6kbit 141.7 pkt/s qual 100.0
[2022-08-12 12:44:46] Slow framerate: game 10.00, capture 0.00, convert 0.00, encode 10.73, network 18.98, decode 2.23, display 109.88 (display)
[2022-08-12 12:44:47] Slow framerate: game 10.00, capture 0.00, convert 0.01, encode 9.13, network 17.99, decode 1.85, display 109.01 (display)
[2022-08-12 12:44:49] Slow framerate: game 10.00, capture 0.00, convert 0.00, encode 9.65, network 19.51, decode 1.89, display 109.37 (display)
[2022-08-12 12:44:50] Setting target framerate: 60.00 [timing: game 16.07, capture 1.39, convert 0.00, encode 13.18, network 20.49, decode 1.71, display 25.77]
[2022-08-12 12:44:50] CLIENT: Targeting 60.00 FPS
[2022-08-12 12:44:50] CLIENT: Got control packet k_EStreamControlSetTargetFramerate
[2022-08-12 12:44:51] CLIENT: SteamNetworkingSockets connection: Connected SDR->ord->ord  Ping: 35ms IN: 3609.7kbit 602.3 pkt/s qual 100.0OUT: 86.4kbit 140.1 pkt/s qual 100.0
[2022-08-12 12:44:55] Slow framerate: game 11.75, capture 0.24, convert 0.01, encode 7.17, network 22.22, decode 1.73, display 63.54 (display)
[2022-08-12 12:44:55] Setting target framerate: 60.00 [timing: game 11.75, capture 0.24, convert 0.01, encode 7.17, network 22.22, decode 1.73, display 63.54 (display)]
[2022-08-12 12:44:55] CLIENT: Targeting 60.00 FPS
[2022-08-12 12:44:55] CLIENT: Got control packet k_EStreamControlSetTargetFramerate
[2022-08-12 12:44:56] Slow framerate: game 25.74, capture 0.36, convert 0.00, encode 7.55, network 19.04, decode 1.83, display 44.07 (display)
[2022-08-12 12:44:56] CLIENT: SteamNetworkingSockets connection: Connected SDR->ord->ord  Ping: 33ms IN: 15031.3kbit 1807.8 pkt/s qual 100.0OUT: 87.1kbit 140.1 pkt/s qual 100.0
[2022-08-12 12:44:57] Slow framerate: game 52.18, capture 0.40, convert 0.00, encode 9.40, network 20.66, decode 2.38, display 58.96 (game) (display)
[2022-08-12 12:44:57] Setting target framerate: 60.00 [timing: game 52.18, capture 0.40, convert 0.00, encode 9.40, network 20.66, decode 2.38, display 58.96 (game) (display)]
[2022-08-12 12:44:57] CLIENT: Targeting 60.00 FPS
[2022-08-12 12:44:57] CLIENT: Got control packet k_EStreamControlSetTargetFramerate
[2022-08-12 12:44:58] Slow framerate: game 52.60, capture 0.39, convert 0.00, encode 10.58, network 20.04, decode 2.20, display 59.70 (game) (display)
[2022-08-12 12:44:59] Slow framerate: game 59.02, capture 0.39, convert 0.01, encode 10.72, network 21.10, decode 2.41, display 59.68 (game) (display)
[2022-08-12 12:45:00] Slow framerate: game 59.38, capture 0.39, convert 0.01, encode 10.63, network 19.10, decode 2.01, display 60.02 (game) (display)
[2022-08-12 12:45:01] Slow framerate: game 59.46, capture 0.39, convert 0.00, encode 10.43, network 20.85, decode 2.48, display 59.53 (game) (display)
[2022-08-12 12:45:01] CLIENT: SteamNetworkingSockets connection: Connected SDR->ord->ord  Ping: 34ms IN: 3660.3kbit 608.4 pkt/s qual 100.0OUT: 87.0kbit 140.0 pkt/s qual 100.0
[2022-08-12 12:45:02] Slow framerate: game 61.34, capture 0.39, convert 0.00, encode 10.76, network 20.55, decode 1.79, display 62.28 (game) (display)
[2022-08-12 12:45:02] CLIENT: Video rect: 1728x1080 at 298,0
[2022-08-12 12:45:02] CLIENT: Texture rect: 1280x800 at 0,0
[2022-08-12 12:45:02] CLIENT: Got control packet k_EStreamControlTouchActionSetActive
[2022-08-12 12:45:02] CLIENT: Video rect: 1728x1080 at 298,0
[2022-08-12 12:45:02] CLIENT: Texture rect: 1280x800 at 0,0
[2022-08-12 12:45:02] CLIENT: Got control packet k_EStreamControlTouchActionSetActive
[2022-08-12 12:45:03] SynchronizeClientState(): setting cursor visible
[2022-08-12 12:45:03] SynchronizeClientState(): setting cursor to 65541
[2022-08-12 12:45:03] CLIENT: Got control packet k_EStreamControlSetCursor
[2022-08-12 12:45:03] Slow framerate: game 75.39, capture 0.14, convert 0.02, encode 10.83, network 21.15, decode 2.11, display 91.22 (game) (display)
[2022-08-12 12:45:04] Slow framerate: game 34.43, capture 0.42, convert 0.03, encode 6.10, network 20.32, decode 1.34, display 12.52 (game)
[2022-08-12 12:45:04] Setting target framerate: 60.00 [timing: game 34.43, capture 0.42, convert 0.03, encode 6.10, network 20.32, decode 1.34, display 12.52 (game)]
[2022-08-12 12:45:04] CLIENT: Targeting 60.00 FPS
[2022-08-12 12:45:04] CLIENT: Got control packet k_EStreamControlSetTargetFramerate
[2022-08-12 12:45:05] Setting target framerate: 60.00 [timing: game 17.06, capture 0.41, convert 0.03, encode 4.32, network 23.01, decode 1.30, display 11.43]
[2022-08-12 12:45:05] CLIENT: Targeting 60.00 FPS
[2022-08-12 12:45:05] CLIENT: Got control packet k_EStreamControlSetTargetFramerate
[2022-08-12 12:45:05] CLIENT: [SteamNetworkingSockets] [#2363848111 P2P SDR steamid:76561199378814893 vport 0] Sequence number from ord#215 (162.254.193.100:27015) is duplicate / old, and end-to-end sequence number is duplicate / old or fails to decrypt.  Dropping.
[2022-08-12 12:45:05] CLIENT: Got video sequence 3541, expected 3540, sending lost data notification
[2022-08-12 12:45:05] CLIENT: Marking frame 3541 complete with status k_EStreamFrameResultDroppedReset
[2022-08-12 12:45:05] CLIENT: Marking frame 3542 complete with status k_EStreamFrameResultDroppedReset
[2022-08-12 12:45:05] CLIENT: Marking frame 3544 complete with status k_EStreamFrameResultDroppedReset
[2022-08-12 12:45:05] CLIENT: Marking frame 3545 complete with status k_EStreamFrameResultDroppedReset
[2022-08-12 12:45:05] CLIENT: Marking frame 3546 complete with status k_EStreamFrameResultDroppedReset
[2022-08-12 12:45:05] CLIENT: Marking frame 3547 complete with status k_EStreamFrameResultDroppedReset
[2022-08-12 12:45:05] CLIENT: Marking frame 3548 complete with status k_EStreamFrameResultDroppedReset
[2022-08-12 12:45:05] CLIENT: Marking frame 3549 complete with status k_EStreamFrameResultDroppedReset
[2022-08-12 12:45:05] CLIENT: Marking frame 3550 complete with status k_EStreamFrameResultDroppedReset
[2022-08-12 12:45:05] CLIENT: Marking frame 3551 complete with status k_EStreamFrameResultDroppedReset
[2022-08-12 12:45:05] CLIENT: Marking frame 3552 complete with status k_EStreamFrameResultDroppedReset
[2022-08-12 12:45:05] CLIENT: Marking frame 3553 complete with status k_EStreamFrameResultDroppedReset
[2022-08-12 12:45:05] CLIENT: Marking frame 3554 complete with status k_EStreamFrameResultDroppedReset
[2022-08-12 12:45:05] CLIENT: Marking frame 3555 complete with status k_EStreamFrameResultDroppedReset
[2022-08-12 12:45:05] CLIENT: Marking frame 3556 complete with status k_EStreamFrameResultDroppedReset
[2022-08-12 12:45:05] CLIENT: Marking frame 3557 complete with status k_EStreamFrameResultDroppedReset
[2022-08-12 12:45:05] CLIENT: Marking frame 3558 complete with status k_EStreamFrameResultDroppedReset
[2022-08-12 12:45:06] Slow framerate: game 7.12, capture 0.41, convert 0.02, encode 5.44, network 34.89, decode 1.47, display 5.88 (network)
[2022-08-12 12:45:06] Setting target framerate: 60.00 [timing: game 7.12, capture 0.41, convert 0.02, encode 5.44, network 34.89, decode 1.47, display 5.88 (network)]
[2022-08-12 12:45:06] CLIENT: Targeting 60.00 FPS
[2022-08-12 12:45:06] CLIENT: Got control packet k_EStreamControlSetTargetFramerate
[2022-08-12 12:45:06] CLIENT: SteamNetworkingSockets connection: Connected SDR->ord->ord  Ping: 34ms IN: 11872.5kbit 1475.0 pkt/s qual 100.0OUT: 88.4kbit 141.8 pkt/s qual 100.0
[2022-08-12 12:45:07] Setting target framerate: 60.00 [timing: game 5.94, capture 0.43, convert 0.03, encode 4.99, network 21.68, decode 1.47, display 3.70]
[2022-08-12 12:45:07] CLIENT: Targeting 60.00 FPS
[2022-08-12 12:45:07] CLIENT: Got control packet k_EStreamControlSetTargetFramerate
[2022-08-12 12:45:09] SynchronizeClientState(): setting cursor hidden
[2022-08-12 12:45:09] SynchronizeClientState(): setting cursor to 0
[2022-08-12 12:45:09] CLIENT: Video rect: 1728x1080 at 298,0
[2022-08-12 12:45:09] CLIENT: Texture rect: 1280x800 at 0,0
[2022-08-12 12:45:09] CLIENT: Got control packet k_EStreamControlTouchActionSetActive
[2022-08-12 12:45:09] CLIENT: Got control packet k_EStreamControlHideCursor
[2022-08-12 12:45:09] CLIENT: Got control packet k_EStreamControlSetCursor
[2022-08-12 12:45:09] Bitrate adapter: state = 2, minRTT = 29, maxRTT = 84, gain = 0.75, bitrate = 75000
[2022-08-12 12:45:10] Slow framerate: game 9.89, capture 0.41, convert 0.01, encode 10.17, network 42.35, decode 2.03, display 6.06 (network)
[2022-08-12 12:45:10] Setting target framerate: 60.00 [timing: game 9.89, capture 0.41, convert 0.01, encode 10.17, network 42.35, decode 2.03, display 6.06 (network)]
[2022-08-12 12:45:10] CLIENT: Targeting 60.00 FPS
[2022-08-12 12:45:10] CLIENT: Got control packet k_EStreamControlSetTargetFramerate
[2022-08-12 12:45:11] Setting target framerate: 60.00 [timing: game 9.63, capture 0.41, convert 0.00, encode 9.98, network 30.51, decode 2.19, display 7.41]
[2022-08-12 12:45:11] CLIENT: Targeting 60.00 FPS
[2022-08-12 12:45:11] CLIENT: Got control packet k_EStreamControlSetTargetFramerate
[2022-08-12 12:45:11] CLIENT: SteamNetworkingSockets connection: Connected SDR->ord->ord  Ping: 33ms IN: 30643.6kbit 3427.5 pkt/s qual 100.0OUT: 118.0kbit 172.7 pkt/s qual 100.0
[2022-08-12 12:45:13] Bitrate adapter: state = 2, minRTT = 29, maxRTT = 60, gain = 1.25, bitrate = 93750
[2022-08-12 12:45:14] Bitrate adapter: state = 2, minRTT = 29, maxRTT = 88, gain = 0.75, bitrate = 70312
[2022-08-12 12:45:14] Slow framerate: game 5.89, capture 0.41, convert 0.01, encode 10.59, network 36.31, decode 2.26, display 11.64 (network)
[2022-08-12 12:45:14] Setting target framerate: 60.00 [timing: game 5.89, capture 0.41, convert 0.01, encode 10.59, network 36.31, decode 2.26, display 11.64 (network)]
[2022-08-12 12:45:14] CLIENT: Targeting 60.00 FPS
[2022-08-12 12:45:14] CLIENT: Got control packet k_EStreamControlSetTargetFramerate
[2022-08-12 12:45:14] Bitrate adapter: state = 2, minRTT = 29, maxRTT = 82, gain = 0.75, bitrate = 52734
[2022-08-12 12:45:15] Setting target framerate: 60.00 [timing: game 6.07, capture 0.42, convert 0.00, encode 9.26, network 33.66, decode 1.69, display 5.79]
[2022-08-12 12:45:15] CLIENT: Targeting 60.00 FPS
[2022-08-12 12:45:15] CLIENT: Got control packet k_EStreamControlSetTargetFramerate
[2022-08-12 12:45:15] SynchronizeClientState(): setting cursor visible
[2022-08-12 12:45:15] SynchronizeClientState(): setting cursor to 65541
[2022-08-12 12:45:16] CLIENT: Got control packet k_EStreamControlSetCursor
[2022-08-12 12:45:16] SynchronizeClientState(): setting cursor hidden
[2022-08-12 12:45:16] SynchronizeClientState(): setting cursor to 0
[2022-08-12 12:45:16] CLIENT: Got control packet k_EStreamControlHideCursor
[2022-08-12 12:45:16] CLIENT: Got control packet k_EStreamControlSetCursor
[2022-08-12 12:45:16] CLIENT: [SteamNetworkingSockets] [#2363848111 P2P SDR steamid:76561199378814893 vport 0] Received request to migrate to 162.254.193.101:27036 from ord#215 (162.254.193.100:27015).
[2022-08-12 12:45:16] CLIENT: [SteamNetworkingSockets] [#2363848111 P2P SDR steamid:76561199378814893 vport 0] Started migration to ord#282 (162.254.193.101:27036) at request of current primary ord#215 (162.254.193.100:27015)
[2022-08-12 12:45:16] CLIENT: [SteamNetworkingSockets] [#2363848111 P2P SDR steamid:76561199378814893 vport 0] Requesting session from ord#282 (162.254.193.101:27036).  Ping = 33 = 25+0+8 (front+interior+remote).
[2022-08-12 12:45:16] CLIENT: [SteamNetworkingSockets] [#2363848111 P2P SDR steamid:76561199378814893 vport 0] Received P2PSessionEstablished from ord#282 (162.254.193.101:27036), token @d6ae
[2022-08-12 12:45:16] CLIENT: [SteamNetworkingSockets] [#2363848111 P2P SDR steamid:76561199378814893 vport 0] Switched primary to ord#282 (162.254.193.101:27036) (Ping = 33 = 25+0+8 (front+interior+remote).  Migration target.) from ord#215 (162.254.193.100:27015) (Ping = 33 = 25+0+8 (front+interior+remote).  Requested migration.)
[2022-08-12 12:45:16] CLIENT: [SteamNetworkingSockets] [#2363848111 P2P SDR steamid:76561199378814893 vport 0] Selecting iad#65 (162.254.192.70:27033) as backup #1 (Ping = 59 = 48+0+11 (front+interior+remote).)
[2022-08-12 12:45:16] CLIENT: [SteamNetworkingSockets] [#2363848111 P2P SDR steamid:76561199378814893 vport 0] SDR routing message updated, revision 5.  (POP 'ord' session changed)
[2022-08-12 12:45:16] CLIENT: SteamNetworkingSockets connection: Connected SDR->ord->ord  Ping: 44ms IN: 71520.5kbit 7675.4 pkt/s qual 100.0OUT: 110.1kbit 163.4 pkt/s qual 100.0
[2022-08-12 12:45:18] Bitrate adapter: state = 2, minRTT = 30, maxRTT = 63, gain = 1.25, bitrate = 65917
[2022-08-12 12:45:19] Bitrate adapter: state = 2, minRTT = 30, maxRTT = 97, gain = 0.75, bitrate = 49437
[2022-08-12 12:45:19] Slow framerate: game 5.10, capture 0.43, convert 0.00, encode 8.88, network 40.08, decode 1.90, display 9.29 (network)
[2022-08-12 12:45:19] Setting target framerate: 60.00 [timing: game 5.10, capture 0.43, convert 0.00, encode 8.88, network 40.08, decode 1.90, display 9.29 (network)]
[2022-08-12 12:45:19] CLIENT: Targeting 60.00 FPS
[2022-08-12 12:45:19] CLIENT: Got control packet k_EStreamControlSetTargetFramerate
[2022-08-12 12:45:20] Bitrate adapter: state = 2, minRTT = 30, maxRTT = 99, gain = 0.75, bitrate = 37077
[2022-08-12 12:45:20] Slow framerate: game 5.23, capture 0.39, convert 0.01, encode 8.63, network 42.17, decode 1.73, display 9.80 (network)
[2022-08-12 12:45:21] Bitrate adapter: state = 2, minRTT = 29, maxRTT = 80, gain = 0.75, bitrate = 27807
[2022-08-12 12:45:21] Setting target framerate: 60.00 [timing: game 5.18, capture 0.42, convert 0.01, encode 7.87, network 34.19, decode 1.54, display 7.04]
[2022-08-12 12:45:21] CLIENT: Targeting 60.00 FPS
[2022-08-12 12:45:21] CLIENT: Got control packet k_EStreamControlSetTargetFramerate
[2022-08-12 12:45:21] CLIENT: SteamNetworkingSockets connection: Connected SDR->ord->ord  Ping: 37ms IN: 49059.8kbit 5348.1 pkt/s qual 100.0OUT: 129.1kbit 180.7 pkt/s qual 100.0
[2022-08-12 12:45:21] Bitrate adapter: state = 2, minRTT = 30, maxRTT = 91, gain = 0.75, bitrate = 20855
[2022-08-12 12:45:22] CLIENT: [SteamNetworkingSockets] [#2363848111 P2P SDR steamid:76561199378814893 vport 0] Received request to migrate to 162.254.193.100:27048 from ord#282 (162.254.193.101:27036).
[2022-08-12 12:45:22] CLIENT: [SteamNetworkingSockets] [#2363848111 P2P SDR steamid:76561199378814893 vport 0] Started migration to ord#248 (162.254.193.100:27048) at request of current primary ord#282 (162.254.193.101:27036)
[2022-08-12 12:45:22] CLIENT: [SteamNetworkingSockets] [#2363848111 P2P SDR steamid:76561199378814893 vport 0] Switched primary to ord#215 (162.254.193.100:27015) (Ping = 42 = 34+0+8 (front+interior+remote).) from ord#282 (162.254.193.101:27036) (Ping = 42 = 34+0+8 (front+interior+remote).  Requested migration.)
[2022-08-12 12:45:22] CLIENT: [SteamNetworkingSockets] [#2363848111 P2P SDR steamid:76561199378814893 vport 0] Selecting iad#65 (162.254.192.70:27033) as backup #1 (Ping = 59 = 48+0+11 (front+interior+remote).)
[2022-08-12 12:45:22] CLIENT: [SteamNetworkingSockets] [#2363848111 P2P SDR steamid:76561199378814893 vport 0] SDR routing message updated, revision 6.  (POP 'ord' session changed)
[2022-08-12 12:45:23] Bitrate adapter: state = 2, minRTT = 30, maxRTT = 95, gain = 0.75, bitrate = 15641
[2022-08-12 12:45:26] CLIENT: SteamNetworkingSockets connection: Connected SDR->ord->ord  Ping: 33ms IN: 23007.9kbit 2642.5 pkt/s qual 99.9OUT: 111.8kbit 160.0 pkt/s qual 100.0
[2022-08-12 12:45:28] Bitrate adapter: state = 2, minRTT = 30, maxRTT = 59, gain = 1.25, bitrate = 19551
[2022-08-12 12:45:29] Bitrate adapter: state = 2, minRTT = 30, maxRTT = 93, gain = 0.75, bitrate = 14663
[2022-08-12 12:45:31] CLIENT: SteamNetworkingSockets connection: Connected SDR->ord->ord  Ping: 34ms IN: 15921.9kbit 1902.8 pkt/s qual 100.0OUT: 97.1kbit 147.4 pkt/s qual 100.0
[2022-08-12 12:45:33] Bitrate adapter: state = 2, minRTT = 30, maxRTT = 44, gain = 1.25, bitrate = 18328
[2022-08-12 12:45:36] CLIENT: SteamNetworkingSockets connection: Connected SDR->ord->ord  Ping: 36ms IN: 15085.1kbit 1823.4 pkt/s qual 100.0OUT: 96.7kbit 151.0 pkt/s qual 100.0
[2022-08-12 12:45:37] Bitrate adapter: state = 2, minRTT = 30, maxRTT = 47, gain = 1.25, bitrate = 22910
[2022-08-12 12:45:40] Bitrate adapter: state = 2, minRTT = 30, maxRTT = 112, gain = 0.75, bitrate = 17182
[2022-08-12 12:45:40] Audio mix: start=10192831790, returned=5756160
[2022-08-12 12:45:41] CLIENT: SteamNetworkingSockets connection: Connected SDR->ord->ord  Ping: 36ms IN: 19698.4kbit 2295.1 pkt/s qual 100.0OUT: 102.4kbit 154.5 pkt/s qual 100.0
[2022-08-12 12:45:44] Bitrate adapter: state = 2, minRTT = 29, maxRTT = 46, gain = 1.25, bitrate = 21477
[2022-08-12 12:45:47] CLIENT: SteamNetworkingSockets connection: Connected SDR->ord->ord  Ping: 36ms IN: 17441.7kbit 2054.9 pkt/s qual 100.0OUT: 94.7kbit 148.6 pkt/s qual 100.0
[2022-08-12 12:45:48] Bitrate adapter: state = 2, minRTT = 29, maxRTT = 50, gain = 1.25, bitrate = 26846
[2022-08-12 12:45:52] CLIENT: SteamNetworkingSockets connection: Connected SDR->ord->ord  Ping: 34ms IN: 22774.1kbit 2610.6 pkt/s qual 100.0OUT: 102.4kbit 155.2 pkt/s qual 100.0
[2022-08-12 12:45:52] Bitrate adapter: state = 2, minRTT = 30, maxRTT = 80, gain = 1.25, bitrate = 33557
[2022-08-12 12:45:54] Bitrate adapter: state = 2, minRTT = 30, maxRTT = 82, gain = 0.75, bitrate = 25167
[2022-08-12 12:45:54] Slow framerate: game 4.38, capture 0.41, convert 0.01, encode 8.40, network 34.90, decode 1.44, display 6.99 (network)
[2022-08-12 12:45:54] Setting target framerate: 60.00 [timing: game 4.38, capture 0.41, convert 0.01, encode 8.40, network 34.90, decode 1.44, display 6.99 (network)]
[2022-08-12 12:45:54] CLIENT: Targeting 60.00 FPS
[2022-08-12 12:45:54] CLIENT: Got control packet k_EStreamControlSetTargetFramerate
[2022-08-12 12:45:55] Bitrate adapter: state = 2, minRTT = 31, maxRTT = 89, gain = 0.75, bitrate = 18875
[2022-08-12 12:45:55] Slow framerate: game 4.51, capture 0.41, convert 0.00, encode 8.10, network 36.26, decode 1.34, display 6.10 (network)
[2022-08-12 12:45:56] Setting target framerate: 60.00 [timing: game 5.04, capture 0.40, convert 0.01, encode 7.90, network 27.29, decode 1.38, display 3.79]
[2022-08-12 12:45:56] CLIENT: Targeting 60.00 FPS
[2022-08-12 12:45:56] CLIENT: Got control packet k_EStreamControlSetTargetFramerate
[2022-08-12 12:45:57] CLIENT: SteamNetworkingSockets connection: Connected SDR->ord->ord  Ping: 32ms IN: 26983.2kbit 3058.4 pkt/s qual 100.0OUT: 125.9kbit 174.1 pkt/s qual 100.0
[2022-08-12 12:45:59] Bitrate adapter: state = 2, minRTT = 30, maxRTT = 50, gain = 1.25, bitrate = 23593
[2022-08-12 12:46:01] CLIENT: SteamNetworkingSockets connection: Connected SDR->ord->ord  Ping: 35ms IN: 19088.4kbit 2236.1 pkt/s qual 100.0OUT: 115.4kbit 166.7 pkt/s qual 100.0
[2022-08-12 12:46:03] Bitrate adapter: state = 2, minRTT = 30, maxRTT = 63, gain = 1.25, bitrate = 29491
[2022-08-12 12:46:03] CLIENT: Video rect: 1728x1080 at 298,0
[2022-08-12 12:46:03] CLIENT: Texture rect: 1280x800 at 0,0
[2022-08-12 12:46:04] CLIENT: Video rect: 1728x1080 at 298,0
[2022-08-12 12:46:04] CLIENT: Texture rect: 1280x800 at 0,0
[2022-08-12 12:46:04] CLIENT: Video rect: 1728x1080 at 298,0
[2022-08-12 12:46:04] CLIENT: Texture rect: 1280x800 at 0,0
[2022-08-12 12:46:05] CLIENT: Video rect: 1728x1080 at 298,0
[2022-08-12 12:46:05] CLIENT: Texture rect: 1280x800 at 0,0
[2022-08-12 12:46:05] CLIENT: Got control packet k_EStreamControlControllerConfigMsg
[2022-08-12 12:46:05] CLIENT: Got control packet k_EStreamControlTouchActionSetActive
[2022-08-12 12:46:05] CLIENT: Got control packet k_EStreamControlTouchConfigActive
[2022-08-12 12:46:06] CLIENT: Video rect: 1728x1080 at 298,0
[2022-08-12 12:46:06] CLIENT: Texture rect: 1280x800 at 0,0
[2022-08-12 12:46:07] CLIENT: SteamNetworkingSockets connection: Connected SDR->ord->ord  Ping: 35ms IN: 24971.4kbit 2841.2 pkt/s qual 100.0OUT: 103.2kbit 156.7 pkt/s qual 100.0
[2022-08-12 12:46:07] Bitrate adapter: state = 2, minRTT = 30, maxRTT = 60, gain = 1.25, bitrate = 36863
[2022-08-12 12:46:07] CLIENT: [SteamNetworkingSockets] [#2363848111 P2P SDR steamid:76561199378814893 vport 0] SDR routing message updated, revision 7.  (POP 'ord' last sent ping 34 is outside ping range 25-32 (4 buckets))
[2022-08-12 12:46:08] CLIENT: Video rect: 1728x1080 at 298,0
[2022-08-12 12:46:08] CLIENT: Texture rect: 1280x800 at 0,0
[2022-08-12 12:46:08] Bitrate adapter: state = 2, minRTT = 30, maxRTT = 83, gain = 0.75, bitrate = 27647
[2022-08-12 12:46:09] CLIENT: Video rect: 1728x1080 at 298,0
[2022-08-12 12:46:09] CLIENT: Texture rect: 1280x800 at 0,0
[2022-08-12 12:46:09] CLIENT: Got control packet k_EStreamControlControllerConfigMsg
[2022-08-12 12:46:10] CLIENT: Got control packet k_EStreamControlTouchActionSetActive
[2022-08-12 12:46:10] CLIENT: Got control packet k_EStreamControlTouchConfigActive
[2022-08-12 12:46:12] CLIENT: SteamNetworkingSockets connection: Connected SDR->ord->ord  Ping: 35ms IN: 23924.6kbit 2724.4 pkt/s qual 100.0OUT: 110.8kbit 158.3 pkt/s qual 100.0
[2022-08-12 12:46:12] Bitrate adapter: state = 2, minRTT = 30, maxRTT = 68, gain = 1.25, bitrate = 34558
[2022-08-12 12:46:13] Bitrate adapter: state = 2, minRTT = 30, maxRTT = 83, gain = 0.75, bitrate = 25918
[2022-08-12 12:46:13] Slow framerate: game 5.76, capture 0.44, convert 0.01, encode 8.07, network 36.83, decode 1.42, display 8.23 (network)
[2022-08-12 12:46:13] Setting target framerate: 60.00 [timing: game 5.76, capture 0.44, convert 0.01, encode 8.07, network 36.83, decode 1.42, display 8.23 (network)]
[2022-08-12 12:46:13] CLIENT: Targeting 60.00 FPS
[2022-08-12 12:46:13] CLIENT: Got control packet k_EStreamControlSetTargetFramerate
[2022-08-12 12:46:14] Setting target framerate: 60.00 [timing: game 5.41, capture 0.44, convert 0.00, encode 7.94, network 30.12, decode 1.33, display 5.30]
[2022-08-12 12:46:14] CLIENT: Targeting 60.00 FPS
[2022-08-12 12:46:14] CLIENT: Got control packet k_EStreamControlSetTargetFramerate
[2022-08-12 12:46:14] Bitrate adapter: state = 2, minRTT = 30, maxRTT = 94, gain = 0.75, bitrate = 19438
[2022-08-12 12:46:16] Bitrate adapter: state = 2, minRTT = 30, maxRTT = 97, gain = 0.75, bitrate = 14578
[2022-08-12 12:46:17] CLIENT: SteamNetworkingSockets connection: Connected SDR->ord->ord  Ping: 40ms IN: 25241.3kbit 2868.9 pkt/s qual 100.0OUT: 102.3kbit 151.9 pkt/s qual 100.0
[2022-08-12 12:46:18] CLIENT: Video rect: 1728x1080 at 298,0
[2022-08-12 12:46:18] CLIENT: Texture rect: 1280x800 at 0,0
[2022-08-12 12:46:19] CLIENT: Video rect: 1728x1080 at 298,0
[2022-08-12 12:46:19] CLIENT: Texture rect: 1280x800 at 0,0
[2022-08-12 12:46:19] CLIENT: Video rect: 1728x1080 at 298,0
[2022-08-12 12:46:19] CLIENT: Texture rect: 1280x800 at 0,0
[2022-08-12 12:46:20] CLIENT: Video rect: 1728x1080 at 298,0
[2022-08-12 12:46:20] CLIENT: Texture rect: 1280x800 at 0,0
[2022-08-12 12:46:20] Bitrate adapter: state = 2, minRTT = 30, maxRTT = 53, gain = 1.25, bitrate = 18222
[2022-08-12 12:46:20] CLIENT: Got control packet k_EStreamControlControllerConfigMsg
[2022-08-12 12:46:20] CLIENT: Got control packet k_EStreamControlTouchActionSetActive
[2022-08-12 12:46:20] CLIENT: Got control packet k_EStreamControlTouchConfigActive
[2022-08-12 12:46:21] Bitrate adapter: state = 2, minRTT = 30, maxRTT = 94, gain = 0.75, bitrate = 13666
[2022-08-12 12:46:22] CLIENT: SteamNetworkingSockets connection: Connected SDR->ord->ord  Ping: 33ms IN: 14934.1kbit 1802.8 pkt/s qual 100.0OUT: 98.2kbit 152.0 pkt/s qual 100.0
[2022-08-12 12:46:25] Bitrate adapter: state = 2, minRTT = 30, maxRTT = 56, gain = 1.25, bitrate = 17082
[2022-08-12 12:46:27] CLIENT: SteamNetworkingSockets connection: Connected SDR->ord->ord  Ping: 34ms IN: 13699.0kbit 1669.9 pkt/s qual 100.0OUT: 107.3kbit 166.8 pkt/s qual 100.0
[2022-08-12 12:46:29] Bitrate adapter: state = 2, minRTT = 30, maxRTT = 56, gain = 1.25, bitrate = 21352
[2022-08-12 12:46:32] CLIENT: SteamNetworkingSockets connection: Connected SDR->ord->ord  Ping: 34ms IN: 16807.4kbit 1991.8 pkt/s qual 100.0OUT: 94.6kbit 143.4 pkt/s qual 100.0
[2022-08-12 12:46:33] Bitrate adapter: state = 2, minRTT = 30, maxRTT = 100, gain = 0.75, bitrate = 16014
[2022-08-12 12:46:37] CLIENT: SteamNetworkingSockets connection: Connected SDR->ord->ord  Ping: 34ms IN: 18379.8kbit 2163.3 pkt/s qual 100.0OUT: 107.5kbit 162.3 pkt/s qual 100.0
[2022-08-12 12:46:37] Bitrate adapter: state = 2, minRTT = 30, maxRTT = 94, gain = 0.75, bitrate = 12010
[2022-08-12 12:46:37] CLIENT: Video rect: 1728x1080 at 298,0
[2022-08-12 12:46:37] CLIENT: Texture rect: 1280x800 at 0,0
[2022-08-12 12:46:38] CLIENT: Video rect: 1728x1080 at 298,0
[2022-08-12 12:46:38] CLIENT: Texture rect: 1280x800 at 0,0
[2022-08-12 12:46:39] CLIENT: Video rect: 1728x1080 at 298,0
[2022-08-12 12:46:39] CLIENT: Texture rect: 1280x800 at 0,0
[2022-08-12 12:46:39] CLIENT: Got control packet k_EStreamControlControllerConfigMsg
[2022-08-12 12:46:39] CLIENT: Got control packet k_EStreamControlTouchActionSetActive
[2022-08-12 12:46:40] CLIENT: Got control packet k_EStreamControlTouchConfigActive
[2022-08-12 12:46:40] Audio mix: start=10192831790, returned=8636160
[2022-08-12 12:46:41] Bitrate adapter: state = 2, minRTT = 30, maxRTT = 44, gain = 1.25, bitrate = 15012
[2022-08-12 12:46:42] CLIENT: SteamNetworkingSockets connection: Connected SDR->ord->ord  Ping: 37ms IN: 13007.4kbit 1602.2 pkt/s qual 100.0OUT: 105.0kbit 159.6 pkt/s qual 100.0
[2022-08-12 12:46:43] CLIENT: Video rect: 1728x1080 at 298,0
[2022-08-12 12:46:43] CLIENT: Texture rect: 1280x800 at 0,0
[2022-08-12 12:46:44] CLIENT: Video rect: 1728x1080 at 298,0
[2022-08-12 12:46:44] CLIENT: Texture rect: 1280x800 at 0,0
[2022-08-12 12:46:45] Bitrate adapter: state = 2, minRTT = 29, maxRTT = 47, gain = 1.25, bitrate = 18765
[2022-08-12 12:46:45] CLIENT: Video rect: 1728x1080 at 298,0
[2022-08-12 12:46:45] CLIENT: Texture rect: 1280x800 at 0,0
[2022-08-12 12:46:47] CLIENT: SteamNetworkingSockets connection: Connected SDR->ord->ord  Ping: 37ms IN: 13016.0kbit 1601.8 pkt/s qual 100.0OUT: 101.0kbit 156.9 pkt/s qual 100.0
[2022-08-12 12:46:47] CLIENT: Video rect: 1728x1080 at 298,0
[2022-08-12 12:46:47] CLIENT: Texture rect: 1280x800 at 0,0
[2022-08-12 12:46:47] CLIENT: Got control packet k_EStreamControlControllerConfigMsg
[2022-08-12 12:46:48] CLIENT: Got control packet k_EStreamControlTouchActionSetActive
[2022-08-12 12:46:48] CLIENT: Got control packet k_EStreamControlTouchConfigActive
[2022-08-12 12:46:49] Bitrate adapter: state = 2, minRTT = 29, maxRTT = 47, gain = 1.25, bitrate = 23456
[2022-08-12 12:46:52] CLIENT: SteamNetworkingSockets connection: Connected SDR->ord->ord  Ping: 36ms IN: 18071.5kbit 2124.2 pkt/s qual 100.0OUT: 107.9kbit 162.6 pkt/s qual 100.0
[2022-08-12 12:46:53] Bitrate adapter: state = 2, minRTT = 29, maxRTT = 78, gain = 1.25, bitrate = 29320
[2022-08-12 12:46:54] Bitrate adapter: state = 2, minRTT = 29, maxRTT = 81, gain = 0.75, bitrate = 21990
[2022-08-12 12:46:54] Slow framerate: game 6.45, capture 0.40, convert 0.01, encode 7.27, network 35.59, decode 1.41, display 8.61 (network)
[2022-08-12 12:46:54] Setting target framerate: 60.00 [timing: game 6.45, capture 0.40, convert 0.01, encode 7.27, network 35.59, decode 1.41, display 8.61 (network)]
[2022-08-12 12:46:54] CLIENT: Targeting 60.00 FPS
[2022-08-12 12:46:54] CLIENT: Got control packet k_EStreamControlSetTargetFramerate
[2022-08-12 12:46:55] Setting target framerate: 60.00 [timing: game 6.71, capture 0.40, convert 0.00, encode 7.31, network 28.61, decode 1.39, display 3.89]
[2022-08-12 12:46:55] CLIENT: Targeting 60.00 FPS
[2022-08-12 12:46:55] CLIENT: Got control packet k_EStreamControlSetTargetFramerate
[2022-08-12 12:46:57] CLIENT: SteamNetworkingSockets connection: Connected SDR->ord->ord  Ping: 36ms IN: 22696.2kbit 2601.9 pkt/s qual 100.0OUT: 112.8kbit 162.0 pkt/s qual 100.0
[2022-08-12 12:46:58] Bitrate adapter: state = 2, minRTT = 29, maxRTT = 102, gain = 0.75, bitrate = 16492
[2022-08-12 12:46:59] Bitrate adapter: state = 2, minRTT = 29, maxRTT = 432, gain = 0.75, bitrate = 12369
[2022-08-12 12:47:00] Slow framerate: game 5.77, capture 0.42, convert 0.01, encode 7.13, network 28.08, decode 1.33, display 40.90 (display)
[2022-08-12 12:47:00] Setting target framerate: 60.00 [timing: game 5.77, capture 0.42, convert 0.01, encode 7.13, network 28.08, decode 1.33, display 40.90 (display)]
[2022-08-12 12:47:00] CLIENT: [SteamNetworkingSockets] [#2363848111 P2P SDR steamid:76561199378814893 vport 0] Sequence number from ord#215 (162.254.193.100:27015) is duplicate / old, and end-to-end sequence number is duplicate / old or fails to decrypt.  Dropping.
[2022-08-12 12:47:00] CLIENT: [SteamNetworkingSockets] [#2363848111 P2P SDR steamid:76561199378814893 vport 0] Sequence number from ord#215 (162.254.193.100:27015) is duplicate / old, and end-to-end sequence number is duplicate / old or fails to decrypt.  Dropping.
[2022-08-12 12:47:00] CLIENT: [SteamNetworkingSockets] [#2363848111 P2P SDR steamid:76561199378814893 vport 0] Sequence number from ord#215 (162.254.193.100:27015) is duplicate / old, and end-to-end sequence number is duplicate / old or fails to decrypt.  Dropping.
[2022-08-12 12:47:00] CLIENT: [SteamNetworkingSockets] [#2363848111 P2P SDR steamid:76561199378814893 vport 0] Sequence number from ord#215 (162.254.193.100:27015) is duplicate / old, and end-to-end sequence number is duplicate / old or fails to decrypt.  Dropping.
[2022-08-12 12:47:00] CLIENT: Got video sequence 10287, expected 10285, sending lost data notification
[2022-08-12 12:47:00] CLIENT: Didn't get keyframe, resending lost data notification
[2022-08-12 12:47:00] CLIENT: Didn't get keyframe, resending lost data notification
[2022-08-12 12:47:00] CLIENT: Didn't get keyframe, resending lost data notification
[2022-08-12 12:47:00] CLIENT: Didn't get keyframe, resending lost data notification
[2022-08-12 12:47:00] CLIENT: Video rect: 1728x1080 at 298,0
[2022-08-12 12:47:00] CLIENT: Texture rect: 1280x800 at 0,0
[2022-08-12 12:47:00] CLIENT: Video rect: 1728x1080 at 298,0
[2022-08-12 12:47:00] CLIENT: Texture rect: 1280x800 at 0,0
[2022-08-12 12:47:00] CLIENT: Didn't get keyframe, resending lost data notification
[2022-08-12 12:47:00] CLIENT: Didn't get keyframe, resending lost data notification
[2022-08-12 12:47:00] CLIENT: Didn't get keyframe, resending lost data notification
[2022-08-12 12:47:00] CLIENT: Marking frame 10287 complete with status k_EStreamFrameResultDroppedReset
[2022-08-12 12:47:00] CLIENT: Marking frame 10288 complete with status k_EStreamFrameResultDroppedReset
[2022-08-12 12:47:00] CLIENT: Marking frame 10289 complete with status k_EStreamFrameResultDroppedReset
[2022-08-12 12:47:00] CLIENT: Marking frame 10290 complete with status k_EStreamFrameResultDroppedReset
[2022-08-12 12:47:00] CLIENT: Marking frame 10291 complete with status k_EStreamFrameResultDroppedReset
[2022-08-12 12:47:00] CLIENT: Marking frame 10292 complete with status k_EStreamFrameResultDroppedReset
[2022-08-12 12:47:00] CLIENT: Marking frame 10293 complete with status k_EStreamFrameResultDroppedReset
[2022-08-12 12:47:00] CLIENT: Marking frame 10294 complete with status k_EStreamFrameResultDroppedReset
[2022-08-12 12:47:00] CLIENT: Marking frame 10295 complete with status k_EStreamFrameResultDroppedReset
[2022-08-12 12:47:00] CLIENT: Marking frame 10296 complete with status k_EStreamFrameResultDroppedReset
[2022-08-12 12:47:00] CLIENT: Marking frame 10298 complete with status k_EStreamFrameResultDroppedReset
[2022-08-12 12:47:00] CLIENT: Marking frame 10299 complete with status k_EStreamFrameResultDroppedReset
[2022-08-12 12:47:00] CLIENT: Marking frame 10300 complete with status k_EStreamFrameResultDroppedReset
[2022-08-12 12:47:00] CLIENT: Marking frame 10302 complete with status k_EStreamFrameResultDroppedReset
[2022-08-12 12:47:00] CLIENT: Marking frame 10304 complete with status k_EStreamFrameResultDroppedReset
[2022-08-12 12:47:00] CLIENT: Marking frame 10305 complete with status k_EStreamFrameResultDroppedReset
[2022-08-12 12:47:00] CLIENT: Marking frame 10307 complete with status k_EStreamFrameResultDroppedReset
[2022-08-12 12:47:00] CLIENT: Marking frame 10312 complete with status k_EStreamFrameResultDroppedReset
[2022-08-12 12:47:00] CLIENT: Marking frame 10314 complete with status k_EStreamFrameResultDroppedReset
[2022-08-12 12:47:00] CLIENT: Marking frame 10315 complete with status k_EStreamFrameResultDroppedReset
[2022-08-12 12:47:00] CLIENT: Marking frame 10321 complete with status k_EStreamFrameResultDroppedReset
[2022-08-12 12:47:00] CLIENT: Marking frame 10322 complete with status k_EStreamFrameResultDroppedReset
[2022-08-12 12:47:00] CLIENT: Marking frame 10325 complete with status k_EStreamFrameResultDroppedReset
[2022-08-12 12:47:00] CLIENT: Video rect: 1728x1080 at 298,0
[2022-08-12 12:47:00] CLIENT: Texture rect: 1280x800 at 0,0
[2022-08-12 12:47:00] CLIENT: Got video sequence 10337, expected 10328, sending lost data notification
[2022-08-12 12:47:01] Slow framerate: game 5.02, capture 0.41, convert 0.01, encode 7.60, network 693.50, decode 1.43, display 206.06 (network) (display)
[2022-08-12 12:47:01] Setting target framerate: 60.00 [timing: game 5.02, capture 0.41, convert 0.01, encode 7.60, network 693.50, decode 1.43, display 206.06 (network) (display)]
[2022-08-12 12:47:01] CLIENT: Targeting 60.00 FPS
[2022-08-12 12:47:01] CLIENT: Got control packet k_EStreamControlSetTargetFramerate
[2022-08-12 12:47:01] CLIENT: [SteamNetworkingSockets] [#2363848111 P2P SDR steamid:76561199378814893 vport 0] ICE: 3 consecutive end-to-end timeouts
[2022-08-12 12:47:02] CLIENT: [SteamNetworkingSockets] [#2363848111 P2P ICE steamid:76561199378814893 vport 0] ICE: 4 consecutive end-to-end timeouts
[2022-08-12 12:47:02] CLIENT: SteamNetworkingSockets connection: Connected UDP@18.223.213.124:54060 Ping: 1055ms IN: 15004.6kbit 1748.9 pkt/s qual 99.5OUT: 335.5kbit 246.3 pkt/s qual 100.0
[2022-08-12 12:47:02] CLIENT: Targeting 60.00 FPS
[2022-08-12 12:47:02] CLIENT: Got control packet k_EStreamControlSetTargetFramerate
[2022-08-12 12:47:02] CLIENT: [SteamNetworkingSockets] [#2363848111 P2P ICE steamid:76561199378814893 vport 0] ICE: 5 consecutive end-to-end timeouts
[2022-08-12 12:47:02] "SessionStats"
{
	"ClientDeviceID"		"Samsung SM-G998U1"
	"ClientDeviceVersionID"		"Android 12"
	"GameNameID"		"Counter-Strike: Global Offensive"
	"appid"		"730"
	"TimeSubmitted"		"1660322822"
	"ResolutionX"		"1280"
	"ResolutionY"		"800"
	"CaptureDescriptionID"		"Game threaded D3D9 NV12 + NVENC H264"
	"DecoderDescriptionID"		"Android texture hardware decoding"
	"BandwidthLimit"		"100000"
	"FramerateLimit"		"60"
	"Transport"		"4"
	"SlowGamePercent"		"4.54612207412719727"
	"SlowCapturePercent"		"0"
	"SlowConvertPercent"		"0"
	"SlowEncodePercent"		"0"
	"SlowNetworkPercent"		"4.88497352600097656"
	"SlowDecodePercent"		"0"
	"SlowDisplayPercent"		"14.1993227005004883"
	"AvgClientBitrate"		"90.0934066772460938"
	"StdDevClientBitrate"		"43.4215087890625"
	"AvgServerBitrate"		"18344.23828125"
	"StdDevServerBitrate"		"0"
	"AvgLinkBandwidth"		"100000.0078125"
	"AvgPingMS"		"42.2288665771484375"
	"StdDevPingMS"		"41.4038810729980469"
	"AvgCaptureMS"		"0.412808388471603394"
	"StdDevCaptureMS"		"0.196988150477409363"
	"AvgConvertMS"		"0.0169707071036100388"
	"StdDevConvertMS"		"0.417924672365188599"
	"AvgEncodeMS"		"7.54222869873046875"
	"StdDevEncodeMS"		"1.34826910495758057"
	"AvgNetworkMS"		"26.7689170837402344"
	"StdDevNetworkMS"		"37.3575286865234375"
	"AvgDecodeMS"		"1.43031227588653564"
	"StdDevDecodeMS"		"0.46208345890045166"
	"AvgDisplayMS"		"5867.6875"
	"StdDevDisplayMS"		"416257.71875"
	"AvgFrameMS"		"61.5804939270019531"
	"StdDevFrameMS"		"34.2874526977539062"
	"AvgFPS"		"60.0582542419433594"
	"StdDevFPS"		"21.7551174163818359"
	"BigPicture"		"1"
	"KeyboardMouseInput"		"1"
	"SteamControllerInput"		"0"
	"TouchControllerInput"		"1"
	"GameControllerInput"		"0"
	"XBox360ControllerInput"		"0"
	"XBoxOneControllerInput"		"0"
	"PS3ControllerInput"		"0"
	"PS4ControllerInput"		"0"
	"PS5ControllerInput"		"0"
	"OtherControllerInput"		"0"
	"WasSpectating"		"0"
	"RemotePlayTogether"		"0"
}
[2022-08-12 13:09:34] Streaming initialized and listening on port 0
[2022-08-12 13:09:41] CLIENT: Sending HID device 0000/11fb/-1  Mobile Touch Control at touch://0
