[2022-08-14 13:56:31] Streaming started to Samsung SM-G998U1 Android 12 at 0.0.0.0:0, audio channels = 2, MTU = 1472
[2022-08-14 13:56:31] Streaming quality: k_EStreamQualityBalanced
[2022-08-14 13:56:31] Streaming bitrate: Unlimited
[2022-08-14 13:56:31] Device form factor: phone
[2022-08-14 13:56:31] Maximum capture: 3840x2160 60.00 FPS
[2022-08-14 13:56:31] Video Streaming: enabled
[2022-08-14 13:56:31] Audio Streaming: enabled
[2022-08-14 13:56:31] Input Streaming: enabled
[2022-08-14 13:56:31] =====================================================================
[2022-08-14 13:56:31] Game: Counter-Strike: Global Offensive (730)
[2022-08-14 13:56:31] Setting target bitrate to 100000 Kbit/s, burst bitrate is 500000 Kbit/s
[2022-08-14 13:56:31] Streamed game has created a window
[2022-08-14 13:56:31] SynchronizeClientState(): setting capture size 1280x800
[2022-08-14 13:56:31] SynchronizeClientState(): setting title to Counter-Strike: Global Offensive - Direct3D 9
[2022-08-14 13:56:31] SynchronizeClientState(): setting icon 32x32
[2022-08-14 13:56:31] SynchronizeClientState(): setting cursor to 65541
[2022-08-14 13:56:31] SynchronizeClientState(): setting keymap
[2022-08-14 13:56:31] SynchronizeClientState(): setting activity to k_EStreamActivityGame: Counter-Strike: Global Offensive
[2022-08-14 13:56:31] Recording system audio
[2022-08-14 13:56:31] Audio recording init failed, couldn't get the default audio endpoint: 0x80070490
[2022-08-14 13:56:31] Failed to init system audio recording: 1
[2022-08-14 13:56:31] Audio mix: start=187363805677, returned=0
[2022-08-14 13:56:31] CLIENT: Sending HID device 0000/11fb/-1  Mobile Touch Control at touch://0
[2022-08-14 13:56:31] >>> Switching video stream from NONE to GameOverlay_MovieStream_7864
[2022-08-14 13:56:31] CLIENT: Got control packet k_EStreamControlSetQoS
[2022-08-14 13:56:31] CLIENT: Got control packet k_EStreamControlSetTargetBitrate
[2022-08-14 13:56:31] CLIENT: Starting audio stream: frequency=48000, channels=2
[2022-08-14 13:56:31] CLIENT: Opened audio device: format=2, channels=2, frequency=48000
[2022-08-14 13:56:31] CLIENT: Initialized audio decoder: codec=3, sample rate=48000, channels=2
[2022-08-14 13:56:31] CLIENT: Got control packet k_EStreamControlStartAudioData
[2022-08-14 13:56:31] CLIENT: Got control packet k_EStreamControlSetSpectatorMode
[2022-08-14 13:56:31] CLIENT: Got control packet k_EStreamControlSetCaptureSize
[2022-08-14 13:56:31] CLIENT: Got control packet k_EStreamControlSetTitle
[2022-08-14 13:56:31] CLIENT: Got control packet k_EStreamControlSetIcon
[2022-08-14 13:56:31] CLIENT: Got control packet k_EStreamControlSetCursor
[2022-08-14 13:56:31] CLIENT: Got control packet k_EStreamControlSetKeymap
[2022-08-14 13:56:31] CLIENT: Got control packet k_EStreamControlSetActivity
[2022-08-14 13:56:31] >>> Capture method set to Game threaded D3D9 NV12 + NVENC H264
[2022-08-14 13:56:31] >>> Capture resolution set to 1280x800
[2022-08-14 13:56:31] >>> Capture colorspace set to BT.601 limited range
[2022-08-14 13:56:31] >>> Client video decoder set to Android texture hardware decoding
[2022-08-14 13:56:31] CLIENT: Android texture hardware decoding
[2022-08-14 13:56:31] CLIENT: Got control packet k_EStreamControlStartVideoData
[2022-08-14 13:56:31] CLIENT: Got control packet k_EStreamControlVideoEncoderInfo
[2022-08-14 13:56:32] CLIENT: BSubmitFrame(): No input buffer available
[2022-08-14 13:56:32] Slow framerate: game 4.36, capture 0.97, convert 1.49, encode 3.22, network 34.54, decode 1.09, display 0.00 (network)
[2022-08-14 13:56:32] Setting target framerate: 60.00 [timing: game 4.36, capture 0.97, convert 1.49, encode 3.22, network 34.54, decode 1.09, display 0.00 (network)]
[2022-08-14 13:56:32] CLIENT: Marking frame 24 complete with status k_EStreamFrameResultDroppedReset
[2022-08-14 13:56:32] CLIENT: BSubmitFrame(): No input buffer available
[2022-08-14 13:56:32] CLIENT: Marking frame 25 complete with status k_EStreamFrameResultDroppedReset
[2022-08-14 13:56:32] CLIENT: Video overflow (216.20ms queued), requesting keyframe synchronization
[2022-08-14 13:56:32] CLIENT: Android texture hardware decoding
[2022-08-14 13:56:32] CLIENT: [SteamNetworkingSockets] Ping measurement completed
[2022-08-14 13:56:32] CLIENT: [SteamNetworkingSockets] Ping location: ord=44+4/45+4,atl=51+5/52+5,iad=63+6/63+4,mdf1=67+6/64+4,dfw=73+7/65+4,sea=95+9/89+4,lax=96+9/91+4,ams=148+14/134+4,lhr=134+13,fra=159+15/143+4,gru=186+18/182+5,sgp=258+25/259+25
[2022-08-14 13:56:32] CLIENT: [SteamNetworkingSockets] SDR RelayNetworkStatus:  avail=OK  config=OK  anyrelay=OK   (OK)
[2022-08-14 13:56:32] CLIENT: Marking frame 26 complete with status k_EStreamFrameResultDroppedReset
[2022-08-14 13:56:32] CLIENT: Marking frame 27 complete with status k_EStreamFrameResultDroppedReset
[2022-08-14 13:56:32] CLIENT: Marking frame 28 complete with status k_EStreamFrameResultDroppedReset
[2022-08-14 13:56:32] CLIENT: Marking frame 29 complete with status k_EStreamFrameResultDroppedReset
[2022-08-14 13:56:32] CLIENT: Marking frame 30 complete with status k_EStreamFrameResultDroppedReset
[2022-08-14 13:56:32] CLIENT: Marking frame 31 complete with status k_EStreamFrameResultDroppedReset
[2022-08-14 13:56:32] CLIENT: Marking frame 32 complete with status k_EStreamFrameResultDroppedReset
[2022-08-14 13:56:32] CLIENT: Marking frame 33 complete with status k_EStreamFrameResultDroppedReset
[2022-08-14 13:56:32] CLIENT: Marking frame 34 complete with status k_EStreamFrameResultDroppedReset
[2022-08-14 13:56:32] CLIENT: Marking frame 35 complete with status k_EStreamFrameResultDroppedReset
[2022-08-14 13:56:32] CLIENT: Marking frame 36 complete with status k_EStreamFrameResultDroppedReset
[2022-08-14 13:56:32] CLIENT: Marking frame 37 complete with status k_EStreamFrameResultDroppedReset
[2022-08-14 13:56:32] CLIENT: Marking frame 38 complete with status k_EStreamFrameResultDroppedReset
[2022-08-14 13:56:32] CLIENT: Marking frame 39 complete with status k_EStreamFrameResultDroppedReset
[2022-08-14 13:56:32] CLIENT: Marking frame 40 complete with status k_EStreamFrameResultDroppedReset
[2022-08-14 13:56:32] CLIENT: Marking frame 41 complete with status k_EStreamFrameResultDroppedReset
[2022-08-14 13:56:32] CLIENT: Marking frame 42 complete with status k_EStreamFrameResultDroppedReset
[2022-08-14 13:56:32] CLIENT: Marking frame 43 complete with status k_EStreamFrameResultDroppedReset
[2022-08-14 13:56:32] CLIENT: Marking frame 44 complete with status k_EStreamFrameResultDroppedReset
[2022-08-14 13:56:32] CLIENT: Marking frame 45 complete with status k_EStreamFrameResultDroppedReset
[2022-08-14 13:56:32] CLIENT: Marking frame 46 complete with status k_EStreamFrameResultDroppedReset
[2022-08-14 13:56:32] CLIENT: Marking frame 47 complete with status k_EStreamFrameResultDroppedReset
[2022-08-14 13:56:32] CLIENT: Marking frame 48 complete with status k_EStreamFrameResultDroppedReset
[2022-08-14 13:56:32] CLIENT: Marking frame 49 complete with status k_EStreamFrameResultDroppedReset
[2022-08-14 13:56:32] CLIENT: Marking frame 50 complete with status k_EStreamFrameResultDroppedReset
[2022-08-14 13:56:32] CLIENT: Marking frame 51 complete with status k_EStreamFrameResultDroppedReset
[2022-08-14 13:56:32] CLIENT: Marking frame 52 complete with status k_EStreamFrameResultDroppedReset
[2022-08-14 13:56:32] CLIENT: Marking frame 53 complete with status k_EStreamFrameResultDroppedReset
[2022-08-14 13:56:32] CLIENT: Marking frame 54 complete with status k_EStreamFrameResultDroppedReset
[2022-08-14 13:56:32] CLIENT: Marking frame 55 complete with status k_EStreamFrameResultDroppedReset
[2022-08-14 13:56:32] CLIENT: Marking frame 56 complete with status k_EStreamFrameResultDroppedReset
[2022-08-14 13:56:32] CLIENT: Marking frame 57 complete with status k_EStreamFrameResultDroppedReset
[2022-08-14 13:56:32] CLIENT: Marking frame 58 complete with status k_EStreamFrameResultDroppedReset
[2022-08-14 13:56:32] CLIENT: Marking frame 59 complete with status k_EStreamFrameResultDroppedReset
[2022-08-14 13:56:32] CLIENT: Targeting 60.00 FPS
[2022-08-14 13:56:32] CLIENT: Got control packet k_EStreamControlSetTargetFramerate
[2022-08-14 13:56:33] Bitrate adapter: state = 1, minRTT = 44, maxRTT = 134, gain = 2.00, bitrate = 5000
[2022-08-14 13:56:33] CLIENT: BSubmitFrame(): No input buffer available
[2022-08-14 13:56:33] CLIENT: Marking frame 84 complete with status k_EStreamFrameResultDroppedReset
[2022-08-14 13:56:33] CLIENT: BSubmitFrame(): No input buffer available
[2022-08-14 13:56:33] CLIENT: Marking frame 85 complete with status k_EStreamFrameResultDroppedReset
[2022-08-14 13:56:33] CLIENT: Video overflow (216.58ms queued), requesting keyframe synchronization
[2022-08-14 13:56:33] CLIENT: Android texture hardware decoding
[2022-08-14 13:56:33] Setting target framerate: 60.00 [timing: game 4.44, capture 0.38, convert 0.02, encode 3.22, network 28.78, decode 20.29, display 0.00]
[2022-08-14 13:56:33] CLIENT: Marking frame 86 complete with status k_EStreamFrameResultDroppedReset
[2022-08-14 13:56:33] CLIENT: Marking frame 87 complete with status k_EStreamFrameResultDroppedReset
[2022-08-14 13:56:33] CLIENT: Marking frame 88 complete with status k_EStreamFrameResultDroppedReset
[2022-08-14 13:56:33] CLIENT: Marking frame 89 complete with status k_EStreamFrameResultDroppedReset
[2022-08-14 13:56:33] CLIENT: Marking frame 90 complete with status k_EStreamFrameResultDroppedReset
[2022-08-14 13:56:33] CLIENT: Marking frame 91 complete with status k_EStreamFrameResultDroppedReset
[2022-08-14 13:56:33] CLIENT: Marking frame 92 complete with status k_EStreamFrameResultDroppedReset
[2022-08-14 13:56:33] CLIENT: Marking frame 93 complete with status k_EStreamFrameResultDroppedReset
[2022-08-14 13:56:33] CLIENT: Marking frame 94 complete with status k_EStreamFrameResultDroppedReset
[2022-08-14 13:56:33] CLIENT: Marking frame 95 complete with status k_EStreamFrameResultDroppedReset
[2022-08-14 13:56:33] CLIENT: Marking frame 96 complete with status k_EStreamFrameResultDroppedReset
[2022-08-14 13:56:33] CLIENT: Marking frame 97 complete with status k_EStreamFrameResultDroppedReset
[2022-08-14 13:56:33] CLIENT: Marking frame 98 complete with status k_EStreamFrameResultDroppedReset
[2022-08-14 13:56:33] CLIENT: Marking frame 99 complete with status k_EStreamFrameResultDroppedReset
[2022-08-14 13:56:33] CLIENT: Marking frame 100 complete with status k_EStreamFrameResultDroppedReset
[2022-08-14 13:56:33] CLIENT: Marking frame 101 complete with status k_EStreamFrameResultDroppedReset
[2022-08-14 13:56:33] CLIENT: Marking frame 102 complete with status k_EStreamFrameResultDroppedReset
[2022-08-14 13:56:33] CLIENT: Marking frame 103 complete with status k_EStreamFrameResultDroppedReset
[2022-08-14 13:56:33] CLIENT: Marking frame 104 complete with status k_EStreamFrameResultDroppedReset
[2022-08-14 13:56:33] CLIENT: Marking frame 105 complete with status k_EStreamFrameResultDroppedReset
[2022-08-14 13:56:33] CLIENT: Marking frame 106 complete with status k_EStreamFrameResultDroppedReset
[2022-08-14 13:56:33] CLIENT: Marking frame 107 complete with status k_EStreamFrameResultDroppedReset
[2022-08-14 13:56:33] CLIENT: Marking frame 108 complete with status k_EStreamFrameResultDroppedReset
[2022-08-14 13:56:33] CLIENT: Marking frame 109 complete with status k_EStreamFrameResultDroppedReset
[2022-08-14 13:56:33] CLIENT: Marking frame 110 complete with status k_EStreamFrameResultDroppedReset
[2022-08-14 13:56:33] CLIENT: Marking frame 111 complete with status k_EStreamFrameResultDroppedReset
[2022-08-14 13:56:33] CLIENT: Marking frame 112 complete with status k_EStreamFrameResultDroppedReset
[2022-08-14 13:56:33] CLIENT: Marking frame 113 complete with status k_EStreamFrameResultDroppedReset
[2022-08-14 13:56:33] CLIENT: Marking frame 114 complete with status k_EStreamFrameResultDroppedReset
[2022-08-14 13:56:33] CLIENT: Marking frame 115 complete with status k_EStreamFrameResultDroppedReset
[2022-08-14 13:56:33] CLIENT: Marking frame 116 complete with status k_EStreamFrameResultDroppedReset
[2022-08-14 13:56:33] CLIENT: Marking frame 117 complete with status k_EStreamFrameResultDroppedReset
[2022-08-14 13:56:33] CLIENT: Marking frame 118 complete with status k_EStreamFrameResultDroppedReset
[2022-08-14 13:56:33] CLIENT: Targeting 60.00 FPS
[2022-08-14 13:56:33] CLIENT: Got control packet k_EStreamControlSetTargetFramerate
[2022-08-14 13:56:33] CLIENT: Video rect: 2325x1046 at 0,17
[2022-08-14 13:56:33] CLIENT: Texture rect: 1280x800 at 0,0
[2022-08-14 13:56:33] CLIENT: Video size: 1280x800, output size: 2325x1080, overlay size: 2325x1080
[2022-08-14 13:56:33] CLIENT: Video rect: 1728x1080 at 298,0
[2022-08-14 13:56:33] CLIENT: Texture rect: 1280x800 at 0,0
[2022-08-14 13:56:33] CLIENT: Video rect: 1728x1080 at 298,0
[2022-08-14 13:56:33] CLIENT: Texture rect: 1280x800 at 0,0
[2022-08-14 13:56:34] Bitrate adapter: state = 1, minRTT = 43, maxRTT = 61, gain = 2.00, bitrate = 10000
[2022-08-14 13:56:34] CLIENT: Got control packet k_EStreamControlControllerConfigMsg
[2022-08-14 13:56:34] CLIENT: Got control packet k_EStreamControlControllerConfigMsg
[2022-08-14 13:56:34] CLIENT: Got control packet k_EStreamControlControllerConfigMsg
[2022-08-14 13:56:34] CLIENT: Got control packet k_EStreamControlTouchActionSetActive
[2022-08-14 13:56:34] CLIENT: Got control packet k_EStreamControlTouchActionSetActive
[2022-08-14 13:56:34] CLIENT: Got control packet k_EStreamControlTouchActionSetActive
[2022-08-14 13:56:34] CLIENT: Got control packet k_EStreamControlTouchConfigActive
[2022-08-14 13:56:34] CLIENT: Video rect: 1728x1080 at 298,0
[2022-08-14 13:56:34] CLIENT: Texture rect: 1280x800 at 0,0
[2022-08-14 13:56:34] CLIENT: Got control packet k_EStreamControlSetTouchConfigData
[2022-08-14 13:56:34] CLIENT: Got control packet k_EStreamControlTouchConfigActive
[2022-08-14 13:56:34] Bitrate adapter: state = 1, minRTT = 43, maxRTT = 82, gain = 2.00, bitrate = 20000
[2022-08-14 13:56:34] CLIENT: Got control packet k_EStreamControlControllerConfigMsg
[2022-08-14 13:56:34] CLIENT: Got control packet k_EStreamControlControllerConfigMsg
[2022-08-14 13:56:34] CLIENT: Got control packet k_EStreamControlTouchActionSetActive
[2022-08-14 13:56:34] CLIENT: Got control packet k_EStreamControlTouchActionSetActive
[2022-08-14 13:56:34] CLIENT: Got control packet k_EStreamControlTouchActionSetActive
[2022-08-14 13:56:35] Bitrate adapter: state = 1, minRTT = 43, maxRTT = 70, gain = 2.00, bitrate = 40000
[2022-08-14 13:56:35] CLIENT: Got control packet k_EStreamControlTouchConfigActive
[2022-08-14 13:56:35] CLIENT: Got control packet k_EStreamControlTouchConfigActive
[2022-08-14 13:56:35] CLIENT: Got control packet k_EStreamControlTouchConfigActive
[2022-08-14 13:56:35] CLIENT: Got control packet k_EStreamControlTouchConfigActive
[2022-08-14 13:56:35] Bitrate adapter: state = 1, minRTT = 43, maxRTT = 62, gain = 2.00, bitrate = 80000
[2022-08-14 13:56:35] CLIENT: SteamNetworkingSockets connection: Connected SDR->ord->ord  Ping: 48ms IN: 4598.8kbit 648.5 pkt/s qual 99.2OUT: 72.5kbit 95.2 pkt/s qual 100.0
[2022-08-14 13:56:36] Bitrate adapter: state = 2, minRTT = 43, maxRTT = 66, gain = 2.00, bitrate = 100000
[2022-08-14 13:56:37] Bitrate adapter: state = 2, minRTT = 43, maxRTT = 182, gain = 0.75, bitrate = 75000
[2022-08-14 13:56:37] Slow framerate: game 4.53, capture 0.36, convert 0.02, encode 5.78, network 42.86, decode 1.29, display 3.47 (network)
[2022-08-14 13:56:37] Setting target framerate: 60.00 [timing: game 4.53, capture 0.36, convert 0.02, encode 5.78, network 42.86, decode 1.29, display 3.47 (network)]
[2022-08-14 13:56:37] CLIENT: Targeting 60.00 FPS
[2022-08-14 13:56:37] CLIENT: Got control packet k_EStreamControlSetTargetFramerate
[2022-08-14 13:56:38] Setting target framerate: 60.00 [timing: game 4.59, capture 0.37, convert 0.02, encode 6.03, network 30.77, decode 1.38, display 4.46]
[2022-08-14 13:56:38] CLIENT: Targeting 60.00 FPS
[2022-08-14 13:56:38] CLIENT: Got control packet k_EStreamControlSetTargetFramerate
[2022-08-14 13:56:39] CLIENT: Video rect: 1728x1080 at 298,0
[2022-08-14 13:56:39] CLIENT: Texture rect: 1280x800 at 0,0
[2022-08-14 13:56:39] Bitrate adapter: state = 2, minRTT = 43, maxRTT = 99, gain = 0.75, bitrate = 56250
[2022-08-14 13:56:39] CLIENT: Video rect: 1728x1080 at 298,0
[2022-08-14 13:56:39] CLIENT: Texture rect: 1280x800 at 0,0
[2022-08-14 13:56:39] CLIENT: Video rect: 1728x1080 at 298,0
[2022-08-14 13:56:39] CLIENT: Texture rect: 1280x800 at 0,0
[2022-08-14 13:56:40] CLIENT: Video rect: 1728x1080 at 298,0
[2022-08-14 13:56:40] CLIENT: Texture rect: 1280x800 at 0,0
[2022-08-14 13:56:40] CLIENT: Got control packet k_EStreamControlControllerConfigMsg
[2022-08-14 13:56:40] CLIENT: Got control packet k_EStreamControlTouchActionSetActive
[2022-08-14 13:56:40] CLIENT: Got control packet k_EStreamControlTouchConfigActive
[2022-08-14 13:56:40] CLIENT: SteamNetworkingSockets connection: Connected SDR->ord->ord  Ping: 46ms IN: 16546.4kbit 1950.2 pkt/s qual 100.0OUT: 116.3kbit 167.2 pkt/s qual 100.0
[2022-08-14 13:56:41] SynchronizeClientState(): setting cursor hidden
[2022-08-14 13:56:41] SynchronizeClientState(): setting cursor to 0
[2022-08-14 13:56:41] CLIENT: Got control packet k_EStreamControlTouchActionSetActive
[2022-08-14 13:56:41] CLIENT: Got control packet k_EStreamControlHideCursor
[2022-08-14 13:56:41] CLIENT: Got control packet k_EStreamControlSetCursor
[2022-08-14 13:56:42] CLIENT: Video rect: 1728x1080 at 298,0
[2022-08-14 13:56:42] CLIENT: Texture rect: 1280x800 at 0,0
[2022-08-14 13:56:42] Slow framerate: game 5.67, capture 0.36, convert 0.01, encode 8.22, network 35.82, decode 1.60, display 9.42 (network)
[2022-08-14 13:56:42] Setting target framerate: 60.00 [timing: game 5.67, capture 0.36, convert 0.01, encode 8.22, network 35.82, decode 1.60, display 9.42 (network)]
[2022-08-14 13:56:42] CLIENT: Video rect: 1728x1080 at 298,0
[2022-08-14 13:56:42] CLIENT: Texture rect: 1280x800 at 0,0
[2022-08-14 13:56:42] CLIENT: Targeting 60.00 FPS
[2022-08-14 13:56:42] CLIENT: Got control packet k_EStreamControlSetTargetFramerate
[2022-08-14 13:56:43] Bitrate adapter: state = 2, minRTT = 40, maxRTT = 75, gain = 1.25, bitrate = 70312
[2022-08-14 13:56:43] CLIENT: Video rect: 1728x1080 at 298,0
[2022-08-14 13:56:43] CLIENT: Texture rect: 1280x800 at 0,0
[2022-08-14 13:56:43] CLIENT: Got control packet k_EStreamControlControllerConfigMsg
[2022-08-14 13:56:43] CLIENT: Got control packet k_EStreamControlTouchActionSetActive
[2022-08-14 13:56:43] CLIENT: Got control packet k_EStreamControlTouchConfigActive
[2022-08-14 13:56:43] Bitrate adapter: state = 2, minRTT = 40, maxRTT = 193, gain = 0.75, bitrate = 52734
[2022-08-14 13:56:43] Slow framerate: game 5.90, capture 0.37, convert 0.00, encode 7.86, network 83.55, decode 1.72, display 7.65 (network)
[2022-08-14 13:56:43] CLIENT: [SteamNetworkingSockets] [#1129249786 P2P SDR steamid:76561199378814893 vport 0] Peer appears to be using 'ICE' transport as primary
[2022-08-14 13:56:43] CLIENT: [SteamNetworkingSockets] [#1129249786 P2P SDR steamid:76561199378814893 vport 0] Peer appears to be using 'SDR' transport as primary
[2022-08-14 13:56:43] CLIENT: [SteamNetworkingSockets] [#1129249786 P2P SDR steamid:76561199378814893 vport 0] Peer appears to be using 'ICE' transport as primary
[2022-08-14 13:56:44] CLIENT: [SteamNetworkingSockets] CConnectionTransportP2PICE_WebRTC::OnData 1227 bytes, queued, 30775 previously queued LOCK PROBLEM!
[2022-08-14 13:56:44] CLIENT: [SteamNetworkingSockets] CConnectionTransportP2PICE_WebRTC::OnData 1227 bytes, queued, 32006 previously queued LOCK PROBLEM!
[2022-08-14 13:56:44] CLIENT: [SteamNetworkingSockets] CConnectionTransportP2PICE_WebRTC::OnData 1227 bytes, queued, 33237 previously queued LOCK PROBLEM!
[2022-08-14 13:56:44] CLIENT: [SteamNetworkingSockets] CConnectionTransportP2PICE_WebRTC::OnData 1227 bytes, queued, 34468 previously queued LOCK PROBLEM!
[2022-08-14 13:56:44] CLIENT: [SteamNetworkingSockets] CConnectionTransportP2PICE_WebRTC::OnData 1227 bytes, queued, 35699 previously queued LOCK PROBLEM!
[2022-08-14 13:56:44] CLIENT: [SteamNetworkingSockets] CConnectionTransportP2PICE_WebRTC::OnData 1227 bytes, queued, 36930 previously queued LOCK PROBLEM!
[2022-08-14 13:56:44] CLIENT: [SteamNetworkingSockets] CConnectionTransportP2PICE_WebRTC::OnData 1227 bytes, queued, 38161 previously queued LOCK PROBLEM!
[2022-08-14 13:56:44] CLIENT: [SteamNetworkingSockets] CConnectionTransportP2PICE_WebRTC::OnData 1227 bytes, queued, 39392 previously queued LOCK PROBLEM!
[2022-08-14 13:56:44] CLIENT: [SteamNetworkingSockets] CConnectionTransportP2PICE_WebRTC::OnData 1227 bytes, queued, 40623 previously queued LOCK PROBLEM!
[2022-08-14 13:56:44] CLIENT: [SteamNetworkingSockets] CConnectionTransportP2PICE_WebRTC::OnData 1227 bytes, queued, 41854 previously queued LOCK PROBLEM!
[2022-08-14 13:56:44] CLIENT: [SteamNetworkingSockets] CConnectionTransportP2PICE_WebRTC::OnData 1227 bytes, queued, 43085 previously queued LOCK PROBLEM!
[2022-08-14 13:56:44] CLIENT: [SteamNetworkingSockets] CConnectionTransportP2PICE_WebRTC::OnData 1227 bytes, queued, 44316 previously queued LOCK PROBLEM!
[2022-08-14 13:56:44] CLIENT: [SteamNetworkingSockets] CConnectionTransportP2PICE_WebRTC::OnData 1227 bytes, queued, 45547 previously queued LOCK PROBLEM!
[2022-08-14 13:56:44] CLIENT: [SteamNetworkingSockets] CConnectionTransportP2PICE_WebRTC::OnData 1227 bytes, queued, 46778 previously queued LOCK PROBLEM!
[2022-08-14 13:56:44] CLIENT: [SteamNetworkingSockets] CConnectionTransportP2PICE_WebRTC::OnData 1227 bytes, queued, 48009 previously queued LOCK PROBLEM!
[2022-08-14 13:56:44] CLIENT: [SteamNetworkingSockets] CConnectionTransportP2PICE_WebRTC::OnData 1227 bytes, queued, 49240 previously queued LOCK PROBLEM!
[2022-08-14 13:56:44] CLIENT: [SteamNetworkingSockets] CConnectionTransportP2PICE_WebRTC::OnData 1227 bytes, queued, 50471 previously queued LOCK PROBLEM!
[2022-08-14 13:56:44] CLIENT: [SteamNetworkingSockets] CConnectionTransportP2PICE_WebRTC::OnData 1227 bytes, queued, 51702 previously queued LOCK PROBLEM!
[2022-08-14 13:56:44] CLIENT: [SteamNetworkingSockets] CConnectionTransportP2PICE_WebRTC::OnData 1227 bytes, queued, 52933 previously queued LOCK PROBLEM!
[2022-08-14 13:56:44] CLIENT: [SteamNetworkingSockets] CConnectionTransportP2PICE_WebRTC::OnData 1227 bytes, queued, 54164 previously queued LOCK PROBLEM!
[2022-08-14 13:56:44] CLIENT: [SteamNetworkingSockets] CConnectionTransportP2PICE_WebRTC::OnData 1227 bytes, queued, 55395 previously queued LOCK PROBLEM!
[2022-08-14 13:56:44] CLIENT: [SteamNetworkingSockets] CConnectionTransportP2PICE_WebRTC::OnData 437 bytes, queued, 56626 previously queued LOCK PROBLEM!
[2022-08-14 13:56:44] CLIENT: [SteamNetworkingSockets] CConnectionTransportP2PICE_WebRTC::OnData 53 bytes, queued, 57067 previously queued LOCK PROBLEM!
[2022-08-14 13:56:44] CLIENT: [SteamNetworkingSockets] CConnectionTransportP2PICE_WebRTC::OnData 46 bytes, queued, 57124 previously queued LOCK PROBLEM!
[2022-08-14 13:56:44] CLIENT: [SteamNetworkingSockets] CConnectionTransportP2PICE_WebRTC::OnData 53 bytes, queued, 57174 previously queued LOCK PROBLEM!
[2022-08-14 13:56:44] CLIENT: [SteamNetworkingSockets] CConnectionTransportP2PICE_WebRTC::OnData 41 bytes, queued, 57231 previously queued LOCK PROBLEM!
[2022-08-14 13:56:44] CLIENT: [SteamNetworkingSockets] CConnectionTransportP2PICE_WebRTC::OnData 1227 bytes, queued, 57276 previously queued LOCK PROBLEM!
[2022-08-14 13:56:44] CLIENT: [SteamNetworkingSockets] CConnectionTransportP2PICE_WebRTC::OnData 1227 bytes, queued, 58507 previously queued LOCK PROBLEM!
[2022-08-14 13:56:44] CLIENT: [SteamNetworkingSockets] CConnectionTransportP2PICE_WebRTC::OnData 1227 bytes, queued, 59738 previously queued LOCK PROBLEM!
[2022-08-14 13:56:44] CLIENT: [SteamNetworkingSockets] CConnectionTransportP2PICE_WebRTC::OnData 1227 bytes, queued, 60969 previously queued LOCK PROBLEM!
[2022-08-14 13:56:44] Bitrate adapter: state = 2, minRTT = 40, maxRTT = 133, gain = 0.75, bitrate = 39550
[2022-08-14 13:56:44] Slow framerate: game 6.01, capture 0.38, convert 0.01, encode 7.32, network 58.73, decode 1.46, display 3.88 (network)
[2022-08-14 13:56:45] Bitrate adapter: state = 2, minRTT = 40, maxRTT = 105, gain = 0.75, bitrate = 29662
[2022-08-14 13:56:45] CLIENT: [SteamNetworkingSockets] ICE: ICE completed
[2022-08-14 13:56:45] Bitrate adapter: state = 2, minRTT = 40, maxRTT = 94, gain = 0.75, bitrate = 22246
[2022-08-14 13:56:45] Slow framerate: game 5.36, capture 0.38, convert 0.00, encode 7.58, network 51.40, decode 1.38, display 6.79 (network)
[2022-08-14 13:56:46] SynchronizeClientState(): setting cursor visible
[2022-08-14 13:56:46] SynchronizeClientState(): setting cursor to 65541
[2022-08-14 13:56:46] CLIENT: Got control packet k_EStreamControlSetCursor
[2022-08-14 13:56:46] Slow framerate: game 5.33, capture 0.37, convert 0.01, encode 7.21, network 46.26, decode 1.29, display 3.94 (network)
[2022-08-14 13:56:47] Setting target framerate: 60.00 [timing: game 5.42, capture 0.36, convert 0.03, encode 6.59, network 33.17, decode 1.38, display 3.24]
[2022-08-14 13:56:47] CLIENT: Targeting 60.00 FPS
[2022-08-14 13:56:47] CLIENT: Got control packet k_EStreamControlSetTargetFramerate
[2022-08-14 13:56:48] Slow framerate: game 5.41, capture 0.35, convert 0.03, encode 6.26, network 36.24, decode 1.25, display 4.77 (network)
[2022-08-14 13:56:48] Setting target framerate: 60.00 [timing: game 5.41, capture 0.35, convert 0.03, encode 6.26, network 36.24, decode 1.25, display 4.77 (network)]
[2022-08-14 13:56:48] Bitrate adapter: state = 2, minRTT = 40, maxRTT = 93, gain = 0.75, bitrate = 16684
[2022-08-14 13:56:49] CLIENT: Targeting 60.00 FPS
[2022-08-14 13:56:49] CLIENT: Got control packet k_EStreamControlSetTargetFramerate
[2022-08-14 13:56:49] Bitrate adapter: state = 2, minRTT = 40, maxRTT = 287, gain = 0.75, bitrate = 12513
[2022-08-14 13:56:51] Slow framerate: game 5.35, capture 0.35, convert 0.04, encode 6.16, network 194.95, decode 1.11, display 13.20 (network)
[2022-08-14 13:56:51] CLIENT: Got video sequence 1059, expected 1058, sending lost data notification
[2022-08-14 13:56:51] CLIENT: SteamNetworkingSockets connection: Connected SDR->ord->ord  Ping: 547ms IN: 16183.3kbit 1882.5 pkt/s qual 99.4OUT: 221.4kbit 201.4 pkt/s qual 100.0
[2022-08-14 13:56:51] CLIENT: [SteamNetworkingSockets] [#1129249786 P2P SDR steamid:76561199378814893 vport 0] ICE: 3 consecutive end-to-end timeouts
[2022-08-14 13:56:51] CLIENT: [SteamNetworkingSockets] [#1129249786 P2P ICE steamid:76561199378814893 vport 0] Peer appears to be using 'ICE' transport as primary
[2022-08-14 13:56:51] CLIENT: [SteamNetworkingSockets] [#1129249786 P2P ICE steamid:76561199378814893 vport 0] SDR routing message updated, revision 5.  (POP 'ord' last sent ping 46 is outside ping range 65-526 (3 buckets))
[2022-08-14 13:56:51] Bitrate adapter: state = 2, minRTT = 44, maxRTT = 221, gain = 0.75, bitrate = 9384
[2022-08-14 13:56:51] CLIENT: Didn't get keyframe, resending lost data notification
[2022-08-14 13:56:51] CLIENT: Flushing audio, 1650 ms queued, 208 ms maximum, delivery delay = 54
[2022-08-14 13:56:51] CLIENT: [SteamNetworkingSockets] [#1129249786 P2P ICE steamid:76561199378814893 vport 0] Requesting session from iad#94 (162.254.192.72:27016).  Ping = 75 = 64+0+11 (front+interior+remote).
[2022-08-14 13:56:51] CLIENT: Didn't get keyframe, resending lost data notification
[2022-08-14 13:56:51] CLIENT: [SteamNetworkingSockets] [#1129249786 P2P ICE steamid:76561199378814893 vport 0] Received P2PSessionEstablished from iad#94 (162.254.192.72:27016), token @1a5b
[2022-08-14 13:56:51] CLIENT: [SteamNetworkingSockets] [#1129249786 P2P ICE steamid:76561199378814893 vport 0] SDR routing message updated, revision 6.  (POP 'iad' session changed)
[2022-08-14 13:56:51] CLIENT: Didn't get keyframe, resending lost data notification
[2022-08-14 13:56:51] CLIENT: Marking frame 1059 complete with status k_EStreamFrameResultDroppedReset
[2022-08-14 13:56:51] CLIENT: Marking frame 1060 complete with status k_EStreamFrameResultDroppedReset
[2022-08-14 13:56:51] CLIENT: Marking frame 1140 complete with status k_EStreamFrameResultDroppedReset
[2022-08-14 13:56:51] CLIENT: Marking frame 1141 complete with status k_EStreamFrameResultDroppedReset
[2022-08-14 13:56:51] CLIENT: Marking frame 1142 complete with status k_EStreamFrameResultDroppedReset
[2022-08-14 13:56:51] CLIENT: Marking frame 1143 complete with status k_EStreamFrameResultDroppedReset
[2022-08-14 13:56:51] CLIENT: Marking frame 1144 complete with status k_EStreamFrameResultDroppedReset
[2022-08-14 13:56:51] CLIENT: Marking frame 1145 complete with status k_EStreamFrameResultDroppedReset
[2022-08-14 13:56:51] CLIENT: Marking frame 1146 complete with status k_EStreamFrameResultDroppedReset
[2022-08-14 13:56:51] CLIENT: Marking frame 1148 complete with status k_EStreamFrameResultDroppedReset
[2022-08-14 13:56:51] CLIENT: Marking frame 1149 complete with status k_EStreamFrameResultDroppedReset
[2022-08-14 13:56:51] CLIENT: Marking frame 1150 complete with status k_EStreamFrameResultDroppedReset
[2022-08-14 13:56:51] CLIENT: Marking frame 1151 complete with status k_EStreamFrameResultDroppedReset
[2022-08-14 13:56:51] CLIENT: Marking frame 1152 complete with status k_EStreamFrameResultDroppedReset
[2022-08-14 13:56:51] CLIENT: Marking frame 1158 complete with status k_EStreamFrameResultDroppedReset
[2022-08-14 13:56:51] CLIENT: Marking frame 1159 complete with status k_EStreamFrameResultDroppedReset
[2022-08-14 13:56:51] CLIENT: Marking frame 1160 complete with status k_EStreamFrameResultDroppedReset
[2022-08-14 13:56:51] CLIENT: Marking frame 1161 complete with status k_EStreamFrameResultDroppedReset
[2022-08-14 13:56:51] CLIENT: Marking frame 1162 complete with status k_EStreamFrameResultDroppedReset
[2022-08-14 13:56:51] CLIENT: Marking frame 1163 complete with status k_EStreamFrameResultDroppedReset
[2022-08-14 13:56:51] CLIENT: Marking frame 1164 complete with status k_EStreamFrameResultDroppedReset
[2022-08-14 13:56:51] CLIENT: Marking frame 1165 complete with status k_EStreamFrameResultDroppedReset
[2022-08-14 13:56:51] CLIENT: Marking frame 1166 complete with status k_EStreamFrameResultDroppedReset
[2022-08-14 13:56:51] CLIENT: Marking frame 1167 complete with status k_EStreamFrameResultDroppedReset
[2022-08-14 13:56:51] CLIENT: Marking frame 1168 complete with status k_EStreamFrameResultDroppedReset
[2022-08-14 13:56:51] CLIENT: Marking frame 1169 complete with status k_EStreamFrameResultDroppedReset
[2022-08-14 13:56:51] CLIENT: Marking frame 1170 complete with status k_EStreamFrameResultDroppedReset
[2022-08-14 13:56:51] CLIENT: Marking frame 1171 complete with status k_EStreamFrameResultDroppedReset
[2022-08-14 13:56:51] CLIENT: Marking frame 1172 complete with status k_EStreamFrameResultDroppedReset
[2022-08-14 13:56:51] CLIENT: Marking frame 1173 complete with status k_EStreamFrameResultDroppedReset
[2022-08-14 13:56:51] CLIENT: Marking frame 1174 complete with status k_EStreamFrameResultDroppedReset
[2022-08-14 13:56:51] CLIENT: Marking frame 1175 complete with status k_EStreamFrameResultDroppedReset
[2022-08-14 13:56:51] CLIENT: Marking frame 1176 complete with status k_EStreamFrameResultDroppedReset
[2022-08-14 13:56:51] CLIENT: Marking frame 1177 complete with status k_EStreamFrameResultDroppedReset
[2022-08-14 13:56:51] CLIENT: Marking frame 1178 complete with status k_EStreamFrameResultDroppedReset
[2022-08-14 13:56:51] CLIENT: Marking frame 1179 complete with status k_EStreamFrameResultDroppedReset
[2022-08-14 13:56:51] CLIENT: Marking frame 1180 complete with status k_EStreamFrameResultDroppedReset
[2022-08-14 13:56:51] CLIENT: Marking frame 1181 complete with status k_EStreamFrameResultDroppedReset
[2022-08-14 13:56:51] CLIENT: Marking frame 1182 complete with status k_EStreamFrameResultDroppedReset
[2022-08-14 13:56:51] Slow framerate: game 5.34, capture 0.34, convert 0.03, encode 6.68, network 70.06, decode 0.58, display 3.36 (network)
[2022-08-14 13:56:51] Bitrate adapter: state = 2, minRTT = 44, maxRTT = 262, gain = 0.75, bitrate = 7038
[2022-08-14 13:56:52] Slow framerate: game 5.29, capture 0.35, convert 0.04, encode 6.60, network 36.89, decode 0.59, display 2.51 (network)
[2022-08-14 13:56:53] SynchronizeClientState(): setting cursor hidden
[2022-08-14 13:56:53] SynchronizeClientState(): setting cursor to 0
[2022-08-14 13:56:53] CLIENT: Got control packet k_EStreamControlHideCursor
[2022-08-14 13:56:53] CLIENT: Got control packet k_EStreamControlSetCursor
[2022-08-14 13:56:53] Slow framerate: game 5.16, capture 0.34, convert 0.02, encode 6.70, network 37.97, decode 1.03, display 3.27 (network)
[2022-08-14 13:56:54] Bitrate adapter: state = 2, minRTT = 44, maxRTT = 124, gain = 0.75, bitrate = 5278
[2022-08-14 13:56:54] SynchronizeClientState(): setting cursor visible
[2022-08-14 13:56:54] SynchronizeClientState(): setting cursor to 65541
[2022-08-14 13:56:54] CLIENT: Got control packet k_EStreamControlSetCursor
[2022-08-14 13:56:54] Slow framerate: game 5.13, capture 0.36, convert 0.01, encode 6.78, network 43.60, decode 1.24, display 7.24 (network)
[2022-08-14 13:56:55] Bitrate adapter: state = 2, minRTT = 44, maxRTT = 114, gain = 0.75, bitrate = 3958
[2022-08-14 13:56:55] Slow framerate: game 5.13, capture 0.35, convert 0.04, encode 6.77, network 40.54, decode 1.13, display 4.28 (network)
[2022-08-14 13:56:55] CLIENT: SteamNetworkingSockets connection: Connected UDP@18.223.213.124:59648 Ping: 68ms IN: 6089.2kbit 847.9 pkt/s qual 98.9OUT: 270.1kbit 217.7 pkt/s qual 100.0
[2022-08-14 13:56:56] Slow framerate: game 5.23, capture 0.35, convert 0.04, encode 6.55, network 34.44, decode 1.22, display 3.70 (network)
[2022-08-14 13:56:57] Slow framerate: game 5.36, capture 0.34, convert 0.03, encode 6.55, network 36.26, decode 1.29, display 6.02 (network)
[2022-08-14 13:56:58] SynchronizeClientState(): setting cursor hidden
[2022-08-14 13:56:58] SynchronizeClientState(): setting cursor to 0
[2022-08-14 13:56:58] CLIENT: Got control packet k_EStreamControlHideCursor
[2022-08-14 13:56:58] CLIENT: Got control packet k_EStreamControlSetCursor
[2022-08-14 13:56:58] Bitrate adapter: state = 2, minRTT = 54, maxRTT = 118, gain = 0.75, bitrate = 2968
[2022-08-14 13:56:58] Slow framerate: game 5.37, capture 0.35, convert 0.02, encode 6.60, network 34.60, decode 1.35, display 8.31 (network)
[2022-08-14 13:56:59] Slow framerate: game 5.33, capture 0.37, convert 0.00, encode 6.70, network 34.76, decode 1.19, display 11.27 (network)
[2022-08-14 13:57:00] Setting target framerate: 60.00 [timing: game 5.12, capture 0.36, convert 0.00, encode 6.65, network 33.11, decode 1.27, display 12.05]
[2022-08-14 13:57:00] CLIENT: SteamNetworkingSockets connection: Connected UDP@18.223.213.124:59648 Ping: 65ms IN: 2682.0kbit 514.6 pkt/s qual 100.0OUT: 155.8kbit 204.9 pkt/s qual 100.0
[2022-08-14 13:57:01] CLIENT: Targeting 60.00 FPS
[2022-08-14 13:57:01] CLIENT: Got control packet k_EStreamControlSetTargetFramerate
[2022-08-14 13:57:01] CLIENT: [SteamNetworkingSockets] [#1129249786 P2P ICE steamid:76561199378814893 vport 0] SDR routing message updated, revision 7.  (#1 route ord-ord was not sent)
[2022-08-14 13:57:02] Bitrate adapter: state = 2, minRTT = 54, maxRTT = 72, gain = 1.25, bitrate = 3710
[2022-08-14 13:57:02] Slow framerate: game 4.84, capture 0.35, convert 0.00, encode 6.75, network 34.53, decode 1.22, display 3.80 (network)
[2022-08-14 13:57:02] Setting target framerate: 60.00 [timing: game 4.84, capture 0.35, convert 0.00, encode 6.75, network 34.53, decode 1.22, display 3.80 (network)]
[2022-08-14 13:57:03] CLIENT: Targeting 60.00 FPS
[2022-08-14 13:57:03] CLIENT: Got control packet k_EStreamControlSetTargetFramerate
[2022-08-14 13:57:03] Setting target framerate: 60.00 [timing: game 4.69, capture 0.35, convert 0.00, encode 6.71, network 33.32, decode 1.18, display 3.51]
[2022-08-14 13:57:04] CLIENT: Targeting 60.00 FPS
[2022-08-14 13:57:04] CLIENT: Got control packet k_EStreamControlSetTargetFramerate
[2022-08-14 13:57:04] Slow framerate: game 4.48, capture 0.36, convert 0.00, encode 6.99, network 35.40, decode 1.27, display 3.81 (network)
[2022-08-14 13:57:04] Setting target framerate: 60.00 [timing: game 4.48, capture 0.36, convert 0.00, encode 6.99, network 35.40, decode 1.27, display 3.81 (network)]
[2022-08-14 13:57:04] CLIENT: Targeting 60.00 FPS
[2022-08-14 13:57:04] CLIENT: Got control packet k_EStreamControlSetTargetFramerate
[2022-08-14 13:57:05] Bitrate adapter: state = 2, minRTT = 54, maxRTT = 108, gain = 0.75, bitrate = 2782
[2022-08-14 13:57:05] Slow framerate: game 4.30, capture 0.35, convert 0.00, encode 6.86, network 35.16, decode 1.23, display 3.68 (network)
[2022-08-14 13:57:05] CLIENT: SteamNetworkingSockets connection: Connected UDP@18.223.213.124:59648 Ping: 60ms IN: 3250.8kbit 566.4 pkt/s qual 99.7OUT: 146.8kbit 190.7 pkt/s qual 100.0
[2022-08-14 13:57:06] Slow framerate: game 4.17, capture 0.35, convert 0.00, encode 6.92, network 34.45, decode 1.27, display 3.75 (network)
[2022-08-14 13:57:07] Setting target framerate: 60.00 [timing: game 4.28, capture 0.36, convert 0.00, encode 6.88, network 33.97, decode 1.21, display 3.60]
[2022-08-14 13:57:08] CLIENT: Targeting 60.00 FPS
[2022-08-14 13:57:08] CLIENT: Got control packet k_EStreamControlSetTargetFramerate
[2022-08-14 13:57:09] Bitrate adapter: state = 2, minRTT = 54, maxRTT = 73, gain = 1.25, bitrate = 3477
[2022-08-14 13:57:11] CLIENT: SteamNetworkingSockets connection: Connected UDP@18.223.213.124:59648 Ping: 63ms IN: 2757.7kbit 525.3 pkt/s qual 100.0OUT: 152.9kbit 193.8 pkt/s qual 100.0
[2022-08-14 13:57:11] Bitrate adapter: state = 2, minRTT = 54, maxRTT = 220, gain = 0.75, bitrate = 2607
[2022-08-14 13:57:11] Bitrate adapter: state = 2, minRTT = 54, maxRTT = 252, gain = 0.75, bitrate = 2500
[2022-08-14 13:57:11] Slow framerate: game 3.91, capture 0.35, convert 0.00, encode 7.12, network 55.80, decode 1.05, display 4.22 (network)
[2022-08-14 13:57:11] Setting target framerate: 60.00 [timing: game 3.91, capture 0.35, convert 0.00, encode 7.12, network 55.80, decode 1.05, display 4.22 (network)]
[2022-08-14 13:57:12] CLIENT: Targeting 60.00 FPS
[2022-08-14 13:57:12] CLIENT: Got control packet k_EStreamControlSetTargetFramerate
[2022-08-14 13:57:12] Slow framerate: game 3.98, capture 0.33, convert 0.00, encode 7.06, network 35.50, decode 1.25, display 3.10 (network)
[2022-08-14 13:57:13] Setting target framerate: 60.00 [timing: game 4.31, capture 0.35, convert 0.00, encode 7.02, network 30.90, decode 1.24, display 3.50]
[2022-08-14 13:57:13] CLIENT: Targeting 60.00 FPS
[2022-08-14 13:57:13] CLIENT: Got control packet k_EStreamControlSetTargetFramerate
[2022-08-14 13:57:15] Bitrate adapter: state = 2, minRTT = 52, maxRTT = 73, gain = 1.25, bitrate = 3125
[2022-08-14 13:57:15] CLIENT: SteamNetworkingSockets connection: Connected UDP@18.223.213.124:59648 Ping: 59ms IN: 2554.1kbit 510.6 pkt/s qual 99.4OUT: 188.2kbit 228.8 pkt/s qual 100.0
[2022-08-14 13:57:17] Bitrate adapter: state = 2, minRTT = 51, maxRTT = 163, gain = 0.75, bitrate = 2500
[2022-08-14 13:57:17] Bitrate adapter: state = 2, minRTT = 51, maxRTT = 108, gain = 0.75, bitrate = 2500
[2022-08-14 13:57:17] Slow framerate: game 4.39, capture 0.36, convert 0.00, encode 7.22, network 35.08, decode 1.25, display 12.35 (network)
[2022-08-14 13:57:17] Setting target framerate: 60.00 [timing: game 4.39, capture 0.36, convert 0.00, encode 7.22, network 35.08, decode 1.25, display 12.35 (network)]
[2022-08-14 13:57:18] CLIENT: Targeting 60.00 FPS
[2022-08-14 13:57:18] CLIENT: Got control packet k_EStreamControlSetTargetFramerate
[2022-08-14 13:57:18] Bitrate adapter: state = 2, minRTT = 51, maxRTT = 138, gain = 0.75, bitrate = 2500
[2022-08-14 13:57:18] Slow framerate: game 3.99, capture 0.34, convert 0.00, encode 7.20, network 35.28, decode 1.17, display 8.07 (network)
[2022-08-14 13:57:19] Setting target framerate: 60.00 [timing: game 3.93, capture 0.34, convert 0.00, encode 7.10, network 31.17, decode 1.24, display 8.47]
[2022-08-14 13:57:20] CLIENT: Targeting 60.00 FPS
[2022-08-14 13:57:20] CLIENT: Got control packet k_EStreamControlSetTargetFramerate
[2022-08-14 13:57:20] CLIENT: SteamNetworkingSockets connection: Connected UDP@18.223.213.124:59648 Ping: 61ms IN: 2518.9kbit 483.9 pkt/s qual 100.0OUT: 140.4kbit 182.7 pkt/s qual 100.0
[2022-08-14 13:57:21] Bitrate adapter: state = 2, minRTT = 50, maxRTT = 159, gain = 0.75, bitrate = 2500
[2022-08-14 13:57:21] Slow framerate: game 4.03, capture 0.34, convert 0.00, encode 7.25, network 39.58, decode 1.13, display 10.55 (network)
[2022-08-14 13:57:21] Setting target framerate: 60.00 [timing: game 4.03, capture 0.34, convert 0.00, encode 7.25, network 39.58, decode 1.13, display 10.55 (network)]
[2022-08-14 13:57:22] CLIENT: Targeting 60.00 FPS
[2022-08-14 13:57:22] CLIENT: Got control packet k_EStreamControlSetTargetFramerate
[2022-08-14 13:57:22] Setting target framerate: 60.00 [timing: game 3.97, capture 0.33, convert 0.00, encode 7.16, network 33.94, decode 1.27, display 4.12]
[2022-08-14 13:57:23] CLIENT: Targeting 60.00 FPS
[2022-08-14 13:57:23] CLIENT: Got control packet k_EStreamControlSetTargetFramerate
[2022-08-14 13:57:25] CLIENT: SteamNetworkingSockets connection: Connected UDP@18.223.213.124:59648 Ping: 60ms IN: 2340.5kbit 486.3 pkt/s qual 99.6OUT: 153.9kbit 195.0 pkt/s qual 100.0
[2022-08-14 13:57:26] Bitrate adapter: state = 2, minRTT = 50, maxRTT = 71, gain = 1.25, bitrate = 3125
[2022-08-14 13:57:30] Bitrate adapter: state = 2, minRTT = 51, maxRTT = 75, gain = 1.25, bitrate = 3906
[2022-08-14 13:57:30] CLIENT: SteamNetworkingSockets connection: Connected UDP@18.223.213.124:59648 Ping: 59ms IN: 2828.4kbit 516.5 pkt/s qual 100.0OUT: 147.2kbit 190.4 pkt/s qual 100.0
[2022-08-14 13:57:31] Audio mix: start=187363805677, returned=2876160
[2022-08-14 13:57:31] Bitrate adapter: state = 2, minRTT = 53, maxRTT = 109, gain = 0.75, bitrate = 2929
[2022-08-14 13:57:34] Slow framerate: game 4.26, capture 0.35, convert 0.00, encode 7.18, network 36.70, decode 1.33, display 14.95 (network)
[2022-08-14 13:57:34] Setting target framerate: 60.00 [timing: game 4.26, capture 0.35, convert 0.00, encode 7.18, network 36.70, decode 1.33, display 14.95 (network)]
[2022-08-14 13:57:34] CLIENT: Targeting 60.00 FPS
[2022-08-14 13:57:34] CLIENT: Got control packet k_EStreamControlSetTargetFramerate
[2022-08-14 13:57:34] Bitrate adapter: state = 2, minRTT = 52, maxRTT = 123, gain = 0.75, bitrate = 2500
[2022-08-14 13:57:35] Setting target framerate: 60.00 [timing: game 4.31, capture 0.34, convert 0.00, encode 7.13, network 30.99, decode 1.27, display 3.46]
[2022-08-14 13:57:35] CLIENT: Targeting 60.00 FPS
[2022-08-14 13:57:35] CLIENT: Got control packet k_EStreamControlSetTargetFramerate
[2022-08-14 13:57:36] Slow framerate: game 4.76, capture 0.36, convert 0.00, encode 7.10, network 37.20, decode 1.17, display 5.88 (network)
[2022-08-14 13:57:36] Setting target framerate: 60.00 [timing: game 4.76, capture 0.36, convert 0.00, encode 7.10, network 37.20, decode 1.17, display 5.88 (network)]
[2022-08-14 13:57:36] CLIENT: SteamNetworkingSockets connection: Connected UDP@18.223.213.124:59648 Ping: 61ms IN: 2841.5kbit 539.9 pkt/s qual 99.7OUT: 162.9kbit 205.6 pkt/s qual 100.0
[2022-08-14 13:57:36] CLIENT: Targeting 60.00 FPS
[2022-08-14 13:57:36] CLIENT: Got control packet k_EStreamControlSetTargetFramerate
[2022-08-14 13:57:37] Setting target framerate: 60.00 [timing: game 5.31, capture 0.34, convert 0.00, encode 6.99, network 30.83, decode 1.10, display 3.26]
[2022-08-14 13:57:37] CLIENT: Targeting 60.00 FPS
[2022-08-14 13:57:37] CLIENT: Got control packet k_EStreamControlSetTargetFramerate
[2022-08-14 13:57:38] Bitrate adapter: state = 2, minRTT = 52, maxRTT = 73, gain = 1.25, bitrate = 3125
[2022-08-14 13:57:40] Bitrate adapter: state = 2, minRTT = 52, maxRTT = 119, gain = 0.75, bitrate = 2500
[2022-08-14 13:57:41] CLIENT: SteamNetworkingSockets connection: Connected UDP@18.223.213.124:59648 Ping: 58ms IN: 2557.5kbit 501.2 pkt/s qual 100.0OUT: 149.1kbit 192.3 pkt/s qual 100.0
[2022-08-14 13:57:44] Bitrate adapter: state = 2, minRTT = 51, maxRTT = 130, gain = 0.75, bitrate = 2500
[2022-08-14 13:57:45] Slow framerate: game 4.25, capture 0.36, convert 0.00, encode 7.07, network 36.63, decode 1.26, display 14.17 (network)
[2022-08-14 13:57:45] Setting target framerate: 60.00 [timing: game 4.25, capture 0.36, convert 0.00, encode 7.07, network 36.63, decode 1.26, display 14.17 (network)]
[2022-08-14 13:57:45] CLIENT: Targeting 60.00 FPS
[2022-08-14 13:57:45] CLIENT: Got control packet k_EStreamControlSetTargetFramerate
[2022-08-14 13:57:46] Setting target framerate: 60.00 [timing: game 4.16, capture 0.35, convert 0.00, encode 7.09, network 33.70, decode 1.10, display 5.26]
[2022-08-14 13:57:46] CLIENT: SteamNetworkingSockets connection: Connected UDP@18.223.213.124:59648 Ping: 65ms IN: 2399.6kbit 484.8 pkt/s qual 99.5OUT: 151.2kbit 192.1 pkt/s qual 100.0
[2022-08-14 13:57:46] CLIENT: Targeting 60.00 FPS
[2022-08-14 13:57:46] CLIENT: Got control packet k_EStreamControlSetTargetFramerate
[2022-08-14 13:57:47] CLIENT: [SteamNetworkingSockets] [#1129249786 P2P ICE steamid:76561199378814893 vport 0] Selecting iad#94 (162.254.192.72:27016) as backup #1 (Ping = 75 = 64+0+11 (front+interior+remote).)
[2022-08-14 13:57:48] Bitrate adapter: state = 2, minRTT = 51, maxRTT = 78, gain = 1.25, bitrate = 3125
[2022-08-14 13:57:51] CLIENT: SteamNetworkingSockets connection: Connected UDP@18.223.213.124:59648 Ping: 60ms IN: 2480.8kbit 499.9 pkt/s qual 100.0OUT: 131.0kbit 170.4 pkt/s qual 100.0
[2022-08-14 13:57:51] Bitrate adapter: state = 2, minRTT = 51, maxRTT = 134, gain = 0.75, bitrate = 2500
[2022-08-14 13:57:52] Slow framerate: game 5.46, capture 0.36, convert 0.00, encode 6.79, network 34.36, decode 1.00, display 7.63 (network)
[2022-08-14 13:57:52] Setting target framerate: 60.00 [timing: game 5.46, capture 0.36, convert 0.00, encode 6.79, network 34.36, decode 1.00, display 7.63 (network)]
[2022-08-14 13:57:52] CLIENT: Targeting 60.00 FPS
[2022-08-14 13:57:52] CLIENT: Got control packet k_EStreamControlSetTargetFramerate
[2022-08-14 13:57:52] SynchronizeClientState(): setting cursor visible
[2022-08-14 13:57:52] SynchronizeClientState(): setting cursor to 65541
[2022-08-14 13:57:52] CLIENT: Got control packet k_EStreamControlSetCursor
[2022-08-14 13:57:53] Slow framerate: game 5.52, capture 0.34, convert 0.02, encode 6.85, network 46.01, decode 1.32, display 9.10 (network)
[2022-08-14 13:57:53] Bitrate adapter: state = 2, minRTT = 52, maxRTT = 168, gain = 0.75, bitrate = 2500
[2022-08-14 13:57:54] Bitrate adapter: state = 2, minRTT = 52, maxRTT = 311, gain = 0.75, bitrate = 2500
[2022-08-14 13:57:54] Slow framerate: game 5.60, capture 0.36, convert 0.03, encode 6.41, network 73.22, decode 1.00, display 12.91 (network)
[2022-08-14 13:57:54] Bitrate adapter: state = 2, minRTT = 52, maxRTT = 113, gain = 0.75, bitrate = 2500
[2022-08-14 13:57:55] Bitrate adapter: state = 2, minRTT = 52, maxRTT = 123, gain = 0.75, bitrate = 2500
[2022-08-14 13:57:55] Slow framerate: game 5.65, capture 0.36, convert 0.03, encode 6.15, network 40.00, decode 1.15, display 4.74 (network)
[2022-08-14 13:57:56] Bitrate adapter: state = 2, minRTT = 52, maxRTT = 116, gain = 0.75, bitrate = 2500
[2022-08-14 13:57:56] CLIENT: SteamNetworkingSockets connection: Connected UDP@18.223.213.124:59648 Ping: 63ms IN: 1975.8kbit 432.9 pkt/s qual 99.4OUT: 153.4kbit 188.4 pkt/s qual 100.0
[2022-08-14 13:57:56] Setting target framerate: 60.00 [timing: game 5.82, capture 0.35, convert 0.04, encode 5.97, network 31.54, decode 1.24, display 3.45]
[2022-08-14 13:57:56] CLIENT: Targeting 60.00 FPS
[2022-08-14 13:57:56] CLIENT: Got control packet k_EStreamControlSetTargetFramerate
[2022-08-14 13:57:57] Bitrate adapter: state = 2, minRTT = 52, maxRTT = 162, gain = 0.75, bitrate = 2500
[2022-08-14 13:57:57] Slow framerate: game 5.75, capture 0.35, convert 0.03, encode 5.84, network 36.36, decode 1.21, display 4.42 (network)
[2022-08-14 13:57:57] Setting target framerate: 60.00 [timing: game 5.75, capture 0.35, convert 0.03, encode 5.84, network 36.36, decode 1.21, display 4.42 (network)]
[2022-08-14 13:57:57] CLIENT: Targeting 60.00 FPS
[2022-08-14 13:57:57] CLIENT: Got control packet k_EStreamControlSetTargetFramerate
[2022-08-14 13:57:57] SynchronizeClientState(): setting cursor hidden
[2022-08-14 13:57:57] SynchronizeClientState(): setting cursor to 0
[2022-08-14 13:57:57] CLIENT: Got control packet k_EStreamControlHideCursor
[2022-08-14 13:57:57] CLIENT: Got control packet k_EStreamControlSetCursor
[2022-08-14 13:57:58] Bitrate adapter: state = 2, minRTT = 52, maxRTT = 104, gain = 0.75, bitrate = 2500
[2022-08-14 13:57:58] Setting target framerate: 60.00 [timing: game 5.56, capture 0.36, convert 0.01, encode 5.62, network 33.87, decode 1.25, display 4.07]
[2022-08-14 13:57:58] CLIENT: Targeting 60.00 FPS
[2022-08-14 13:57:58] CLIENT: Got control packet k_EStreamControlSetTargetFramerate
[2022-08-14 13:57:59] SynchronizeClientState(): setting cursor visible
[2022-08-14 13:57:59] SynchronizeClientState(): setting cursor to 65541
[2022-08-14 13:57:59] SynchronizeClientState(): setting cursor hidden
[2022-08-14 13:57:59] SynchronizeClientState(): setting cursor to 0
[2022-08-14 13:57:59] CLIENT: Got control packet k_EStreamControlSetCursor
[2022-08-14 13:57:59] CLIENT: Got control packet k_EStreamControlHideCursor
[2022-08-14 13:57:59] CLIENT: Got control packet k_EStreamControlSetCursor
[2022-08-14 13:58:00] Bitrate adapter: state = 2, minRTT = 52, maxRTT = 107, gain = 0.75, bitrate = 2500
[2022-08-14 13:58:01] CLIENT: SteamNetworkingSockets connection: Connected UDP@18.223.213.124:59648 Ping: 61ms IN: 2143.1kbit 463.1 pkt/s qual 100.0OUT: 177.1kbit 225.3 pkt/s qual 100.0
[2022-08-14 13:58:01] Bitrate adapter: state = 2, minRTT = 52, maxRTT = 110, gain = 0.75, bitrate = 2500
[2022-08-14 13:58:02] CLIENT: [SteamNetworkingSockets] [#1129249786 P2P ICE steamid:76561199378814893 vport 0] SDR routing message updated, revision 8.  (POP 'ord' last sent ping 43 is outside ping range 50-256 (2 buckets))
[2022-08-14 13:58:05] Bitrate adapter: state = 2, minRTT = 53, maxRTT = 71, gain = 1.25, bitrate = 3125
[2022-08-14 13:58:06] CLIENT: SteamNetworkingSockets connection: Connected UDP@18.223.213.124:59648 Ping: 63ms IN: 2450.9kbit 505.6 pkt/s qual 99.1OUT: 166.7kbit 208.7 pkt/s qual 100.0
[2022-08-14 13:58:07] Bitrate adapter: state = 2, minRTT = 53, maxRTT = 106, gain = 0.75, bitrate = 2500
[2022-08-14 13:58:11] CLIENT: SteamNetworkingSockets connection: Connected UDP@18.223.213.124:59648 Ping: 60ms IN: 2583.9kbit 502.0 pkt/s qual 100.0OUT: 163.9kbit 211.0 pkt/s qual 100.0
[2022-08-14 13:58:11] Bitrate adapter: state = 2, minRTT = 53, maxRTT = 70, gain = 1.25, bitrate = 3125
[2022-08-14 13:58:13] Bitrate adapter: state = 2, minRTT = 53, maxRTT = 131, gain = 0.75, bitrate = 2500
[2022-08-14 13:58:14] Slow framerate: game 4.24, capture 0.35, convert 0.00, encode 6.98, network 37.59, decode 1.26, display 3.89 (network)
[2022-08-14 13:58:14] Setting target framerate: 60.00 [timing: game 4.24, capture 0.35, convert 0.00, encode 6.98, network 37.59, decode 1.26, display 3.89 (network)]
[2022-08-14 13:58:14] CLIENT: Targeting 60.00 FPS
[2022-08-14 13:58:14] CLIENT: Got control packet k_EStreamControlSetTargetFramerate
[2022-08-14 13:58:14] Bitrate adapter: state = 2, minRTT = 53, maxRTT = 154, gain = 0.75, bitrate = 2500
[2022-08-14 13:58:15] Slow framerate: game 4.17, capture 0.33, convert 0.00, encode 6.79, network 38.81, decode 1.28, display 5.65 (network)
[2022-08-14 13:58:16] Setting target framerate: 60.00 [timing: game 3.91, capture 0.33, convert 0.00, encode 6.70, network 31.93, decode 1.42, display 3.30]
[2022-08-14 13:58:16] CLIENT: SteamNetworkingSockets connection: Connected UDP@18.223.213.124:59648 Ping: 69ms IN: 2623.5kbit 501.0 pkt/s qual 99.6OUT: 167.5kbit 209.1 pkt/s qual 100.0
[2022-08-14 13:58:16] CLIENT: Targeting 60.00 FPS
[2022-08-14 13:58:16] CLIENT: Got control packet k_EStreamControlSetTargetFramerate
[2022-08-14 13:58:17] Bitrate adapter: state = 2, minRTT = 53, maxRTT = 137, gain = 0.75, bitrate = 2500
[2022-08-14 13:58:18] Slow framerate: game 4.04, capture 0.39, convert 0.00, encode 7.06, network 36.01, decode 1.20, display 3.49 (network)
[2022-08-14 13:58:18] Setting target framerate: 60.00 [timing: game 4.04, capture 0.39, convert 0.00, encode 7.06, network 36.01, decode 1.20, display 3.49 (network)]
[2022-08-14 13:58:18] CLIENT: Targeting 60.00 FPS
[2022-08-14 13:58:18] CLIENT: Got control packet k_EStreamControlSetTargetFramerate
[2022-08-14 13:58:19] Setting target framerate: 60.00 [timing: game 4.54, capture 0.37, convert 0.00, encode 6.79, network 32.10, decode 1.30, display 4.32]
[2022-08-14 13:58:19] CLIENT: Targeting 60.00 FPS
[2022-08-14 13:58:19] CLIENT: Got control packet k_EStreamControlSetTargetFramerate
[2022-08-14 13:58:21] CLIENT: SteamNetworkingSockets connection: Connected UDP@18.223.213.124:59648 Ping: 60ms IN: 2380.6kbit 481.5 pkt/s qual 100.0OUT: 169.3kbit 214.3 pkt/s qual 100.0
[2022-08-14 13:58:21] Bitrate adapter: state = 2, minRTT = 51, maxRTT = 78, gain = 1.25, bitrate = 3125
[2022-08-14 13:58:25] Bitrate adapter: state = 2, minRTT = 51, maxRTT = 76, gain = 1.25, bitrate = 3906
[2022-08-14 13:58:26] CLIENT: SteamNetworkingSockets connection: Connected UDP@18.223.213.124:59648 Ping: 62ms IN: 2549.7kbit 489.4 pkt/s qual 99.6OUT: 130.4kbit 171.6 pkt/s qual 100.0
[2022-08-14 13:58:27] Bitrate adapter: state = 2, minRTT = 51, maxRTT = 165, gain = 0.75, bitrate = 2929
[2022-08-14 13:58:27] Slow framerate: game 4.39, capture 0.35, convert 0.00, encode 6.79, network 40.52, decode 1.05, display 3.56 (network)
[2022-08-14 13:58:27] Setting target framerate: 60.00 [timing: game 4.39, capture 0.35, convert 0.00, encode 6.79, network 40.52, decode 1.05, display 3.56 (network)]
[2022-08-14 13:58:27] CLIENT: Targeting 60.00 FPS
[2022-08-14 13:58:27] CLIENT: Got control packet k_EStreamControlSetTargetFramerate
[2022-08-14 13:58:27] Bitrate adapter: state = 2, minRTT = 51, maxRTT = 175, gain = 0.75, bitrate = 2500
[2022-08-14 13:58:28] Slow framerate: game 4.35, capture 0.34, convert 0.00, encode 6.71, network 37.37, decode 0.97, display 3.59 (network)
[2022-08-14 13:58:29] Bitrate adapter: state = 2, minRTT = 50, maxRTT = 102, gain = 0.75, bitrate = 2500
[2022-08-14 13:58:29] Slow framerate: game 4.34, capture 0.35, convert 0.00, encode 6.68, network 36.57, decode 1.16, display 4.23 (network)
[2022-08-14 13:58:29] Bitrate adapter: state = 2, minRTT = 50, maxRTT = 193, gain = 0.75, bitrate = 2500
[2022-08-14 13:58:29] CLIENT: [SteamNetworkingSockets] [#1129249786 P2P ICE steamid:76561199378814893 vport 0] SDR routing message updated, revision 9.  (POP 'ord' last sent ping 50 is outside ping range 39-43 (1 buckets))
[2022-08-14 13:58:30] Slow framerate: game 4.52, capture 0.35, convert 0.00, encode 6.61, network 42.20, decode 1.26, display 4.65 (network)
[2022-08-14 13:58:30] Bitrate adapter: state = 2, minRTT = 50, maxRTT = 104, gain = 0.75, bitrate = 2500
[2022-08-14 13:58:31] Setting target framerate: 60.00 [timing: game 4.30, capture 0.35, convert 0.01, encode 6.41, network 30.87, decode 1.44, display 3.54]
[2022-08-14 13:58:31] CLIENT: SteamNetworkingSockets connection: Connected UDP@18.223.213.124:59648 Ping: 58ms IN: 2760.7kbit 517.7 pkt/s qual 99.9OUT: 144.9kbit 184.5 pkt/s qual 100.0
[2022-08-14 13:58:31] CLIENT: Targeting 60.00 FPS
[2022-08-14 13:58:31] CLIENT: Got control packet k_EStreamControlSetTargetFramerate
[2022-08-14 13:58:31] Audio mix: start=187363805677, returned=5756160
[2022-08-14 13:58:34] Bitrate adapter: state = 2, minRTT = 50, maxRTT = 92, gain = 1.25, bitrate = 3125
[2022-08-14 13:58:35] Bitrate adapter: state = 2, minRTT = 50, maxRTT = 402, gain = 0.75, bitrate = 2500
[2022-08-14 13:58:35] CLIENT: Video overflow (216.90ms queued), requesting keyframe synchronization
[2022-08-14 13:58:35] CLIENT: Flushing audio, 520 ms queued, 188 ms maximum, delivery delay = 44
[2022-08-14 13:58:35] Bitrate adapter: state = 2, minRTT = 50, maxRTT = 212, gain = 0.75, bitrate = 2500
[2022-08-14 13:58:36] Slow framerate: game 3.98, capture 0.33, convert 0.00, encode 6.59, network 160.85, decode 0.93, display 4.72 (network)
[2022-08-14 13:58:36] Setting target framerate: 60.00 [timing: game 3.98, capture 0.33, convert 0.00, encode 6.59, network 160.85, decode 0.93, display 4.72 (network)]
[2022-08-14 13:58:36] CLIENT: SteamNetworkingSockets connection: Connected UDP@18.223.213.124:59648 Ping: 62ms IN: 2258.1kbit 467.3 pkt/s qual 99.7OUT: 213.7kbit 221.4 pkt/s qual 100.0
[2022-08-14 13:58:36] CLIENT: Targeting 60.00 FPS
[2022-08-14 13:58:36] CLIENT: Got control packet k_EStreamControlSetTargetFramerate
[2022-08-14 13:58:37] Setting target framerate: 60.00 [timing: game 4.08, capture 0.33, convert 0.00, encode 6.68, network 28.78, decode 1.21, display 3.38]
[2022-08-14 13:58:37] CLIENT: Targeting 60.00 FPS
[2022-08-14 13:58:37] CLIENT: Got control packet k_EStreamControlSetTargetFramerate
[2022-08-14 13:58:39] Bitrate adapter: state = 2, minRTT = 51, maxRTT = 65, gain = 1.25, bitrate = 3125
[2022-08-14 13:58:41] CLIENT: SteamNetworkingSockets connection: Connected UDP@18.223.213.124:59648 Ping: 55ms IN: 2272.8kbit 474.5 pkt/s qual 99.8OUT: 128.0kbit 166.8 pkt/s qual 100.0
[2022-08-14 13:58:43] Slow framerate: game 5.24, capture 0.34, convert 0.00, encode 6.68, network 40.40, decode 1.10, display 3.69 (network)
[2022-08-14 13:58:43] Setting target framerate: 60.00 [timing: game 5.24, capture 0.34, convert 0.00, encode 6.68, network 40.40, decode 1.10, display 3.69 (network)]
[2022-08-14 13:58:43] Bitrate adapter: state = 2, minRTT = 52, maxRTT = 151, gain = 0.75, bitrate = 2500
[2022-08-14 13:58:43] CLIENT: Targeting 60.00 FPS
[2022-08-14 13:58:43] CLIENT: Got control packet k_EStreamControlSetTargetFramerate
[2022-08-14 13:58:43] Bitrate adapter: state = 2, minRTT = 52, maxRTT = 158, gain = 0.75, bitrate = 2500
[2022-08-14 13:58:44] Bitrate adapter: state = 2, minRTT = 52, maxRTT = 386, gain = 0.75, bitrate = 2500
[2022-08-14 13:58:44] Slow framerate: game 4.96, capture 0.35, convert 0.00, encode 6.84, network 79.92, decode 0.96, display 18.73 (network)
[2022-08-14 13:58:44] CLIENT: Flushing audio, 260 ms queued, 244 ms maximum, delivery delay = 72
[2022-08-14 13:58:45] Slow framerate: game 4.79, capture 0.34, convert 0.00, encode 6.82, network 87.72, decode 1.05, display 3.73 (network)
[2022-08-14 13:58:46] CLIENT: SteamNetworkingSockets connection: Connected UDP@18.223.213.124:59648 Ping: 56ms IN: 2480.1kbit 480.3 pkt/s qual 99.8OUT: 130.4kbit 158.6 pkt/s qual 100.0
[2022-08-14 13:58:46] Setting target framerate: 60.00 [timing: game 5.18, capture 0.34, convert 0.00, encode 6.94, network 32.11, decode 0.98, display 3.63]
[2022-08-14 13:58:46] Bitrate adapter: state = 2, minRTT = 44, maxRTT = 140, gain = 0.75, bitrate = 2500
[2022-08-14 13:58:46] CLIENT: Targeting 60.00 FPS
[2022-08-14 13:58:46] CLIENT: Got control packet k_EStreamControlSetTargetFramerate
[2022-08-14 13:58:46] Bitrate adapter: state = 2, minRTT = 44, maxRTT = 104, gain = 0.75, bitrate = 2500
[2022-08-14 13:58:47] CLIENT: [SteamNetworkingSockets] [#1129249786 P2P ICE steamid:76561199378814893 vport 0] Discarding inactive session atl#31 (162.254.199.170:27045).  session_inactivity_timeout
[2022-08-14 13:58:47] CLIENT: [SteamNetworkingSockets] [#1129249786 P2P ICE steamid:76561199378814893 vport 0] SDR routing message updated, revision 10.  (POP 'atl' session lost)
[2022-08-14 13:58:47] Slow framerate: game 5.54, capture 0.34, convert 0.00, encode 6.83, network 34.88, decode 1.17, display 4.58 (network)
[2022-08-14 13:58:47] Setting target framerate: 60.00 [timing: game 5.54, capture 0.34, convert 0.00, encode 6.83, network 34.88, decode 1.17, display 4.58 (network)]
[2022-08-14 13:58:47] CLIENT: Targeting 60.00 FPS
[2022-08-14 13:58:47] CLIENT: Got control packet k_EStreamControlSetTargetFramerate
[2022-08-14 13:58:48] Setting target framerate: 60.00 [timing: game 5.62, capture 0.35, convert 0.00, encode 6.71, network 30.71, decode 1.08, display 3.05]
[2022-08-14 13:58:48] CLIENT: Targeting 60.00 FPS
[2022-08-14 13:58:48] CLIENT: Got control packet k_EStreamControlSetTargetFramerate
[2022-08-14 13:58:51] Bitrate adapter: state = 2, minRTT = 44, maxRTT = 105, gain = 0.75, bitrate = 2500
[2022-08-14 13:58:51] CLIENT: SteamNetworkingSockets connection: Connected UDP@18.223.213.124:59648 Ping: 56ms IN: 2426.0kbit 503.2 pkt/s qual 100.0OUT: 114.8kbit 157.2 pkt/s qual 100.0
[2022-08-14 13:58:51] Bitrate adapter: state = 2, minRTT = 44, maxRTT = 128, gain = 0.75, bitrate = 2500
[2022-08-14 13:58:51] CLIENT: [SteamNetworkingSockets] [#1129249786 P2P ICE steamid:76561199378814893 vport 0] Requesting session from atl#31 (162.254.199.170:27045).  Ping = 79 = 55+13+11 (front+interior+remote).
[2022-08-14 13:58:51] CLIENT: [SteamNetworkingSockets] [#1129249786 P2P ICE steamid:76561199378814893 vport 0] Received P2PSessionEstablished from atl#31 (162.254.199.170:27045), token @4965
[2022-08-14 13:58:51] CLIENT: [SteamNetworkingSockets] [#1129249786 P2P ICE steamid:76561199378814893 vport 0] Selecting atl#31 (162.254.199.170:27045) as backup #1 (Ping = 79 = 55+13+11 (front+interior+remote).)
[2022-08-14 13:58:51] CLIENT: [SteamNetworkingSockets] [#1129249786 P2P ICE steamid:76561199378814893 vport 0] SDR routing message updated, revision 11.  (POP 'atl' session changed)
[2022-08-14 13:58:52] Slow framerate: game 5.29, capture 0.35, convert 0.00, encode 6.84, network 34.96, decode 0.97, display 3.33 (network)
[2022-08-14 13:58:52] Setting target framerate: 60.00 [timing: game 5.29, capture 0.35, convert 0.00, encode 6.84, network 34.96, decode 0.97, display 3.33 (network)]
[2022-08-14 13:58:52] CLIENT: Targeting 60.00 FPS
[2022-08-14 13:58:52] CLIENT: Got control packet k_EStreamControlSetTargetFramerate
[2022-08-14 13:58:53] Bitrate adapter: state = 2, minRTT = 44, maxRTT = 113, gain = 0.75, bitrate = 2500
[2022-08-14 13:58:53] Setting target framerate: 60.00 [timing: game 5.26, capture 0.34, convert 0.00, encode 6.94, network 28.20, decode 0.93, display 2.62]
[2022-08-14 13:58:53] CLIENT: Targeting 60.00 FPS
[2022-08-14 13:58:53] CLIENT: Got control packet k_EStreamControlSetTargetFramerate
[2022-08-14 13:58:55] Bitrate adapter: state = 2, minRTT = 48, maxRTT = 254, gain = 0.75, bitrate = 2500
[2022-08-14 13:58:56] Slow framerate: game 5.18, capture 0.35, convert 0.00, encode 6.91, network 57.79, decode 0.96, display 4.42 (network)
[2022-08-14 13:58:56] Setting target framerate: 60.00 [timing: game 5.18, capture 0.35, convert 0.00, encode 6.91, network 57.79, decode 0.96, display 4.42 (network)]
[2022-08-14 13:58:56] CLIENT: SteamNetworkingSockets connection: Connected UDP@18.223.213.124:59648 Ping: 53ms IN: 2425.9kbit 501.1 pkt/s qual 99.6OUT: 122.7kbit 156.4 pkt/s qual 100.0
[2022-08-14 13:58:56] CLIENT: Targeting 60.00 FPS
[2022-08-14 13:58:56] CLIENT: Got control packet k_EStreamControlSetTargetFramerate
[2022-08-14 13:58:56] CLIENT: Video rect: 1728x1080 at 298,0
[2022-08-14 13:58:56] CLIENT: Texture rect: 1280x800 at 0,0
[2022-08-14 13:58:57] Setting target framerate: 60.00 [timing: game 5.53, capture 0.35, convert 0.00, encode 6.71, network 32.79, decode 1.20, display 5.92]
[2022-08-14 13:58:57] CLIENT: Targeting 60.00 FPS
[2022-08-14 13:58:57] CLIENT: Got control packet k_EStreamControlSetTargetFramerate
[2022-08-14 13:58:57] Bitrate adapter: state = 2, minRTT = 49, maxRTT = 132, gain = 0.75, bitrate = 2500
[2022-08-14 13:58:58] "SessionStats"
[2022-08-14 14:01:33] Streaming initialized and listening on port 0
[2022-08-14 14:01:40] CLIENT: Sending HID device 0000/11fb/-1  Mobile Touch Control at touch://0
