[2022-08-12 15:38:51] Streaming started to Samsung SM-G998U1 Android 12 at 0.0.0.0:0, audio channels = 2, MTU = 1472
[2022-08-12 15:38:51] Streaming quality: k_EStreamQualityBalanced
[2022-08-12 15:38:51] Streaming bitrate: Unlimited
[2022-08-12 15:38:51] Device form factor: phone
[2022-08-12 15:38:51] Maximum capture: 3840x2160 60.00 FPS
[2022-08-12 15:38:51] Video Streaming: enabled
[2022-08-12 15:38:51] Audio Streaming: enabled
[2022-08-12 15:38:51] Input Streaming: enabled
[2022-08-12 15:38:51] =====================================================================
[2022-08-12 15:38:51] Game: Counter-Strike: Global Offensive (730)
[2022-08-12 15:38:51] Setting target bitrate to 100000 Kbit/s, burst bitrate is 500000 Kbit/s
[2022-08-12 15:38:51] Streamed game has created a window
[2022-08-12 15:38:51] SynchronizeClientState(): setting capture size 1280x800
[2022-08-12 15:38:51] SynchronizeClientState(): setting title to Counter-Strike: Global Offensive - Direct3D 9
[2022-08-12 15:38:51] SynchronizeClientState(): setting icon 32x32
[2022-08-12 15:38:51] SynchronizeClientState(): setting cursor hidden
[2022-08-12 15:38:51] SynchronizeClientState(): setting keymap
[2022-08-12 15:38:51] SynchronizeClientState(): setting activity to k_EStreamActivityGame: Counter-Strike: Global Offensive
[2022-08-12 15:38:51] Recording system audio
[2022-08-12 15:38:51] Audio recording init failed, couldn't get the default audio endpoint: 0x80070490
[2022-08-12 15:38:51] Failed to init system audio recording: 1
[2022-08-12 15:38:51] Audio mix: start=20703684010, returned=0
[2022-08-12 15:38:51] CLIENT: Sending HID device 0000/11fb/-1  Mobile Touch Control at touch://0
[2022-08-12 15:38:51] >>> Switching video stream from NONE to GameOverlay_MovieStream_6768
[2022-08-12 15:38:51] CLIENT: Got control packet k_EStreamControlSetQoS
[2022-08-12 15:38:51] CLIENT: Got control packet k_EStreamControlSetTargetBitrate
[2022-08-12 15:38:51] CLIENT: Starting audio stream: frequency=48000, channels=2
[2022-08-12 15:38:51] CLIENT: Opened audio device: format=2, channels=2, frequency=48000
[2022-08-12 15:38:51] CLIENT: Initialized audio decoder: codec=3, sample rate=48000, channels=2
[2022-08-12 15:38:51] CLIENT: Got control packet k_EStreamControlStartAudioData
[2022-08-12 15:38:51] CLIENT: Got control packet k_EStreamControlSetSpectatorMode
[2022-08-12 15:38:51] CLIENT: Got control packet k_EStreamControlSetCaptureSize
[2022-08-12 15:38:51] CLIENT: Got control packet k_EStreamControlSetTitle
[2022-08-12 15:38:51] CLIENT: Got control packet k_EStreamControlSetIcon
[2022-08-12 15:38:51] CLIENT: Got control packet k_EStreamControlHideCursor
[2022-08-12 15:38:51] CLIENT: Got control packet k_EStreamControlSetKeymap
[2022-08-12 15:38:51] CLIENT: Got control packet k_EStreamControlSetActivity
[2022-08-12 15:38:52] >>> Capture method set to Game threaded D3D9 NV12 + NVENC H264
[2022-08-12 15:38:52] >>> Capture resolution set to 1280x800
[2022-08-12 15:38:52] >>> Capture colorspace set to BT.601 limited range
[2022-08-12 15:38:52] >>> Client video decoder set to Android texture hardware decoding
[2022-08-12 15:38:52] CLIENT: Android texture hardware decoding
[2022-08-12 15:38:52] CLIENT: Got control packet k_EStreamControlStartVideoData
[2022-08-12 15:38:52] CLIENT: Got control packet k_EStreamControlVideoEncoderInfo
[2022-08-12 15:38:53] CLIENT: BSubmitFrame(): No input buffer available
[2022-08-12 15:38:53] CLIENT: Marking frame 24 complete with status k_EStreamFrameResultDroppedReset
[2022-08-12 15:38:53] CLIENT: BSubmitFrame(): No input buffer available
[2022-08-12 15:38:53] CLIENT: Marking frame 25 complete with status k_EStreamFrameResultDroppedReset
[2022-08-12 15:38:53] CLIENT: Video overflow (216.14ms queued), requesting keyframe synchronization
[2022-08-12 15:38:53] CLIENT: Android texture hardware decoding
[2022-08-12 15:38:53] CLIENT: Marking frame 26 complete with status k_EStreamFrameResultDroppedReset
[2022-08-12 15:38:53] CLIENT: Marking frame 27 complete with status k_EStreamFrameResultDroppedReset
[2022-08-12 15:38:53] CLIENT: Marking frame 28 complete with status k_EStreamFrameResultDroppedReset
[2022-08-12 15:38:53] CLIENT: Marking frame 29 complete with status k_EStreamFrameResultDroppedReset
[2022-08-12 15:38:53] CLIENT: Marking frame 30 complete with status k_EStreamFrameResultDroppedReset
[2022-08-12 15:38:53] CLIENT: Marking frame 31 complete with status k_EStreamFrameResultDroppedReset
[2022-08-12 15:38:53] CLIENT: Marking frame 32 complete with status k_EStreamFrameResultDroppedReset
[2022-08-12 15:38:53] CLIENT: Marking frame 33 complete with status k_EStreamFrameResultDroppedReset
[2022-08-12 15:38:53] CLIENT: Marking frame 34 complete with status k_EStreamFrameResultDroppedReset
[2022-08-12 15:38:53] CLIENT: Marking frame 35 complete with status k_EStreamFrameResultDroppedReset
[2022-08-12 15:38:53] CLIENT: Marking frame 36 complete with status k_EStreamFrameResultDroppedReset
[2022-08-12 15:38:53] CLIENT: Marking frame 37 complete with status k_EStreamFrameResultDroppedReset
[2022-08-12 15:38:53] CLIENT: Marking frame 38 complete with status k_EStreamFrameResultDroppedReset
[2022-08-12 15:38:53] CLIENT: Marking frame 39 complete with status k_EStreamFrameResultDroppedReset
[2022-08-12 15:38:53] CLIENT: Marking frame 40 complete with status k_EStreamFrameResultDroppedReset
[2022-08-12 15:38:53] CLIENT: Marking frame 41 complete with status k_EStreamFrameResultDroppedReset
[2022-08-12 15:38:53] CLIENT: Marking frame 42 complete with status k_EStreamFrameResultDroppedReset
[2022-08-12 15:38:53] CLIENT: Marking frame 43 complete with status k_EStreamFrameResultDroppedReset
[2022-08-12 15:38:53] CLIENT: Marking frame 44 complete with status k_EStreamFrameResultDroppedReset
[2022-08-12 15:38:53] CLIENT: Marking frame 45 complete with status k_EStreamFrameResultDroppedReset
[2022-08-12 15:38:53] CLIENT: Marking frame 46 complete with status k_EStreamFrameResultDroppedReset
[2022-08-12 15:38:53] CLIENT: Marking frame 47 complete with status k_EStreamFrameResultDroppedReset
[2022-08-12 15:38:53] CLIENT: Marking frame 48 complete with status k_EStreamFrameResultDroppedReset
[2022-08-12 15:38:53] CLIENT: Marking frame 49 complete with status k_EStreamFrameResultDroppedReset
[2022-08-12 15:38:53] CLIENT: Marking frame 50 complete with status k_EStreamFrameResultDroppedReset
[2022-08-12 15:38:53] CLIENT: Marking frame 51 complete with status k_EStreamFrameResultDroppedReset
[2022-08-12 15:38:53] CLIENT: Marking frame 52 complete with status k_EStreamFrameResultDroppedReset
[2022-08-12 15:38:53] CLIENT: Marking frame 53 complete with status k_EStreamFrameResultDroppedReset
[2022-08-12 15:38:53] CLIENT: Marking frame 54 complete with status k_EStreamFrameResultDroppedReset
[2022-08-12 15:38:53] CLIENT: Marking frame 55 complete with status k_EStreamFrameResultDroppedReset
[2022-08-12 15:38:53] CLIENT: Marking frame 56 complete with status k_EStreamFrameResultDroppedReset
[2022-08-12 15:38:53] CLIENT: Marking frame 57 complete with status k_EStreamFrameResultDroppedReset
[2022-08-12 15:38:53] CLIENT: Marking frame 58 complete with status k_EStreamFrameResultDroppedReset
[2022-08-12 15:38:53] CLIENT: Got control packet k_EStreamControlControllerConfigMsg
[2022-08-12 15:38:53] CLIENT: Got control packet k_EStreamControlControllerConfigMsg
[2022-08-12 15:38:53] CLIENT: Got control packet k_EStreamControlControllerConfigMsg
[2022-08-12 15:38:53] CLIENT: Got control packet k_EStreamControlTouchActionSetActive
[2022-08-12 15:38:53] CLIENT: Got control packet k_EStreamControlTouchActionSetActive
[2022-08-12 15:38:53] CLIENT: Got control packet k_EStreamControlTouchConfigActive
[2022-08-12 15:38:53] CLIENT: Got control packet k_EStreamControlTouchActionSetActive
[2022-08-12 15:38:53] CLIENT: Got control packet k_EStreamControlTouchConfigActive
[2022-08-12 15:38:53] CLIENT: Video rect: 2325x1046 at 0,17
[2022-08-12 15:38:53] CLIENT: Texture rect: 2400x1080 at 0,0
[2022-08-12 15:38:53] CLIENT: Got control packet k_EStreamControlSetTouchConfigData
[2022-08-12 15:38:53] Bitrate adapter: state = 1, minRTT = 43, maxRTT = 75, gain = 2.00, bitrate = 5000
[2022-08-12 15:38:54] CLIENT: BSubmitFrame(): No input buffer available
[2022-08-12 15:38:54] CLIENT: Marking frame 83 complete with status k_EStreamFrameResultDroppedReset
[2022-08-12 15:38:54] CLIENT: BSubmitFrame(): No input buffer available
[2022-08-12 15:38:54] CLIENT: Marking frame 84 complete with status k_EStreamFrameResultDroppedReset
[2022-08-12 15:38:54] CLIENT: Video overflow (200.06ms queued), requesting keyframe synchronization
[2022-08-12 15:38:54] CLIENT: Android texture hardware decoding
[2022-08-12 15:38:54] CLIENT: Ignoring duplicate controller configuration for 730, revision 398
[2022-08-12 15:38:54] CLIENT: Got control packet k_EStreamControlSetTouchConfigData
[2022-08-12 15:38:54] CLIENT: Marking frame 85 complete with status k_EStreamFrameResultDroppedReset
[2022-08-12 15:38:54] CLIENT: Marking frame 86 complete with status k_EStreamFrameResultDroppedReset
[2022-08-12 15:38:54] CLIENT: Marking frame 87 complete with status k_EStreamFrameResultDroppedReset
[2022-08-12 15:38:54] CLIENT: Marking frame 88 complete with status k_EStreamFrameResultDroppedReset
[2022-08-12 15:38:54] CLIENT: Marking frame 89 complete with status k_EStreamFrameResultDroppedReset
[2022-08-12 15:38:54] CLIENT: Marking frame 90 complete with status k_EStreamFrameResultDroppedReset
[2022-08-12 15:38:54] CLIENT: Marking frame 91 complete with status k_EStreamFrameResultDroppedReset
[2022-08-12 15:38:54] CLIENT: Marking frame 92 complete with status k_EStreamFrameResultDroppedReset
[2022-08-12 15:38:54] CLIENT: Marking frame 93 complete with status k_EStreamFrameResultDroppedReset
[2022-08-12 15:38:54] CLIENT: Marking frame 94 complete with status k_EStreamFrameResultDroppedReset
[2022-08-12 15:38:54] CLIENT: Marking frame 95 complete with status k_EStreamFrameResultDroppedReset
[2022-08-12 15:38:54] CLIENT: Marking frame 96 complete with status k_EStreamFrameResultDroppedReset
[2022-08-12 15:38:54] CLIENT: Marking frame 97 complete with status k_EStreamFrameResultDroppedReset
[2022-08-12 15:38:54] CLIENT: Marking frame 98 complete with status k_EStreamFrameResultDroppedReset
[2022-08-12 15:38:54] CLIENT: Marking frame 99 complete with status k_EStreamFrameResultDroppedReset
[2022-08-12 15:38:54] CLIENT: Marking frame 100 complete with status k_EStreamFrameResultDroppedReset
[2022-08-12 15:38:54] CLIENT: Marking frame 101 complete with status k_EStreamFrameResultDroppedReset
[2022-08-12 15:38:54] CLIENT: Marking frame 102 complete with status k_EStreamFrameResultDroppedReset
[2022-08-12 15:38:54] CLIENT: Marking frame 103 complete with status k_EStreamFrameResultDroppedReset
[2022-08-12 15:38:54] CLIENT: Marking frame 104 complete with status k_EStreamFrameResultDroppedReset
[2022-08-12 15:38:54] CLIENT: Marking frame 105 complete with status k_EStreamFrameResultDroppedReset
[2022-08-12 15:38:54] CLIENT: Marking frame 106 complete with status k_EStreamFrameResultDroppedReset
[2022-08-12 15:38:54] CLIENT: Marking frame 107 complete with status k_EStreamFrameResultDroppedReset
[2022-08-12 15:38:54] CLIENT: Marking frame 108 complete with status k_EStreamFrameResultDroppedReset
[2022-08-12 15:38:54] CLIENT: Marking frame 109 complete with status k_EStreamFrameResultDroppedReset
[2022-08-12 15:38:54] CLIENT: Marking frame 110 complete with status k_EStreamFrameResultDroppedReset
[2022-08-12 15:38:54] CLIENT: Marking frame 111 complete with status k_EStreamFrameResultDroppedReset
[2022-08-12 15:38:54] CLIENT: Marking frame 112 complete with status k_EStreamFrameResultDroppedReset
[2022-08-12 15:38:54] CLIENT: Marking frame 113 complete with status k_EStreamFrameResultDroppedReset
[2022-08-12 15:38:54] CLIENT: Marking frame 114 complete with status k_EStreamFrameResultDroppedReset
[2022-08-12 15:38:54] CLIENT: Marking frame 115 complete with status k_EStreamFrameResultDroppedReset
[2022-08-12 15:38:54] CLIENT: Marking frame 116 complete with status k_EStreamFrameResultDroppedReset
[2022-08-12 15:38:54] CLIENT: Marking frame 117 complete with status k_EStreamFrameResultDroppedReset
[2022-08-12 15:38:54] CLIENT: Marking frame 118 complete with status k_EStreamFrameResultDroppedReset
[2022-08-12 15:38:54] CLIENT: Video rect: 2325x1046 at 0,17
[2022-08-12 15:38:54] CLIENT: Texture rect: 1280x800 at 0,0
[2022-08-12 15:38:54] CLIENT: Video size: 1280x800, output size: 2325x1080, overlay size: 2325x1080
[2022-08-12 15:38:54] CLIENT: Video rect: 1728x1080 at 298,0
[2022-08-12 15:38:54] CLIENT: Texture rect: 1280x800 at 0,0
[2022-08-12 15:38:54] CLIENT: Video rect: 1728x1080 at 298,0
[2022-08-12 15:38:54] CLIENT: Texture rect: 1280x800 at 0,0
[2022-08-12 15:38:54] Bitrate adapter: state = 1, minRTT = 40, maxRTT = 67, gain = 2.00, bitrate = 10000
[2022-08-12 15:38:54] CLIENT: Got control packet k_EStreamControlControllerConfigMsg
[2022-08-12 15:38:54] CLIENT: Got control packet k_EStreamControlControllerConfigMsg
[2022-08-12 15:38:54] CLIENT: Got control packet k_EStreamControlTouchActionSetActive
[2022-08-12 15:38:54] CLIENT: Got control packet k_EStreamControlTouchConfigActive
[2022-08-12 15:38:54] CLIENT: Got control packet k_EStreamControlTouchActionSetActive
[2022-08-12 15:38:54] CLIENT: Got control packet k_EStreamControlTouchConfigActive
[2022-08-12 15:38:54] CLIENT: Got control packet k_EStreamControlTouchConfigActive
[2022-08-12 15:38:54] CLIENT: Got control packet k_EStreamControlTouchActionSetActive
[2022-08-12 15:38:54] CLIENT: Got control packet k_EStreamControlTouchConfigActive
[2022-08-12 15:38:54] Bitrate adapter: state = 1, minRTT = 40, maxRTT = 69, gain = 2.00, bitrate = 20000
[2022-08-12 15:38:55] Bitrate adapter: state = 1, minRTT = 40, maxRTT = 74, gain = 2.00, bitrate = 40000
[2022-08-12 15:38:55] Bitrate adapter: state = 2, minRTT = 40, maxRTT = 110, gain = 0.50, bitrate = 20000
[2022-08-12 15:38:56] Slow framerate: game 7.04, capture 0.41, convert 0.01, encode 5.71, network 41.95, decode 1.33, display 10.93 (network)
[2022-08-12 15:38:56] Setting target framerate: 60.00 [timing: game 7.04, capture 0.41, convert 0.01, encode 5.71, network 41.95, decode 1.33, display 10.93 (network)]
[2022-08-12 15:38:56] CLIENT: SteamNetworkingSockets connection: Connected SDR->ord->ord  Ping: 56ms IN: 5494.2kbit 741.9 pkt/s qual 99.1OUT: 84.2kbit 110.4 pkt/s qual 100.0
[2022-08-12 15:38:56] CLIENT: Targeting 60.00 FPS
[2022-08-12 15:38:56] CLIENT: Got control packet k_EStreamControlSetTargetFramerate
[2022-08-12 15:38:57] Slow framerate: game 6.64, capture 0.41, convert 0.00, encode 5.53, network 36.86, decode 1.45, display 6.06 (network)
[2022-08-12 15:38:58] Slow framerate: game 6.67, capture 0.42, convert 0.00, encode 5.56, network 38.76, decode 1.30, display 8.90 (network)
[2022-08-12 15:38:58] Bitrate adapter: state = 2, minRTT = 40, maxRTT = 91, gain = 0.75, bitrate = 15000
[2022-08-12 15:38:59] Slow framerate: game 7.09, capture 0.43, convert 0.01, encode 6.02, network 40.07, decode 1.34, display 5.67 (network)
[2022-08-12 15:38:59] Bitrate adapter: state = 2, minRTT = 40, maxRTT = 91, gain = 0.75, bitrate = 11250
[2022-08-12 15:39:00] Slow framerate: game 7.89, capture 0.42, convert 0.01, encode 6.04, network 37.62, decode 1.22, display 4.25 (network)
[2022-08-12 15:39:01] Slow framerate: game 8.10, capture 0.43, convert 0.00, encode 5.87, network 36.35, decode 1.29, display 4.30 (network)
[2022-08-12 15:39:01] CLIENT: SteamNetworkingSockets connection: Connected SDR->ord->ord  Ping: 45ms IN: 17470.4kbit 2047.2 pkt/s qual 100.0OUT: 148.4kbit 200.1 pkt/s qual 100.0
[2022-08-12 15:39:02] Setting target framerate: 60.00 [timing: game 8.17, capture 0.43, convert 0.00, encode 5.64, network 32.63, decode 1.27, display 4.83]
[2022-08-12 15:39:02] CLIENT: Targeting 60.00 FPS
[2022-08-12 15:39:02] CLIENT: Got control packet k_EStreamControlSetTargetFramerate
[2022-08-12 15:39:03] Bitrate adapter: state = 2, minRTT = 41, maxRTT = 64, gain = 1.25, bitrate = 14062
[2022-08-12 15:39:03] SynchronizeClientState(): setting cursor visible
[2022-08-12 15:39:03] SynchronizeClientState(): setting cursor to 65541
[2022-08-12 15:39:03] CLIENT: Got control packet k_EStreamControlSetCursor
[2022-08-12 15:39:04] SynchronizeClientState(): setting cursor hidden
[2022-08-12 15:39:04] SynchronizeClientState(): setting cursor to 0
[2022-08-12 15:39:04] CLIENT: Got control packet k_EStreamControlHideCursor
[2022-08-12 15:39:04] CLIENT: Got control packet k_EStreamControlSetCursor
[2022-08-12 15:39:05] CLIENT: [SteamNetworkingSockets] ICE: ICE completed
[2022-08-12 15:39:06] CLIENT: SteamNetworkingSockets connection: Connected SDR->ord->ord  Ping: 60ms IN: 11636.6kbit 1440.4 pkt/s qual 100.0OUT: 92.1kbit 137.7 pkt/s qual 100.0
[2022-08-12 15:39:07] Bitrate adapter: state = 2, minRTT = 41, maxRTT = 89, gain = 1.25, bitrate = 17577
[2022-08-12 15:39:08] Slow framerate: game 8.14, capture 0.42, convert 0.01, encode 4.94, network 37.79, decode 1.24, display 7.40 (network)
[2022-08-12 15:39:08] Setting target framerate: 60.00 [timing: game 8.14, capture 0.42, convert 0.01, encode 4.94, network 37.79, decode 1.24, display 7.40 (network)]
[2022-08-12 15:39:08] CLIENT: Targeting 60.00 FPS
[2022-08-12 15:39:08] CLIENT: Got control packet k_EStreamControlSetTargetFramerate
[2022-08-12 15:39:09] Slow framerate: game 7.84, capture 0.41, convert 0.00, encode 5.14, network 37.08, decode 1.26, display 6.93 (network)
[2022-08-12 15:39:09] Bitrate adapter: state = 2, minRTT = 41, maxRTT = 106, gain = 0.75, bitrate = 13182
[2022-08-12 15:39:10] Slow framerate: game 7.81, capture 0.42, convert 0.01, encode 5.24, network 35.31, decode 1.23, display 5.23 (network)
[2022-08-12 15:39:11] Slow framerate: game 7.73, capture 0.42, convert 0.00, encode 5.40, network 36.52, decode 1.42, display 5.09 (network)
[2022-08-12 15:39:11] CLIENT: SteamNetworkingSockets connection: Connected SDR->ord->ord  Ping: 51ms IN: 14210.4kbit 1709.2 pkt/s qual 100.0OUT: 123.2kbit 169.6 pkt/s qual 100.0
[2022-08-12 15:39:12] Slow framerate: game 7.77, capture 0.43, convert 0.00, encode 5.54, network 34.55, decode 1.25, display 4.42 (network)
[2022-08-12 15:39:12] SynchronizeClientState(): setting cursor visible
[2022-08-12 15:39:12] SynchronizeClientState(): setting cursor to 65541
[2022-08-12 15:39:12] CLIENT: Got control packet k_EStreamControlSetCursor
[2022-08-12 15:39:12] SynchronizeClientState(): setting cursor hidden
[2022-08-12 15:39:12] SynchronizeClientState(): setting cursor to 0
[2022-08-12 15:39:13] CLIENT: Got control packet k_EStreamControlHideCursor
[2022-08-12 15:39:13] CLIENT: Got control packet k_EStreamControlSetCursor
[2022-08-12 15:39:13] Setting target framerate: 60.00 [timing: game 7.72, capture 0.42, convert 0.01, encode 5.74, network 29.49, decode 1.31, display 3.03]
[2022-08-12 15:39:13] CLIENT: Targeting 60.00 FPS
[2022-08-12 15:39:13] CLIENT: Got control packet k_EStreamControlSetTargetFramerate
[2022-08-12 15:39:13] Bitrate adapter: state = 2, minRTT = 41, maxRTT = 65, gain = 1.25, bitrate = 16477
[2022-08-12 15:39:15] Slow framerate: game 7.52, capture 0.42, convert 0.00, encode 6.16, network 39.44, decode 1.20, display 9.50 (network)
[2022-08-12 15:39:15] Setting target framerate: 60.00 [timing: game 7.52, capture 0.42, convert 0.00, encode 6.16, network 39.44, decode 1.20, display 9.50 (network)]
[2022-08-12 15:39:15] CLIENT: Targeting 60.00 FPS
[2022-08-12 15:39:15] CLIENT: Got control packet k_EStreamControlSetTargetFramerate
[2022-08-12 15:39:15] Bitrate adapter: state = 2, minRTT = 44, maxRTT = 122, gain = 0.75, bitrate = 12357
[2022-08-12 15:39:16] Slow framerate: game 7.55, capture 0.42, convert 0.01, encode 6.23, network 43.57, decode 1.18, display 8.80 (network)
[2022-08-12 15:39:16] CLIENT: SteamNetworkingSockets connection: Connected SDR->ord->ord  Ping: 75ms IN: 13314.5kbit 1620.4 pkt/s qual 100.0OUT: 106.5kbit 150.8 pkt/s qual 100.0
[2022-08-12 15:39:16] Bitrate adapter: state = 2, minRTT = 44, maxRTT = 103, gain = 0.75, bitrate = 9267
[2022-08-12 15:39:17] Slow framerate: game 7.52, capture 0.41, convert 0.01, encode 5.89, network 43.93, decode 1.13, display 5.66 (network)
[2022-08-12 15:39:17] Bitrate adapter: state = 2, minRTT = 44, maxRTT = 106, gain = 0.75, bitrate = 6950
[2022-08-12 15:39:18] Slow framerate: game 7.56, capture 0.42, convert 0.01, encode 5.95, network 40.21, decode 1.21, display 3.53 (network)
[2022-08-12 15:39:19] Slow framerate: game 6.94, capture 0.43, convert 0.00, encode 6.40, network 35.49, decode 1.24, display 3.58 (network)
[2022-08-12 15:39:20] Slow framerate: game 5.92, capture 0.41, convert 0.00, encode 6.59, network 36.32, decode 1.23, display 3.79 (network)
[2022-08-12 15:39:21] Slow framerate: game 4.93, capture 0.41, convert 0.00, encode 6.81, network 36.45, decode 1.27, display 6.90 (network)
[2022-08-12 15:39:21] CLIENT: SteamNetworkingSockets connection: Connected SDR->ord->ord  Ping: 56ms IN: 7739.7kbit 1047.0 pkt/s qual 100.0OUT: 130.3kbit 176.8 pkt/s qual 100.0
[2022-08-12 15:39:21] CLIENT: [SteamNetworkingSockets] [#3888666882 P2P SDR steamid:76561199378814893 vport 0] SDR routing message updated, revision 5.  (POP 'ord' last sent ping 39 is outside ping range 43-51 (4 buckets))
[2022-08-12 15:39:21] Bitrate adapter: state = 2, minRTT = 44, maxRTT = 83, gain = 1.25, bitrate = 8687
[2022-08-12 15:39:22] Slow framerate: game 4.52, capture 0.43, convert 0.01, encode 6.83, network 35.01, decode 1.26, display 5.18 (network)
[2022-08-12 15:39:23] Slow framerate: game 4.56, capture 0.42, convert 0.00, encode 6.84, network 34.40, decode 1.29, display 5.29 (network)
[2022-08-12 15:39:24] Setting target framerate: 60.00 [timing: game 5.18, capture 0.42, convert 0.00, encode 6.97, network 32.23, decode 1.19, display 5.62]
[2022-08-12 15:39:24] CLIENT: Targeting 60.00 FPS
[2022-08-12 15:39:24] CLIENT: Got control packet k_EStreamControlSetTargetFramerate
[2022-08-12 15:39:25] Bitrate adapter: state = 2, minRTT = 44, maxRTT = 64, gain = 1.25, bitrate = 10858
[2022-08-12 15:39:26] CLIENT: SteamNetworkingSockets connection: Connected SDR->ord->ord  Ping: 58ms IN: 8027.7kbit 1070.8 pkt/s qual 100.0OUT: 113.3kbit 160.4 pkt/s qual 100.0
[2022-08-12 15:39:27] Slow framerate: game 6.66, capture 0.43, convert 0.00, encode 6.99, network 34.39, decode 1.34, display 13.98 (network)
[2022-08-12 15:39:27] Setting target framerate: 60.00 [timing: game 6.66, capture 0.43, convert 0.00, encode 6.99, network 34.39, decode 1.34, display 13.98 (network)]
[2022-08-12 15:39:27] CLIENT: Targeting 60.00 FPS
[2022-08-12 15:39:27] CLIENT: Got control packet k_EStreamControlSetTargetFramerate
[2022-08-12 15:39:28] Slow framerate: game 6.32, capture 0.42, convert 0.00, encode 6.91, network 36.71, decode 1.28, display 11.63 (network)
[2022-08-12 15:39:29] Slow framerate: game 6.00, capture 0.42, convert 0.00, encode 6.97, network 39.60, decode 1.33, display 5.66 (network)
[2022-08-12 15:39:29] Bitrate adapter: state = 2, minRTT = 43, maxRTT = 79, gain = 1.25, bitrate = 13572
[2022-08-12 15:39:29] Bitrate adapter: state = 2, minRTT = 43, maxRTT = 108, gain = 0.75, bitrate = 10179
[2022-08-12 15:39:30] Slow framerate: game 5.76, capture 0.43, convert 0.01, encode 7.11, network 40.70, decode 1.32, display 6.85 (network)
[2022-08-12 15:39:31] Slow framerate: game 5.54, capture 0.43, convert 0.00, encode 6.92, network 39.75, decode 1.22, display 6.51 (network)
[2022-08-12 15:39:31] CLIENT: SteamNetworkingSockets connection: Connected SDR->ord->ord  Ping: 60ms IN: 10543.7kbit 1325.1 pkt/s qual 99.8OUT: 124.6kbit 176.4 pkt/s qual 100.0
[2022-08-12 15:39:32] Slow framerate: game 5.29, capture 0.42, convert 0.01, encode 6.80, network 41.57, decode 1.26, display 6.80 (network)
[2022-08-12 15:39:33] Slow framerate: game 5.16, capture 0.43, convert 0.00, encode 6.85, network 43.28, decode 1.30, display 5.29 (network)
[2022-08-12 15:39:33] Bitrate adapter: state = 2, minRTT = 43, maxRTT = 68, gain = 1.25, bitrate = 12723
[2022-08-12 15:39:34] Slow framerate: game 5.28, capture 0.42, convert 0.00, encode 7.00, network 37.50, decode 1.28, display 6.63 (network)
[2022-08-12 15:39:35] Bitrate adapter: state = 2, minRTT = 43, maxRTT = 100, gain = 0.75, bitrate = 9542
[2022-08-12 15:39:35] Slow framerate: game 5.46, capture 0.42, convert 0.01, encode 7.15, network 43.81, decode 1.27, display 7.51 (network)
[2022-08-12 15:39:36] Bitrate adapter: state = 2, minRTT = 44, maxRTT = 145, gain = 0.75, bitrate = 7156
[2022-08-12 15:39:36] Slow framerate: game 5.57, capture 0.42, convert 0.00, encode 7.03, network 59.39, decode 1.40, display 10.87 (network)
[2022-08-12 15:39:36] CLIENT: SteamNetworkingSockets connection: Connected SDR->ord->ord  Ping: 176ms IN: 10143.0kbit 1279.7 pkt/s qual 99.8OUT: 147.9kbit 201.6 pkt/s qual 100.0
[2022-08-12 15:39:36] Bitrate adapter: state = 2, minRTT = 44, maxRTT = 134, gain = 0.75, bitrate = 5367
[2022-08-12 15:39:37] Slow framerate: game 5.78, capture 0.41, convert 0.01, encode 7.01, network 49.24, decode 1.23, display 4.30 (network)
[2022-08-12 15:39:38] Slow framerate: game 5.83, capture 0.42, convert 0.01, encode 6.97, network 34.35, decode 1.33, display 3.42 (network)
[2022-08-12 15:39:39] Setting target framerate: 60.00 [timing: game 5.72, capture 0.40, convert 0.00, encode 6.95, network 31.42, decode 1.20, display 3.14]
[2022-08-12 15:39:39] CLIENT: Targeting 60.00 FPS
[2022-08-12 15:39:40] Bitrate adapter: state = 2, minRTT = 44, maxRTT = 69, gain = 1.25, bitrate = 6708
[2022-08-12 15:39:41] CLIENT: SteamNetworkingSockets connection: Connected SDR->ord->ord  Ping: 55ms IN: 5586.6kbit 812.6 pkt/s qual 100.0OUT: 139.5kbit 191.5 pkt/s qual 100.0
[2022-08-12 15:39:42] Slow framerate: game 4.90, capture 0.41, convert 0.00, encode 7.00, network 35.56, decode 1.27, display 12.92 (network)
[2022-08-12 15:39:42] Setting target framerate: 60.00 [timing: game 4.90, capture 0.41, convert 0.00, encode 7.00, network 35.56, decode 1.27, display 12.92 (network)]
[2022-08-12 15:39:42] CLIENT: Targeting 60.00 FPS
[2022-08-12 15:39:42] CLIENT: Got control packet k_EStreamControlSetTargetFramerate
[2022-08-12 15:39:43] Slow framerate: game 4.98, capture 0.42, convert 0.00, encode 6.92, network 36.28, decode 1.27, display 13.46 (network)
[2022-08-12 15:39:44] Setting target framerate: 60.00 [timing: game 5.35, capture 0.41, convert 0.00, encode 7.02, network 32.82, decode 1.32, display 11.55]
[2022-08-12 15:39:44] CLIENT: Targeting 60.00 FPS
[2022-08-12 15:39:44] CLIENT: Got control packet k_EStreamControlSetTargetFramerate
[2022-08-12 15:39:44] Bitrate adapter: state = 2, minRTT = 43, maxRTT = 72, gain = 1.25, bitrate = 8385
[2022-08-12 15:39:45] Slow framerate: game 5.75, capture 0.42, convert 0.01, encode 7.02, network 36.80, decode 1.29, display 14.48 (network)
[2022-08-12 15:39:45] Setting target framerate: 60.00 [timing: game 5.75, capture 0.42, convert 0.01, encode 7.02, network 36.80, decode 1.29, display 14.48 (network)]
[2022-08-12 15:39:45] CLIENT: Targeting 60.00 FPS
[2022-08-12 15:39:45] CLIENT: Got control packet k_EStreamControlSetTargetFramerate
[2022-08-12 15:39:46] Slow framerate: game 6.17, capture 0.43, convert 0.00, encode 7.18, network 41.37, decode 1.25, display 6.52 (network)
[2022-08-12 15:39:46] CLIENT: SteamNetworkingSockets connection: Connected SDR->ord->ord  Ping: 54ms IN: 6723.5kbit 933.8 pkt/s qual 99.9OUT: 130.2kbit 183.4 pkt/s qual 100.0
[2022-08-12 15:39:47] Slow framerate: game 6.09, capture 0.42, convert 0.00, encode 7.05, network 36.49, decode 1.18, display 8.33 (network)
[2022-08-12 15:39:48] Slow framerate: game 5.91, capture 0.41, convert 0.00, encode 6.99, network 39.56, decode 1.29, display 4.46 (network)
[2022-08-12 15:39:48] Bitrate adapter: state = 2, minRTT = 44, maxRTT = 78, gain = 1.25, bitrate = 10481
[2022-08-12 15:39:49] Slow framerate: game 5.75, capture 0.41, convert 0.00, encode 7.18, network 43.20, decode 1.22, display 6.19 (network)
[2022-08-12 15:39:50] Slow framerate: game 5.90, capture 0.41, convert 0.00, encode 7.32, network 39.02, decode 1.27, display 3.56 (network)
[2022-08-12 15:39:51] Slow framerate: game 5.71, capture 0.42, convert 0.00, encode 7.39, network 39.69, decode 1.16, display 4.69 (network)
[2022-08-12 15:39:51] CLIENT: SteamNetworkingSockets connection: Connected SDR->ord->ord  Ping: 55ms IN: 8839.7kbit 1151.0 pkt/s qual 99.1OUT: 129.4kbit 179.6 pkt/s qual 100.0
[2022-08-12 15:39:51] Audio mix: start=20703684010, returned=2875680
[2022-08-12 15:39:52] Slow framerate: game 5.31, capture 0.42, convert 0.01, encode 7.19, network 34.37, decode 1.31, display 3.32 (network)
[2022-08-12 15:39:52] Bitrate adapter: state = 2, minRTT = 44, maxRTT = 104, gain = 0.75, bitrate = 7860
[2022-08-12 15:39:53] Slow framerate: game 4.95, capture 0.43, convert 0.00, encode 7.28, network 40.33, decode 1.21, display 5.71 (network)
[2022-08-12 15:39:54] Setting target framerate: 60.00 [timing: game 4.94, capture 0.41, convert 0.00, encode 7.17, network 33.75, decode 1.30, display 3.78]
[2022-08-12 15:39:54] CLIENT: Targeting 60.00 FPS
[2022-08-12 15:39:54] CLIENT: Got control packet k_EStreamControlSetTargetFramerate
[2022-08-12 15:39:56] Slow framerate: game 4.91, capture 0.41, convert 0.00, encode 7.21, network 34.63, decode 1.26, display 6.91 (network)
[2022-08-12 15:39:56] Setting target framerate: 60.00 [timing: game 4.91, capture 0.41, convert 0.00, encode 7.21, network 34.63, decode 1.26, display 6.91 (network)]
[2022-08-12 15:39:56] CLIENT: SteamNetworkingSockets connection: Connected SDR->ord->ord  Ping: 54ms IN: 8672.6kbit 1146.2 pkt/s qual 100.0OUT: 141.1kbit 196.4 pkt/s qual 100.0
[2022-08-12 15:39:56] CLIENT: Targeting 60.00 FPS
[2022-08-12 15:39:56] CLIENT: Got control packet k_EStreamControlSetTargetFramerate
[2022-08-12 15:39:56] Bitrate adapter: state = 2, minRTT = 44, maxRTT = 69, gain = 1.25, bitrate = 9825
[2022-08-12 15:39:57] Slow framerate: game 4.94, capture 0.42, convert 0.01, encode 7.24, network 34.82, decode 1.26, display 11.28 (network)
[2022-08-12 15:39:58] Setting target framerate: 60.00 [timing: game 5.31, capture 0.42, convert 0.00, encode 7.21, network 33.79, decode 1.30, display 9.96]
[2022-08-12 15:39:58] CLIENT: Targeting 60.00 FPS
[2022-08-12 15:39:58] CLIENT: Got control packet k_EStreamControlSetTargetFramerate
[2022-08-12 15:40:00] Bitrate adapter: state = 2, minRTT = 43, maxRTT = 67, gain = 1.25, bitrate = 12281
[2022-08-12 15:40:01] Slow framerate: game 5.46, capture 0.41, convert 0.00, encode 7.43, network 34.84, decode 1.28, display 14.36 (network)
[2022-08-12 15:40:01] Setting target framerate: 60.00 [timing: game 5.46, capture 0.41, convert 0.00, encode 7.43, network 34.84, decode 1.28, display 14.36 (network)]
[2022-08-12 15:40:01] CLIENT: SteamNetworkingSockets connection: Connected SDR->ord->ord  Ping: 52ms IN: 9051.2kbit 1181.0 pkt/s qual 99.9OUT: 110.3kbit 161.2 pkt/s qual 100.0
[2022-08-12 15:40:01] CLIENT: Targeting 60.00 FPS
[2022-08-12 15:40:01] CLIENT: Got control packet k_EStreamControlSetTargetFramerate
[2022-08-12 15:40:02] Slow framerate: game 5.61, capture 0.43, convert 0.00, encode 7.53, network 36.35, decode 1.36, display 15.05 (network)
[2022-08-12 15:40:03] Setting target framerate: 60.00 [timing: game 5.66, capture 0.43, convert 0.00, encode 7.51, network 33.21, decode 1.32, display 12.66]
[2022-08-12 15:40:03] CLIENT: Targeting 60.00 FPS
[2022-08-12 15:40:03] CLIENT: Got control packet k_EStreamControlSetTargetFramerate
[2022-08-12 15:40:05] Bitrate adapter: state = 2, minRTT = 44, maxRTT = 78, gain = 1.25, bitrate = 15351
[2022-08-12 15:40:06] Bitrate adapter: state = 2, minRTT = 44, maxRTT = 113, gain = 0.75, bitrate = 11513
[2022-08-12 15:40:06] Slow framerate: game 6.06, capture 0.42, convert 0.01, encode 7.63, network 36.21, decode 1.33, display 14.92 (network)
[2022-08-12 15:40:06] Setting target framerate: 60.00 [timing: game 6.06, capture 0.42, convert 0.01, encode 7.63, network 36.21, decode 1.33, display 14.92 (network)]
[2022-08-12 15:40:06] CLIENT: SteamNetworkingSockets connection: Connected SDR->ord->ord  Ping: 51ms IN: 11997.0kbit 1481.5 pkt/s qual 100.0OUT: 119.4kbit 172.4 pkt/s qual 100.0
[2022-08-12 15:40:06] CLIENT: Targeting 60.00 FPS
[2022-08-12 15:40:06] CLIENT: Got control packet k_EStreamControlSetTargetFramerate
[2022-08-12 15:40:07] Setting target framerate: 60.00 [timing: game 5.84, capture 0.41, convert 0.00, encode 7.46, network 33.69, decode 1.33, display 13.10]
[2022-08-12 15:40:07] CLIENT: Targeting 60.00 FPS
[2022-08-12 15:40:07] CLIENT: Got control packet k_EStreamControlSetTargetFramerate
[2022-08-12 15:40:09] Slow framerate: game 6.36, capture 0.41, convert 0.00, encode 7.31, network 34.70, decode 1.36, display 5.87 (network)
[2022-08-12 15:40:09] Setting target framerate: 60.00 [timing: game 6.36, capture 0.41, convert 0.00, encode 7.31, network 34.70, decode 1.36, display 5.87 (network)]
[2022-08-12 15:40:09] CLIENT: Targeting 60.00 FPS
[2022-08-12 15:40:09] CLIENT: Got control packet k_EStreamControlSetTargetFramerate
[2022-08-12 15:40:10] Bitrate adapter: state = 2, minRTT = 43, maxRTT = 74, gain = 1.25, bitrate = 14391
[2022-08-12 15:40:10] Setting target framerate: 60.00 [timing: game 6.53, capture 0.41, convert 0.00, encode 7.46, network 33.65, decode 1.26, display 10.59]
[2022-08-12 15:40:10] CLIENT: Targeting 60.00 FPS
[2022-08-12 15:40:10] CLIENT: Got control packet k_EStreamControlSetTargetFramerate
[2022-08-12 15:40:11] Slow framerate: game 6.28, capture 0.42, convert 0.01, encode 7.45, network 44.23, decode 1.33, display 5.32 (network)
[2022-08-12 15:40:11] Setting target framerate: 60.00 [timing: game 6.28, capture 0.42, convert 0.01, encode 7.45, network 44.23, decode 1.33, display 5.32 (network)]
[2022-08-12 15:40:11] CLIENT: SteamNetworkingSockets connection: Connected SDR->ord->ord  Ping: 58ms IN: 11710.6kbit 1456.9 pkt/s qual 100.0OUT: 117.3kbit 165.4 pkt/s qual 100.0
[2022-08-12 15:40:11] CLIENT: Targeting 60.00 FPS
[2022-08-12 15:40:11] CLIENT: Got control packet k_EStreamControlSetTargetFramerate
[2022-08-12 15:40:12] Slow framerate: game 6.13, capture 0.42, convert 0.00, encode 7.51, network 35.87, decode 1.28, display 6.24 (network)
[2022-08-12 15:40:13] Setting target framerate: 60.00 [timing: game 6.10, capture 0.41, convert 0.00, encode 7.53, network 33.70, decode 1.46, display 5.44]
[2022-08-12 15:40:13] CLIENT: Targeting 60.00 FPS
[2022-08-12 15:40:13] CLIENT: Got control packet k_EStreamControlSetTargetFramerate
[2022-08-12 15:40:14] Bitrate adapter: state = 2, minRTT = 43, maxRTT = 67, gain = 1.25, bitrate = 17988
[2022-08-12 15:40:16] CLIENT: SteamNetworkingSockets connection: Connected SDR->ord->ord  Ping: 45ms IN: 14736.7kbit 1760.1 pkt/s qual 100.0OUT: 101.5kbit 147.4 pkt/s qual 100.0
[2022-08-12 15:40:17] Bitrate adapter: state = 2, minRTT = 42, maxRTT = 95, gain = 0.75, bitrate = 13491
[2022-08-12 15:40:17] Slow framerate: game 6.33, capture 0.41, convert 0.00, encode 7.59, network 38.65, decode 1.25, display 6.29 (network)
[2022-08-12 15:40:17] Setting target framerate: 60.00 [timing: game 6.33, capture 0.41, convert 0.00, encode 7.59, network 38.65, decode 1.25, display 6.29 (network)]
[2022-08-12 15:40:17] CLIENT: Targeting 60.00 FPS
[2022-08-12 15:40:17] CLIENT: Got control packet k_EStreamControlSetTargetFramerate
[2022-08-12 15:40:18] Slow framerate: game 6.18, capture 0.42, convert 0.01, encode 7.45, network 35.80, decode 1.38, display 8.68 (network)
[2022-08-12 15:40:19] Slow framerate: game 5.89, capture 0.42, convert 0.01, encode 7.39, network 35.71, decode 1.21, display 7.56 (network)
[2022-08-12 15:40:20] Slow framerate: game 5.61, capture 0.41, convert 0.00, encode 7.43, network 35.26, decode 1.33, display 7.38 (network)
[2022-08-12 15:40:21] Bitrate adapter: state = 2, minRTT = 42, maxRTT = 122, gain = 0.75, bitrate = 10118
[2022-08-12 15:40:21] Slow framerate: game 5.64, capture 0.42, convert 0.00, encode 7.47, network 37.93, decode 1.24, display 11.53 (network)
[2022-08-12 15:40:21] CLIENT: SteamNetworkingSockets connection: Connected SDR->ord->ord  Ping: 62ms IN: 14513.7kbit 1732.9 pkt/s qual 100.0OUT: 109.3kbit 154.1 pkt/s qual 100.0
[2022-08-12 15:40:22] Slow framerate: game 5.52, capture 0.44, convert 0.01, encode 7.31, network 38.49, decode 1.26, display 7.53 (network)
[2022-08-12 15:40:23] Slow framerate: game 5.36, capture 0.43, convert 0.00, encode 7.44, network 34.46, decode 1.27, display 4.15 (network)
[2022-08-12 15:40:24] Slow framerate: game 5.08, capture 0.42, convert 0.00, encode 7.51, network 37.06, decode 1.29, display 8.79 (network)
[2022-08-12 15:40:25] Setting target framerate: 60.00 [timing: game 4.97, capture 0.41, convert 0.00, encode 7.28, network 30.25, decode 1.28, display 5.32]
[2022-08-12 15:40:25] CLIENT: Targeting 60.00 FPS
[2022-08-12 15:40:25] CLIENT: Got control packet k_EStreamControlSetTargetFramerate
[2022-08-12 15:40:25] Bitrate adapter: state = 2, minRTT = 42, maxRTT = 73, gain = 1.25, bitrate = 12647
[2022-08-12 15:40:26] CLIENT: SteamNetworkingSockets connection: Connected SDR->ord->ord  Ping: 47ms IN: 10326.3kbit 1299.6 pkt/s qual 100.0OUT: 134.2kbit 187.9 pkt/s qual 100.0
[2022-08-12 15:40:29] Bitrate adapter: state = 2, minRTT = 42, maxRTT = 66, gain = 1.25, bitrate = 15808
[2022-08-12 15:40:30] Slow framerate: game 6.58, capture 0.41, convert 0.01, encode 7.53, network 36.47, decode 1.34, display 8.40 (network)
[2022-08-12 15:40:30] Setting target framerate: 60.00 [timing: game 6.58, capture 0.41, convert 0.01, encode 7.53, network 36.47, decode 1.34, display 8.40 (network)]
[2022-08-12 15:40:30] CLIENT: Targeting 60.00 FPS
[2022-08-12 15:40:30] CLIENT: Got control packet k_EStreamControlSetTargetFramerate
[2022-08-12 15:40:31] Slow framerate: game 6.09, capture 0.42, convert 0.00, encode 7.44, network 38.59, decode 1.35, display 4.39 (network)
[2022-08-12 15:40:31] CLIENT: SteamNetworkingSockets connection: Connected SDR->ord->ord  Ping: 54ms IN: 12789.8kbit 1560.2 pkt/s qual 100.0OUT: 123.5kbit 176.1 pkt/s qual 100.0
[2022-08-12 15:40:32] Slow framerate: game 5.49, capture 0.42, convert 0.00, encode 7.49, network 38.87, decode 1.35, display 8.92 (network)
[2022-08-12 15:40:33] Slow framerate: game 5.08, capture 0.42, convert 0.01, encode 7.51, network 35.22, decode 1.26, display 7.67 (network)
[2022-08-12 15:40:33] Bitrate adapter: state = 2, minRTT = 42, maxRTT = 71, gain = 1.25, bitrate = 19760
[2022-08-12 15:40:34] Slow framerate: game 5.37, capture 0.42, convert 0.01, encode 7.74, network 36.51, decode 1.30, display 11.63 (network)
[2022-08-12 15:40:35] Slow framerate: game 6.40, capture 0.42, convert 0.00, encode 7.62, network 35.16, decode 1.38, display 9.80 (network)
[2022-08-12 15:40:36] Setting target framerate: 60.00 [timing: game 5.69, capture 0.43, convert 0.00, encode 7.79, network 30.34, decode 1.10, display 6.36]
[2022-08-12 15:40:36] CLIENT: SteamNetworkingSockets connection: Connected SDR->ord->ord  Ping: 51ms IN: 16017.2kbit 1895.7 pkt/s qual 100.0OUT: 114.6kbit 161.8 pkt/s qual 100.0
[2022-08-12 15:40:36] CLIENT: Targeting 60.00 FPS
[2022-08-12 15:40:36] CLIENT: Got control packet k_EStreamControlSetTargetFramerate
[2022-08-12 15:40:37] Bitrate adapter: state = 2, minRTT = 41, maxRTT = 63, gain = 1.25, bitrate = 24700
[2022-08-12 15:40:39] Slow framerate: game 4.19, capture 0.40, convert 0.00, encode 8.14, network 34.56, decode 1.29, display 14.83 (network)
[2022-08-12 15:40:39] Setting target framerate: 60.00 [timing: game 4.19, capture 0.40, convert 0.00, encode 8.14, network 34.56, decode 1.29, display 14.83 (network)]
[2022-08-12 15:40:39] CLIENT: Targeting 60.00 FPS
[2022-08-12 15:40:39] CLIENT: Got control packet k_EStreamControlSetTargetFramerate
[2022-08-12 15:40:40] Slow framerate: game 5.33, capture 0.40, convert 0.00, encode 8.01, network 34.85, decode 1.14, display 3.85 (network)
[2022-08-12 15:40:41] Slow framerate: game 6.37, capture 0.41, convert 0.00, encode 7.98, network 39.27, decode 1.11, display 3.91 (network)
[2022-08-12 15:40:41] CLIENT: SteamNetworkingSockets connection: Connected SDR->ord->ord  Ping: 54ms IN: 11735.6kbit 1450.5 pkt/s qual 100.0OUT: 88.1kbit 131.4 pkt/s qual 100.0
[2022-08-12 15:40:41] Bitrate adapter: state = 2, minRTT = 41, maxRTT = 75, gain = 1.25, bitrate = 30875
[2022-08-12 15:40:42] Bitrate adapter: state = 2, minRTT = 41, maxRTT = 107, gain = 0.75, bitrate = 23156
[2022-08-12 15:40:42] Slow framerate: game 6.40, capture 0.40, convert 0.01, encode 8.02, network 41.56, decode 1.06, display 6.38 (network)
[2022-08-12 15:40:43] Slow framerate: game 6.46, capture 0.41, convert 0.00, encode 7.85, network 37.48, decode 1.31, display 6.42 (network)
[2022-08-12 15:40:44] Slow framerate: game 6.48, capture 0.41, convert 0.00, encode 7.91, network 34.88, decode 1.04, display 3.26 (network)
[2022-08-12 15:40:45] Setting target framerate: 60.00 [timing: game 6.59, capture 0.41, convert 0.00, encode 7.90, network 31.34, decode 1.23, display 4.30]
[2022-08-12 15:40:45] CLIENT: Targeting 60.00 FPS
[2022-08-12 15:40:45] CLIENT: Got control packet k_EStreamControlSetTargetFramerate
[2022-08-12 15:40:46] Bitrate adapter: state = 2, minRTT = 41, maxRTT = 76, gain = 1.25, bitrate = 28945
[2022-08-12 15:40:46] CLIENT: SteamNetworkingSockets connection: Connected SDR->ord->ord  Ping: 51ms IN: 23172.9kbit 2641.6 pkt/s qual 99.9OUT: 99.0kbit 142.2 pkt/s qual 100.0
[2022-08-12 15:40:47] Slow framerate: game 6.47, capture 0.40, convert 0.01, encode 8.17, network 42.51, decode 1.23, display 4.20 (network)
[2022-08-12 15:40:47] Setting target framerate: 60.00 [timing: game 6.47, capture 0.40, convert 0.01, encode 8.17, network 42.51, decode 1.23, display 4.20 (network)]
[2022-08-12 15:40:47] CLIENT: Targeting 60.00 FPS
[2022-08-12 15:40:47] CLIENT: Got control packet k_EStreamControlSetTargetFramerate
[2022-08-12 15:40:47] Bitrate adapter: state = 2, minRTT = 43, maxRTT = 127, gain = 0.75, bitrate = 21708
[2022-08-12 15:40:48] Slow framerate: game 6.37, capture 0.42, convert 0.00, encode 8.16, network 38.39, decode 1.03, display 4.17 (network)
[2022-08-12 15:40:49] Bitrate adapter: state = 2, minRTT = 42, maxRTT = 98, gain = 0.75, bitrate = 16281
[2022-08-12 15:40:49] Slow framerate: game 6.18, capture 0.42, convert 0.00, encode 8.00, network 41.51, decode 1.28, display 8.47 (network)
[2022-08-12 15:40:49] Bitrate adapter: state = 2, minRTT = 42, maxRTT = 102, gain = 0.75, bitrate = 12210
[2022-08-12 15:40:50] CLIENT: [SteamNetworkingSockets] [#3888666882 P2P SDR steamid:76561199378814893 vport 0] Received request to migrate to 162.254.193.99:27043 from ord#24 (162.254.193.71:27038).
[2022-08-12 15:40:50] CLIENT: [SteamNetworkingSockets] [#3888666882 P2P SDR steamid:76561199378814893 vport 0] Started migration to ord#197 (162.254.193.99:27043) at request of current primary ord#24 (162.254.193.71:27038)
[2022-08-12 15:40:50] CLIENT: [SteamNetworkingSockets] [#3888666882 P2P SDR steamid:76561199378814893 vport 0] Requesting session from ord#197 (162.254.193.99:27043).  Ping = 54 = 44+1+9 (front+interior+remote).
[2022-08-12 15:40:50] Bitrate adapter: state = 2, minRTT = 42, maxRTT = 93, gain = 0.75, bitrate = 9157
[2022-08-12 15:40:50] Slow framerate: game 5.83, capture 0.42, convert 0.01, encode 7.57, network 49.78, decode 0.98, display 6.16 (network)
[2022-08-12 15:40:50] CLIENT: [SteamNetworkingSockets] [#3888666882 P2P SDR steamid:76561199378814893 vport 0] Received P2PSessionEstablished from ord#197 (162.254.193.99:27043), token @ed82
[2022-08-12 15:40:50] CLIENT: [SteamNetworkingSockets] [#3888666882 P2P SDR steamid:76561199378814893 vport 0] Switched primary to ord#197 (162.254.193.99:27043) (Ping = 54 = 44+1+9 (front+interior+remote).  Migration target.) from ord#24 (162.254.193.71:27038) (Ping = 54 = 44+1+9 (front+interior+remote).  Requested migration.)
[2022-08-12 15:40:50] CLIENT: [SteamNetworkingSockets] [#3888666882 P2P SDR steamid:76561199378814893 vport 0] Selecting mdf1#43 (162.213.192.66:27027) as backup #1 (Ping = 77 = 53+1+23 (front+interior+remote).)
[2022-08-12 15:40:50] CLIENT: [SteamNetworkingSockets] [#3888666882 P2P SDR steamid:76561199378814893 vport 0] SDR routing message updated, revision 6.  (POP 'ord' session changed)
[2022-08-12 15:40:51] Slow framerate: game 5.24, capture 0.41, convert 0.01, encode 7.22, network 37.53, decode 1.22, display 3.89 (network)
[2022-08-12 15:40:51] CLIENT: SteamNetworkingSockets connection: Connected SDR->ord->ord  Ping: 60ms IN: 21219.7kbit 2433.9 pkt/s qual 100.0OUT: 120.3kbit 158.3 pkt/s qual 100.0
[2022-08-12 15:40:51] Audio mix: start=20703684010, returned=5756160
[2022-08-12 15:40:52] Slow framerate: game 4.98, capture 0.42, convert 0.00, encode 7.34, network 36.97, decode 1.09, display 4.60 (network)
[2022-08-12 15:40:53] Slow framerate: game 5.07, capture 0.42, convert 0.00, encode 7.35, network 37.02, decode 1.06, display 5.01 (network)
[2022-08-12 15:40:54] Slow framerate: game 5.34, capture 0.41, convert 0.01, encode 7.37, network 37.96, decode 1.04, display 4.97 (network)
[2022-08-12 15:40:54] Bitrate adapter: state = 2, minRTT = 42, maxRTT = 100, gain = 0.75, bitrate = 6867
[2022-08-12 15:40:55] Slow framerate: game 5.52, capture 0.41, convert 0.01, encode 7.30, network 34.89, decode 1.10, display 5.85 (network)
[2022-08-12 15:40:55] Bitrate adapter: state = 2, minRTT = 43, maxRTT = 98, gain = 0.75, bitrate = 5150
[2022-08-12 15:40:56] Setting target framerate: 60.00 [timing: game 6.48, capture 0.43, convert 0.01, encode 7.20, network 32.90, decode 1.04, display 4.31]
[2022-08-12 15:40:56] CLIENT: SteamNetworkingSockets connection: Connected SDR->ord->ord  Ping: 51ms IN: 8330.9kbit 1108.4 pkt/s qual 100.0OUT: 102.5kbit 143.6 pkt/s qual 100.0
[2022-08-12 15:40:56] CLIENT: Targeting 60.00 FPS
[2022-08-12 15:40:56] CLIENT: Got control packet k_EStreamControlSetTargetFramerate
[2022-08-12 15:40:58] CLIENT: Video rect: 1728x1080 at 298,0
[2022-08-12 15:40:58] CLIENT: Texture rect: 1280x800 at 0,0
[2022-08-12 15:40:59] Bitrate adapter: state = 2, minRTT = 42, maxRTT = 66, gain = 1.25, bitrate = 6437
[2022-08-12 15:41:00] "SessionStats"
[2022-08-12 15:42:46] Streaming initialized and listening on port 0
[2022-08-12 15:42:51] CLIENT: Sending HID device 0000/11fb/-1  Mobile Touch Control at touch://0
