[2022-08-12 15:19:29] Streaming started to Samsung SM-G998U1 Android 12 at 0.0.0.0:0, audio channels = 2, MTU = 1472
[2022-08-12 15:19:29] Streaming quality: k_EStreamQualityBeautiful
[2022-08-12 15:19:29] Streaming bitrate: Unlimited
[2022-08-12 15:19:29] Device form factor: phone
[2022-08-12 15:19:29] Maximum capture: 3840x2160 60.00 FPS
[2022-08-12 15:19:29] Video Streaming: enabled
[2022-08-12 15:19:29] Audio Streaming: enabled
[2022-08-12 15:19:29] Input Streaming: enabled
[2022-08-12 15:19:29] =====================================================================
[2022-08-12 15:19:29] Game: Counter-Strike: Global Offensive (730)
[2022-08-12 15:19:29] Setting target bitrate to 100000 Kbit/s, burst bitrate is 500000 Kbit/s
[2022-08-12 15:19:29] Streamed game has created a window
[2022-08-12 15:19:29] SynchronizeClientState(): setting capture size 1280x800
[2022-08-12 15:19:29] SynchronizeClientState(): setting title to Counter-Strike: Global Offensive - Direct3D 9
[2022-08-12 15:19:29] SynchronizeClientState(): setting icon 32x32
[2022-08-12 15:19:29] SynchronizeClientState(): setting cursor hidden
[2022-08-12 15:19:29] SynchronizeClientState(): setting keymap
[2022-08-12 15:19:29] SynchronizeClientState(): setting activity to k_EStreamActivityGame: Counter-Strike: Global Offensive
[2022-08-12 15:19:29] Recording system audio
[2022-08-12 15:19:29] Audio recording init failed, couldn't get the default audio endpoint: 0x80070490
[2022-08-12 15:19:29] Failed to init system audio recording: 1
[2022-08-12 15:19:29] Audio mix: start=19541109616, returned=0
[2022-08-12 15:19:29] CLIENT: Sending HID device 0000/11fb/-1  Mobile Touch Control at touch://0
[2022-08-12 15:19:29] CLIENT: Got control packet k_EStreamControlSetQoS
[2022-08-12 15:19:29] CLIENT: Got control packet k_EStreamControlSetTargetBitrate
[2022-08-12 15:19:29] >>> Switching video stream from NONE to GameOverlay_MovieStream_6768
[2022-08-12 15:19:29] CLIENT: Starting audio stream: frequency=48000, channels=2
[2022-08-12 15:19:29] CLIENT: Opened audio device: format=2, channels=2, frequency=48000
[2022-08-12 15:19:29] CLIENT: Initialized audio decoder: codec=3, sample rate=48000, channels=2
[2022-08-12 15:19:29] CLIENT: Got control packet k_EStreamControlStartAudioData
[2022-08-12 15:19:29] CLIENT: Got control packet k_EStreamControlSetSpectatorMode
[2022-08-12 15:19:29] CLIENT: Got control packet k_EStreamControlSetCaptureSize
[2022-08-12 15:19:29] CLIENT: Got control packet k_EStreamControlSetTitle
[2022-08-12 15:19:29] CLIENT: Got control packet k_EStreamControlSetIcon
[2022-08-12 15:19:29] CLIENT: Got control packet k_EStreamControlHideCursor
[2022-08-12 15:19:29] CLIENT: Got control packet k_EStreamControlSetKeymap
[2022-08-12 15:19:29] CLIENT: Got control packet k_EStreamControlSetActivity
[2022-08-12 15:19:29] >>> Capture method set to Game threaded D3D9 NV12 + NVENC H264
[2022-08-12 15:19:29] >>> Capture resolution set to 1280x800
[2022-08-12 15:19:29] >>> Capture colorspace set to BT.601 limited range
[2022-08-12 15:19:29] >>> Client video decoder set to Android texture hardware decoding
[2022-08-12 15:19:29] CLIENT: Android texture hardware decoding
[2022-08-12 15:19:29] CLIENT: Got control packet k_EStreamControlStartVideoData
[2022-08-12 15:19:29] CLIENT: Got control packet k_EStreamControlVideoEncoderInfo
[2022-08-12 15:19:30] Slow framerate: game 3.34, capture 0.85, convert 1.42, encode 3.13, network 38.58, decode 1.10, display 0.00 (network)
[2022-08-12 15:19:30] Setting target framerate: 60.00 [timing: game 3.34, capture 0.85, convert 1.42, encode 3.13, network 38.58, decode 1.10, display 0.00 (network)]
[2022-08-12 15:19:30] CLIENT: BSubmitFrame(): No input buffer available
[2022-08-12 15:19:30] CLIENT: Marking frame 24 complete with status k_EStreamFrameResultDroppedReset
[2022-08-12 15:19:30] CLIENT: BSubmitFrame(): No input buffer available
[2022-08-12 15:19:30] CLIENT: Marking frame 25 complete with status k_EStreamFrameResultDroppedReset
[2022-08-12 15:19:30] CLIENT: Video overflow (217.01ms queued), requesting keyframe synchronization
[2022-08-12 15:19:30] CLIENT: Android texture hardware decoding
[2022-08-12 15:19:30] CLIENT: Marking frame 26 complete with status k_EStreamFrameResultDroppedReset
[2022-08-12 15:19:30] CLIENT: Marking frame 27 complete with status k_EStreamFrameResultDroppedReset
[2022-08-12 15:19:30] CLIENT: Marking frame 28 complete with status k_EStreamFrameResultDroppedReset
[2022-08-12 15:19:30] CLIENT: Marking frame 29 complete with status k_EStreamFrameResultDroppedReset
[2022-08-12 15:19:30] CLIENT: Marking frame 30 complete with status k_EStreamFrameResultDroppedReset
[2022-08-12 15:19:30] CLIENT: Marking frame 31 complete with status k_EStreamFrameResultDroppedReset
[2022-08-12 15:19:30] CLIENT: Marking frame 32 complete with status k_EStreamFrameResultDroppedReset
[2022-08-12 15:19:30] CLIENT: Marking frame 33 complete with status k_EStreamFrameResultDroppedReset
[2022-08-12 15:19:30] CLIENT: Marking frame 34 complete with status k_EStreamFrameResultDroppedReset
[2022-08-12 15:19:30] CLIENT: Marking frame 35 complete with status k_EStreamFrameResultDroppedReset
[2022-08-12 15:19:30] CLIENT: Marking frame 36 complete with status k_EStreamFrameResultDroppedReset
[2022-08-12 15:19:30] CLIENT: Marking frame 37 complete with status k_EStreamFrameResultDroppedReset
[2022-08-12 15:19:30] CLIENT: Marking frame 38 complete with status k_EStreamFrameResultDroppedReset
[2022-08-12 15:19:30] CLIENT: Marking frame 39 complete with status k_EStreamFrameResultDroppedReset
[2022-08-12 15:19:30] CLIENT: Marking frame 40 complete with status k_EStreamFrameResultDroppedReset
[2022-08-12 15:19:30] CLIENT: Marking frame 41 complete with status k_EStreamFrameResultDroppedReset
[2022-08-12 15:19:30] CLIENT: Marking frame 42 complete with status k_EStreamFrameResultDroppedReset
[2022-08-12 15:19:30] CLIENT: Marking frame 43 complete with status k_EStreamFrameResultDroppedReset
[2022-08-12 15:19:30] CLIENT: Marking frame 44 complete with status k_EStreamFrameResultDroppedReset
[2022-08-12 15:19:30] CLIENT: Marking frame 45 complete with status k_EStreamFrameResultDroppedReset
[2022-08-12 15:19:30] CLIENT: Marking frame 46 complete with status k_EStreamFrameResultDroppedReset
[2022-08-12 15:19:30] CLIENT: Marking frame 47 complete with status k_EStreamFrameResultDroppedReset
[2022-08-12 15:19:30] CLIENT: Marking frame 48 complete with status k_EStreamFrameResultDroppedReset
[2022-08-12 15:19:30] CLIENT: Marking frame 49 complete with status k_EStreamFrameResultDroppedReset
[2022-08-12 15:19:30] CLIENT: Marking frame 50 complete with status k_EStreamFrameResultDroppedReset
[2022-08-12 15:19:30] CLIENT: Marking frame 51 complete with status k_EStreamFrameResultDroppedReset
[2022-08-12 15:19:30] CLIENT: Marking frame 52 complete with status k_EStreamFrameResultDroppedReset
[2022-08-12 15:19:30] CLIENT: Marking frame 53 complete with status k_EStreamFrameResultDroppedReset
[2022-08-12 15:19:30] CLIENT: Marking frame 54 complete with status k_EStreamFrameResultDroppedReset
[2022-08-12 15:19:30] CLIENT: Marking frame 55 complete with status k_EStreamFrameResultDroppedReset
[2022-08-12 15:19:30] CLIENT: Marking frame 56 complete with status k_EStreamFrameResultDroppedReset
[2022-08-12 15:19:30] CLIENT: Marking frame 57 complete with status k_EStreamFrameResultDroppedReset
[2022-08-12 15:19:30] CLIENT: Marking frame 58 complete with status k_EStreamFrameResultDroppedReset
[2022-08-12 15:19:30] CLIENT: Marking frame 59 complete with status k_EStreamFrameResultDroppedReset
[2022-08-12 15:19:30] CLIENT: Targeting 60.00 FPS
[2022-08-12 15:19:30] CLIENT: Got control packet k_EStreamControlSetTargetFramerate
[2022-08-12 15:19:31] Bitrate adapter: state = 1, minRTT = 49, maxRTT = 61, gain = 2.00, bitrate = 5000
[2022-08-12 15:19:31] Setting target framerate: 60.00 [timing: game 3.42, capture 0.44, convert 0.00, encode 3.14, network 31.69, decode 20.30, display 0.00]
[2022-08-12 15:19:31] CLIENT: BSubmitFrame(): No input buffer available
[2022-08-12 15:19:31] CLIENT: Marking frame 84 complete with status k_EStreamFrameResultDroppedReset
[2022-08-12 15:19:31] CLIENT: BSubmitFrame(): No input buffer available
[2022-08-12 15:19:31] CLIENT: Marking frame 85 complete with status k_EStreamFrameResultDroppedReset
[2022-08-12 15:19:31] CLIENT: Video overflow (216.74ms queued), requesting keyframe synchronization
[2022-08-12 15:19:31] CLIENT: Android texture hardware decoding
[2022-08-12 15:19:31] CLIENT: Got control packet k_EStreamControlControllerConfigMsg
[2022-08-12 15:19:31] CLIENT: Got control packet k_EStreamControlControllerConfigMsg
[2022-08-12 15:19:31] CLIENT: Got control packet k_EStreamControlControllerConfigMsg
[2022-08-12 15:19:31] CLIENT: Got control packet k_EStreamControlTouchActionSetActive
[2022-08-12 15:19:31] CLIENT: Got control packet k_EStreamControlTouchActionSetActive
[2022-08-12 15:19:31] CLIENT: Got control packet k_EStreamControlTouchActionSetActive
[2022-08-12 15:19:31] CLIENT: Got control packet k_EStreamControlTouchConfigActive
[2022-08-12 15:19:31] CLIENT: Got control packet k_EStreamControlTouchConfigActive
[2022-08-12 15:19:31] CLIENT: Marking frame 86 complete with status k_EStreamFrameResultDroppedReset
[2022-08-12 15:19:31] CLIENT: Marking frame 87 complete with status k_EStreamFrameResultDroppedReset
[2022-08-12 15:19:31] CLIENT: Marking frame 88 complete with status k_EStreamFrameResultDroppedReset
[2022-08-12 15:19:31] CLIENT: Marking frame 89 complete with status k_EStreamFrameResultDroppedReset
[2022-08-12 15:19:31] CLIENT: Marking frame 90 complete with status k_EStreamFrameResultDroppedReset
[2022-08-12 15:19:31] CLIENT: Marking frame 91 complete with status k_EStreamFrameResultDroppedReset
[2022-08-12 15:19:31] CLIENT: Marking frame 92 complete with status k_EStreamFrameResultDroppedReset
[2022-08-12 15:19:31] CLIENT: Marking frame 93 complete with status k_EStreamFrameResultDroppedReset
[2022-08-12 15:19:31] CLIENT: Marking frame 94 complete with status k_EStreamFrameResultDroppedReset
[2022-08-12 15:19:31] CLIENT: Marking frame 95 complete with status k_EStreamFrameResultDroppedReset
[2022-08-12 15:19:31] CLIENT: Marking frame 96 complete with status k_EStreamFrameResultDroppedReset
[2022-08-12 15:19:31] CLIENT: Marking frame 97 complete with status k_EStreamFrameResultDroppedReset
[2022-08-12 15:19:31] CLIENT: Marking frame 98 complete with status k_EStreamFrameResultDroppedReset
[2022-08-12 15:19:31] CLIENT: Marking frame 99 complete with status k_EStreamFrameResultDroppedReset
[2022-08-12 15:19:31] CLIENT: Marking frame 100 complete with status k_EStreamFrameResultDroppedReset
[2022-08-12 15:19:31] CLIENT: Marking frame 101 complete with status k_EStreamFrameResultDroppedReset
[2022-08-12 15:19:31] CLIENT: Marking frame 102 complete with status k_EStreamFrameResultDroppedReset
[2022-08-12 15:19:31] CLIENT: Marking frame 103 complete with status k_EStreamFrameResultDroppedReset
[2022-08-12 15:19:31] CLIENT: Marking frame 104 complete with status k_EStreamFrameResultDroppedReset
[2022-08-12 15:19:31] CLIENT: Marking frame 105 complete with status k_EStreamFrameResultDroppedReset
[2022-08-12 15:19:31] CLIENT: Marking frame 106 complete with status k_EStreamFrameResultDroppedReset
[2022-08-12 15:19:31] CLIENT: Marking frame 107 complete with status k_EStreamFrameResultDroppedReset
[2022-08-12 15:19:31] CLIENT: Marking frame 108 complete with status k_EStreamFrameResultDroppedReset
[2022-08-12 15:19:31] CLIENT: Marking frame 109 complete with status k_EStreamFrameResultDroppedReset
[2022-08-12 15:19:31] CLIENT: Marking frame 110 complete with status k_EStreamFrameResultDroppedReset
[2022-08-12 15:19:31] CLIENT: Marking frame 111 complete with status k_EStreamFrameResultDroppedReset
[2022-08-12 15:19:31] CLIENT: Marking frame 112 complete with status k_EStreamFrameResultDroppedReset
[2022-08-12 15:19:31] CLIENT: Marking frame 113 complete with status k_EStreamFrameResultDroppedReset
[2022-08-12 15:19:31] CLIENT: Marking frame 114 complete with status k_EStreamFrameResultDroppedReset
[2022-08-12 15:19:31] CLIENT: Marking frame 115 complete with status k_EStreamFrameResultDroppedReset
[2022-08-12 15:19:31] CLIENT: Marking frame 116 complete with status k_EStreamFrameResultDroppedReset
[2022-08-12 15:19:31] CLIENT: Marking frame 117 complete with status k_EStreamFrameResultDroppedReset
[2022-08-12 15:19:31] CLIENT: Marking frame 118 complete with status k_EStreamFrameResultDroppedReset
[2022-08-12 15:19:31] CLIENT: Video rect: 2325x1046 at 0,17
[2022-08-12 15:19:31] CLIENT: Texture rect: 2400x1080 at 0,0
[2022-08-12 15:19:31] CLIENT: Got control packet k_EStreamControlSetTouchConfigData
[2022-08-12 15:19:31] CLIENT: Ignoring duplicate controller configuration for 730, revision 398
[2022-08-12 15:19:31] CLIENT: Got control packet k_EStreamControlSetTouchConfigData
[2022-08-12 15:19:31] CLIENT: Targeting 60.00 FPS
[2022-08-12 15:19:31] CLIENT: Got control packet k_EStreamControlSetTargetFramerate
[2022-08-12 15:19:31] Bitrate adapter: state = 1, minRTT = 49, maxRTT = 93, gain = 2.00, bitrate = 10000
[2022-08-12 15:19:32] Bitrate adapter: state = 1, minRTT = 49, maxRTT = 81, gain = 2.00, bitrate = 20000
[2022-08-12 15:19:32] CLIENT: BSubmitFrame(): No input buffer available
[2022-08-12 15:19:32] CLIENT: Marking frame 143 complete with status k_EStreamFrameResultDroppedReset
[2022-08-12 15:19:32] CLIENT: BSubmitFrame(): No input buffer available
[2022-08-12 15:19:32] CLIENT: Marking frame 144 complete with status k_EStreamFrameResultDroppedReset
[2022-08-12 15:19:32] CLIENT: Video overflow (199.39ms queued), requesting keyframe synchronization
[2022-08-12 15:19:32] CLIENT: Android texture hardware decoding
[2022-08-12 15:19:32] CLIENT: Got control packet k_EStreamControlControllerConfigMsg
[2022-08-12 15:19:32] CLIENT: Got control packet k_EStreamControlControllerConfigMsg
[2022-08-12 15:19:32] CLIENT: Got control packet k_EStreamControlTouchActionSetActive
[2022-08-12 15:19:32] CLIENT: Got control packet k_EStreamControlTouchConfigActive
[2022-08-12 15:19:32] CLIENT: Got control packet k_EStreamControlTouchActionSetActive
[2022-08-12 15:19:32] CLIENT: Got control packet k_EStreamControlTouchConfigActive
[2022-08-12 15:19:32] CLIENT: Got control packet k_EStreamControlTouchConfigActive
[2022-08-12 15:19:32] CLIENT: Got control packet k_EStreamControlTouchActionSetActive
[2022-08-12 15:19:32] CLIENT: Got control packet k_EStreamControlTouchConfigActive
[2022-08-12 15:19:32] CLIENT: Marking frame 145 complete with status k_EStreamFrameResultDroppedReset
[2022-08-12 15:19:32] CLIENT: Marking frame 146 complete with status k_EStreamFrameResultDroppedReset
[2022-08-12 15:19:32] CLIENT: Marking frame 147 complete with status k_EStreamFrameResultDroppedReset
[2022-08-12 15:19:32] CLIENT: Marking frame 148 complete with status k_EStreamFrameResultDroppedReset
[2022-08-12 15:19:32] CLIENT: Marking frame 149 complete with status k_EStreamFrameResultDroppedReset
[2022-08-12 15:19:32] CLIENT: Marking frame 150 complete with status k_EStreamFrameResultDroppedReset
[2022-08-12 15:19:32] CLIENT: Marking frame 151 complete with status k_EStreamFrameResultDroppedReset
[2022-08-12 15:19:32] CLIENT: Marking frame 152 complete with status k_EStreamFrameResultDroppedReset
[2022-08-12 15:19:32] CLIENT: Marking frame 153 complete with status k_EStreamFrameResultDroppedReset
[2022-08-12 15:19:32] CLIENT: Marking frame 154 complete with status k_EStreamFrameResultDroppedReset
[2022-08-12 15:19:32] CLIENT: Marking frame 155 complete with status k_EStreamFrameResultDroppedReset
[2022-08-12 15:19:32] CLIENT: Marking frame 156 complete with status k_EStreamFrameResultDroppedReset
[2022-08-12 15:19:32] CLIENT: Marking frame 157 complete with status k_EStreamFrameResultDroppedReset
[2022-08-12 15:19:32] CLIENT: Marking frame 158 complete with status k_EStreamFrameResultDroppedReset
[2022-08-12 15:19:32] CLIENT: Marking frame 159 complete with status k_EStreamFrameResultDroppedReset
[2022-08-12 15:19:32] CLIENT: Marking frame 160 complete with status k_EStreamFrameResultDroppedReset
[2022-08-12 15:19:32] CLIENT: Marking frame 161 complete with status k_EStreamFrameResultDroppedReset
[2022-08-12 15:19:32] CLIENT: Marking frame 162 complete with status k_EStreamFrameResultDroppedReset
[2022-08-12 15:19:32] CLIENT: Marking frame 163 complete with status k_EStreamFrameResultDroppedReset
[2022-08-12 15:19:32] CLIENT: Marking frame 164 complete with status k_EStreamFrameResultDroppedReset
[2022-08-12 15:19:32] CLIENT: Marking frame 165 complete with status k_EStreamFrameResultDroppedReset
[2022-08-12 15:19:32] CLIENT: Marking frame 166 complete with status k_EStreamFrameResultDroppedReset
[2022-08-12 15:19:32] CLIENT: Marking frame 167 complete with status k_EStreamFrameResultDroppedReset
[2022-08-12 15:19:32] CLIENT: Marking frame 168 complete with status k_EStreamFrameResultDroppedReset
[2022-08-12 15:19:32] CLIENT: Marking frame 169 complete with status k_EStreamFrameResultDroppedReset
[2022-08-12 15:19:32] CLIENT: Marking frame 170 complete with status k_EStreamFrameResultDroppedReset
[2022-08-12 15:19:32] CLIENT: Marking frame 171 complete with status k_EStreamFrameResultDroppedReset
[2022-08-12 15:19:32] CLIENT: Marking frame 172 complete with status k_EStreamFrameResultDroppedReset
[2022-08-12 15:19:32] CLIENT: Marking frame 173 complete with status k_EStreamFrameResultDroppedReset
[2022-08-12 15:19:32] CLIENT: Marking frame 174 complete with status k_EStreamFrameResultDroppedReset
[2022-08-12 15:19:32] CLIENT: Marking frame 175 complete with status k_EStreamFrameResultDroppedReset
[2022-08-12 15:19:32] CLIENT: Marking frame 176 complete with status k_EStreamFrameResultDroppedReset
[2022-08-12 15:19:32] CLIENT: Marking frame 177 complete with status k_EStreamFrameResultDroppedReset
[2022-08-12 15:19:32] CLIENT: Video rect: 2325x1046 at 0,17
[2022-08-12 15:19:32] CLIENT: Texture rect: 1280x800 at 0,0
[2022-08-12 15:19:32] CLIENT: Video size: 1280x800, output size: 2325x1080, overlay size: 2325x1080
[2022-08-12 15:19:32] CLIENT: Video rect: 1728x1080 at 298,0
[2022-08-12 15:19:32] CLIENT: Texture rect: 1280x800 at 0,0
[2022-08-12 15:19:32] CLIENT: Video rect: 1728x1080 at 298,0
[2022-08-12 15:19:32] CLIENT: Texture rect: 1280x800 at 0,0
[2022-08-12 15:19:32] Bitrate adapter: state = 1, minRTT = 49, maxRTT = 78, gain = 2.00, bitrate = 40000
[2022-08-12 15:19:33] Bitrate adapter: state = 1, minRTT = 49, maxRTT = 84, gain = 2.00, bitrate = 80000
[2022-08-12 15:19:33] Slow framerate: game 3.83, capture 0.39, convert 0.01, encode 5.55, network 41.85, decode 9.71, display 0.00 (network)
[2022-08-12 15:19:33] Setting target framerate: 60.00 [timing: game 3.83, capture 0.39, convert 0.01, encode 5.55, network 41.85, decode 9.71, display 0.00 (network)]
[2022-08-12 15:19:33] CLIENT: SteamNetworkingSockets connection: Connected UDP@18.223.213.124:53478 Ping: 119ms IN: 5466.6kbit 744.3 pkt/s qual 99.3OUT: 114.7kbit 134.8 pkt/s qual 100.0
[2022-08-12 15:19:33] CLIENT: Targeting 60.00 FPS
[2022-08-12 15:19:33] CLIENT: Got control packet k_EStreamControlSetTargetFramerate
[2022-08-12 15:19:33] CLIENT: Got video sequence 247, expected 246, sending lost data notification
[2022-08-12 15:19:33] Bitrate adapter: state = 2, minRTT = 49, maxRTT = 172, gain = 0.50, bitrate = 40000
[2022-08-12 15:19:33] CLIENT: Marking frame 247 complete with status k_EStreamFrameResultDroppedReset
[2022-08-12 15:19:33] CLIENT: Marking frame 248 complete with status k_EStreamFrameResultDroppedReset
[2022-08-12 15:19:33] CLIENT: Marking frame 249 complete with status k_EStreamFrameResultDroppedReset
[2022-08-12 15:19:33] CLIENT: Marking frame 250 complete with status k_EStreamFrameResultDroppedReset
[2022-08-12 15:19:33] CLIENT: Marking frame 251 complete with status k_EStreamFrameResultDroppedReset
[2022-08-12 15:19:33] CLIENT: Marking frame 252 complete with status k_EStreamFrameResultDroppedReset
[2022-08-12 15:19:33] CLIENT: Marking frame 253 complete with status k_EStreamFrameResultDroppedReset
[2022-08-12 15:19:33] CLIENT: Marking frame 254 complete with status k_EStreamFrameResultDroppedReset
[2022-08-12 15:19:33] CLIENT: Marking frame 255 complete with status k_EStreamFrameResultDroppedReset
[2022-08-12 15:19:33] CLIENT: Marking frame 256 complete with status k_EStreamFrameResultDroppedReset
[2022-08-12 15:19:33] CLIENT: Marking frame 257 complete with status k_EStreamFrameResultDroppedReset
[2022-08-12 15:19:33] CLIENT: Marking frame 258 complete with status k_EStreamFrameResultDroppedReset
[2022-08-12 15:19:33] CLIENT: Marking frame 259 complete with status k_EStreamFrameResultDroppedReset
[2022-08-12 15:19:33] CLIENT: Marking frame 260 complete with status k_EStreamFrameResultDroppedReset
[2022-08-12 15:19:34] Slow framerate: game 3.94, capture 0.40, convert 0.01, encode 6.68, network 69.29, decode 1.38, display 9.85 (network)
[2022-08-12 15:19:35] Slow framerate: game 4.03, capture 0.41, convert 0.00, encode 6.20, network 43.23, decode 1.32, display 6.80 (network)
[2022-08-12 15:19:36] Slow framerate: game 3.78, capture 0.41, convert 0.00, encode 6.37, network 39.32, decode 1.35, display 4.57 (network)
[2022-08-12 15:19:37] Slow framerate: game 3.81, capture 0.45, convert 0.00, encode 8.16, network 39.72, decode 1.28, display 5.07 (network)
[2022-08-12 15:19:37] Bitrate adapter: state = 2, minRTT = 47, maxRTT = 71, gain = 1.25, bitrate = 50000
[2022-08-12 15:19:38] Slow framerate: game 3.82, capture 0.45, convert 0.01, encode 8.61, network 49.05, decode 1.49, display 7.36 (network)
[2022-08-12 15:19:38] CLIENT: SteamNetworkingSockets connection: Connected UDP@18.223.213.124:53478 Ping: 65ms IN: 40983.7kbit 4499.8 pkt/s qual 99.9OUT: 166.7kbit 218.6 pkt/s qual 100.0
[2022-08-12 15:19:39] Slow framerate: game 3.87, capture 0.44, convert 0.00, encode 9.25, network 42.32, decode 1.37, display 4.52 (network)
[2022-08-12 15:19:40] CLIENT: [SteamNetworkingSockets] CConnectionTransportP2PICE_WebRTC::OnData 1227 bytes, queued, 30775 previously queued LOCK PROBLEM!
[2022-08-12 15:19:40] Slow framerate: game 3.78, capture 0.45, convert 0.00, encode 9.20, network 40.58, decode 1.92, display 3.90 (network)
[2022-08-12 15:19:40] Bitrate adapter: state = 2, minRTT = 47, maxRTT = 102, gain = 0.75, bitrate = 37500
[2022-08-12 15:19:41] CLIENT: [SteamNetworkingSockets] CConnectionTransportP2PICE_WebRTC::OnData 1227 bytes, queued, 30767 previously queued LOCK PROBLEM!
[2022-08-12 15:19:41] CLIENT: [SteamNetworkingSockets] CConnectionTransportP2PICE_WebRTC::OnData 1227 bytes, queued, 31998 previously queued LOCK PROBLEM!
[2022-08-12 15:19:41] CLIENT: [SteamNetworkingSockets] CConnectionTransportP2PICE_WebRTC::OnData 1227 bytes, queued, 33229 previously queued LOCK PROBLEM!
[2022-08-12 15:19:41] CLIENT: [SteamNetworkingSockets] CConnectionTransportP2PICE_WebRTC::OnData 1227 bytes, queued, 34460 previously queued LOCK PROBLEM!
[2022-08-12 15:19:41] Slow framerate: game 3.77, capture 0.45, convert 0.01, encode 8.62, network 47.04, decode 1.72, display 6.79 (network)
[2022-08-12 15:19:41] Bitrate adapter: state = 2, minRTT = 47, maxRTT = 137, gain = 0.75, bitrate = 28125
[2022-08-12 15:19:42] Slow framerate: game 3.71, capture 0.44, convert 0.00, encode 8.27, network 48.45, decode 1.54, display 6.00 (network)
[2022-08-12 15:19:43] CLIENT: [SteamNetworkingSockets] ICE: ICE completed
[2022-08-12 15:19:43] Bitrate adapter: state = 2, minRTT = 47, maxRTT = 99, gain = 0.75, bitrate = 21093
[2022-08-12 15:19:43] CLIENT: SteamNetworkingSockets connection: Connected UDP@18.223.213.124:53478 Ping: 56ms IN: 40258.5kbit 4426.5 pkt/s qual 99.8OUT: 155.5kbit 204.4 pkt/s qual 100.0
[2022-08-12 15:19:43] Slow framerate: game 5.18, capture 0.44, convert 0.00, encode 7.81, network 37.44, decode 1.21, display 4.01 (network)
[2022-08-12 15:19:44] Setting target framerate: 60.00 [timing: game 6.11, capture 0.43, convert 0.01, encode 6.86, network 32.53, decode 1.28, display 2.97]
[2022-08-12 15:19:44] CLIENT: Targeting 60.00 FPS
[2022-08-12 15:19:44] CLIENT: Got control packet k_EStreamControlSetTargetFramerate
[2022-08-12 15:19:47] Bitrate adapter: state = 2, minRTT = 46, maxRTT = 77, gain = 1.25, bitrate = 26366
[2022-08-12 15:19:48] Slow framerate: game 6.57, capture 0.45, convert 0.00, encode 7.48, network 36.23, decode 1.30, display 5.29 (network)
[2022-08-12 15:19:48] Setting target framerate: 60.00 [timing: game 6.57, capture 0.45, convert 0.00, encode 7.48, network 36.23, decode 1.30, display 5.29 (network)]
[2022-08-12 15:19:48] CLIENT: SteamNetworkingSockets connection: Connected UDP@18.223.213.124:53478 Ping: 51ms IN: 21367.9kbit 2457.5 pkt/s qual 100.0OUT: 149.5kbit 200.0 pkt/s qual 100.0
[2022-08-12 15:19:48] CLIENT: Targeting 60.00 FPS
[2022-08-12 15:19:48] CLIENT: Got control packet k_EStreamControlSetTargetFramerate
[2022-08-12 15:19:49] Slow framerate: game 6.57, capture 0.43, convert 0.00, encode 7.70, network 36.02, decode 1.36, display 5.40 (network)
[2022-08-12 15:19:50] CLIENT: Got video sequence 1245, expected 1244, sending lost data notification
[2022-08-12 15:19:50] CLIENT: Marking frame 1245 complete with status k_EStreamFrameResultDroppedReset
[2022-08-12 15:19:50] CLIENT: Marking frame 1246 complete with status k_EStreamFrameResultDroppedReset
[2022-08-12 15:19:50] CLIENT: Marking frame 1247 complete with status k_EStreamFrameResultDroppedReset
[2022-08-12 15:19:50] CLIENT: Marking frame 1248 complete with status k_EStreamFrameResultDroppedReset
[2022-08-12 15:19:50] CLIENT: Marking frame 1249 complete with status k_EStreamFrameResultDroppedReset
[2022-08-12 15:19:50] CLIENT: Marking frame 1250 complete with status k_EStreamFrameResultDroppedReset
[2022-08-12 15:19:50] CLIENT: Marking frame 1251 complete with status k_EStreamFrameResultDroppedReset
[2022-08-12 15:19:50] CLIENT: Marking frame 1252 complete with status k_EStreamFrameResultDroppedReset
[2022-08-12 15:19:50] CLIENT: Marking frame 1253 complete with status k_EStreamFrameResultDroppedReset
[2022-08-12 15:19:50] CLIENT: Marking frame 1254 complete with status k_EStreamFrameResultDroppedReset
[2022-08-12 15:19:50] CLIENT: Marking frame 1255 complete with status k_EStreamFrameResultDroppedReset
[2022-08-12 15:19:50] CLIENT: Marking frame 1256 complete with status k_EStreamFrameResultDroppedReset
[2022-08-12 15:19:50] CLIENT: Marking frame 1257 complete with status k_EStreamFrameResultDroppedReset
[2022-08-12 15:19:50] Slow framerate: game 6.20, capture 0.43, convert 0.00, encode 7.07, network 41.33, decode 1.32, display 5.65 (network)
[2022-08-12 15:19:51] CLIENT: [SteamNetworkingSockets] CConnectionTransportP2PICE_WebRTC::OnData 1227 bytes, queued, 30767 previously queued LOCK PROBLEM!
[2022-08-12 15:19:51] CLIENT: [SteamNetworkingSockets] CConnectionTransportP2PICE_WebRTC::OnData 1227 bytes, queued, 31998 previously queued LOCK PROBLEM!
[2022-08-12 15:19:51] CLIENT: [SteamNetworkingSockets] CConnectionTransportP2PICE_WebRTC::OnData 1227 bytes, queued, 33229 previously queued LOCK PROBLEM!
[2022-08-12 15:19:51] CLIENT: [SteamNetworkingSockets] CConnectionTransportP2PICE_WebRTC::OnData 1227 bytes, queued, 34460 previously queued LOCK PROBLEM!
[2022-08-12 15:19:51] CLIENT: [SteamNetworkingSockets] CConnectionTransportP2PICE_WebRTC::OnData 971 bytes, queued, 35691 previously queued LOCK PROBLEM!
[2022-08-12 15:19:51] CLIENT: [SteamNetworkingSockets] CConnectionTransportP2PICE_WebRTC::OnData 45 bytes, queued, 36666 previously queued LOCK PROBLEM!
[2022-08-12 15:19:51] CLIENT: [SteamNetworkingSockets] CConnectionTransportP2PICE_WebRTC::OnData 52 bytes, queued, 36715 previously queued LOCK PROBLEM!
[2022-08-12 15:19:51] CLIENT: [SteamNetworkingSockets] CConnectionTransportP2PICE_WebRTC::OnData 40 bytes, queued, 36771 previously queued LOCK PROBLEM!
[2022-08-12 15:19:51] CLIENT: [SteamNetworkingSockets] CConnectionTransportP2PICE_WebRTC::OnData 1227 bytes, queued, 36815 previously queued LOCK PROBLEM!
[2022-08-12 15:19:51] CLIENT: [SteamNetworkingSockets] CConnectionTransportP2PICE_WebRTC::OnData 1227 bytes, queued, 38046 previously queued LOCK PROBLEM!
[2022-08-12 15:19:51] CLIENT: [SteamNetworkingSockets] CConnectionTransportP2PICE_WebRTC::OnData 1227 bytes, queued, 39277 previously queued LOCK PROBLEM!
[2022-08-12 15:19:51] CLIENT: [SteamNetworkingSockets] CConnectionTransportP2PICE_WebRTC::OnData 1227 bytes, queued, 40508 previously queued LOCK PROBLEM!
[2022-08-12 15:19:51] CLIENT: [SteamNetworkingSockets] CConnectionTransportP2PICE_WebRTC::OnData 1227 bytes, queued, 41739 previously queued LOCK PROBLEM!
[2022-08-12 15:19:51] CLIENT: [SteamNetworkingSockets] CConnectionTransportP2PICE_WebRTC::OnData 1227 bytes, queued, 42970 previously queued LOCK PROBLEM!
[2022-08-12 15:19:51] CLIENT: [SteamNetworkingSockets] CConnectionTransportP2PICE_WebRTC::OnData 1227 bytes, queued, 44201 previously queued LOCK PROBLEM!
[2022-08-12 15:19:51] CLIENT: [SteamNetworkingSockets] CConnectionTransportP2PICE_WebRTC::OnData 1227 bytes, queued, 45432 previously queued LOCK PROBLEM!
[2022-08-12 15:19:51] CLIENT: [SteamNetworkingSockets] CConnectionTransportP2PICE_WebRTC::OnData 1227 bytes, queued, 46663 previously queued LOCK PROBLEM!
[2022-08-12 15:19:51] CLIENT: [SteamNetworkingSockets] CConnectionTransportP2PICE_WebRTC::OnData 1227 bytes, queued, 47894 previously queued LOCK PROBLEM!
[2022-08-12 15:19:51] CLIENT: [SteamNetworkingSockets] CConnectionTransportP2PICE_WebRTC::OnData 1223 bytes, queued, 49125 previously queued LOCK PROBLEM!
[2022-08-12 15:19:51] CLIENT: [SteamNetworkingSockets] CConnectionTransportP2PICE_WebRTC::OnData 1227 bytes, queued, 50352 previously queued LOCK PROBLEM!
[2022-08-12 15:19:51] CLIENT: [SteamNetworkingSockets] CConnectionTransportP2PICE_WebRTC::OnData 1227 bytes, queued, 51583 previously queued LOCK PROBLEM!
[2022-08-12 15:19:51] CLIENT: [SteamNetworkingSockets] CConnectionTransportP2PICE_WebRTC::OnData 1227 bytes, queued, 52814 previously queued LOCK PROBLEM!
[2022-08-12 15:19:51] CLIENT: [SteamNetworkingSockets] CConnectionTransportP2PICE_WebRTC::OnData 1227 bytes, queued, 54045 previously queued LOCK PROBLEM!
[2022-08-12 15:19:51] CLIENT: [SteamNetworkingSockets] CConnectionTransportP2PICE_WebRTC::OnData 1227 bytes, queued, 55276 previously queued LOCK PROBLEM!
[2022-08-12 15:19:51] CLIENT: [SteamNetworkingSockets] CConnectionTransportP2PICE_WebRTC::OnData 1227 bytes, queued, 56507 previously queued LOCK PROBLEM!
[2022-08-12 15:19:51] CLIENT: [SteamNetworkingSockets] CConnectionTransportP2PICE_WebRTC::OnData 1227 bytes, queued, 57738 previously queued LOCK PROBLEM!
[2022-08-12 15:19:51] CLIENT: [SteamNetworkingSockets] CConnectionTransportP2PICE_WebRTC::OnData 1227 bytes, queued, 58969 previously queued LOCK PROBLEM!
[2022-08-12 15:19:51] CLIENT: [SteamNetworkingSockets] CConnectionTransportP2PICE_WebRTC::OnData 1227 bytes, queued, 60200 previously queued LOCK PROBLEM!
[2022-08-12 15:19:51] Slow framerate: game 5.80, capture 0.43, convert 0.00, encode 7.18, network 47.08, decode 1.27, display 5.25 (network)
[2022-08-12 15:19:51] Bitrate adapter: state = 2, minRTT = 46, maxRTT = 98, gain = 0.75, bitrate = 19774
[2022-08-12 15:19:52] Bitrate adapter: state = 2, minRTT = 46, maxRTT = 122, gain = 0.75, bitrate = 14830
[2022-08-12 15:19:52] CLIENT: [SteamNetworkingSockets] [#802275585 P2P ICE steamid:76561199378814893 vport 0] Peer appears to be using 'SDR' transport as primary
[2022-08-12 15:19:52] Slow framerate: game 5.54, capture 0.43, convert 0.01, encode 7.48, network 63.52, decode 1.15, display 7.39 (network)
[2022-08-12 15:19:52] Bitrate adapter: state = 2, minRTT = 46, maxRTT = 117, gain = 0.75, bitrate = 11122
[2022-08-12 15:19:53] Bitrate adapter: state = 2, minRTT = 46, maxRTT = 101, gain = 0.75, bitrate = 8341
[2022-08-12 15:19:53] Bitrate adapter: state = 2, minRTT = 46, maxRTT = 124, gain = 0.75, bitrate = 6255
[2022-08-12 15:19:53] Slow framerate: game 5.54, capture 0.44, convert 0.01, encode 7.07, network 40.22, decode 1.22, display 3.75 (network)
[2022-08-12 15:19:53] CLIENT: SteamNetworkingSockets connection: Connected SDR->mdf1->dfw  Ping: 69ms IN: 22666.6kbit 2596.0 pkt/s qual 99.7OUT: 193.2kbit 241.1 pkt/s qual 100.0
[2022-08-12 15:19:54] Slow framerate: game 5.62, capture 0.44, convert 0.00, encode 6.95, network 39.59, decode 1.13, display 4.34 (network)
[2022-08-12 15:19:54] Bitrate adapter: state = 2, minRTT = 47, maxRTT = 126, gain = 0.75, bitrate = 4691
[2022-08-12 15:19:55] Bitrate adapter: state = 2, minRTT = 47, maxRTT = 143, gain = 0.75, bitrate = 3518
[2022-08-12 15:19:55] Slow framerate: game 5.57, capture 0.45, convert 0.01, encode 6.88, network 42.51, decode 1.17, display 5.02 (network)
[2022-08-12 15:19:56] Slow framerate: game 5.62, capture 0.44, convert 0.00, encode 6.88, network 35.29, decode 1.15, display 3.06 (network)
[2022-08-12 15:19:57] Setting target framerate: 60.00 [timing: game 5.67, capture 0.44, convert 0.00, encode 7.00, network 33.43, decode 1.38, display 3.03]
[2022-08-12 15:19:57] CLIENT: Targeting 60.00 FPS
[2022-08-12 15:19:57] CLIENT: Got control packet k_EStreamControlSetTargetFramerate
[2022-08-12 15:19:58] Slow framerate: game 5.67, capture 0.45, convert 0.01, encode 6.95, network 34.43, decode 1.21, display 6.88 (network)
[2022-08-12 15:19:58] Setting target framerate: 60.00 [timing: game 5.67, capture 0.45, convert 0.01, encode 6.95, network 34.43, decode 1.21, display 6.88 (network)]
[2022-08-12 15:19:58] CLIENT: SteamNetworkingSockets connection: Connected SDR->mdf1->dfw  Ping: 68ms IN: 4690.1kbit 726.6 pkt/s qual 99.9OUT: 186.9kbit 251.0 pkt/s qual 100.0
[2022-08-12 15:19:58] CLIENT: Targeting 60.00 FPS
[2022-08-12 15:19:58] CLIENT: Got control packet k_EStreamControlSetTargetFramerate
[2022-08-12 15:19:59] Bitrate adapter: state = 2, minRTT = 48, maxRTT = 83, gain = 1.25, bitrate = 4397
[2022-08-12 15:19:59] Slow framerate: game 5.62, capture 0.44, convert 0.00, encode 6.88, network 34.78, decode 1.26, display 10.74 (network)
[2022-08-12 15:20:00] Slow framerate: game 5.52, capture 0.45, convert 0.00, encode 6.88, network 36.21, decode 1.20, display 13.30 (network)
[2022-08-12 15:20:01] Slow framerate: game 5.51, capture 0.45, convert 0.00, encode 6.82, network 37.84, decode 1.12, display 6.28 (network)
[2022-08-12 15:20:02] Slow framerate: game 5.44, capture 0.45, convert 0.00, encode 6.81, network 35.77, decode 1.13, display 3.05 (network)
[2022-08-12 15:20:03] Bitrate adapter: state = 2, minRTT = 61, maxRTT = 79, gain = 1.25, bitrate = 5496
[2022-08-12 15:20:03] Slow framerate: game 5.36, capture 0.44, convert 0.01, encode 6.70, network 35.87, decode 1.25, display 2.93 (network)
[2022-08-12 15:20:03] CLIENT: SteamNetworkingSockets connection: Connected SDR->mdf1->dfw  Ping: 69ms IN: 3852.6kbit 631.2 pkt/s qual 100.0OUT: 161.5kbit 221.6 pkt/s qual 100.0
[2022-08-12 15:20:04] Slow framerate: game 5.38, capture 0.45, convert 0.00, encode 6.87, network 36.61, decode 1.30, display 3.54 (network)
[2022-08-12 15:20:05] Slow framerate: game 5.33, capture 0.44, convert 0.00, encode 6.99, network 36.17, decode 1.37, display 3.12 (network)
[2022-08-12 15:20:06] Slow framerate: game 5.35, capture 0.43, convert 0.00, encode 6.95, network 36.36, decode 1.29, display 3.47 (network)
[2022-08-12 15:20:07] Bitrate adapter: state = 2, minRTT = 61, maxRTT = 98, gain = 1.25, bitrate = 6870
[2022-08-12 15:20:07] Slow framerate: game 5.22, capture 0.44, convert 0.01, encode 7.05, network 38.51, decode 1.19, display 3.33 (network)
[2022-08-12 15:20:08] Slow framerate: game 5.16, capture 0.44, convert 0.00, encode 6.94, network 38.81, decode 1.22, display 7.21 (network)
[2022-08-12 15:20:08] CLIENT: SteamNetworkingSockets connection: Connected SDR->mdf1->dfw  Ping: 75ms IN: 5300.0kbit 782.8 pkt/s qual 99.9OUT: 157.6kbit 217.6 pkt/s qual 100.0
[2022-08-12 15:20:09] Slow framerate: game 5.12, capture 0.44, convert 0.00, encode 7.05, network 39.77, decode 1.23, display 9.55 (network)
[2022-08-12 15:20:10] Slow framerate: game 4.99, capture 0.43, convert 0.00, encode 7.09, network 39.49, decode 1.16, display 4.85 (network)
[2022-08-12 15:20:11] Bitrate adapter: state = 2, minRTT = 61, maxRTT = 83, gain = 1.25, bitrate = 8587
[2022-08-12 15:20:11] Slow framerate: game 4.81, capture 0.44, convert 0.01, encode 7.01, network 36.21, decode 1.22, display 6.50 (network)
[2022-08-12 15:20:12] Bitrate adapter: state = 2, minRTT = 61, maxRTT = 150, gain = 0.75, bitrate = 6440
[2022-08-12 15:20:12] Slow framerate: game 4.66, capture 0.43, convert 0.00, encode 7.18, network 45.95, decode 1.23, display 9.05 (network)
[2022-08-12 15:20:13] Slow framerate: game 4.57, capture 0.44, convert 0.00, encode 7.03, network 40.81, decode 1.22, display 4.68 (network)
[2022-08-12 15:20:13] CLIENT: SteamNetworkingSockets connection: Connected SDR->mdf1->dfw  Ping: 92ms IN: 6946.8kbit 967.5 pkt/s qual 100.0OUT: 167.0kbit 233.4 pkt/s qual 100.0
[2022-08-12 15:20:14] Slow framerate: game 4.66, capture 0.44, convert 0.00, encode 7.10, network 42.57, decode 1.15, display 6.19 (network)
[2022-08-12 15:20:15] Slow framerate: game 4.46, capture 0.45, convert 0.00, encode 6.91, network 39.97, decode 1.26, display 5.07 (network)
[2022-08-12 15:20:16] Bitrate adapter: state = 2, minRTT = 63, maxRTT = 85, gain = 1.25, bitrate = 8050
[2022-08-12 15:20:16] Slow framerate: game 4.41, capture 0.44, convert 0.00, encode 6.92, network 38.55, decode 1.22, display 6.13 (network)
[2022-08-12 15:20:17] Slow framerate: game 4.64, capture 0.45, convert 0.00, encode 6.84, network 38.50, decode 1.19, display 9.12 (network)
[2022-08-12 15:20:18] Slow framerate: game 5.09, capture 0.43, convert 0.00, encode 6.79, network 39.39, decode 1.16, display 11.12 (network)
[2022-08-12 15:20:18] CLIENT: SteamNetworkingSockets connection: Connected SDR->mdf1->dfw  Ping: 72ms IN: 6582.7kbit 921.5 pkt/s qual 99.7OUT: 181.4kbit 243.4 pkt/s qual 100.0
[2022-08-12 15:20:19] Slow framerate: game 5.21, capture 0.44, convert 0.00, encode 7.24, network 38.42, decode 1.15, display 11.60 (network)
[2022-08-12 15:20:20] Bitrate adapter: state = 2, minRTT = 61, maxRTT = 105, gain = 1.25, bitrate = 10062
[2022-08-12 15:20:20] Slow framerate: game 4.98, capture 0.43, convert 0.00, encode 7.25, network 39.40, decode 1.26, display 12.33 (network)
[2022-08-12 15:20:21] Slow framerate: game 4.90, capture 0.46, convert 0.01, encode 7.35, network 39.08, decode 1.24, display 3.07 (network)
[2022-08-12 15:20:22] Slow framerate: game 4.84, capture 0.43, convert 0.00, encode 7.19, network 40.06, decode 1.27, display 2.46 (network)
[2022-08-12 15:20:23] Slow framerate: game 4.81, capture 0.44, convert 0.00, encode 7.41, network 38.16, decode 1.21, display 2.76 (network)
[2022-08-12 15:20:23] CLIENT: SteamNetworkingSockets connection: Connected SDR->mdf1->dfw  Ping: 71ms IN: 8547.9kbit 1124.2 pkt/s qual 99.8OUT: 173.6kbit 237.5 pkt/s qual 100.0
[2022-08-12 15:20:24] Bitrate adapter: state = 2, minRTT = 61, maxRTT = 83, gain = 1.25, bitrate = 12577
[2022-08-12 15:20:24] Slow framerate: game 4.67, capture 0.45, convert 0.00, encode 7.43, network 38.51, decode 1.30, display 2.69 (network)
[2022-08-12 15:20:25] Slow framerate: game 4.63, capture 0.44, convert 0.01, encode 7.64, network 39.14, decode 1.21, display 2.84 (network)
[2022-08-12 15:20:26] Slow framerate: game 4.76, capture 0.45, convert 0.00, encode 7.78, network 40.41, decode 1.28, display 3.42 (network)
[2022-08-12 15:20:27] Slow framerate: game 4.82, capture 0.44, convert 0.01, encode 7.73, network 44.13, decode 1.12, display 4.05 (network)
[2022-08-12 15:20:28] Bitrate adapter: state = 2, minRTT = 61, maxRTT = 113, gain = 0.75, bitrate = 9432
[2022-08-12 15:20:28] Slow framerate: game 4.90, capture 0.44, convert 0.00, encode 7.66, network 42.98, decode 1.27, display 3.85 (network)
[2022-08-12 15:20:28] CLIENT: SteamNetworkingSockets connection: Connected SDR->mdf1->dfw  Ping: 69ms IN: 11259.7kbit 1400.6 pkt/s qual 100.0OUT: 184.7kbit 246.2 pkt/s qual 100.0
[2022-08-12 15:20:29] Audio mix: start=19541109616, returned=2875680
[2022-08-12 15:20:29] Slow framerate: game 4.81, capture 0.45, convert 0.00, encode 7.61, network 37.70, decode 1.27, display 4.79 (network)
[2022-08-12 15:20:30] Slow framerate: game 4.85, capture 0.45, convert 0.00, encode 7.52, network 38.92, decode 1.21, display 9.18 (network)
[2022-08-12 15:20:31] Slow framerate: game 4.87, capture 0.44, convert 0.00, encode 7.45, network 38.71, decode 1.22, display 11.04 (network)
[2022-08-12 15:20:32] Bitrate adapter: state = 2, minRTT = 63, maxRTT = 88, gain = 1.25, bitrate = 11790
[2022-08-12 15:20:32] Slow framerate: game 4.83, capture 0.45, convert 0.00, encode 7.48, network 39.52, decode 1.24, display 12.93 (network)
[2022-08-12 15:20:33] Slow framerate: game 4.58, capture 0.44, convert 0.00, encode 7.65, network 40.39, decode 1.30, display 14.25 (network)
[2022-08-12 15:20:33] CLIENT: SteamNetworkingSockets connection: Connected SDR->mdf1->dfw  Ping: 68ms IN: 9475.5kbit 1224.2 pkt/s qual 99.6OUT: 185.5kbit 246.3 pkt/s qual 100.0
[2022-08-12 15:20:34] Slow framerate: game 4.33, capture 0.45, convert 0.00, encode 7.93, network 40.29, decode 1.29, display 14.56 (network)
[2022-08-12 15:20:35] Slow framerate: game 4.17, capture 0.44, convert 0.01, encode 7.74, network 43.42, decode 1.22, display 9.52 (network)
[2022-08-12 15:20:36] Bitrate adapter: state = 2, minRTT = 63, maxRTT = 79, gain = 1.25, bitrate = 14737
[2022-08-12 15:20:36] Slow framerate: game 4.16, capture 0.44, convert 0.00, encode 7.96, network 40.19, decode 1.26, display 3.30 (network)
[2022-08-12 15:20:37] Slow framerate: game 4.19, capture 0.44, convert 0.01, encode 7.95, network 40.87, decode 1.39, display 3.23 (network)
[2022-08-12 15:20:38] Slow framerate: game 4.33, capture 0.45, convert 0.00, encode 7.96, network 40.74, decode 1.26, display 3.48 (network)
[2022-08-12 15:20:38] CLIENT: SteamNetworkingSockets connection: Connected SDR->mdf1->dfw  Ping: 72ms IN: 12264.5kbit 1507.1 pkt/s qual 100.0OUT: 155.9kbit 213.8 pkt/s qual 100.0
[2022-08-12 15:20:39] Slow framerate: game 4.38, capture 0.46, convert 0.00, encode 7.99, network 38.24, decode 1.35, display 3.15 (network)
[2022-08-12 15:20:40] Bitrate adapter: state = 2, minRTT = 63, maxRTT = 94, gain = 1.25, bitrate = 18421
[2022-08-12 15:20:40] Slow framerate: game 4.35, capture 0.45, convert 0.00, encode 8.04, network 41.05, decode 1.27, display 4.17 (network)
[2022-08-12 15:20:41] Slow framerate: game 4.19, capture 0.45, convert 0.00, encode 8.09, network 42.34, decode 1.29, display 3.93 (network)
[2022-08-12 15:20:42] Slow framerate: game 4.33, capture 0.44, convert 0.01, encode 7.99, network 40.78, decode 1.32, display 3.38 (network)
[2022-08-12 15:20:43] CLIENT: SteamNetworkingSockets connection: Connected SDR->mdf1->dfw  Ping: 78ms IN: 16030.9kbit 1893.5 pkt/s qual 99.0OUT: 173.6kbit 232.2 pkt/s qual 100.0
[2022-08-12 15:20:43] Slow framerate: game 4.61, capture 0.45, convert 0.00, encode 8.11, network 40.21, decode 1.32, display 3.36 (network)
[2022-08-12 15:20:44] Bitrate adapter: state = 2, minRTT = 63, maxRTT = 87, gain = 1.25, bitrate = 23026
[2022-08-12 15:20:44] Slow framerate: game 4.93, capture 0.45, convert 0.00, encode 7.96, network 41.91, decode 1.36, display 3.72 (network)
[2022-08-12 15:20:45] Slow framerate: game 5.04, capture 0.45, convert 0.00, encode 8.10, network 43.53, decode 1.02, display 3.93 (network)
[2022-08-12 15:20:46] Slow framerate: game 5.03, capture 0.45, convert 0.00, encode 8.05, network 42.14, decode 1.31, display 4.06 (network)
[2022-08-12 15:20:47] Slow framerate: game 5.23, capture 0.46, convert 0.00, encode 8.31, network 41.36, decode 1.34, display 3.41 (network)
[2022-08-12 15:20:48] Bitrate adapter: state = 2, minRTT = 63, maxRTT = 90, gain = 1.25, bitrate = 28782
[2022-08-12 15:20:48] CLIENT: SteamNetworkingSockets connection: Connected SDR->mdf1->dfw  Ping: 65ms IN: 20351.5kbit 2348.7 pkt/s qual 100.0OUT: 168.8kbit 227.4 pkt/s qual 100.0
[2022-08-12 15:20:48] Slow framerate: game 5.74, capture 0.45, convert 0.00, encode 7.96, network 42.44, decode 1.40, display 3.61 (network)
[2022-08-12 15:20:49] Bitrate adapter: state = 2, minRTT = 63, maxRTT = 148, gain = 0.75, bitrate = 21586
[2022-08-12 15:20:49] Slow framerate: game 5.35, capture 0.46, convert 0.00, encode 7.68, network 54.07, decode 1.15, display 4.89 (network)
[2022-08-12 15:20:50] Slow framerate: game 4.48, capture 0.45, convert 0.01, encode 7.18, network 53.77, decode 0.82, display 4.54 (network)
[2022-08-12 15:20:51] Bitrate adapter: state = 2, minRTT = 63, maxRTT = 124, gain = 0.75, bitrate = 16189
[2022-08-12 15:20:51] Slow framerate: game 3.27, capture 0.44, convert 0.00, encode 7.17, network 47.21, decode 0.84, display 4.10 (network)
[2022-08-12 15:20:52] Slow framerate: game 3.66, capture 0.45, convert 0.00, encode 7.66, network 41.36, decode 0.99, display 2.75 (network)
[2022-08-12 15:20:53] Slow framerate: game 4.40, capture 0.45, convert 0.00, encode 7.87, network 43.81, decode 1.09, display 4.61 (network)
[2022-08-12 15:20:53] CLIENT: SteamNetworkingSockets connection: Connected SDR->mdf1->dfw  Ping: 72ms IN: 20405.6kbit 2356.0 pkt/s qual 99.7OUT: 157.4kbit 213.3 pkt/s qual 100.0
[2022-08-12 15:20:54] Slow framerate: game 5.15, capture 0.45, convert 0.00, encode 7.80, network 41.56, decode 1.05, display 8.50 (network)
[2022-08-12 15:20:55] Bitrate adapter: state = 2, minRTT = 61, maxRTT = 127, gain = 0.75, bitrate = 12141
[2022-08-12 15:20:55] Slow framerate: game 5.29, capture 0.46, convert 0.01, encode 7.69, network 45.27, decode 0.98, display 6.54 (network)
[2022-08-12 15:20:56] Slow framerate: game 5.18, capture 0.46, convert 0.00, encode 7.50, network 40.02, decode 1.03, display 4.56 (network)
[2022-08-12 15:20:57] Slow framerate: game 5.09, capture 0.46, convert 0.00, encode 7.60, network 44.09, decode 1.08, display 7.53 (network)
[2022-08-12 15:20:57] Bitrate adapter: state = 2, minRTT = 61, maxRTT = 143, gain = 0.75, bitrate = 9105
[2022-08-12 15:20:58] Slow framerate: game 4.94, capture 0.46, convert 0.00, encode 7.63, network 40.26, decode 0.94, display 13.88 (network)
[2022-08-12 15:20:58] CLIENT: SteamNetworkingSockets connection: Connected SDR->mdf1->dfw  Ping: 73ms IN: 13236.7kbit 1612.7 pkt/s qual 100.0OUT: 152.6kbit 207.6 pkt/s qual 100.0
[2022-08-12 15:20:59] Slow framerate: game 4.73, capture 0.45, convert 0.00, encode 7.44, network 40.90, decode 1.07, display 20.27 (network)
[2022-08-12 15:21:00] Slow framerate: game 4.51, capture 0.46, convert 0.00, encode 7.55, network 39.90, decode 0.98, display 20.77 (network)
[2022-08-12 15:21:01] Slow framerate: game 4.37, capture 0.44, convert 0.00, encode 7.56, network 42.31, decode 1.02, display 20.77 (network)
[2022-08-12 15:21:01] Bitrate adapter: state = 2, minRTT = 61, maxRTT = 84, gain = 1.25, bitrate = 11381
[2022-08-12 15:21:02] Slow framerate: game 4.37, capture 0.44, convert 0.00, encode 7.70, network 42.88, decode 0.91, display 20.77 (network)
[2022-08-12 15:21:03] Slow framerate: game 4.36, capture 0.44, convert 0.00, encode 7.64, network 38.94, decode 1.02, display 20.66 (network)
[2022-08-12 15:21:03] CLIENT: SteamNetworkingSockets connection: Connected SDR->mdf1->dfw  Ping: 65ms IN: 9231.8kbit 1199.1 pkt/s qual 99.7OUT: 153.5kbit 211.2 pkt/s qual 100.0
[2022-08-12 15:21:04] Slow framerate: game 4.34, capture 0.44, convert 0.00, encode 7.67, network 42.24, decode 1.01, display 20.54 (network)
[2022-08-12 15:21:05] Slow framerate: game 4.98, capture 0.43, convert 0.00, encode 7.32, network 44.47, decode 1.01, display 19.92 (network)
[2022-08-12 15:21:05] Bitrate adapter: state = 2, minRTT = 61, maxRTT = 92, gain = 1.25, bitrate = 14226
[2022-08-12 15:21:06] Slow framerate: game 5.50, capture 0.44, convert 0.01, encode 7.04, network 39.57, decode 1.02, display 20.70 (network)
[2022-08-12 15:21:07] Slow framerate: game 6.00, capture 0.45, convert 0.00, encode 6.97, network 41.65, decode 0.95, display 20.76 (network)
[2022-08-12 15:21:08] Slow framerate: game 5.78, capture 0.44, convert 0.00, encode 6.98, network 40.58, decode 1.22, display 15.72 (network)
[2022-08-12 15:21:09] Slow framerate: game 5.65, capture 0.44, convert 0.00, encode 7.10, network 41.40, decode 1.31, display 12.37 (network)
[2022-08-12 15:21:10] Bitrate adapter: state = 2, minRTT = 61, maxRTT = 87, gain = 1.25, bitrate = 17782
[2022-08-12 15:21:10] CLIENT: [SteamNetworkingSockets] [#802275585 P2P SDR steamid:76561199378814893 vport 0] Peer appears to be using 'ICE' transport as primary
[2022-08-12 15:21:10] CLIENT: [SteamNetworkingSockets] [#802275585 P2P ICE steamid:76561199378814893 vport 0] Peer appears to be using 'SDR' transport as primary
[2022-08-12 15:21:10] CLIENT: [SteamNetworkingSockets] [#802275585 P2P SDR steamid:76561199378814893 vport 0] Peer appears to be using 'ICE' transport as primary
[2022-08-12 15:21:10] Slow framerate: game 5.46, capture 0.44, convert 0.01, encode 7.21, network 39.26, decode 1.21, display 8.89 (network)
[2022-08-12 15:21:11] Slow framerate: game 5.35, capture 0.44, convert 0.00, encode 7.21, network 36.70, decode 1.22, display 5.90 (network)
[2022-08-12 15:21:12] Slow framerate: game 5.10, capture 0.44, convert 0.00, encode 7.21, network 35.67, decode 1.17, display 4.72 (network)
[2022-08-12 15:21:13] Slow framerate: game 4.90, capture 0.44, convert 0.01, encode 7.16, network 35.75, decode 0.98, display 3.91 (network)
[2022-08-12 15:21:13] CLIENT: SteamNetworkingSockets connection: Connected UDP@18.223.213.124:53478 Ping: 49ms IN: 15538.8kbit 1851.5 pkt/s qual 99.8OUT: 153.0kbit 201.7 pkt/s qual 100.0
[2022-08-12 15:21:14] Bitrate adapter: state = 2, minRTT = 48, maxRTT = 71, gain = 1.25, bitrate = 22227
[2022-08-12 15:21:14] Slow framerate: game 4.68, capture 0.44, convert 0.00, encode 7.47, network 41.28, decode 0.99, display 7.86 (network)
[2022-08-12 15:21:15] SynchronizeClientState(): setting cursor visible
[2022-08-12 15:21:15] SynchronizeClientState(): setting cursor to 65541
[2022-08-12 15:21:15] CLIENT: Got control packet k_EStreamControlSetCursor
[2022-08-12 15:21:15] Slow framerate: game 4.91, capture 0.44, convert 0.02, encode 7.39, network 35.91, decode 1.23, display 4.57 (network)
[2022-08-12 15:21:16] Slow framerate: game 5.20, capture 0.44, convert 0.04, encode 7.24, network 38.26, decode 1.18, display 5.43 (network)
[2022-08-12 15:21:17] Slow framerate: game 5.43, capture 0.45, convert 0.04, encode 7.07, network 36.22, decode 1.36, display 2.57 (network)
[2022-08-12 15:21:18] Bitrate adapter: state = 2, minRTT = 47, maxRTT = 69, gain = 1.25, bitrate = 27783
[2022-08-12 15:21:18] Slow framerate: game 5.46, capture 0.43, convert 0.04, encode 7.17, network 35.66, decode 1.38, display 2.96 (network)
[2022-08-12 15:21:18] CLIENT: SteamNetworkingSockets connection: Connected UDP@18.223.213.124:53478 Ping: 69ms IN: 17280.2kbit 2046.6 pkt/s qual 99.9OUT: 168.6kbit 226.2 pkt/s qual 100.0
[2022-08-12 15:21:19] Slow framerate: game 5.46, capture 0.45, convert 0.04, encode 7.18, network 38.79, decode 1.26, display 6.27 (network)
[2022-08-12 15:21:21] Slow framerate: game 5.43, capture 0.43, convert 0.04, encode 7.25, network 36.28, decode 1.12, display 12.08 (network)
[2022-08-12 15:21:21] CLIENT: Got video sequence 6677, expected 6676, sending lost data notification
[2022-08-12 15:21:21] CLIENT: Marking frame 6677 complete with status k_EStreamFrameResultDroppedReset
[2022-08-12 15:21:21] CLIENT: Marking frame 6678 complete with status k_EStreamFrameResultDroppedReset
[2022-08-12 15:21:21] CLIENT: Marking frame 6679 complete with status k_EStreamFrameResultDroppedReset
[2022-08-12 15:21:21] CLIENT: Marking frame 6680 complete with status k_EStreamFrameResultDroppedReset
[2022-08-12 15:21:21] CLIENT: Marking frame 6681 complete with status k_EStreamFrameResultDroppedReset
[2022-08-12 15:21:21] CLIENT: Marking frame 6682 complete with status k_EStreamFrameResultDroppedReset
[2022-08-12 15:21:21] CLIENT: Marking frame 6683 complete with status k_EStreamFrameResultDroppedReset
[2022-08-12 15:21:21] CLIENT: Marking frame 6684 complete with status k_EStreamFrameResultDroppedReset
[2022-08-12 15:21:21] CLIENT: Marking frame 6685 complete with status k_EStreamFrameResultDroppedReset
[2022-08-12 15:21:21] CLIENT: Marking frame 6686 complete with status k_EStreamFrameResultDroppedReset
[2022-08-12 15:21:21] CLIENT: Marking frame 6687 complete with status k_EStreamFrameResultDroppedReset
[2022-08-12 15:21:21] CLIENT: Marking frame 6688 complete with status k_EStreamFrameResultDroppedReset
[2022-08-12 15:21:22] Slow framerate: game 5.37, capture 0.45, convert 0.04, encode 7.13, network 39.46, decode 1.29, display 4.93 (network)
[2022-08-12 15:21:22] Bitrate adapter: state = 2, minRTT = 47, maxRTT = 72, gain = 1.25, bitrate = 34728
[2022-08-12 15:21:23] Slow framerate: game 5.33, capture 0.43, convert 0.04, encode 7.02, network 39.14, decode 1.17, display 5.11 (network)
[2022-08-12 15:21:24] Slow framerate: game 5.28, capture 0.43, convert 0.04, encode 7.12, network 35.83, decode 1.16, display 4.39 (network)
[2022-08-12 15:21:24] CLIENT: SteamNetworkingSockets connection: Connected UDP@18.223.213.124:53478 Ping: 57ms IN: 15115.1kbit 1826.0 pkt/s qual 99.8OUT: 186.3kbit 251.8 pkt/s qual 100.0
[2022-08-12 15:21:25] Slow framerate: game 5.23, capture 0.43, convert 0.04, encode 6.99, network 34.34, decode 1.26, display 3.24 (network)
[2022-08-12 15:21:26] Slow framerate: game 5.25, capture 0.44, convert 0.04, encode 7.18, network 34.65, decode 1.22, display 3.51 (network)
[2022-08-12 15:21:26] Bitrate adapter: state = 2, minRTT = 47, maxRTT = 70, gain = 1.25, bitrate = 43410
[2022-08-12 15:21:27] Setting target framerate: 60.00 [timing: game 5.33, capture 0.44, convert 0.04, encode 7.01, network 31.51, decode 1.32, display 2.48]
[2022-08-12 15:21:27] CLIENT: Targeting 60.00 FPS
[2022-08-12 15:21:27] CLIENT: Got control packet k_EStreamControlSetTargetFramerate
[2022-08-12 15:21:29] CLIENT: SteamNetworkingSockets connection: Connected UDP@18.223.213.124:53478 Ping: 49ms IN: 13813.2kbit 1681.0 pkt/s qual 100.0OUT: 171.3kbit 230.7 pkt/s qual 100.0
[2022-08-12 15:21:29] Audio mix: start=19541109616, returned=5756160
[2022-08-12 15:21:30] SynchronizeClientState(): setting cursor hidden
[2022-08-12 15:21:30] SynchronizeClientState(): setting cursor to 0
[2022-08-12 15:21:30] CLIENT: Got control packet k_EStreamControlHideCursor
[2022-08-12 15:21:30] CLIENT: Got control packet k_EStreamControlSetCursor
[2022-08-12 15:21:30] Bitrate adapter: state = 2, minRTT = 47, maxRTT = 72, gain = 1.25, bitrate = 54262
[2022-08-12 15:21:31] Slow framerate: game 5.19, capture 0.44, convert 0.02, encode 8.31, network 35.77, decode 1.46, display 7.90 (network)
[2022-08-12 15:21:31] Setting target framerate: 60.00 [timing: game 5.19, capture 0.44, convert 0.02, encode 8.31, network 35.77, decode 1.46, display 7.90 (network)]
[2022-08-12 15:21:31] CLIENT: Targeting 60.00 FPS
[2022-08-12 15:21:31] CLIENT: Got control packet k_EStreamControlSetTargetFramerate
[2022-08-12 15:21:32] Slow framerate: game 4.89, capture 0.45, convert 0.00, encode 8.92, network 45.26, decode 1.63, display 5.93 (network)
[2022-08-12 15:21:32] CLIENT: Got video sequence 7351, expected 7350, sending lost data notification
[2022-08-12 15:21:32] CLIENT: Marking frame 7351 complete with status k_EStreamFrameResultDroppedReset
[2022-08-12 15:21:32] CLIENT: Marking frame 7352 complete with status k_EStreamFrameResultDroppedReset
[2022-08-12 15:21:32] CLIENT: Marking frame 7353 complete with status k_EStreamFrameResultDroppedReset
[2022-08-12 15:21:32] CLIENT: Marking frame 7354 complete with status k_EStreamFrameResultDroppedReset
[2022-08-12 15:21:32] CLIENT: Marking frame 7355 complete with status k_EStreamFrameResultDroppedReset
[2022-08-12 15:21:32] CLIENT: Marking frame 7356 complete with status k_EStreamFrameResultDroppedReset
[2022-08-12 15:21:32] CLIENT: Marking frame 7357 complete with status k_EStreamFrameResultDroppedReset
[2022-08-12 15:21:32] CLIENT: Marking frame 7358 complete with status k_EStreamFrameResultDroppedReset
[2022-08-12 15:21:32] CLIENT: Marking frame 7359 complete with status k_EStreamFrameResultDroppedReset
[2022-08-12 15:21:32] CLIENT: Marking frame 7360 complete with status k_EStreamFrameResultDroppedReset
[2022-08-12 15:21:32] CLIENT: Marking frame 7361 complete with status k_EStreamFrameResultDroppedReset
[2022-08-12 15:21:32] CLIENT: Marking frame 7362 complete with status k_EStreamFrameResultDroppedReset
[2022-08-12 15:21:32] CLIENT: Marking frame 7363 complete with status k_EStreamFrameResultDroppedReset
[2022-08-12 15:21:33] Slow framerate: game 4.75, capture 0.43, convert 0.00, encode 8.98, network 43.87, decode 1.66, display 14.95 (network)
[2022-08-12 15:21:34] Slow framerate: game 4.98, capture 0.44, convert 0.00, encode 9.14, network 47.82, decode 1.47, display 7.69 (network)
[2022-08-12 15:21:34] CLIENT: SteamNetworkingSockets connection: Connected UDP@18.223.213.124:53478 Ping: 60ms IN: 35575.5kbit 3943.9 pkt/s qual 99.9OUT: 179.7kbit 236.3 pkt/s qual 100.0
[2022-08-12 15:21:34] Bitrate adapter: state = 2, minRTT = 47, maxRTT = 84, gain = 1.25, bitrate = 67827
[2022-08-12 15:21:35] Slow framerate: game 5.38, capture 0.44, convert 0.01, encode 9.66, network 51.49, decode 1.52, display 7.13 (network)
[2022-08-12 15:21:36] Slow framerate: game 5.57, capture 0.45, convert 0.00, encode 9.81, network 49.96, decode 1.86, display 5.78 (network)
[2022-08-12 15:21:37] Slow framerate: game 5.42, capture 0.43, convert 0.00, encode 9.88, network 46.81, decode 1.34, display 4.13 (network)
[2022-08-12 15:21:38] Slow framerate: game 5.10, capture 0.43, convert 0.00, encode 9.93, network 47.77, decode 1.61, display 5.17 (network)
[2022-08-12 15:21:38] Bitrate adapter: state = 2, minRTT = 47, maxRTT = 81, gain = 1.25, bitrate = 84783
[2022-08-12 15:21:38] CLIENT: [SteamNetworkingSockets] CConnectionTransportP2PICE_WebRTC::OnData 1227 bytes, queued, 30775 previously queued LOCK PROBLEM!
[2022-08-12 15:21:38] CLIENT: [SteamNetworkingSockets] CConnectionTransportP2PICE_WebRTC::OnData 1227 bytes, queued, 32006 previously queued LOCK PROBLEM!
[2022-08-12 15:21:39] Slow framerate: game 4.96, capture 0.43, convert 0.01, encode 10.00, network 47.00, decode 1.82, display 4.72 (network)
[2022-08-12 15:21:39] CLIENT: SteamNetworkingSockets connection: Connected UDP@18.223.213.124:53478 Ping: 61ms IN: 61573.3kbit 6642.8 pkt/s qual 99.9OUT: 179.9kbit 237.4 pkt/s qual 100.0
[2022-08-12 15:21:40] Slow framerate: game 4.85, capture 0.42, convert 0.00, encode 10.75, network 43.85, decode 1.93, display 3.94 (network)
[2022-08-12 15:21:40] CLIENT: [SteamNetworkingSockets] CConnectionTransportP2PICE_WebRTC::OnData 1227 bytes, queued, 30775 previously queued LOCK PROBLEM!
[2022-08-12 15:21:40] CLIENT: [SteamNetworkingSockets] CConnectionTransportP2PICE_WebRTC::OnData 1227 bytes, queued, 32006 previously queued LOCK PROBLEM!
[2022-08-12 15:21:40] CLIENT: [SteamNetworkingSockets] CConnectionTransportP2PICE_WebRTC::OnData 1227 bytes, queued, 33237 previously queued LOCK PROBLEM!
[2022-08-12 15:21:40] CLIENT: [SteamNetworkingSockets] CConnectionTransportP2PICE_WebRTC::OnData 1227 bytes, queued, 34468 previously queued LOCK PROBLEM!
[2022-08-12 15:21:40] CLIENT: [SteamNetworkingSockets] CConnectionTransportP2PICE_WebRTC::OnData 1227 bytes, queued, 35699 previously queued LOCK PROBLEM!
[2022-08-12 15:21:40] CLIENT: [SteamNetworkingSockets] CConnectionTransportP2PICE_WebRTC::OnData 1227 bytes, queued, 36930 previously queued LOCK PROBLEM!
[2022-08-12 15:21:40] CLIENT: [SteamNetworkingSockets] CConnectionTransportP2PICE_WebRTC::OnData 1227 bytes, queued, 38161 previously queued LOCK PROBLEM!
[2022-08-12 15:21:40] CLIENT: [SteamNetworkingSockets] CConnectionTransportP2PICE_WebRTC::OnData 1227 bytes, queued, 39392 previously queued LOCK PROBLEM!
[2022-08-12 15:21:40] CLIENT: [SteamNetworkingSockets] CConnectionTransportP2PICE_WebRTC::OnData 1227 bytes, queued, 40623 previously queued LOCK PROBLEM!
[2022-08-12 15:21:40] CLIENT: [SteamNetworkingSockets] CConnectionTransportP2PICE_WebRTC::OnData 1227 bytes, queued, 41854 previously queued LOCK PROBLEM!
[2022-08-12 15:21:40] CLIENT: [SteamNetworkingSockets] CConnectionTransportP2PICE_WebRTC::OnData 1227 bytes, queued, 43085 previously queued LOCK PROBLEM!
[2022-08-12 15:21:40] CLIENT: [SteamNetworkingSockets] CConnectionTransportP2PICE_WebRTC::OnData 1227 bytes, queued, 44316 previously queued LOCK PROBLEM!
[2022-08-12 15:21:40] CLIENT: [SteamNetworkingSockets] CConnectionTransportP2PICE_WebRTC::OnData 1227 bytes, queued, 45547 previously queued LOCK PROBLEM!
[2022-08-12 15:21:40] CLIENT: [SteamNetworkingSockets] CConnectionTransportP2PICE_WebRTC::OnData 1227 bytes, queued, 46778 previously queued LOCK PROBLEM!
[2022-08-12 15:21:40] CLIENT: [SteamNetworkingSockets] CConnectionTransportP2PICE_WebRTC::OnData 1227 bytes, queued, 48009 previously queued LOCK PROBLEM!
[2022-08-12 15:21:40] CLIENT: [SteamNetworkingSockets] CConnectionTransportP2PICE_WebRTC::OnData 1227 bytes, queued, 49240 previously queued LOCK PROBLEM!
[2022-08-12 15:21:40] CLIENT: [SteamNetworkingSockets] CConnectionTransportP2PICE_WebRTC::OnData 1227 bytes, queued, 50471 previously queued LOCK PROBLEM!
[2022-08-12 15:21:40] CLIENT: [SteamNetworkingSockets] CConnectionTransportP2PICE_WebRTC::OnData 1227 bytes, queued, 51702 previously queued LOCK PROBLEM!
[2022-08-12 15:21:40] CLIENT: [SteamNetworkingSockets] CConnectionTransportP2PICE_WebRTC::OnData 1227 bytes, queued, 52933 previously queued LOCK PROBLEM!
[2022-08-12 15:21:40] CLIENT: [SteamNetworkingSockets] CConnectionTransportP2PICE_WebRTC::OnData 1227 bytes, queued, 54164 previously queued LOCK PROBLEM!
[2022-08-12 15:21:40] CLIENT: [SteamNetworkingSockets] CConnectionTransportP2PICE_WebRTC::OnData 1227 bytes, queued, 55395 previously queued LOCK PROBLEM!
[2022-08-12 15:21:40] CLIENT: [SteamNetworkingSockets] CConnectionTransportP2PICE_WebRTC::OnData 1227 bytes, queued, 56626 previously queued LOCK PROBLEM!
[2022-08-12 15:21:40] CLIENT: [SteamNetworkingSockets] CConnectionTransportP2PICE_WebRTC::OnData 1227 bytes, queued, 57857 previously queued LOCK PROBLEM!
[2022-08-12 15:21:41] Slow framerate: game 4.86, capture 0.44, convert 0.00, encode 10.84, network 47.15, decode 2.18, display 5.82 (network)
[2022-08-12 15:21:42] Slow framerate: game 4.74, capture 0.43, convert 0.01, encode 10.68, network 48.50, decode 2.21, display 6.05 (network)
[2022-08-12 15:21:42] CLIENT: [SteamNetworkingSockets] CConnectionTransportP2PICE_WebRTC::OnData 1227 bytes, queued, 30775 previously queued LOCK PROBLEM!
[2022-08-12 15:21:42] CLIENT: [SteamNetworkingSockets] CConnectionTransportP2PICE_WebRTC::OnData 1227 bytes, queued, 32006 previously queued LOCK PROBLEM!
[2022-08-12 15:21:42] CLIENT: [SteamNetworkingSockets] CConnectionTransportP2PICE_WebRTC::OnData 1227 bytes, queued, 33237 previously queued LOCK PROBLEM!
[2022-08-12 15:21:42] CLIENT: [SteamNetworkingSockets] CConnectionTransportP2PICE_WebRTC::OnData 1227 bytes, queued, 34468 previously queued LOCK PROBLEM!
[2022-08-12 15:21:42] CLIENT: [SteamNetworkingSockets] CConnectionTransportP2PICE_WebRTC::OnData 1227 bytes, queued, 35699 previously queued LOCK PROBLEM!
[2022-08-12 15:21:42] CLIENT: [SteamNetworkingSockets] CConnectionTransportP2PICE_WebRTC::OnData 1227 bytes, queued, 36930 previously queued LOCK PROBLEM!
[2022-08-12 15:21:42] CLIENT: [SteamNetworkingSockets] CConnectionTransportP2PICE_WebRTC::OnData 1227 bytes, queued, 38161 previously queued LOCK PROBLEM!
[2022-08-12 15:21:42] CLIENT: [SteamNetworkingSockets] CConnectionTransportP2PICE_WebRTC::OnData 1227 bytes, queued, 39392 previously queued LOCK PROBLEM!
[2022-08-12 15:21:42] CLIENT: [SteamNetworkingSockets] CConnectionTransportP2PICE_WebRTC::OnData 1227 bytes, queued, 40623 previously queued LOCK PROBLEM!
[2022-08-12 15:21:42] CLIENT: [SteamNetworkingSockets] CConnectionTransportP2PICE_WebRTC::OnData 1227 bytes, queued, 41854 previously queued LOCK PROBLEM!
[2022-08-12 15:21:42] CLIENT: [SteamNetworkingSockets] CConnectionTransportP2PICE_WebRTC::OnData 1227 bytes, queued, 43085 previously queued LOCK PROBLEM!
[2022-08-12 15:21:42] CLIENT: [SteamNetworkingSockets] CConnectionTransportP2PICE_WebRTC::OnData 1227 bytes, queued, 44316 previously queued LOCK PROBLEM!
[2022-08-12 15:21:42] CLIENT: [SteamNetworkingSockets] CConnectionTransportP2PICE_WebRTC::OnData 1227 bytes, queued, 45547 previously queued LOCK PROBLEM!
[2022-08-12 15:21:42] CLIENT: [SteamNetworkingSockets] CConnectionTransportP2PICE_WebRTC::OnData 1227 bytes, queued, 46778 previously queued LOCK PROBLEM!
[2022-08-12 15:21:42] CLIENT: [SteamNetworkingSockets] CConnectionTransportP2PICE_WebRTC::OnData 1227 bytes, queued, 48009 previously queued LOCK PROBLEM!
[2022-08-12 15:21:42] CLIENT: [SteamNetworkingSockets] CConnectionTransportP2PICE_WebRTC::OnData 1227 bytes, queued, 49240 previously queued LOCK PROBLEM!
[2022-08-12 15:21:42] CLIENT: [SteamNetworkingSockets] CConnectionTransportP2PICE_WebRTC::OnData 1227 bytes, queued, 50471 previously queued LOCK PROBLEM!
[2022-08-12 15:21:42] CLIENT: [SteamNetworkingSockets] CConnectionTransportP2PICE_WebRTC::OnData 1227 bytes, queued, 51702 previously queued LOCK PROBLEM!
[2022-08-12 15:21:42] CLIENT: [SteamNetworkingSockets] CConnectionTransportP2PICE_WebRTC::OnData 1227 bytes, queued, 52933 previously queued LOCK PROBLEM!
[2022-08-12 15:21:42] CLIENT: [SteamNetworkingSockets] CConnectionTransportP2PICE_WebRTC::OnData 1227 bytes, queued, 54164 previously queued LOCK PROBLEM!
[2022-08-12 15:21:42] CLIENT: [SteamNetworkingSockets] CConnectionTransportP2PICE_WebRTC::OnData 1227 bytes, queued, 55395 previously queued LOCK PROBLEM!
[2022-08-12 15:21:42] CLIENT: [SteamNetworkingSockets] CConnectionTransportP2PICE_WebRTC::OnData 1227 bytes, queued, 56626 previously queued LOCK PROBLEM!
[2022-08-12 15:21:42] CLIENT: [SteamNetworkingSockets] CConnectionTransportP2PICE_WebRTC::OnData 1227 bytes, queued, 57857 previously queued LOCK PROBLEM!
[2022-08-12 15:21:42] CLIENT: [SteamNetworkingSockets] CConnectionTransportP2PICE_WebRTC::OnData 1227 bytes, queued, 59088 previously queued LOCK PROBLEM!
[2022-08-12 15:21:42] CLIENT: [SteamNetworkingSockets] CConnectionTransportP2PICE_WebRTC::OnData 1227 bytes, queued, 60319 previously queued LOCK PROBLEM!
[2022-08-12 15:21:42] CLIENT: [SteamNetworkingSockets] CConnectionTransportP2PICE_WebRTC::OnData 1227 bytes, queued, 61550 previously queued LOCK PROBLEM!
[2022-08-12 15:21:42] CLIENT: [SteamNetworkingSockets] CConnectionTransportP2PICE_WebRTC::OnData 1227 bytes, queued, 62781 previously queued LOCK PROBLEM!
[2022-08-12 15:21:42] CLIENT: [SteamNetworkingSockets] CConnectionTransportP2PICE_WebRTC::OnData 1227 bytes, queued, 64012 previously queued LOCK PROBLEM!
[2022-08-12 15:21:42] CLIENT: [SteamNetworkingSockets] CConnectionTransportP2PICE_WebRTC::OnData 1227 bytes, queued, 65243 previously queued LOCK PROBLEM!
[2022-08-12 15:21:42] CLIENT: [SteamNetworkingSockets] CConnectionTransportP2PICE_WebRTC::OnData 1227 bytes, queued, 66474 previously queued LOCK PROBLEM!
[2022-08-12 15:21:42] CLIENT: [SteamNetworkingSockets] CConnectionTransportP2PICE_WebRTC::OnData 1227 bytes, queued, 67705 previously queued LOCK PROBLEM!
[2022-08-12 15:21:42] CLIENT: [SteamNetworkingSockets] CConnectionTransportP2PICE_WebRTC::OnData 1227 bytes, queued, 68936 previously queued LOCK PROBLEM!
[2022-08-12 15:21:42] CLIENT: [SteamNetworkingSockets] CConnectionTransportP2PICE_WebRTC::OnData 1227 bytes, queued, 70167 previously queued LOCK PROBLEM!
[2022-08-12 15:21:42] CLIENT: [SteamNetworkingSockets] CConnectionTransportP2PICE_WebRTC::OnData 1227 bytes, queued, 71398 previously queued LOCK PROBLEM!
[2022-08-12 15:21:42] CLIENT: [SteamNetworkingSockets] CConnectionTransportP2PICE_WebRTC::OnData 1227 bytes, queued, 72629 previously queued LOCK PROBLEM!
[2022-08-12 15:21:42] CLIENT: [SteamNetworkingSockets] CConnectionTransportP2PICE_WebRTC::OnData 1227 bytes, queued, 73860 previously queued LOCK PROBLEM!
[2022-08-12 15:21:42] CLIENT: [SteamNetworkingSockets] CConnectionTransportP2PICE_WebRTC::OnData 1227 bytes, queued, 75091 previously queued LOCK PROBLEM!
[2022-08-12 15:21:42] CLIENT: [SteamNetworkingSockets] CConnectionTransportP2PICE_WebRTC::OnData 1227 bytes, queued, 76322 previously queued LOCK PROBLEM!
[2022-08-12 15:21:42] CLIENT: [SteamNetworkingSockets] CConnectionTransportP2PICE_WebRTC::OnData 1227 bytes, queued, 77553 previously queued LOCK PROBLEM!
[2022-08-12 15:21:42] CLIENT: [SteamNetworkingSockets] CConnectionTransportP2PICE_WebRTC::OnData 1227 bytes, queued, 78784 previously queued LOCK PROBLEM!
[2022-08-12 15:21:42] CLIENT: [SteamNetworkingSockets] CConnectionTransportP2PICE_WebRTC::OnData 1227 bytes, queued, 80015 previously queued LOCK PROBLEM!
[2022-08-12 15:21:42] CLIENT: [SteamNetworkingSockets] CConnectionTransportP2PICE_WebRTC::OnData 1227 bytes, queued, 81246 previously queued LOCK PROBLEM!
[2022-08-12 15:21:42] CLIENT: [SteamNetworkingSockets] CConnectionTransportP2PICE_WebRTC::OnData 1227 bytes, queued, 82477 previously queued LOCK PROBLEM!
[2022-08-12 15:21:42] CLIENT: [SteamNetworkingSockets] CConnectionTransportP2PICE_WebRTC::OnData 1227 bytes, queued, 83708 previously queued LOCK PROBLEM!
[2022-08-12 15:21:42] CLIENT: [SteamNetworkingSockets] CConnectionTransportP2PICE_WebRTC::OnData 1227 bytes, queued, 84939 previously queued LOCK PROBLEM!
[2022-08-12 15:21:42] CLIENT: [SteamNetworkingSockets] CConnectionTransportP2PICE_WebRTC::OnData 1227 bytes, queued, 86170 previously queued LOCK PROBLEM!
[2022-08-12 15:21:42] Bitrate adapter: state = 2, minRTT = 47, maxRTT = 95, gain = 1.25, bitrate = 100000
[2022-08-12 15:21:42] CLIENT: Got video sequence 7996, expected 7995, sending lost data notification
[2022-08-12 15:21:43] Slow framerate: game 4.83, capture 0.42, convert 0.01, encode 11.02, network 56.64, decode 2.08, display 8.42 (network)
[2022-08-12 15:21:43] CLIENT: Didn't get keyframe, resending lost data notification
[2022-08-12 15:21:43] CLIENT: Marking frame 7996 complete with status k_EStreamFrameResultDroppedReset
[2022-08-12 15:21:43] CLIENT: Marking frame 7998 complete with status k_EStreamFrameResultDroppedReset
[2022-08-12 15:21:43] CLIENT: Marking frame 8000 complete with status k_EStreamFrameResultDroppedReset
[2022-08-12 15:21:43] CLIENT: Marking frame 8001 complete with status k_EStreamFrameResultDroppedReset
[2022-08-12 15:21:43] CLIENT: Marking frame 8002 complete with status k_EStreamFrameResultDroppedReset
[2022-08-12 15:21:43] CLIENT: Marking frame 8003 complete with status k_EStreamFrameResultDroppedReset
[2022-08-12 15:21:43] CLIENT: Marking frame 8004 complete with status k_EStreamFrameResultDroppedReset
[2022-08-12 15:21:43] CLIENT: Marking frame 8005 complete with status k_EStreamFrameResultDroppedReset
[2022-08-12 15:21:43] CLIENT: Marking frame 8006 complete with status k_EStreamFrameResultDroppedReset
[2022-08-12 15:21:43] CLIENT: Marking frame 8007 complete with status k_EStreamFrameResultDroppedReset
[2022-08-12 15:21:43] CLIENT: Marking frame 8008 complete with status k_EStreamFrameResultDroppedReset
[2022-08-12 15:21:43] CLIENT: Marking frame 8009 complete with status k_EStreamFrameResultDroppedReset
[2022-08-12 15:21:43] CLIENT: Marking frame 8010 complete with status k_EStreamFrameResultDroppedReset
[2022-08-12 15:21:43] CLIENT: [SteamNetworkingSockets] CConnectionTransportP2PICE_WebRTC::OnData 1227 bytes, queued, 30775 previously queued LOCK PROBLEM!
[2022-08-12 15:21:44] Slow framerate: game 4.90, capture 0.45, convert 0.00, encode 12.03, network 56.78, decode 2.94, display 18.39 (network)
[2022-08-12 15:21:44] CLIENT: Got video sequence 8055, expected 8054, sending lost data notification
[2022-08-12 15:21:44] CLIENT: Marking frame 8055 complete with status k_EStreamFrameResultDroppedReset
[2022-08-12 15:21:44] CLIENT: Marking frame 8056 complete with status k_EStreamFrameResultDroppedReset
[2022-08-12 15:21:44] CLIENT: Marking frame 8057 complete with status k_EStreamFrameResultDroppedReset
[2022-08-12 15:21:44] CLIENT: Marking frame 8058 complete with status k_EStreamFrameResultDroppedReset
[2022-08-12 15:21:44] CLIENT: Marking frame 8059 complete with status k_EStreamFrameResultDroppedReset
[2022-08-12 15:21:44] CLIENT: Marking frame 8060 complete with status k_EStreamFrameResultDroppedReset
[2022-08-12 15:21:44] CLIENT: Marking frame 8061 complete with status k_EStreamFrameResultDroppedReset
[2022-08-12 15:21:44] CLIENT: Marking frame 8062 complete with status k_EStreamFrameResultDroppedReset
[2022-08-12 15:21:44] CLIENT: Marking frame 8063 complete with status k_EStreamFrameResultDroppedReset
[2022-08-12 15:21:44] CLIENT: Marking frame 8064 complete with status k_EStreamFrameResultDroppedReset
[2022-08-12 15:21:44] CLIENT: Marking frame 8065 complete with status k_EStreamFrameResultDroppedReset
[2022-08-12 15:21:44] CLIENT: Marking frame 8066 complete with status k_EStreamFrameResultDroppedReset
[2022-08-12 15:21:44] CLIENT: Marking frame 8067 complete with status k_EStreamFrameResultDroppedReset
[2022-08-12 15:21:44] CLIENT: BSubmitFrame(): No input buffer available
[2022-08-12 15:21:44] CLIENT: Marking frame 8068 complete with status k_EStreamFrameResultDroppedReset
[2022-08-12 15:21:44] CLIENT: BSubmitFrame(): No input buffer available
[2022-08-12 15:21:44] CLIENT: Marking frame 8069 complete with status k_EStreamFrameResultDroppedReset
[2022-08-12 15:21:44] CLIENT: Android texture hardware decoding
[2022-08-12 15:21:44] CLIENT: SteamNetworkingSockets connection: Connected UDP@18.223.213.124:53478 Ping: 62ms IN: 81583.7kbit 8729.1 pkt/s qual 99.8OUT: 227.5kbit 270.0 pkt/s qual 100.0
[2022-08-12 15:21:44] CLIENT: Marking frame 8077 complete with status k_EStreamFrameResultDroppedReset
[2022-08-12 15:21:44] CLIENT: Marking frame 8070 complete with status k_EStreamFrameResultDroppedNetworkLost
[2022-08-12 15:21:44] CLIENT: Marking frame 8071 complete with status k_EStreamFrameResultDroppedNetworkLost
[2022-08-12 15:21:44] CLIENT: Marking frame 8072 complete with status k_EStreamFrameResultDroppedNetworkLost
[2022-08-12 15:21:44] CLIENT: Marking frame 8073 complete with status k_EStreamFrameResultDroppedNetworkLost
[2022-08-12 15:21:44] CLIENT: Marking frame 8074 complete with status k_EStreamFrameResultDroppedNetworkLost
[2022-08-12 15:21:44] CLIENT: Marking frame 8075 complete with status k_EStreamFrameResultDroppedNetworkLost
[2022-08-12 15:21:44] CLIENT: Marking frame 8076 complete with status k_EStreamFrameResultDroppedNetworkLost
[2022-08-12 15:21:44] CLIENT: Marking frame 8086 complete with status k_EStreamFrameResultDroppedReset
[2022-08-12 15:21:44] CLIENT: Marking frame 8087 complete with status k_EStreamFrameResultDroppedReset
[2022-08-12 15:21:44] CLIENT: Got video sequence 8098, expected 8097, sending lost data notification
[2022-08-12 15:21:44] CLIENT: Didn't get keyframe, resending lost data notification
[2022-08-12 15:21:44] CLIENT: Marking frame 8098 complete with status k_EStreamFrameResultDroppedReset
[2022-08-12 15:21:44] CLIENT: Marking frame 8099 complete with status k_EStreamFrameResultDroppedReset
[2022-08-12 15:21:44] CLIENT: Marking frame 8100 complete with status k_EStreamFrameResultDroppedReset
[2022-08-12 15:21:44] CLIENT: Marking frame 8101 complete with status k_EStreamFrameResultDroppedReset
[2022-08-12 15:21:44] CLIENT: Marking frame 8102 complete with status k_EStreamFrameResultDroppedReset
[2022-08-12 15:21:44] CLIENT: Marking frame 8103 complete with status k_EStreamFrameResultDroppedReset
[2022-08-12 15:21:44] CLIENT: Marking frame 8104 complete with status k_EStreamFrameResultDroppedReset
[2022-08-12 15:21:44] CLIENT: Marking frame 8105 complete with status k_EStreamFrameResultDroppedReset
[2022-08-12 15:21:44] CLIENT: Marking frame 8106 complete with status k_EStreamFrameResultDroppedReset
[2022-08-12 15:21:44] CLIENT: Marking frame 8107 complete with status k_EStreamFrameResultDroppedReset
[2022-08-12 15:21:44] CLIENT: Marking frame 8108 complete with status k_EStreamFrameResultDroppedReset
[2022-08-12 15:21:44] CLIENT: Marking frame 8109 complete with status k_EStreamFrameResultDroppedReset
[2022-08-12 15:21:44] CLIENT: Marking frame 8110 complete with status k_EStreamFrameResultDroppedReset
[2022-08-12 15:21:44] CLIENT: Marking frame 8111 complete with status k_EStreamFrameResultDroppedReset
[2022-08-12 15:21:44] CLIENT: Marking frame 8112 complete with status k_EStreamFrameResultDroppedReset
[2022-08-12 15:21:45] Bitrate adapter: state = 2, minRTT = 48, maxRTT = 101, gain = 0.75, bitrate = 75000
[2022-08-12 15:21:45] Slow framerate: game 4.79, capture 0.45, convert 0.00, encode 12.08, network 66.22, decode 2.32, display 8.12 (network)
[2022-08-12 15:21:46] Slow framerate: game 4.65, capture 0.43, convert 0.01, encode 10.67, network 52.30, decode 2.63, display 5.60 (network)
[2022-08-12 15:21:46] CLIENT: [SteamNetworkingSockets] [#802275585 P2P ICE steamid:76561199378814893 vport 0] Peer appears to be using 'SDR' transport as primary
[2022-08-12 15:21:46] CLIENT: [SteamNetworkingSockets] [#802275585 P2P SDR steamid:76561199378814893 vport 0] Peer appears to be using 'ICE' transport as primary
[2022-08-12 15:21:46] CLIENT: [SteamNetworkingSockets] [#802275585 P2P ICE steamid:76561199378814893 vport 0] Peer appears to be using 'SDR' transport as primary
[2022-08-12 15:21:46] CLIENT: Got video sequence 8210, expected 8209, sending lost data notification
[2022-08-12 15:21:46] Bitrate adapter: state = 2, minRTT = 49, maxRTT = 168, gain = 0.75, bitrate = 56250
[2022-08-12 15:21:46] CLIENT: Didn't get keyframe, resending lost data notification
[2022-08-12 15:21:46] CLIENT: [SteamNetworkingSockets] [#802275585 P2P SDR steamid:76561199378814893 vport 0] End-to-end sequence number is duplicate or old, or fails to decrypt, but relay sequence number from dfw#93 (155.133.253.54:27015) is OK?  Dropping.
[2022-08-12 15:21:46] CLIENT: [SteamNetworkingSockets] [#802275585 P2P SDR steamid:76561199378814893 vport 0] End-to-end sequence number is duplicate or old, or fails to decrypt, but relay sequence number from dfw#93 (155.133.253.54:27015) is OK?  Dropping.
[2022-08-12 15:21:46] CLIENT: [SteamNetworkingSockets] [#802275585 P2P SDR steamid:76561199378814893 vport 0] End-to-end sequence number is duplicate or old, or fails to decrypt, but relay sequence number from dfw#93 (155.133.253.54:27015) is OK?  Dropping.
[2022-08-12 15:21:46] CLIENT: Didn't get keyframe, resending lost data notification
[2022-08-12 15:21:46] CLIENT: Marking frame 8210 complete with status k_EStreamFrameResultDroppedReset
[2022-08-12 15:21:46] CLIENT: Marking frame 8211 complete with status k_EStreamFrameResultDroppedReset
[2022-08-12 15:21:46] CLIENT: Marking frame 8212 complete with status k_EStreamFrameResultDroppedReset
[2022-08-12 15:21:46] CLIENT: Marking frame 8213 complete with status k_EStreamFrameResultDroppedReset
[2022-08-12 15:21:46] CLIENT: Marking frame 8214 complete with status k_EStreamFrameResultDroppedReset
[2022-08-12 15:21:46] CLIENT: Marking frame 8215 complete with status k_EStreamFrameResultDroppedReset
[2022-08-12 15:21:46] CLIENT: Marking frame 8216 complete with status k_EStreamFrameResultDroppedReset
[2022-08-12 15:21:46] CLIENT: Marking frame 8217 complete with status k_EStreamFrameResultDroppedReset
[2022-08-12 15:21:46] CLIENT: Marking frame 8218 complete with status k_EStreamFrameResultDroppedReset
[2022-08-12 15:21:46] CLIENT: Marking frame 8219 complete with status k_EStreamFrameResultDroppedReset
[2022-08-12 15:21:46] CLIENT: Marking frame 8220 complete with status k_EStreamFrameResultDroppedReset
[2022-08-12 15:21:46] CLIENT: Marking frame 8221 complete with status k_EStreamFrameResultDroppedReset
[2022-08-12 15:21:46] CLIENT: Marking frame 8222 complete with status k_EStreamFrameResultDroppedReset
[2022-08-12 15:21:46] CLIENT: Marking frame 8223 complete with status k_EStreamFrameResultDroppedReset
[2022-08-12 15:21:46] CLIENT: Marking frame 8224 complete with status k_EStreamFrameResultDroppedReset
[2022-08-12 15:21:46] CLIENT: Marking frame 8225 complete with status k_EStreamFrameResultDroppedReset
[2022-08-12 15:21:46] CLIENT: Marking frame 8226 complete with status k_EStreamFrameResultDroppedReset
[2022-08-12 15:21:46] CLIENT: Marking frame 8227 complete with status k_EStreamFrameResultDroppedReset
[2022-08-12 15:21:46] CLIENT: Marking frame 8229 complete with status k_EStreamFrameResultDroppedReset
[2022-08-12 15:21:46] CLIENT: Marking frame 8230 complete with status k_EStreamFrameResultDroppedReset
[2022-08-12 15:21:46] CLIENT: Marking frame 8231 complete with status k_EStreamFrameResultDroppedReset
[2022-08-12 15:21:46] CLIENT: Marking frame 8232 complete with status k_EStreamFrameResultDroppedReset
[2022-08-12 15:21:46] CLIENT: Marking frame 8233 complete with status k_EStreamFrameResultDroppedReset
[2022-08-12 15:21:46] CLIENT: Marking frame 8234 complete with status k_EStreamFrameResultDroppedReset
[2022-08-12 15:21:46] CLIENT: Marking frame 8235 complete with status k_EStreamFrameResultDroppedReset
[2022-08-12 15:21:47] Bitrate adapter: state = 2, minRTT = 49, maxRTT = 125, gain = 0.75, bitrate = 42187
[2022-08-12 15:21:47] Slow framerate: game 4.43, capture 0.43, convert 0.00, encode 9.72, network 92.08, decode 2.23, display 8.90 (network)
[2022-08-12 15:21:48] Slow framerate: game 4.52, capture 0.43, convert 0.00, encode 8.68, network 43.73, decode 1.51, display 2.37 (network)
[2022-08-12 15:21:49] CLIENT: SteamNetworkingSockets connection: Connected SDR->mdf1->dfw  Ping: 75ms IN: 75824.5kbit 8131.2 pkt/s qual 99.3OUT: 222.3kbit 271.8 pkt/s qual 100.0
[2022-08-12 15:21:49] Slow framerate: game 4.54, capture 0.43, convert 0.00, encode 8.45, network 46.39, decode 1.38, display 2.75 (network)
[2022-08-12 15:21:50] Bitrate adapter: state = 2, minRTT = 49, maxRTT = 101, gain = 0.75, bitrate = 31640
[2022-08-12 15:21:50] Slow framerate: game 4.85, capture 0.44, convert 0.01, encode 8.53, network 44.49, decode 1.43, display 5.05 (network)
[2022-08-12 15:21:51] Slow framerate: game 5.03, capture 0.42, convert 0.01, encode 8.31, network 42.36, decode 1.42, display 7.22 (network)
[2022-08-12 15:21:52] Slow framerate: game 5.16, capture 0.43, convert 0.00, encode 8.19, network 44.75, decode 1.50, display 12.79 (network)
[2022-08-12 15:21:53] Slow framerate: game 4.93, capture 0.42, convert 0.00, encode 8.30, network 46.49, decode 1.37, display 15.25 (network)
[2022-08-12 15:21:54] Bitrate adapter: state = 2, minRTT = 55, maxRTT = 102, gain = 1.25, bitrate = 39550
[2022-08-12 15:21:54] Slow framerate: game 4.67, capture 0.45, convert 0.00, encode 8.19, network 44.49, decode 1.30, display 2.81 (network)
[2022-08-12 15:21:54] CLIENT: SteamNetworkingSockets connection: Connected SDR->mdf1->dfw  Ping: 68ms IN: 34888.8kbit 3854.0 pkt/s qual 100.0OUT: 159.3kbit 219.7 pkt/s qual 100.0
[2022-08-12 15:21:55] Slow framerate: game 4.41, capture 0.42, convert 0.01, encode 8.70, network 47.98, decode 1.44, display 4.75 (network)
[2022-08-12 15:21:56] Slow framerate: game 4.36, capture 0.43, convert 0.00, encode 8.81, network 49.77, decode 1.35, display 4.23 (network)
[2022-08-12 15:21:57] Slow framerate: game 4.37, capture 0.44, convert 0.00, encode 8.54, network 63.29, decode 1.31, display 6.78 (network)
[2022-08-12 15:21:57] Bitrate adapter: state = 2, minRTT = 65, maxRTT = 118, gain = 0.75, bitrate = 29662
[2022-08-12 15:21:57] Bitrate adapter: state = 2, minRTT = 65, maxRTT = 217, gain = 0.75, bitrate = 22246
[2022-08-12 15:21:58] Slow framerate: game 4.29, capture 0.44, convert 0.01, encode 8.36, network 132.02, decode 1.32, display 7.16 (network)
[2022-08-12 15:21:58] Bitrate adapter: state = 2, minRTT = 65, maxRTT = 221, gain = 0.75, bitrate = 16684
[2022-08-12 15:21:58] CLIENT: [SteamNetworkingSockets] [#802275585 P2P SDR steamid:76561199378814893 vport 0] Peer appears to be using 'ICE' transport as primary
[2022-08-12 15:21:58] CLIENT: [SteamNetworkingSockets] [#802275585 P2P SDR steamid:76561199378814893 vport 0] Peer appears to be using 'SDR' transport as primary
[2022-08-12 15:21:58] CLIENT: [SteamNetworkingSockets] [#802275585 P2P SDR steamid:76561199378814893 vport 0] Peer appears to be using 'ICE' transport as primary
[2022-08-12 15:21:58] Bitrate adapter: state = 2, minRTT = 55, maxRTT = 122, gain = 0.75, bitrate = 12513
[2022-08-12 15:21:59] Slow framerate: game 4.03, capture 0.44, convert 0.01, encode 7.58, network 77.03, decode 1.17, display 5.29 (network)
[2022-08-12 15:21:59] CLIENT: SteamNetworkingSockets connection: Connected UDP@18.223.213.124:53478 Ping: 66ms IN: 34139.1kbit 3776.2 pkt/s qual 100.0OUT: 204.5kbit 262.0 pkt/s qual 100.0
[2022-08-12 15:22:00] Slow framerate: game 4.12, capture 0.44, convert 0.00, encode 7.57, network 39.59, decode 1.12, display 3.42 (network)
[2022-08-12 15:22:01] Slow framerate: game 4.38, capture 0.44, convert 0.00, encode 7.66, network 41.28, decode 1.07, display 3.31 (network)
[2022-08-12 15:22:01] Bitrate adapter: state = 2, minRTT = 51, maxRTT = 258, gain = 0.75, bitrate = 9384
[2022-08-12 15:22:02] Slow framerate: game 4.52, capture 0.45, convert 0.00, encode 7.69, network 122.30, decode 1.20, display 12.85 (network)
[2022-08-12 15:22:02] CLIENT: Got video sequence 9141, expected 9140, sending lost data notification
[2022-08-12 15:22:02] CLIENT: Didn't get keyframe, resending lost data notification
[2022-08-12 15:22:03] CLIENT: Didn't get keyframe, resending lost data notification
[2022-08-12 15:22:03] CLIENT: Didn't get keyframe, resending lost data notification
[2022-08-12 15:22:03] CLIENT: [SteamNetworkingSockets] [#802275585 P2P SDR steamid:76561199378814893 vport 0] Peer appears to be using 'SDR' transport as primary
[2022-08-12 15:22:03] CLIENT: [SteamNetworkingSockets] [#802275585 P2P SDR steamid:76561199378814893 vport 0] Peer appears to be using 'ICE' transport as primary
[2022-08-12 15:22:03] CLIENT: [SteamNetworkingSockets] [#802275585 P2P SDR steamid:76561199378814893 vport 0] Peer appears to be using 'SDR' transport as primary
[2022-08-12 15:22:03] CLIENT: Didn't get keyframe, resending lost data notification
[2022-08-12 15:22:03] CLIENT: Flushing audio, 470 ms queued, 214 ms maximum, delivery delay = 57
[2022-08-12 15:22:03] CLIENT: Marking frame 9141 complete with status k_EStreamFrameResultDroppedReset
[2022-08-12 15:22:03] CLIENT: Marking frame 9142 complete with status k_EStreamFrameResultDroppedReset
[2022-08-12 15:22:03] CLIENT: Marking frame 9143 complete with status k_EStreamFrameResultDroppedReset
[2022-08-12 15:22:03] CLIENT: Marking frame 9144 complete with status k_EStreamFrameResultDroppedReset
[2022-08-12 15:22:03] CLIENT: Marking frame 9150 complete with status k_EStreamFrameResultDroppedReset
[2022-08-12 15:22:03] CLIENT: Marking frame 9151 complete with status k_EStreamFrameResultDroppedReset
[2022-08-12 15:22:03] CLIENT: Marking frame 9152 complete with status k_EStreamFrameResultDroppedReset
[2022-08-12 15:22:03] CLIENT: Marking frame 9153 complete with status k_EStreamFrameResultDroppedReset
[2022-08-12 15:22:03] CLIENT: Marking frame 9154 complete with status k_EStreamFrameResultDroppedReset
[2022-08-12 15:22:03] CLIENT: Marking frame 9155 complete with status k_EStreamFrameResultDroppedReset
[2022-08-12 15:22:03] CLIENT: Marking frame 9156 complete with status k_EStreamFrameResultDroppedReset
[2022-08-12 15:22:03] CLIENT: Marking frame 9157 complete with status k_EStreamFrameResultDroppedReset
[2022-08-12 15:22:03] CLIENT: Marking frame 9158 complete with status k_EStreamFrameResultDroppedReset
[2022-08-12 15:22:03] CLIENT: Marking frame 9159 complete with status k_EStreamFrameResultDroppedReset
[2022-08-12 15:22:03] CLIENT: Marking frame 9160 complete with status k_EStreamFrameResultDroppedReset
[2022-08-12 15:22:03] CLIENT: Marking frame 9161 complete with status k_EStreamFrameResultDroppedReset
[2022-08-12 15:22:03] CLIENT: Marking frame 9162 complete with status k_EStreamFrameResultDroppedReset
[2022-08-12 15:22:03] CLIENT: Marking frame 9163 complete with status k_EStreamFrameResultDroppedReset
[2022-08-12 15:22:03] CLIENT: Marking frame 9164 complete with status k_EStreamFrameResultDroppedReset
[2022-08-12 15:22:03] CLIENT: Marking frame 9165 complete with status k_EStreamFrameResultDroppedReset
[2022-08-12 15:22:03] CLIENT: Marking frame 9166 complete with status k_EStreamFrameResultDroppedReset
[2022-08-12 15:22:03] CLIENT: Marking frame 9167 complete with status k_EStreamFrameResultDroppedReset
[2022-08-12 15:22:03] CLIENT: Marking frame 9168 complete with status k_EStreamFrameResultDroppedReset
[2022-08-12 15:22:03] CLIENT: Marking frame 9169 complete with status k_EStreamFrameResultDroppedReset
[2022-08-12 15:22:03] CLIENT: Marking frame 9170 complete with status k_EStreamFrameResultDroppedReset
[2022-08-12 15:22:03] CLIENT: Marking frame 9171 complete with status k_EStreamFrameResultDroppedReset
[2022-08-12 15:22:03] CLIENT: Marking frame 9172 complete with status k_EStreamFrameResultDroppedReset
[2022-08-12 15:22:03] CLIENT: Marking frame 9173 complete with status k_EStreamFrameResultDroppedReset
[2022-08-12 15:22:03] CLIENT: Marking frame 9174 complete with status k_EStreamFrameResultDroppedReset
[2022-08-12 15:22:03] CLIENT: Marking frame 9175 complete with status k_EStreamFrameResultDroppedReset
[2022-08-12 15:22:03] CLIENT: Marking frame 9176 complete with status k_EStreamFrameResultDroppedReset
[2022-08-12 15:22:03] CLIENT: Marking frame 9177 complete with status k_EStreamFrameResultDroppedReset
[2022-08-12 15:22:03] CLIENT: Marking frame 9178 complete with status k_EStreamFrameResultDroppedReset
[2022-08-12 15:22:03] CLIENT: Marking frame 9179 complete with status k_EStreamFrameResultDroppedReset
[2022-08-12 15:22:03] CLIENT: Marking frame 9180 complete with status k_EStreamFrameResultDroppedReset
[2022-08-12 15:22:03] CLIENT: Marking frame 9181 complete with status k_EStreamFrameResultDroppedReset
[2022-08-12 15:22:03] CLIENT: Marking frame 9182 complete with status k_EStreamFrameResultDroppedReset
[2022-08-12 15:22:03] CLIENT: Marking frame 9183 complete with status k_EStreamFrameResultDroppedReset
[2022-08-12 15:22:03] CLIENT: Marking frame 9184 complete with status k_EStreamFrameResultDroppedReset
[2022-08-12 15:22:03] CLIENT: Marking frame 9185 complete with status k_EStreamFrameResultDroppedReset
[2022-08-12 15:22:03] CLIENT: Marking frame 9186 complete with status k_EStreamFrameResultDroppedReset
[2022-08-12 15:22:03] CLIENT: Marking frame 9187 complete with status k_EStreamFrameResultDroppedReset
[2022-08-12 15:22:03] CLIENT: Marking frame 9188 complete with status k_EStreamFrameResultDroppedReset
[2022-08-12 15:22:03] CLIENT: Marking frame 9189 complete with status k_EStreamFrameResultDroppedReset
[2022-08-12 15:22:03] CLIENT: Marking frame 9190 complete with status k_EStreamFrameResultDroppedReset
[2022-08-12 15:22:03] CLIENT: Marking frame 9191 complete with status k_EStreamFrameResultDroppedReset
[2022-08-12 15:22:03] CLIENT: Marking frame 9192 complete with status k_EStreamFrameResultDroppedReset
[2022-08-12 15:22:03] CLIENT: Marking frame 9193 complete with status k_EStreamFrameResultDroppedReset
[2022-08-12 15:22:03] CLIENT: Marking frame 9194 complete with status k_EStreamFrameResultDroppedReset
[2022-08-12 15:22:03] CLIENT: Marking frame 9195 complete with status k_EStreamFrameResultDroppedReset
[2022-08-12 15:22:03] CLIENT: Marking frame 9196 complete with status k_EStreamFrameResultDroppedReset
[2022-08-12 15:22:03] CLIENT: Marking frame 9197 complete with status k_EStreamFrameResultDroppedReset
[2022-08-12 15:22:03] CLIENT: Marking frame 9198 complete with status k_EStreamFrameResultDroppedReset
[2022-08-12 15:22:03] CLIENT: Marking frame 9199 complete with status k_EStreamFrameResultDroppedReset
[2022-08-12 15:22:03] CLIENT: Marking frame 9200 complete with status k_EStreamFrameResultDroppedReset
[2022-08-12 15:22:03] CLIENT: Marking frame 9201 complete with status k_EStreamFrameResultDroppedReset
[2022-08-12 15:22:03] CLIENT: Marking frame 9202 complete with status k_EStreamFrameResultDroppedReset
[2022-08-12 15:22:03] CLIENT: [SteamNetworkingSockets] [#802275585 P2P SDR steamid:76561199378814893 vport 0] Switched to backup #1 dfw#93 (155.133.253.54:27015) (Ping = 67 = 44+0+23 (front+interior+remote).) as primary, from mdf1#11 (162.213.192.58:27025) (Ping = 75 = 52+0+23 (front+interior+remote).  Connection gap 3860ms.)
[2022-08-12 15:22:03] CLIENT: [SteamNetworkingSockets] [#802275585 P2P SDR steamid:76561199378814893 vport 0] Selecting mdf1#11 (162.213.192.58:27025) as backup #1 (Ping = 75 = 52+0+23 (front+interior+remote).  Connection gap 3860ms.)
[2022-08-12 15:22:03] CLIENT: Flushing audio, 250 ms queued, 214 ms maximum, delivery delay = 57
[2022-08-12 15:22:03] Slow framerate: game 4.41, capture 0.46, convert 0.00, encode 7.39, network 533.22, decode 0.67, display 8.09 (network)
[2022-08-12 15:22:03] Bitrate adapter: state = 2, minRTT = 51, maxRTT = 282, gain = 0.75, bitrate = 7038
[2022-08-12 15:22:04] Slow framerate: game 4.28, capture 0.42, convert 0.00, encode 7.41, network 45.15, decode 1.07, display 3.02 (network)
[2022-08-12 15:22:04] CLIENT: SteamNetworkingSockets connection: Connected SDR->dfw->dfw  Ping: 74ms IN: 11402.6kbit 1395.6 pkt/s qual 96.4OUT: 330.5kbit 276.0 pkt/s qual 100.0
[2022-08-12 15:22:05] Slow framerate: game 4.22, capture 0.43, convert 0.00, encode 7.53, network 40.04, decode 1.20, display 3.07 (network)
[2022-08-12 15:22:06] Slow framerate: game 4.23, capture 0.44, convert 0.01, encode 7.44, network 44.20, decode 1.16, display 4.72 (network)
[2022-08-12 15:22:06] Bitrate adapter: state = 2, minRTT = 51, maxRTT = 122, gain = 0.75, bitrate = 5278
[2022-08-12 15:22:07] Slow framerate: game 4.21, capture 0.43, convert 0.00, encode 7.36, network 54.39, decode 1.14, display 3.90 (network)
[2022-08-12 15:22:08] Slow framerate: game 4.33, capture 0.44, convert 0.00, encode 7.41, network 36.84, decode 1.17, display 3.00 (network)
[2022-08-12 15:22:08] CLIENT: Video rect: 1728x1080 at 298,0
[2022-08-12 15:22:08] CLIENT: Texture rect: 1280x800 at 0,0
[2022-08-12 15:22:09] Slow framerate: game 4.33, capture 0.43, convert 0.00, encode 7.34, network 38.07, decode 1.24, display 4.89 (network)
[2022-08-12 15:22:09] CLIENT: SteamNetworkingSockets connection: Connected SDR->dfw->dfw  Ping: 67ms IN: 7477.1kbit 1050.3 pkt/s qual 99.0OUT: 198.2kbit 236.6 pkt/s qual 99.0
[2022-08-12 15:22:10] Slow framerate: game 4.36, capture 0.42, convert 0.00, encode 7.26, network 37.71, decode 1.09, display 7.36 (network)
[2022-08-12 15:22:10] Bitrate adapter: state = 2, minRTT = 54, maxRTT = 87, gain = 1.25, bitrate = 6597
[2022-08-12 15:22:11] "SessionStats"
[2022-08-12 15:22:48] Streaming initialized and listening on port 0
[2022-08-12 15:22:53] CLIENT: Sending HID device 0000/11fb/-1  Mobile Touch Control at touch://0
