[2022-08-14 16:36:27] Streaming started to Samsung SM-G998U1 Android 12 at 0.0.0.0:0, audio channels = 2, MTU = 1472
[2022-08-14 16:36:27] Streaming quality: k_EStreamQualityBeautiful
[2022-08-14 16:36:27] Streaming bitrate: Unlimited
[2022-08-14 16:36:27] Device form factor: phone
[2022-08-14 16:36:27] Maximum capture: 3840x2160 60.00 FPS
[2022-08-14 16:36:27] Video Streaming: enabled
[2022-08-14 16:36:27] Audio Streaming: enabled
[2022-08-14 16:36:27] Input Streaming: enabled
[2022-08-14 16:36:27] =====================================================================
[2022-08-14 16:36:27] Game: Counter-Strike: Global Offensive (730)
[2022-08-14 16:36:27] Setting target bitrate to 100000 Kbit/s, burst bitrate is 500000 Kbit/s
[2022-08-14 16:36:27] Streamed game has created a window
[2022-08-14 16:36:27] SynchronizeClientState(): setting capture size 1280x800
[2022-08-14 16:36:27] SynchronizeClientState(): setting title to Counter-Strike: Global Offensive - Direct3D 9
[2022-08-14 16:36:27] SynchronizeClientState(): setting icon 32x32
[2022-08-14 16:36:27] SynchronizeClientState(): setting cursor to 65563
[2022-08-14 16:36:27] SynchronizeClientState(): setting keymap
[2022-08-14 16:36:27] SynchronizeClientState(): setting activity to k_EStreamActivityGame: Counter-Strike: Global Offensive
[2022-08-14 16:36:27] Recording system audio
[2022-08-14 16:36:27] Audio recording init failed, couldn't get the default audio endpoint: 0x80070490
[2022-08-14 16:36:27] Failed to init system audio recording: 1
[2022-08-14 16:36:27] Audio mix: start=196959786361, returned=0
[2022-08-14 16:36:27] CLIENT: Got control packet k_EStreamControlSetQoS
[2022-08-14 16:36:27] >>> Switching video stream from NONE to GameOverlay_MovieStream_7864
[2022-08-14 16:36:27] CLIENT: Got control packet k_EStreamControlSetTargetBitrate
[2022-08-14 16:36:27] CLIENT: Starting audio stream: frequency=48000, channels=2
[2022-08-14 16:36:27] CLIENT: Opened audio device: format=2, channels=2, frequency=48000
[2022-08-14 16:36:27] CLIENT: Initialized audio decoder: codec=3, sample rate=48000, channels=2
[2022-08-14 16:36:27] CLIENT: Got control packet k_EStreamControlStartAudioData
[2022-08-14 16:36:27] CLIENT: Got control packet k_EStreamControlSetSpectatorMode
[2022-08-14 16:36:27] CLIENT: Got control packet k_EStreamControlSetCaptureSize
[2022-08-14 16:36:27] CLIENT: Got control packet k_EStreamControlSetTitle
[2022-08-14 16:36:27] CLIENT: Got control packet k_EStreamControlSetIcon
[2022-08-14 16:36:27] CLIENT: Got control packet k_EStreamControlSetCursor
[2022-08-14 16:36:27] CLIENT: Got control packet k_EStreamControlSetKeymap
[2022-08-14 16:36:27] CLIENT: Got control packet k_EStreamControlSetActivity
[2022-08-14 16:36:27] >>> Capture method set to Game threaded D3D9 NV12 + NVENC H264
[2022-08-14 16:36:27] >>> Capture resolution set to 1280x800
[2022-08-14 16:36:27] >>> Capture colorspace set to BT.601 limited range
[2022-08-14 16:36:27] >>> Client video decoder set to Android texture hardware decoding
[2022-08-14 16:36:27] CLIENT: Android texture hardware decoding
[2022-08-14 16:36:27] CLIENT: Got control packet k_EStreamControlStartVideoData
[2022-08-14 16:36:27] CLIENT: Got control packet k_EStreamControlVideoEncoderInfo
[2022-08-14 16:36:28] SynchronizeClientState(): setting cursor to 65541
[2022-08-14 16:36:28] CLIENT: BSubmitFrame(): No input buffer available
[2022-08-14 16:36:28] CLIENT: Marking frame 24 complete with status k_EStreamFrameResultDroppedReset
[2022-08-14 16:36:28] CLIENT: BSubmitFrame(): No input buffer available
[2022-08-14 16:36:28] CLIENT: Marking frame 25 complete with status k_EStreamFrameResultDroppedReset
[2022-08-14 16:36:28] CLIENT: Video overflow (216.75ms queued), requesting keyframe synchronization
[2022-08-14 16:36:28] CLIENT: Android texture hardware decoding
[2022-08-14 16:36:28] CLIENT: Marking frame 26 complete with status k_EStreamFrameResultDroppedReset
[2022-08-14 16:36:28] CLIENT: Marking frame 27 complete with status k_EStreamFrameResultDroppedReset
[2022-08-14 16:36:28] CLIENT: Marking frame 28 complete with status k_EStreamFrameResultDroppedReset
[2022-08-14 16:36:28] CLIENT: Marking frame 29 complete with status k_EStreamFrameResultDroppedReset
[2022-08-14 16:36:28] CLIENT: Marking frame 30 complete with status k_EStreamFrameResultDroppedReset
[2022-08-14 16:36:28] CLIENT: Marking frame 31 complete with status k_EStreamFrameResultDroppedReset
[2022-08-14 16:36:28] CLIENT: Marking frame 32 complete with status k_EStreamFrameResultDroppedReset
[2022-08-14 16:36:28] CLIENT: Marking frame 33 complete with status k_EStreamFrameResultDroppedReset
[2022-08-14 16:36:28] CLIENT: Marking frame 34 complete with status k_EStreamFrameResultDroppedReset
[2022-08-14 16:36:28] CLIENT: Got control packet k_EStreamControlSetCursor
[2022-08-14 16:36:28] CLIENT: Marking frame 35 complete with status k_EStreamFrameResultDroppedReset
[2022-08-14 16:36:28] CLIENT: Marking frame 36 complete with status k_EStreamFrameResultDroppedReset
[2022-08-14 16:36:28] CLIENT: Marking frame 37 complete with status k_EStreamFrameResultDroppedReset
[2022-08-14 16:36:28] CLIENT: Marking frame 38 complete with status k_EStreamFrameResultDroppedReset
[2022-08-14 16:36:28] CLIENT: Marking frame 39 complete with status k_EStreamFrameResultDroppedReset
[2022-08-14 16:36:28] CLIENT: Marking frame 40 complete with status k_EStreamFrameResultDroppedReset
[2022-08-14 16:36:28] CLIENT: Marking frame 41 complete with status k_EStreamFrameResultDroppedReset
[2022-08-14 16:36:28] CLIENT: Marking frame 42 complete with status k_EStreamFrameResultDroppedReset
[2022-08-14 16:36:28] CLIENT: Marking frame 43 complete with status k_EStreamFrameResultDroppedReset
[2022-08-14 16:36:28] CLIENT: Marking frame 44 complete with status k_EStreamFrameResultDroppedReset
[2022-08-14 16:36:28] CLIENT: Marking frame 45 complete with status k_EStreamFrameResultDroppedReset
[2022-08-14 16:36:28] CLIENT: Marking frame 46 complete with status k_EStreamFrameResultDroppedReset
[2022-08-14 16:36:28] CLIENT: Marking frame 47 complete with status k_EStreamFrameResultDroppedReset
[2022-08-14 16:36:28] CLIENT: Marking frame 48 complete with status k_EStreamFrameResultDroppedReset
[2022-08-14 16:36:28] CLIENT: Marking frame 49 complete with status k_EStreamFrameResultDroppedReset
[2022-08-14 16:36:28] CLIENT: Marking frame 50 complete with status k_EStreamFrameResultDroppedReset
[2022-08-14 16:36:28] CLIENT: Marking frame 51 complete with status k_EStreamFrameResultDroppedReset
[2022-08-14 16:36:28] CLIENT: Marking frame 52 complete with status k_EStreamFrameResultDroppedReset
[2022-08-14 16:36:28] CLIENT: Marking frame 53 complete with status k_EStreamFrameResultDroppedReset
[2022-08-14 16:36:28] CLIENT: Marking frame 54 complete with status k_EStreamFrameResultDroppedReset
[2022-08-14 16:36:28] CLIENT: Marking frame 55 complete with status k_EStreamFrameResultDroppedReset
[2022-08-14 16:36:28] CLIENT: Marking frame 56 complete with status k_EStreamFrameResultDroppedReset
[2022-08-14 16:36:28] CLIENT: [SteamNetworkingSockets] Ping measurement completed
[2022-08-14 16:36:28] CLIENT: [SteamNetworkingSockets] Ping location: ord=34+3/35+3,atl=38+3/39+3,mdf1=45+4,dfw=88+8/46+4,iad=51+5/51+3,sea=64+6,lax=76+7/79+4,lhr=103+10,ams=111+11/108+10,fra=118+11/117+10,gru=154+15/155+15,sgp=228+22/229+22
[2022-08-14 16:36:28] CLIENT: [SteamNetworkingSockets] SDR RelayNetworkStatus:  avail=OK  config=OK  anyrelay=OK   (OK)
[2022-08-14 16:36:29] Bitrate adapter: state = 1, minRTT = 13, maxRTT = 25, gain = 2.00, bitrate = 5000
[2022-08-14 16:36:29] CLIENT: BSubmitFrame(): No input buffer available
[2022-08-14 16:36:29] CLIENT: Marking frame 81 complete with status k_EStreamFrameResultDroppedReset
[2022-08-14 16:36:29] CLIENT: BSubmitFrame(): No input buffer available
[2022-08-14 16:36:29] CLIENT: Marking frame 82 complete with status k_EStreamFrameResultDroppedReset
[2022-08-14 16:36:29] CLIENT: Video overflow (215.94ms queued), requesting keyframe synchronization
[2022-08-14 16:36:29] CLIENT: Android texture hardware decoding
[2022-08-14 16:36:29] CLIENT: Marking frame 83 complete with status k_EStreamFrameResultDroppedReset
[2022-08-14 16:36:29] CLIENT: Got control packet k_EStreamControlControllerConfigMsg
[2022-08-14 16:36:29] CLIENT: Got control packet k_EStreamControlControllerConfigMsg
[2022-08-14 16:36:29] CLIENT: Got control packet k_EStreamControlControllerConfigMsg
[2022-08-14 16:36:29] CLIENT: Got control packet k_EStreamControlTouchActionSetActive
[2022-08-14 16:36:29] CLIENT: Got control packet k_EStreamControlTouchActionSetActive
[2022-08-14 16:36:29] CLIENT: Got control packet k_EStreamControlTouchActionSetActive
[2022-08-14 16:36:29] CLIENT: Marking frame 84 complete with status k_EStreamFrameResultDroppedReset
[2022-08-14 16:36:29] CLIENT: Marking frame 85 complete with status k_EStreamFrameResultDroppedReset
[2022-08-14 16:36:29] CLIENT: Marking frame 86 complete with status k_EStreamFrameResultDroppedReset
[2022-08-14 16:36:29] CLIENT: Marking frame 87 complete with status k_EStreamFrameResultDroppedReset
[2022-08-14 16:36:29] CLIENT: Marking frame 88 complete with status k_EStreamFrameResultDroppedReset
[2022-08-14 16:36:29] CLIENT: Marking frame 89 complete with status k_EStreamFrameResultDroppedReset
[2022-08-14 16:36:29] CLIENT: Marking frame 90 complete with status k_EStreamFrameResultDroppedReset
[2022-08-14 16:36:29] CLIENT: Marking frame 91 complete with status k_EStreamFrameResultDroppedReset
[2022-08-14 16:36:29] CLIENT: Marking frame 92 complete with status k_EStreamFrameResultDroppedReset
[2022-08-14 16:36:29] CLIENT: Marking frame 93 complete with status k_EStreamFrameResultDroppedReset
[2022-08-14 16:36:29] CLIENT: Marking frame 94 complete with status k_EStreamFrameResultDroppedReset
[2022-08-14 16:36:29] CLIENT: Marking frame 95 complete with status k_EStreamFrameResultDroppedReset
[2022-08-14 16:36:29] CLIENT: Marking frame 96 complete with status k_EStreamFrameResultDroppedReset
[2022-08-14 16:36:29] CLIENT: Marking frame 97 complete with status k_EStreamFrameResultDroppedReset
[2022-08-14 16:36:29] CLIENT: Marking frame 98 complete with status k_EStreamFrameResultDroppedReset
[2022-08-14 16:36:29] CLIENT: Marking frame 99 complete with status k_EStreamFrameResultDroppedReset
[2022-08-14 16:36:29] CLIENT: Marking frame 100 complete with status k_EStreamFrameResultDroppedReset
[2022-08-14 16:36:29] CLIENT: Marking frame 101 complete with status k_EStreamFrameResultDroppedReset
[2022-08-14 16:36:29] CLIENT: Marking frame 102 complete with status k_EStreamFrameResultDroppedReset
[2022-08-14 16:36:29] CLIENT: Marking frame 103 complete with status k_EStreamFrameResultDroppedReset
[2022-08-14 16:36:29] CLIENT: Marking frame 104 complete with status k_EStreamFrameResultDroppedReset
[2022-08-14 16:36:29] CLIENT: Marking frame 105 complete with status k_EStreamFrameResultDroppedReset
[2022-08-14 16:36:29] CLIENT: Marking frame 106 complete with status k_EStreamFrameResultDroppedReset
[2022-08-14 16:36:29] CLIENT: Marking frame 107 complete with status k_EStreamFrameResultDroppedReset
[2022-08-14 16:36:29] CLIENT: Marking frame 108 complete with status k_EStreamFrameResultDroppedReset
[2022-08-14 16:36:29] CLIENT: Marking frame 109 complete with status k_EStreamFrameResultDroppedReset
[2022-08-14 16:36:29] CLIENT: Marking frame 110 complete with status k_EStreamFrameResultDroppedReset
[2022-08-14 16:36:29] CLIENT: Marking frame 111 complete with status k_EStreamFrameResultDroppedReset
[2022-08-14 16:36:29] CLIENT: Marking frame 112 complete with status k_EStreamFrameResultDroppedReset
[2022-08-14 16:36:29] CLIENT: Marking frame 113 complete with status k_EStreamFrameResultDroppedReset
[2022-08-14 16:36:29] CLIENT: Got control packet k_EStreamControlTouchConfigActive
[2022-08-14 16:36:29] CLIENT: Video rect: 2325x1046 at 0,17
[2022-08-14 16:36:29] CLIENT: Texture rect: 2400x1080 at 0,0
[2022-08-14 16:36:29] CLIENT: Got control packet k_EStreamControlSetTouchConfigData
[2022-08-14 16:36:29] CLIENT: Got control packet k_EStreamControlTouchConfigActive
[2022-08-14 16:36:30] Bitrate adapter: state = 1, minRTT = 13, maxRTT = 23, gain = 2.00, bitrate = 10000
[2022-08-14 16:36:30] Bitrate adapter: state = 1, minRTT = 13, maxRTT = 26, gain = 2.00, bitrate = 20000
[2022-08-14 16:36:30] CLIENT: BSubmitFrame(): No input buffer available
[2022-08-14 16:36:30] CLIENT: Marking frame 138 complete with status k_EStreamFrameResultDroppedReset
[2022-08-14 16:36:30] CLIENT: BSubmitFrame(): No input buffer available
[2022-08-14 16:36:30] CLIENT: Marking frame 139 complete with status k_EStreamFrameResultDroppedReset
[2022-08-14 16:36:30] CLIENT: Video overflow (217.13ms queued), requesting keyframe synchronization
[2022-08-14 16:36:30] CLIENT: Android texture hardware decoding
[2022-08-14 16:36:30] CLIENT: Got control packet k_EStreamControlControllerConfigMsg
[2022-08-14 16:36:30] CLIENT: Got control packet k_EStreamControlControllerConfigMsg
[2022-08-14 16:36:30] CLIENT: Marking frame 140 complete with status k_EStreamFrameResultDroppedReset
[2022-08-14 16:36:30] CLIENT: Marking frame 141 complete with status k_EStreamFrameResultDroppedReset
[2022-08-14 16:36:30] CLIENT: Marking frame 142 complete with status k_EStreamFrameResultDroppedReset
[2022-08-14 16:36:30] CLIENT: Marking frame 143 complete with status k_EStreamFrameResultDroppedReset
[2022-08-14 16:36:30] CLIENT: Marking frame 144 complete with status k_EStreamFrameResultDroppedReset
[2022-08-14 16:36:30] CLIENT: Marking frame 145 complete with status k_EStreamFrameResultDroppedReset
[2022-08-14 16:36:30] CLIENT: Marking frame 146 complete with status k_EStreamFrameResultDroppedReset
[2022-08-14 16:36:30] CLIENT: Marking frame 147 complete with status k_EStreamFrameResultDroppedReset
[2022-08-14 16:36:30] CLIENT: Marking frame 148 complete with status k_EStreamFrameResultDroppedReset
[2022-08-14 16:36:30] CLIENT: Marking frame 149 complete with status k_EStreamFrameResultDroppedReset
[2022-08-14 16:36:30] CLIENT: Marking frame 150 complete with status k_EStreamFrameResultDroppedReset
[2022-08-14 16:36:30] CLIENT: Marking frame 151 complete with status k_EStreamFrameResultDroppedReset
[2022-08-14 16:36:30] CLIENT: Marking frame 152 complete with status k_EStreamFrameResultDroppedReset
[2022-08-14 16:36:30] CLIENT: Marking frame 153 complete with status k_EStreamFrameResultDroppedReset
[2022-08-14 16:36:30] CLIENT: Marking frame 154 complete with status k_EStreamFrameResultDroppedReset
[2022-08-14 16:36:30] CLIENT: Marking frame 155 complete with status k_EStreamFrameResultDroppedReset
[2022-08-14 16:36:30] CLIENT: Marking frame 156 complete with status k_EStreamFrameResultDroppedReset
[2022-08-14 16:36:30] CLIENT: Marking frame 157 complete with status k_EStreamFrameResultDroppedReset
[2022-08-14 16:36:30] CLIENT: Marking frame 158 complete with status k_EStreamFrameResultDroppedReset
[2022-08-14 16:36:30] CLIENT: Marking frame 159 complete with status k_EStreamFrameResultDroppedReset
[2022-08-14 16:36:30] CLIENT: Marking frame 160 complete with status k_EStreamFrameResultDroppedReset
[2022-08-14 16:36:30] CLIENT: Marking frame 161 complete with status k_EStreamFrameResultDroppedReset
[2022-08-14 16:36:30] CLIENT: Marking frame 162 complete with status k_EStreamFrameResultDroppedReset
[2022-08-14 16:36:30] CLIENT: Marking frame 163 complete with status k_EStreamFrameResultDroppedReset
[2022-08-14 16:36:30] CLIENT: Marking frame 164 complete with status k_EStreamFrameResultDroppedReset
[2022-08-14 16:36:30] CLIENT: Marking frame 165 complete with status k_EStreamFrameResultDroppedReset
[2022-08-14 16:36:30] CLIENT: Marking frame 166 complete with status k_EStreamFrameResultDroppedReset
[2022-08-14 16:36:30] CLIENT: Marking frame 167 complete with status k_EStreamFrameResultDroppedReset
[2022-08-14 16:36:30] CLIENT: Marking frame 168 complete with status k_EStreamFrameResultDroppedReset
[2022-08-14 16:36:30] CLIENT: Marking frame 169 complete with status k_EStreamFrameResultDroppedReset
[2022-08-14 16:36:30] CLIENT: Marking frame 170 complete with status k_EStreamFrameResultDroppedReset
[2022-08-14 16:36:30] CLIENT: Got control packet k_EStreamControlTouchActionSetActive
[2022-08-14 16:36:30] CLIENT: Got control packet k_EStreamControlTouchActionSetActive
[2022-08-14 16:36:30] CLIENT: Got control packet k_EStreamControlTouchActionSetActive
[2022-08-14 16:36:30] CLIENT: Video rect: 2325x1046 at 0,17
[2022-08-14 16:36:30] CLIENT: Texture rect: 1280x800 at 0,0
[2022-08-14 16:36:30] CLIENT: Video size: 1280x800, output size: 2325x1080, overlay size: 2325x1080
[2022-08-14 16:36:30] CLIENT: Video rect: 1728x1080 at 298,0
[2022-08-14 16:36:30] CLIENT: Texture rect: 1280x800 at 0,0
[2022-08-14 16:36:30] CLIENT: Video rect: 1728x1080 at 298,0
[2022-08-14 16:36:30] CLIENT: Texture rect: 1280x800 at 0,0
[2022-08-14 16:36:30] CLIENT: Got control packet k_EStreamControlTouchConfigActive
[2022-08-14 16:36:30] CLIENT: Got control packet k_EStreamControlTouchConfigActive
[2022-08-14 16:36:30] CLIENT: Got control packet k_EStreamControlTouchConfigActive
[2022-08-14 16:36:31] Bitrate adapter: state = 1, minRTT = 12, maxRTT = 26, gain = 2.00, bitrate = 40000
[2022-08-14 16:36:31] CLIENT: Got control packet k_EStreamControlTouchConfigActive
[2022-08-14 16:36:31] Bitrate adapter: state = 1, minRTT = 12, maxRTT = 30, gain = 2.00, bitrate = 80000
[2022-08-14 16:36:31] CLIENT: SteamNetworkingSockets connection: Connected UDP@18.223.213.124:61088 Ping: 17ms IN: 6355.0kbit 850.3 pkt/s qual 99.7OUT: 90.5kbit 112.3 pkt/s qual 100.0
[2022-08-14 16:36:32] Bitrate adapter: state = 2, minRTT = 12, maxRTT = 27, gain = 2.00, bitrate = 100000
[2022-08-14 16:36:36] CLIENT: SteamNetworkingSockets connection: Connected UDP@18.223.213.124:61088 Ping: 17ms IN: 18216.0kbit 2113.4 pkt/s qual 100.0OUT: 73.1kbit 115.5 pkt/s qual 100.0
[2022-08-14 16:36:41] CLIENT: [SteamNetworkingSockets] ICE: ICE completed
[2022-08-14 16:36:41] CLIENT: SteamNetworkingSockets connection: Connected UDP@18.223.213.124:61088 Ping: 18ms IN: 18946.6kbit 2202.7 pkt/s qual 100.0OUT: 81.3kbit 125.2 pkt/s qual 100.0
[2022-08-14 16:36:44] CLIENT: Video rect: 1728x1080 at 298,0
[2022-08-14 16:36:44] CLIENT: Texture rect: 1280x800 at 0,0
[2022-08-14 16:36:44] CLIENT: Video rect: 1728x1080 at 298,0
[2022-08-14 16:36:44] CLIENT: Texture rect: 1280x800 at 0,0
[2022-08-14 16:36:44] CLIENT: Video rect: 1728x1080 at 298,0
[2022-08-14 16:36:44] CLIENT: Texture rect: 1280x800 at 0,0
[2022-08-14 16:36:45] CLIENT: Video rect: 1728x1080 at 298,0
[2022-08-14 16:36:45] CLIENT: Texture rect: 1280x800 at 0,0
[2022-08-14 16:36:45] CLIENT: Got control packet k_EStreamControlControllerConfigMsg
[2022-08-14 16:36:45] CLIENT: Got control packet k_EStreamControlTouchActionSetActive
[2022-08-14 16:36:45] CLIENT: Got control packet k_EStreamControlTouchConfigActive
[2022-08-14 16:36:46] CLIENT: SteamNetworkingSockets connection: Connected UDP@18.223.213.124:61088 Ping: 15ms IN: 17305.6kbit 2029.6 pkt/s qual 100.0OUT: 88.7kbit 132.7 pkt/s qual 100.0
[2022-08-14 16:36:50] SynchronizeClientState(): setting cursor hidden
[2022-08-14 16:36:50] SynchronizeClientState(): setting cursor to 0
[2022-08-14 16:36:50] CLIENT: Got control packet k_EStreamControlTouchActionSetActive
[2022-08-14 16:36:50] CLIENT: Got control packet k_EStreamControlHideCursor
[2022-08-14 16:36:50] CLIENT: Got control packet k_EStreamControlSetCursor
[2022-08-14 16:36:51] CLIENT: Video rect: 1728x1080 at 298,0
[2022-08-14 16:36:51] CLIENT: Texture rect: 1280x800 at 0,0
[2022-08-14 16:36:51] CLIENT: [SteamNetworkingSockets] CConnectionTransportP2PICE_WebRTC::OnData 1227 bytes, queued, 30775 previously queued LOCK PROBLEM!
[2022-08-14 16:36:51] CLIENT: SteamNetworkingSockets connection: Connected UDP@18.223.213.124:61088 Ping: 19ms IN: 37801.5kbit 4160.4 pkt/s qual 100.0OUT: 78.2kbit 119.9 pkt/s qual 100.0
[2022-08-14 16:36:52] CLIENT: Video rect: 1728x1080 at 298,0
[2022-08-14 16:36:52] CLIENT: Texture rect: 1280x800 at 0,0
[2022-08-14 16:36:52] CLIENT: [SteamNetworkingSockets] CConnectionTransportP2PICE_WebRTC::OnData 1227 bytes, queued, 30775 previously queued LOCK PROBLEM!
[2022-08-14 16:36:52] CLIENT: Video rect: 1728x1080 at 298,0
[2022-08-14 16:36:52] CLIENT: Texture rect: 1280x800 at 0,0
[2022-08-14 16:36:52] CLIENT: Got control packet k_EStreamControlControllerConfigMsg
[2022-08-14 16:36:52] CLIENT: Got control packet k_EStreamControlTouchActionSetActive
[2022-08-14 16:36:53] CLIENT: Got control packet k_EStreamControlTouchConfigActive
[2022-08-14 16:36:56] CLIENT: SteamNetworkingSockets connection: Connected UDP@18.223.213.124:61088 Ping: 19ms IN: 69008.6kbit 7412.8 pkt/s qual 100.0OUT: 80.1kbit 121.0 pkt/s qual 100.0
[2022-08-14 16:36:57] CLIENT: [SteamNetworkingSockets] CConnectionTransportP2PICE_WebRTC::OnData 1227 bytes, queued, 30763 previously queued LOCK PROBLEM!
[2022-08-14 16:36:57] CLIENT: [SteamNetworkingSockets] CConnectionTransportP2PICE_WebRTC::OnData 1227 bytes, queued, 31994 previously queued LOCK PROBLEM!
[2022-08-14 16:36:57] CLIENT: [SteamNetworkingSockets] CConnectionTransportP2PICE_WebRTC::OnData 1227 bytes, queued, 33225 previously queued LOCK PROBLEM!
[2022-08-14 16:36:57] CLIENT: [SteamNetworkingSockets] CConnectionTransportP2PICE_WebRTC::OnData 1227 bytes, queued, 34456 previously queued LOCK PROBLEM!
[2022-08-14 16:36:57] CLIENT: [SteamNetworkingSockets] CConnectionTransportP2PICE_WebRTC::OnData 1227 bytes, queued, 35687 previously queued LOCK PROBLEM!
[2022-08-14 16:36:57] CLIENT: [SteamNetworkingSockets] CConnectionTransportP2PICE_WebRTC::OnData 1227 bytes, queued, 36918 previously queued LOCK PROBLEM!
[2022-08-14 16:36:57] CLIENT: [SteamNetworkingSockets] CConnectionTransportP2PICE_WebRTC::OnData 1227 bytes, queued, 38149 previously queued LOCK PROBLEM!
[2022-08-14 16:36:57] CLIENT: [SteamNetworkingSockets] CConnectionTransportP2PICE_WebRTC::OnData 1227 bytes, queued, 39380 previously queued LOCK PROBLEM!
[2022-08-14 16:36:57] CLIENT: [SteamNetworkingSockets] CConnectionTransportP2PICE_WebRTC::OnData 1227 bytes, queued, 40611 previously queued LOCK PROBLEM!
[2022-08-14 16:36:58] CLIENT: [SteamNetworkingSockets] [#1059014450 P2P ICE steamid:76561199378814893 vport 0] End-to-end sequence number is duplicate or old, or fails to decrypt, but relay sequence number from ord#94 (162.254.193.73:27024) is OK?  Dropping.
[2022-08-14 16:36:59] CLIENT: [SteamNetworkingSockets] [#1059014450 P2P ICE steamid:76561199378814893 vport 0] End-to-end sequence number is duplicate or old, or fails to decrypt, but relay sequence number from ord#94 (162.254.193.73:27024) is OK?  Dropping.
[2022-08-14 16:37:00] CLIENT: [SteamNetworkingSockets] CConnectionTransportP2PICE_WebRTC::OnData 1227 bytes, queued, 30775 previously queued LOCK PROBLEM!
[2022-08-14 16:37:01] CLIENT: SteamNetworkingSockets connection: Connected UDP@18.223.213.124:61088 Ping: 25ms IN: 94859.2kbit 10117.0 pkt/s qual 100.0OUT: 107.1kbit 146.5 pkt/s qual 100.0
[2022-08-14 16:37:02] CLIENT: [SteamNetworkingSockets] CConnectionTransportP2PICE_WebRTC::OnData 1227 bytes, queued, 30775 previously queued LOCK PROBLEM!
[2022-08-14 16:37:02] CLIENT: [SteamNetworkingSockets] CConnectionTransportP2PICE_WebRTC::OnData 1227 bytes, queued, 32006 previously queued LOCK PROBLEM!
[2022-08-14 16:37:02] CLIENT: [SteamNetworkingSockets] CConnectionTransportP2PICE_WebRTC::OnData 1227 bytes, queued, 33237 previously queued LOCK PROBLEM!
[2022-08-14 16:37:03] CLIENT: [SteamNetworkingSockets] CConnectionTransportP2PICE_WebRTC::OnData 1227 bytes, queued, 30775 previously queued LOCK PROBLEM!
[2022-08-14 16:37:03] CLIENT: [SteamNetworkingSockets] CConnectionTransportP2PICE_WebRTC::OnData 1227 bytes, queued, 32006 previously queued LOCK PROBLEM!
[2022-08-14 16:37:06] CLIENT: [SteamNetworkingSockets] CConnectionTransportP2PICE_WebRTC::OnData 1227 bytes, queued, 30775 previously queued LOCK PROBLEM!
[2022-08-14 16:37:06] CLIENT: [SteamNetworkingSockets] CConnectionTransportP2PICE_WebRTC::OnData 1227 bytes, queued, 32006 previously queued LOCK PROBLEM!
[2022-08-14 16:37:06] CLIENT: [SteamNetworkingSockets] CConnectionTransportP2PICE_WebRTC::OnData 1227 bytes, queued, 33237 previously queued LOCK PROBLEM!
[2022-08-14 16:37:06] CLIENT: [SteamNetworkingSockets] CConnectionTransportP2PICE_WebRTC::OnData 1227 bytes, queued, 34468 previously queued LOCK PROBLEM!
[2022-08-14 16:37:06] CLIENT: [SteamNetworkingSockets] CConnectionTransportP2PICE_WebRTC::OnData 1227 bytes, queued, 30775 previously queued LOCK PROBLEM!
[2022-08-14 16:37:06] CLIENT: [SteamNetworkingSockets] CConnectionTransportP2PICE_WebRTC::OnData 1227 bytes, queued, 32006 previously queued LOCK PROBLEM!
[2022-08-14 16:37:06] CLIENT: [SteamNetworkingSockets] CConnectionTransportP2PICE_WebRTC::OnData 1227 bytes, queued, 33237 previously queued LOCK PROBLEM!
[2022-08-14 16:37:06] CLIENT: [SteamNetworkingSockets] CConnectionTransportP2PICE_WebRTC::OnData 1227 bytes, queued, 34468 previously queued LOCK PROBLEM!
[2022-08-14 16:37:07] CLIENT: SteamNetworkingSockets connection: Connected UDP@18.223.213.124:61088 Ping: 19ms IN: 96680.9kbit 10304.9 pkt/s qual 100.0OUT: 111.4kbit 151.2 pkt/s qual 100.0
[2022-08-14 16:37:08] CLIENT: [SteamNetworkingSockets] CConnectionTransportP2PICE_WebRTC::OnData 1227 bytes, queued, 30775 previously queued LOCK PROBLEM!
[2022-08-14 16:37:08] CLIENT: [SteamNetworkingSockets] [#1059014450 P2P ICE steamid:76561199378814893 vport 0] End-to-end sequence number is duplicate or old, or fails to decrypt, but relay sequence number from ord#94 (162.254.193.73:27024) is OK?  Dropping.
[2022-08-14 16:37:09] CLIENT: [SteamNetworkingSockets] [#1059014450 P2P ICE steamid:76561199378814893 vport 0] End-to-end sequence number is duplicate or old, or fails to decrypt, but relay sequence number from ord#94 (162.254.193.73:27024) is OK?  Dropping.
[2022-08-14 16:37:10] CLIENT: [SteamNetworkingSockets] CConnectionTransportP2PICE_WebRTC::OnData 1227 bytes, queued, 30775 previously queued LOCK PROBLEM!
[2022-08-14 16:37:10] CLIENT: [SteamNetworkingSockets] CConnectionTransportP2PICE_WebRTC::OnData 1227 bytes, queued, 32006 previously queued LOCK PROBLEM!
[2022-08-14 16:37:10] CLIENT: [SteamNetworkingSockets] CConnectionTransportP2PICE_WebRTC::OnData 1227 bytes, queued, 33237 previously queued LOCK PROBLEM!
[2022-08-14 16:37:10] CLIENT: [SteamNetworkingSockets] CConnectionTransportP2PICE_WebRTC::OnData 1227 bytes, queued, 34468 previously queued LOCK PROBLEM!
[2022-08-14 16:37:10] CLIENT: [SteamNetworkingSockets] CConnectionTransportP2PICE_WebRTC::OnData 1227 bytes, queued, 35699 previously queued LOCK PROBLEM!
[2022-08-14 16:37:10] CLIENT: [SteamNetworkingSockets] CConnectionTransportP2PICE_WebRTC::OnData 1227 bytes, queued, 36930 previously queued LOCK PROBLEM!
[2022-08-14 16:37:10] CLIENT: [SteamNetworkingSockets] CConnectionTransportP2PICE_WebRTC::OnData 1227 bytes, queued, 38161 previously queued LOCK PROBLEM!
[2022-08-14 16:37:10] CLIENT: [SteamNetworkingSockets] CConnectionTransportP2PICE_WebRTC::OnData 1227 bytes, queued, 39392 previously queued LOCK PROBLEM!
[2022-08-14 16:37:11] CLIENT: SteamNetworkingSockets connection: Connected UDP@18.223.213.124:61088 Ping: 28ms IN: 95978.9kbit 10233.7 pkt/s qual 100.0OUT: 105.9kbit 149.5 pkt/s qual 100.0
[2022-08-14 16:37:16] CLIENT: SteamNetworkingSockets connection: Connected UDP@18.223.213.124:61088 Ping: 31ms IN: 96368.3kbit 10278.8 pkt/s qual 100.0OUT: 98.0kbit 146.1 pkt/s qual 100.0
[2022-08-14 16:37:18] CLIENT: [SteamNetworkingSockets] [#1059014450 P2P ICE steamid:76561199378814893 vport 0] End-to-end sequence number is duplicate or old, or fails to decrypt, but relay sequence number from ord#94 (162.254.193.73:27024) is OK?  Dropping.
[2022-08-14 16:37:18] CLIENT: [SteamNetworkingSockets] [#1059014450 P2P ICE steamid:76561199378814893 vport 0] SDR: 3 consecutive end-to-end timeouts
[2022-08-14 16:37:18] CLIENT: [SteamNetworkingSockets] [#1059014450 P2P ICE steamid:76561199378814893 vport 0] End-to-end sequence number is duplicate or old, or fails to decrypt, but relay sequence number from ord#94 (162.254.193.73:27024) is OK?  Dropping.
[2022-08-14 16:37:19] CLIENT: [SteamNetworkingSockets] [#1059014450 P2P ICE steamid:76561199378814893 vport 0] SDR: 4 consecutive end-to-end timeouts
[2022-08-14 16:37:19] CLIENT: [SteamNetworkingSockets] [#1059014450 P2P ICE steamid:76561199378814893 vport 0] End-to-end sequence number is duplicate or old, or fails to decrypt, but relay sequence number from ord#94 (162.254.193.73:27024) is OK?  Dropping.
[2022-08-14 16:37:19] CLIENT: [SteamNetworkingSockets] [#1059014450 P2P ICE steamid:76561199378814893 vport 0] End-to-end sequence number is duplicate or old, or fails to decrypt, but relay sequence number from ord#94 (162.254.193.73:27024) is OK?  Dropping.
[2022-08-14 16:37:19] CLIENT: [SteamNetworkingSockets] [#1059014450 P2P ICE steamid:76561199378814893 vport 0] SDR routing message updated, revision 5.  (POP 'ord' last sent ping 30 is outside ping range 41-50 (1 buckets))
[2022-08-14 16:37:19] CLIENT: [SteamNetworkingSockets] [#1059014450 P2P ICE steamid:76561199378814893 vport 0] End-to-end sequence number is duplicate or old, or fails to decrypt, but relay sequence number from ord#94 (162.254.193.73:27024) is OK?  Dropping.
[2022-08-14 16:37:19] CLIENT: [SteamNetworkingSockets] [#1059014450 P2P ICE steamid:76561199378814893 vport 0] SDR: 5 consecutive end-to-end timeouts
[2022-08-14 16:37:19] CLIENT: [SteamNetworkingSockets] [#1059014450 P2P ICE steamid:76561199378814893 vport 0] End-to-end sequence number is duplicate or old, or fails to decrypt, but relay sequence number from ord#94 (162.254.193.73:27024) is OK?  Dropping.
[2022-08-14 16:37:19] CLIENT: [SteamNetworkingSockets] [#1059014450 P2P ICE steamid:76561199378814893 vport 0] SDR: 6 consecutive end-to-end timeouts
[2022-08-14 16:37:19] CLIENT: [SteamNetworkingSockets] [#1059014450 P2P ICE steamid:76561199378814893 vport 0] End-to-end sequence number is duplicate or old, or fails to decrypt, but relay sequence number from ord#94 (162.254.193.73:27024) is OK?  Dropping.
[2022-08-14 16:37:19] CLIENT: [SteamNetworkingSockets] [#1059014450 P2P ICE steamid:76561199378814893 vport 0] End-to-end sequence number is duplicate or old, or fails to decrypt, but relay sequence number from ord#94 (162.254.193.73:27024) is OK?  Dropping.
[2022-08-14 16:37:20] CLIENT: [SteamNetworkingSockets] [#1059014450 P2P ICE steamid:76561199378814893 vport 0] SDR: 7 consecutive end-to-end timeouts
[2022-08-14 16:37:20] CLIENT: [SteamNetworkingSockets] [#1059014450 P2P ICE steamid:76561199378814893 vport 0] End-to-end sequence number is duplicate or old, or fails to decrypt, but relay sequence number from ord#94 (162.254.193.73:27024) is OK?  Dropping.
[2022-08-14 16:37:20] CLIENT: [SteamNetworkingSockets] [#1059014450 P2P ICE steamid:76561199378814893 vport 0] End-to-end sequence number is duplicate or old, or fails to decrypt, but relay sequence number from ord#94 (162.254.193.73:27024) is OK?  Dropping.
[2022-08-14 16:37:20] CLIENT: [SteamNetworkingSockets] [#1059014450 P2P ICE steamid:76561199378814893 vport 0] SDR: 8 consecutive end-to-end timeouts
[2022-08-14 16:37:20] CLIENT: [SteamNetworkingSockets] [#1059014450 P2P ICE steamid:76561199378814893 vport 0] End-to-end sequence number is duplicate or old, or fails to decrypt, but relay sequence number from ord#94 (162.254.193.73:27024) is OK?  Dropping.
[2022-08-14 16:37:20] CLIENT: [SteamNetworkingSockets] [#1059014450 P2P ICE steamid:76561199378814893 vport 0] SDR: 9 consecutive end-to-end timeouts
[2022-08-14 16:37:20] CLIENT: [SteamNetworkingSockets] [#1059014450 P2P ICE steamid:76561199378814893 vport 0] End-to-end sequence number is duplicate or old, or fails to decrypt, but relay sequence number from ord#94 (162.254.193.73:27024) is OK?  Dropping.
[2022-08-14 16:37:21] CLIENT: [SteamNetworkingSockets] [#1059014450 P2P ICE steamid:76561199378814893 vport 0] End-to-end sequence number is duplicate or old, or fails to decrypt, but relay sequence number from ord#94 (162.254.193.73:27024) is OK?  Dropping.
[2022-08-14 16:37:21] CLIENT: [SteamNetworkingSockets] [#1059014450 P2P ICE steamid:76561199378814893 vport 0] End-to-end sequence number is duplicate or old, or fails to decrypt, but relay sequence number from ord#94 (162.254.193.73:27024) is OK?  Dropping.
[2022-08-14 16:37:22] CLIENT: SteamNetworkingSockets connection: Connected UDP@18.223.213.124:61088 Ping: 25ms IN: 96682.3kbit 10300.7 pkt/s qual 99.9OUT: 94.6kbit 136.8 pkt/s qual 100.0
[2022-08-14 16:37:22] CLIENT: [SteamNetworkingSockets] [#1059014450 P2P ICE steamid:76561199378814893 vport 0] End-to-end sequence number is duplicate or old, or fails to decrypt, but relay sequence number from ord#94 (162.254.193.73:27024) is OK?  Dropping.
[2022-08-14 16:37:24] Slow framerate: game 4.02, capture 0.38, convert 0.00, encode 12.62, network 677.44, decode 2.04, display 9.72 (network)
[2022-08-14 16:37:24] Setting target framerate: 60.00 [timing: game 4.02, capture 0.38, convert 0.00, encode 12.62, network 677.44, decode 2.04, display 9.72 (network)]
[2022-08-14 16:37:25] CLIENT: Got video sequence 3400, expected 3362, sending lost data notification
[2022-08-14 16:37:25] CLIENT: Targeting 60.00 FPS
[2022-08-14 16:37:25] CLIENT: Got control packet k_EStreamControlSetTargetFramerate
[2022-08-14 16:37:25] CLIENT: Flushing audio, 720 ms queued, 144 ms maximum, delivery delay = 22
[2022-08-14 16:37:25] CLIENT: Flushing audio, 330 ms queued, 144 ms maximum, delivery delay = 22
[2022-08-14 16:37:25] CLIENT: [SteamNetworkingSockets] [#1059014450 P2P ICE steamid:76561199378814893 vport 0] Peer appears to be using 'SDR' transport as primary
[2022-08-14 16:37:26] CLIENT: Flushing audio, 400 ms queued, 144 ms maximum, delivery delay = 22
[2022-08-14 16:37:26] Bitrate adapter: state = 2, minRTT = 13, maxRTT = 107, gain = 0.75, bitrate = 75000
[2022-08-14 16:37:26] CLIENT: Didn't get keyframe, resending lost data notification
[2022-08-14 16:37:26] CLIENT: Flushing audio, 370 ms queued, 144 ms maximum, delivery delay = 22
[2022-08-14 16:37:26] CLIENT: Didn't get keyframe, resending lost data notification
[2022-08-14 16:37:26] CLIENT: Marking frame 3400 complete with status k_EStreamFrameResultDroppedReset
[2022-08-14 16:37:26] CLIENT: Marking frame 3474 complete with status k_EStreamFrameResultDroppedReset
[2022-08-14 16:37:26] CLIENT: Marking frame 3480 complete with status k_EStreamFrameResultDroppedReset
[2022-08-14 16:37:26] CLIENT: Marking frame 3481 complete with status k_EStreamFrameResultDroppedReset
[2022-08-14 16:37:26] CLIENT: Marking frame 3482 complete with status k_EStreamFrameResultDroppedReset
[2022-08-14 16:37:26] CLIENT: Marking frame 3483 complete with status k_EStreamFrameResultDroppedReset
[2022-08-14 16:37:26] CLIENT: Marking frame 3484 complete with status k_EStreamFrameResultDroppedReset
[2022-08-14 16:37:26] CLIENT: Marking frame 3485 complete with status k_EStreamFrameResultDroppedReset
[2022-08-14 16:37:26] CLIENT: Marking frame 3486 complete with status k_EStreamFrameResultDroppedReset
[2022-08-14 16:37:26] CLIENT: Marking frame 3487 complete with status k_EStreamFrameResultDroppedReset
[2022-08-14 16:37:26] CLIENT: Marking frame 3488 complete with status k_EStreamFrameResultDroppedReset
[2022-08-14 16:37:26] CLIENT: Video overflow (166.35ms queued), requesting keyframe synchronization
[2022-08-14 16:37:26] CLIENT: Marking frame 3492 complete with status k_EStreamFrameResultDroppedReset
[2022-08-14 16:37:26] CLIENT: Marking frame 3493 complete with status k_EStreamFrameResultDroppedReset
[2022-08-14 16:37:26] CLIENT: Marking frame 3494 complete with status k_EStreamFrameResultDroppedReset
[2022-08-14 16:37:26] CLIENT: Marking frame 3495 complete with status k_EStreamFrameResultDroppedReset
[2022-08-14 16:37:26] CLIENT: Marking frame 3496 complete with status k_EStreamFrameResultDroppedReset
[2022-08-14 16:37:26] CLIENT: Marking frame 3497 complete with status k_EStreamFrameResultDroppedReset
[2022-08-14 16:37:26] CLIENT: Marking frame 3498 complete with status k_EStreamFrameResultDroppedReset
[2022-08-14 16:37:26] CLIENT: Marking frame 3499 complete with status k_EStreamFrameResultDroppedReset
[2022-08-14 16:37:26] CLIENT: Marking frame 3500 complete with status k_EStreamFrameResultDroppedReset
[2022-08-14 16:37:26] CLIENT: Marking frame 3501 complete with status k_EStreamFrameResultDroppedReset
[2022-08-14 16:37:26] CLIENT: Marking frame 3502 complete with status k_EStreamFrameResultDroppedReset
[2022-08-14 16:37:26] CLIENT: Marking frame 3506 complete with status k_EStreamFrameResultDroppedReset
[2022-08-14 16:37:26] CLIENT: Marking frame 3507 complete with status k_EStreamFrameResultDroppedReset
[2022-08-14 16:37:26] CLIENT: Marking frame 3508 complete with status k_EStreamFrameResultDroppedReset
[2022-08-14 16:37:26] CLIENT: Marking frame 3509 complete with status k_EStreamFrameResultDroppedReset
[2022-08-14 16:37:26] CLIENT: Marking frame 3510 complete with status k_EStreamFrameResultDroppedReset
[2022-08-14 16:37:26] CLIENT: Marking frame 3511 complete with status k_EStreamFrameResultDroppedReset
[2022-08-14 16:37:26] CLIENT: Marking frame 3512 complete with status k_EStreamFrameResultDroppedReset
[2022-08-14 16:37:26] Bitrate adapter: state = 2, minRTT = 13, maxRTT = 118, gain = 0.75, bitrate = 56250
[2022-08-14 16:37:26] Slow framerate: game 4.16, capture 0.39, convert 0.00, encode 11.21, network 62.27, decode 1.93, display 5.51 (network)
[2022-08-14 16:37:27] CLIENT: SteamNetworkingSockets connection: Connected SDR->ord->ord  Ping: 49ms IN: 64341.9kbit 6849.8 pkt/s qual 99.7OUT: 386.2kbit 238.9 pkt/s qual 100.0
[2022-08-14 16:37:27] Bitrate adapter: state = 2, minRTT = 13, maxRTT = 81, gain = 0.75, bitrate = 42187
[2022-08-14 16:37:27] CLIENT: [SteamNetworkingSockets] [#1059014450 P2P SDR steamid:76561199378814893 vport 0] End-to-end sequence number is duplicate or old, or fails to decrypt, but relay sequence number from ord#94 (162.254.193.73:27024) is OK?  Dropping.
[2022-08-14 16:37:27] CLIENT: [SteamNetworkingSockets] [#1059014450 P2P SDR steamid:76561199378814893 vport 0] End-to-end sequence number is duplicate or old, or fails to decrypt, but relay sequence number from ord#94 (162.254.193.73:27024) is OK?  Dropping.
[2022-08-14 16:37:27] CLIENT: [SteamNetworkingSockets] [#1059014450 P2P SDR steamid:76561199378814893 vport 0] End-to-end sequence number is duplicate or old, or fails to decrypt, but relay sequence number from ord#94 (162.254.193.73:27024) is OK?  Dropping.
[2022-08-14 16:37:27] CLIENT: [SteamNetworkingSockets] [#1059014450 P2P SDR steamid:76561199378814893 vport 0] End-to-end sequence number is duplicate or old, or fails to decrypt, but relay sequence number from ord#94 (162.254.193.73:27024) is OK?  Dropping.
[2022-08-14 16:37:27] CLIENT: [SteamNetworkingSockets] [#1059014450 P2P SDR steamid:76561199378814893 vport 0] End-to-end sequence number is duplicate or old, or fails to decrypt, but relay sequence number from ord#94 (162.254.193.73:27024) is OK?  Dropping.
[2022-08-14 16:37:27] Audio mix: start=196959786361, returned=2876160
[2022-08-14 16:37:27] Bitrate adapter: state = 2, minRTT = 13, maxRTT = 82, gain = 0.75, bitrate = 31640
[2022-08-14 16:37:27] Slow framerate: game 4.19, capture 0.39, convert 0.01, encode 9.20, network 44.99, decode 1.52, display 4.01 (network)
[2022-08-14 16:37:28] Bitrate adapter: state = 2, minRTT = 13, maxRTT = 75, gain = 0.75, bitrate = 23730
[2022-08-14 16:37:28] Slow framerate: game 4.18, capture 0.35, convert 0.01, encode 8.45, network 37.91, decode 1.27, display 3.94 (network)
[2022-08-14 16:37:29] Bitrate adapter: state = 2, minRTT = 13, maxRTT = 85, gain = 0.75, bitrate = 17797
[2022-08-14 16:37:29] Bitrate adapter: state = 2, minRTT = 13, maxRTT = 82, gain = 0.75, bitrate = 13347
[2022-08-14 16:37:29] Slow framerate: game 4.57, capture 0.36, convert 0.00, encode 8.00, network 46.35, decode 1.18, display 11.01 (network)
[2022-08-14 16:37:30] Bitrate adapter: state = 2, minRTT = 13, maxRTT = 74, gain = 0.75, bitrate = 10010
[2022-08-14 16:37:30] Bitrate adapter: state = 2, minRTT = 13, maxRTT = 65, gain = 0.75, bitrate = 7507
[2022-08-14 16:37:30] Slow framerate: game 4.03, capture 0.35, convert 0.00, encode 7.32, network 40.21, decode 1.14, display 5.34 (network)
[2022-08-14 16:37:31] Bitrate adapter: state = 2, minRTT = 13, maxRTT = 69, gain = 0.75, bitrate = 5630
[2022-08-14 16:37:31] Setting target framerate: 60.00 [timing: game 3.43, capture 0.34, convert 0.00, encode 6.90, network 32.61, decode 1.18, display 3.75]
[2022-08-14 16:37:31] CLIENT: Targeting 60.00 FPS
[2022-08-14 16:37:31] CLIENT: Got control packet k_EStreamControlSetTargetFramerate
[2022-08-14 16:37:32] CLIENT: SteamNetworkingSockets connection: Connected SDR->ord->ord  Ping: 46ms IN: 19565.8kbit 2260.6 pkt/s qual 98.8OUT: 98.7kbit 151.0 pkt/s qual 100.0
[2022-08-14 16:37:32] Bitrate adapter: state = 2, minRTT = 14, maxRTT = 65, gain = 0.75, bitrate = 4222
[2022-08-14 16:37:34] CLIENT: [SteamNetworkingSockets] [#1059014450 P2P SDR steamid:76561199378814893 vport 0] Peer appears to be using 'ICE' transport as primary
[2022-08-14 16:37:35] CLIENT: [SteamNetworkingSockets] [#1059014450 P2P ICE steamid:76561199378814893 vport 0] Peer appears to be using 'SDR' transport as primary
[2022-08-14 16:37:35] CLIENT: [SteamNetworkingSockets] [#1059014450 P2P SDR steamid:76561199378814893 vport 0] Peer appears to be using 'ICE' transport as primary
[2022-08-14 16:37:35] CLIENT: [SteamNetworkingSockets] [#1059014450 P2P ICE steamid:76561199378814893 vport 0] Peer appears to be using 'SDR' transport as primary
[2022-08-14 16:37:35] CLIENT: [SteamNetworkingSockets] [#1059014450 P2P SDR steamid:76561199378814893 vport 0] Peer appears to be using 'ICE' transport as primary
[2022-08-14 16:37:35] Bitrate adapter: state = 2, minRTT = 30, maxRTT = 194, gain = 0.75, bitrate = 3166
[2022-08-14 16:37:37] CLIENT: SteamNetworkingSockets connection: Connected UDP@18.223.213.124:61088 Ping: 23ms IN: 3045.0kbit 541.5 pkt/s qual 99.6OUT: 81.9kbit 128.0 pkt/s qual 100.0
[2022-08-14 16:37:39] Bitrate adapter: state = 2, minRTT = 20, maxRTT = 41, gain = 1.25, bitrate = 3957
[2022-08-14 16:37:41] Bitrate adapter: state = 2, minRTT = 20, maxRTT = 88, gain = 0.75, bitrate = 2967
[2022-08-14 16:37:42] CLIENT: SteamNetworkingSockets connection: Connected UDP@18.223.213.124:61088 Ping: 26ms IN: 3046.7kbit 539.6 pkt/s qual 100.0OUT: 84.3kbit 128.1 pkt/s qual 100.0
[2022-08-14 16:37:44] Bitrate adapter: state = 2, minRTT = 20, maxRTT = 78, gain = 0.75, bitrate = 2500
[2022-08-14 16:37:45] Bitrate adapter: state = 2, minRTT = 20, maxRTT = 113, gain = 0.75, bitrate = 2500
[2022-08-14 16:37:45] Bitrate adapter: state = 2, minRTT = 20, maxRTT = 97, gain = 0.75, bitrate = 2500
[2022-08-14 16:37:47] CLIENT: SteamNetworkingSockets connection: Connected UDP@18.223.213.124:61088 Ping: 28ms IN: 2400.4kbit 461.5 pkt/s qual 100.0OUT: 87.1kbit 128.8 pkt/s qual 100.0
[2022-08-14 16:37:50] Bitrate adapter: state = 2, minRTT = 20, maxRTT = 48, gain = 1.25, bitrate = 3125
[2022-08-14 16:37:52] CLIENT: SteamNetworkingSockets connection: Connected UDP@18.223.213.124:61088 Ping: 26ms IN: 1974.5kbit 430.0 pkt/s qual 100.0OUT: 79.0kbit 121.5 pkt/s qual 100.0
[2022-08-14 16:37:54] Bitrate adapter: state = 2, minRTT = 20, maxRTT = 43, gain = 1.25, bitrate = 3906
[2022-08-14 16:37:57] CLIENT: SteamNetworkingSockets connection: Connected UDP@18.223.213.124:61088 Ping: 27ms IN: 3087.1kbit 560.6 pkt/s qual 100.0OUT: 110.4kbit 154.9 pkt/s qual 100.0
[2022-08-14 16:37:58] Bitrate adapter: state = 2, minRTT = 20, maxRTT = 43, gain = 1.25, bitrate = 4882
[2022-08-14 16:38:02] CLIENT: SteamNetworkingSockets connection: Connected UDP@18.223.213.124:61088 Ping: 31ms IN: 4289.6kbit 674.3 pkt/s qual 100.0OUT: 130.3kbit 173.4 pkt/s qual 100.0
[2022-08-14 16:38:02] Bitrate adapter: state = 2, minRTT = 20, maxRTT = 42, gain = 1.25, bitrate = 6102
[2022-08-14 16:38:06] Bitrate adapter: state = 2, minRTT = 20, maxRTT = 47, gain = 1.25, bitrate = 7627
[2022-08-14 16:38:07] CLIENT: SteamNetworkingSockets connection: Connected UDP@18.223.213.124:61088 Ping: 28ms IN: 5747.5kbit 814.5 pkt/s qual 100.0OUT: 128.0kbit 168.4 pkt/s qual 100.0
[2022-08-14 16:38:10] Bitrate adapter: state = 2, minRTT = 20, maxRTT = 55, gain = 1.25, bitrate = 9533
[2022-08-14 16:38:12] CLIENT: SteamNetworkingSockets connection: Connected UDP@18.223.213.124:61088 Ping: 38ms IN: 7757.9kbit 1040.2 pkt/s qual 100.0OUT: 128.4kbit 173.3 pkt/s qual 100.0
[2022-08-14 16:38:14] Bitrate adapter: state = 2, minRTT = 20, maxRTT = 41, gain = 1.25, bitrate = 11916
[2022-08-14 16:38:17] CLIENT: SteamNetworkingSockets connection: Connected UDP@18.223.213.124:61088 Ping: 30ms IN: 9748.4kbit 1240.6 pkt/s qual 100.0OUT: 115.7kbit 160.5 pkt/s qual 100.0
[2022-08-14 16:38:18] Bitrate adapter: state = 2, minRTT = 21, maxRTT = 42, gain = 1.25, bitrate = 14895
[2022-08-14 16:38:22] CLIENT: SteamNetworkingSockets connection: Connected UDP@18.223.213.124:61088 Ping: 33ms IN: 13183.7kbit 1602.1 pkt/s qual 100.0OUT: 101.0kbit 146.5 pkt/s qual 100.0
[2022-08-14 16:38:22] Bitrate adapter: state = 2, minRTT = 21, maxRTT = 47, gain = 1.25, bitrate = 18618
[2022-08-14 16:38:25] CLIENT: [SteamNetworkingSockets] [#1059014450 P2P ICE steamid:76561199378814893 vport 0] SDR routing message updated, revision 6.  (POP 'ord' last sent ping 41 is outside ping range 49-49 (2 buckets))
[2022-08-14 16:38:26] CLIENT: [SteamNetworkingSockets] CConnectionTransportP2PICE_WebRTC::OnData 1227 bytes, queued, 30861 previously queued LOCK PROBLEM!
[2022-08-14 16:38:26] Bitrate adapter: state = 2, minRTT = 21, maxRTT = 62, gain = 1.25, bitrate = 23272
[2022-08-14 16:38:27] CLIENT: SteamNetworkingSockets connection: Connected UDP@18.223.213.124:61088 Ping: 29ms IN: 17377.5kbit 2035.6 pkt/s qual 100.0OUT: 126.1kbit 168.1 pkt/s qual 100.0
[2022-08-14 16:38:27] Audio mix: start=196959786361, returned=5756160
[2022-08-14 16:38:30] Bitrate adapter: state = 2, minRTT = 22, maxRTT = 51, gain = 1.25, bitrate = 29090
[2022-08-14 16:38:32] CLIENT: SteamNetworkingSockets connection: Connected UDP@18.223.213.124:61088 Ping: 36ms IN: 20556.8kbit 2362.7 pkt/s qual 100.0OUT: 80.0kbit 122.7 pkt/s qual 100.0
[2022-08-14 16:38:34] Bitrate adapter: state = 2, minRTT = 22, maxRTT = 51, gain = 1.25, bitrate = 36362
[2022-08-14 16:38:37] CLIENT: SteamNetworkingSockets connection: Connected UDP@18.223.213.124:61088 Ping: 35ms IN: 29264.5kbit 3269.5 pkt/s qual 100.0OUT: 77.1kbit 118.6 pkt/s qual 100.0
[2022-08-14 16:38:38] Bitrate adapter: state = 2, minRTT = 22, maxRTT = 55, gain = 1.25, bitrate = 45452
[2022-08-14 16:38:39] Bitrate adapter: state = 2, minRTT = 22, maxRTT = 73, gain = 0.75, bitrate = 34089
[2022-08-14 16:38:40] CLIENT: [SteamNetworkingSockets] CConnectionTransportP2PICE_WebRTC::OnData 1223 bytes, queued, 30767 previously queued LOCK PROBLEM!
[2022-08-14 16:38:42] CLIENT: SteamNetworkingSockets connection: Connected UDP@18.223.213.124:61088 Ping: 35ms IN: 31621.4kbit 3514.0 pkt/s qual 100.0OUT: 87.3kbit 129.9 pkt/s qual 100.0
[2022-08-14 16:38:42] Bitrate adapter: state = 2, minRTT = 22, maxRTT = 73, gain = 0.75, bitrate = 25566
[2022-08-14 16:38:45] CLIENT: Video rect: 1728x1080 at 298,0
[2022-08-14 16:38:45] CLIENT: Texture rect: 1280x800 at 0,0
[2022-08-14 16:38:46] "SessionStats"
[2022-08-14 16:54:35] Streaming initialized and listening on port 0
[2022-08-14 16:54:39] CLIENT: Sending HID device 0000/11fb/-1  Mobile Touch Control at touch://0
