[2022-08-10 17:05:31] Streaming started to Samsung SM-G998U1 Android 12 at 0.0.0.0:0, audio channels = 2, MTU = 1172
[2022-08-10 17:05:31] Streaming quality: k_EStreamQualityBeautiful
[2022-08-10 17:05:31] Streaming bitrate: Unlimited
[2022-08-10 17:05:31] Device form factor: phone
[2022-08-10 17:05:31] Maximum capture: 3840x2160 60.00 FPS
[2022-08-10 17:05:31] Video Streaming: enabled
[2022-08-10 17:05:31] Audio Streaming: enabled
[2022-08-10 17:05:31] Input Streaming: enabled
[2022-08-10 17:05:31] =====================================================================
[2022-08-10 17:05:31] Game: UNKNOWN (0)
[2022-08-10 17:05:31] Setting target bitrate to 100000 Kbit/s, burst bitrate is 500000 Kbit/s
[2022-08-10 17:05:31] SynchronizeClientState(): setting capture size 1920x1200
[2022-08-10 17:05:31] SynchronizeClientState(): setting title to HITMAN 2
[2022-08-10 17:05:31] SynchronizeClientState(): setting icon 32x32
[2022-08-10 17:05:31] SynchronizeClientState(): setting cursor hidden
[2022-08-10 17:05:31] SynchronizeClientState(): setting keymap
[2022-08-10 17:05:31] SynchronizeClientState(): setting activity to k_EStreamActivityGame: HITMAN™ 2
[2022-08-10 17:05:31] CLIENT: Got control packet k_EStreamControlSetQoS
[2022-08-10 17:05:31] CLIENT: Got control packet k_EStreamControlSetTargetBitrate
[2022-08-10 17:05:31] >>> Capture method set to Game polled D3D11 NV12 + NVENC H264
[2022-08-10 17:05:31] >>> Capture resolution set to 1920x1200
[2022-08-10 17:05:31] >>> Capture colorspace set to BT.601 limited range
[2022-08-10 17:05:31] CLIENT: Starting audio stream: frequency=48000, channels=2
[2022-08-10 17:05:31] CLIENT: Opened audio device: format=2, channels=2, frequency=48000
[2022-08-10 17:05:31] CLIENT: Initialized audio decoder: codec=3, sample rate=48000, channels=2
[2022-08-10 17:05:31] CLIENT: Got control packet k_EStreamControlStartAudioData
[2022-08-10 17:05:31] CLIENT: Got control packet k_EStreamControlSetSpectatorMode
[2022-08-10 17:05:31] CLIENT: Got control packet k_EStreamControlSetCaptureSize
[2022-08-10 17:05:31] CLIENT: Got control packet k_EStreamControlSetTitle
[2022-08-10 17:05:31] CLIENT: Got control packet k_EStreamControlSetIcon
[2022-08-10 17:05:31] CLIENT: Got control packet k_EStreamControlHideCursor
[2022-08-10 17:05:31] CLIENT: Got control packet k_EStreamControlSetKeymap
[2022-08-10 17:05:31] CLIENT: Got control packet k_EStreamControlSetActivity
[2022-08-10 17:05:31] >>> Client video decoder set to Android texture hardware decoding
[2022-08-10 17:05:31] CLIENT: Android texture hardware decoding
[2022-08-10 17:05:31] CLIENT: Got control packet k_EStreamControlStartVideoData
[2022-08-10 17:05:31] CLIENT: Got control packet k_EStreamControlVideoEncoderInfo
[2022-08-10 17:05:32] CLIENT: SteamNetworkingSockets connection: Connected SDR->mdf1->dfw  Ping: 125ms IN: 135.4kbit 49.9 pkt/s qual 99.6OUT: 85.0kbit 30.6 pkt/s qual 100.0
[2022-08-10 17:05:32] Slow framerate: game 17.18, capture 1.78, convert 1.71, encode 8.05, network 64.94, decode 1.01, display 0.00 (network)
[2022-08-10 17:05:32] Setting target framerate: 60.00 [timing: game 17.18, capture 1.78, convert 1.71, encode 8.05, network 64.94, decode 1.01, display 0.00 (network)]
[2022-08-10 17:05:32] CLIENT: [SteamNetworkingSockets] Ping measurement completed
[2022-08-10 17:05:32] CLIENT: [SteamNetworkingSockets] Ping location: mdf1=75+7,dfw=131+13/76+7,ord=98+9/96+7,atl=103+10/100+7,lax=123+12/109+7,iad=112+11/111+7,sea=126+12/130+7,lhr=173+17/178+7,par=180+18/179+7,fra=181+18,gru=215+21/216+21,sgp=283+28/291+20
[2022-08-10 17:05:32] CLIENT: [SteamNetworkingSockets] SDR RelayNetworkStatus:  avail=OK  config=OK  anyrelay=OK   (OK)
[2022-08-10 17:05:32] CLIENT: Targeting 60.00 FPS
[2022-08-10 17:05:32] CLIENT: Got control packet k_EStreamControlSetTargetFramerate
[2022-08-10 17:05:33] Bitrate adapter: state = 1, minRTT = 117, maxRTT = 127, gain = 2.00, bitrate = 5000
[2022-08-10 17:05:33] Slow framerate: game 21.92, capture 0.19, convert 0.00, encode 7.05, network 64.22, decode 1.85, display 0.00 (network)
[2022-08-10 17:05:33] CLIENT: BSubmitFrame(): No input buffer available
[2022-08-10 17:05:33] CLIENT: Marking frame 28 complete with status k_EStreamFrameResultDroppedReset
[2022-08-10 17:05:33] CLIENT: BSubmitFrame(): No input buffer available
[2022-08-10 17:05:33] CLIENT: Marking frame 29 complete with status k_EStreamFrameResultDroppedReset
[2022-08-10 17:05:33] CLIENT: Video overflow (195.14ms queued), requesting keyframe synchronization
[2022-08-10 17:05:33] CLIENT: Android texture hardware decoding
[2022-08-10 17:05:33] CLIENT: Got control packet k_EStreamControlControllerConfigMsg
[2022-08-10 17:05:33] CLIENT: Got control packet k_EStreamControlControllerConfigMsg
[2022-08-10 17:05:33] CLIENT: Got control packet k_EStreamControlControllerConfigMsg
[2022-08-10 17:05:33] CLIENT: Got control packet k_EStreamControlTouchActionSetActive
[2022-08-10 17:05:33] CLIENT: Got control packet k_EStreamControlTouchActionSetActive
[2022-08-10 17:05:33] CLIENT: Got control packet k_EStreamControlTouchActionSetActive
[2022-08-10 17:05:33] CLIENT: Got control packet k_EStreamControlTouchConfigActive
[2022-08-10 17:05:33] CLIENT: Didn't get keyframe, resending lost data notification
[2022-08-10 17:05:33] CLIENT: Got control packet k_EStreamControlControllerConfigMsg
[2022-08-10 17:05:33] CLIENT: Got control packet k_EStreamControlControllerConfigMsg
[2022-08-10 17:05:33] CLIENT: Got control packet k_EStreamControlTouchActionSetActive
[2022-08-10 17:05:33] CLIENT: Got control packet k_EStreamControlTouchActionSetActive
[2022-08-10 17:05:33] CLIENT: Got control packet k_EStreamControlTouchActionSetActive
[2022-08-10 17:05:33] CLIENT: Video rect: 2325x1046 at 0,17
[2022-08-10 17:05:33] CLIENT: Texture rect: 2400x1080 at 0,0
[2022-08-10 17:05:33] CLIENT: Got control packet k_EStreamControlSetTouchConfigData
[2022-08-10 17:05:33] CLIENT: Got control packet k_EStreamControlTouchConfigActive
[2022-08-10 17:05:33] CLIENT: Got control packet k_EStreamControlTouchConfigActive
[2022-08-10 17:05:33] CLIENT: Got control packet k_EStreamControlTouchConfigActive
[2022-08-10 17:05:33] CLIENT: Got control packet k_EStreamControlTouchConfigActive
[2022-08-10 17:05:33] CLIENT: Marking frame 30 complete with status k_EStreamFrameResultDroppedReset
[2022-08-10 17:05:33] CLIENT: Marking frame 31 complete with status k_EStreamFrameResultDroppedReset
[2022-08-10 17:05:33] CLIENT: Marking frame 32 complete with status k_EStreamFrameResultDroppedReset
[2022-08-10 17:05:33] CLIENT: Marking frame 33 complete with status k_EStreamFrameResultDroppedReset
[2022-08-10 17:05:33] CLIENT: Marking frame 34 complete with status k_EStreamFrameResultDroppedReset
[2022-08-10 17:05:33] CLIENT: Marking frame 35 complete with status k_EStreamFrameResultDroppedReset
[2022-08-10 17:05:33] CLIENT: Marking frame 36 complete with status k_EStreamFrameResultDroppedReset
[2022-08-10 17:05:33] CLIENT: Marking frame 37 complete with status k_EStreamFrameResultDroppedReset
[2022-08-10 17:05:33] CLIENT: Marking frame 38 complete with status k_EStreamFrameResultDroppedReset
[2022-08-10 17:05:33] CLIENT: Marking frame 39 complete with status k_EStreamFrameResultDroppedReset
[2022-08-10 17:05:33] CLIENT: Marking frame 40 complete with status k_EStreamFrameResultDroppedReset
[2022-08-10 17:05:33] CLIENT: Marking frame 41 complete with status k_EStreamFrameResultDroppedReset
[2022-08-10 17:05:33] CLIENT: Marking frame 42 complete with status k_EStreamFrameResultDroppedReset
[2022-08-10 17:05:33] CLIENT: Marking frame 43 complete with status k_EStreamFrameResultDroppedReset
[2022-08-10 17:05:33] CLIENT: Marking frame 44 complete with status k_EStreamFrameResultDroppedReset
[2022-08-10 17:05:33] CLIENT: Marking frame 45 complete with status k_EStreamFrameResultDroppedReset
[2022-08-10 17:05:33] CLIENT: Marking frame 46 complete with status k_EStreamFrameResultDroppedReset
[2022-08-10 17:05:33] CLIENT: Marking frame 47 complete with status k_EStreamFrameResultDroppedReset
[2022-08-10 17:05:33] CLIENT: Marking frame 48 complete with status k_EStreamFrameResultDroppedReset
[2022-08-10 17:05:33] CLIENT: Marking frame 49 complete with status k_EStreamFrameResultDroppedReset
[2022-08-10 17:05:33] CLIENT: Marking frame 50 complete with status k_EStreamFrameResultDroppedReset
[2022-08-10 17:05:33] CLIENT: Marking frame 51 complete with status k_EStreamFrameResultDroppedReset
[2022-08-10 17:05:33] CLIENT: Marking frame 52 complete with status k_EStreamFrameResultDroppedReset
[2022-08-10 17:05:33] Bitrate adapter: state = 1, minRTT = 116, maxRTT = 131, gain = 2.00, bitrate = 10000
[2022-08-10 17:05:33] CLIENT: Video rect: 2325x1046 at 0,17
[2022-08-10 17:05:33] CLIENT: Texture rect: 1920x1200 at 0,0
[2022-08-10 17:05:33] CLIENT: Video size: 1920x1200, output size: 2325x1080, overlay size: 2325x1080
[2022-08-10 17:05:33] CLIENT: Video rect: 1728x1080 at 298,0
[2022-08-10 17:05:33] CLIENT: Texture rect: 1920x1200 at 0,0
[2022-08-10 17:05:33] CLIENT: Video rect: 1728x1080 at 298,0
[2022-08-10 17:05:33] CLIENT: Texture rect: 1920x1200 at 0,0
[2022-08-10 17:05:34] Bitrate adapter: state = 2, minRTT = 114, maxRTT = 137, gain = 2.00, bitrate = 20000
[2022-08-10 17:05:34] Slow framerate: game 22.01, capture 0.66, convert 0.00, encode 8.30, network 71.34, decode 22.69, display 0.00 (network)
[2022-08-10 17:05:35] Slow framerate: game 26.64, capture 0.71, convert 0.01, encode 8.32, network 61.03, decode 1.21, display 20.04 (network)
[2022-08-10 17:05:36] Slow framerate: game 33.59, capture 0.64, convert 0.01, encode 8.01, network 61.82, decode 1.16, display 35.26 (network) (display)
[2022-08-10 17:05:36] Setting target framerate: 60.00 [timing: game 33.59, capture 0.64, convert 0.01, encode 8.01, network 61.82, decode 1.16, display 35.26 (network) (display)]
[2022-08-10 17:05:36] CLIENT: Targeting 60.00 FPS
[2022-08-10 17:05:36] CLIENT: Got control packet k_EStreamControlSetTargetFramerate
[2022-08-10 17:05:37] Slow framerate: game 31.84, capture 0.68, convert 0.01, encode 9.55, network 62.81, decode 1.24, display 17.22 (network)
[2022-08-10 17:05:37] Setting target framerate: 60.00 [timing: game 31.84, capture 0.68, convert 0.01, encode 9.55, network 62.81, decode 1.24, display 17.22 (network)]
[2022-08-10 17:05:37] CLIENT: SteamNetworkingSockets connection: Connected SDR->mdf1->dfw  Ping: 125ms IN: 782.1kbit 313.7 pkt/s qual 100.0OUT: 223.5kbit 256.9 pkt/s qual 100.0
[2022-08-10 17:05:37] CLIENT: Targeting 60.00 FPS
[2022-08-10 17:05:37] CLIENT: Got control packet k_EStreamControlSetTargetFramerate
[2022-08-10 17:05:38] Bitrate adapter: state = 2, minRTT = 114, maxRTT = 139, gain = 1.25, bitrate = 25000
[2022-08-10 17:05:38] Slow framerate: game 33.55, capture 0.70, convert 0.01, encode 8.91, network 61.93, decode 1.21, display 34.55 (network) (display)
[2022-08-10 17:05:38] Setting target framerate: 60.00 [timing: game 33.55, capture 0.70, convert 0.01, encode 8.91, network 61.93, decode 1.21, display 34.55 (network) (display)]
[2022-08-10 17:05:38] CLIENT: Targeting 60.00 FPS
[2022-08-10 17:05:38] CLIENT: Got control packet k_EStreamControlSetTargetFramerate
[2022-08-10 17:05:39] Slow framerate: game 29.94, capture 0.69, convert 0.01, encode 8.43, network 60.82, decode 1.27, display 27.71 (network)
[2022-08-10 17:05:39] Setting target framerate: 60.00 [timing: game 29.94, capture 0.69, convert 0.01, encode 8.43, network 60.82, decode 1.27, display 27.71 (network)]
[2022-08-10 17:05:39] CLIENT: Targeting 60.00 FPS
[2022-08-10 17:05:39] CLIENT: Got control packet k_EStreamControlSetTargetFramerate
[2022-08-10 17:05:40] Slow framerate: game 34.68, capture 0.68, convert 0.00, encode 8.40, network 62.09, decode 1.33, display 37.26 (game) (network) (display)
[2022-08-10 17:05:40] Setting target framerate: 60.00 [timing: game 34.68, capture 0.68, convert 0.00, encode 8.40, network 62.09, decode 1.33, display 37.26 (game) (network) (display)]
[2022-08-10 17:05:40] CLIENT: Targeting 60.00 FPS
[2022-08-10 17:05:40] CLIENT: Got control packet k_EStreamControlSetTargetFramerate
[2022-08-10 17:05:41] Bitrate adapter: state = 2, minRTT = 114, maxRTT = 199, gain = 0.75, bitrate = 18750
[2022-08-10 17:05:41] Slow framerate: game 31.72, capture 0.67, convert 0.01, encode 10.17, network 74.59, decode 1.29, display 27.86 (network)
[2022-08-10 17:05:41] Setting target framerate: 60.00 [timing: game 31.72, capture 0.67, convert 0.01, encode 10.17, network 74.59, decode 1.29, display 27.86 (network)]
[2022-08-10 17:05:41] CLIENT: Targeting 60.00 FPS
[2022-08-10 17:05:41] CLIENT: Got control packet k_EStreamControlSetTargetFramerate
[2022-08-10 17:05:41] CLIENT: [SteamNetworkingSockets] ICE: ICE completed
[2022-08-10 17:05:42] Slow framerate: game 38.89, capture 0.58, convert 0.00, encode 9.45, network 62.81, decode 1.16, display 4.86 (game) (network)
[2022-08-10 17:05:42] Setting target framerate: 60.00 [timing: game 38.89, capture 0.58, convert 0.00, encode 9.45, network 62.81, decode 1.16, display 4.86 (game) (network)]
[2022-08-10 17:05:42] CLIENT: SteamNetworkingSockets connection: Connected SDR->mdf1->dfw  Ping: 127ms IN: 808.8kbit 335.8 pkt/s qual 98.0OUT: 293.1kbit 333.6 pkt/s qual 100.0
[2022-08-10 17:05:42] CLIENT: Targeting 60.00 FPS
[2022-08-10 17:05:42] CLIENT: Got control packet k_EStreamControlSetTargetFramerate
[2022-08-10 17:05:43] Slow framerate: game 35.57, capture 0.69, convert 0.00, encode 9.61, network 63.70, decode 1.36, display 5.28 (game) (network)
[2022-08-10 17:05:44] Slow framerate: game 36.21, capture 0.56, convert 0.00, encode 8.61, network 64.98, decode 1.22, display 39.43 (game) (network) (display)
[2022-08-10 17:05:44] Setting target framerate: 60.00 [timing: game 36.21, capture 0.56, convert 0.00, encode 8.61, network 64.98, decode 1.22, display 39.43 (game) (network) (display)]
[2022-08-10 17:05:44] CLIENT: Targeting 60.00 FPS
[2022-08-10 17:05:44] CLIENT: Got control packet k_EStreamControlSetTargetFramerate
[2022-08-10 17:05:45] Bitrate adapter: state = 2, minRTT = 115, maxRTT = 142, gain = 1.25, bitrate = 23437
[2022-08-10 17:05:45] Slow framerate: game 40.53, capture 0.70, convert 0.00, encode 12.02, network 65.70, decode 1.30, display 30.77 (game) (network)
[2022-08-10 17:05:45] Setting target framerate: 60.00 [timing: game 40.53, capture 0.70, convert 0.00, encode 12.02, network 65.70, decode 1.30, display 30.77 (game) (network)]
[2022-08-10 17:05:45] CLIENT: Targeting 60.00 FPS
[2022-08-10 17:05:45] CLIENT: Got control packet k_EStreamControlSetTargetFramerate
[2022-08-10 17:05:46] Slow framerate: game 44.19, capture 0.69, convert 0.02, encode 13.86, network 66.33, decode 1.37, display 55.82 (game) (network) (display)
[2022-08-10 17:05:46] Setting target framerate: 60.00 [timing: game 44.19, capture 0.69, convert 0.02, encode 13.86, network 66.33, decode 1.37, display 55.82 (game) (network) (display)]
[2022-08-10 17:05:46] CLIENT: Targeting 60.00 FPS
[2022-08-10 17:05:46] CLIENT: Got control packet k_EStreamControlSetTargetFramerate
[2022-08-10 17:05:47] Slow framerate: game 48.60, capture 0.58, convert 0.00, encode 12.79, network 65.13, decode 1.34, display 70.21 (game) (network) (display)
[2022-08-10 17:05:47] CLIENT: SteamNetworkingSockets connection: Connected SDR->mdf1->dfw  Ping: 127ms IN: 709.0kbit 321.5 pkt/s qual 99.9OUT: 283.4kbit 327.7 pkt/s qual 74.0
[2022-08-10 17:05:48] Bitrate adapter: state = 2, minRTT = 114, maxRTT = 168, gain = 0.75, bitrate = 17577
[2022-08-10 17:05:48] Slow framerate: game 48.87, capture 0.52, convert 0.00, encode 11.42, network 76.22, decode 1.38, display 51.32 (game) (network) (display)
[2022-08-10 17:05:49] Slow framerate: game 48.04, capture 0.65, convert 0.00, encode 11.77, network 66.94, decode 1.42, display 27.54 (game) (network)
[2022-08-10 17:05:49] Setting target framerate: 60.00 [timing: game 48.04, capture 0.65, convert 0.00, encode 11.77, network 66.94, decode 1.42, display 27.54 (game) (network)]
[2022-08-10 17:05:49] CLIENT: Targeting 60.00 FPS
[2022-08-10 17:05:49] CLIENT: Got control packet k_EStreamControlSetTargetFramerate
[2022-08-10 17:05:50] Slow framerate: game 37.58, capture 0.60, convert 0.00, encode 12.49, network 70.88, decode 1.23, display 5.35 (game) (network)
[2022-08-10 17:05:51] Slow framerate: game 36.30, capture 0.65, convert 0.01, encode 11.25, network 72.52, decode 1.27, display 49.28 (game) (network) (display)
[2022-08-10 17:05:51] Setting target framerate: 60.00 [timing: game 36.30, capture 0.65, convert 0.01, encode 11.25, network 72.52, decode 1.27, display 49.28 (game) (network) (display)]
[2022-08-10 17:05:51] CLIENT: Targeting 60.00 FPS
[2022-08-10 17:05:51] CLIENT: Got control packet k_EStreamControlSetTargetFramerate
[2022-08-10 17:05:52] Bitrate adapter: state = 2, minRTT = 114, maxRTT = 137, gain = 1.25, bitrate = 21971
[2022-08-10 17:05:52] Slow framerate: game 31.80, capture 0.57, convert 0.00, encode 11.59, network 64.50, decode 1.41, display 40.63 (network) (display)
[2022-08-10 17:05:52] Setting target framerate: 60.00 [timing: game 31.80, capture 0.57, convert 0.00, encode 11.59, network 64.50, decode 1.41, display 40.63 (network) (display)]
[2022-08-10 17:05:52] CLIENT: SteamNetworkingSockets connection: Connected SDR->mdf1->dfw  Ping: 128ms IN: 703.3kbit 318.8 pkt/s qual 99.8OUT: 314.5kbit 346.0 pkt/s qual 74.0
[2022-08-10 17:05:52] CLIENT: Targeting 60.00 FPS
[2022-08-10 17:05:52] CLIENT: Got control packet k_EStreamControlSetTargetFramerate
[2022-08-10 17:05:53] Slow framerate: game 36.93, capture 0.66, convert 0.00, encode 11.95, network 65.73, decode 1.27, display 32.79 (game) (network)
[2022-08-10 17:05:53] Setting target framerate: 60.00 [timing: game 36.93, capture 0.66, convert 0.00, encode 11.95, network 65.73, decode 1.27, display 32.79 (game) (network)]
[2022-08-10 17:05:54] CLIENT: Targeting 60.00 FPS
[2022-08-10 17:05:54] CLIENT: Got control packet k_EStreamControlSetTargetFramerate
[2022-08-10 17:05:54] Slow framerate: game 35.02, capture 0.58, convert 0.00, encode 10.31, network 66.47, decode 1.39, display 45.76 (game) (network) (display)
[2022-08-10 17:05:54] Setting target framerate: 60.00 [timing: game 35.02, capture 0.58, convert 0.00, encode 10.31, network 66.47, decode 1.39, display 45.76 (game) (network) (display)]
[2022-08-10 17:05:54] CLIENT: Targeting 60.00 FPS
[2022-08-10 17:05:54] CLIENT: Got control packet k_EStreamControlSetTargetFramerate
[2022-08-10 17:05:55] Slow framerate: game 42.19, capture 0.56, convert 0.00, encode 11.09, network 64.37, decode 1.43, display 38.36 (game) (network) (display)
[2022-08-10 17:05:56] Bitrate adapter: state = 2, minRTT = 118, maxRTT = 137, gain = 1.25, bitrate = 27463
[2022-08-10 17:05:56] Slow framerate: game 45.10, capture 0.63, convert 0.01, encode 9.78, network 63.77, decode 1.24, display 46.29 (game) (network) (display)
[2022-08-10 17:05:57] Slow framerate: game 51.26, capture 0.56, convert 0.00, encode 11.35, network 64.69, decode 1.30, display 61.86 (game) (network) (display)
[2022-08-10 17:05:57] CLIENT: SteamNetworkingSockets connection: Connected SDR->mdf1->dfw  Ping: 123ms IN: 597.6kbit 311.5 pkt/s qual 100.0OUT: 273.7kbit 319.1 pkt/s qual 74.0
[2022-08-10 17:05:58] Slow framerate: game 47.45, capture 0.59, convert 0.01, encode 12.43, network 65.75, decode 1.43, display 44.66 (game) (network) (display)
[2022-08-10 17:06:00] Slow framerate: game 50.28, capture 0.68, convert 0.00, encode 9.15, network 66.95, decode 1.27, display 44.44 (game) (network) (display)
[2022-08-10 17:06:00] Bitrate adapter: state = 2, minRTT = 119, maxRTT = 140, gain = 1.25, bitrate = 34328
[2022-08-10 17:06:01] Slow framerate: game 46.62, capture 0.54, convert 0.01, encode 9.10, network 66.35, decode 1.43, display 50.81 (game) (network) (display)
[2022-08-10 17:06:01] Slow framerate: game 51.22, capture 0.69, convert 0.00, encode 10.95, network 62.91, decode 1.30, display 4.96 (game) (network)
[2022-08-10 17:06:01] Setting target framerate: 60.00 [timing: game 51.22, capture 0.69, convert 0.00, encode 10.95, network 62.91, decode 1.30, display 4.96 (game) (network)]
[2022-08-10 17:06:02] CLIENT: Targeting 60.00 FPS
[2022-08-10 17:06:02] CLIENT: Got control packet k_EStreamControlSetTargetFramerate
[2022-08-10 17:06:03] Slow framerate: game 46.43, capture 0.71, convert 0.00, encode 8.13, network 61.64, decode 1.43, display 20.23 (game) (network)
[2022-08-10 17:06:03] CLIENT: SteamNetworkingSockets connection: Connected SDR->mdf1->dfw  Ping: 132ms IN: 694.3kbit 315.6 pkt/s qual 99.9OUT: 267.9kbit 312.2 pkt/s qual 74.0
[2022-08-10 17:06:04] Slow framerate: game 42.02, capture 0.56, convert 0.00, encode 9.30, network 63.39, decode 1.00, display 46.69 (game) (network) (display)
[2022-08-10 17:06:04] Setting target framerate: 60.00 [timing: game 42.02, capture 0.56, convert 0.00, encode 9.30, network 63.39, decode 1.00, display 46.69 (game) (network) (display)]
[2022-08-10 17:06:04] CLIENT: Targeting 60.00 FPS
[2022-08-10 17:06:04] CLIENT: Got control packet k_EStreamControlSetTargetFramerate
[2022-08-10 17:06:04] Bitrate adapter: state = 2, minRTT = 118, maxRTT = 134, gain = 1.25, bitrate = 42910
[2022-08-10 17:06:05] Slow framerate: game 40.66, capture 0.53, convert 0.00, encode 7.58, network 65.33, decode 1.42, display 45.48 (game) (network) (display)
[2022-08-10 17:06:06] Slow framerate: game 49.28, capture 0.57, convert 0.00, encode 8.53, network 62.15, decode 1.39, display 57.30 (game) (network) (display)
[2022-08-10 17:06:06] CLIENT: [SteamNetworkingSockets] [#1206256044 P2P SDR steamid:76561199378814893 vport 0] SDR routing message updated, revision 5.  (POP 'mdf1' last sent ping 80 is outside ping range 88-96 (3 buckets))
[2022-08-10 17:06:07] Slow framerate: game 40.39, capture 0.56, convert 0.00, encode 11.19, network 64.53, decode 1.45, display 50.78 (game) (network) (display)
[2022-08-10 17:06:08] Slow framerate: game 49.00, capture 0.61, convert 0.01, encode 9.88, network 63.50, decode 1.25, display 50.98 (game) (network) (display)
[2022-08-10 17:06:08] CLIENT: SteamNetworkingSockets connection: Connected SDR->mdf1->dfw  Ping: 134ms IN: 643.7kbit 313.4 pkt/s qual 100.0OUT: 268.9kbit 320.2 pkt/s qual 71.0
[2022-08-10 17:06:08] Bitrate adapter: state = 2, minRTT = 118, maxRTT = 132, gain = 1.25, bitrate = 53637
[2022-08-10 17:06:09] Slow framerate: game 49.17, capture 0.51, convert 0.01, encode 11.26, network 64.92, decode 1.30, display 66.71 (game) (network) (display)
[2022-08-10 17:06:10] Slow framerate: game 61.00, capture 0.66, convert 0.01, encode 11.42, network 66.74, decode 1.22, display 10.47 (game) (network)
[2022-08-10 17:06:10] Setting target framerate: 60.00 [timing: game 61.00, capture 0.66, convert 0.01, encode 11.42, network 66.74, decode 1.22, display 10.47 (game) (network)]
[2022-08-10 17:06:10] CLIENT: Targeting 60.00 FPS
[2022-08-10 17:06:10] CLIENT: Got control packet k_EStreamControlSetTargetFramerate
[2022-08-10 17:06:11] Slow framerate: game 69.17, capture 0.46, convert 0.00, encode 10.18, network 68.44, decode 1.27, display 9.34 (game) (network)
[2022-08-10 17:06:12] Slow framerate: game 59.80, capture 0.41, convert 0.01, encode 13.26, network 64.18, decode 1.30, display 7.18 (game) (network)
[2022-08-10 17:06:12] Bitrate adapter: state = 2, minRTT = 119, maxRTT = 132, gain = 1.25, bitrate = 67046
[2022-08-10 17:06:12] Audio mix: start=264042315661, returned=11516640
[2022-08-10 17:06:13] Slow framerate: game 63.08, capture 0.55, convert 0.00, encode 13.63, network 64.06, decode 1.33, display 5.75 (game) (network)
[2022-08-10 17:06:13] CLIENT: SteamNetworkingSockets connection: Connected SDR->mdf1->dfw  Ping: 130ms IN: 595.5kbit 303.7 pkt/s qual 99.9OUT: 286.0kbit 336.9 pkt/s qual 71.0
[2022-08-10 17:06:14] Slow framerate: game 58.49, capture 0.54, convert 0.00, encode 13.60, network 67.77, decode 1.33, display 5.33 (game) (network)
[2022-08-10 17:06:15] Slow framerate: game 57.62, capture 0.49, convert 0.00, encode 13.30, network 63.68, decode 1.50, display 7.12 (game) (network)
[2022-08-10 17:06:16] Slow framerate: game 61.78, capture 0.52, convert 0.00, encode 13.24, network 63.12, decode 1.25, display 6.18 (game) (network)
[2022-08-10 17:06:16] Bitrate adapter: state = 2, minRTT = 119, maxRTT = 130, gain = 1.25, bitrate = 83807
[2022-08-10 17:06:17] Slow framerate: game 58.31, capture 0.48, convert 0.00, encode 12.75, network 64.81, decode 1.55, display 6.73 (game) (network)
[2022-08-10 17:06:18] Slow framerate: game 58.03, capture 0.37, convert 0.01, encode 12.53, network 63.00, decode 1.43, display 6.65 (game) (network)
[2022-08-10 17:06:18] CLIENT: SteamNetworkingSockets connection: Connected SDR->mdf1->dfw  Ping: 125ms IN: 560.6kbit 297.9 pkt/s qual 100.0OUT: 307.2kbit 348.7 pkt/s qual 71.0
[2022-08-10 17:06:19] Slow framerate: game 60.75, capture 0.60, convert 0.01, encode 13.40, network 65.11, decode 1.36, display 5.16 (game) (network)
[2022-08-10 17:06:20] Slow framerate: game 56.79, capture 0.57, convert 0.00, encode 13.23, network 64.76, decode 1.16, display 5.02 (game) (network)
[2022-08-10 17:06:21] Slow framerate: game 59.38, capture 0.50, convert 0.01, encode 12.94, network 65.24, decode 1.38, display 6.72 (game) (network)
[2022-08-10 17:06:22] Slow framerate: game 54.96, capture 0.49, convert 0.00, encode 12.01, network 66.29, decode 1.23, display 5.51 (game) (network)
[2022-08-10 17:06:23] Slow framerate: game 59.21, capture 0.55, convert 0.00, encode 12.01, network 65.53, decode 1.60, display 6.84 (game) (network)
[2022-08-10 17:06:23] CLIENT: SteamNetworkingSockets connection: Connected SDR->mdf1->dfw  Ping: 129ms IN: 520.8kbit 293.0 pkt/s qual 99.8OUT: 322.0kbit 352.6 pkt/s qual 71.0
[2022-08-10 17:06:24] Slow framerate: game 51.85, capture 0.52, convert 0.00, encode 12.97, network 66.50, decode 1.03, display 6.49 (game) (network)
[2022-08-10 17:06:25] Slow framerate: game 54.02, capture 0.56, convert 0.00, encode 11.54, network 65.81, decode 1.35, display 5.51 (game) (network)
[2022-08-10 17:06:25] Bitrate adapter: state = 2, minRTT = 118, maxRTT = 175, gain = 0.75, bitrate = 75000
[2022-08-10 17:06:26] Slow framerate: game 58.81, capture 0.52, convert 0.01, encode 12.48, network 70.22, decode 1.37, display 5.86 (game) (network)
[2022-08-10 17:06:27] Slow framerate: game 56.30, capture 0.49, convert 0.00, encode 13.21, network 59.37, decode 1.38, display 5.01 (game) (network)
[2022-08-10 17:06:28] Slow framerate: game 61.51, capture 0.51, convert 0.00, encode 12.90, network 62.99, decode 1.33, display 6.50 (game) (network)
[2022-08-10 17:06:28] CLIENT: SteamNetworkingSockets connection: Connected SDR->mdf1->dfw  Ping: 129ms IN: 473.6kbit 288.7 pkt/s qual 99.9OUT: 276.3kbit 321.7 pkt/s qual 69.0
[2022-08-10 17:06:29] Slow framerate: game 66.90, capture 0.51, convert 0.01, encode 13.16, network 61.94, decode 1.51, display 78.66 (game) (network) (display)
[2022-08-10 17:06:29] Setting target framerate: 60.00 [timing: game 66.90, capture 0.51, convert 0.01, encode 13.16, network 61.94, decode 1.51, display 78.66 (game) (network) (display)]
[2022-08-10 17:06:29] CLIENT: Targeting 60.00 FPS
[2022-08-10 17:06:29] CLIENT: Got control packet k_EStreamControlSetTargetFramerate
[2022-08-10 17:06:29] Bitrate adapter: state = 2, minRTT = 116, maxRTT = 131, gain = 1.25, bitrate = 93750
[2022-08-10 17:06:30] Slow framerate: game 71.75, capture 0.47, convert 0.01, encode 13.30, network 63.05, decode 1.37, display 73.61 (game) (network) (display)
[2022-08-10 17:06:31] Slow framerate: game 66.87, capture 0.51, convert 0.01, encode 13.31, network 64.13, decode 1.54, display 7.68 (game) (network)
[2022-08-10 17:06:31] Setting target framerate: 60.00 [timing: game 66.87, capture 0.51, convert 0.01, encode 13.31, network 64.13, decode 1.54, display 7.68 (game) (network)]
[2022-08-10 17:06:31] CLIENT: Targeting 60.00 FPS
[2022-08-10 17:06:31] CLIENT: Got control packet k_EStreamControlSetTargetFramerate
[2022-08-10 17:06:32] Slow framerate: game 53.93, capture 0.49, convert 0.00, encode 13.41, network 60.07, decode 1.21, display 6.34 (game) (network)
[2022-08-10 17:06:33] Slow framerate: game 52.30, capture 0.60, convert 0.00, encode 13.59, network 61.97, decode 1.30, display 6.21 (game) (network)
[2022-08-10 17:06:33] CLIENT: SteamNetworkingSockets connection: Connected SDR->mdf1->dfw  Ping: 127ms IN: 483.5kbit 290.6 pkt/s qual 99.9OUT: 273.4kbit 328.0 pkt/s qual 69.0
[2022-08-10 17:06:33] Bitrate adapter: state = 2, minRTT = 115, maxRTT = 138, gain = 1.25, bitrate = 100000
[2022-08-10 17:06:34] Slow framerate: game 51.72, capture 0.46, convert 0.01, encode 11.97, network 63.78, decode 1.35, display 7.77 (game) (network)
[2022-08-10 17:06:35] Slow framerate: game 43.24, capture 0.57, convert 0.00, encode 12.64, network 65.23, decode 1.22, display 8.51 (game) (network)
[2022-08-10 17:06:36] Slow framerate: game 45.62, capture 0.59, convert 0.00, encode 13.90, network 63.90, decode 1.49, display 7.01 (game) (network)
[2022-08-10 17:06:37] Slow framerate: game 46.52, capture 0.49, convert 0.00, encode 13.03, network 62.65, decode 1.04, display 5.81 (game) (network)
[2022-08-10 17:06:38] Slow framerate: game 46.77, capture 0.55, convert 0.00, encode 13.50, network 67.66, decode 1.34, display 6.96 (game) (network)
[2022-08-10 17:06:38] CLIENT: SteamNetworkingSockets connection: Connected SDR->mdf1->dfw  Ping: 121ms IN: 405.5kbit 278.0 pkt/s qual 100.0OUT: 259.1kbit 310.5 pkt/s qual 69.0
[2022-08-10 17:06:38] CLIENT: [SteamNetworkingSockets] [#1206256044 P2P SDR steamid:76561199378814893 vport 0] Received request to migrate to 162.213.192.58:27033 from mdf1#43 (162.213.192.66:27027).
[2022-08-10 17:06:38] CLIENT: [SteamNetworkingSockets] [#1206256044 P2P SDR steamid:76561199378814893 vport 0] Started migration to mdf1#19 (162.213.192.58:27033) at request of current primary mdf1#43 (162.213.192.66:27027)
[2022-08-10 17:06:38] CLIENT: [SteamNetworkingSockets] Relay mdf1#19 (162.213.192.58:27033) is going offline in 460 seconds
[2022-08-10 17:06:38] CLIENT: [SteamNetworkingSockets] [#1206256044 P2P SDR steamid:76561199378814893 vport 0] SDR routing message updated, revision 6.  (POP 'mdf1' last sent ping 91 is outside ping range 80-90 (5 buckets))
[2022-08-10 17:06:38] CLIENT: [SteamNetworkingSockets] [#1206256044 P2P SDR steamid:76561199378814893 vport 0] Requesting session from mdf1#19 (162.213.192.58:27033).  Ping = 121 = 80+0+41 (front+interior+remote).
[2022-08-10 17:06:38] CLIENT: [SteamNetworkingSockets] [#1206256044 P2P SDR steamid:76561199378814893 vport 0] Received P2PSessionEstablished from mdf1#19 (162.213.192.58:27033), token @4fba
[2022-08-10 17:06:38] CLIENT: [SteamNetworkingSockets] [#1206256044 P2P SDR steamid:76561199378814893 vport 0] Switched primary to mdf1#19 (162.213.192.58:27033) (Ping = 121 = 80+0+41 (front+interior+remote).  Offline in 459s.  Migration target.) from mdf1#43 (162.213.192.66:27027) (Ping = 121 = 80+0+41 (front+interior+remote).  Requested migration.)
[2022-08-10 17:06:38] CLIENT: [SteamNetworkingSockets] [#1206256044 P2P SDR steamid:76561199378814893 vport 0] Selecting sea#148 (205.196.6.213:27024) as backup #1 (Ping = 134 = 126+0+8 (front+interior+remote).)
[2022-08-10 17:06:39] CLIENT: [SteamNetworkingSockets] [#1206256044 P2P SDR steamid:76561199378814893 vport 0] SDR routing message updated, revision 7.  (POP 'mdf1' session changed)
[2022-08-10 17:06:39] Slow framerate: game 50.60, capture 0.51, convert 0.00, encode 13.41, network 64.35, decode 1.12, display 6.20 (game) (network)
[2022-08-10 17:06:40] Slow framerate: game 44.94, capture 0.59, convert 0.00, encode 13.63, network 54.42, decode 1.57, display 28.07 (game) (network)
[2022-08-10 17:06:41] Slow framerate: game 48.91, capture 0.45, convert 0.00, encode 13.07, network 55.24, decode 1.33, display 77.09 (game) (network) (display)
[2022-08-10 17:06:41] Setting target framerate: 60.00 [timing: game 48.91, capture 0.45, convert 0.00, encode 13.07, network 55.24, decode 1.33, display 77.09 (game) (network) (display)]
[2022-08-10 17:06:41] CLIENT: Targeting 60.00 FPS
[2022-08-10 17:06:41] CLIENT: Got control packet k_EStreamControlSetTargetFramerate
[2022-08-10 17:06:42] Slow framerate: game 56.87, capture 0.37, convert 0.01, encode 12.85, network 57.22, decode 1.48, display 79.75 (game) (network) (display)
[2022-08-10 17:06:43] Slow framerate: game 58.68, capture 0.47, convert 0.00, encode 13.05, network 57.44, decode 1.29, display 77.71 (game) (network) (display)
[2022-08-10 17:06:43] CLIENT: SteamNetworkingSockets connection: Connected SDR->mdf1->dfw  Ping: 115ms IN: 448.6kbit 285.6 pkt/s qual 99.9OUT: 248.7kbit 290.8 pkt/s qual 69.0
[2022-08-10 17:06:44] Slow framerate: game 60.91, capture 0.47, convert 0.00, encode 13.46, network 57.30, decode 1.42, display 80.16 (game) (network) (display)
[2022-08-10 17:06:46] Slow framerate: game 57.89, capture 0.41, convert 0.02, encode 13.01, network 54.41, decode 1.29, display 66.43 (game) (network) (display)
[2022-08-10 17:06:46] Slow framerate: game 60.61, capture 0.47, convert 0.00, encode 13.37, network 57.28, decode 1.38, display 70.37 (game) (network) (display)
[2022-08-10 17:06:48] Slow framerate: game 62.11, capture 0.46, convert 0.01, encode 12.89, network 66.61, decode 1.41, display 61.27 (game) (network) (display)
[2022-08-10 17:06:48] Slow framerate: game 61.88, capture 0.34, convert 0.00, encode 12.88, network 60.46, decode 1.37, display 7.32 (game) (network)
[2022-08-10 17:06:48] Setting target framerate: 60.00 [timing: game 61.88, capture 0.34, convert 0.00, encode 12.88, network 60.46, decode 1.37, display 7.32 (game) (network)]
[2022-08-10 17:06:48] CLIENT: SteamNetworkingSockets connection: Connected SDR->mdf1->dfw  Ping: 111ms IN: 500.0kbit 286.1 pkt/s qual 100.0OUT: 217.9kbit 269.3 pkt/s qual 70.0
[2022-08-10 17:06:49] CLIENT: Targeting 60.00 FPS
[2022-08-10 17:06:49] CLIENT: Got control packet k_EStreamControlSetTargetFramerate
[2022-08-10 17:06:50] Slow framerate: game 53.62, capture 0.55, convert 0.00, encode 13.75, network 56.65, decode 1.21, display 29.72 (game) (network)
[2022-08-10 17:06:51] Slow framerate: game 53.56, capture 0.57, convert 0.00, encode 13.23, network 55.02, decode 1.73, display 34.71 (game) (network) (display)
[2022-08-10 17:06:51] Setting target framerate: 60.00 [timing: game 53.56, capture 0.57, convert 0.00, encode 13.23, network 55.02, decode 1.73, display 34.71 (game) (network) (display)]
[2022-08-10 17:06:51] CLIENT: Targeting 60.00 FPS
[2022-08-10 17:06:51] CLIENT: Got control packet k_EStreamControlSetTargetFramerate
[2022-08-10 17:06:51] CLIENT: [SteamNetworkingSockets] [#1206256044 P2P SDR steamid:76561199378814893 vport 0] Switched primary to mdf1#43 (162.213.192.66:27027) (Ping = 122 = 80+1+41 (front+interior+remote).) from mdf1#19 (162.213.192.58:27033) (Ping = 122 = 80+1+41 (front+interior+remote).  Offline in 447s.)
[2022-08-10 17:06:51] CLIENT: [SteamNetworkingSockets] [#1206256044 P2P SDR steamid:76561199378814893 vport 0] Selecting sea#148 (205.196.6.213:27024) as backup #1 (Ping = 134 = 126+0+8 (front+interior+remote).)
[2022-08-10 17:06:51] CLIENT: [SteamNetworkingSockets] [#1206256044 P2P SDR steamid:76561199378814893 vport 0] SDR routing message updated, revision 8.  (POP 'mdf1' session changed)
[2022-08-10 17:06:52] Slow framerate: game 53.02, capture 0.47, convert 0.00, encode 13.12, network 60.96, decode 1.25, display 52.82 (game) (network) (display)
[2022-08-10 17:06:53] Slow framerate: game 56.11, capture 0.56, convert 0.01, encode 13.07, network 62.55, decode 1.40, display 70.51 (game) (network) (display)
[2022-08-10 17:06:54] Slow framerate: game 58.55, capture 0.46, convert 0.00, encode 13.04, network 63.50, decode 1.23, display 73.56 (game) (network) (display)
[2022-08-10 17:06:54] CLIENT: SteamNetworkingSockets connection: Connected SDR->mdf1->dfw  Ping: 122ms IN: 461.4kbit 282.8 pkt/s qual 99.9OUT: 235.5kbit 290.4 pkt/s qual 70.0
[2022-08-10 17:06:55] Slow framerate: game 62.49, capture 0.50, convert 0.01, encode 13.00, network 63.89, decode 1.41, display 19.38 (game) (network)
[2022-08-10 17:06:55] Setting target framerate: 60.00 [timing: game 62.49, capture 0.50, convert 0.01, encode 13.00, network 63.89, decode 1.41, display 19.38 (game) (network)]
[2022-08-10 17:06:55] CLIENT: Targeting 60.00 FPS
[2022-08-10 17:06:55] CLIENT: Got control packet k_EStreamControlSetTargetFramerate
[2022-08-10 17:06:56] Slow framerate: game 56.37, capture 0.44, convert 0.00, encode 12.78, network 62.94, decode 1.19, display 5.98 (game) (network)
[2022-08-10 17:06:57] Slow framerate: game 56.65, capture 0.43, convert 0.01, encode 13.17, network 60.91, decode 1.47, display 5.63 (game) (network)
[2022-08-10 17:06:58] Slow framerate: game 66.72, capture 0.35, convert 0.01, encode 12.89, network 63.61, decode 1.49, display 6.65 (game) (network)
[2022-08-10 17:06:59] Slow framerate: game 69.40, capture 0.52, convert 0.00, encode 13.59, network 63.69, decode 1.43, display 6.57 (game) (network)
[2022-08-10 17:06:59] CLIENT: SteamNetworkingSockets connection: Connected SDR->mdf1->dfw  Ping: 120ms IN: 490.1kbit 290.2 pkt/s qual 100.0OUT: 274.8kbit 326.9 pkt/s qual 70.0
[2022-08-10 17:07:00] Slow framerate: game 71.30, capture 0.42, convert 0.00, encode 12.95, network 61.38, decode 1.44, display 6.57 (game) (network)
[2022-08-10 17:07:01] Slow framerate: game 78.44, capture 0.26, convert 0.00, encode 12.54, network 59.91, decode 1.30, display 6.52 (game) (network)
[2022-08-10 17:07:02] Slow framerate: game 93.30, capture 0.53, convert 0.00, encode 13.58, network 69.78, decode 1.48, display 7.06 (game) (network)
[2022-08-10 17:07:03] Slow framerate: game 101.00, capture 0.45, convert 0.00, encode 13.24, network 62.40, decode 1.48, display 6.83 (game) (network)
[2022-08-10 17:07:04] Slow framerate: game 90.91, capture 0.37, convert 0.01, encode 12.58, network 62.53, decode 1.33, display 66.43 (game) (network) (display)
[2022-08-10 17:07:04] Setting target framerate: 60.00 [timing: game 90.91, capture 0.37, convert 0.01, encode 12.58, network 62.53, decode 1.33, display 66.43 (game) (network) (display)]
[2022-08-10 17:07:04] CLIENT: SteamNetworkingSockets connection: Connected SDR->mdf1->dfw  Ping: 121ms IN: 424.1kbit 282.0 pkt/s qual 99.9OUT: 301.2kbit 348.0 pkt/s qual 70.0
[2022-08-10 17:07:04] CLIENT: Targeting 60.00 FPS
[2022-08-10 17:07:04] CLIENT: Got control packet k_EStreamControlSetTargetFramerate
[2022-08-10 17:07:05] Slow framerate: game 75.50, capture 0.43, convert 0.00, encode 13.38, network 63.54, decode 1.57, display 81.04 (game) (network) (display)
[2022-08-10 17:07:06] Slow framerate: game 67.70, capture 0.46, convert 0.01, encode 13.61, network 65.48, decode 1.70, display 75.01 (game) (network) (display)
[2022-08-10 17:07:07] Slow framerate: game 56.64, capture 0.55, convert 0.01, encode 13.70, network 63.26, decode 1.65, display 58.65 (game) (network) (display)
[2022-08-10 17:07:08] Slow framerate: game 59.93, capture 0.24, convert 0.00, encode 12.33, network 61.44, decode 1.87, display 10.28 (game) (network)
[2022-08-10 17:07:08] Setting target framerate: 60.00 [timing: game 59.93, capture 0.24, convert 0.00, encode 12.33, network 61.44, decode 1.87, display 10.28 (game) (network)]
[2022-08-10 17:07:08] CLIENT: Targeting 60.00 FPS
[2022-08-10 17:07:08] CLIENT: Got control packet k_EStreamControlSetTargetFramerate
[2022-08-10 17:07:09] Slow framerate: game 68.29, capture 0.50, convert 0.00, encode 13.23, network 61.52, decode 1.43, display 6.56 (game) (network)
[2022-08-10 17:07:09] CLIENT: SteamNetworkingSockets connection: Connected SDR->mdf1->dfw  Ping: 125ms IN: 458.2kbit 283.5 pkt/s qual 100.0OUT: 284.0kbit 329.7 pkt/s qual 73.0
[2022-08-10 17:07:10] Slow framerate: game 69.98, capture 0.61, convert 0.03, encode 13.75, network 60.39, decode 1.46, display 5.49 (game) (network)
[2022-08-10 17:07:11] Slow framerate: game 72.77, capture 0.24, convert 0.01, encode 12.24, network 61.48, decode 1.48, display 7.98 (game) (network)
[2022-08-10 17:07:12] Slow framerate: game 74.05, capture 0.47, convert 0.00, encode 12.67, network 61.16, decode 1.69, display 8.08 (game) (network)
[2022-08-10 17:07:12] Audio mix: start=264042315661, returned=14397120
[2022-08-10 17:07:13] Slow framerate: game 69.86, capture 0.48, convert 0.00, encode 11.74, network 62.64, decode 1.87, display 8.09 (game) (network)
[2022-08-10 17:07:14] Slow framerate: game 69.43, capture 0.54, convert 0.00, encode 10.96, network 60.49, decode 1.38, display 5.87 (game) (network)
[2022-08-10 17:07:14] CLIENT: SteamNetworkingSockets connection: Connected SDR->mdf1->dfw  Ping: 121ms IN: 522.7kbit 295.5 pkt/s qual 99.9OUT: 306.7kbit 343.5 pkt/s qual 73.0
[2022-08-10 17:07:15] Slow framerate: game 73.41, capture 0.41, convert 0.00, encode 12.60, network 60.68, decode 1.63, display 6.13 (game) (network)
[2022-08-10 17:07:16] Slow framerate: game 88.97, capture 0.41, convert 0.01, encode 13.26, network 61.17, decode 1.48, display 7.78 (game) (network)
[2022-08-10 17:07:17] Slow framerate: game 80.15, capture 0.46, convert 0.00, encode 13.25, network 61.11, decode 1.91, display 9.81 (game) (network)
[2022-08-10 17:07:18] Slow framerate: game 74.72, capture 0.47, convert 0.01, encode 13.24, network 60.48, decode 1.63, display 7.40 (game) (network)
[2022-08-10 17:07:19] CLIENT: SteamNetworkingSockets connection: Connected SDR->mdf1->dfw  Ping: 120ms IN: 450.9kbit 284.0 pkt/s qual 100.0OUT: 273.5kbit 326.4 pkt/s qual 73.0
[2022-08-10 17:07:19] Slow framerate: game 60.11, capture 0.48, convert 0.01, encode 13.36, network 61.48, decode 1.43, display 7.51 (game) (network)
[2022-08-10 17:07:20] Slow framerate: game 67.97, capture 0.44, convert 0.00, encode 13.60, network 63.98, decode 1.51, display 7.41 (game) (network)
[2022-08-10 17:07:21] Slow framerate: game 68.00, capture 0.44, convert 0.00, encode 13.35, network 65.65, decode 1.85, display 10.14 (game) (network)
[2022-08-10 17:07:22] Slow framerate: game 61.51, capture 0.41, convert 0.00, encode 13.08, network 61.79, decode 1.56, display 7.59 (game) (network)
[2022-08-10 17:07:23] Slow framerate: game 60.34, capture 0.58, convert 0.01, encode 13.78, network 61.48, decode 1.79, display 7.20 (game) (network)
[2022-08-10 17:07:24] CLIENT: SteamNetworkingSockets connection: Connected SDR->mdf1->dfw  Ping: 126ms IN: 427.0kbit 281.7 pkt/s qual 99.6OUT: 268.8kbit 320.9 pkt/s qual 73.0
[2022-08-10 17:07:24] Slow framerate: game 59.23, capture 0.34, convert 0.01, encode 12.22, network 59.19, decode 1.26, display 7.17 (game) (network)
[2022-08-10 17:07:25] Slow framerate: game 59.36, capture 0.47, convert 0.00, encode 12.82, network 62.45, decode 1.32, display 8.48 (game) (network)
[2022-08-10 17:07:26] Slow framerate: game 62.95, capture 0.48, convert 0.00, encode 13.06, network 60.88, decode 1.66, display 9.33 (game) (network)
[2022-08-10 17:07:27] Slow framerate: game 62.02, capture 0.51, convert 0.01, encode 11.80, network 60.73, decode 1.26, display 6.20 (game) (network)
[2022-08-10 17:07:28] Slow framerate: game 66.74, capture 0.50, convert 0.01, encode 11.34, network 61.21, decode 1.35, display 6.90 (game) (network)
[2022-08-10 17:07:29] Slow framerate: game 62.95, capture 0.50, convert 0.01, encode 13.39, network 61.51, decode 1.55, display 6.40 (game) (network)
[2022-08-10 17:07:29] CLIENT: SteamNetworkingSockets connection: Connected SDR->mdf1->dfw  Ping: 122ms IN: 424.6kbit 286.9 pkt/s qual 100.0OUT: 260.3kbit 319.9 pkt/s qual 69.0
[2022-08-10 17:07:30] Slow framerate: game 69.59, capture 0.49, convert 0.00, encode 13.51, network 66.96, decode 1.68, display 5.90 (game) (network)
[2022-08-10 17:07:30] Bitrate adapter: state = 2, minRTT = 116, maxRTT = 173, gain = 0.75, bitrate = 75000
[2022-08-10 17:07:31] Slow framerate: game 65.91, capture 0.16, convert 0.00, encode 11.29, network 60.60, decode 1.50, display 8.87 (game) (network)
[2022-08-10 17:07:32] Slow framerate: game 69.79, capture 0.19, convert 0.00, encode 11.92, network 62.33, decode 1.35, display 7.08 (game) (network)
[2022-08-10 17:07:33] Slow framerate: game 66.40, capture 0.55, convert 0.00, encode 13.71, network 61.07, decode 1.61, display 7.71 (game) (network)
[2022-08-10 17:07:34] Slow framerate: game 65.49, capture 0.46, convert 0.00, encode 12.80, network 62.86, decode 1.37, display 7.09 (game) (network)
[2022-08-10 17:07:34] CLIENT: SteamNetworkingSockets connection: Connected SDR->mdf1->dfw  Ping: 121ms IN: 407.7kbit 280.4 pkt/s qual 100.0OUT: 284.4kbit 336.6 pkt/s qual 69.0
[2022-08-10 17:07:34] Bitrate adapter: state = 2, minRTT = 116, maxRTT = 129, gain = 1.25, bitrate = 93750
[2022-08-10 17:07:35] Slow framerate: game 51.97, capture 0.24, convert 0.01, encode 12.33, network 63.80, decode 1.53, display 9.65 (game) (network)
[2022-08-10 17:07:36] Slow framerate: game 56.97, capture 0.44, convert 0.01, encode 13.19, network 63.66, decode 1.35, display 7.00 (game) (network)
[2022-08-10 17:07:37] Slow framerate: game 66.67, capture 0.33, convert 0.01, encode 12.74, network 62.09, decode 1.45, display 8.59 (game) (network)
[2022-08-10 17:07:38] Slow framerate: game 86.76, capture 0.26, convert 0.01, encode 12.43, network 61.75, decode 1.61, display 7.51 (game) (network)
[2022-08-10 17:07:38] Bitrate adapter: state = 2, minRTT = 116, maxRTT = 140, gain = 1.25, bitrate = 100000
[2022-08-10 17:07:39] Slow framerate: game 84.79, capture 0.48, convert 0.01, encode 13.52, network 60.64, decode 1.79, display 6.98 (game) (network)
[2022-08-10 17:07:39] CLIENT: SteamNetworkingSockets connection: Connected SDR->mdf1->dfw  Ping: 122ms IN: 460.7kbit 284.5 pkt/s qual 100.0OUT: 278.7kbit 333.1 pkt/s qual 69.0
[2022-08-10 17:07:40] Slow framerate: game 81.73, capture 0.33, convert 0.00, encode 12.69, network 64.93, decode 1.46, display 7.13 (game) (network)
[2022-08-10 17:07:41] Slow framerate: game 76.88, capture 0.44, convert 0.00, encode 13.36, network 59.94, decode 1.60, display 8.97 (game) (network)
[2022-08-10 17:07:42] Slow framerate: game 87.16, capture 0.30, convert 0.01, encode 12.62, network 62.71, decode 1.65, display 7.42 (game) (network)
[2022-08-10 17:07:43] Slow framerate: game 85.26, capture 0.40, convert 0.00, encode 13.10, network 62.11, decode 1.54, display 6.50 (game) (network)
[2022-08-10 17:07:44] Slow framerate: game 82.81, capture 0.49, convert 0.03, encode 13.52, network 61.35, decode 1.36, display 7.15 (game) (network)
[2022-08-10 17:07:44] CLIENT: SteamNetworkingSockets connection: Connected SDR->mdf1->dfw  Ping: 117ms IN: 415.7kbit 281.0 pkt/s qual 99.9OUT: 280.0kbit 332.4 pkt/s qual 69.0
[2022-08-10 17:07:45] Slow framerate: game 84.50, capture 0.26, convert 0.01, encode 12.39, network 61.87, decode 1.51, display 7.50 (game) (network)
[2022-08-10 17:07:46] Slow framerate: game 77.74, capture 0.46, convert 0.00, encode 13.38, network 62.69, decode 1.67, display 7.07 (game) (network)
[2022-08-10 17:07:47] Slow framerate: game 76.00, capture 0.42, convert 0.01, encode 13.11, network 64.11, decode 1.70, display 7.23 (game) (network)
[2022-08-10 17:07:48] Slow framerate: game 83.03, capture 0.17, convert 0.01, encode 12.11, network 62.12, decode 1.51, display 5.23 (game) (network)
[2022-08-10 17:07:49] CLIENT: SteamNetworkingSockets connection: Connected SDR->mdf1->dfw  Ping: 130ms IN: 440.8kbit 283.5 pkt/s qual 100.0OUT: 279.6kbit 333.9 pkt/s qual 73.0
[2022-08-10 17:07:49] Slow framerate: game 83.10, capture 0.34, convert 0.00, encode 12.90, network 60.52, decode 1.49, display 7.43 (game) (network)
[2022-08-10 17:07:50] Slow framerate: game 76.55, capture 0.44, convert 0.00, encode 13.67, network 62.13, decode 1.27, display 6.12 (game) (network)
[2022-08-10 17:07:51] Slow framerate: game 69.18, capture 0.40, convert 0.00, encode 13.16, network 61.93, decode 1.49, display 7.39 (game) (network)
[2022-08-10 17:07:52] Slow framerate: game 75.43, capture 0.00, convert 0.00, encode 11.23, network 61.88, decode 1.47, display 9.55 (game) (network)
[2022-08-10 17:07:53] Slow framerate: game 78.83, capture 0.43, convert 0.00, encode 13.06, network 63.15, decode 1.62, display 6.74 (game) (network)
[2022-08-10 17:07:54] CLIENT: SteamNetworkingSockets connection: Connected SDR->mdf1->dfw  Ping: 127ms IN: 426.4kbit 282.2 pkt/s qual 99.8OUT: 276.6kbit 328.0 pkt/s qual 73.0
[2022-08-10 17:07:54] Slow framerate: game 83.14, capture 0.38, convert 0.00, encode 13.12, network 64.60, decode 1.28, display 7.93 (game) (network)
[2022-08-10 17:07:55] Slow framerate: game 88.62, capture 0.20, convert 0.00, encode 12.35, network 66.67, decode 1.70, display 8.12 (game) (network)
[2022-08-10 17:07:56] Slow framerate: game 100.00, capture 0.24, convert 0.01, encode 12.48, network 63.28, decode 1.35, display 7.60 (game) (network)
[2022-08-10 17:07:57] Slow framerate: game 88.88, capture 0.43, convert 0.01, encode 13.34, network 62.82, decode 1.44, display 6.47 (game) (network)
[2022-08-10 17:07:58] Slow framerate: game 80.28, capture 0.33, convert 0.01, encode 12.66, network 62.76, decode 1.36, display 8.04 (game) (network)
[2022-08-10 17:07:59] CLIENT: SteamNetworkingSockets connection: Connected SDR->mdf1->dfw  Ping: 122ms IN: 434.5kbit 282.7 pkt/s qual 100.0OUT: 314.5kbit 357.3 pkt/s qual 73.0
[2022-08-10 17:07:59] Slow framerate: game 77.66, capture 0.27, convert 0.01, encode 12.28, network 61.13, decode 1.80, display 10.44 (game) (network)
[2022-08-10 17:08:00] Slow framerate: game 70.17, capture 0.48, convert 0.04, encode 13.49, network 61.14, decode 1.71, display 8.89 (game) (network)
[2022-08-10 17:08:01] Slow framerate: game 65.00, capture 0.30, convert 0.00, encode 12.24, network 60.94, decode 1.46, display 9.40 (game) (network)
[2022-08-10 17:08:02] Slow framerate: game 73.10, capture 0.24, convert 0.00, encode 12.48, network 63.40, decode 1.55, display 8.43 (game) (network)
[2022-08-10 17:08:03] Slow framerate: game 79.31, capture 0.22, convert 0.01, encode 12.43, network 61.20, decode 1.56, display 9.20 (game) (network)
[2022-08-10 17:08:03] "SessionStats"
[2022-08-10 17:08:04] Slow framerate: game 80.44, capture 0.51, convert 0.00, encode 13.83, network 61.63, decode 1.40, display 7.82 (game) (network)
[2022-08-10 17:08:04] CLIENT: SteamNetworkingSockets connection: Connected SDR->mdf1->dfw  Ping: 120ms IN: 343.3kbit 271.6 pkt/s qual 99.9OUT: 263.2kbit 313.3 pkt/s qual 73.0
[2022-08-10 17:08:04] Bitrate adapter: state = 2, minRTT = 115, maxRTT = 255, gain = 0.75, bitrate = 75000
[2022-08-10 17:08:05] Bitrate adapter: state = 2, minRTT = 115, maxRTT = 176, gain = 0.75, bitrate = 56250
[2022-08-10 17:08:05] Slow framerate: game 77.19, capture 0.97, convert 2.98, encode 13.59, network 160.03, decode 1.62, display 15.52 (game) (network)
[2022-08-10 17:08:05] Bitrate adapter: state = 2, minRTT = 115, maxRTT = 181, gain = 0.75, bitrate = 42187
[2022-08-10 17:08:06] Slow framerate: game 81.03, capture 0.25, convert 0.03, encode 11.23, network 94.41, decode 2.03, display 14.79 (game) (network)
[2022-08-10 17:08:06] Bitrate adapter: state = 2, minRTT = 115, maxRTT = 172, gain = 0.75, bitrate = 31640
[2022-08-10 17:08:07] Slow framerate: game 67.56, capture 0.52, convert 0.03, encode 12.52, network 87.79, decode 1.85, display 11.45 (game) (network)
[2022-08-10 17:08:08] Slow framerate: game 81.17, capture 0.26, convert 0.00, encode 11.06, network 79.35, decode 1.60, display 13.74 (game) (network)
[2022-08-10 17:08:09] Slow framerate: game 82.71, capture 0.19, convert 0.01, encode 10.25, network 81.12, decode 1.56, display 9.74 (game) (network)
[2022-08-10 17:08:09] CLIENT: SteamNetworkingSockets connection: Connected SDR->mdf1->dfw  Ping: 122ms IN: 5662.2kbit 820.7 pkt/s qual 100.0OUT: 270.8kbit 317.3 pkt/s qual 71.0
[2022-08-10 17:08:10] Slow framerate: game 77.31, capture 0.36, convert 0.01, encode 11.41, network 75.24, decode 1.52, display 10.48 (game) (network)
[2022-08-10 17:08:10] Bitrate adapter: state = 2, minRTT = 115, maxRTT = 140, gain = 1.25, bitrate = 39550
[2022-08-10 17:08:11] Slow framerate: game 69.35, capture 0.37, convert 0.02, encode 16.78, network 85.58, decode 2.00, display 14.57 (game) (network)
[2022-08-10 17:08:12] CLIENT: [SteamNetworkingSockets] [#1206256044 P2P SDR steamid:76561199378814893 vport 0] SDR routing message updated, revision 9.  (POP 'mdf1' last sent ping 80 is outside ping range 91-120 (3 buckets))
[2022-08-10 17:08:12] Slow framerate: game 68.44, capture 0.33, convert 0.00, encode 17.49, network 78.64, decode 2.37, display 10.19 (game) (network)
[2022-08-10 17:08:12] Audio mix: start=264042315661, returned=17277600
[2022-08-10 17:08:13] Slow framerate: game 92.14, capture 0.10, convert 0.00, encode 16.83, network 80.35, decode 1.75, display 10.30 (game) (network)
[2022-08-10 17:08:13] CLIENT: Video size: 1920x1200, output size: 2325x1080, overlay size: 2325x1080
[2022-08-10 17:08:13] CLIENT: Video rect: 1728x1080 at 298,0
[2022-08-10 17:08:13] CLIENT: Texture rect: 1920x1200 at 0,0
[2022-08-10 17:08:13] CLIENT: Video rect: 1728x1080 at 298,0
[2022-08-10 17:08:13] CLIENT: Texture rect: 1920x1200 at 0,0
[2022-08-10 17:08:14] Slow framerate: game 83.23, capture 0.65, convert 0.00, encode 16.01, network 119.54, decode 1.69, display 11.61 (game) (network)
[2022-08-10 17:08:14] CLIENT: SteamNetworkingSockets connection: Connected SDR->mdf1->dfw  Ping: 124ms IN: 3968.0kbit 646.4 pkt/s qual 100.0OUT: 271.6kbit 323.6 pkt/s qual 71.0
[2022-08-10 17:09:12] Audio mix: start=264042315661, returned=20157600
[2022-08-10 17:10:12] Audio mix: start=264042315661, returned=23038080
[2022-08-10 17:11:12] Audio mix: start=264042315661, returned=25918080
[2022-08-10 17:11:15] "SessionStats"
[2022-08-10 17:24:02] Streaming initialized and listening on port 0
[2022-08-10 17:24:06] CLIENT: Sending HID device 0000/11fb/-1  Mobile Touch Control at touch://0
