nuttcp-t: v8.1.4: socket
nuttcp-t: buflen=65536, nstream=1, port=5007 tcp -> 155.146.178.233
nuttcp-t: time limit = 30.00 seconds
nuttcp-t: connect to 155.146.178.233 with mss=1376, RTT=31.289 ms af=inet
nuttcp-t: send window size = 33554432, receive window size = 6291456
nuttcp-t: available send window = 25165824, available receive window = 4718592
nuttcp-t: initial congestion window = 13 KB (10 packets)
nuttcp-r: Warning: receive window size 25000000 < requested window size 26214400
nuttcp-r: v6.1.2: socket
nuttcp-r: buflen=65536, nstream=1, port=5007 tcp
nuttcp-r: interval reporting every 0.10 seconds
nuttcp-r: accept from 174.209.42.195
nuttcp-r: send window size = 25000000, receive window size = 50000000
nuttcp-r: available send window = 12500000, available receive window = 25000000
    0.1875 MB /   0.10 sec =   15.7282 Mbps     0 retrans   4652 KB-cwnd
    1.2500 MB /   0.10 sec =  104.8335 Mbps     0 retrans   4652 KB-cwnd
    2.5000 MB /   0.10 sec =  209.7739 Mbps     0 retrans   4652 KB-cwnd
    2.4375 MB /   0.10 sec =  204.4744 Mbps     0 retrans   4652 KB-cwnd
    2.5625 MB /   0.10 sec =  214.9559 Mbps     0 retrans   4652 KB-cwnd
    2.3125 MB /   0.10 sec =  193.7212 Mbps     0 retrans   5074 KB-cwnd
    2.8750 MB /   0.10 sec =  241.5033 Mbps     0 retrans   5074 KB-cwnd
    2.5625 MB /   0.10 sec =  214.9559 Mbps     0 retrans   5074 KB-cwnd
    2.6250 MB /   0.10 sec =  220.2032 Mbps     0 retrans   5074 KB-cwnd
    2.4375 MB /   0.10 sec =  204.4192 Mbps     0 retrans   5283 KB-cwnd
    2.8750 MB /   0.10 sec =  241.1773 Mbps     0 retrans   5283 KB-cwnd
    2.4375 MB /   0.10 sec =  204.5194 Mbps     0 retrans   5283 KB-cwnd
    3.0625 MB /   0.10 sec =  256.9011 Mbps     0 retrans   5283 KB-cwnd
    2.6250 MB /   0.10 sec =  220.1481 Mbps     0 retrans   6189 KB-cwnd
    3.7500 MB /   0.10 sec =  314.5791 Mbps     0 retrans   6189 KB-cwnd
    3.6250 MB /   0.10 sec =  304.1570 Mbps     0 retrans   6189 KB-cwnd
    3.3125 MB /   0.10 sec =  277.8032 Mbps     0 retrans   6189 KB-cwnd
    3.3750 MB /   0.10 sec =  283.1014 Mbps     0 retrans   6189 KB-cwnd
    2.4375 MB /   0.10 sec =  204.5337 Mbps     0 retrans   6189 KB-cwnd
    2.9375 MB /   0.10 sec =  246.4154 Mbps     0 retrans   6189 KB-cwnd
    2.6250 MB /   0.10 sec =  220.1988 Mbps     0 retrans   6189 KB-cwnd
    2.6875 MB /   0.10 sec =  225.4483 Mbps     0 retrans   6189 KB-cwnd
    2.5000 MB /   0.10 sec =  209.7110 Mbps     0 retrans   6189 KB-cwnd
    2.6250 MB /   0.10 sec =  220.1459 Mbps     0 retrans   6189 KB-cwnd
    2.3125 MB /   0.10 sec =  193.7831 Mbps     0 retrans   6189 KB-cwnd
    2.9375 MB /   0.10 sec =  246.7361 Mbps     0 retrans   6189 KB-cwnd
    2.6875 MB /   0.10 sec =  225.3897 Mbps     0 retrans   6189 KB-cwnd
    2.6875 MB /   0.10 sec =  225.2209 Mbps     0 retrans   6189 KB-cwnd
    2.5000 MB /   0.10 sec =  209.9272 Mbps     0 retrans   6189 KB-cwnd
    2.3750 MB /   0.10 sec =  199.0026 Mbps     0 retrans   6189 KB-cwnd
    2.3125 MB /   0.10 sec =  194.2527 Mbps     0 retrans   6189 KB-cwnd
    2.6875 MB /   0.10 sec =  225.4416 Mbps     0 retrans   6189 KB-cwnd
    2.4375 MB /   0.10 sec =  204.4723 Mbps     0 retrans   6189 KB-cwnd
    2.3750 MB /   0.10 sec =  199.2294 Mbps     0 retrans   6189 KB-cwnd
    2.1250 MB /   0.10 sec =  178.2116 Mbps     0 retrans   6189 KB-cwnd
    2.5625 MB /   0.10 sec =  214.9688 Mbps     0 retrans   6189 KB-cwnd
    2.4375 MB /   0.10 sec =  204.5153 Mbps     0 retrans   6189 KB-cwnd
    2.4375 MB /   0.10 sec =  204.2803 Mbps     0 retrans   6189 KB-cwnd
    2.5000 MB /   0.10 sec =  209.9146 Mbps     0 retrans   6189 KB-cwnd
    2.3125 MB /   0.10 sec =  193.9866 Mbps     0 retrans   6189 KB-cwnd
    2.3125 MB /   0.10 sec =  193.7831 Mbps     0 retrans   6189 KB-cwnd
    2.2500 MB /   0.10 sec =  188.8154 Mbps     0 retrans   6189 KB-cwnd
    2.6875 MB /   0.10 sec =  225.5386 Mbps     0 retrans   6189 KB-cwnd
    2.5000 MB /   0.10 sec =  209.7655 Mbps     0 retrans   6189 KB-cwnd
    2.5625 MB /   0.10 sec =  214.9087 Mbps     0 retrans   6189 KB-cwnd
    2.3750 MB /   0.10 sec =  199.2235 Mbps     0 retrans   6189 KB-cwnd
    3.0000 MB /   0.10 sec =  251.5576 Mbps     0 retrans   6189 KB-cwnd
    2.7500 MB /   0.10 sec =  230.6683 Mbps     0 retrans   6189 KB-cwnd
    2.4375 MB /   0.10 sec =  204.5644 Mbps     0 retrans   6189 KB-cwnd
    2.7500 MB /   0.10 sec =  230.6983 Mbps     0 retrans   6189 KB-cwnd
    2.5625 MB /   0.10 sec =  214.9516 Mbps     0 retrans   6189 KB-cwnd
    2.8125 MB /   0.10 sec =  235.9697 Mbps     0 retrans   6189 KB-cwnd
    2.9375 MB /   0.10 sec =  246.1544 Mbps     0 retrans   6189 KB-cwnd
    2.4375 MB /   0.10 sec =  204.7118 Mbps     0 retrans   6189 KB-cwnd
    2.6250 MB /   0.10 sec =  220.1481 Mbps     0 retrans   6189 KB-cwnd
    2.5625 MB /   0.10 sec =  214.9667 Mbps     0 retrans   6189 KB-cwnd
    3.5000 MB /   0.10 sec =  293.5837 Mbps     0 retrans   6189 KB-cwnd
    3.0000 MB /   0.10 sec =  251.7237 Mbps     0 retrans   6253 KB-cwnd
    3.1875 MB /   0.10 sec =  267.0851 Mbps     0 retrans   6253 KB-cwnd
    3.1250 MB /   0.10 sec =  262.4379 Mbps     0 retrans   6253 KB-cwnd
    3.1250 MB /   0.10 sec =  261.9790 Mbps     0 retrans   6591 KB-cwnd
    3.5000 MB /   0.10 sec =  293.4106 Mbps     0 retrans   6591 KB-cwnd
    3.1250 MB /   0.10 sec =  262.4773 Mbps     0 retrans   6591 KB-cwnd
    2.2500 MB /   0.10 sec =  188.5627 Mbps     0 retrans   6591 KB-cwnd
    2.8125 MB /   0.10 sec =  235.8376 Mbps     0 retrans   6591 KB-cwnd
    2.4375 MB /   0.10 sec =  204.7508 Mbps     0 retrans   6591 KB-cwnd
    2.8125 MB /   0.10 sec =  235.8777 Mbps     0 retrans   6591 KB-cwnd
    2.3750 MB /   0.10 sec =  199.2235 Mbps     0 retrans   6591 KB-cwnd
    3.1250 MB /   0.10 sec =  262.1440 Mbps     0 retrans   6992 KB-cwnd
    2.3125 MB /   0.10 sec =  193.9924 Mbps     0 retrans   6992 KB-cwnd
    2.7500 MB /   0.10 sec =  230.6890 Mbps     0 retrans   6992 KB-cwnd
    2.8750 MB /   0.10 sec =  240.9797 Mbps     0 retrans   6992 KB-cwnd
    3.7500 MB /   0.10 sec =  314.8121 Mbps     0 retrans   6992 KB-cwnd
    3.6250 MB /   0.10 sec =  304.0901 Mbps     0 retrans   6992 KB-cwnd
    2.3750 MB /   0.10 sec =  199.2773 Mbps     0 retrans   6992 KB-cwnd
    2.9375 MB /   0.10 sec =  246.3538 Mbps     0 retrans   6992 KB-cwnd
    2.3125 MB /   0.10 sec =  193.8451 Mbps     0 retrans   6992 KB-cwnd
    3.0625 MB /   0.10 sec =  257.0888 Mbps     0 retrans   6992 KB-cwnd
    3.5000 MB /   0.10 sec =  293.4722 Mbps     0 retrans   6992 KB-cwnd
    3.6875 MB /   0.10 sec =  309.4661 Mbps     0 retrans   6992 KB-cwnd
    3.0625 MB /   0.10 sec =  256.9654 Mbps     0 retrans   6992 KB-cwnd
    3.1250 MB /   0.10 sec =  262.0732 Mbps     0 retrans   6992 KB-cwnd
    3.0000 MB /   0.10 sec =  251.7287 Mbps     0 retrans   6992 KB-cwnd
    2.5000 MB /   0.10 sec =  209.5643 Mbps     0 retrans   6992 KB-cwnd
    2.4375 MB /   0.10 sec =  204.4764 Mbps     0 retrans   6992 KB-cwnd
    3.2500 MB /   0.10 sec =  272.8153 Mbps     0 retrans   6992 KB-cwnd
    3.3125 MB /   0.10 sec =  277.8032 Mbps     0 retrans   6992 KB-cwnd
    3.4375 MB /   0.10 sec =  288.4334 Mbps     0 retrans   6992 KB-cwnd
    2.5000 MB /   0.10 sec =  209.7152 Mbps     0 retrans   6992 KB-cwnd
    2.5000 MB /   0.10 sec =  209.7152 Mbps     0 retrans   6992 KB-cwnd
    3.0000 MB /   0.10 sec =  251.5979 Mbps     0 retrans   6992 KB-cwnd
    2.8125 MB /   0.10 sec =  235.9367 Mbps     0 retrans   6992 KB-cwnd
    2.5000 MB /   0.10 sec =  209.7131 Mbps     0 retrans   6992 KB-cwnd
    2.5625 MB /   0.10 sec =  214.9581 Mbps     0 retrans   6992 KB-cwnd
    2.6875 MB /   0.10 sec =  225.4957 Mbps     0 retrans   6992 KB-cwnd
    3.3125 MB /   0.10 sec =  277.8726 Mbps     0 retrans   6992 KB-cwnd
    3.1875 MB /   0.10 sec =  267.3200 Mbps     0 retrans   6992 KB-cwnd
    3.1250 MB /   0.10 sec =  262.1519 Mbps     0 retrans   6992 KB-cwnd
    3.4375 MB /   0.10 sec =  288.1423 Mbps     0 retrans   6992 KB-cwnd
    2.9375 MB /   0.10 sec =  246.6521 Mbps     0 retrans   6992 KB-cwnd
    3.0625 MB /   0.10 sec =  256.8241 Mbps     0 retrans   6992 KB-cwnd
    3.3125 MB /   0.10 sec =  277.9560 Mbps     0 retrans   6992 KB-cwnd
    2.6250 MB /   0.10 sec =  220.2032 Mbps     0 retrans   6992 KB-cwnd
    2.7500 MB /   0.10 sec =  230.6844 Mbps     0 retrans   6992 KB-cwnd
    2.7500 MB /   0.10 sec =  230.6890 Mbps     0 retrans   6992 KB-cwnd
    2.2500 MB /   0.10 sec =  188.7437 Mbps     0 retrans   6992 KB-cwnd
    2.6250 MB /   0.10 sec =  220.0975 Mbps     0 retrans   6992 KB-cwnd
    2.2500 MB /   0.10 sec =  188.8305 Mbps     0 retrans   6992 KB-cwnd
    2.6875 MB /   0.10 sec =  225.4326 Mbps     0 retrans   6992 KB-cwnd
    2.8750 MB /   0.10 sec =  241.1870 Mbps     0 retrans   6992 KB-cwnd
    2.2500 MB /   0.10 sec =  188.6908 Mbps     0 retrans   6992 KB-cwnd
    3.1875 MB /   0.10 sec =  267.3976 Mbps     0 retrans   6992 KB-cwnd
    2.3750 MB /   0.10 sec =  199.2753 Mbps     0 retrans   6992 KB-cwnd
    2.7500 MB /   0.10 sec =  230.6360 Mbps     0 retrans   6992 KB-cwnd
    2.6875 MB /   0.10 sec =  225.4438 Mbps     0 retrans   6992 KB-cwnd
    2.3125 MB /   0.10 sec =  193.9749 Mbps     0 retrans   6992 KB-cwnd
    2.5625 MB /   0.10 sec =  215.0204 Mbps     0 retrans   6992 KB-cwnd
    2.6250 MB /   0.10 sec =  220.1988 Mbps     0 retrans   6992 KB-cwnd
    2.1875 MB /   0.10 sec =  183.4494 Mbps     0 retrans   6992 KB-cwnd
    2.4375 MB /   0.10 sec =  204.4703 Mbps     0 retrans   6992 KB-cwnd
    2.6250 MB /   0.10 sec =  220.2626 Mbps     0 retrans   6992 KB-cwnd
    2.3750 MB /   0.10 sec =  199.2314 Mbps     0 retrans   6992 KB-cwnd
    2.9375 MB /   0.10 sec =  246.4154 Mbps     0 retrans   6992 KB-cwnd
    2.1875 MB /   0.10 sec =  183.4586 Mbps     0 retrans   6992 KB-cwnd
    2.6875 MB /   0.10 sec =  225.2006 Mbps     0 retrans   6992 KB-cwnd
    2.3750 MB /   0.10 sec =  199.4309 Mbps     0 retrans   6992 KB-cwnd
    2.8750 MB /   0.10 sec =  241.1870 Mbps     0 retrans   6992 KB-cwnd
    2.3125 MB /   0.10 sec =  194.0331 Mbps     0 retrans   6992 KB-cwnd
    2.6875 MB /   0.10 sec =  225.4461 Mbps     0 retrans   6992 KB-cwnd
    2.1250 MB /   0.10 sec =  178.2187 Mbps     0 retrans   6992 KB-cwnd
    2.6875 MB /   0.10 sec =  225.4934 Mbps     0 retrans   6992 KB-cwnd
    2.5000 MB /   0.10 sec =  209.5664 Mbps     0 retrans   6992 KB-cwnd
    3.1875 MB /   0.10 sec =  267.5742 Mbps     0 retrans   6992 KB-cwnd
    3.0625 MB /   0.10 sec =  256.8395 Mbps     0 retrans   6992 KB-cwnd
    2.8125 MB /   0.10 sec =  235.9296 Mbps     0 retrans   6992 KB-cwnd
    2.6250 MB /   0.10 sec =  220.2560 Mbps     0 retrans   6992 KB-cwnd
    2.4375 MB /   0.10 sec =  204.4233 Mbps     0 retrans   6992 KB-cwnd
    2.6875 MB /   0.10 sec =  225.4957 Mbps     0 retrans   6992 KB-cwnd
    3.2500 MB /   0.10 sec =  272.6161 Mbps     0 retrans   6992 KB-cwnd
    2.5625 MB /   0.10 sec =  214.9710 Mbps     0 retrans   6992 KB-cwnd
    2.6875 MB /   0.10 sec =  225.3897 Mbps     0 retrans   6992 KB-cwnd
    3.5625 MB /   0.10 sec =  298.8412 Mbps     0 retrans   6992 KB-cwnd
    3.0000 MB /   0.10 sec =  251.7212 Mbps     0 retrans   6992 KB-cwnd
    2.4375 MB /   0.10 sec =  204.4253 Mbps     0 retrans   6992 KB-cwnd
    3.2500 MB /   0.10 sec =  272.6325 Mbps     0 retrans   6992 KB-cwnd
    2.9375 MB /   0.10 sec =  246.4696 Mbps     0 retrans   6992 KB-cwnd
    2.8125 MB /   0.10 sec =  235.6068 Mbps     0 retrans   6992 KB-cwnd
    3.1250 MB /   0.10 sec =  262.5010 Mbps     0 retrans   6992 KB-cwnd
    3.0000 MB /   0.10 sec =  251.6608 Mbps     0 retrans   6992 KB-cwnd
    2.8125 MB /   0.10 sec =  235.9249 Mbps     0 retrans   6992 KB-cwnd
    2.8750 MB /   0.10 sec =  241.1026 Mbps     0 retrans   6992 KB-cwnd
    2.4375 MB /   0.10 sec =  204.3926 Mbps     0 retrans   6992 KB-cwnd
    3.0625 MB /   0.10 sec =  257.0219 Mbps     0 retrans   6992 KB-cwnd
    2.8750 MB /   0.10 sec =  241.1484 Mbps     0 retrans   6992 KB-cwnd
    3.1250 MB /   0.10 sec =  261.9737 Mbps     0 retrans   6992 KB-cwnd
    2.8750 MB /   0.10 sec =  241.3535 Mbps     0 retrans   6992 KB-cwnd
    2.6875 MB /   0.10 sec =  225.2861 Mbps     0 retrans   6992 KB-cwnd
    2.9375 MB /   0.10 sec =  246.3390 Mbps     0 retrans   6992 KB-cwnd
    2.5000 MB /   0.10 sec =  209.9714 Mbps     0 retrans   6992 KB-cwnd
    2.8750 MB /   0.10 sec =  240.9628 Mbps     0 retrans   6992 KB-cwnd
    2.2500 MB /   0.10 sec =  188.5834 Mbps     0 retrans   6992 KB-cwnd
    2.5625 MB /   0.10 sec =  215.3306 Mbps     0 retrans   6992 KB-cwnd
    2.2500 MB /   0.10 sec =  188.7437 Mbps     0 retrans   6992 KB-cwnd
    3.2500 MB /   0.10 sec =  272.5698 Mbps     0 retrans   6992 KB-cwnd
    2.3750 MB /   0.10 sec =  199.2294 Mbps     0 retrans   6992 KB-cwnd
    2.7500 MB /   0.10 sec =  230.6867 Mbps     0 retrans   6992 KB-cwnd
    2.5000 MB /   0.10 sec =  209.7131 Mbps     0 retrans   6992 KB-cwnd
    2.9375 MB /   0.10 sec =  246.2381 Mbps     0 retrans   6992 KB-cwnd
    3.0000 MB /   0.10 sec =  251.8270 Mbps     0 retrans   6992 KB-cwnd
    3.6250 MB /   0.10 sec =  304.1266 Mbps     0 retrans   6992 KB-cwnd
    3.0000 MB /   0.10 sec =  251.6431 Mbps     0 retrans   6992 KB-cwnd
    2.6875 MB /   0.10 sec =  225.4416 Mbps     0 retrans   6992 KB-cwnd
    2.6875 MB /   0.10 sec =  225.4934 Mbps     0 retrans   6992 KB-cwnd
    2.3125 MB /   0.10 sec =  193.9536 Mbps     0 retrans   6992 KB-cwnd
    3.5000 MB /   0.10 sec =  293.5631 Mbps     0 retrans   6992 KB-cwnd
    2.3750 MB /   0.10 sec =  199.2454 Mbps     0 retrans   6992 KB-cwnd
    3.1250 MB /   0.10 sec =  262.1466 Mbps     0 retrans   6992 KB-cwnd
    2.5625 MB /   0.10 sec =  214.9409 Mbps     0 retrans   6992 KB-cwnd
    2.8125 MB /   0.10 sec =  236.0098 Mbps     0 retrans   6992 KB-cwnd
    2.8750 MB /   0.10 sec =  241.0977 Mbps     0 retrans   6992 KB-cwnd
    2.6875 MB /   0.10 sec =  225.4438 Mbps     0 retrans   6992 KB-cwnd
    3.8125 MB /   0.10 sec =  319.9021 Mbps     0 retrans   6992 KB-cwnd
    2.7500 MB /   0.10 sec =  230.6268 Mbps     0 retrans   6992 KB-cwnd
    2.6250 MB /   0.10 sec =  220.2582 Mbps     0 retrans   6992 KB-cwnd
    2.3125 MB /   0.10 sec =  193.9284 Mbps     0 retrans   6992 KB-cwnd
    3.0000 MB /   0.10 sec =  251.6759 Mbps     0 retrans   6992 KB-cwnd
    2.4375 MB /   0.10 sec =  204.3191 Mbps     0 retrans   6992 KB-cwnd
    2.5000 MB /   0.10 sec =  209.9188 Mbps     0 retrans   6992 KB-cwnd
    3.0625 MB /   0.10 sec =  256.8472 Mbps     0 retrans   6992 KB-cwnd
    2.7500 MB /   0.10 sec =  230.6983 Mbps     0 retrans   6992 KB-cwnd
    2.3750 MB /   0.10 sec =  199.2633 Mbps     0 retrans   6992 KB-cwnd
    3.1875 MB /   0.10 sec =  267.3388 Mbps     0 retrans   6992 KB-cwnd
    2.6250 MB /   0.10 sec =  220.2406 Mbps     0 retrans   6992 KB-cwnd
    3.0000 MB /   0.10 sec =  251.6029 Mbps     0 retrans   6992 KB-cwnd
    2.5625 MB /   0.10 sec =  214.7841 Mbps     0 retrans   6992 KB-cwnd
    2.8125 MB /   0.10 sec =  236.1729 Mbps     0 retrans   6992 KB-cwnd
    3.3125 MB /   0.10 sec =  277.8476 Mbps     0 retrans   6992 KB-cwnd
    2.7500 MB /   0.10 sec =  230.7075 Mbps     0 retrans   6992 KB-cwnd
    2.5625 MB /   0.10 sec =  214.9516 Mbps     0 retrans   6992 KB-cwnd
    3.0625 MB /   0.10 sec =  256.9088 Mbps     0 retrans   6992 KB-cwnd
    3.1250 MB /   0.10 sec =  262.0628 Mbps     0 retrans   6992 KB-cwnd
    3.8125 MB /   0.10 sec =  319.8413 Mbps     0 retrans   6992 KB-cwnd
    3.3750 MB /   0.10 sec =  283.1807 Mbps     0 retrans   6992 KB-cwnd
    2.3750 MB /   0.10 sec =  199.1856 Mbps     0 retrans   6992 KB-cwnd
    2.8125 MB /   0.10 sec =  235.2239 Mbps     0 retrans   6992 KB-cwnd
    2.5000 MB /   0.10 sec =  210.3378 Mbps     0 retrans   6992 KB-cwnd
    2.5625 MB /   0.10 sec =  214.9645 Mbps     0 retrans   6992 KB-cwnd
    2.7500 MB /   0.10 sec =  230.6890 Mbps     0 retrans   6992 KB-cwnd
    2.6250 MB /   0.10 sec =  220.2428 Mbps     0 retrans   6992 KB-cwnd
    2.3750 MB /   0.10 sec =  199.2016 Mbps     0 retrans   6992 KB-cwnd
    2.7500 MB /   0.10 sec =  230.6383 Mbps     0 retrans   6992 KB-cwnd
    2.5000 MB /   0.10 sec =  209.7928 Mbps     0 retrans   6992 KB-cwnd
    2.7500 MB /   0.10 sec =  230.6867 Mbps     0 retrans   6992 KB-cwnd
    2.5000 MB /   0.10 sec =  209.7173 Mbps     0 retrans   6992 KB-cwnd
    3.0000 MB /   0.10 sec =  251.6431 Mbps     0 retrans   6992 KB-cwnd
    2.6875 MB /   0.10 sec =  225.4596 Mbps     0 retrans   6992 KB-cwnd
    2.7500 MB /   0.10 sec =  230.6821 Mbps     0 retrans   7092 KB-cwnd
    2.3125 MB /   0.10 sec =  193.9342 Mbps     0 retrans   7092 KB-cwnd
    2.8750 MB /   0.10 sec =  241.1870 Mbps     0 retrans   7092 KB-cwnd
    3.2500 MB /   0.10 sec =  272.6270 Mbps     0 retrans   7092 KB-cwnd
    2.8125 MB /   0.10 sec =  235.9249 Mbps     0 retrans   7092 KB-cwnd
    3.3125 MB /   0.10 sec =  277.9421 Mbps     0 retrans   7092 KB-cwnd
    2.3750 MB /   0.10 sec =  199.2274 Mbps     0 retrans   7092 KB-cwnd
    3.2500 MB /   0.10 sec =  272.5453 Mbps     0 retrans   7092 KB-cwnd
    3.2500 MB /   0.10 sec =  272.7061 Mbps     0 retrans   7092 KB-cwnd
    2.9375 MB /   0.10 sec =  246.1815 Mbps     0 retrans   7092 KB-cwnd
    2.6250 MB /   0.10 sec =  220.4192 Mbps     0 retrans   7092 KB-cwnd
    2.6875 MB /   0.10 sec =  225.3807 Mbps     0 retrans   7092 KB-cwnd
    2.2500 MB /   0.10 sec =  188.5325 Mbps     0 retrans   7092 KB-cwnd
    3.0000 MB /   0.10 sec =  251.9707 Mbps     0 retrans   7092 KB-cwnd
    2.4375 MB /   0.10 sec =  204.3027 Mbps     0 retrans   7092 KB-cwnd
    2.5000 MB /   0.10 sec =  209.8705 Mbps     0 retrans   7092 KB-cwnd
    2.8125 MB /   0.10 sec =  235.9886 Mbps     0 retrans   7092 KB-cwnd
    3.1875 MB /   0.10 sec =  267.3842 Mbps     0 retrans   7092 KB-cwnd
    2.6875 MB /   0.10 sec =  225.3424 Mbps     0 retrans   7092 KB-cwnd
    2.6250 MB /   0.10 sec =  220.2648 Mbps     0 retrans   7092 KB-cwnd
    2.8125 MB /   0.10 sec =  235.9154 Mbps     0 retrans   7092 KB-cwnd
    2.5625 MB /   0.10 sec =  215.0075 Mbps     0 retrans   7092 KB-cwnd
    3.3125 MB /   0.10 sec =  277.8060 Mbps     0 retrans   7092 KB-cwnd
    2.6875 MB /   0.10 sec =  225.2659 Mbps     0 retrans   7092 KB-cwnd
    2.6875 MB /   0.10 sec =  225.4529 Mbps     0 retrans   7092 KB-cwnd
    2.5000 MB /   0.10 sec =  209.9188 Mbps     0 retrans   7092 KB-cwnd
    2.2500 MB /   0.10 sec =  188.4855 Mbps     0 retrans   7092 KB-cwnd
    2.8125 MB /   0.10 sec =  235.9438 Mbps     0 retrans   7092 KB-cwnd
    2.5625 MB /   0.10 sec =  215.1926 Mbps     0 retrans   7092 KB-cwnd
    2.6250 MB /   0.10 sec =  220.2604 Mbps     0 retrans   7092 KB-cwnd
    2.6875 MB /   0.10 sec =  225.1804 Mbps     0 retrans   7092 KB-cwnd
    2.7500 MB /   0.10 sec =  230.9408 Mbps     0 retrans   7092 KB-cwnd
    2.4375 MB /   0.10 sec =  204.4785 Mbps     0 retrans   7092 KB-cwnd
    2.5000 MB /   0.10 sec =  209.6817 Mbps     0 retrans   7092 KB-cwnd
    2.5000 MB /   0.10 sec =  209.5517 Mbps     0 retrans   7092 KB-cwnd
    3.0625 MB /   0.10 sec =  256.8934 Mbps     0 retrans   7092 KB-cwnd
    3.1250 MB /   0.10 sec =  262.0523 Mbps     0 retrans   7092 KB-cwnd
    2.5625 MB /   0.10 sec =  215.2422 Mbps     0 retrans   7092 KB-cwnd
    3.5000 MB /   0.10 sec =  293.5367 Mbps     0 retrans   7092 KB-cwnd
    3.1875 MB /   0.10 sec =  267.3815 Mbps     0 retrans   7092 KB-cwnd
    2.7500 MB /   0.10 sec =  230.6268 Mbps     0 retrans   7092 KB-cwnd
    2.6875 MB /   0.10 sec =  225.5025 Mbps     0 retrans   7092 KB-cwnd
    2.8125 MB /   0.10 sec =  235.9320 Mbps     0 retrans   7623 KB-cwnd
    3.2500 MB /   0.10 sec =  272.4282 Mbps     0 retrans   7623 KB-cwnd
    3.6250 MB /   0.10 sec =  304.2940 Mbps     0 retrans   7623 KB-cwnd
    3.5000 MB /   0.10 sec =  293.6189 Mbps     0 retrans   7623 KB-cwnd
    3.0000 MB /   0.10 sec =  251.3842 Mbps     0 retrans   7623 KB-cwnd
    2.7500 MB /   0.10 sec =  230.9384 Mbps     0 retrans   7623 KB-cwnd
    2.5000 MB /   0.10 sec =  209.4722 Mbps     0 retrans   7623 KB-cwnd
    3.4375 MB /   0.10 sec =  288.3786 Mbps     0 retrans   7623 KB-cwnd
    3.6250 MB /   0.10 sec =  304.4067 Mbps     0 retrans   7623 KB-cwnd
    3.6875 MB /   0.10 sec =  309.4166 Mbps     0 retrans   7623 KB-cwnd
    4.0000 MB /   0.10 sec =  335.5443 Mbps     0 retrans   7623 KB-cwnd
    2.8750 MB /   0.10 sec =  241.1315 Mbps     0 retrans   7623 KB-cwnd
    2.6250 MB /   0.10 sec =  220.2340 Mbps     0 retrans   7623 KB-cwnd
    3.0625 MB /   0.10 sec =  256.9037 Mbps     0 retrans   7623 KB-cwnd
    2.6250 MB /   0.10 sec =  220.2032 Mbps     0 retrans   7623 KB-cwnd
    2.8125 MB /   0.10 sec =  235.9272 Mbps     0 retrans   7623 KB-cwnd
    3.3750 MB /   0.10 sec =  283.1184 Mbps     0 retrans   7623 KB-cwnd
    3.1875 MB /   0.10 sec =  267.1171 Mbps     0 retrans   7623 KB-cwnd
    3.5625 MB /   0.10 sec =  299.0685 Mbps     0 retrans   7623 KB-cwnd
    2.8750 MB /   0.10 sec =  241.2304 Mbps     0 retrans   7623 KB-cwnd
    3.0000 MB /   0.10 sec =  251.6658 Mbps     0 retrans   7623 KB-cwnd
    3.1250 MB /   0.10 sec =  262.1440 Mbps     0 retrans   7623 KB-cwnd
    2.5000 MB /   0.10 sec =  209.7026 Mbps     0 retrans   7623 KB-cwnd
    2.5000 MB /   0.10 sec =  209.7236 Mbps     0 retrans   7623 KB-cwnd
    2.6875 MB /   0.10 sec =  225.4438 Mbps     0 retrans   7623 KB-cwnd
    2.5000 MB /   0.10 sec =  209.4659 Mbps     0 retrans   7623 KB-cwnd
    2.5000 MB /   0.10 sec =  209.9672 Mbps     0 retrans   7623 KB-cwnd
    2.6250 MB /   0.10 sec =  220.1789 Mbps     0 retrans   7623 KB-cwnd
    2.5625 MB /   0.10 sec =  214.7069 Mbps     0 retrans   7623 KB-cwnd
    2.7500 MB /   0.10 sec =  230.9731 Mbps     0 retrans   7623 KB-cwnd
    2.4375 MB /   0.10 sec =  204.4785 Mbps     0 retrans   7623 KB-cwnd
    2.6875 MB /   0.10 sec =  225.4100 Mbps     0 retrans   7623 KB-cwnd
    2.3750 MB /   0.10 sec =  199.1956 Mbps     0 retrans   7623 KB-cwnd
    2.4375 MB /   0.10 sec =  204.5316 Mbps     0 retrans   7623 KB-cwnd
    2.5000 MB /   0.10 sec =  209.7215 Mbps     0 retrans   7623 KB-cwnd
    2.7500 MB /   0.10 sec =  230.6844 Mbps     0 retrans   7623 KB-cwnd
    2.5625 MB /   0.10 sec =  214.9108 Mbps     0 retrans   7623 KB-cwnd
    2.7500 MB /   0.10 sec =  230.7029 Mbps     0 retrans   7623 KB-cwnd
    2.6250 MB /   0.10 sec =  220.2340 Mbps     0 retrans   7623 KB-cwnd
    2.6250 MB /   0.10 sec =  219.9854 Mbps     0 retrans   7623 KB-cwnd
    2.7500 MB /   0.10 sec =  230.9130 Mbps     0 retrans   7623 KB-cwnd
    2.5625 MB /   0.10 sec =  214.9581 Mbps     0 retrans   7623 KB-cwnd
    3.0625 MB /   0.10 sec =  256.6547 Mbps     0 retrans   7623 KB-cwnd
    2.7500 MB /   0.10 sec =  230.8599 Mbps     0 retrans   7623 KB-cwnd
    2.5625 MB /   0.10 sec =  215.0054 Mbps     0 retrans   7623 KB-cwnd
    2.5000 MB /   0.10 sec =  209.7152 Mbps     0 retrans   7623 KB-cwnd
    2.5000 MB /   0.10 sec =  209.7152 Mbps     0 retrans   7623 KB-cwnd
    3.0625 MB /   0.10 sec =  256.7471 Mbps     0 retrans   7623 KB-cwnd
    2.5625 MB /   0.10 sec =  214.9366 Mbps     0 retrans   7623 KB-cwnd
    2.6250 MB /   0.10 sec =  220.1679 Mbps     0 retrans   7623 KB-cwnd
    3.1250 MB /   0.10 sec =  262.3014 Mbps     0 retrans   7623 KB-cwnd
    2.5000 MB /   0.10 sec =  209.4597 Mbps     0 retrans   7623 KB-cwnd
nuttcp-t: 860.7126 MB in 30.00 real seconds = 29378.86 KB/sec = 240.6716 Mbps
nuttcp-t: retrans = 0 cwnd = 7623 KB
nuttcp-t: 13772 I/O calls, msec/call = 2.23, calls/sec = 459.06
nuttcp-t: 0.0user 0.2sys 0:30real 0% 0i+0d 2222maxrss 0+1pf 79+8csw

nuttcp-r: 860.7126 MB in 31.09 real seconds = 28351.00 KB/sec = 232.2514 Mbps
nuttcp-r: 126155 I/O calls, msec/call = 0.25, calls/sec = 4058.03
nuttcp-r: 0.0user 1.6sys 0:31real 5% 0i+0d 92maxrss 0+14pf 103901+80csw
