nuttcp-t: v8.1.4: socket
nuttcp-t: buflen=65536, nstream=1, port=5007 tcp -> 155.146.178.233
nuttcp-t: time limit = 30.00 seconds
nuttcp-t: connect to 155.146.178.233 with mss=1376, RTT=22.132 ms af=inet
nuttcp-t: send window size = 33554432, receive window size = 6291456
nuttcp-t: available send window = 25165824, available receive window = 4718592
nuttcp-t: initial congestion window = 13 KB (10 packets)
nuttcp-r: Warning: receive window size 25000000 < requested window size 26214400
nuttcp-r: v6.1.2: socket
nuttcp-r: buflen=65536, nstream=1, port=5007 tcp
nuttcp-r: interval reporting every 0.10 seconds
nuttcp-r: accept from 174.209.42.195
nuttcp-r: send window size = 25000000, receive window size = 50000000
nuttcp-r: available send window = 12500000, available receive window = 25000000
    0.3125 MB /   0.10 sec =   26.1772 Mbps     0 retrans   5401 KB-cwnd
    1.2500 MB /   0.10 sec =  104.9174 Mbps     0 retrans   5401 KB-cwnd
    3.3125 MB /   0.10 sec =  277.9977 Mbps     0 retrans   5401 KB-cwnd
    3.4375 MB /   0.10 sec =  288.3411 Mbps     0 retrans   5401 KB-cwnd
    3.2500 MB /   0.10 sec =  272.4173 Mbps     0 retrans   5694 KB-cwnd
    3.4375 MB /   0.10 sec =  288.5055 Mbps     0 retrans   5694 KB-cwnd
    3.1875 MB /   0.10 sec =  267.5715 Mbps     0 retrans   5694 KB-cwnd
    3.6250 MB /   0.10 sec =  304.0050 Mbps     0 retrans   5694 KB-cwnd
    3.4375 MB /   0.10 sec =  288.4247 Mbps     0 retrans   5694 KB-cwnd
    3.3750 MB /   0.10 sec =  283.0448 Mbps     0 retrans   5694 KB-cwnd
    3.3125 MB /   0.10 sec =  277.8865 Mbps     0 retrans   5701 KB-cwnd
    3.2500 MB /   0.10 sec =  271.7926 Mbps     0 retrans   5701 KB-cwnd
    3.5000 MB /   0.10 sec =  294.5231 Mbps     0 retrans   5701 KB-cwnd
    3.3750 MB /   0.10 sec =  283.0787 Mbps     0 retrans   5701 KB-cwnd
    3.3125 MB /   0.10 sec =  277.9560 Mbps     0 retrans   5701 KB-cwnd
    3.5000 MB /   0.10 sec =  293.5279 Mbps     0 retrans   5701 KB-cwnd
    2.9375 MB /   0.10 sec =  246.2331 Mbps     0 retrans   5701 KB-cwnd
    3.6250 MB /   0.10 sec =  303.6286 Mbps     0 retrans   5817 KB-cwnd
    3.3125 MB /   0.10 sec =  278.5802 Mbps     0 retrans   5817 KB-cwnd
    3.2500 MB /   0.10 sec =  272.2731 Mbps     0 retrans   5817 KB-cwnd
    3.1875 MB /   0.10 sec =  267.6572 Mbps     0 retrans   5817 KB-cwnd
    3.3750 MB /   0.10 sec =  282.9288 Mbps     0 retrans   5817 KB-cwnd
    3.1875 MB /   0.10 sec =  267.5715 Mbps     0 retrans   5817 KB-cwnd
    3.3750 MB /   0.10 sec =  283.1976 Mbps     0 retrans   5817 KB-cwnd
    2.9375 MB /   0.10 sec =  246.0831 Mbps     0 retrans   5817 KB-cwnd
    3.6875 MB /   0.10 sec =  309.4320 Mbps     0 retrans   5817 KB-cwnd
    3.3750 MB /   0.10 sec =  283.0957 Mbps     0 retrans   5817 KB-cwnd
    3.1875 MB /   0.10 sec =  267.5822 Mbps     0 retrans   8290 KB-cwnd
    3.2500 MB /   0.10 sec =  272.4418 Mbps     0 retrans   8290 KB-cwnd
    3.1875 MB /   0.10 sec =  267.4404 Mbps     0 retrans   8290 KB-cwnd
    3.6875 MB /   0.10 sec =  309.5001 Mbps     0 retrans   8290 KB-cwnd
    3.2500 MB /   0.10 sec =  272.4608 Mbps     0 retrans   8290 KB-cwnd
    3.3125 MB /   0.10 sec =  277.8337 Mbps     0 retrans   8290 KB-cwnd
    3.4375 MB /   0.10 sec =  288.5748 Mbps     0 retrans   8290 KB-cwnd
    2.9375 MB /   0.10 sec =  246.2381 Mbps     0 retrans   8290 KB-cwnd
    3.7500 MB /   0.10 sec =  314.8625 Mbps     0 retrans   8290 KB-cwnd
    3.3125 MB /   0.10 sec =  277.8143 Mbps     0 retrans   8290 KB-cwnd
    3.5000 MB /   0.10 sec =  293.2904 Mbps     0 retrans   8290 KB-cwnd
    3.0000 MB /   0.10 sec =  251.9202 Mbps     0 retrans   8290 KB-cwnd
    3.1250 MB /   0.10 sec =  261.8743 Mbps     0 retrans   8290 KB-cwnd
    3.4375 MB /   0.10 sec =  288.4507 Mbps     0 retrans   8290 KB-cwnd
    3.3125 MB /   0.10 sec =  278.0756 Mbps     0 retrans   8290 KB-cwnd
    3.2500 MB /   0.10 sec =  272.4282 Mbps     0 retrans   8290 KB-cwnd
    3.3750 MB /   0.10 sec =  283.3337 Mbps     0 retrans   8290 KB-cwnd
    3.0625 MB /   0.10 sec =  256.7676 Mbps     0 retrans   8290 KB-cwnd
    3.4375 MB /   0.10 sec =  288.5084 Mbps     0 retrans   8290 KB-cwnd
    2.5000 MB /   0.10 sec =  209.6125 Mbps     0 retrans   8290 KB-cwnd
    2.1875 MB /   0.10 sec =  183.3853 Mbps     0 retrans   8290 KB-cwnd
    2.3750 MB /   0.10 sec =  199.4508 Mbps     0 retrans   8290 KB-cwnd
    1.9375 MB /   0.10 sec =  162.3815 Mbps     0 retrans   8290 KB-cwnd
    2.5000 MB /   0.10 sec =  209.7467 Mbps     0 retrans   8290 KB-cwnd
    2.3125 MB /   0.10 sec =  194.1807 Mbps     0 retrans   8290 KB-cwnd
    2.1250 MB /   0.10 sec =  178.2205 Mbps     0 retrans   8290 KB-cwnd
    2.1875 MB /   0.10 sec =  183.3559 Mbps     0 retrans   8290 KB-cwnd
    1.9375 MB /   0.10 sec =  162.4708 Mbps     0 retrans   8290 KB-cwnd
    2.1250 MB /   0.10 sec =  178.3239 Mbps     0 retrans   8290 KB-cwnd
    2.3750 MB /   0.10 sec =  199.3770 Mbps     0 retrans   8290 KB-cwnd
    1.5000 MB /   0.10 sec =  125.7952 Mbps     0 retrans   8290 KB-cwnd
    2.1250 MB /   0.10 sec =  178.2971 Mbps     0 retrans   8290 KB-cwnd
    1.8750 MB /   0.10 sec =  157.1403 Mbps     0 retrans   8290 KB-cwnd
    2.2500 MB /   0.10 sec =  188.9288 Mbps     0 retrans   8290 KB-cwnd
    2.0000 MB /   0.10 sec =  167.8158 Mbps     0 retrans   8290 KB-cwnd
    2.1875 MB /   0.10 sec =  183.3010 Mbps     0 retrans   8290 KB-cwnd
    2.0625 MB /   0.10 sec =  173.2038 Mbps     0 retrans   8290 KB-cwnd
    2.3125 MB /   0.10 sec =  193.8877 Mbps     0 retrans   8290 KB-cwnd
    2.0625 MB /   0.10 sec =  173.0254 Mbps     0 retrans   8290 KB-cwnd
    2.3125 MB /   0.10 sec =  193.8315 Mbps     0 retrans   8290 KB-cwnd
    2.1250 MB /   0.10 sec =  178.3025 Mbps     0 retrans   8290 KB-cwnd
    2.0625 MB /   0.10 sec =  172.9580 Mbps     0 retrans   8290 KB-cwnd
    2.5000 MB /   0.10 sec =  209.9293 Mbps     0 retrans   8290 KB-cwnd
    2.1875 MB /   0.10 sec =  183.4623 Mbps     0 retrans   8290 KB-cwnd
    1.9375 MB /   0.10 sec =  162.4497 Mbps     0 retrans   8290 KB-cwnd
    2.4375 MB /   0.10 sec =  204.6217 Mbps     0 retrans   8290 KB-cwnd
    1.9375 MB /   0.10 sec =  162.4156 Mbps     0 retrans   8290 KB-cwnd
    2.3750 MB /   0.10 sec =  199.3650 Mbps     0 retrans   8290 KB-cwnd
    2.0000 MB /   0.10 sec =  167.7705 Mbps     0 retrans   8290 KB-cwnd
    2.1250 MB /   0.10 sec =  178.2686 Mbps     0 retrans   8290 KB-cwnd
    2.2500 MB /   0.10 sec =  188.7569 Mbps     0 retrans   8290 KB-cwnd
    2.1875 MB /   0.10 sec =  183.4880 Mbps     0 retrans   8290 KB-cwnd
    2.0000 MB /   0.10 sec =  167.6012 Mbps     0 retrans   8290 KB-cwnd
    2.4375 MB /   0.10 sec =  204.6749 Mbps     0 retrans   8290 KB-cwnd
    2.1250 MB /   0.10 sec =  178.1332 Mbps     0 retrans   8290 KB-cwnd
    2.3125 MB /   0.10 sec =  194.1769 Mbps     0 retrans   8290 KB-cwnd
    2.1875 MB /   0.10 sec =  183.3541 Mbps     0 retrans   8290 KB-cwnd
    2.1250 MB /   0.10 sec =  178.3578 Mbps     0 retrans   8290 KB-cwnd
    2.0625 MB /   0.10 sec =  173.0098 Mbps     0 retrans   8290 KB-cwnd
    2.1875 MB /   0.10 sec =  183.4861 Mbps     0 retrans   8290 KB-cwnd
    2.1875 MB /   0.10 sec =  183.5173 Mbps     0 retrans   8290 KB-cwnd
    1.6250 MB /   0.10 sec =  136.1923 Mbps     0 retrans   8290 KB-cwnd
    2.4375 MB /   0.10 sec =  204.7098 Mbps     0 retrans   8290 KB-cwnd
    2.1875 MB /   0.10 sec =  183.4513 Mbps     0 retrans   8290 KB-cwnd
    2.0625 MB /   0.10 sec =  173.0168 Mbps     0 retrans   8290 KB-cwnd
    2.0625 MB /   0.10 sec =  173.0254 Mbps     0 retrans   8290 KB-cwnd
    2.3125 MB /   0.10 sec =  193.8257 Mbps     0 retrans   8290 KB-cwnd
    2.2500 MB /   0.10 sec =  188.6871 Mbps     0 retrans   8290 KB-cwnd
    2.1875 MB /   0.10 sec =  183.6900 Mbps     0 retrans   8290 KB-cwnd
    2.1875 MB /   0.10 sec =  183.5045 Mbps     0 retrans   8290 KB-cwnd
    2.2500 MB /   0.10 sec =  188.7475 Mbps     0 retrans   8290 KB-cwnd
    2.0625 MB /   0.10 sec =  172.8249 Mbps     0 retrans   8290 KB-cwnd
    1.9375 MB /   0.10 sec =  162.5992 Mbps     0 retrans   8290 KB-cwnd
    2.3125 MB /   0.10 sec =  194.0894 Mbps     0 retrans   8290 KB-cwnd
    1.9375 MB /   0.10 sec =  162.4075 Mbps     0 retrans   8290 KB-cwnd
    2.1250 MB /   0.10 sec =  178.4114 Mbps     0 retrans   8290 KB-cwnd
    1.9375 MB /   0.10 sec =  162.4075 Mbps     0 retrans   8290 KB-cwnd
    2.3750 MB /   0.10 sec =  199.4329 Mbps     0 retrans   8290 KB-cwnd
    2.1250 MB /   0.10 sec =  178.2134 Mbps     0 retrans   8290 KB-cwnd
    2.0625 MB /   0.10 sec =  172.8906 Mbps     0 retrans   8290 KB-cwnd
    1.5000 MB /   0.10 sec =  125.8304 Mbps     0 retrans   8290 KB-cwnd
    2.4375 MB /   0.10 sec =  204.6319 Mbps     0 retrans   8290 KB-cwnd
    2.0625 MB /   0.10 sec =  172.9995 Mbps     0 retrans   8290 KB-cwnd
    2.1875 MB /   0.10 sec =  183.5063 Mbps     0 retrans   8290 KB-cwnd
    2.0625 MB /   0.10 sec =  173.0081 Mbps     0 retrans   8290 KB-cwnd
    2.2500 MB /   0.10 sec =  188.8022 Mbps     0 retrans   8290 KB-cwnd
    2.1250 MB /   0.10 sec =  178.0798 Mbps     0 retrans   8290 KB-cwnd
    2.0625 MB /   0.10 sec =  173.1293 Mbps     0 retrans   8290 KB-cwnd
    2.3125 MB /   0.10 sec =  193.9924 Mbps     0 retrans   8290 KB-cwnd
    2.1875 MB /   0.10 sec =  183.5540 Mbps     0 retrans   8290 KB-cwnd
    2.1250 MB /   0.10 sec =  178.2597 Mbps     0 retrans   8290 KB-cwnd
    2.1250 MB /   0.10 sec =  178.2134 Mbps     0 retrans   8290 KB-cwnd
    2.0625 MB /   0.10 sec =  172.6559 Mbps     0 retrans   8290 KB-cwnd
    2.0625 MB /   0.10 sec =  173.2385 Mbps     0 retrans   8290 KB-cwnd
    1.9375 MB /   0.10 sec =  162.6610 Mbps     0 retrans   8290 KB-cwnd
    2.1250 MB /   0.10 sec =  178.2882 Mbps     0 retrans   8290 KB-cwnd
    1.9375 MB /   0.10 sec =  162.5342 Mbps     0 retrans   8290 KB-cwnd
    1.9375 MB /   0.10 sec =  162.4237 Mbps     0 retrans   8290 KB-cwnd
    2.1250 MB /   0.10 sec =  178.1671 Mbps     0 retrans   8290 KB-cwnd
    2.2500 MB /   0.10 sec =  188.9686 Mbps     0 retrans   8290 KB-cwnd
    1.8125 MB /   0.10 sec =  151.8931 Mbps     0 retrans   8290 KB-cwnd
    2.1875 MB /   0.10 sec =  183.4714 Mbps     0 retrans   8290 KB-cwnd
    2.3750 MB /   0.10 sec =  199.4089 Mbps     0 retrans   8290 KB-cwnd
    2.2500 MB /   0.10 sec =  188.7890 Mbps     0 retrans   8290 KB-cwnd
    2.0000 MB /   0.10 sec =  167.7671 Mbps     0 retrans   8290 KB-cwnd
    2.3125 MB /   0.10 sec =  193.9575 Mbps     0 retrans   8290 KB-cwnd
    2.0000 MB /   0.10 sec =  167.6230 Mbps     0 retrans   8290 KB-cwnd
    2.2500 MB /   0.10 sec =  188.9459 Mbps     0 retrans   8290 KB-cwnd
    2.0000 MB /   0.10 sec =  167.5510 Mbps     0 retrans   8290 KB-cwnd
    2.2500 MB /   0.10 sec =  188.8135 Mbps     0 retrans   8290 KB-cwnd
    2.2500 MB /   0.10 sec =  188.9118 Mbps     0 retrans   8290 KB-cwnd
    2.1875 MB /   0.10 sec =  183.5155 Mbps     0 retrans   8290 KB-cwnd
    2.1250 MB /   0.10 sec =  178.2526 Mbps     0 retrans   8290 KB-cwnd
    2.0000 MB /   0.10 sec =  167.7319 Mbps     0 retrans   8290 KB-cwnd
    2.2500 MB /   0.10 sec =  188.7437 Mbps     0 retrans   8290 KB-cwnd
    2.2500 MB /   0.10 sec =  188.7116 Mbps     0 retrans   8290 KB-cwnd
    1.7500 MB /   0.10 sec =  146.7214 Mbps     0 retrans   8290 KB-cwnd
    2.5000 MB /   0.10 sec =  209.8663 Mbps     0 retrans   8290 KB-cwnd
    2.2500 MB /   0.10 sec =  188.6098 Mbps     0 retrans   8290 KB-cwnd
    2.2500 MB /   0.10 sec =  188.8494 Mbps     0 retrans   8290 KB-cwnd
    2.3125 MB /   0.10 sec =  194.0390 Mbps     0 retrans   8290 KB-cwnd
    2.1250 MB /   0.10 sec =  178.2829 Mbps     0 retrans   8290 KB-cwnd
    2.1875 MB /   0.10 sec =  183.5008 Mbps     0 retrans   8290 KB-cwnd
    2.1250 MB /   0.10 sec =  178.2062 Mbps     0 retrans   8290 KB-cwnd
    2.3125 MB /   0.10 sec =  193.7618 Mbps     0 retrans   8290 KB-cwnd
    2.2500 MB /   0.10 sec =  188.8419 Mbps     0 retrans   8290 KB-cwnd
    2.1875 MB /   0.10 sec =  183.4898 Mbps     0 retrans   8290 KB-cwnd
    2.0625 MB /   0.10 sec =  173.1154 Mbps     0 retrans   8290 KB-cwnd
    2.0000 MB /   0.10 sec =  167.5025 Mbps     0 retrans   8290 KB-cwnd
    2.1250 MB /   0.10 sec =  178.6152 Mbps     0 retrans   8290 KB-cwnd
    2.0000 MB /   0.10 sec =  167.6096 Mbps     0 retrans   8290 KB-cwnd
    2.2500 MB /   0.10 sec =  188.8778 Mbps     0 retrans   8290 KB-cwnd
    2.1250 MB /   0.10 sec =  178.2847 Mbps     0 retrans   8290 KB-cwnd
    2.0625 MB /   0.10 sec =  172.9839 Mbps     0 retrans   8290 KB-cwnd
    2.0000 MB /   0.10 sec =  167.6565 Mbps     0 retrans   8290 KB-cwnd
    2.3750 MB /   0.10 sec =  199.3750 Mbps     0 retrans   8290 KB-cwnd
    2.1250 MB /   0.10 sec =  178.2579 Mbps     0 retrans   8290 KB-cwnd
    2.2500 MB /   0.10 sec =  188.7626 Mbps     0 retrans   8290 KB-cwnd
    2.0000 MB /   0.10 sec =  167.6330 Mbps     0 retrans   8290 KB-cwnd
    2.1875 MB /   0.10 sec =  183.6330 Mbps     0 retrans   8290 KB-cwnd
    2.0000 MB /   0.10 sec =  167.5979 Mbps     0 retrans   8290 KB-cwnd
    2.0625 MB /   0.10 sec =  173.0756 Mbps     0 retrans   8290 KB-cwnd
    2.3750 MB /   0.10 sec =  199.2235 Mbps     0 retrans   8290 KB-cwnd
    2.0000 MB /   0.10 sec =  167.9014 Mbps     0 retrans   8290 KB-cwnd
    2.3750 MB /   0.10 sec =  199.2573 Mbps     0 retrans   8290 KB-cwnd
    2.3125 MB /   0.10 sec =  193.9633 Mbps     0 retrans   8290 KB-cwnd
    2.0625 MB /   0.10 sec =  173.0047 Mbps     0 retrans   8290 KB-cwnd
    2.0625 MB /   0.10 sec =  173.0150 Mbps     0 retrans   8290 KB-cwnd
    2.3125 MB /   0.10 sec =  194.0390 Mbps     0 retrans   8290 KB-cwnd
    2.1250 MB /   0.10 sec =  178.2045 Mbps     0 retrans   8290 KB-cwnd
    2.0000 MB /   0.10 sec =  167.6565 Mbps     0 retrans   8290 KB-cwnd
    2.3125 MB /   0.10 sec =  193.9827 Mbps     0 retrans   8290 KB-cwnd
    2.1875 MB /   0.10 sec =  183.6937 Mbps     0 retrans   8290 KB-cwnd
    2.1250 MB /   0.10 sec =  178.0389 Mbps     0 retrans   8290 KB-cwnd
    2.1875 MB /   0.10 sec =  183.6404 Mbps     0 retrans   8290 KB-cwnd
    2.0000 MB /   0.10 sec =  167.7973 Mbps     0 retrans   8290 KB-cwnd
    2.1250 MB /   0.10 sec =  178.1368 Mbps     0 retrans   8290 KB-cwnd
    2.2500 MB /   0.10 sec =  188.7399 Mbps     0 retrans   8290 KB-cwnd
    1.7500 MB /   0.10 sec =  146.8844 Mbps     0 retrans   8290 KB-cwnd
    2.0625 MB /   0.10 sec =  172.9096 Mbps     0 retrans   8290 KB-cwnd
    2.2500 MB /   0.10 sec =  188.7475 Mbps     0 retrans   8290 KB-cwnd
    2.1875 MB /   0.10 sec =  183.6826 Mbps     0 retrans   8290 KB-cwnd
    2.0000 MB /   0.10 sec =  167.6498 Mbps     0 retrans   8290 KB-cwnd
    2.3125 MB /   0.10 sec =  194.0797 Mbps     0 retrans   8290 KB-cwnd
    2.1250 MB /   0.10 sec =  178.0745 Mbps     0 retrans   8290 KB-cwnd
    2.3750 MB /   0.10 sec =  199.2852 Mbps     0 retrans   8290 KB-cwnd
    2.3125 MB /   0.10 sec =  193.8954 Mbps     0 retrans   8290 KB-cwnd
    2.0625 MB /   0.10 sec =  173.1484 Mbps     0 retrans   8290 KB-cwnd
    2.0625 MB /   0.10 sec =  172.8854 Mbps     0 retrans   8290 KB-cwnd
    2.1250 MB /   0.10 sec =  178.4685 Mbps     0 retrans   8290 KB-cwnd
    2.1250 MB /   0.10 sec =  178.2579 Mbps     0 retrans   8290 KB-cwnd
    2.1250 MB /   0.10 sec =  178.2615 Mbps     0 retrans   8290 KB-cwnd
    1.9375 MB /   0.10 sec =  162.5667 Mbps     0 retrans   8290 KB-cwnd
    2.1875 MB /   0.10 sec =  183.4953 Mbps     0 retrans   8290 KB-cwnd
    2.1250 MB /   0.10 sec =  178.1332 Mbps     0 retrans   8290 KB-cwnd
    2.0000 MB /   0.10 sec =  167.8846 Mbps     0 retrans   8290 KB-cwnd
    2.3125 MB /   0.10 sec =  194.0021 Mbps     0 retrans   8290 KB-cwnd
    2.0000 MB /   0.10 sec =  167.6967 Mbps     0 retrans   8290 KB-cwnd
    1.9375 MB /   0.10 sec =  162.5732 Mbps     0 retrans   8290 KB-cwnd
    2.1250 MB /   0.10 sec =  178.1154 Mbps     0 retrans   8290 KB-cwnd
    2.1250 MB /   0.10 sec =  178.3828 Mbps     0 retrans   8290 KB-cwnd
    2.2500 MB /   0.10 sec =  188.7059 Mbps     0 retrans   8290 KB-cwnd
    2.1875 MB /   0.10 sec =  183.3651 Mbps     0 retrans   8290 KB-cwnd
    1.8750 MB /   0.10 sec =  157.3635 Mbps     0 retrans   8290 KB-cwnd
    2.2500 MB /   0.10 sec =  188.8438 Mbps     0 retrans   8290 KB-cwnd
    2.2500 MB /   0.10 sec =  188.6079 Mbps     0 retrans   8290 KB-cwnd
    2.1250 MB /   0.10 sec =  178.4167 Mbps     0 retrans   8290 KB-cwnd
    2.1250 MB /   0.10 sec =  178.2169 Mbps     0 retrans   8290 KB-cwnd
    2.1875 MB /   0.10 sec =  183.5008 Mbps     0 retrans   8290 KB-cwnd
    2.1875 MB /   0.10 sec =  183.4678 Mbps     0 retrans   8290 KB-cwnd
    1.9375 MB /   0.10 sec =  162.5520 Mbps     0 retrans   8290 KB-cwnd
    2.1875 MB /   0.10 sec =  183.5540 Mbps     0 retrans   8290 KB-cwnd
    2.2500 MB /   0.10 sec =  188.7456 Mbps     0 retrans   8290 KB-cwnd
    2.1875 MB /   0.10 sec =  183.3963 Mbps     0 retrans   8290 KB-cwnd
    1.8750 MB /   0.10 sec =  157.2047 Mbps     0 retrans   8290 KB-cwnd
    2.2500 MB /   0.10 sec =  188.9061 Mbps     0 retrans   8290 KB-cwnd
    2.2500 MB /   0.10 sec =  188.7871 Mbps     0 retrans   8290 KB-cwnd
    2.0625 MB /   0.10 sec =  172.9683 Mbps     0 retrans   8290 KB-cwnd
    2.0625 MB /   0.10 sec =  173.0202 Mbps     0 retrans   8290 KB-cwnd
    1.8750 MB /   0.10 sec =  157.0963 Mbps     0 retrans   8290 KB-cwnd
    2.4375 MB /   0.10 sec =  204.7180 Mbps     0 retrans   8290 KB-cwnd
    2.1250 MB /   0.10 sec =  178.3007 Mbps     0 retrans   8290 KB-cwnd
    2.1875 MB /   0.10 sec =  183.4036 Mbps     0 retrans   8290 KB-cwnd
    2.0625 MB /   0.10 sec =  173.0479 Mbps     0 retrans   8290 KB-cwnd
    2.2500 MB /   0.10 sec =  188.7626 Mbps     0 retrans   8290 KB-cwnd
    2.1250 MB /   0.10 sec =  178.1760 Mbps     0 retrans   8290 KB-cwnd
    2.1875 MB /   0.10 sec =  183.6257 Mbps     0 retrans   8290 KB-cwnd
    2.1250 MB /   0.10 sec =  178.2615 Mbps     0 retrans   8290 KB-cwnd
    2.0000 MB /   0.10 sec =  167.5510 Mbps     0 retrans   8290 KB-cwnd
    2.1250 MB /   0.10 sec =  178.4953 Mbps     0 retrans   8290 KB-cwnd
    2.1250 MB /   0.10 sec =  178.0816 Mbps     0 retrans   8290 KB-cwnd
    2.0000 MB /   0.10 sec =  167.9317 Mbps     0 retrans   8290 KB-cwnd
    2.1875 MB /   0.10 sec =  183.3303 Mbps     0 retrans   8290 KB-cwnd
    2.3125 MB /   0.10 sec =  194.0448 Mbps     0 retrans   8290 KB-cwnd
    2.0000 MB /   0.10 sec =  167.8007 Mbps     0 retrans   8290 KB-cwnd
    2.4375 MB /   0.10 sec =  204.5767 Mbps     0 retrans   8290 KB-cwnd
    2.2500 MB /   0.10 sec =  188.6135 Mbps     0 retrans   8290 KB-cwnd
    2.0625 MB /   0.10 sec =  172.9286 Mbps     0 retrans   8290 KB-cwnd
    2.1875 MB /   0.10 sec =  183.4898 Mbps     0 retrans   8290 KB-cwnd
    2.0625 MB /   0.10 sec =  173.1848 Mbps     0 retrans   8290 KB-cwnd
    2.2500 MB /   0.10 sec =  188.5514 Mbps     0 retrans   8290 KB-cwnd
    2.3125 MB /   0.10 sec =  194.1827 Mbps     0 retrans   8290 KB-cwnd
    2.1250 MB /   0.10 sec =  178.1973 Mbps     0 retrans   8290 KB-cwnd
    2.0625 MB /   0.10 sec =  173.0514 Mbps     0 retrans   8290 KB-cwnd
    2.1875 MB /   0.10 sec =  183.5283 Mbps     0 retrans   8290 KB-cwnd
    2.1250 MB /   0.10 sec =  178.1386 Mbps     0 retrans   8290 KB-cwnd
    2.0000 MB /   0.10 sec =  167.9267 Mbps     0 retrans   8290 KB-cwnd
    2.2500 MB /   0.10 sec =  188.6154 Mbps     0 retrans   8290 KB-cwnd
    2.1875 MB /   0.10 sec =  183.6146 Mbps     0 retrans   8290 KB-cwnd
    2.0000 MB /   0.10 sec =  167.6196 Mbps     0 retrans   8290 KB-cwnd
    2.2500 MB /   0.10 sec =  188.8740 Mbps     0 retrans   8290 KB-cwnd
    2.2500 MB /   0.10 sec =  188.7475 Mbps     0 retrans   8290 KB-cwnd
    1.8125 MB /   0.10 sec =  151.9341 Mbps     0 retrans   8290 KB-cwnd
    2.0000 MB /   0.10 sec =  167.7738 Mbps     0 retrans   8290 KB-cwnd
    2.2500 MB /   0.10 sec =  188.6758 Mbps     0 retrans   8290 KB-cwnd
    2.0000 MB /   0.10 sec =  167.9519 Mbps     0 retrans   8290 KB-cwnd
    2.2500 MB /   0.10 sec =  188.7475 Mbps     0 retrans   8290 KB-cwnd
    2.0625 MB /   0.10 sec =  173.0012 Mbps     0 retrans   8290 KB-cwnd
    2.0000 MB /   0.10 sec =  167.5979 Mbps     0 retrans   8290 KB-cwnd
    2.3750 MB /   0.10 sec =  198.9648 Mbps     0 retrans   8290 KB-cwnd
    2.1250 MB /   0.10 sec =  178.7387 Mbps     0 retrans   8290 KB-cwnd
    2.0625 MB /   0.10 sec =  172.8439 Mbps     0 retrans   8290 KB-cwnd
    2.1875 MB /   0.10 sec =  183.6330 Mbps     0 retrans   8290 KB-cwnd
    2.0625 MB /   0.10 sec =  173.0168 Mbps     0 retrans   8290 KB-cwnd
    2.1250 MB /   0.10 sec =  178.1279 Mbps     0 retrans   8290 KB-cwnd
    2.1250 MB /   0.10 sec =  178.3881 Mbps     0 retrans   8290 KB-cwnd
    2.0625 MB /   0.10 sec =  173.0168 Mbps     0 retrans   8290 KB-cwnd
    2.1875 MB /   0.10 sec =  183.4513 Mbps     0 retrans   8290 KB-cwnd
    2.0625 MB /   0.10 sec =  173.0947 Mbps     0 retrans   8290 KB-cwnd
    1.9375 MB /   0.10 sec =  162.5130 Mbps     0 retrans   8290 KB-cwnd
    2.1250 MB /   0.10 sec =  178.1510 Mbps     0 retrans   8290 KB-cwnd
    2.0625 MB /   0.10 sec =  172.9891 Mbps     0 retrans   8290 KB-cwnd
    2.1250 MB /   0.10 sec =  178.1510 Mbps     0 retrans   8290 KB-cwnd
    2.0000 MB /   0.10 sec =  167.9704 Mbps     0 retrans   8290 KB-cwnd
    2.1875 MB /   0.10 sec =  183.5136 Mbps     0 retrans   8290 KB-cwnd
    1.8750 MB /   0.10 sec =  157.1230 Mbps     0 retrans   8290 KB-cwnd
    2.4375 MB /   0.10 sec =  204.5746 Mbps     0 retrans   8290 KB-cwnd
    2.0625 MB /   0.10 sec =  173.1501 Mbps     0 retrans   8290 KB-cwnd
    2.2500 MB /   0.10 sec =  188.7135 Mbps     0 retrans   8290 KB-cwnd
    2.0625 MB /   0.10 sec =  172.9926 Mbps     0 retrans   8290 KB-cwnd
    1.9375 MB /   0.10 sec =  162.3604 Mbps     0 retrans   8290 KB-cwnd
    2.3125 MB /   0.10 sec =  194.1108 Mbps     0 retrans   8290 KB-cwnd
    2.0625 MB /   0.10 sec =  173.0445 Mbps     0 retrans   8290 KB-cwnd
    2.0625 MB /   0.10 sec =  173.1051 Mbps     0 retrans   8290 KB-cwnd
    2.1875 MB /   0.10 sec =  183.4788 Mbps     0 retrans   8290 KB-cwnd
    2.1250 MB /   0.10 sec =  178.2757 Mbps     0 retrans   8290 KB-cwnd
    1.9375 MB /   0.10 sec =  162.3183 Mbps     0 retrans   8290 KB-cwnd
    2.1875 MB /   0.10 sec =  183.7415 Mbps     0 retrans   8290 KB-cwnd
    2.0625 MB /   0.10 sec =  172.8491 Mbps     0 retrans   8290 KB-cwnd
    2.0000 MB /   0.10 sec =  167.8964 Mbps     0 retrans   8290 KB-cwnd
    2.0625 MB /   0.10 sec =  172.9234 Mbps     0 retrans   8290 KB-cwnd
    1.8125 MB /   0.10 sec =  152.0572 Mbps     0 retrans   8290 KB-cwnd
    2.0625 MB /   0.10 sec =  172.9580 Mbps     0 retrans   8290 KB-cwnd
    1.8750 MB /   0.10 sec =  157.4438 Mbps     0 retrans   8290 KB-cwnd
    1.8125 MB /   0.10 sec =  151.8931 Mbps     0 retrans   8290 KB-cwnd
    1.9375 MB /   0.10 sec =  162.6496 Mbps     0 retrans   8290 KB-cwnd
    1.6250 MB /   0.10 sec =  136.3176 Mbps     0 retrans   8290 KB-cwnd
    2.1250 MB /   0.10 sec =  178.2579 Mbps     0 retrans   8290 KB-cwnd
    2.1875 MB /   0.10 sec =  183.4806 Mbps     0 retrans   8290 KB-cwnd
    1.7500 MB /   0.10 sec =  146.8183 Mbps     0 retrans   8290 KB-cwnd
    2.1250 MB /   0.10 sec =  178.2579 Mbps     0 retrans   8290 KB-cwnd
    2.0000 MB /   0.10 sec =  167.7705 Mbps     0 retrans   8290 KB-cwnd
    1.9375 MB /   0.10 sec =  162.5293 Mbps     0 retrans   8290 KB-cwnd
    2.0000 MB /   0.10 sec =  167.7520 Mbps     0 retrans   8290 KB-cwnd
    2.2500 MB /   0.10 sec =  188.7588 Mbps     0 retrans   8290 KB-cwnd
    1.8125 MB /   0.10 sec =  152.0070 Mbps     0 retrans   8290 KB-cwnd
    2.0000 MB /   0.10 sec =  167.6816 Mbps     0 retrans   8290 KB-cwnd
    1.4375 MB /   0.10 sec =  120.6574 Mbps     0 retrans   8290 KB-cwnd
    1.7500 MB /   0.10 sec =  146.6804 Mbps     0 retrans   8290 KB-cwnd
nuttcp-t: 721.4481 MB in 30.00 real seconds = 24624.74 KB/sec = 201.7259 Mbps
nuttcp-t: retrans = 0 cwnd = 8290 KB
nuttcp-t: 11544 I/O calls, msec/call = 2.66, calls/sec = 384.79
nuttcp-t: 0.0user 0.1sys 0:30real 0% 0i+0d 1288maxrss 0+1pf 66+5csw

nuttcp-r: 721.4481 MB in 31.67 real seconds = 23325.93 KB/sec = 191.0860 Mbps
nuttcp-r: 79891 I/O calls, msec/call = 0.41, calls/sec = 2522.50
nuttcp-r: 0.1user 1.9sys 0:31real 6% 0i+0d 92maxrss 0+14pf 61460+110csw
