1660506737863
nuttcp-t: v8.1.4: socket
nuttcp-t: buflen=65536, nstream=1, port=5007 tcp -> 3.19.94.93
nuttcp-t: time limit = 30.00 seconds
nuttcp-t: connect to 3.19.94.93 with mss=1376, RTT=46.379 ms af=inet
nuttcp-t: send window size = 33554432, receive window size = 6291456
nuttcp-t: available send window = 25165824, available receive window = 4718592
nuttcp-t: initial congestion window = 13 KB (10 packets)
nuttcp-r: Warning: receive window size 25000000 < requested window size 26214400
nuttcp-r: v6.1.2: socket
nuttcp-r: buflen=65536, nstream=1, port=5007 tcp
nuttcp-r: interval reporting every 0.10 seconds
nuttcp-r: accept from 174.207.45.147
nuttcp-r: send window size = 25000000, receive window size = 50000000
nuttcp-r: available send window = 12500000, available receive window = 25000000
    0.0000 MB /   0.10 sec =    0.0000 Mbps     0 retrans   3957 KB-cwnd
    0.1250 MB /   0.10 sec =   10.4896 Mbps     0 retrans   3957 KB-cwnd
    0.3125 MB /   0.10 sec =   26.2115 Mbps     0 retrans   3957 KB-cwnd
    0.5000 MB /   0.10 sec =   41.9481 Mbps     0 retrans   3957 KB-cwnd
    0.3750 MB /   0.10 sec =   31.4585 Mbps     0 retrans   3957 KB-cwnd
    0.4375 MB /   0.10 sec =   36.6983 Mbps     0 retrans   3957 KB-cwnd
    0.3750 MB /   0.10 sec =   31.4576 Mbps     0 retrans   3957 KB-cwnd
    0.3750 MB /   0.10 sec =   31.4560 Mbps     0 retrans   3957 KB-cwnd
    0.5000 MB /   0.10 sec =   41.9422 Mbps     0 retrans   3957 KB-cwnd
    0.5000 MB /   0.10 sec =   41.9426 Mbps     0 retrans   3957 KB-cwnd
    0.5625 MB /   0.10 sec =   47.1921 Mbps     0 retrans   3957 KB-cwnd
    0.5625 MB /   0.10 sec =   47.1798 Mbps     0 retrans   3957 KB-cwnd
    0.4375 MB /   0.10 sec =   36.7020 Mbps     0 retrans   3957 KB-cwnd
    0.4375 MB /   0.10 sec =   36.6950 Mbps     0 retrans   3957 KB-cwnd
    0.6250 MB /   0.10 sec =   52.4346 Mbps     0 retrans   3957 KB-cwnd
    0.7500 MB /   0.10 sec =   62.9108 Mbps     0 retrans   3957 KB-cwnd
    1.0000 MB /   0.10 sec =   83.8836 Mbps     0 retrans   3957 KB-cwnd
    1.0000 MB /   0.10 sec =   83.9003 Mbps     0 retrans   3957 KB-cwnd
    1.1250 MB /   0.10 sec =   94.3700 Mbps     0 retrans   4404 KB-cwnd
    1.1875 MB /   0.10 sec =   99.6147 Mbps     0 retrans   4404 KB-cwnd
    1.4375 MB /   0.10 sec =  120.5850 Mbps     0 retrans   4404 KB-cwnd
    1.3750 MB /   0.10 sec =  115.3364 Mbps     0 retrans   4404 KB-cwnd
    1.4375 MB /   0.10 sec =  120.5971 Mbps     0 retrans   4404 KB-cwnd
    1.5000 MB /   0.10 sec =  125.8253 Mbps     0 retrans   4404 KB-cwnd
    1.2500 MB /   0.10 sec =  104.8293 Mbps     0 retrans   4404 KB-cwnd
    1.4375 MB /   0.10 sec =  120.6140 Mbps     0 retrans   4700 KB-cwnd
    1.5000 MB /   0.10 sec =  125.8417 Mbps     0 retrans   4700 KB-cwnd
    1.4375 MB /   0.10 sec =  120.5899 Mbps     0 retrans   4700 KB-cwnd
    1.1875 MB /   0.10 sec =   99.6048 Mbps     0 retrans   4700 KB-cwnd
    1.6250 MB /   0.10 sec =  136.3012 Mbps     0 retrans   4700 KB-cwnd
    1.6875 MB /   0.10 sec =  141.5776 Mbps     0 retrans   4700 KB-cwnd
    1.5000 MB /   0.10 sec =  125.8329 Mbps     0 retrans   4700 KB-cwnd
    1.3750 MB /   0.10 sec =  115.3353 Mbps     0 retrans   4700 KB-cwnd
    1.3750 MB /   0.10 sec =  115.3445 Mbps     0 retrans   4700 KB-cwnd
    1.6250 MB /   0.10 sec =  136.2822 Mbps     0 retrans   4700 KB-cwnd
    1.4375 MB /   0.10 sec =  120.6140 Mbps     0 retrans   4700 KB-cwnd
    1.7500 MB /   0.10 sec =  146.8124 Mbps     0 retrans   4700 KB-cwnd
    1.5000 MB /   0.10 sec =  125.8228 Mbps     0 retrans   4700 KB-cwnd
    1.5000 MB /   0.10 sec =  125.8115 Mbps     0 retrans   4700 KB-cwnd
    1.6875 MB /   0.10 sec =  141.5606 Mbps     0 retrans   4700 KB-cwnd
    1.5625 MB /   0.10 sec =  131.0917 Mbps     0 retrans   4720 KB-cwnd
    1.5000 MB /   0.10 sec =  125.7914 Mbps     0 retrans   4720 KB-cwnd
    1.5000 MB /   0.10 sec =  125.8555 Mbps     0 retrans   4720 KB-cwnd
    1.4375 MB /   0.10 sec =  120.5971 Mbps     0 retrans   4720 KB-cwnd
    1.3750 MB /   0.10 sec =  115.3330 Mbps     0 retrans   4720 KB-cwnd
    1.7500 MB /   0.10 sec =  146.8124 Mbps     0 retrans   4720 KB-cwnd
    1.4375 MB /   0.10 sec =  120.5730 Mbps     0 retrans   4720 KB-cwnd
    1.5625 MB /   0.10 sec =  131.0904 Mbps     0 retrans   4750 KB-cwnd
    1.5000 MB /   0.10 sec =  125.8052 Mbps     0 retrans   4750 KB-cwnd
    1.7500 MB /   0.10 sec =  146.8080 Mbps     0 retrans   4750 KB-cwnd
    1.5625 MB /   0.10 sec =  131.0930 Mbps     0 retrans   4750 KB-cwnd
    1.5625 MB /   0.10 sec =  130.5914 Mbps     0 retrans   4750 KB-cwnd
    1.5625 MB /   0.10 sec =  131.5522 Mbps     0 retrans   4750 KB-cwnd
    1.6250 MB /   0.10 sec =  136.3217 Mbps     0 retrans   4750 KB-cwnd
    1.6250 MB /   0.10 sec =  136.3094 Mbps     0 retrans   4750 KB-cwnd
    1.6250 MB /   0.10 sec =  132.6188 Mbps     0 retrans   4750 KB-cwnd
    1.6250 MB /   0.10 sec =  140.2099 Mbps     0 retrans   4750 KB-cwnd
    1.6875 MB /   0.10 sec =  141.5648 Mbps     0 retrans   4750 KB-cwnd
    1.5000 MB /   0.10 sec =  125.8279 Mbps     0 retrans   4750 KB-cwnd
    1.6250 MB /   0.10 sec =  136.3053 Mbps     0 retrans   4750 KB-cwnd
    1.6250 MB /   0.10 sec =  136.3258 Mbps     0 retrans   4949 KB-cwnd
    1.6250 MB /   0.10 sec =  136.3122 Mbps     0 retrans   4949 KB-cwnd
    1.6875 MB /   0.10 sec =  141.5592 Mbps     0 retrans   4949 KB-cwnd
    1.5000 MB /   0.10 sec =  125.8329 Mbps     0 retrans   4949 KB-cwnd
    1.6875 MB /   0.10 sec =  141.5436 Mbps     0 retrans   4949 KB-cwnd
    1.6250 MB /   0.10 sec =  136.3231 Mbps     0 retrans   4949 KB-cwnd
    1.4375 MB /   0.10 sec =  120.5706 Mbps     0 retrans   4949 KB-cwnd
    1.5625 MB /   0.10 sec =  131.0904 Mbps     0 retrans   4949 KB-cwnd
    1.6250 MB /   0.10 sec =  136.3231 Mbps     0 retrans   4949 KB-cwnd
    1.6250 MB /   0.10 sec =  136.3149 Mbps     0 retrans   4949 KB-cwnd
    1.5625 MB /   0.10 sec =  131.0707 Mbps     0 retrans   4949 KB-cwnd
    1.6875 MB /   0.10 sec =  141.5280 Mbps     0 retrans   4949 KB-cwnd
    1.3750 MB /   0.10 sec =  115.3537 Mbps     0 retrans   4949 KB-cwnd
    1.6250 MB /   0.10 sec =  136.3340 Mbps     0 retrans   4949 KB-cwnd
    1.3750 MB /   0.10 sec =  115.3318 Mbps     0 retrans   4949 KB-cwnd
    1.6875 MB /   0.10 sec =  141.5733 Mbps     0 retrans   4949 KB-cwnd
    1.5000 MB /   0.10 sec =  125.8241 Mbps     0 retrans   4949 KB-cwnd
    1.5000 MB /   0.10 sec =  125.8241 Mbps     0 retrans   4949 KB-cwnd
    1.6250 MB /   0.10 sec =  136.3271 Mbps     0 retrans   4949 KB-cwnd
    1.2500 MB /   0.10 sec =  104.8419 Mbps     0 retrans   4949 KB-cwnd
    1.5000 MB /   0.10 sec =  125.8228 Mbps     0 retrans   4949 KB-cwnd
    1.6250 MB /   0.10 sec =  136.3394 Mbps     0 retrans   4949 KB-cwnd
    1.5000 MB /   0.10 sec =  125.8128 Mbps     0 retrans   4949 KB-cwnd
    1.5000 MB /   0.10 sec =  125.8027 Mbps     0 retrans   4949 KB-cwnd
    1.4375 MB /   0.10 sec =  120.5163 Mbps     0 retrans   4949 KB-cwnd
    1.3750 MB /   0.10 sec =  115.4045 Mbps     0 retrans   4949 KB-cwnd
    1.5625 MB /   0.10 sec =  131.0917 Mbps     0 retrans   4949 KB-cwnd
    1.5625 MB /   0.10 sec =  131.0930 Mbps     0 retrans   4949 KB-cwnd
    1.4375 MB /   0.10 sec =  120.5802 Mbps     0 retrans   4949 KB-cwnd
    1.6875 MB /   0.10 sec =  141.5691 Mbps     0 retrans   4949 KB-cwnd
    1.5625 MB /   0.10 sec =  130.9424 Mbps     0 retrans   4949 KB-cwnd
    1.6875 MB /   0.10 sec =  141.6612 Mbps     0 retrans   4949 KB-cwnd
    1.5625 MB /   0.10 sec =  131.1048 Mbps     0 retrans   4949 KB-cwnd
    1.6250 MB /   0.10 sec =  136.3067 Mbps     0 retrans   4949 KB-cwnd
    1.4375 MB /   0.10 sec =  120.5862 Mbps     0 retrans   4949 KB-cwnd
    1.6250 MB /   0.10 sec =  136.3217 Mbps     0 retrans   4949 KB-cwnd
    1.6250 MB /   0.10 sec =  136.3217 Mbps     0 retrans   4949 KB-cwnd
    1.3750 MB /   0.10 sec =  115.3387 Mbps     0 retrans   4949 KB-cwnd
    1.5000 MB /   0.10 sec =  125.8342 Mbps     0 retrans   4949 KB-cwnd
    1.4375 MB /   0.10 sec =  120.5838 Mbps     0 retrans   4949 KB-cwnd
    1.5000 MB /   0.10 sec =  125.8165 Mbps     0 retrans   4949 KB-cwnd
    1.5000 MB /   0.10 sec =  125.7223 Mbps     0 retrans   4949 KB-cwnd
    1.4375 MB /   0.10 sec =  120.6961 Mbps     0 retrans   4949 KB-cwnd
    1.5000 MB /   0.10 sec =  125.8191 Mbps     0 retrans   4949 KB-cwnd
    1.3750 MB /   0.10 sec =  115.3630 Mbps     0 retrans   4949 KB-cwnd
    1.5000 MB /   0.10 sec =  125.8266 Mbps     0 retrans   4949 KB-cwnd
    1.3750 MB /   0.10 sec =  115.3261 Mbps     0 retrans   4949 KB-cwnd
    1.4375 MB /   0.10 sec =  120.5887 Mbps     0 retrans   4949 KB-cwnd
    1.5625 MB /   0.10 sec =  131.0851 Mbps     0 retrans   4949 KB-cwnd
    1.3750 MB /   0.10 sec =  115.3341 Mbps     0 retrans   4949 KB-cwnd
    1.3750 MB /   0.10 sec =  115.3284 Mbps     0 retrans   4949 KB-cwnd
    1.4375 MB /   0.10 sec =  120.5935 Mbps     0 retrans   4949 KB-cwnd
    1.4375 MB /   0.10 sec =  120.6019 Mbps     0 retrans   4949 KB-cwnd
    1.3125 MB /   0.10 sec =  110.0917 Mbps     0 retrans   4949 KB-cwnd
    1.3750 MB /   0.10 sec =  115.3457 Mbps     0 retrans   4949 KB-cwnd
    1.3750 MB /   0.10 sec =  115.3549 Mbps     0 retrans   4949 KB-cwnd
    1.3750 MB /   0.10 sec =  115.3353 Mbps     0 retrans   4949 KB-cwnd
    1.4375 MB /   0.10 sec =  120.5850 Mbps     0 retrans   4949 KB-cwnd
    1.3125 MB /   0.10 sec =  110.0928 Mbps     0 retrans   4949 KB-cwnd
    1.3125 MB /   0.10 sec =  110.0917 Mbps     0 retrans   4949 KB-cwnd
    1.2500 MB /   0.10 sec =  104.8817 Mbps     0 retrans   4949 KB-cwnd
    1.1250 MB /   0.10 sec =   94.3671 Mbps     0 retrans   4949 KB-cwnd
    1.3125 MB /   0.10 sec =  110.0983 Mbps     0 retrans   4949 KB-cwnd
    1.1250 MB /   0.10 sec =   94.3633 Mbps     0 retrans   4949 KB-cwnd
    1.2500 MB /   0.10 sec =  104.8733 Mbps     0 retrans   4949 KB-cwnd
    1.1875 MB /   0.10 sec =   99.6097 Mbps     0 retrans   4949 KB-cwnd
    1.1875 MB /   0.10 sec =   99.6028 Mbps     0 retrans   4949 KB-cwnd
    1.1250 MB /   0.10 sec =   94.3737 Mbps     0 retrans   4949 KB-cwnd
    1.6250 MB /   0.10 sec =  136.3299 Mbps     0 retrans   4949 KB-cwnd
    1.4375 MB /   0.10 sec =  120.5947 Mbps     0 retrans   4949 KB-cwnd
    1.4375 MB /   0.10 sec =  120.5778 Mbps     0 retrans   4949 KB-cwnd
    1.3750 MB /   0.10 sec =  115.3491 Mbps     0 retrans   4949 KB-cwnd
    1.3750 MB /   0.10 sec =  115.3503 Mbps     0 retrans   4949 KB-cwnd
    1.1875 MB /   0.10 sec =   99.5928 Mbps     0 retrans   4949 KB-cwnd
    1.4375 MB /   0.10 sec =  120.6031 Mbps     0 retrans   4949 KB-cwnd
    1.6875 MB /   0.10 sec =  141.5139 Mbps     0 retrans   4949 KB-cwnd
    1.6875 MB /   0.10 sec =  141.5747 Mbps     0 retrans   4949 KB-cwnd
    1.6875 MB /   0.10 sec =  141.5875 Mbps     0 retrans   4949 KB-cwnd
    1.6875 MB /   0.10 sec =  141.5394 Mbps     0 retrans   4949 KB-cwnd
    1.5625 MB /   0.10 sec =  130.9855 Mbps     0 retrans   4949 KB-cwnd
    1.8125 MB /   0.10 sec =  152.1561 Mbps     0 retrans   4949 KB-cwnd
    1.5000 MB /   0.10 sec =  125.8140 Mbps     0 retrans   4949 KB-cwnd
    1.6875 MB /   0.10 sec =  141.5592 Mbps     0 retrans   4949 KB-cwnd
    1.5000 MB /   0.10 sec =  125.8052 Mbps     0 retrans   4949 KB-cwnd
    1.6250 MB /   0.10 sec =  136.2114 Mbps     0 retrans   4949 KB-cwnd
    0.2500 MB /   0.10 sec =   20.9852 Mbps     0 retrans   4949 KB-cwnd
    0.2500 MB /   0.10 sec =   20.9803 Mbps     0 retrans   4949 KB-cwnd
    0.8125 MB /   0.10 sec =   68.1316 Mbps     0 retrans   4949 KB-cwnd
    1.3125 MB /   0.10 sec =  110.1335 Mbps     0 retrans   4949 KB-cwnd
    1.0625 MB /   0.10 sec =   89.1290 Mbps     0 retrans   4949 KB-cwnd
    1.1875 MB /   0.10 sec =   99.6167 Mbps     0 retrans   4949 KB-cwnd
    1.3125 MB /   0.10 sec =  110.1093 Mbps     0 retrans   4949 KB-cwnd
    1.3750 MB /   0.10 sec =  115.3203 Mbps     0 retrans   4949 KB-cwnd
    1.1875 MB /   0.10 sec =   99.6386 Mbps     0 retrans   4949 KB-cwnd
    1.1250 MB /   0.10 sec =   94.3605 Mbps     0 retrans   4949 KB-cwnd
    1.1875 MB /   0.10 sec =   99.6177 Mbps     0 retrans   4949 KB-cwnd
    1.0000 MB /   0.10 sec =   83.8894 Mbps     0 retrans   4949 KB-cwnd
    1.1875 MB /   0.10 sec =   99.6137 Mbps     0 retrans   5079 KB-cwnd
    1.0625 MB /   0.10 sec =   89.1290 Mbps     0 retrans   5079 KB-cwnd
    1.0000 MB /   0.10 sec =   83.8785 Mbps     0 retrans   5079 KB-cwnd
    1.3750 MB /   0.10 sec =  115.3399 Mbps     0 retrans   5079 KB-cwnd
    1.5000 MB /   0.10 sec =  125.8480 Mbps     0 retrans   5079 KB-cwnd
    1.5000 MB /   0.10 sec =  125.8090 Mbps     0 retrans   5079 KB-cwnd
    1.3750 MB /   0.10 sec =  115.3549 Mbps     0 retrans   5079 KB-cwnd
    1.7500 MB /   0.10 sec =  146.8124 Mbps     0 retrans   5079 KB-cwnd
    1.5625 MB /   0.10 sec =  131.0458 Mbps     0 retrans   5079 KB-cwnd
    1.5625 MB /   0.10 sec =  131.0746 Mbps     0 retrans   5079 KB-cwnd
    1.5000 MB /   0.10 sec =  125.7914 Mbps     0 retrans   5079 KB-cwnd
    1.7500 MB /   0.10 sec =  146.8550 Mbps     0 retrans   5079 KB-cwnd
    1.6250 MB /   0.10 sec =  136.3176 Mbps     0 retrans   5079 KB-cwnd
    1.6250 MB /   0.10 sec =  136.3217 Mbps     0 retrans   5079 KB-cwnd
    1.5625 MB /   0.10 sec =  131.0563 Mbps     0 retrans   5079 KB-cwnd
    1.6250 MB /   0.10 sec =  136.3353 Mbps     0 retrans   5079 KB-cwnd
    1.4375 MB /   0.10 sec =  120.5718 Mbps     0 retrans   5079 KB-cwnd
    1.5625 MB /   0.10 sec =  131.0733 Mbps     0 retrans   5079 KB-cwnd
    1.5625 MB /   0.10 sec =  131.0694 Mbps     0 retrans   5079 KB-cwnd
    1.6875 MB /   0.10 sec =  141.5747 Mbps     0 retrans   5079 KB-cwnd
    1.3125 MB /   0.10 sec =  110.0917 Mbps     0 retrans   5079 KB-cwnd
    1.7500 MB /   0.10 sec =  146.7287 Mbps     0 retrans   5079 KB-cwnd
    1.2500 MB /   0.10 sec =  104.9080 Mbps     0 retrans   5079 KB-cwnd
    1.6875 MB /   0.10 sec =  141.5620 Mbps     0 retrans   5079 KB-cwnd
    1.4375 MB /   0.10 sec =  120.5995 Mbps     0 retrans   5079 KB-cwnd
    1.6250 MB /   0.10 sec =  136.2413 Mbps     0 retrans   5079 KB-cwnd
    1.5000 MB /   0.10 sec =  125.8807 Mbps     0 retrans   5079 KB-cwnd
    1.6875 MB /   0.10 sec =  141.5776 Mbps     0 retrans   5079 KB-cwnd
    1.4375 MB /   0.10 sec =  120.5621 Mbps     0 retrans   5079 KB-cwnd
    1.7500 MB /   0.10 sec =  146.8139 Mbps     0 retrans   5079 KB-cwnd
    1.4375 MB /   0.10 sec =  120.5802 Mbps     0 retrans   5079 KB-cwnd
    1.6875 MB /   0.10 sec =  141.5252 Mbps     0 retrans   5079 KB-cwnd
    1.5625 MB /   0.10 sec =  131.1166 Mbps     0 retrans   5079 KB-cwnd
    1.2500 MB /   0.10 sec =  104.8461 Mbps     0 retrans   5079 KB-cwnd
    1.6875 MB /   0.10 sec =  141.5606 Mbps     0 retrans   5079 KB-cwnd
    1.3125 MB /   0.10 sec =  110.1016 Mbps     0 retrans   5079 KB-cwnd
    1.3750 MB /   0.10 sec =  115.3134 Mbps     0 retrans   5079 KB-cwnd
    1.5625 MB /   0.10 sec =  131.1126 Mbps     0 retrans   5079 KB-cwnd
    1.5625 MB /   0.10 sec =  131.0759 Mbps     0 retrans   5079 KB-cwnd
    1.4375 MB /   0.10 sec =  120.5814 Mbps     0 retrans   5079 KB-cwnd
    1.5625 MB /   0.10 sec =  131.0654 Mbps     0 retrans   5079 KB-cwnd
    1.6250 MB /   0.10 sec =  136.3053 Mbps     0 retrans   5079 KB-cwnd
    1.5000 MB /   0.10 sec =  125.8354 Mbps     0 retrans   5079 KB-cwnd
    1.5000 MB /   0.10 sec =  125.6896 Mbps     0 retrans   5079 KB-cwnd
    1.4375 MB /   0.10 sec =  120.6598 Mbps     0 retrans   5079 KB-cwnd
    1.4375 MB /   0.10 sec =  120.6079 Mbps     0 retrans   5079 KB-cwnd
    1.6250 MB /   0.10 sec =  136.3190 Mbps     0 retrans   5079 KB-cwnd
    1.6250 MB /   0.10 sec =  136.2604 Mbps     0 retrans   5079 KB-cwnd
    1.5000 MB /   0.10 sec =  125.9084 Mbps     0 retrans   5079 KB-cwnd
    1.5000 MB /   0.10 sec =  125.5955 Mbps     0 retrans   5079 KB-cwnd
    1.3750 MB /   0.10 sec =  115.5676 Mbps     0 retrans   5079 KB-cwnd
    1.3750 MB /   0.10 sec =  115.3480 Mbps     0 retrans   5079 KB-cwnd
    1.1875 MB /   0.10 sec =   99.4278 Mbps     0 retrans   5079 KB-cwnd
    1.3750 MB /   0.10 sec =  115.5305 Mbps     0 retrans   5079 KB-cwnd
    1.2500 MB /   0.10 sec =  104.8639 Mbps     0 retrans   5079 KB-cwnd
    1.5000 MB /   0.10 sec =  125.8606 Mbps     0 retrans   5079 KB-cwnd
    1.3125 MB /   0.10 sec =  110.0895 Mbps     0 retrans   5079 KB-cwnd
    1.5000 MB /   0.10 sec =  125.8342 Mbps     0 retrans   5079 KB-cwnd
    1.4375 MB /   0.10 sec =  120.5657 Mbps     0 retrans   5079 KB-cwnd
    1.8125 MB /   0.10 sec =  152.0557 Mbps     0 retrans   5079 KB-cwnd
    1.4375 MB /   0.10 sec =  120.5814 Mbps     0 retrans   5079 KB-cwnd
    1.6250 MB /   0.10 sec =  136.2849 Mbps     0 retrans   5079 KB-cwnd
    1.4375 MB /   0.10 sec =  120.6345 Mbps     0 retrans   5079 KB-cwnd
    1.5625 MB /   0.10 sec =  131.0720 Mbps     0 retrans   5079 KB-cwnd
    1.5000 MB /   0.10 sec =  125.8165 Mbps     0 retrans   5079 KB-cwnd
    1.6250 MB /   0.10 sec =  136.3244 Mbps     0 retrans   5079 KB-cwnd
    1.4375 MB /   0.10 sec =  120.5935 Mbps     0 retrans   5079 KB-cwnd
    1.4375 MB /   0.10 sec =  120.5874 Mbps     0 retrans   5079 KB-cwnd
    1.4375 MB /   0.10 sec =  120.5742 Mbps     0 retrans   5079 KB-cwnd
    1.3125 MB /   0.10 sec =  110.1038 Mbps     0 retrans   5079 KB-cwnd
    1.3750 MB /   0.10 sec =  115.3491 Mbps     0 retrans   5079 KB-cwnd
    1.2500 MB /   0.10 sec =  104.8052 Mbps     0 retrans   5079 KB-cwnd
    1.3750 MB /   0.10 sec =  115.3814 Mbps     0 retrans   5079 KB-cwnd
    1.3750 MB /   0.10 sec =  115.3560 Mbps     0 retrans   5079 KB-cwnd
    1.3125 MB /   0.10 sec =  110.1027 Mbps     0 retrans   5079 KB-cwnd
    1.3125 MB /   0.10 sec =  110.0774 Mbps     0 retrans   5079 KB-cwnd
    1.5625 MB /   0.10 sec =  131.0995 Mbps     0 retrans   5079 KB-cwnd
    1.3750 MB /   0.10 sec =  115.3457 Mbps     0 retrans   5079 KB-cwnd
    1.2500 MB /   0.10 sec =  104.8513 Mbps     0 retrans   5079 KB-cwnd
    1.4375 MB /   0.10 sec =  120.5935 Mbps     0 retrans   5079 KB-cwnd
    1.5000 MB /   0.10 sec =  125.8241 Mbps     0 retrans   5079 KB-cwnd
    1.5000 MB /   0.10 sec =  125.8329 Mbps     0 retrans   5079 KB-cwnd
    1.3750 MB /   0.10 sec =  115.3238 Mbps     0 retrans   5079 KB-cwnd
    1.5000 MB /   0.10 sec =  125.8253 Mbps     0 retrans   5079 KB-cwnd
    1.3750 MB /   0.10 sec =  115.3676 Mbps     0 retrans   5079 KB-cwnd
    1.3125 MB /   0.10 sec =  110.0895 Mbps     0 retrans   5079 KB-cwnd
    1.3750 MB /   0.10 sec =  115.3549 Mbps     0 retrans   5079 KB-cwnd
    1.3125 MB /   0.10 sec =  110.0598 Mbps     0 retrans   5079 KB-cwnd
    1.4375 MB /   0.10 sec =  120.6200 Mbps     0 retrans   5079 KB-cwnd
    1.4375 MB /   0.10 sec =  120.5923 Mbps     0 retrans   5079 KB-cwnd
    1.3125 MB /   0.10 sec =  110.0950 Mbps     0 retrans   5079 KB-cwnd
    1.2500 MB /   0.10 sec =  104.8566 Mbps     0 retrans   5079 KB-cwnd
    1.6250 MB /   0.10 sec =  136.3135 Mbps     0 retrans   5079 KB-cwnd
    1.3750 MB /   0.10 sec =  115.3480 Mbps     0 retrans   5079 KB-cwnd
    1.6250 MB /   0.10 sec =  136.2617 Mbps     0 retrans   5079 KB-cwnd
    1.4375 MB /   0.10 sec =  120.6429 Mbps     0 retrans   5079 KB-cwnd
    1.4375 MB /   0.10 sec =  120.4935 Mbps     0 retrans   5079 KB-cwnd
    1.5000 MB /   0.10 sec =  125.9248 Mbps     0 retrans   5079 KB-cwnd
    1.3125 MB /   0.10 sec =  110.0950 Mbps     0 retrans   5079 KB-cwnd
    1.3750 MB /   0.10 sec =  115.3445 Mbps     0 retrans   5079 KB-cwnd
    1.3125 MB /   0.10 sec =  110.0917 Mbps     0 retrans   5079 KB-cwnd
    1.4375 MB /   0.10 sec =  120.5802 Mbps     0 retrans   5079 KB-cwnd
    1.6250 MB /   0.10 sec =  136.3094 Mbps     0 retrans   5079 KB-cwnd
    1.4375 MB /   0.10 sec =  120.5718 Mbps     0 retrans   5079 KB-cwnd
    1.5000 MB /   0.10 sec =  125.7901 Mbps     0 retrans   5079 KB-cwnd
    1.4375 MB /   0.10 sec =  120.4826 Mbps     0 retrans   5079 KB-cwnd
    1.4375 MB /   0.10 sec =  120.7444 Mbps     0 retrans   5079 KB-cwnd
    1.6250 MB /   0.10 sec =  136.3081 Mbps     0 retrans   5079 KB-cwnd
    1.4375 MB /   0.10 sec =  120.5935 Mbps     0 retrans   5079 KB-cwnd
    1.5000 MB /   0.10 sec =  125.8228 Mbps     0 retrans   5079 KB-cwnd
    1.6250 MB /   0.10 sec =  136.3517 Mbps     0 retrans   5079 KB-cwnd
    1.3750 MB /   0.10 sec =  115.2477 Mbps     0 retrans   5079 KB-cwnd
    1.6250 MB /   0.10 sec =  136.4145 Mbps     0 retrans   5079 KB-cwnd
    1.5625 MB /   0.10 sec =  131.0681 Mbps     0 retrans   5079 KB-cwnd
    1.5625 MB /   0.10 sec =  131.0786 Mbps     0 retrans   5079 KB-cwnd
    1.3750 MB /   0.10 sec =  115.3203 Mbps     0 retrans   5079 KB-cwnd
    1.5000 MB /   0.10 sec =  125.8505 Mbps     0 retrans   5079 KB-cwnd
    1.5000 MB /   0.10 sec =  125.8367 Mbps     0 retrans   5079 KB-cwnd
    1.4375 MB /   0.10 sec =  120.5778 Mbps     0 retrans   5079 KB-cwnd
    1.4375 MB /   0.10 sec =  120.5959 Mbps     0 retrans   5079 KB-cwnd
    1.5625 MB /   0.10 sec =  131.0694 Mbps     0 retrans   5079 KB-cwnd
    1.5000 MB /   0.10 sec =  125.8354 Mbps     0 retrans   5079 KB-cwnd
    1.3750 MB /   0.10 sec =  115.3238 Mbps     0 retrans   5079 KB-cwnd
    1.6875 MB /   0.10 sec =  141.5733 Mbps     0 retrans   5079 KB-cwnd
    1.6250 MB /   0.10 sec =  136.3162 Mbps     0 retrans   5079 KB-cwnd
    1.5625 MB /   0.10 sec =  131.0340 Mbps     0 retrans   5079 KB-cwnd
    1.5000 MB /   0.10 sec =  125.8631 Mbps     0 retrans   5079 KB-cwnd
    1.5625 MB /   0.10 sec =  131.0812 Mbps     0 retrans   5079 KB-cwnd
    1.6250 MB /   0.10 sec =  136.2754 Mbps     0 retrans   5079 KB-cwnd
    1.4375 MB /   0.10 sec =  120.6152 Mbps     0 retrans   5079 KB-cwnd
    1.5625 MB /   0.10 sec =  130.9646 Mbps     0 retrans   5079 KB-cwnd
    1.5625 MB /   0.10 sec =  131.1769 Mbps     0 retrans   5079 KB-cwnd
    1.3750 MB /   0.10 sec =  115.3480 Mbps     0 retrans   5079 KB-cwnd
    1.6250 MB /   0.10 sec =  136.2658 Mbps     0 retrans   5079 KB-cwnd
    1.7500 MB /   0.10 sec =  146.8520 Mbps     0 retrans   5079 KB-cwnd
    1.3750 MB /   0.10 sec =  115.3330 Mbps     0 retrans   5079 KB-cwnd
    1.5000 MB /   0.10 sec =  125.8329 Mbps     0 retrans   5079 KB-cwnd
    1.6875 MB /   0.10 sec =  141.5479 Mbps     0 retrans   5079 KB-cwnd
    1.6875 MB /   0.10 sec =  141.5832 Mbps     0 retrans   5079 KB-cwnd
    1.5625 MB /   0.10 sec =  131.0589 Mbps     0 retrans   5079 KB-cwnd
    1.5000 MB /   0.10 sec =  125.8304 Mbps     0 retrans   5079 KB-cwnd
    1.5625 MB /   0.10 sec =  131.0733 Mbps     0 retrans   5229 KB-cwnd
    1.4375 MB /   0.10 sec =  120.5790 Mbps     0 retrans   5229 KB-cwnd
    1.5625 MB /   0.10 sec =  131.0602 Mbps     0 retrans   5229 KB-cwnd
    1.6250 MB /   0.10 sec =  136.3353 Mbps     0 retrans   5229 KB-cwnd
    1.4375 MB /   0.10 sec =  120.5754 Mbps     0 retrans   5229 KB-cwnd
    1.5000 MB /   0.10 sec =  125.8266 Mbps     0 retrans   5229 KB-cwnd
    1.6250 MB /   0.10 sec =  136.3094 Mbps     0 retrans   5229 KB-cwnd
    1.5000 MB /   0.10 sec =  125.8543 Mbps     0 retrans   5229 KB-cwnd
    1.4375 MB /   0.10 sec =  120.5633 Mbps     0 retrans   5229 KB-cwnd
    1.7500 MB /   0.10 sec =  146.8300 Mbps     0 retrans   5229 KB-cwnd
    1.6250 MB /   0.10 sec =  136.3040 Mbps     0 retrans   5229 KB-cwnd
    1.6250 MB /   0.10 sec =  136.3081 Mbps     0 retrans   5229 KB-cwnd
    1.5000 MB /   0.10 sec =  125.8354 Mbps     0 retrans   5229 KB-cwnd
    1.6250 MB /   0.10 sec =  136.3258 Mbps     0 retrans   5229 KB-cwnd
    1.5625 MB /   0.10 sec =  131.0746 Mbps     0 retrans   5229 KB-cwnd
nuttcp-t: 443.0425 MB in 30.00 real seconds = 15122.47 KB/sec = 123.8832 Mbps
nuttcp-t: retrans = 0 cwnd = 5229 KB
nuttcp-t: 7089 I/O calls, msec/call = 4.33, calls/sec = 236.30
nuttcp-t: 0.0user 0.1sys 0:30real 0% 0i+0d 2320maxrss 0+1pf 40+7csw

nuttcp-r: 443.0425 MB in 31.39 real seconds = 14451.63 KB/sec = 118.3878 Mbps
nuttcp-r: 44391 I/O calls, msec/call = 0.72, calls/sec = 1414.06
nuttcp-r: 0.2user 0.4sys 0:31real 2% 0i+0d 100maxrss 0+15pf 36663+2csw
