1660506860659
nuttcp-t: v8.1.4: socket
nuttcp-t: buflen=65536, nstream=1, port=5007 tcp -> 3.19.94.93
nuttcp-t: time limit = 30.00 seconds
nuttcp-t: connect to 3.19.94.93 with mss=1376, RTT=53.466 ms af=inet
nuttcp-t: send window size = 33554432, receive window size = 4194304
nuttcp-t: available send window = 25165824, available receive window = 3145728
nuttcp-t: initial congestion window = 13 KB (10 packets)
nuttcp-r: Warning: receive window size 25000000 < requested window size 26214400
nuttcp-r: v6.1.2: socket
nuttcp-r: buflen=65536, nstream=1, port=5007 tcp
nuttcp-r: interval reporting every 0.10 seconds
nuttcp-r: accept from 174.207.45.147
nuttcp-r: send window size = 25000000, receive window size = 50000000
nuttcp-r: available send window = 12500000, available receive window = 25000000
    0.0000 MB /   0.10 sec =    0.0000 Mbps     0 retrans   4430 KB-cwnd
    0.0000 MB /   0.10 sec =    0.0000 Mbps     0 retrans   4430 KB-cwnd
    0.0000 MB /   0.10 sec =    0.0000 Mbps     0 retrans   4430 KB-cwnd
    0.0625 MB /   0.10 sec =    5.2424 Mbps     0 retrans   4430 KB-cwnd
    0.1250 MB /   0.10 sec =   10.4833 Mbps     0 retrans   4430 KB-cwnd
    0.3125 MB /   0.10 sec =   26.2270 Mbps     0 retrans   4430 KB-cwnd
    0.5625 MB /   0.10 sec =   47.1652 Mbps     0 retrans   4430 KB-cwnd
    1.0625 MB /   0.10 sec =   89.1700 Mbps     0 retrans   4430 KB-cwnd
    1.1875 MB /   0.10 sec =   99.6087 Mbps     0 retrans   4430 KB-cwnd
    1.1875 MB /   0.10 sec =   99.6187 Mbps     0 retrans   4430 KB-cwnd
    1.0625 MB /   0.10 sec =   89.1076 Mbps     0 retrans   4430 KB-cwnd
    1.1250 MB /   0.10 sec =   94.3907 Mbps     0 retrans   4430 KB-cwnd
    1.0625 MB /   0.10 sec =   89.1343 Mbps     0 retrans   4430 KB-cwnd
    1.0000 MB /   0.10 sec =   83.8341 Mbps     0 retrans   4430 KB-cwnd
    1.0625 MB /   0.10 sec =   89.1700 Mbps     0 retrans   4430 KB-cwnd
    1.0000 MB /   0.10 sec =   83.8886 Mbps     0 retrans   4579 KB-cwnd
    1.0625 MB /   0.10 sec =   87.2129 Mbps     0 retrans   4579 KB-cwnd
    1.1875 MB /   0.10 sec =  101.8639 Mbps     0 retrans   4579 KB-cwnd
    1.1875 MB /   0.10 sec =   99.6018 Mbps     0 retrans   4579 KB-cwnd
    1.2500 MB /   0.10 sec =  104.6379 Mbps     0 retrans   4579 KB-cwnd
    1.2500 MB /   0.10 sec =  105.0909 Mbps     0 retrans   4579 KB-cwnd
    1.3750 MB /   0.10 sec =  115.3295 Mbps     0 retrans   4579 KB-cwnd
    1.4375 MB /   0.10 sec =  120.6019 Mbps     0 retrans   4579 KB-cwnd
    1.5000 MB /   0.10 sec =  125.8316 Mbps     0 retrans   5147 KB-cwnd
    1.6250 MB /   0.10 sec =  136.3135 Mbps     0 retrans   5147 KB-cwnd
    1.5625 MB /   0.10 sec =  131.0484 Mbps     0 retrans   5147 KB-cwnd
    1.6250 MB /   0.10 sec =  136.3394 Mbps     0 retrans   5147 KB-cwnd
    1.7500 MB /   0.10 sec =  146.7962 Mbps     0 retrans   5147 KB-cwnd
    1.8125 MB /   0.10 sec =  152.0435 Mbps     0 retrans   5147 KB-cwnd
    1.7500 MB /   0.10 sec =  146.6965 Mbps     0 retrans   5147 KB-cwnd
    1.8750 MB /   0.10 sec =  157.3966 Mbps     0 retrans   5147 KB-cwnd
    1.8125 MB /   0.10 sec =  152.0481 Mbps     0 retrans   5147 KB-cwnd
    1.7500 MB /   0.10 sec =  146.7977 Mbps     0 retrans   5147 KB-cwnd
    1.6875 MB /   0.10 sec =  141.5592 Mbps     0 retrans   5147 KB-cwnd
    1.7500 MB /   0.10 sec =  146.8021 Mbps     0 retrans   5147 KB-cwnd
    1.7500 MB /   0.10 sec =  146.7992 Mbps     0 retrans   5147 KB-cwnd
    1.6875 MB /   0.10 sec =  141.5606 Mbps     0 retrans   5147 KB-cwnd
    1.6875 MB /   0.10 sec =  141.5563 Mbps     0 retrans   5147 KB-cwnd
    1.7500 MB /   0.10 sec =  146.8006 Mbps     0 retrans   5147 KB-cwnd
    1.7500 MB /   0.10 sec =  146.8065 Mbps     0 retrans   5147 KB-cwnd
    1.6875 MB /   0.10 sec =  141.4333 Mbps     0 retrans   5319 KB-cwnd
    1.8125 MB /   0.10 sec =  152.1713 Mbps     0 retrans   5319 KB-cwnd
    1.8125 MB /   0.10 sec =  152.0435 Mbps     0 retrans   5319 KB-cwnd
    1.8125 MB /   0.10 sec =  151.3398 Mbps     0 retrans   5319 KB-cwnd
    1.8125 MB /   0.10 sec =  152.7584 Mbps     0 retrans   5319 KB-cwnd
    1.9375 MB /   0.10 sec =  162.5179 Mbps     0 retrans   5319 KB-cwnd
    1.8750 MB /   0.10 sec =  157.2880 Mbps     0 retrans   5319 KB-cwnd
    1.8750 MB /   0.10 sec =  157.2943 Mbps     0 retrans   5319 KB-cwnd
    1.8750 MB /   0.10 sec =  157.2864 Mbps     0 retrans   5319 KB-cwnd
    1.8750 MB /   0.10 sec =  157.2864 Mbps     0 retrans   5319 KB-cwnd
    1.8750 MB /   0.10 sec =  157.2880 Mbps     0 retrans   5319 KB-cwnd
    1.9375 MB /   0.10 sec =  162.5277 Mbps     0 retrans   5319 KB-cwnd
    1.8750 MB /   0.10 sec =  157.2864 Mbps     0 retrans   5319 KB-cwnd
    2.0000 MB /   0.10 sec =  167.7738 Mbps     0 retrans   5319 KB-cwnd
    1.8750 MB /   0.10 sec =  157.2833 Mbps     0 retrans   5319 KB-cwnd
    1.7500 MB /   0.10 sec =  146.8036 Mbps     0 retrans   5319 KB-cwnd
    1.8125 MB /   0.10 sec =  152.0420 Mbps     0 retrans   5319 KB-cwnd
    1.7500 MB /   0.10 sec =  146.7918 Mbps     0 retrans   5319 KB-cwnd
    1.6875 MB /   0.10 sec =  141.3994 Mbps     0 retrans   5319 KB-cwnd
    1.8750 MB /   0.10 sec =  157.4722 Mbps     0 retrans   5319 KB-cwnd
    1.8125 MB /   0.10 sec =  152.0329 Mbps     0 retrans   5319 KB-cwnd
    1.8125 MB /   0.10 sec =  151.6855 Mbps     0 retrans   5319 KB-cwnd
    1.8125 MB /   0.10 sec =  152.4047 Mbps     0 retrans   5319 KB-cwnd
    1.8125 MB /   0.10 sec =  152.0283 Mbps     0 retrans   5319 KB-cwnd
    1.8750 MB /   0.10 sec =  157.3037 Mbps     0 retrans   5319 KB-cwnd
    1.8750 MB /   0.10 sec =  157.2895 Mbps     0 retrans   5319 KB-cwnd
    1.9375 MB /   0.10 sec =  162.5342 Mbps     0 retrans   5319 KB-cwnd
    1.8750 MB /   0.10 sec =  157.2770 Mbps     0 retrans   5319 KB-cwnd
    1.6875 MB /   0.10 sec =  141.5648 Mbps     0 retrans   5319 KB-cwnd
    1.7500 MB /   0.10 sec =  146.7816 Mbps     0 retrans   5870 KB-cwnd
    1.8750 MB /   0.10 sec =  157.3021 Mbps     0 retrans   5870 KB-cwnd
    1.9375 MB /   0.10 sec =  162.5277 Mbps     0 retrans   5870 KB-cwnd
    1.8750 MB /   0.10 sec =  157.2927 Mbps     0 retrans   5870 KB-cwnd
    1.9375 MB /   0.10 sec =  162.5212 Mbps     0 retrans   5870 KB-cwnd
    1.7500 MB /   0.10 sec =  146.7728 Mbps     0 retrans   5870 KB-cwnd
    1.8750 MB /   0.10 sec =  157.2644 Mbps     0 retrans   5870 KB-cwnd
    1.8125 MB /   0.10 sec =  152.0861 Mbps     0 retrans   5870 KB-cwnd
    1.8125 MB /   0.10 sec =  152.0572 Mbps     0 retrans   5870 KB-cwnd
    2.0625 MB /   0.10 sec =  173.0185 Mbps     0 retrans   5870 KB-cwnd
    1.9375 MB /   0.10 sec =  162.5260 Mbps     0 retrans   5870 KB-cwnd
    1.9375 MB /   0.10 sec =  162.5065 Mbps     0 retrans   5870 KB-cwnd
    2.0000 MB /   0.10 sec =  167.7906 Mbps     0 retrans   5870 KB-cwnd
    1.6875 MB /   0.10 sec =  141.5479 Mbps     0 retrans   5870 KB-cwnd
    1.9375 MB /   0.10 sec =  162.5325 Mbps     0 retrans   5870 KB-cwnd
    1.8750 MB /   0.10 sec =  157.3037 Mbps     0 retrans   5870 KB-cwnd
    2.0000 MB /   0.10 sec =  167.7436 Mbps     0 retrans   5870 KB-cwnd
    2.0000 MB /   0.10 sec =  167.7722 Mbps     0 retrans   5870 KB-cwnd
    2.0000 MB /   0.10 sec =  167.7957 Mbps     0 retrans   5870 KB-cwnd
    2.0625 MB /   0.10 sec =  173.0168 Mbps     0 retrans   5870 KB-cwnd
    2.0625 MB /   0.10 sec =  173.0098 Mbps     0 retrans   5870 KB-cwnd
    2.0625 MB /   0.10 sec =  172.8871 Mbps     0 retrans   5870 KB-cwnd
    2.0625 MB /   0.10 sec =  173.1380 Mbps     0 retrans   5870 KB-cwnd
    2.0625 MB /   0.10 sec =  173.0185 Mbps     0 retrans   5870 KB-cwnd
    2.1250 MB /   0.10 sec =  178.2615 Mbps     0 retrans   5870 KB-cwnd
    1.8750 MB /   0.10 sec =  157.2927 Mbps     0 retrans   5870 KB-cwnd
    2.0625 MB /   0.10 sec =  173.0098 Mbps     0 retrans   5870 KB-cwnd
    2.1875 MB /   0.10 sec =  183.5008 Mbps     0 retrans   5870 KB-cwnd
    2.0000 MB /   0.10 sec =  167.7705 Mbps     0 retrans   5870 KB-cwnd
    1.9375 MB /   0.10 sec =  162.5293 Mbps     0 retrans   5870 KB-cwnd
    2.1875 MB /   0.10 sec =  183.5081 Mbps     0 retrans   5870 KB-cwnd
    2.0000 MB /   0.10 sec =  167.7688 Mbps     0 retrans   5870 KB-cwnd
    2.0625 MB /   0.10 sec =  173.0150 Mbps     0 retrans   5870 KB-cwnd
    2.0625 MB /   0.10 sec =  173.0168 Mbps     0 retrans   5870 KB-cwnd
    1.9375 MB /   0.10 sec =  162.5277 Mbps     0 retrans   5870 KB-cwnd
    1.8750 MB /   0.10 sec =  157.2880 Mbps     0 retrans   5870 KB-cwnd
    1.8750 MB /   0.10 sec =  157.2864 Mbps     0 retrans   5870 KB-cwnd
    2.0000 MB /   0.10 sec =  167.7604 Mbps     0 retrans   5870 KB-cwnd
    1.9375 MB /   0.10 sec =  162.5098 Mbps     0 retrans   5870 KB-cwnd
    2.0625 MB /   0.10 sec =  173.0479 Mbps     0 retrans   5870 KB-cwnd
    2.1250 MB /   0.10 sec =  178.2579 Mbps     0 retrans   5870 KB-cwnd
    2.0625 MB /   0.10 sec =  173.0133 Mbps     0 retrans   5870 KB-cwnd
    1.9375 MB /   0.10 sec =  162.5293 Mbps     0 retrans   5870 KB-cwnd
    1.9375 MB /   0.10 sec =  162.3199 Mbps     0 retrans   5870 KB-cwnd
    1.8750 MB /   0.10 sec =  157.4911 Mbps     0 retrans   5870 KB-cwnd
    1.8750 MB /   0.10 sec =  157.2864 Mbps     0 retrans   5870 KB-cwnd
    1.8750 MB /   0.10 sec =  157.2864 Mbps     0 retrans   5870 KB-cwnd
    2.0625 MB /   0.10 sec =  173.0098 Mbps     0 retrans   5870 KB-cwnd
    1.6875 MB /   0.10 sec =  141.5634 Mbps     0 retrans   5870 KB-cwnd
    1.1250 MB /   0.10 sec =   94.3435 Mbps     0 retrans   5870 KB-cwnd
    1.4375 MB /   0.10 sec =  120.6212 Mbps     0 retrans   5870 KB-cwnd
    1.3750 MB /   0.10 sec =  115.3434 Mbps     0 retrans   5870 KB-cwnd
    1.3125 MB /   0.10 sec =  110.0840 Mbps     0 retrans   5870 KB-cwnd
    1.1875 MB /   0.10 sec =   99.6307 Mbps     0 retrans   5870 KB-cwnd
    1.3125 MB /   0.10 sec =  110.0972 Mbps     0 retrans   5870 KB-cwnd
    1.4375 MB /   0.10 sec =  120.5899 Mbps     0 retrans   5870 KB-cwnd
    1.5625 MB /   0.10 sec =  131.0537 Mbps     0 retrans   5870 KB-cwnd
    1.5000 MB /   0.10 sec =  125.8342 Mbps     0 retrans   5870 KB-cwnd
    1.5625 MB /   0.10 sec =  131.0799 Mbps     0 retrans   5870 KB-cwnd
    1.5000 MB /   0.10 sec =  125.8329 Mbps     0 retrans   5870 KB-cwnd
    1.5625 MB /   0.10 sec =  131.0720 Mbps     0 retrans   5870 KB-cwnd
    1.4375 MB /   0.10 sec =  120.5718 Mbps     0 retrans   5870 KB-cwnd
    1.3750 MB /   0.10 sec =  115.3526 Mbps     0 retrans   5870 KB-cwnd
    1.3750 MB /   0.10 sec =  115.3457 Mbps     0 retrans   5870 KB-cwnd
    1.3125 MB /   0.10 sec =  110.0972 Mbps     0 retrans   5870 KB-cwnd
    1.5000 MB /   0.10 sec =  125.8316 Mbps     0 retrans   5870 KB-cwnd
    1.4375 MB /   0.10 sec =  120.5923 Mbps     0 retrans   5870 KB-cwnd
    1.4375 MB /   0.10 sec =  120.5814 Mbps     0 retrans   5870 KB-cwnd
    1.5000 MB /   0.10 sec =  125.8304 Mbps     0 retrans   5870 KB-cwnd
    1.8750 MB /   0.10 sec =  157.2833 Mbps     0 retrans   5870 KB-cwnd
    2.0625 MB /   0.10 sec =  173.0202 Mbps     0 retrans   5870 KB-cwnd
    1.9375 MB /   0.10 sec =  162.5179 Mbps     0 retrans   5870 KB-cwnd
    2.0000 MB /   0.10 sec =  167.7856 Mbps     0 retrans   5870 KB-cwnd
    1.8125 MB /   0.10 sec =  152.0405 Mbps     0 retrans   5870 KB-cwnd
    1.8125 MB /   0.10 sec =  152.0466 Mbps     0 retrans   5870 KB-cwnd
    1.8750 MB /   0.10 sec =  157.2848 Mbps     0 retrans   5870 KB-cwnd
    2.1250 MB /   0.10 sec =  178.2526 Mbps     0 retrans   5870 KB-cwnd
    2.0000 MB /   0.10 sec =  167.7705 Mbps     0 retrans   5870 KB-cwnd
    2.1250 MB /   0.10 sec =  178.1884 Mbps     0 retrans   5870 KB-cwnd
    2.0000 MB /   0.10 sec =  167.8427 Mbps     0 retrans   5870 KB-cwnd
    2.0000 MB /   0.10 sec =  167.7722 Mbps     0 retrans   5870 KB-cwnd
    2.1250 MB /   0.10 sec =  178.2544 Mbps     0 retrans   5870 KB-cwnd
    2.0625 MB /   0.10 sec =  173.0116 Mbps     0 retrans   5870 KB-cwnd
    2.0625 MB /   0.10 sec =  173.0150 Mbps     0 retrans   5870 KB-cwnd
    1.9375 MB /   0.10 sec =  162.5325 Mbps     0 retrans   5870 KB-cwnd
    2.0000 MB /   0.10 sec =  167.7688 Mbps     0 retrans   5870 KB-cwnd
    2.0625 MB /   0.10 sec =  173.0098 Mbps     0 retrans   5870 KB-cwnd
    2.0000 MB /   0.10 sec =  167.7738 Mbps     0 retrans   5870 KB-cwnd
    2.0000 MB /   0.10 sec =  167.7755 Mbps     0 retrans   5870 KB-cwnd
    1.8750 MB /   0.10 sec =  157.1199 Mbps     0 retrans   5870 KB-cwnd
    1.8125 MB /   0.10 sec =  152.1942 Mbps     0 retrans   5870 KB-cwnd
    1.9375 MB /   0.10 sec =  162.5358 Mbps     0 retrans   5870 KB-cwnd
    2.0000 MB /   0.10 sec =  167.7805 Mbps     0 retrans   5870 KB-cwnd
    2.0000 MB /   0.10 sec =  167.7621 Mbps     0 retrans   5870 KB-cwnd
    2.0000 MB /   0.10 sec =  167.7889 Mbps     0 retrans   5870 KB-cwnd
    1.8125 MB /   0.10 sec =  152.0420 Mbps     0 retrans   5870 KB-cwnd
    1.8750 MB /   0.10 sec =  157.1764 Mbps     0 retrans   5870 KB-cwnd
    2.0000 MB /   0.10 sec =  167.8846 Mbps     0 retrans   5870 KB-cwnd
    2.1875 MB /   0.10 sec =  183.5063 Mbps     0 retrans   5870 KB-cwnd
    2.1250 MB /   0.10 sec =  178.1243 Mbps     0 retrans   5870 KB-cwnd
    2.1250 MB /   0.10 sec =  178.3828 Mbps     0 retrans   5870 KB-cwnd
    1.9375 MB /   0.10 sec =  162.5309 Mbps     0 retrans   5870 KB-cwnd
    1.8750 MB /   0.10 sec =  157.2833 Mbps     0 retrans   5870 KB-cwnd
    1.8750 MB /   0.10 sec =  157.2927 Mbps     0 retrans   5870 KB-cwnd
    1.7500 MB /   0.10 sec =  146.7992 Mbps     0 retrans   5870 KB-cwnd
    2.0000 MB /   0.10 sec =  167.7688 Mbps     0 retrans   5870 KB-cwnd
    2.0625 MB /   0.10 sec =  173.0168 Mbps     0 retrans   5870 KB-cwnd
    2.0625 MB /   0.10 sec =  173.0202 Mbps     0 retrans   5870 KB-cwnd
    2.1875 MB /   0.10 sec =  183.4971 Mbps     0 retrans   5870 KB-cwnd
    2.1250 MB /   0.10 sec =  178.2579 Mbps     0 retrans   5870 KB-cwnd
    2.0625 MB /   0.10 sec =  173.0150 Mbps     0 retrans   5870 KB-cwnd
    2.0625 MB /   0.10 sec =  173.0081 Mbps     0 retrans   5870 KB-cwnd
    2.1875 MB /   0.10 sec =  183.5155 Mbps     0 retrans   5870 KB-cwnd
    1.9375 MB /   0.10 sec =  162.5212 Mbps     0 retrans   5870 KB-cwnd
    2.0625 MB /   0.10 sec =  173.0220 Mbps     0 retrans   5870 KB-cwnd
    2.1875 MB /   0.10 sec =  183.4953 Mbps     0 retrans   5870 KB-cwnd
    2.0625 MB /   0.10 sec =  173.0220 Mbps     0 retrans   5870 KB-cwnd
    2.0000 MB /   0.10 sec =  167.7705 Mbps     0 retrans   5870 KB-cwnd
    2.1250 MB /   0.10 sec =  178.2579 Mbps     0 retrans   5870 KB-cwnd
    2.1250 MB /   0.10 sec =  178.2579 Mbps     0 retrans   5870 KB-cwnd
    1.9375 MB /   0.10 sec =  162.5212 Mbps     0 retrans   5870 KB-cwnd
    2.0625 MB /   0.10 sec =  172.8370 Mbps     0 retrans   5870 KB-cwnd
    2.0000 MB /   0.10 sec =  167.9535 Mbps     0 retrans   5870 KB-cwnd
    2.1250 MB /   0.10 sec =  178.2597 Mbps     0 retrans   5870 KB-cwnd
    1.9375 MB /   0.10 sec =  162.5260 Mbps     0 retrans   5870 KB-cwnd
    1.9375 MB /   0.10 sec =  162.5293 Mbps     0 retrans   5870 KB-cwnd
    2.0000 MB /   0.10 sec =  167.7722 Mbps     0 retrans   5870 KB-cwnd
    2.0000 MB /   0.10 sec =  167.7738 Mbps     0 retrans   5870 KB-cwnd
    1.8750 MB /   0.10 sec =  157.2785 Mbps     0 retrans   5870 KB-cwnd
    1.6875 MB /   0.10 sec =  141.5648 Mbps     0 retrans   5870 KB-cwnd
    1.8750 MB /   0.10 sec =  157.2895 Mbps     0 retrans   5870 KB-cwnd
    1.6875 MB /   0.10 sec =  141.5521 Mbps     0 retrans   5870 KB-cwnd
    1.2500 MB /   0.10 sec =  104.8545 Mbps     0 retrans   5870 KB-cwnd
    1.3125 MB /   0.10 sec =  110.1038 Mbps     0 retrans   5870 KB-cwnd
    1.3125 MB /   0.10 sec =  110.1038 Mbps     0 retrans   5870 KB-cwnd
    1.3750 MB /   0.10 sec =  115.3434 Mbps     0 retrans   5870 KB-cwnd
    1.1250 MB /   0.10 sec =   94.3709 Mbps     0 retrans   5870 KB-cwnd
    1.1250 MB /   0.10 sec =   94.3737 Mbps     0 retrans   5870 KB-cwnd
    1.0000 MB /   0.10 sec =   83.8785 Mbps     0 retrans   5870 KB-cwnd
    1.3125 MB /   0.10 sec =  110.1071 Mbps     0 retrans   5870 KB-cwnd
    1.2500 MB /   0.10 sec =  104.8586 Mbps     0 retrans   5870 KB-cwnd
    2.0000 MB /   0.10 sec =  167.7705 Mbps     0 retrans   5870 KB-cwnd
    2.0000 MB /   0.10 sec =  167.7755 Mbps     0 retrans   5870 KB-cwnd
    1.8125 MB /   0.10 sec =  152.0420 Mbps     0 retrans   5870 KB-cwnd
    1.9375 MB /   0.10 sec =  162.5212 Mbps     0 retrans   5870 KB-cwnd
    2.1250 MB /   0.10 sec =  178.2668 Mbps     0 retrans   5870 KB-cwnd
    1.9375 MB /   0.10 sec =  162.5293 Mbps     0 retrans   5870 KB-cwnd
    2.1250 MB /   0.10 sec =  178.2544 Mbps     0 retrans   5870 KB-cwnd
    2.1875 MB /   0.10 sec =  183.5081 Mbps     0 retrans   5870 KB-cwnd
    2.1250 MB /   0.10 sec =  178.2490 Mbps     0 retrans   5870 KB-cwnd
    2.0625 MB /   0.10 sec =  173.0098 Mbps     0 retrans   5870 KB-cwnd
    2.0625 MB /   0.10 sec =  171.7970 Mbps     0 retrans   5870 KB-cwnd
    2.1875 MB /   0.10 sec =  184.8167 Mbps     0 retrans   5870 KB-cwnd
    2.0625 MB /   0.10 sec =  173.0220 Mbps     0 retrans   5870 KB-cwnd
    2.0000 MB /   0.10 sec =  166.5332 Mbps     0 retrans   5870 KB-cwnd
    2.1875 MB /   0.10 sec =  184.8707 Mbps     0 retrans   5870 KB-cwnd
    2.1250 MB /   0.10 sec =  178.2490 Mbps     0 retrans   5870 KB-cwnd
    1.9375 MB /   0.10 sec =  162.5325 Mbps     0 retrans   5870 KB-cwnd
    2.0000 MB /   0.10 sec =  167.7822 Mbps     0 retrans   5870 KB-cwnd
    2.1250 MB /   0.10 sec =  178.2544 Mbps     0 retrans   5870 KB-cwnd
    1.9375 MB /   0.10 sec =  162.5260 Mbps     0 retrans   5870 KB-cwnd
    1.8750 MB /   0.10 sec =  157.2880 Mbps     0 retrans   5870 KB-cwnd
    2.0625 MB /   0.10 sec =  173.0168 Mbps     0 retrans   5870 KB-cwnd
    2.1250 MB /   0.10 sec =  178.2579 Mbps     0 retrans   5870 KB-cwnd
    1.8750 MB /   0.10 sec =  157.2880 Mbps     0 retrans   5870 KB-cwnd
    2.1250 MB /   0.10 sec =  178.2597 Mbps     0 retrans   5870 KB-cwnd
    2.1250 MB /   0.10 sec =  178.2579 Mbps     0 retrans   5870 KB-cwnd
    1.8750 MB /   0.10 sec =  157.2770 Mbps     0 retrans   5870 KB-cwnd
    1.9375 MB /   0.10 sec =  162.5390 Mbps     0 retrans   5870 KB-cwnd
    2.1875 MB /   0.10 sec =  183.4990 Mbps     0 retrans   5870 KB-cwnd
    2.1875 MB /   0.10 sec =  183.5008 Mbps     0 retrans   5870 KB-cwnd
    2.1250 MB /   0.10 sec =  178.2544 Mbps     0 retrans   5870 KB-cwnd
    2.0625 MB /   0.10 sec =  173.0168 Mbps     0 retrans   5870 KB-cwnd
    2.0000 MB /   0.10 sec =  167.7705 Mbps     0 retrans   5870 KB-cwnd
    2.0625 MB /   0.10 sec =  173.0116 Mbps     0 retrans   5870 KB-cwnd
    1.9375 MB /   0.10 sec =  162.5342 Mbps     0 retrans   5870 KB-cwnd
    2.0625 MB /   0.10 sec =  173.0116 Mbps     0 retrans   5870 KB-cwnd
    1.9375 MB /   0.10 sec =  162.5309 Mbps     0 retrans   5870 KB-cwnd
    2.0000 MB /   0.10 sec =  167.7688 Mbps     0 retrans   5870 KB-cwnd
    2.0000 MB /   0.10 sec =  167.7755 Mbps     0 retrans   5870 KB-cwnd
    1.8750 MB /   0.10 sec =  157.2911 Mbps     0 retrans   5870 KB-cwnd
    1.8750 MB /   0.10 sec =  157.2864 Mbps     0 retrans   5870 KB-cwnd
    1.9375 MB /   0.10 sec =  162.5212 Mbps     0 retrans   5870 KB-cwnd
    2.0000 MB /   0.10 sec =  167.7738 Mbps     0 retrans   5870 KB-cwnd
    1.9375 MB /   0.10 sec =  162.5325 Mbps     0 retrans   5870 KB-cwnd
    2.0000 MB /   0.10 sec =  167.7671 Mbps     0 retrans   5870 KB-cwnd
    1.8750 MB /   0.10 sec =  157.2895 Mbps     0 retrans   5870 KB-cwnd
    1.9375 MB /   0.10 sec =  162.5325 Mbps     0 retrans   5870 KB-cwnd
    2.0625 MB /   0.10 sec =  173.0116 Mbps     0 retrans   5870 KB-cwnd
    1.9375 MB /   0.10 sec =  162.5309 Mbps     0 retrans   5870 KB-cwnd
    1.9375 MB /   0.10 sec =  162.5228 Mbps     0 retrans   5870 KB-cwnd
    1.9375 MB /   0.10 sec =  162.5293 Mbps     0 retrans   5870 KB-cwnd
    2.0000 MB /   0.10 sec =  167.7688 Mbps     0 retrans   5870 KB-cwnd
    2.0625 MB /   0.10 sec =  173.0272 Mbps     0 retrans   5870 KB-cwnd
    1.8750 MB /   0.10 sec =  157.2817 Mbps     0 retrans   5870 KB-cwnd
    2.0000 MB /   0.10 sec =  167.7738 Mbps     0 retrans   5870 KB-cwnd
    1.8125 MB /   0.10 sec =  152.0450 Mbps     0 retrans   5870 KB-cwnd
    1.7500 MB /   0.10 sec =  146.7522 Mbps     0 retrans   5870 KB-cwnd
    1.9375 MB /   0.10 sec =  162.5846 Mbps     0 retrans   5870 KB-cwnd
    2.0000 MB /   0.10 sec =  167.7738 Mbps     0 retrans   5870 KB-cwnd
    2.0625 MB /   0.10 sec =  173.0150 Mbps     0 retrans   5870 KB-cwnd
    2.1250 MB /   0.10 sec =  178.2579 Mbps     0 retrans   5870 KB-cwnd
    1.9375 MB /   0.10 sec =  162.5277 Mbps     0 retrans   5870 KB-cwnd
    2.1250 MB /   0.10 sec =  178.2276 Mbps     0 retrans   5870 KB-cwnd
    2.0000 MB /   0.10 sec =  167.7906 Mbps     0 retrans   5870 KB-cwnd
    2.0625 MB /   0.10 sec =  173.0202 Mbps     0 retrans   5870 KB-cwnd
    2.1250 MB /   0.10 sec =  178.2615 Mbps     0 retrans   5870 KB-cwnd
    2.0625 MB /   0.10 sec =  173.0081 Mbps     0 retrans   5870 KB-cwnd
    2.1250 MB /   0.10 sec =  178.2169 Mbps     0 retrans   5870 KB-cwnd
    2.1250 MB /   0.10 sec =  178.3078 Mbps     0 retrans   5870 KB-cwnd
    2.0000 MB /   0.10 sec =  167.7722 Mbps     0 retrans   5870 KB-cwnd
    2.0625 MB /   0.10 sec =  172.9234 Mbps     0 retrans   5870 KB-cwnd
    2.0625 MB /   0.10 sec =  173.1033 Mbps     0 retrans   5870 KB-cwnd
    2.1250 MB /   0.10 sec =  178.2597 Mbps     0 retrans   5870 KB-cwnd
    2.0625 MB /   0.10 sec =  173.0202 Mbps     0 retrans   5870 KB-cwnd
    2.0625 MB /   0.10 sec =  173.0116 Mbps     0 retrans   5870 KB-cwnd
    2.0000 MB /   0.10 sec =  167.7638 Mbps     0 retrans   5870 KB-cwnd
    2.1250 MB /   0.10 sec =  178.2686 Mbps     0 retrans   5870 KB-cwnd
    2.1250 MB /   0.10 sec =  178.1795 Mbps     0 retrans   5870 KB-cwnd
    2.0625 MB /   0.10 sec =  173.0877 Mbps     0 retrans   5870 KB-cwnd
    2.0000 MB /   0.10 sec =  167.7722 Mbps     0 retrans   5870 KB-cwnd
    1.8125 MB /   0.10 sec =  152.0435 Mbps     0 retrans   5870 KB-cwnd
    1.8125 MB /   0.10 sec =  152.0435 Mbps     0 retrans   5870 KB-cwnd
    1.9375 MB /   0.10 sec =  162.5293 Mbps     0 retrans   5870 KB-cwnd
    2.1250 MB /   0.10 sec =  177.4929 Mbps     0 retrans   5870 KB-cwnd
    2.0625 MB /   0.10 sec =  173.7657 Mbps     0 retrans   5870 KB-cwnd
    2.0000 MB /   0.10 sec =  167.7101 Mbps     0 retrans   5870 KB-cwnd
    2.1250 MB /   0.10 sec =  178.3185 Mbps     0 retrans   5870 KB-cwnd
    2.0625 MB /   0.10 sec =  173.0185 Mbps     0 retrans   5870 KB-cwnd
    2.0625 MB /   0.10 sec =  173.0185 Mbps     0 retrans   5870 KB-cwnd
    2.0000 MB /   0.10 sec =  167.7705 Mbps     0 retrans   5870 KB-cwnd
    2.0625 MB /   0.10 sec =  173.0098 Mbps     0 retrans   5870 KB-cwnd
    2.1250 MB /   0.10 sec =  178.2633 Mbps     0 retrans   5870 KB-cwnd
    2.0625 MB /   0.10 sec =  172.9977 Mbps     0 retrans   5870 KB-cwnd
    1.9375 MB /   0.10 sec =  162.5390 Mbps     0 retrans   5870 KB-cwnd
    2.0000 MB /   0.10 sec =  167.7772 Mbps     0 retrans   5870 KB-cwnd
    2.0000 MB /   0.10 sec =  167.7705 Mbps     0 retrans   5870 KB-cwnd
    2.0625 MB /   0.10 sec =  173.0168 Mbps     0 retrans   5870 KB-cwnd
    2.0625 MB /   0.10 sec =  173.0133 Mbps     0 retrans   5870 KB-cwnd
    2.0625 MB /   0.10 sec =  166.0493 Mbps     0 retrans   5870 KB-cwnd
    2.1250 MB /   0.10 sec =  186.0633 Mbps     0 retrans   5870 KB-cwnd
    2.0625 MB /   0.10 sec =  173.0064 Mbps     0 retrans   5870 KB-cwnd
    2.0000 MB /   0.10 sec =  167.7755 Mbps     0 retrans   5870 KB-cwnd
    0.4375 MB /   0.10 sec =   36.6884 Mbps     0 retrans   5870 KB-cwnd
nuttcp-t: 569.4784 MB in 30.00 real seconds = 19438.12 KB/sec = 159.2371 Mbps
nuttcp-t: retrans = 0 cwnd = 5870 KB
nuttcp-t: 9112 I/O calls, msec/call = 3.37, calls/sec = 303.73
nuttcp-t: 0.0user 0.1sys 0:30real 0% 0i+0d 1310maxrss 0+1pf 52+0csw

nuttcp-r: 569.4784 MB in 31.31 real seconds = 18626.75 KB/sec = 152.5903 Mbps
nuttcp-r: 78207 I/O calls, msec/call = 0.41, calls/sec = 2498.07
nuttcp-r: 0.0user 0.8sys 0:31real 2% 0i+0d 100maxrss 0+15pf 66888+6csw
