nuttcp-t: v8.1.4: socket
nuttcp-t: buflen=65536, nstream=1, port=5007 tcp -> 3.19.94.93
nuttcp-t: time limit = 30.00 seconds
nuttcp-t: connect to 3.19.94.93 with mss=1376, RTT=47.978 ms af=inet
nuttcp-t: send window size = 33554432, receive window size = 6291456
nuttcp-t: available send window = 25165824, available receive window = 4718592
nuttcp-t: initial congestion window = 13 KB (10 packets)
nuttcp-r: Warning: receive window size 25000000 < requested window size 26214400
nuttcp-r: v6.1.2: socket
nuttcp-r: buflen=65536, nstream=1, port=5007 tcp
nuttcp-r: interval reporting every 0.10 seconds
nuttcp-r: accept from 174.207.33.221
nuttcp-r: send window size = 25000000, receive window size = 50000000
nuttcp-r: available send window = 12500000, available receive window = 25000000
    0.0000 MB /   0.10 sec =    0.0000 Mbps     0 retrans   4036 KB-cwnd
    0.0000 MB /   0.10 sec =    0.0000 Mbps     0 retrans   4036 KB-cwnd
    0.1875 MB /   0.10 sec =   15.7283 Mbps     0 retrans   4036 KB-cwnd
    0.6875 MB /   0.10 sec =   57.6723 Mbps     0 retrans   4036 KB-cwnd
    1.0625 MB /   0.10 sec =   89.1040 Mbps     0 retrans   4036 KB-cwnd
    1.1250 MB /   0.10 sec =   94.3898 Mbps     0 retrans   4036 KB-cwnd
    1.0000 MB /   0.10 sec =   83.8978 Mbps     0 retrans   4036 KB-cwnd
    1.0625 MB /   0.10 sec =   89.1236 Mbps     0 retrans   4036 KB-cwnd
    0.8750 MB /   0.10 sec =   73.3798 Mbps     0 retrans   4036 KB-cwnd
    0.9375 MB /   0.10 sec =   78.6668 Mbps     0 retrans   4036 KB-cwnd
    1.0625 MB /   0.10 sec =   89.1307 Mbps     0 retrans   4036 KB-cwnd
    1.0625 MB /   0.10 sec =   89.1165 Mbps     0 retrans   4036 KB-cwnd
    1.0000 MB /   0.10 sec =   83.8945 Mbps     0 retrans   4036 KB-cwnd
    1.0000 MB /   0.10 sec =   83.8861 Mbps     0 retrans   4423 KB-cwnd
    0.9375 MB /   0.10 sec =   78.6440 Mbps     0 retrans   4437 KB-cwnd
    0.9375 MB /   0.10 sec =   78.6471 Mbps     0 retrans   4437 KB-cwnd
    1.0000 MB /   0.10 sec =   83.8794 Mbps     0 retrans   4437 KB-cwnd
    1.0625 MB /   0.10 sec =   88.6723 Mbps     0 retrans   4437 KB-cwnd
    1.2500 MB /   0.10 sec =  105.4047 Mbps     0 retrans   4437 KB-cwnd
    1.2500 MB /   0.10 sec =  104.8586 Mbps     0 retrans   4437 KB-cwnd
    1.2500 MB /   0.10 sec =  104.8566 Mbps     0 retrans   4437 KB-cwnd
    1.2500 MB /   0.10 sec =  104.8419 Mbps     0 retrans   5181 KB-cwnd
    1.4375 MB /   0.10 sec =  120.5874 Mbps     0 retrans   5181 KB-cwnd
    1.8125 MB /   0.10 sec =  152.0709 Mbps     0 retrans   5181 KB-cwnd
    2.0000 MB /   0.10 sec =  167.7738 Mbps     0 retrans   5181 KB-cwnd
    1.8750 MB /   0.10 sec =  157.2801 Mbps     0 retrans   5181 KB-cwnd
    1.9375 MB /   0.10 sec =  162.5325 Mbps     0 retrans   5181 KB-cwnd
    2.0625 MB /   0.10 sec =  173.0185 Mbps     0 retrans   5542 KB-cwnd
    2.0625 MB /   0.10 sec =  173.0047 Mbps     0 retrans   5542 KB-cwnd
    2.0625 MB /   0.10 sec =  173.0202 Mbps     0 retrans   5542 KB-cwnd
    2.0625 MB /   0.10 sec =  173.0150 Mbps     0 retrans   5542 KB-cwnd
    2.0000 MB /   0.10 sec =  167.7671 Mbps     0 retrans   5542 KB-cwnd
    2.0625 MB /   0.10 sec =  173.0133 Mbps     0 retrans   5827 KB-cwnd
    2.1875 MB /   0.10 sec =  183.5063 Mbps     0 retrans   5827 KB-cwnd
    2.0625 MB /   0.10 sec =  173.0185 Mbps     0 retrans   5827 KB-cwnd
    2.1250 MB /   0.10 sec =  178.2508 Mbps     0 retrans   5827 KB-cwnd
    2.0000 MB /   0.10 sec =  167.7688 Mbps     0 retrans   5827 KB-cwnd
    2.1250 MB /   0.10 sec =  178.2668 Mbps     0 retrans   5827 KB-cwnd
    2.1250 MB /   0.10 sec =  178.2615 Mbps     0 retrans   5827 KB-cwnd
    2.1250 MB /   0.10 sec =  178.2597 Mbps     0 retrans   5827 KB-cwnd
    2.0625 MB /   0.10 sec =  173.0133 Mbps     0 retrans   5827 KB-cwnd
    2.0625 MB /   0.10 sec =  173.0185 Mbps     0 retrans   5827 KB-cwnd
    2.0625 MB /   0.10 sec =  173.0098 Mbps     0 retrans   5827 KB-cwnd
    2.0000 MB /   0.11 sec =  159.1978 Mbps     0 retrans   5827 KB-cwnd
    0.4375 MB /   0.09 sec =   38.7697 Mbps     0 retrans   5827 KB-cwnd
    2.3125 MB /   0.10 sec =  191.9595 Mbps     0 retrans   5827 KB-cwnd
    2.0625 MB /   0.10 sec =  174.9429 Mbps     0 retrans   5827 KB-cwnd
    1.9375 MB /   0.10 sec =  162.5325 Mbps     0 retrans   5827 KB-cwnd
    2.0625 MB /   0.10 sec =  173.0116 Mbps     0 retrans   5827 KB-cwnd
    1.9375 MB /   0.10 sec =  162.5358 Mbps     0 retrans   5827 KB-cwnd
    2.0000 MB /   0.10 sec =  167.7638 Mbps     0 retrans   5827 KB-cwnd
    2.0000 MB /   0.10 sec =  167.7738 Mbps     0 retrans   5827 KB-cwnd
    2.0000 MB /   0.10 sec =  167.7654 Mbps     0 retrans   5827 KB-cwnd
    2.1250 MB /   0.10 sec =  178.2454 Mbps     0 retrans   5827 KB-cwnd
    2.0000 MB /   0.10 sec =  167.7738 Mbps     0 retrans   5827 KB-cwnd
    1.9375 MB /   0.10 sec =  162.5407 Mbps     0 retrans   5827 KB-cwnd
    1.9375 MB /   0.10 sec =  162.5342 Mbps     0 retrans   5827 KB-cwnd
    1.9375 MB /   0.10 sec =  162.5260 Mbps     0 retrans   5827 KB-cwnd
    1.9375 MB /   0.10 sec =  162.4399 Mbps     0 retrans   5827 KB-cwnd
    1.9375 MB /   0.10 sec =  162.6285 Mbps     0 retrans   5827 KB-cwnd
    1.8750 MB /   0.10 sec =  157.2817 Mbps     0 retrans   5827 KB-cwnd
    2.0000 MB /   0.10 sec =  167.7722 Mbps     0 retrans   5827 KB-cwnd
    1.9375 MB /   0.10 sec =  162.5244 Mbps     0 retrans   5827 KB-cwnd
    2.0000 MB /   0.10 sec =  167.7839 Mbps     0 retrans   5827 KB-cwnd
    1.9375 MB /   0.10 sec =  162.5017 Mbps     0 retrans   5827 KB-cwnd
    2.0000 MB /   0.10 sec =  167.7873 Mbps     0 retrans   5827 KB-cwnd
    1.9375 MB /   0.10 sec =  162.5309 Mbps     0 retrans   5827 KB-cwnd
    2.0000 MB /   0.10 sec =  167.7722 Mbps     0 retrans   5827 KB-cwnd
    1.8750 MB /   0.10 sec =  157.2864 Mbps     0 retrans   5827 KB-cwnd
    1.8750 MB /   0.10 sec =  157.2927 Mbps     0 retrans   5827 KB-cwnd
    1.8750 MB /   0.10 sec =  157.2833 Mbps     0 retrans   5827 KB-cwnd
    1.8125 MB /   0.10 sec =  152.0420 Mbps     0 retrans   5827 KB-cwnd
    1.8125 MB /   0.10 sec =  152.0420 Mbps     0 retrans   5827 KB-cwnd
    1.8125 MB /   0.10 sec =  152.0481 Mbps     0 retrans   5827 KB-cwnd
    1.8750 MB /   0.10 sec =  157.2502 Mbps     0 retrans   5827 KB-cwnd
    1.9375 MB /   0.10 sec =  162.5715 Mbps     0 retrans   5827 KB-cwnd
    1.7500 MB /   0.10 sec =  146.7992 Mbps     0 retrans   5827 KB-cwnd
    1.8125 MB /   0.10 sec =  152.0405 Mbps     0 retrans   5827 KB-cwnd
    1.8750 MB /   0.10 sec =  157.2927 Mbps     0 retrans   5827 KB-cwnd
    1.9375 MB /   0.10 sec =  162.5293 Mbps     0 retrans   5827 KB-cwnd
    2.0000 MB /   0.10 sec =  167.7722 Mbps     0 retrans   5827 KB-cwnd
    1.9375 MB /   0.10 sec =  162.5260 Mbps     0 retrans   5827 KB-cwnd
    1.8750 MB /   0.10 sec =  157.2864 Mbps     0 retrans   5827 KB-cwnd
    2.0000 MB /   0.10 sec =  167.7722 Mbps     0 retrans   5827 KB-cwnd
    1.8750 MB /   0.10 sec =  157.2864 Mbps     0 retrans   5827 KB-cwnd
    1.8750 MB /   0.10 sec =  157.2833 Mbps     0 retrans   5827 KB-cwnd
    1.8750 MB /   0.10 sec =  157.2895 Mbps     0 retrans   5827 KB-cwnd
    1.8125 MB /   0.10 sec =  152.0329 Mbps     0 retrans   5827 KB-cwnd
    1.9375 MB /   0.10 sec =  162.5358 Mbps     0 retrans   5827 KB-cwnd
    1.8750 MB /   0.10 sec =  157.2895 Mbps     0 retrans   5827 KB-cwnd
    1.8750 MB /   0.10 sec =  157.2833 Mbps     0 retrans   5827 KB-cwnd
    1.8750 MB /   0.10 sec =  157.2911 Mbps     0 retrans   5827 KB-cwnd
    1.7500 MB /   0.10 sec =  146.7933 Mbps     0 retrans   5827 KB-cwnd
    1.9375 MB /   0.10 sec =  162.5374 Mbps     0 retrans   5827 KB-cwnd
    1.8750 MB /   0.10 sec =  157.2754 Mbps     0 retrans   5827 KB-cwnd
    1.8750 MB /   0.10 sec =  157.2927 Mbps     0 retrans   5827 KB-cwnd
    1.7500 MB /   0.10 sec =  146.8006 Mbps     0 retrans   5827 KB-cwnd
    1.8125 MB /   0.10 sec =  152.0435 Mbps     0 retrans   5827 KB-cwnd
    1.7500 MB /   0.10 sec =  146.7992 Mbps     0 retrans   5827 KB-cwnd
    1.6875 MB /   0.10 sec =  141.4828 Mbps     0 retrans   5827 KB-cwnd
    1.7500 MB /   0.10 sec =  146.8844 Mbps     0 retrans   5827 KB-cwnd
    1.8125 MB /   0.10 sec =  151.9782 Mbps     0 retrans   5827 KB-cwnd
    1.8750 MB /   0.10 sec =  157.3509 Mbps     0 retrans   5827 KB-cwnd
    1.8750 MB /   0.10 sec =  157.2848 Mbps     0 retrans   5827 KB-cwnd
    1.8750 MB /   0.10 sec =  157.2895 Mbps     0 retrans   5827 KB-cwnd
    1.9375 MB /   0.10 sec =  162.5212 Mbps     0 retrans   5827 KB-cwnd
    1.7500 MB /   0.10 sec =  146.8050 Mbps     0 retrans   5827 KB-cwnd
    1.8750 MB /   0.10 sec =  157.2848 Mbps     0 retrans   5827 KB-cwnd
    1.8125 MB /   0.10 sec =  152.0055 Mbps     0 retrans   5827 KB-cwnd
    1.8750 MB /   0.10 sec =  157.3289 Mbps     0 retrans   5827 KB-cwnd
    1.6875 MB /   0.10 sec =  141.5549 Mbps     0 retrans   5827 KB-cwnd
    1.9375 MB /   0.10 sec =  162.5390 Mbps     0 retrans   5827 KB-cwnd
    1.6875 MB /   0.10 sec =  141.5521 Mbps     0 retrans   5827 KB-cwnd
    1.8750 MB /   0.10 sec =  157.2848 Mbps     0 retrans   5827 KB-cwnd
    1.9375 MB /   0.10 sec =  162.5277 Mbps     0 retrans   5827 KB-cwnd
    2.0625 MB /   0.10 sec =  173.0150 Mbps     0 retrans   4660 KB-cwnd
    1.8750 MB /   0.10 sec =  157.2833 Mbps     0 retrans   4660 KB-cwnd
    2.0625 MB /   0.10 sec =  173.0202 Mbps     0 retrans   4660 KB-cwnd
    1.8750 MB /   0.10 sec =  157.2927 Mbps     0 retrans   4660 KB-cwnd
    2.0000 MB /   0.10 sec =  167.7520 Mbps     0 retrans   4660 KB-cwnd
    1.6875 MB /   0.10 sec =  141.5719 Mbps     0 retrans   4660 KB-cwnd
    2.0000 MB /   0.10 sec =  167.7537 Mbps     0 retrans   4660 KB-cwnd
    2.0000 MB /   0.10 sec =  167.7923 Mbps     0 retrans   4660 KB-cwnd
    2.0000 MB /   0.10 sec =  167.7738 Mbps     0 retrans   4660 KB-cwnd
    1.9375 MB /   0.10 sec =  162.5228 Mbps     0 retrans   4660 KB-cwnd
    1.9375 MB /   0.10 sec =  162.5065 Mbps     0 retrans   4660 KB-cwnd
    1.9375 MB /   0.10 sec =  162.5504 Mbps     0 retrans   4660 KB-cwnd
    1.9375 MB /   0.10 sec =  162.5244 Mbps     0 retrans   4660 KB-cwnd
    2.0625 MB /   0.10 sec =  173.0185 Mbps     0 retrans   4660 KB-cwnd
    2.0000 MB /   0.10 sec =  167.7755 Mbps     0 retrans   4660 KB-cwnd
    1.9375 MB /   0.10 sec =  162.5358 Mbps     0 retrans   4660 KB-cwnd
    1.9375 MB /   0.10 sec =  162.5293 Mbps     0 retrans   4660 KB-cwnd
    1.8750 MB /   0.10 sec =  157.2848 Mbps     0 retrans   4660 KB-cwnd
    1.9375 MB /   0.10 sec =  162.5147 Mbps     0 retrans   4660 KB-cwnd
    1.8125 MB /   0.10 sec =  152.0466 Mbps     0 retrans   4660 KB-cwnd
    1.9375 MB /   0.10 sec =  162.5342 Mbps     0 retrans   4660 KB-cwnd
    1.9375 MB /   0.10 sec =  162.5342 Mbps     0 retrans   4660 KB-cwnd
    1.9375 MB /   0.10 sec =  162.5293 Mbps     0 retrans   4660 KB-cwnd
    2.0000 MB /   0.10 sec =  167.6967 Mbps     0 retrans   4660 KB-cwnd
    1.9375 MB /   0.10 sec =  162.5976 Mbps     0 retrans   4660 KB-cwnd
    1.9375 MB /   0.10 sec =  162.5293 Mbps     0 retrans   4660 KB-cwnd
    1.9375 MB /   0.10 sec =  162.4675 Mbps     0 retrans   4660 KB-cwnd
    1.8750 MB /   0.10 sec =  156.1775 Mbps     0 retrans   4660 KB-cwnd
    1.9375 MB /   0.10 sec =  163.7608 Mbps     0 retrans   4660 KB-cwnd
    1.8750 MB /   0.10 sec =  157.2817 Mbps     0 retrans   4660 KB-cwnd
    1.9375 MB /   0.10 sec =  162.5325 Mbps     0 retrans   4660 KB-cwnd
    1.9375 MB /   0.10 sec =  162.5195 Mbps     0 retrans   4660 KB-cwnd
    2.0000 MB /   0.10 sec =  167.7705 Mbps     0 retrans   4660 KB-cwnd
    2.0000 MB /   0.10 sec =  167.7789 Mbps     0 retrans   4660 KB-cwnd
    2.0000 MB /   0.10 sec =  167.7772 Mbps     0 retrans   4660 KB-cwnd
    1.8750 MB /   0.10 sec =  157.2770 Mbps     0 retrans   4660 KB-cwnd
    1.8750 MB /   0.10 sec =  157.2943 Mbps     0 retrans   4660 KB-cwnd
    1.8125 MB /   0.10 sec =  152.0435 Mbps     0 retrans   4660 KB-cwnd
    1.8750 MB /   0.10 sec =  157.2864 Mbps     0 retrans   4660 KB-cwnd
    1.7500 MB /   0.10 sec =  143.4272 Mbps     0 retrans   4660 KB-cwnd
    2.1250 MB /   0.10 sec =  182.5497 Mbps     0 retrans   4660 KB-cwnd
    2.0625 MB /   0.10 sec =  173.0064 Mbps     0 retrans   4660 KB-cwnd
    2.0625 MB /   0.10 sec =  173.0202 Mbps     0 retrans   4660 KB-cwnd
    1.9375 MB /   0.10 sec =  162.4578 Mbps     0 retrans   4660 KB-cwnd
    1.9375 MB /   0.10 sec =  162.6106 Mbps     0 retrans   4660 KB-cwnd
    2.0000 MB /   0.10 sec =  167.7688 Mbps     0 retrans   4660 KB-cwnd
    1.9375 MB /   0.10 sec =  162.5260 Mbps     0 retrans   4660 KB-cwnd
    1.9375 MB /   0.10 sec =  162.5293 Mbps     0 retrans   4660 KB-cwnd
    2.0625 MB /   0.10 sec =  172.9459 Mbps     0 retrans   4660 KB-cwnd
    1.9375 MB /   0.10 sec =  162.5829 Mbps     0 retrans   4660 KB-cwnd
    1.9375 MB /   0.10 sec =  162.5472 Mbps     0 retrans   4660 KB-cwnd
    1.8125 MB /   0.10 sec =  152.0466 Mbps     0 retrans   4660 KB-cwnd
    1.9375 MB /   0.10 sec =  162.5277 Mbps     0 retrans   4660 KB-cwnd
    1.9375 MB /   0.10 sec =  162.5260 Mbps     0 retrans   4660 KB-cwnd
    1.8750 MB /   0.10 sec =  157.2628 Mbps     0 retrans   4660 KB-cwnd
    2.0000 MB /   0.10 sec =  167.7856 Mbps     0 retrans   4660 KB-cwnd
    1.9375 MB /   0.10 sec =  162.5228 Mbps     0 retrans   4660 KB-cwnd
    2.0000 MB /   0.10 sec =  167.7889 Mbps     0 retrans   4660 KB-cwnd
    2.0000 MB /   0.10 sec =  167.7772 Mbps     0 retrans   4660 KB-cwnd
    1.8125 MB /   0.10 sec =  152.0162 Mbps     0 retrans   4660 KB-cwnd
    2.0000 MB /   0.10 sec =  167.7336 Mbps     0 retrans   4660 KB-cwnd
    1.9375 MB /   0.10 sec =  161.7786 Mbps     0 retrans   4660 KB-cwnd
    2.0625 MB /   0.10 sec =  173.8897 Mbps     0 retrans   4660 KB-cwnd
    2.0000 MB /   0.10 sec =  167.7604 Mbps     0 retrans   4660 KB-cwnd
    2.0625 MB /   0.10 sec =  172.9995 Mbps     0 retrans   4660 KB-cwnd
    2.0000 MB /   0.10 sec =  167.7722 Mbps     0 retrans   4660 KB-cwnd
    2.0000 MB /   0.10 sec =  167.7923 Mbps     0 retrans   4660 KB-cwnd
    2.0000 MB /   0.10 sec =  167.7537 Mbps     0 retrans   4660 KB-cwnd
    2.0000 MB /   0.10 sec =  167.7805 Mbps     0 retrans   4660 KB-cwnd
    1.8750 MB /   0.10 sec =  157.3021 Mbps     0 retrans   4660 KB-cwnd
    1.9375 MB /   0.10 sec =  162.5342 Mbps     0 retrans   4660 KB-cwnd
    2.0000 MB /   0.10 sec =  167.7286 Mbps     0 retrans   4660 KB-cwnd
    1.6875 MB /   0.10 sec =  141.5847 Mbps     0 retrans   4660 KB-cwnd
    1.8125 MB /   0.10 sec =  152.0481 Mbps     0 retrans   4660 KB-cwnd
    1.8125 MB /   0.10 sec =  152.0390 Mbps     0 retrans   4660 KB-cwnd
    1.6875 MB /   0.10 sec =  140.4900 Mbps     0 retrans   4660 KB-cwnd
    1.6875 MB /   0.10 sec =  142.6505 Mbps     0 retrans   4660 KB-cwnd
    1.6875 MB /   0.10 sec =  141.5379 Mbps     0 retrans   4660 KB-cwnd
    1.6875 MB /   0.10 sec =  141.5606 Mbps     0 retrans   4660 KB-cwnd
    1.8125 MB /   0.10 sec =  152.0496 Mbps     0 retrans   4660 KB-cwnd
    2.0000 MB /   0.10 sec =  167.7755 Mbps     0 retrans   4660 KB-cwnd
    2.0000 MB /   0.10 sec =  167.7738 Mbps     0 retrans   4660 KB-cwnd
    2.0625 MB /   0.10 sec =  173.0185 Mbps     0 retrans   4660 KB-cwnd
    1.9375 MB /   0.10 sec =  162.5277 Mbps     0 retrans   4660 KB-cwnd
    2.0000 MB /   0.10 sec =  167.7738 Mbps     0 retrans   4660 KB-cwnd
    2.0625 MB /   0.10 sec =  173.0081 Mbps     0 retrans   4660 KB-cwnd
    2.0000 MB /   0.10 sec =  167.7537 Mbps     0 retrans   4660 KB-cwnd
    2.0000 MB /   0.10 sec =  167.7889 Mbps     0 retrans   4660 KB-cwnd
    2.0000 MB /   0.10 sec =  167.7705 Mbps     0 retrans   4660 KB-cwnd
    2.0000 MB /   0.10 sec =  167.6883 Mbps     0 retrans   4660 KB-cwnd
    2.0000 MB /   0.10 sec =  167.8678 Mbps     0 retrans   4660 KB-cwnd
    1.8750 MB /   0.10 sec =  157.2785 Mbps     0 retrans   4660 KB-cwnd
    1.8750 MB /   0.10 sec =  157.2911 Mbps     0 retrans   4660 KB-cwnd
    2.0000 MB /   0.10 sec =  167.7789 Mbps     0 retrans   4660 KB-cwnd
    2.0000 MB /   0.10 sec =  167.7654 Mbps     0 retrans   4660 KB-cwnd
    1.9375 MB /   0.10 sec =  162.5277 Mbps     0 retrans   4660 KB-cwnd
    2.0000 MB /   0.10 sec =  167.7772 Mbps     0 retrans   4660 KB-cwnd
    1.8750 MB /   0.10 sec =  157.2848 Mbps     0 retrans   4660 KB-cwnd
    2.0000 MB /   0.10 sec =  167.7705 Mbps     0 retrans   4660 KB-cwnd
    2.0625 MB /   0.10 sec =  173.0220 Mbps     0 retrans   4660 KB-cwnd
    2.0625 MB /   0.10 sec =  172.9977 Mbps     0 retrans   4660 KB-cwnd
    2.0625 MB /   0.10 sec =  173.0237 Mbps     0 retrans   4660 KB-cwnd
    2.0000 MB /   0.10 sec =  167.7705 Mbps     0 retrans   4660 KB-cwnd
    1.9375 MB /   0.10 sec =  162.5390 Mbps     0 retrans   4660 KB-cwnd
    1.9375 MB /   0.10 sec =  162.5228 Mbps     0 retrans   4660 KB-cwnd
    2.0000 MB /   0.10 sec =  167.7789 Mbps     0 retrans   4660 KB-cwnd
    2.0625 MB /   0.10 sec =  173.0029 Mbps     0 retrans   4660 KB-cwnd
    2.0000 MB /   0.10 sec =  167.7604 Mbps     0 retrans   4660 KB-cwnd
    1.8750 MB /   0.10 sec =  157.3021 Mbps     0 retrans   4660 KB-cwnd
    2.0000 MB /   0.10 sec =  167.7705 Mbps     0 retrans   4660 KB-cwnd
    2.0000 MB /   0.10 sec =  167.7789 Mbps     0 retrans   4660 KB-cwnd
    1.8125 MB /   0.10 sec =  150.5694 Mbps     0 retrans   4660 KB-cwnd
    1.9375 MB /   0.10 sec =  164.1312 Mbps     0 retrans   4660 KB-cwnd
    1.8750 MB /   0.10 sec =  157.2754 Mbps     0 retrans   4660 KB-cwnd
    2.0000 MB /   0.10 sec =  167.7822 Mbps     0 retrans   4660 KB-cwnd
    1.8750 MB /   0.10 sec =  157.2927 Mbps     0 retrans   4660 KB-cwnd
    1.8750 MB /   0.10 sec =  157.2817 Mbps     0 retrans   4660 KB-cwnd
    1.8125 MB /   0.10 sec =  152.0450 Mbps     0 retrans   4660 KB-cwnd
    1.8125 MB /   0.10 sec =  152.0253 Mbps     0 retrans   4660 KB-cwnd
    1.8125 MB /   0.10 sec =  152.0633 Mbps     0 retrans   4660 KB-cwnd
    1.9375 MB /   0.10 sec =  162.5228 Mbps     0 retrans   4660 KB-cwnd
    1.9375 MB /   0.10 sec =  162.5342 Mbps     0 retrans   4660 KB-cwnd
    2.0000 MB /   0.10 sec =  167.7738 Mbps     0 retrans   4660 KB-cwnd
    1.8750 MB /   0.10 sec =  157.2424 Mbps     0 retrans   4660 KB-cwnd
    1.8125 MB /   0.10 sec =  152.0602 Mbps     0 retrans   4660 KB-cwnd
    1.9375 MB /   0.10 sec =  162.5504 Mbps     0 retrans   4660 KB-cwnd
    1.8125 MB /   0.10 sec =  152.0374 Mbps     0 retrans   4660 KB-cwnd
    1.8750 MB /   0.10 sec =  157.2927 Mbps     0 retrans   4660 KB-cwnd
    1.8125 MB /   0.10 sec =  152.0450 Mbps     0 retrans   4660 KB-cwnd
    1.8750 MB /   0.10 sec =  157.1717 Mbps     0 retrans   4660 KB-cwnd
    1.8125 MB /   0.10 sec =  152.1546 Mbps     0 retrans   4660 KB-cwnd
    1.8750 MB /   0.10 sec =  157.2943 Mbps     0 retrans   4660 KB-cwnd
    1.8125 MB /   0.10 sec =  152.0420 Mbps     0 retrans   4660 KB-cwnd
    1.8750 MB /   0.10 sec =  157.2833 Mbps     0 retrans   4660 KB-cwnd
    1.8750 MB /   0.10 sec =  157.2911 Mbps     0 retrans   4660 KB-cwnd
    1.8750 MB /   0.10 sec =  157.2833 Mbps     0 retrans   4660 KB-cwnd
    1.8125 MB /   0.10 sec =  152.0466 Mbps     0 retrans   4660 KB-cwnd
    1.8750 MB /   0.10 sec =  157.2833 Mbps     0 retrans   4660 KB-cwnd
    1.8125 MB /   0.10 sec =  152.0466 Mbps     0 retrans   4660 KB-cwnd
    1.7500 MB /   0.10 sec =  146.7904 Mbps     0 retrans   4660 KB-cwnd
    1.8750 MB /   0.10 sec =  157.2518 Mbps     0 retrans   4660 KB-cwnd
    1.8125 MB /   0.10 sec =  152.0755 Mbps     0 retrans   4660 KB-cwnd
    1.8125 MB /   0.10 sec =  152.0329 Mbps     0 retrans   4660 KB-cwnd
    1.8125 MB /   0.10 sec =  152.0663 Mbps     0 retrans   4660 KB-cwnd
    1.8750 MB /   0.10 sec =  157.2581 Mbps     0 retrans   4660 KB-cwnd
    1.8750 MB /   0.10 sec =  157.3131 Mbps     0 retrans   4660 KB-cwnd
    1.8750 MB /   0.10 sec =  157.2848 Mbps     0 retrans   4660 KB-cwnd
    1.8125 MB /   0.10 sec =  152.0435 Mbps     0 retrans   4660 KB-cwnd
    1.8125 MB /   0.10 sec =  152.0374 Mbps     0 retrans   4660 KB-cwnd
    1.8750 MB /   0.10 sec =  157.2880 Mbps     0 retrans   4660 KB-cwnd
    1.8750 MB /   0.10 sec =  157.2880 Mbps     0 retrans   4660 KB-cwnd
    1.9375 MB /   0.10 sec =  162.5260 Mbps     0 retrans   4660 KB-cwnd
    1.8750 MB /   0.10 sec =  157.2911 Mbps     0 retrans   4660 KB-cwnd
    1.8750 MB /   0.10 sec =  157.2722 Mbps     0 retrans   4660 KB-cwnd
    1.8125 MB /   0.10 sec =  152.0481 Mbps     0 retrans   4660 KB-cwnd
    1.8125 MB /   0.10 sec =  152.0511 Mbps     0 retrans   4660 KB-cwnd
    1.8750 MB /   0.10 sec =  157.2361 Mbps     0 retrans   4660 KB-cwnd
    1.8125 MB /   0.10 sec =  152.0876 Mbps     0 retrans   4660 KB-cwnd
    1.8750 MB /   0.10 sec =  157.2833 Mbps     0 retrans   4660 KB-cwnd
    1.8750 MB /   0.10 sec =  157.2880 Mbps     0 retrans   4660 KB-cwnd
    1.8750 MB /   0.10 sec =  157.2958 Mbps     0 retrans   4660 KB-cwnd
    1.9375 MB /   0.10 sec =  162.5277 Mbps     0 retrans   4660 KB-cwnd
    1.8750 MB /   0.10 sec =  157.2911 Mbps     0 retrans   4660 KB-cwnd
    1.8125 MB /   0.10 sec =  152.0374 Mbps     0 retrans   4660 KB-cwnd
    1.8750 MB /   0.10 sec =  157.2911 Mbps     0 retrans   4660 KB-cwnd
    1.8125 MB /   0.10 sec =  152.0450 Mbps     0 retrans   4660 KB-cwnd
    1.9375 MB /   0.10 sec =  162.5244 Mbps     0 retrans   4660 KB-cwnd
    1.9375 MB /   0.10 sec =  162.5049 Mbps     0 retrans   4660 KB-cwnd
    1.8125 MB /   0.10 sec =  152.0709 Mbps     0 retrans   4660 KB-cwnd
    1.9375 MB /   0.10 sec =  162.5260 Mbps     0 retrans   4660 KB-cwnd
    1.8125 MB /   0.10 sec =  152.0481 Mbps     0 retrans   4660 KB-cwnd
    1.7500 MB /   0.10 sec =  146.8006 Mbps     0 retrans   4660 KB-cwnd
    1.8750 MB /   0.10 sec =  157.2864 Mbps     0 retrans   4660 KB-cwnd
    1.9375 MB /   0.10 sec =  162.5277 Mbps     0 retrans   4660 KB-cwnd
    1.8750 MB /   0.10 sec =  157.2864 Mbps     0 retrans   4660 KB-cwnd
    1.7500 MB /   0.10 sec =  146.7992 Mbps     0 retrans   4660 KB-cwnd
    1.8125 MB /   0.10 sec =  150.7068 Mbps     0 retrans   4660 KB-cwnd
    1.8125 MB /   0.10 sec =  153.3996 Mbps     0 retrans   4660 KB-cwnd
    1.7500 MB /   0.10 sec =  146.8006 Mbps     0 retrans   4660 KB-cwnd
    1.8750 MB /   0.10 sec =  157.2880 Mbps     0 retrans   4660 KB-cwnd
    1.8125 MB /   0.10 sec =  152.0420 Mbps     0 retrans   4660 KB-cwnd
    1.8125 MB /   0.10 sec =  151.9023 Mbps     0 retrans   4660 KB-cwnd
    1.8125 MB /   0.10 sec =  152.1820 Mbps     0 retrans   4660 KB-cwnd
    1.8125 MB /   0.10 sec =  152.0496 Mbps     0 retrans   4660 KB-cwnd
    1.8750 MB /   0.10 sec =  157.2895 Mbps     0 retrans   4660 KB-cwnd
    1.8750 MB /   0.10 sec =  157.2848 Mbps     0 retrans   4660 KB-cwnd
    2.0000 MB /   0.10 sec =  167.7688 Mbps     0 retrans   4660 KB-cwnd
    1.9375 MB /   0.10 sec =  162.5277 Mbps     0 retrans   4660 KB-cwnd
    1.8750 MB /   0.10 sec =  157.2880 Mbps     0 retrans   4660 KB-cwnd
    1.8750 MB /   0.10 sec =  150.9814 Mbps     0 retrans   4660 KB-cwnd
    1.8125 MB /   0.10 sec =  158.6447 Mbps     0 retrans   4660 KB-cwnd
    1.8125 MB /   0.10 sec =  152.0633 Mbps     0 retrans   4660 KB-cwnd
    1.8750 MB /   0.10 sec =  157.2880 Mbps     0 retrans   4660 KB-cwnd
    1.8750 MB /   0.10 sec =  157.2785 Mbps     0 retrans   4660 KB-cwnd
    1.8750 MB /   0.10 sec =  157.2927 Mbps     0 retrans   4660 KB-cwnd
    1.8750 MB /   0.10 sec =  157.2833 Mbps     0 retrans   4660 KB-cwnd
    1.9375 MB /   0.10 sec =  162.5374 Mbps     0 retrans   4660 KB-cwnd
    1.9375 MB /   0.10 sec =  162.5325 Mbps     0 retrans   4660 KB-cwnd
    1.8750 MB /   0.10 sec =  157.2864 Mbps     0 retrans   4660 KB-cwnd
    2.0000 MB /   0.10 sec =  167.7654 Mbps     0 retrans   4660 KB-cwnd
    1.3125 MB /   0.10 sec =  110.0499 Mbps     0 retrans   4660 KB-cwnd
nuttcp-t: 580.5800 MB in 30.00 real seconds = 19817.06 KB/sec = 162.3414 Mbps
nuttcp-t: retrans = 0 cwnd = 4660 KB
nuttcp-t: 9290 I/O calls, msec/call = 3.31, calls/sec = 309.67
nuttcp-t: 0.0user 0.1sys 0:30real 0% 0i+0d 1304maxrss 0+1pf 53+8csw

nuttcp-r: 580.5800 MB in 31.62 real seconds = 18799.34 KB/sec = 154.0042 Mbps
nuttcp-r: 84277 I/O calls, msec/call = 0.38, calls/sec = 2664.95
nuttcp-r: 0.1user 0.6sys 0:31real 2% 0i+0d 100maxrss 0+15pf 73453+5csw
