1660506923597
nuttcp-r: v8.1.4: socket
nuttcp-r: buflen=65536, nstream=1, port=5007 tcp
nuttcp-r: interval reporting every 0.10 seconds
nuttcp-r: connect to 3.19.94.93 with RTT=66.637 ms af=inet
nuttcp-r: send window size = 2097152, receive window size = 52428800
nuttcp-r: available send window = 1572864, available receive window = 39321600
    0.0000 MB /   0.10 sec =    0.0000 Mbps    -1 retrans
    0.0625 MB /   0.10 sec =    5.2528 Mbps     1 retrans
    0.3125 MB /   0.10 sec =   26.2267 Mbps     0 retrans
    0.5625 MB /   0.10 sec =   47.1972 Mbps     0 retrans
    0.8750 MB /   0.10 sec =   73.3834 Mbps     0 retrans
    1.9375 MB /   0.10 sec =  162.5618 Mbps     0 retrans
    1.8125 MB /   0.10 sec =  151.9432 Mbps     0 retrans
    2.2500 MB /   0.10 sec =  188.7965 Mbps     0 retrans
    2.3750 MB /   0.10 sec =  199.3291 Mbps     0 retrans
    2.5000 MB /   0.10 sec =  209.6963 Mbps     0 retrans
    2.6250 MB /   0.10 sec =  220.0030 Mbps     0 retrans
    2.0625 MB /   0.10 sec =  173.1137 Mbps     0 retrans
    3.1250 MB /   0.10 sec =  262.1755 Mbps     0 retrans
    3.0000 MB /   0.10 sec =  251.6809 Mbps     0 retrans
    3.8125 MB /   0.10 sec =  319.8605 Mbps     0 retrans
    4.1250 MB /   0.10 sec =  345.9851 Mbps     0 retrans
    4.3125 MB /   0.10 sec =  361.5382 Mbps     0 retrans
    4.8750 MB /   0.10 sec =  409.2434 Mbps     0 retrans
    5.5000 MB /   0.10 sec =  461.3458 Mbps     0 retrans
    4.5625 MB /   0.10 sec =  382.7111 Mbps     0 retrans
    7.0000 MB /   0.10 sec =  587.3611 Mbps     0 retrans
    6.8125 MB /   0.10 sec =  571.3654 Mbps     0 retrans
    7.0000 MB /   0.10 sec =  587.2084 Mbps     0 retrans
    8.3125 MB /   0.10 sec =  697.3519 Mbps     0 retrans
    9.1875 MB /   0.10 sec =  770.6571 Mbps     0 retrans
    9.4375 MB /   0.10 sec =  791.6036 Mbps     0 retrans
   11.2500 MB /   0.10 sec =  943.6995 Mbps     0 retrans
    9.1250 MB /   0.10 sec =  765.4605 Mbps     0 retrans
   12.7500 MB /   0.10 sec = 1069.8257 Mbps     0 retrans
   13.1250 MB /   0.10 sec = 1100.7186 Mbps     0 retrans
    9.8125 MB /   0.10 sec =  823.2886 Mbps     0 retrans
   13.8750 MB /   0.10 sec = 1163.7332 Mbps     0 retrans
   16.9375 MB /   0.10 sec = 1420.9626 Mbps     0 retrans
   14.8750 MB /   0.10 sec = 1247.8678 Mbps     0 retrans
   20.5000 MB /   0.10 sec = 1719.5099 Mbps     0 retrans
   10.8125 MB /   0.10 sec =  906.8913 Mbps     0 retrans
    0.0000 MB /   0.10 sec =    0.0000 Mbps     0 retrans
   12.2500 MB /   0.10 sec = 1027.3579 Mbps     0 retrans
    3.1250 MB /   0.10 sec =  262.1964 Mbps     0 retrans
   22.5625 MB /   0.10 sec = 1892.7554 Mbps     0 retrans
   16.9375 MB /   0.10 sec = 1421.0621 Mbps     0 retrans
   27.1875 MB /   0.10 sec = 2280.7212 Mbps     0 retrans
   27.3750 MB /   0.10 sec = 2295.5780 Mbps     0 retrans
   15.6875 MB /   0.10 sec = 1316.1998 Mbps     0 retrans
    0.8750 MB /   0.10 sec =   73.3922 Mbps     0 retrans
   21.0000 MB /   0.10 sec = 1762.0658 Mbps     0 retrans
   32.4375 MB /   0.10 sec = 2720.9731 Mbps     0 retrans
   27.6250 MB /   0.10 sec = 2317.1908 Mbps     0 retrans
   33.9375 MB /   0.10 sec = 2847.1116 Mbps     0 retrans
   30.6875 MB /   0.10 sec = 2571.3741 Mbps     0 retrans
   13.1250 MB /   0.10 sec = 1102.1179 Mbps     0 retrans
   41.5000 MB /   0.10 sec = 3480.9242 Mbps     0 retrans
   40.5000 MB /   0.10 sec = 3397.6241 Mbps     0 retrans
   43.1250 MB /   0.10 sec = 3617.4425 Mbps     0 retrans
   42.5625 MB /   0.10 sec = 3568.2603 Mbps     0 retrans
   16.4375 MB /   0.10 sec = 1379.7743 Mbps     0 retrans
   23.7500 MB /   0.10 sec = 1991.7765 Mbps     0 retrans
   25.7500 MB /   0.10 sec = 2160.5203 Mbps     0 retrans
    6.6250 MB /   0.10 sec =  555.5842 Mbps     0 retrans
    3.1875 MB /   0.10 sec =  267.4109 Mbps     0 retrans
    8.1875 MB /   0.10 sec =  686.9341 Mbps     0 retrans
   13.8125 MB /   0.10 sec = 1158.9083 Mbps     0 retrans
   30.8750 MB /   0.10 sec = 2589.9568 Mbps     0 retrans
   30.4375 MB /   0.10 sec = 2551.6750 Mbps     0 retrans
   34.9375 MB /   0.10 sec = 2932.8522 Mbps     0 retrans
   35.8125 MB /   0.10 sec = 2938.7823 Mbps     0 retrans
   13.6875 MB /   0.10 sec = 1174.1152 Mbps     0 retrans
   23.9375 MB /   0.10 sec = 2008.1837 Mbps     0 retrans
   30.0000 MB /   0.10 sec = 2516.1798 Mbps     0 retrans
   34.6875 MB /   0.10 sec = 2910.2640 Mbps     0 retrans
   33.5000 MB /   0.10 sec = 2810.0713 Mbps     0 retrans
   35.6875 MB /   0.10 sec = 2993.9240 Mbps     0 retrans
   28.9375 MB /   0.10 sec = 2426.6526 Mbps     0 retrans
   34.8125 MB /   0.10 sec = 2920.4886 Mbps     0 retrans
   27.6250 MB /   0.10 sec = 2317.8165 Mbps     0 retrans
   27.0625 MB /   0.10 sec = 2270.2579 Mbps     0 retrans
   34.1875 MB /   0.10 sec = 2867.9701 Mbps     0 retrans
   33.8125 MB /   0.10 sec = 2835.5758 Mbps     0 retrans
   36.8750 MB /   0.10 sec = 3089.1906 Mbps     0 retrans
   33.3125 MB /   0.10 sec = 2798.7932 Mbps     0 retrans
   21.3750 MB /   0.10 sec = 1792.9574 Mbps     0 retrans
   39.2500 MB /   0.10 sec = 3292.6603 Mbps     0 retrans
    2.9375 MB /   0.10 sec =  246.3809 Mbps     0 retrans
    0.0000 MB /   0.10 sec =    0.0000 Mbps     0 retrans
   35.1875 MB /   0.10 sec = 2948.0269 Mbps     0 retrans
   32.5625 MB /   0.10 sec = 2736.6580 Mbps     0 retrans
   36.7500 MB /   0.10 sec = 3083.5843 Mbps     0 retrans
   40.8125 MB /   0.10 sec = 3423.8745 Mbps     0 retrans
   38.5000 MB /   0.10 sec = 3229.6787 Mbps     0 retrans
   34.1875 MB /   0.10 sec = 2862.8740 Mbps     0 retrans
   42.6250 MB /   0.10 sec = 3580.2627 Mbps     0 retrans
   39.1250 MB /   0.10 sec = 3282.5681 Mbps     0 retrans
   42.6250 MB /   0.10 sec = 3574.8934 Mbps     0 retrans
   40.5625 MB /   0.10 sec = 3403.5821 Mbps     0 retrans
   38.6250 MB /   0.10 sec = 3237.5422 Mbps     0 retrans
   37.3125 MB /   0.10 sec = 3132.5367 Mbps     0 retrans
   41.3750 MB /   0.10 sec = 3469.8497 Mbps     0 retrans
   40.8125 MB /   0.10 sec = 3425.1762 Mbps     0 retrans
   41.0000 MB /   0.10 sec = 3438.8822 Mbps     0 retrans
   35.0000 MB /   0.10 sec = 2936.4826 Mbps     0 retrans
   40.3125 MB /   0.10 sec = 3381.5223 Mbps     0 retrans
   42.2500 MB /   0.10 sec = 3544.2578 Mbps     0 retrans
   36.8125 MB /   0.10 sec = 3088.0254 Mbps     0 retrans
   40.9375 MB /   0.10 sec = 3433.3654 Mbps     0 retrans
   41.8125 MB /   0.10 sec = 3507.7673 Mbps     0 retrans
   42.5625 MB /   0.10 sec = 3569.9372 Mbps     0 retrans
   41.9375 MB /   0.10 sec = 3518.0780 Mbps     0 retrans
   38.1250 MB /   0.10 sec = 3197.9969 Mbps     0 retrans
   35.2500 MB /   0.10 sec = 2957.2800 Mbps     0 retrans
   41.5000 MB /   0.10 sec = 3480.5066 Mbps     0 retrans
   38.3125 MB /   0.10 sec = 3213.9819 Mbps     0 retrans
   39.7500 MB /   0.10 sec = 3333.1051 Mbps     0 retrans
   42.4375 MB /   0.10 sec = 3562.0171 Mbps     0 retrans
   40.1875 MB /   0.10 sec = 3370.9359 Mbps     0 retrans
   41.1875 MB /   0.10 sec = 3455.1616 Mbps     0 retrans
   39.3750 MB /   0.10 sec = 3302.4530 Mbps     0 retrans
   42.1250 MB /   0.10 sec = 3530.5236 Mbps     0 retrans
   42.3125 MB /   0.10 sec = 3547.4432 Mbps     0 retrans
   32.6875 MB /   0.10 sec = 2746.2280 Mbps     0 retrans
   24.9375 MB /   0.10 sec = 2092.2857 Mbps     0 retrans
   31.4375 MB /   0.10 sec = 2637.4851 Mbps     0 retrans
   29.9375 MB /   0.10 sec = 2507.2527 Mbps     0 retrans
   32.5000 MB /   0.10 sec = 2730.1744 Mbps     0 retrans
   33.6875 MB /   0.10 sec = 2825.8841 Mbps     0 retrans
   26.3750 MB /   0.10 sec = 2212.5175 Mbps     0 retrans
   31.6875 MB /   0.10 sec = 2658.1933 Mbps     0 retrans
   35.2500 MB /   0.10 sec = 2957.1026 Mbps     0 retrans
   28.3125 MB /   0.10 sec = 2374.6447 Mbps     0 retrans
   34.0000 MB /   0.10 sec = 2852.7829 Mbps     0 retrans
   29.3750 MB /   0.10 sec = 2463.8579 Mbps     0 retrans
    0.0000 MB /   0.10 sec =    0.0000 Mbps     0 retrans
    0.0000 MB /   0.10 sec =    0.0000 Mbps     0 retrans
   18.5625 MB /   0.10 sec = 1557.6805 Mbps     0 retrans
   29.2500 MB /   0.10 sec = 2453.0791 Mbps     0 retrans
   30.9375 MB /   0.10 sec = 2595.6409 Mbps     0 retrans
   32.9375 MB /   0.10 sec = 2762.0310 Mbps     0 retrans
   31.3750 MB /   0.10 sec = 2631.2416 Mbps     0 retrans
   29.8125 MB /   0.10 sec = 2502.2801 Mbps     0 retrans
   26.4375 MB /   0.10 sec = 2217.4278 Mbps     0 retrans
   33.8125 MB /   0.10 sec = 2836.4832 Mbps     0 retrans
   26.5000 MB /   0.10 sec = 2223.6927 Mbps     0 retrans
   34.8125 MB /   0.10 sec = 2898.3437 Mbps     0 retrans
   33.4375 MB /   0.10 sec = 2826.2507 Mbps     0 retrans
   33.3750 MB /   0.10 sec = 2799.3060 Mbps     0 retrans
   29.6875 MB /   0.10 sec = 2489.5713 Mbps     0 retrans
   33.8125 MB /   0.10 sec = 2835.6325 Mbps     0 retrans
   30.7500 MB /   0.10 sec = 2579.6259 Mbps     0 retrans
   30.8125 MB /   0.10 sec = 2584.2488 Mbps     0 retrans
   33.6250 MB /   0.10 sec = 2822.3064 Mbps     0 retrans
   33.3125 MB /   0.10 sec = 2794.0359 Mbps     0 retrans
   35.4375 MB /   0.10 sec = 2973.3076 Mbps     0 retrans
   23.0000 MB /   0.10 sec = 1928.9362 Mbps     0 retrans
   20.8125 MB /   0.10 sec = 1746.0013 Mbps     0 retrans
   20.4375 MB /   0.10 sec = 1714.8676 Mbps     0 retrans
   25.1250 MB /   0.10 sec = 2106.2687 Mbps     0 retrans
   23.8750 MB /   0.10 sec = 2003.7620 Mbps     0 retrans
   26.8125 MB /   0.10 sec = 2245.3784 Mbps     0 retrans
   24.7500 MB /   0.10 sec = 2080.0285 Mbps     0 retrans
   26.3125 MB /   0.10 sec = 2206.5464 Mbps     0 retrans
   20.1875 MB /   0.10 sec = 1693.9415 Mbps     0 retrans
   19.1250 MB /   0.10 sec = 1604.0967 Mbps     0 retrans
   24.5000 MB /   0.10 sec = 2055.3939 Mbps     0 retrans
   27.3750 MB /   0.10 sec = 2296.2896 Mbps     0 retrans
   25.5000 MB /   0.10 sec = 2139.0523 Mbps     0 retrans
   27.0000 MB /   0.10 sec = 2265.4905 Mbps     0 retrans
   24.6250 MB /   0.10 sec = 2065.6741 Mbps     0 retrans
   26.6875 MB /   0.10 sec = 2237.1885 Mbps     0 retrans
   21.1875 MB /   0.10 sec = 1778.2254 Mbps     0 retrans
   26.5000 MB /   0.10 sec = 2223.4480 Mbps     0 retrans
   25.5000 MB /   0.10 sec = 2138.8170 Mbps     0 retrans
   25.7500 MB /   0.10 sec = 2160.0450 Mbps     0 retrans
   28.5625 MB /   0.10 sec = 2395.9243 Mbps     0 retrans
   24.1250 MB /   0.10 sec = 2023.5696 Mbps     0 retrans
   27.0000 MB /   0.10 sec = 2260.1101 Mbps     0 retrans
   28.5000 MB /   0.10 sec = 2394.7765 Mbps     0 retrans
   28.1875 MB /   0.10 sec = 2365.8874 Mbps     0 retrans
    9.8125 MB /   0.10 sec =  822.9017 Mbps     0 retrans
   25.5625 MB /   0.10 sec = 2144.5953 Mbps     0 retrans
   24.6875 MB /   0.10 sec = 2071.7041 Mbps     0 retrans
   26.7500 MB /   0.10 sec = 2243.2797 Mbps     0 retrans
   27.4375 MB /   0.10 sec = 2301.4862 Mbps     0 retrans
   23.1875 MB /   0.10 sec = 1945.4197 Mbps     0 retrans
   27.9375 MB /   0.10 sec = 2341.6238 Mbps     0 retrans
   26.6250 MB /   0.10 sec = 2234.5618 Mbps     0 retrans
   20.0000 MB /   0.10 sec = 1677.7216 Mbps     0 retrans
   16.3125 MB /   0.10 sec = 1368.6928 Mbps     0 retrans
   27.5625 MB /   0.10 sec = 2309.1082 Mbps     0 retrans
   25.3750 MB /   0.10 sec = 2131.0600 Mbps     0 retrans
   18.7500 MB /   0.10 sec = 1568.8477 Mbps     0 retrans
   30.0625 MB /   0.10 sec = 2529.3882 Mbps     0 retrans
   28.1250 MB /   0.10 sec = 2354.9159 Mbps     0 retrans
   27.2500 MB /   0.10 sec = 2290.2471 Mbps     0 retrans
   25.0625 MB /   0.10 sec = 2100.0009 Mbps     0 retrans
   26.1875 MB /   0.10 sec = 2198.6136 Mbps     0 retrans
    0.3125 MB /   0.10 sec =   26.2144 Mbps     0 retrans
   28.8750 MB /   0.10 sec = 2422.4286 Mbps     0 retrans
   26.8750 MB /   0.10 sec = 2249.6242 Mbps     0 retrans
   27.4375 MB /   0.10 sec = 2306.4910 Mbps     0 retrans
   29.3750 MB /   0.10 sec = 2462.1346 Mbps     0 retrans
   27.1875 MB /   0.10 sec = 2282.5930 Mbps     0 retrans
   24.2500 MB /   0.10 sec = 2034.1154 Mbps     0 retrans
    8.1250 MB /   0.10 sec =  681.5608 Mbps     0 retrans
    0.0000 MB /   0.10 sec =    0.0000 Mbps     0 retrans
   14.8125 MB /   0.10 sec = 1242.4010 Mbps     0 retrans
   13.1250 MB /   0.10 sec = 1101.4233 Mbps     0 retrans
   21.5000 MB /   0.10 sec = 1803.5507 Mbps     0 retrans
   22.0000 MB /   0.10 sec = 1845.1801 Mbps     0 retrans
   18.7500 MB /   0.10 sec = 1573.0842 Mbps     0 retrans
    6.7500 MB /   0.10 sec =  565.7388 Mbps     0 retrans
    0.0000 MB /   0.10 sec =    0.0000 Mbps     0 retrans
    0.0000 MB /   0.10 sec =    0.0000 Mbps     0 retrans
    0.0000 MB /   0.10 sec =    0.0000 Mbps     0 retrans
    0.6875 MB /   0.10 sec =   57.5571 Mbps     0 retrans
   24.6875 MB /   0.10 sec = 2073.0936 Mbps     0 retrans
   16.0000 MB /   0.10 sec = 1343.4805 Mbps     0 retrans
   21.5625 MB /   0.10 sec = 1808.9926 Mbps     0 retrans
    8.6250 MB /   0.10 sec =  723.3438 Mbps     0 retrans
    0.0000 MB /   0.10 sec =    0.0000 Mbps     0 retrans
    0.0000 MB /   0.10 sec =    0.0000 Mbps     0 retrans
    0.5000 MB /   0.10 sec =   41.9472 Mbps     0 retrans
   17.0000 MB /   0.10 sec = 1426.0919 Mbps     0 retrans
   20.8750 MB /   0.10 sec = 1751.0694 Mbps     0 retrans
   17.5625 MB /   0.10 sec = 1472.9841 Mbps     0 retrans
   19.1875 MB /   0.10 sec = 1609.6446 Mbps     0 retrans
   19.3125 MB /   0.10 sec = 1619.6774 Mbps     0 retrans
   23.5000 MB /   0.10 sec = 1971.7961 Mbps     0 retrans
   21.5625 MB /   0.10 sec = 1808.6308 Mbps     0 retrans
   24.5000 MB /   0.10 sec = 2055.0857 Mbps     0 retrans
    0.8750 MB /   0.10 sec =   73.3343 Mbps     0 retrans
   24.6250 MB /   0.10 sec = 2067.7211 Mbps     0 retrans
   33.6875 MB /   0.10 sec = 2826.6755 Mbps     0 retrans
   22.8125 MB /   0.10 sec = 1913.3833 Mbps     0 retrans
    7.3750 MB /   0.10 sec =  618.5732 Mbps     0 retrans
    0.4375 MB /   0.10 sec =   36.6950 Mbps     0 retrans
   25.8125 MB /   0.10 sec = 2165.2228 Mbps     0 retrans
   24.8125 MB /   0.10 sec = 2081.8606 Mbps     0 retrans
   25.5000 MB /   0.10 sec = 2138.9025 Mbps     0 retrans
    1.0000 MB /   0.10 sec =   83.8769 Mbps     0 retrans
   23.8125 MB /   0.10 sec = 1997.6971 Mbps     0 retrans
    0.0000 MB /   0.10 sec =    0.0000 Mbps     0 retrans
   26.1250 MB /   0.10 sec = 2192.0061 Mbps     0 retrans
   13.1250 MB /   0.10 sec = 1101.1920 Mbps     0 retrans
    8.1875 MB /   0.10 sec =  686.3437 Mbps     0 retrans
    2.6250 MB /   0.10 sec =  220.3023 Mbps     0 retrans
    7.6875 MB /   0.10 sec =  644.8549 Mbps     0 retrans
   15.6875 MB /   0.10 sec = 1315.7655 Mbps     0 retrans
    8.0625 MB /   0.10 sec =  673.7980 Mbps     0 retrans
   16.3750 MB /   0.10 sec = 1379.0404 Mbps     0 retrans
    8.3750 MB /   0.10 sec =  702.6302 Mbps     0 retrans
    9.2500 MB /   0.10 sec =  775.7988 Mbps     0 retrans
    8.2500 MB /   0.10 sec =  691.5830 Mbps     0 retrans
    8.7500 MB /   0.10 sec =  729.8504 Mbps     0 retrans
   17.8125 MB /   0.10 sec = 1504.0422 Mbps     0 retrans
   11.3750 MB /   0.10 sec =  954.1946 Mbps     0 retrans
   11.1250 MB /   0.10 sec =  932.7383 Mbps     0 retrans
    1.1875 MB /   0.10 sec =   99.6476 Mbps     0 retrans
   11.3125 MB /   0.10 sec =  949.1511 Mbps     0 retrans
   11.9375 MB /   0.10 sec = 1001.1298 Mbps     0 retrans
   11.6875 MB /   0.10 sec =  980.4284 Mbps     0 retrans
   19.1875 MB /   0.10 sec = 1609.9828 Mbps     0 retrans
   14.1875 MB /   0.10 sec = 1190.3480 Mbps     0 retrans
   13.3750 MB /   0.10 sec = 1121.9427 Mbps     0 retrans
   12.1875 MB /   0.10 sec = 1022.1980 Mbps     0 retrans
    0.0000 MB /   0.10 sec =    0.0000 Mbps     0 retrans
    0.0000 MB /   0.10 sec =    0.0000 Mbps     0 retrans
    0.0000 MB /   0.10 sec =    0.0000 Mbps     0 retrans
   11.0625 MB /   0.10 sec =  927.7207 Mbps     0 retrans
   11.1875 MB /   0.10 sec =  938.4380 Mbps     0 retrans
   11.5000 MB /   0.10 sec =  965.0566 Mbps     0 retrans
   11.6875 MB /   0.10 sec =  980.6245 Mbps     0 retrans
   13.2500 MB /   0.10 sec = 1110.9795 Mbps     0 retrans
   12.1875 MB /   0.10 sec = 1022.4229 Mbps     0 retrans
   18.9375 MB /   0.10 sec = 1589.0535 Mbps     0 retrans
   16.9375 MB /   0.10 sec = 1420.5506 Mbps     0 retrans
   16.5625 MB /   0.10 sec = 1389.2243 Mbps     0 retrans
   14.8750 MB /   0.10 sec = 1247.8928 Mbps     0 retrans
   23.5625 MB /   0.10 sec = 1976.3681 Mbps     0 retrans
   13.9375 MB /   0.10 sec = 1169.0687 Mbps     0 retrans
   17.4375 MB /   0.10 sec = 1463.2464 Mbps     0 retrans
   15.3750 MB /   0.10 sec = 1289.5808 Mbps     0 retrans
   18.6875 MB /   0.10 sec = 1567.8093 Mbps     0 retrans
   15.0625 MB /   0.10 sec = 1263.3193 Mbps     0 retrans
   13.1875 MB /   0.10 sec = 1106.2919 Mbps     0 retrans
   16.3125 MB /   0.10 sec = 1368.2412 Mbps     0 retrans
   14.1875 MB /   0.10 sec = 1189.8482 Mbps     0 retrans
   13.5000 MB /   0.10 sec = 1132.2922 Mbps     0 retrans
   19.5000 MB /   0.10 sec = 1636.4495 Mbps     0 retrans
   13.8125 MB /   0.10 sec = 1158.8967 Mbps     0 retrans
   13.8750 MB /   0.10 sec = 1163.7215 Mbps     0 retrans
   15.9375 MB /   0.10 sec = 1336.8809 Mbps     0 retrans
    7.0000 MB /   0.10 sec =  585.6973 Mbps     0 retrans
   14.2500 MB /   0.10 sec = 1198.4326 Mbps     0 retrans
   21.6875 MB /   0.10 sec = 1819.5523 Mbps     0 retrans
   21.2500 MB /   0.10 sec = 1782.1871 Mbps     0 retrans
   16.3750 MB /   0.10 sec = 1373.8956 Mbps     0 retrans
   16.3125 MB /   0.10 sec = 1368.5559 Mbps     0 retrans
   15.0625 MB /   0.10 sec = 1263.5973 Mbps     0 retrans
   15.0000 MB /   0.10 sec = 1258.2409 Mbps     0 retrans
   15.6875 MB /   0.10 sec = 1315.7524 Mbps     0 retrans
   16.5625 MB /   0.10 sec = 1389.3215 Mbps     0 retrans
   16.0625 MB /   0.10 sec = 1340.0899 Mbps     0 retrans
   15.7500 MB /   0.10 sec = 1328.6996 Mbps     0 retrans
    0.5000 MB /   0.10 sec =   41.9204 Mbps     0 retrans
nuttcp-r: 6284.4156 MB in 30.33 real seconds = 212163.84 KB/sec = 1738.0462 Mbps
nuttcp-r: 113985 I/O calls, msec/call = 0.27, calls/sec = 3757.98
nuttcp-r: 0.0user 1.7sys 0:30real 5% 0i+0d 1290maxrss 0+1pf 13327+626csw

nuttcp-t: Warning: send window size 25000000 < requested window size 26214400
nuttcp-t: v6.1.2: socket
nuttcp-t: buflen=65536, nstream=1, port=5007 tcp -> 174.207.45.147
nuttcp-t: time limit = 30.00 seconds
nuttcp-t: accept from 174.207.45.147 with mss=1376
nuttcp-t: send window size = 50000000, receive window size = 25000000
nuttcp-t: available send window = 25000000, available receive window = 12500000
nuttcp-t: 6284.4156 MB in 30.00 real seconds = 214506.22 KB/sec = 1757.2350 Mbps
nuttcp-t: retrans = 0
nuttcp-t: 100551 I/O calls, msec/call = 0.31, calls/sec = 3351.67
nuttcp-t: 0.1user 3.7sys 0:30real 12% 0i+0d 100maxrss 0+0pf 320+79csw
