nuttcp-r: v8.1.4: socket
nuttcp-r: buflen=65536, nstream=1, port=5007 tcp
nuttcp-r: interval reporting every 0.10 seconds
nuttcp-r: connect to 155.146.144.24 with RTT=27.278 ms af=inet
nuttcp-r: send window size = 1048576, receive window size = 52428800
nuttcp-r: available send window = 786432, available receive window = 39321600
    0.0000 MB /   0.10 sec =    0.0000 Mbps    -1 retrans
    0.1250 MB /   0.10 sec =   10.4917 Mbps     1 retrans
    0.0625 MB /   0.10 sec =    5.2429 Mbps     0 retrans
    0.1250 MB /   0.10 sec =   10.4861 Mbps     0 retrans
    0.1250 MB /   0.10 sec =   10.4835 Mbps     0 retrans
    0.1250 MB /   0.10 sec =   10.4860 Mbps     0 retrans
    0.1875 MB /   0.10 sec =   15.7203 Mbps     0 retrans
    0.1875 MB /   0.10 sec =   15.7376 Mbps     0 retrans
    0.2500 MB /   0.10 sec =   20.9644 Mbps     0 retrans
    0.1875 MB /   0.10 sec =   15.7346 Mbps     0 retrans
    0.1875 MB /   0.10 sec =   15.7334 Mbps     0 retrans
    0.2500 MB /   0.10 sec =   20.9422 Mbps     0 retrans
    0.3125 MB /   0.10 sec =   26.2406 Mbps     0 retrans
    0.3750 MB /   0.10 sec =   31.4428 Mbps     0 retrans
    0.4375 MB /   0.10 sec =   36.7145 Mbps     0 retrans
    0.3750 MB /   0.10 sec =   31.4516 Mbps     0 retrans
    0.0625 MB /   0.10 sec =    5.2450 Mbps     0 retrans
    0.1875 MB /   0.10 sec =   15.7307 Mbps     0 retrans
    2.4375 MB /   0.10 sec =  204.4662 Mbps     0 retrans
    3.2500 MB /   0.10 sec =  272.6325 Mbps     0 retrans
    4.4375 MB /   0.10 sec =  372.2854 Mbps     0 retrans
    6.0000 MB /   0.10 sec =  503.3014 Mbps     0 retrans
    7.8125 MB /   0.10 sec =  655.3666 Mbps     0 retrans
   13.3125 MB /   0.10 sec = 1116.6664 Mbps     0 retrans
   16.3125 MB /   0.10 sec = 1368.5696 Mbps     0 retrans
   17.8125 MB /   0.10 sec = 1493.5039 Mbps     0 retrans
   26.6250 MB /   0.10 sec = 2234.0030 Mbps     0 retrans
   33.8125 MB /   0.10 sec = 2836.9938 Mbps     0 retrans
   37.0625 MB /   0.10 sec = 3108.2508 Mbps     0 retrans
   36.0625 MB /   0.10 sec = 3025.2023 Mbps     0 retrans
   36.3750 MB /   0.10 sec = 3052.1192 Mbps     0 retrans
   35.7500 MB /   0.10 sec = 2996.8595 Mbps     0 retrans
   27.3750 MB /   0.10 sec = 2296.8408 Mbps     0 retrans
   43.8750 MB /   0.10 sec = 3681.2012 Mbps     0 retrans
   35.1250 MB /   0.10 sec = 2945.1438 Mbps     0 retrans
   31.3750 MB /   0.10 sec = 2633.4005 Mbps     0 retrans
   33.9375 MB /   0.10 sec = 2846.8554 Mbps     0 retrans
   32.6250 MB /   0.10 sec = 2736.7560 Mbps     0 retrans
   30.3750 MB /   0.10 sec = 2547.6830 Mbps     0 retrans
   32.0000 MB /   0.10 sec = 2684.9452 Mbps     0 retrans
   31.6875 MB /   0.10 sec = 2650.3746 Mbps     0 retrans
   32.0000 MB /   0.10 sec = 2691.5680 Mbps     0 retrans
   33.1250 MB /   0.10 sec = 2742.6604 Mbps     0 retrans
   31.8750 MB /   0.10 sec = 2706.2628 Mbps     0 retrans
   32.6250 MB /   0.10 sec = 2737.2487 Mbps     0 retrans
   32.8750 MB /   0.10 sec = 2758.5549 Mbps     0 retrans
   33.7500 MB /   0.10 sec = 2833.7055 Mbps     0 retrans
   34.9375 MB /   0.10 sec = 2931.3562 Mbps     0 retrans
   34.8125 MB /   0.10 sec = 2919.6126 Mbps     0 retrans
   34.2500 MB /   0.10 sec = 2855.0543 Mbps     0 retrans
   33.7500 MB /   0.10 sec = 2849.4773 Mbps     0 retrans
   31.7500 MB /   0.10 sec = 2662.9836 Mbps     0 retrans
   34.5000 MB /   0.10 sec = 2894.0698 Mbps     0 retrans
   32.4375 MB /   0.10 sec = 2713.6735 Mbps     0 retrans
   32.0000 MB /   0.10 sec = 2686.4500 Mbps     0 retrans
   32.1250 MB /   0.10 sec = 2700.0244 Mbps     0 retrans
   28.6250 MB /   0.10 sec = 2400.9269 Mbps     0 retrans
   35.3125 MB /   0.10 sec = 2963.1754 Mbps     0 retrans
   29.0000 MB /   0.10 sec = 2433.1343 Mbps     0 retrans
   29.2500 MB /   0.10 sec = 2453.5697 Mbps     0 retrans
   28.6875 MB /   0.10 sec = 2406.4579 Mbps     0 retrans
   25.8750 MB /   0.10 sec = 2169.5326 Mbps     0 retrans
   27.6250 MB /   0.10 sec = 2317.9556 Mbps     0 retrans
   27.9375 MB /   0.10 sec = 2343.4736 Mbps     0 retrans
   28.9375 MB /   0.10 sec = 2428.0605 Mbps     0 retrans
   29.3125 MB /   0.10 sec = 2456.0617 Mbps     0 retrans
   26.6250 MB /   0.10 sec = 2235.7250 Mbps     0 retrans
   30.3125 MB /   0.10 sec = 2542.5934 Mbps     0 retrans
   28.6250 MB /   0.10 sec = 2395.7289 Mbps     0 retrans
   27.0625 MB /   0.10 sec = 2275.4689 Mbps     0 retrans
   28.4375 MB /   0.10 sec = 2381.9375 Mbps     0 retrans
   31.0000 MB /   0.10 sec = 2604.2186 Mbps     0 retrans
   29.9375 MB /   0.10 sec = 2511.3646 Mbps     0 retrans
   24.8125 MB /   0.10 sec = 2081.5483 Mbps     0 retrans
   21.8750 MB /   0.10 sec = 1834.2926 Mbps     0 retrans
   20.6250 MB /   0.10 sec = 1730.6523 Mbps     0 retrans
   22.1875 MB /   0.10 sec = 1860.4410 Mbps     0 retrans
   24.8125 MB /   0.10 sec = 2083.0064 Mbps     0 retrans
   21.4375 MB /   0.10 sec = 1797.1756 Mbps     0 retrans
   22.7500 MB /   0.10 sec = 1909.4585 Mbps     0 retrans
   20.8750 MB /   0.10 sec = 1750.9118 Mbps     0 retrans
   17.6875 MB /   0.10 sec = 1483.5570 Mbps     0 retrans
   16.8125 MB /   0.10 sec = 1410.4899 Mbps     0 retrans
   21.2500 MB /   0.10 sec = 1783.0606 Mbps     0 retrans
   23.5625 MB /   0.10 sec = 1975.9532 Mbps     0 retrans
   23.5000 MB /   0.10 sec = 1971.4017 Mbps     0 retrans
   23.1875 MB /   0.10 sec = 1943.1653 Mbps     0 retrans
   24.1250 MB /   0.10 sec = 2025.9194 Mbps     0 retrans
   24.6875 MB /   0.10 sec = 2070.8548 Mbps     0 retrans
   23.1875 MB /   0.10 sec = 1944.8751 Mbps     0 retrans
   23.7500 MB /   0.10 sec = 1992.1151 Mbps     0 retrans
   22.0625 MB /   0.10 sec = 1850.9402 Mbps     0 retrans
   24.3125 MB /   0.10 sec = 2039.8271 Mbps     0 retrans
   24.6250 MB /   0.10 sec = 2065.8187 Mbps     0 retrans
   23.0625 MB /   0.10 sec = 1934.1005 Mbps     0 retrans
   25.5000 MB /   0.10 sec = 2139.0736 Mbps     0 retrans
   25.8125 MB /   0.10 sec = 2165.5477 Mbps     0 retrans
   24.7500 MB /   0.10 sec = 2075.9106 Mbps     0 retrans
   24.0000 MB /   0.10 sec = 2013.2458 Mbps     0 retrans
   25.8125 MB /   0.10 sec = 2165.6126 Mbps     0 retrans
   23.6250 MB /   0.10 sec = 1981.7096 Mbps     0 retrans
   22.5625 MB /   0.10 sec = 1893.0962 Mbps     0 retrans
   21.0000 MB /   0.10 sec = 1761.5196 Mbps     0 retrans
   24.3125 MB /   0.10 sec = 2039.3172 Mbps     0 retrans
   24.4375 MB /   0.10 sec = 2050.0686 Mbps     0 retrans
   26.4375 MB /   0.10 sec = 2217.9600 Mbps     0 retrans
   26.0000 MB /   0.10 sec = 2180.5148 Mbps     0 retrans
   26.2500 MB /   0.10 sec = 2202.6704 Mbps     0 retrans
   25.0625 MB /   0.10 sec = 2101.9114 Mbps     0 retrans
   26.7500 MB /   0.10 sec = 2244.1771 Mbps     0 retrans
   25.8750 MB /   0.10 sec = 2170.7694 Mbps     0 retrans
   25.5000 MB /   0.10 sec = 2138.4321 Mbps     0 retrans
   26.1250 MB /   0.10 sec = 2191.7649 Mbps     0 retrans
   24.8125 MB /   0.10 sec = 2081.7356 Mbps     0 retrans
   22.8750 MB /   0.10 sec = 1918.9516 Mbps     0 retrans
   26.3750 MB /   0.10 sec = 2211.6328 Mbps     0 retrans
   24.3125 MB /   0.10 sec = 2039.8067 Mbps     0 retrans
   26.2500 MB /   0.10 sec = 2202.0757 Mbps     0 retrans
   26.3125 MB /   0.10 sec = 2207.5836 Mbps     0 retrans
   24.9375 MB /   0.10 sec = 2091.7627 Mbps     0 retrans
   22.5000 MB /   0.10 sec = 1887.7388 Mbps     0 retrans
   27.7500 MB /   0.10 sec = 2327.2336 Mbps     0 retrans
   25.5000 MB /   0.10 sec = 2138.9667 Mbps     0 retrans
   23.3125 MB /   0.10 sec = 1955.8876 Mbps     0 retrans
   27.4375 MB /   0.10 sec = 2301.5783 Mbps     0 retrans
   26.3750 MB /   0.10 sec = 2212.1635 Mbps     0 retrans
   27.1875 MB /   0.10 sec = 2280.9037 Mbps     0 retrans
   24.6875 MB /   0.10 sec = 2071.3519 Mbps     0 retrans
   24.7500 MB /   0.10 sec = 2076.0352 Mbps     0 retrans
   26.6250 MB /   0.10 sec = 2233.1319 Mbps     0 retrans
   25.9375 MB /   0.10 sec = 2175.8822 Mbps     0 retrans
   25.8125 MB /   0.10 sec = 2165.3094 Mbps     0 retrans
   24.5625 MB /   0.10 sec = 2060.3694 Mbps     0 retrans
   24.5000 MB /   0.10 sec = 2055.0857 Mbps     0 retrans
   27.3125 MB /   0.10 sec = 2291.1386 Mbps     0 retrans
   26.0625 MB /   0.10 sec = 2186.7183 Mbps     0 retrans
   27.2500 MB /   0.10 sec = 2286.1472 Mbps     0 retrans
   26.5000 MB /   0.10 sec = 2222.5811 Mbps     0 retrans
   27.8750 MB /   0.10 sec = 2338.7455 Mbps     0 retrans
   26.8125 MB /   0.10 sec = 2248.5210 Mbps     0 retrans
   26.1250 MB /   0.10 sec = 2191.9403 Mbps     0 retrans
   27.3750 MB /   0.10 sec = 2296.1289 Mbps     0 retrans
   24.3125 MB /   0.10 sec = 2039.8883 Mbps     0 retrans
   27.1250 MB /   0.10 sec = 2275.4327 Mbps     0 retrans
   26.8750 MB /   0.10 sec = 2252.1412 Mbps     0 retrans
   26.4375 MB /   0.10 sec = 2219.7582 Mbps     0 retrans
   24.0625 MB /   0.10 sec = 2018.1455 Mbps     0 retrans
   26.4375 MB /   0.10 sec = 2217.4943 Mbps     0 retrans
   25.5000 MB /   0.10 sec = 2139.2662 Mbps     0 retrans
   27.0625 MB /   0.10 sec = 2270.5530 Mbps     0 retrans
   25.4375 MB /   0.10 sec = 2133.5321 Mbps     0 retrans
   24.7500 MB /   0.10 sec = 2076.5958 Mbps     0 retrans
   24.6875 MB /   0.10 sec = 2070.4821 Mbps     0 retrans
   26.5000 MB /   0.10 sec = 2223.2924 Mbps     0 retrans
   25.8125 MB /   0.10 sec = 2165.6776 Mbps     0 retrans
   27.3125 MB /   0.10 sec = 2291.0927 Mbps     0 retrans
   23.5625 MB /   0.10 sec = 1976.0125 Mbps     0 retrans
   25.8125 MB /   0.10 sec = 2165.3961 Mbps     0 retrans
   26.9375 MB /   0.10 sec = 2259.4327 Mbps     0 retrans
   27.5000 MB /   0.10 sec = 2307.6056 Mbps     0 retrans
   24.9375 MB /   0.10 sec = 2091.5326 Mbps     0 retrans
   19.3750 MB /   0.10 sec = 1625.2278 Mbps     0 retrans
   21.7500 MB /   0.10 sec = 1824.4675 Mbps     0 retrans
   25.0625 MB /   0.10 sec = 2086.7029 Mbps     0 retrans
   23.8125 MB /   0.10 sec = 2006.7684 Mbps     0 retrans
   24.2500 MB /   0.10 sec = 2040.1948 Mbps     0 retrans
   24.6875 MB /   0.10 sec = 2071.3104 Mbps     0 retrans
   26.9375 MB /   0.10 sec = 2259.5683 Mbps     0 retrans
   26.2500 MB /   0.10 sec = 2201.1732 Mbps     0 retrans
   26.4375 MB /   0.10 sec = 2218.4481 Mbps     0 retrans
   24.8125 MB /   0.10 sec = 2080.4040 Mbps     0 retrans
   25.3750 MB /   0.10 sec = 2129.7167 Mbps     0 retrans
   24.0000 MB /   0.10 sec = 2013.2055 Mbps     0 retrans
   28.4375 MB /   0.10 sec = 2386.1069 Mbps     0 retrans
   24.5625 MB /   0.10 sec = 2057.3863 Mbps     0 retrans
   27.3125 MB /   0.10 sec = 2294.0979 Mbps     0 retrans
   25.2500 MB /   0.10 sec = 2118.4413 Mbps     0 retrans
   25.1875 MB /   0.10 sec = 2110.3904 Mbps     0 retrans
   25.9375 MB /   0.10 sec = 2177.9732 Mbps     0 retrans
   25.4375 MB /   0.10 sec = 2134.0656 Mbps     0 retrans
   24.9375 MB /   0.10 sec = 2090.9682 Mbps     0 retrans
   21.6250 MB /   0.10 sec = 1814.4357 Mbps     0 retrans
   21.5000 MB /   0.10 sec = 1804.1822 Mbps     0 retrans
   23.0625 MB /   0.10 sec = 1934.6034 Mbps     0 retrans
   25.5000 MB /   0.10 sec = 2138.7315 Mbps     0 retrans
   25.0625 MB /   0.10 sec = 2099.4137 Mbps     0 retrans
   24.9375 MB /   0.10 sec = 2095.1566 Mbps     0 retrans
   23.8750 MB /   0.10 sec = 2002.4397 Mbps     0 retrans
   25.8750 MB /   0.10 sec = 2167.5178 Mbps     0 retrans
   24.9375 MB /   0.10 sec = 2094.8629 Mbps     0 retrans
   25.6875 MB /   0.10 sec = 2154.8668 Mbps     0 retrans
   24.4375 MB /   0.10 sec = 2050.3556 Mbps     0 retrans
   24.6250 MB /   0.10 sec = 2064.7243 Mbps     0 retrans
   25.3750 MB /   0.10 sec = 2129.4398 Mbps     0 retrans
   25.5625 MB /   0.10 sec = 2144.0592 Mbps     0 retrans
   25.6875 MB /   0.10 sec = 2154.6298 Mbps     0 retrans
   25.4375 MB /   0.10 sec = 2134.4498 Mbps     0 retrans
   24.9375 MB /   0.10 sec = 2090.6129 Mbps     0 retrans
   27.6875 MB /   0.10 sec = 2322.5726 Mbps     0 retrans
   26.3125 MB /   0.10 sec = 2208.3788 Mbps     0 retrans
   24.5000 MB /   0.10 sec = 2054.0997 Mbps     0 retrans
   24.4375 MB /   0.10 sec = 2051.1763 Mbps     0 retrans
   22.2500 MB /   0.10 sec = 1865.6071 Mbps     0 retrans
   22.1250 MB /   0.10 sec = 1856.5179 Mbps     0 retrans
   26.7500 MB /   0.10 sec = 2244.1546 Mbps     0 retrans
   27.3125 MB /   0.10 sec = 2288.4153 Mbps     0 retrans
   26.1875 MB /   0.10 sec = 2199.3840 Mbps     0 retrans
   25.4375 MB /   0.10 sec = 2134.2150 Mbps     0 retrans
   27.6250 MB /   0.10 sec = 2316.7506 Mbps     0 retrans
   26.9375 MB /   0.10 sec = 2259.8621 Mbps     0 retrans
   26.6250 MB /   0.10 sec = 2233.4445 Mbps     0 retrans
   25.9375 MB /   0.10 sec = 2175.8605 Mbps     0 retrans
   23.4375 MB /   0.10 sec = 1966.0014 Mbps     0 retrans
   23.3125 MB /   0.10 sec = 1954.6560 Mbps     0 retrans
   26.1875 MB /   0.10 sec = 2198.1736 Mbps     0 retrans
   21.7500 MB /   0.10 sec = 1824.1756 Mbps     0 retrans
   27.0000 MB /   0.10 sec = 2263.2494 Mbps     0 retrans
   25.2500 MB /   0.10 sec = 2119.1831 Mbps     0 retrans
   26.4375 MB /   0.10 sec = 2218.2484 Mbps     0 retrans
   26.3125 MB /   0.10 sec = 2207.7161 Mbps     0 retrans
   24.8750 MB /   0.10 sec = 2086.5828 Mbps     0 retrans
   22.4375 MB /   0.10 sec = 1882.1375 Mbps     0 retrans
   20.2500 MB /   0.10 sec = 1698.4893 Mbps     0 retrans
   23.5625 MB /   0.10 sec = 1976.8227 Mbps     0 retrans
   28.4375 MB /   0.10 sec = 2385.3196 Mbps     0 retrans
   27.8750 MB /   0.10 sec = 2338.8624 Mbps     0 retrans
   25.5625 MB /   0.10 sec = 2143.8448 Mbps     0 retrans
   27.0625 MB /   0.10 sec = 2270.1897 Mbps     0 retrans
   26.6875 MB /   0.10 sec = 2239.0008 Mbps     0 retrans
   26.8125 MB /   0.10 sec = 2249.2630 Mbps     0 retrans
   26.0625 MB /   0.10 sec = 2185.6034 Mbps     0 retrans
   28.0625 MB /   0.10 sec = 2354.4063 Mbps     0 retrans
   25.9375 MB /   0.10 sec = 2175.5341 Mbps     0 retrans
   22.0625 MB /   0.10 sec = 1850.7737 Mbps     0 retrans
   20.6250 MB /   0.10 sec = 1730.2023 Mbps     0 retrans
   18.5625 MB /   0.10 sec = 1555.8129 Mbps     0 retrans
   19.7500 MB /   0.10 sec = 1658.0765 Mbps     0 retrans
   19.7500 MB /   0.10 sec = 1656.7335 Mbps     0 retrans
   19.1250 MB /   0.10 sec = 1604.3534 Mbps     0 retrans
   21.0625 MB /   0.10 sec = 1767.2747 Mbps     0 retrans
   21.1250 MB /   0.10 sec = 1772.1643 Mbps     0 retrans
   18.7500 MB /   0.10 sec = 1572.2980 Mbps     0 retrans
   18.6875 MB /   0.10 sec = 1567.9190 Mbps     0 retrans
   19.4375 MB /   0.10 sec = 1630.5520 Mbps     0 retrans
   20.1250 MB /   0.10 sec = 1688.2580 Mbps     0 retrans
   20.9375 MB /   0.10 sec = 1756.3999 Mbps     0 retrans
   20.3750 MB /   0.10 sec = 1709.0251 Mbps     0 retrans
   21.8125 MB /   0.10 sec = 1829.6919 Mbps     0 retrans
   18.6875 MB /   0.10 sec = 1567.7309 Mbps     0 retrans
   23.0000 MB /   0.10 sec = 1929.5535 Mbps     0 retrans
   20.6250 MB /   0.10 sec = 1729.4068 Mbps     0 retrans
   21.5000 MB /   0.10 sec = 1803.9295 Mbps     0 retrans
   21.5625 MB /   0.10 sec = 1808.9745 Mbps     0 retrans
   22.7500 MB /   0.10 sec = 1908.3511 Mbps     0 retrans
   21.6250 MB /   0.10 sec = 1813.9276 Mbps     0 retrans
   21.7500 MB /   0.10 sec = 1824.5952 Mbps     0 retrans
   23.3125 MB /   0.10 sec = 1955.5747 Mbps     0 retrans
   23.3125 MB /   0.10 sec = 1955.9072 Mbps     0 retrans
   20.0000 MB /   0.10 sec = 1677.6713 Mbps     0 retrans
   23.1875 MB /   0.10 sec = 1945.2836 Mbps     0 retrans
   24.2500 MB /   0.10 sec = 2034.0747 Mbps     0 retrans
   21.0625 MB /   0.10 sec = 1767.1156 Mbps     0 retrans
   22.3750 MB /   0.10 sec = 1876.8384 Mbps     0 retrans
   19.7500 MB /   0.10 sec = 1656.8495 Mbps     0 retrans
   23.3750 MB /   0.10 sec = 1960.6411 Mbps     0 retrans
   24.1250 MB /   0.10 sec = 2023.4077 Mbps     0 retrans
   24.7500 MB /   0.10 sec = 2076.3466 Mbps     0 retrans
   24.0000 MB /   0.10 sec = 2013.2257 Mbps     0 retrans
   23.7500 MB /   0.10 sec = 1992.3143 Mbps     0 retrans
   25.6250 MB /   0.10 sec = 2142.5532 Mbps     0 retrans
   24.0625 MB /   0.10 sec = 2017.5404 Mbps     0 retrans
   24.3125 MB /   0.10 sec = 2046.8079 Mbps     0 retrans
   23.5625 MB /   0.10 sec = 1974.3348 Mbps     0 retrans
   22.3125 MB /   0.10 sec = 1873.9006 Mbps     0 retrans
   24.2500 MB /   0.10 sec = 2032.5910 Mbps     0 retrans
   23.2500 MB /   0.10 sec = 1951.8348 Mbps     0 retrans
   24.8750 MB /   0.10 sec = 2087.2924 Mbps     0 retrans
   22.5625 MB /   0.10 sec = 1892.7175 Mbps     0 retrans
   25.8125 MB /   0.10 sec = 2165.0496 Mbps     0 retrans
   23.7500 MB /   0.10 sec = 1992.1749 Mbps     0 retrans
   24.3125 MB /   0.10 sec = 2039.8271 Mbps     0 retrans
   22.9375 MB /   0.10 sec = 1922.3300 Mbps     0 retrans
   20.6250 MB /   0.10 sec = 1728.2321 Mbps     0 retrans
   22.6875 MB /   0.10 sec = 1906.9985 Mbps     0 retrans
   25.6250 MB /   0.10 sec = 2149.7098 Mbps     0 retrans
   24.5625 MB /   0.10 sec = 2057.7151 Mbps     0 retrans
   25.2500 MB /   0.10 sec = 2120.7745 Mbps     0 retrans
   25.6875 MB /   0.10 sec = 2153.3594 Mbps     0 retrans
   27.1875 MB /   0.10 sec = 2282.1819 Mbps     0 retrans
   23.2500 MB /   0.10 sec = 1950.3124 Mbps     0 retrans
   25.7500 MB /   0.10 sec = 2160.2178 Mbps     0 retrans
   26.7500 MB /   0.10 sec = 2243.9975 Mbps     0 retrans
   24.9375 MB /   0.10 sec = 2091.3235 Mbps     0 retrans
   25.6875 MB /   0.10 sec = 2151.5533 Mbps     0 retrans
   25.4375 MB /   0.10 sec = 2137.6572 Mbps     0 retrans
   23.8750 MB /   0.10 sec = 2002.5999 Mbps     0 retrans
   25.5625 MB /   0.10 sec = 2143.8877 Mbps     0 retrans
   26.1875 MB /   0.10 sec = 2195.7567 Mbps     0 retrans
   26.0000 MB /   0.10 sec = 2182.6751 Mbps     0 retrans
   25.5000 MB /   0.10 sec = 2138.6459 Mbps     0 retrans
   26.0000 MB /   0.10 sec = 2181.1908 Mbps     0 retrans
nuttcp-r: 7134.7430 MB in 30.17 real seconds = 242156.88 KB/sec = 1983.7492 Mbps
nuttcp-r: 131560 I/O calls, msec/call = 0.23, calls/sec = 4360.56
nuttcp-r: 0.0user 1.5sys 0:30real 5% 0i+0d 1310maxrss 0+1pf 17446+391csw

nuttcp-t: Warning: send window size 25000000 < requested window size 26214400
nuttcp-t: v6.1.2: socket
nuttcp-t: buflen=65536, nstream=1, port=5007 tcp -> 174.198.136.53
nuttcp-t: time limit = 30.00 seconds
nuttcp-t: accept from 174.198.136.53 with mss=1376
nuttcp-t: send window size = 50000000, receive window size = 25000000
nuttcp-t: available send window = 25000000, available receive window = 12500000
nuttcp-t: 7134.7430 MB in 30.00 real seconds = 243531.65 KB/sec = 1995.0113 Mbps
nuttcp-t: retrans = 0
nuttcp-t: 114156 I/O calls, msec/call = 0.27, calls/sec = 3805.19
nuttcp-t: 0.1user 2.3sys 0:30real 8% 0i+0d 92maxrss 0+0pf 411+32csw
