nuttcp-r: v8.1.4: socket
nuttcp-r: buflen=65536, nstream=1, port=5007 tcp
nuttcp-r: interval reporting every 0.10 seconds
nuttcp-r: connect to 155.146.144.24 with RTT=29.803 ms af=inet
nuttcp-r: send window size = 1048576, receive window size = 52428800
nuttcp-r: available send window = 786432, available receive window = 39321600
    0.0000 MB /   0.10 sec =    0.0000 Mbps    -1 retrans
    0.1875 MB /   0.10 sec =   15.7297 Mbps     1 retrans
    0.1250 MB /   0.10 sec =   10.4854 Mbps     0 retrans
    0.1875 MB /   0.10 sec =   15.7305 Mbps     0 retrans
    0.1875 MB /   0.10 sec =   15.7302 Mbps     0 retrans
    0.2500 MB /   0.10 sec =   20.9612 Mbps     0 retrans
    0.1250 MB /   0.10 sec =   10.4876 Mbps     0 retrans
    0.1250 MB /   0.10 sec =   10.4732 Mbps     0 retrans
    0.1875 MB /   0.10 sec =   15.7486 Mbps     0 retrans
    0.2500 MB /   0.10 sec =   20.9636 Mbps     0 retrans
    0.1250 MB /   0.10 sec =   10.4865 Mbps     0 retrans
    0.1875 MB /   0.10 sec =   15.7285 Mbps     0 retrans
    0.1875 MB /   0.10 sec =   15.7280 Mbps     0 retrans
    0.3125 MB /   0.10 sec =   26.1968 Mbps     0 retrans
    0.3750 MB /   0.10 sec =   31.4803 Mbps     0 retrans
    0.3750 MB /   0.10 sec =   31.4692 Mbps     0 retrans
    0.1875 MB /   0.10 sec =   15.7131 Mbps     0 retrans
    0.0000 MB /   0.10 sec =    0.0000 Mbps     0 retrans
    0.0000 MB /   0.10 sec =    0.0000 Mbps     0 retrans
    1.8750 MB /   0.10 sec =  157.2534 Mbps     0 retrans
    3.0000 MB /   0.10 sec =  251.6708 Mbps     0 retrans
    3.5000 MB /   0.10 sec =  293.2670 Mbps     0 retrans
    6.1875 MB /   0.10 sec =  519.8925 Mbps     0 retrans
    8.0000 MB /   0.10 sec =  671.1155 Mbps     0 retrans
    9.8750 MB /   0.10 sec =  827.6963 Mbps     0 retrans
   14.5000 MB /   0.10 sec = 1216.9688 Mbps     0 retrans
   15.1875 MB /   0.10 sec = 1274.6189 Mbps     0 retrans
   15.5000 MB /   0.10 sec = 1300.1822 Mbps     0 retrans
   12.0000 MB /   0.10 sec = 1006.3914 Mbps     0 retrans
   12.0625 MB /   0.10 sec = 1011.8860 Mbps     0 retrans
   12.0000 MB /   0.10 sec = 1006.5927 Mbps     0 retrans
   13.3125 MB /   0.10 sec = 1116.8340 Mbps     0 retrans
   13.4375 MB /   0.10 sec = 1127.2305 Mbps     0 retrans
   12.5625 MB /   0.10 sec = 1053.7451 Mbps     0 retrans
   12.8125 MB /   0.10 sec = 1074.6937 Mbps     0 retrans
   12.6875 MB /   0.10 sec = 1064.4430 Mbps     0 retrans
   12.3750 MB /   0.10 sec = 1038.1941 Mbps     0 retrans
   11.8750 MB /   0.10 sec =  996.0376 Mbps     0 retrans
   10.8125 MB /   0.10 sec =  907.0092 Mbps     0 retrans
   12.5000 MB /   0.10 sec = 1048.4292 Mbps     0 retrans
   12.6875 MB /   0.10 sec = 1064.2621 Mbps     0 retrans
   13.0625 MB /   0.10 sec = 1095.9702 Mbps     0 retrans
   13.0625 MB /   0.10 sec = 1095.6852 Mbps     0 retrans
   13.0625 MB /   0.10 sec = 1095.7290 Mbps     0 retrans
   14.7500 MB /   0.10 sec = 1237.4929 Mbps     0 retrans
   11.6875 MB /   0.10 sec =  980.4872 Mbps     0 retrans
   11.6875 MB /   0.10 sec =  980.4382 Mbps     0 retrans
   14.0625 MB /   0.10 sec = 1179.5418 Mbps     0 retrans
   13.6250 MB /   0.10 sec = 1143.0279 Mbps     0 retrans
   12.1250 MB /   0.10 sec = 1017.1899 Mbps     0 retrans
   13.8750 MB /   0.10 sec = 1163.8728 Mbps     0 retrans
   13.8750 MB /   0.10 sec = 1163.7448 Mbps     0 retrans
   14.6875 MB /   0.10 sec = 1232.2000 Mbps     0 retrans
   13.6875 MB /   0.10 sec = 1148.2596 Mbps     0 retrans
   14.8125 MB /   0.10 sec = 1242.6744 Mbps     0 retrans
   14.7500 MB /   0.10 sec = 1237.4187 Mbps     0 retrans
   13.6875 MB /   0.10 sec = 1147.9841 Mbps     0 retrans
   13.8750 MB /   0.10 sec = 1163.7099 Mbps     0 retrans
   13.2500 MB /   0.10 sec = 1111.5573 Mbps     0 retrans
   13.1250 MB /   0.10 sec = 1101.0158 Mbps     0 retrans
   15.1875 MB /   0.10 sec = 1273.9689 Mbps     0 retrans
   14.2500 MB /   0.10 sec = 1195.4484 Mbps     0 retrans
   13.5000 MB /   0.10 sec = 1132.2470 Mbps     0 retrans
   13.6250 MB /   0.10 sec = 1143.2908 Mbps     0 retrans
   13.3125 MB /   0.10 sec = 1116.5660 Mbps     0 retrans
   15.6250 MB /   0.10 sec = 1310.8118 Mbps     0 retrans
   13.6875 MB /   0.10 sec = 1148.2941 Mbps     0 retrans
   15.0625 MB /   0.10 sec = 1263.5088 Mbps     0 retrans
   14.5000 MB /   0.10 sec = 1216.2995 Mbps     0 retrans
   15.4375 MB /   0.10 sec = 1295.0561 Mbps     0 retrans
   15.7500 MB /   0.10 sec = 1321.2058 Mbps     0 retrans
   14.0625 MB /   0.10 sec = 1179.6952 Mbps     0 retrans
   15.2500 MB /   0.10 sec = 1279.2116 Mbps     0 retrans
   15.1875 MB /   0.10 sec = 1273.8415 Mbps     0 retrans
   13.4375 MB /   0.10 sec = 1127.3207 Mbps     0 retrans
   15.0000 MB /   0.10 sec = 1258.3164 Mbps     0 retrans
   16.0625 MB /   0.10 sec = 1347.2450 Mbps     0 retrans
   14.7500 MB /   0.10 sec = 1237.1217 Mbps     0 retrans
   11.6875 MB /   0.10 sec =  980.5362 Mbps     0 retrans
   13.6875 MB /   0.10 sec = 1148.0415 Mbps     0 retrans
   15.2500 MB /   0.10 sec = 1279.2243 Mbps     0 retrans
   13.6875 MB /   0.10 sec = 1136.6762 Mbps     0 retrans
   14.8750 MB /   0.10 sec = 1260.7789 Mbps     0 retrans
   15.3750 MB /   0.10 sec = 1289.6840 Mbps     0 retrans
   13.8750 MB /   0.10 sec = 1164.0358 Mbps     0 retrans
   14.6875 MB /   0.10 sec = 1232.1261 Mbps     0 retrans
   14.9375 MB /   0.10 sec = 1253.1862 Mbps     0 retrans
   14.5000 MB /   0.10 sec = 1216.4576 Mbps     0 retrans
   14.3125 MB /   0.10 sec = 1200.2594 Mbps     0 retrans
   13.8750 MB /   0.10 sec = 1164.1405 Mbps     0 retrans
    9.6875 MB /   0.10 sec =  812.7033 Mbps     0 retrans
   13.0625 MB /   0.10 sec = 1095.6852 Mbps     0 retrans
   14.9375 MB /   0.10 sec = 1252.9481 Mbps     0 retrans
   14.5625 MB /   0.10 sec = 1221.6521 Mbps     0 retrans
   15.3125 MB /   0.10 sec = 1284.4799 Mbps     0 retrans
   13.6250 MB /   0.10 sec = 1143.0050 Mbps     0 retrans
   14.4375 MB /   0.10 sec = 1211.0447 Mbps     0 retrans
   14.6875 MB /   0.10 sec = 1232.1507 Mbps     0 retrans
   15.0000 MB /   0.10 sec = 1258.3164 Mbps     0 retrans
   13.5625 MB /   0.10 sec = 1136.6138 Mbps     0 retrans
   14.8125 MB /   0.10 sec = 1243.7690 Mbps     0 retrans
   15.3125 MB /   0.10 sec = 1284.5441 Mbps     0 retrans
   14.0625 MB /   0.10 sec = 1179.5065 Mbps     0 retrans
   15.6875 MB /   0.10 sec = 1316.1208 Mbps     0 retrans
   15.4375 MB /   0.10 sec = 1294.9396 Mbps     0 retrans
   14.7500 MB /   0.10 sec = 1237.3568 Mbps     0 retrans
   15.0000 MB /   0.10 sec = 1258.2912 Mbps     0 retrans
   15.4375 MB /   0.10 sec = 1294.9007 Mbps     0 retrans
   15.0625 MB /   0.10 sec = 1263.5973 Mbps     0 retrans
   14.8750 MB /   0.10 sec = 1247.8054 Mbps     0 retrans
   15.2500 MB /   0.10 sec = 1279.0197 Mbps     0 retrans
   14.7500 MB /   0.10 sec = 1237.4806 Mbps     0 retrans
   15.1875 MB /   0.10 sec = 1273.9307 Mbps     0 retrans
   13.8750 MB /   0.10 sec = 1164.0358 Mbps     0 retrans
   15.9375 MB /   0.10 sec = 1336.8542 Mbps     0 retrans
   15.8750 MB /   0.10 sec = 1331.7581 Mbps     0 retrans
   14.3750 MB /   0.10 sec = 1205.8745 Mbps     0 retrans
   14.8750 MB /   0.10 sec = 1247.7680 Mbps     0 retrans
   14.3125 MB /   0.10 sec = 1200.7276 Mbps     0 retrans
   14.1250 MB /   0.10 sec = 1184.8672 Mbps     0 retrans
   15.2500 MB /   0.10 sec = 1279.2243 Mbps     0 retrans
   14.1250 MB /   0.10 sec = 1184.8672 Mbps     0 retrans
   15.1250 MB /   0.10 sec = 1269.0562 Mbps     0 retrans
   15.0625 MB /   0.10 sec = 1263.5594 Mbps     0 retrans
   15.0000 MB /   0.10 sec = 1258.2786 Mbps     0 retrans
   16.1250 MB /   0.10 sec = 1352.5278 Mbps     0 retrans
   15.0000 MB /   0.10 sec = 1258.3415 Mbps     0 retrans
   14.3125 MB /   0.10 sec = 1199.8996 Mbps     0 retrans
   16.3125 MB /   0.10 sec = 1366.4513 Mbps     0 retrans
   15.5625 MB /   0.10 sec = 1299.1761 Mbps     0 retrans
   16.4375 MB /   0.10 sec = 1388.2621 Mbps     0 retrans
   17.0000 MB /   0.10 sec = 1426.1489 Mbps     0 retrans
   16.8125 MB /   0.10 sec = 1410.0950 Mbps     0 retrans
   17.3125 MB /   0.10 sec = 1452.4521 Mbps     0 retrans
   15.0625 MB /   0.10 sec = 1263.2435 Mbps     0 retrans
   16.0625 MB /   0.10 sec = 1347.5549 Mbps     0 retrans
   15.4375 MB /   0.10 sec = 1294.3571 Mbps     0 retrans
   15.1250 MB /   0.10 sec = 1269.4752 Mbps     0 retrans
   14.8750 MB /   0.10 sec = 1248.1175 Mbps     0 retrans
   13.8125 MB /   0.10 sec = 1158.5259 Mbps     0 retrans
   16.4375 MB /   0.10 sec = 1377.1560 Mbps     0 retrans
   16.0625 MB /   0.10 sec = 1348.7284 Mbps     0 retrans
   15.6250 MB /   0.10 sec = 1310.8118 Mbps     0 retrans
   15.4375 MB /   0.10 sec = 1294.9266 Mbps     0 retrans
   15.6250 MB /   0.10 sec = 1310.9691 Mbps     0 retrans
   14.6875 MB /   0.10 sec = 1232.2000 Mbps     0 retrans
   15.4375 MB /   0.10 sec = 1287.4725 Mbps     0 retrans
   13.9375 MB /   0.10 sec = 1175.6637 Mbps     0 retrans
   13.6875 MB /   0.10 sec = 1148.2252 Mbps     0 retrans
   11.6875 MB /   0.10 sec =  980.7324 Mbps     0 retrans
   11.5000 MB /   0.10 sec =  964.5549 Mbps     0 retrans
   11.3750 MB /   0.10 sec =  954.1946 Mbps     0 retrans
   10.9375 MB /   0.10 sec =  917.5224 Mbps     0 retrans
   12.7500 MB /   0.10 sec = 1069.6224 Mbps     0 retrans
   11.6250 MB /   0.10 sec =  974.8930 Mbps     0 retrans
   12.6875 MB /   0.10 sec = 1064.6240 Mbps     0 retrans
   11.9375 MB /   0.10 sec = 1001.1999 Mbps     0 retrans
   11.8125 MB /   0.10 sec =  991.0431 Mbps     0 retrans
   10.8750 MB /   0.10 sec =  912.0240 Mbps     0 retrans
   12.5000 MB /   0.10 sec = 1048.6599 Mbps     0 retrans
   12.5625 MB /   0.10 sec = 1053.9875 Mbps     0 retrans
   13.2500 MB /   0.10 sec = 1111.3127 Mbps     0 retrans
   13.5625 MB /   0.10 sec = 1137.8756 Mbps     0 retrans
   12.8750 MB /   0.10 sec = 1079.9577 Mbps     0 retrans
   12.6250 MB /   0.10 sec = 1059.1783 Mbps     0 retrans
   13.4375 MB /   0.10 sec = 1127.0727 Mbps     0 retrans
   12.9375 MB /   0.10 sec = 1085.3956 Mbps     0 retrans
   13.0625 MB /   0.10 sec = 1095.8496 Mbps     0 retrans
   13.2500 MB /   0.10 sec = 1111.3794 Mbps     0 retrans
   12.0000 MB /   0.10 sec = 1006.6128 Mbps     0 retrans
   13.6875 MB /   0.10 sec = 1148.2826 Mbps     0 retrans
   13.3750 MB /   0.10 sec = 1121.8754 Mbps     0 retrans
   12.5625 MB /   0.10 sec = 1053.7451 Mbps     0 retrans
   14.1250 MB /   0.10 sec = 1185.0686 Mbps     0 retrans
   12.5625 MB /   0.10 sec = 1053.7451 Mbps     0 retrans
   14.1875 MB /   0.10 sec = 1190.2409 Mbps     0 retrans
   14.0625 MB /   0.10 sec = 1178.8346 Mbps     0 retrans
   13.6250 MB /   0.10 sec = 1143.7599 Mbps     0 retrans
   13.5000 MB /   0.10 sec = 1132.3149 Mbps     0 retrans
   13.0625 MB /   0.10 sec = 1093.8477 Mbps     0 retrans
   13.5625 MB /   0.10 sec = 1139.5168 Mbps     0 retrans
   15.1875 MB /   0.10 sec = 1272.9506 Mbps     0 retrans
   14.3125 MB /   0.10 sec = 1201.3163 Mbps     0 retrans
   15.1875 MB /   0.10 sec = 1274.6444 Mbps     0 retrans
   14.4375 MB /   0.10 sec = 1211.1053 Mbps     0 retrans
   13.3125 MB /   0.10 sec = 1116.9010 Mbps     0 retrans
   14.9375 MB /   0.10 sec = 1252.2969 Mbps     0 retrans
   14.8125 MB /   0.10 sec = 1242.6371 Mbps     0 retrans
   14.2500 MB /   0.10 sec = 1195.5679 Mbps     0 retrans
   14.5625 MB /   0.10 sec = 1221.6643 Mbps     0 retrans
   13.3750 MB /   0.10 sec = 1121.9202 Mbps     0 retrans
   15.4375 MB /   0.10 sec = 1295.1209 Mbps     0 retrans
   14.9375 MB /   0.10 sec = 1252.7727 Mbps     0 retrans
   15.3750 MB /   0.10 sec = 1289.2070 Mbps     0 retrans
   14.6875 MB /   0.10 sec = 1232.3233 Mbps     0 retrans
   12.4375 MB /   0.10 sec = 1043.5731 Mbps     0 retrans
   14.0000 MB /   0.10 sec = 1173.3374 Mbps     0 retrans
   13.8125 MB /   0.10 sec = 1158.8503 Mbps     0 retrans
   14.5625 MB /   0.10 sec = 1222.7282 Mbps     0 retrans
   15.0000 MB /   0.10 sec = 1258.2660 Mbps     0 retrans
   15.0625 MB /   0.10 sec = 1263.4709 Mbps     0 retrans
   15.5000 MB /   0.10 sec = 1300.3903 Mbps     0 retrans
   15.1250 MB /   0.10 sec = 1268.8150 Mbps     0 retrans
   14.5625 MB /   0.10 sec = 1221.6399 Mbps     0 retrans
   15.5000 MB /   0.10 sec = 1300.3123 Mbps     0 retrans
   16.0000 MB /   0.10 sec = 1342.2310 Mbps     0 retrans
   15.0625 MB /   0.10 sec = 1263.4456 Mbps     0 retrans
   14.7500 MB /   0.10 sec = 1237.3197 Mbps     0 retrans
   15.5625 MB /   0.10 sec = 1305.5163 Mbps     0 retrans
   13.0000 MB /   0.10 sec = 1090.6390 Mbps     0 retrans
   15.5625 MB /   0.10 sec = 1305.1247 Mbps     0 retrans
   15.8750 MB /   0.10 sec = 1331.7714 Mbps     0 retrans
   15.9375 MB /   0.10 sec = 1337.0414 Mbps     0 retrans
   16.3125 MB /   0.10 sec = 1368.3506 Mbps     0 retrans
   16.3125 MB /   0.10 sec = 1368.6107 Mbps     0 retrans
   16.3750 MB /   0.10 sec = 1372.5640 Mbps     0 retrans
   16.8125 MB /   0.10 sec = 1411.2520 Mbps     0 retrans
   14.7500 MB /   0.10 sec = 1236.9115 Mbps     0 retrans
   14.3125 MB /   0.10 sec = 1200.8477 Mbps     0 retrans
   15.1250 MB /   0.10 sec = 1268.7643 Mbps     0 retrans
   17.3125 MB /   0.10 sec = 1452.2342 Mbps     0 retrans
   15.5625 MB /   0.10 sec = 1305.6469 Mbps     0 retrans
   14.1250 MB /   0.10 sec = 1184.7250 Mbps     0 retrans
   15.5625 MB /   0.10 sec = 1305.6469 Mbps     0 retrans
   16.1875 MB /   0.10 sec = 1356.9696 Mbps     0 retrans
   15.8125 MB /   0.10 sec = 1327.1255 Mbps     0 retrans
   15.5000 MB /   0.10 sec = 1300.4163 Mbps     0 retrans
   15.1250 MB /   0.10 sec = 1268.5233 Mbps     0 retrans
   14.8125 MB /   0.10 sec = 1242.7987 Mbps     0 retrans
   15.4375 MB /   0.10 sec = 1294.9396 Mbps     0 retrans
   15.3750 MB /   0.10 sec = 1289.7098 Mbps     0 retrans
   15.0625 MB /   0.10 sec = 1263.4962 Mbps     0 retrans
   15.3125 MB /   0.10 sec = 1284.5955 Mbps     0 retrans
   14.1250 MB /   0.10 sec = 1184.6895 Mbps     0 retrans
   14.1250 MB /   0.10 sec = 1185.1753 Mbps     0 retrans
   12.0000 MB /   0.10 sec = 1006.5625 Mbps     0 retrans
   10.6250 MB /   0.10 sec =  891.2807 Mbps     0 retrans
   12.0625 MB /   0.10 sec = 1012.0884 Mbps     0 retrans
   14.3750 MB /   0.10 sec = 1205.9709 Mbps     0 retrans
   11.5000 MB /   0.10 sec =  964.3138 Mbps     0 retrans
   11.1250 MB /   0.10 sec =  933.3260 Mbps     0 retrans
   14.4375 MB /   0.10 sec = 1211.0205 Mbps     0 retrans
   12.3750 MB /   0.10 sec = 1038.1421 Mbps     0 retrans
   13.1250 MB /   0.10 sec = 1100.7626 Mbps     0 retrans
   13.5000 MB /   0.10 sec = 1132.9266 Mbps     0 retrans
   11.0000 MB /   0.10 sec =  922.6915 Mbps     0 retrans
    8.9375 MB /   0.10 sec =  749.5519 Mbps     0 retrans
   10.8125 MB /   0.10 sec =  906.6646 Mbps     0 retrans
   11.9375 MB /   0.10 sec = 1001.8610 Mbps     0 retrans
    9.6250 MB /   0.10 sec =  807.4681 Mbps     0 retrans
   13.2500 MB /   0.10 sec = 1111.6462 Mbps     0 retrans
   13.7500 MB /   0.10 sec = 1152.8456 Mbps     0 retrans
   13.0625 MB /   0.10 sec = 1096.2881 Mbps     0 retrans
   15.0000 MB /   0.10 sec = 1258.2535 Mbps     0 retrans
   11.8750 MB /   0.10 sec =  995.6991 Mbps     0 retrans
   11.1250 MB /   0.10 sec =  933.3260 Mbps     0 retrans
    9.3750 MB /   0.10 sec =  786.2905 Mbps     0 retrans
    8.5000 MB /   0.10 sec =  713.1743 Mbps     0 retrans
    7.6875 MB /   0.10 sec =  644.9000 Mbps     0 retrans
    5.7500 MB /   0.10 sec =  482.3643 Mbps     0 retrans
    5.1250 MB /   0.10 sec =  430.0538 Mbps     0 retrans
    5.3125 MB /   0.10 sec =  442.2044 Mbps     0 retrans
    5.6250 MB /   0.10 sec =  475.2477 Mbps     0 retrans
    5.5000 MB /   0.10 sec =  461.5719 Mbps     0 retrans
    5.0000 MB /   0.10 sec =  419.2543 Mbps     0 retrans
    6.3125 MB /   0.10 sec =  529.7587 Mbps     0 retrans
    5.8750 MB /   0.10 sec =  492.7420 Mbps     0 retrans
    5.8125 MB /   0.10 sec =  483.4543 Mbps     0 retrans
    5.6875 MB /   0.10 sec =  481.2019 Mbps     0 retrans
    5.8125 MB /   0.10 sec =  487.6512 Mbps     0 retrans
    6.1250 MB /   0.10 sec =  513.7868 Mbps     0 retrans
    5.6250 MB /   0.10 sec =  471.8215 Mbps     0 retrans
    6.0000 MB /   0.10 sec =  503.3416 Mbps     0 retrans
    5.7500 MB /   0.10 sec =  482.4559 Mbps     0 retrans
    5.8125 MB /   0.10 sec =  487.4221 Mbps     0 retrans
    5.8750 MB /   0.10 sec =  487.4445 Mbps     0 retrans
    5.7500 MB /   0.10 sec =  487.8923 Mbps     0 retrans
    6.1250 MB /   0.10 sec =  513.6173 Mbps     0 retrans
    4.9375 MB /   0.10 sec =  414.3408 Mbps     0 retrans
    4.6875 MB /   0.10 sec =  392.9135 Mbps     0 retrans
    5.9375 MB /   0.10 sec =  497.2432 Mbps     0 retrans
    6.0625 MB /   0.10 sec =  509.8033 Mbps     0 retrans
    6.8750 MB /   0.10 sec =  576.7110 Mbps     0 retrans
    6.5625 MB /   0.10 sec =  550.2273 Mbps     0 retrans
    6.8750 MB /   0.10 sec =  576.8783 Mbps     0 retrans
    6.3750 MB /   0.10 sec =  534.6027 Mbps     0 retrans
    6.6250 MB /   0.10 sec =  556.0678 Mbps     0 retrans
    5.8125 MB /   0.10 sec =  487.3198 Mbps     0 retrans
    6.0000 MB /   0.10 sec =  503.2007 Mbps     0 retrans
    5.8750 MB /   0.10 sec =  493.0723 Mbps     0 retrans
    6.1875 MB /   0.10 sec =  518.8687 Mbps     0 retrans
    6.5625 MB /   0.10 sec =  550.6290 Mbps     0 retrans
    5.8750 MB /   0.10 sec =  492.9145 Mbps     0 retrans
    7.0625 MB /   0.10 sec =  589.2634 Mbps     0 retrans
    6.8125 MB /   0.10 sec =  574.6460 Mbps     0 retrans
    6.3750 MB /   0.10 sec =  534.8593 Mbps     0 retrans
    6.4375 MB /   0.10 sec =  539.9195 Mbps     0 retrans
    6.5000 MB /   0.10 sec =  544.7311 Mbps     0 retrans
    7.1250 MB /   0.10 sec =  598.3585 Mbps     0 retrans
    6.8750 MB /   0.10 sec =  576.8033 Mbps     0 retrans
    6.8125 MB /   0.10 sec =  571.3882 Mbps     0 retrans
    7.6250 MB /   0.10 sec =  639.4971 Mbps     0 retrans
    7.7500 MB /   0.10 sec =  650.2797 Mbps     0 retrans
    7.0625 MB /   0.10 sec =  592.4454 Mbps     0 retrans
    3.5000 MB /   0.10 sec =  293.5719 Mbps     0 retrans
nuttcp-r: 3598.2397 MB in 30.50 real seconds = 120802.95 KB/sec = 989.6178 Mbps
nuttcp-r: 73198 I/O calls, msec/call = 0.43, calls/sec = 2399.86
nuttcp-r: 0.0user 0.8sys 0:30real 2% 0i+0d 1256maxrss 0+1pf 15205+193csw

nuttcp-t: Warning: send window size 25000000 < requested window size 26214400
nuttcp-t: v6.1.2: socket
nuttcp-t: buflen=65536, nstream=1, port=5007 tcp -> 174.198.136.53
nuttcp-t: time limit = 30.00 seconds
nuttcp-t: accept from 174.198.136.53 with mss=1376
nuttcp-t: send window size = 50000000, receive window size = 25000000
nuttcp-t: available send window = 25000000, available receive window = 12500000
nuttcp-t: 3598.2397 MB in 30.00 real seconds = 122819.41 KB/sec = 1006.1366 Mbps
nuttcp-t: retrans = 0
nuttcp-t: 57572 I/O calls, msec/call = 0.53, calls/sec = 1919.06
nuttcp-t: 0.0user 1.1sys 0:30real 3% 0i+0d 92maxrss 0+0pf 218+5csw
