nuttcp-t: v8.1.4: socket
nuttcp-t: buflen=65536, nstream=1, port=5007 tcp -> 155.146.144.24
nuttcp-t: time limit = 30.00 seconds
nuttcp-t: connect to 155.146.144.24 with mss=1376, RTT=34.583 ms af=inet
nuttcp-t: send window size = 33554432, receive window size = 4194304
nuttcp-t: available send window = 25165824, available receive window = 3145728
nuttcp-t: initial congestion window = 13 KB (10 packets)
nuttcp-r: Warning: receive window size 25000000 < requested window size 26214400
nuttcp-r: v6.1.2: socket
nuttcp-r: buflen=65536, nstream=1, port=5007 tcp
nuttcp-r: interval reporting every 0.10 seconds
nuttcp-r: accept from 174.198.136.53
nuttcp-r: send window size = 25000000, receive window size = 50000000
nuttcp-r: available send window = 12500000, available receive window = 25000000
    0.0000 MB /   0.10 sec =    0.0000 Mbps     0 retrans    618 KB-cwnd
    0.1250 MB /   0.10 sec =   10.4972 Mbps     0 retrans    618 KB-cwnd
    0.3125 MB /   0.10 sec =   26.1961 Mbps     0 retrans    618 KB-cwnd
    0.3125 MB /   0.10 sec =   26.2317 Mbps     0 retrans    618 KB-cwnd
    0.3125 MB /   0.10 sec =   26.2141 Mbps     0 retrans    618 KB-cwnd
    0.3125 MB /   0.10 sec =   26.1961 Mbps     0 retrans    618 KB-cwnd
    0.2500 MB /   0.10 sec =   20.9719 Mbps     0 retrans    618 KB-cwnd
    0.3125 MB /   0.10 sec =   26.2322 Mbps     0 retrans    618 KB-cwnd
    0.2500 MB /   0.10 sec =   20.9713 Mbps     0 retrans    618 KB-cwnd
    0.3125 MB /   0.10 sec =   26.1976 Mbps     0 retrans    618 KB-cwnd
    0.3125 MB /   0.10 sec =   26.2309 Mbps     0 retrans    618 KB-cwnd
    0.3125 MB /   0.10 sec =   26.2152 Mbps     0 retrans    618 KB-cwnd
    0.2500 MB /   0.10 sec =   20.9569 Mbps     0 retrans    618 KB-cwnd
    0.3125 MB /   0.10 sec =   26.2330 Mbps     0 retrans    618 KB-cwnd
    0.2500 MB /   0.10 sec =   20.9577 Mbps     0 retrans    618 KB-cwnd
    0.3125 MB /   0.10 sec =   26.2320 Mbps     0 retrans    618 KB-cwnd
    0.2500 MB /   0.10 sec =   20.9711 Mbps     0 retrans    618 KB-cwnd
    0.2500 MB /   0.10 sec =   20.9575 Mbps     0 retrans    618 KB-cwnd
    0.3125 MB /   0.10 sec =   26.2144 Mbps     0 retrans    618 KB-cwnd
    0.2500 MB /   0.10 sec =   20.9854 Mbps     0 retrans    618 KB-cwnd
    0.3125 MB /   0.10 sec =   26.2149 Mbps     0 retrans    618 KB-cwnd
    0.2500 MB /   0.10 sec =   20.9724 Mbps     0 retrans    618 KB-cwnd
    0.3125 MB /   0.10 sec =   26.1963 Mbps     0 retrans    618 KB-cwnd
    0.2500 MB /   0.10 sec =   20.9797 Mbps     0 retrans    618 KB-cwnd
    0.2500 MB /   0.10 sec =   20.9751 Mbps     0 retrans    618 KB-cwnd
    0.3750 MB /   0.10 sec =   31.4607 Mbps     0 retrans    618 KB-cwnd
    0.3125 MB /   0.10 sec =   26.2141 Mbps     0 retrans    618 KB-cwnd
    0.2500 MB /   0.10 sec =   20.9717 Mbps     0 retrans    618 KB-cwnd
    0.3125 MB /   0.10 sec =   26.1974 Mbps     0 retrans    618 KB-cwnd
    0.2500 MB /   0.10 sec =   20.9847 Mbps     0 retrans    618 KB-cwnd
    0.3125 MB /   0.10 sec =   26.2128 Mbps     0 retrans    618 KB-cwnd
    0.3125 MB /   0.10 sec =   26.2107 Mbps     0 retrans    618 KB-cwnd
    0.2500 MB /   0.10 sec =   20.9707 Mbps     0 retrans    618 KB-cwnd
    0.3125 MB /   0.10 sec =   26.1966 Mbps     0 retrans    618 KB-cwnd
    0.2500 MB /   0.10 sec =   20.9715 Mbps     0 retrans    618 KB-cwnd
    0.3125 MB /   0.10 sec =   26.2388 Mbps     0 retrans    618 KB-cwnd
    0.2500 MB /   0.10 sec =   20.9518 Mbps     0 retrans    654 KB-cwnd
    0.3125 MB /   0.10 sec =   26.2207 Mbps     0 retrans    654 KB-cwnd
    0.2500 MB /   0.10 sec =   20.9667 Mbps     0 retrans    654 KB-cwnd
    0.2500 MB /   0.10 sec =   20.9917 Mbps     0 retrans    654 KB-cwnd
    0.3125 MB /   0.10 sec =   26.2134 Mbps     0 retrans    654 KB-cwnd
    0.2500 MB /   0.10 sec =   20.9728 Mbps     0 retrans    654 KB-cwnd
    0.2500 MB /   0.10 sec =   20.9644 Mbps     0 retrans    654 KB-cwnd
    0.3750 MB /   0.10 sec =   31.4604 Mbps     0 retrans    654 KB-cwnd
    0.2500 MB /   0.10 sec =   20.9751 Mbps     0 retrans    654 KB-cwnd
    0.2500 MB /   0.10 sec =   20.9520 Mbps     0 retrans    654 KB-cwnd
    0.3125 MB /   0.10 sec =   26.2388 Mbps     0 retrans    654 KB-cwnd
    0.3125 MB /   0.10 sec =   26.1971 Mbps     0 retrans    654 KB-cwnd
    0.3125 MB /   0.10 sec =   26.2320 Mbps     0 retrans    654 KB-cwnd
    0.3125 MB /   0.10 sec =   26.2147 Mbps     0 retrans    654 KB-cwnd
    0.2500 MB /   0.10 sec =   20.9566 Mbps     0 retrans    654 KB-cwnd
    0.3125 MB /   0.10 sec =   26.2325 Mbps     0 retrans    654 KB-cwnd
    0.3125 MB /   0.10 sec =   26.2139 Mbps     0 retrans    654 KB-cwnd
    0.3125 MB /   0.10 sec =   26.2139 Mbps     0 retrans    654 KB-cwnd
    0.2500 MB /   0.10 sec =   20.9721 Mbps     0 retrans    654 KB-cwnd
    0.3125 MB /   0.10 sec =   26.1971 Mbps     0 retrans    654 KB-cwnd
    0.3125 MB /   0.10 sec =   26.2320 Mbps     0 retrans    654 KB-cwnd
    0.3125 MB /   0.10 sec =   26.2147 Mbps     0 retrans    654 KB-cwnd
    0.1250 MB /   0.10 sec =   10.4856 Mbps     0 retrans    654 KB-cwnd
    0.4375 MB /   0.10 sec =   36.6998 Mbps     0 retrans    654 KB-cwnd
    0.2500 MB /   0.10 sec =   20.9719 Mbps     0 retrans    654 KB-cwnd
    0.3125 MB /   0.10 sec =   26.2160 Mbps     0 retrans    654 KB-cwnd
    0.3125 MB /   0.10 sec =   26.2131 Mbps     0 retrans    654 KB-cwnd
    0.2500 MB /   0.10 sec =   20.9711 Mbps     0 retrans    654 KB-cwnd
    0.3125 MB /   0.10 sec =   26.2147 Mbps     0 retrans    654 KB-cwnd
    0.3125 MB /   0.10 sec =   26.2157 Mbps     0 retrans    654 KB-cwnd
    0.2500 MB /   0.10 sec =   20.9707 Mbps     0 retrans    654 KB-cwnd
    0.3125 MB /   0.10 sec =   26.2144 Mbps     0 retrans    654 KB-cwnd
    0.3125 MB /   0.10 sec =   26.1929 Mbps     0 retrans    654 KB-cwnd
    0.2500 MB /   0.10 sec =   20.9885 Mbps     0 retrans    654 KB-cwnd
    0.3125 MB /   0.10 sec =   26.2139 Mbps     0 retrans    654 KB-cwnd
    0.2500 MB /   0.10 sec =   20.9721 Mbps     0 retrans    654 KB-cwnd
    0.3125 MB /   0.10 sec =   26.2139 Mbps     0 retrans    654 KB-cwnd
    0.3125 MB /   0.10 sec =   26.2149 Mbps     0 retrans    654 KB-cwnd
    0.3125 MB /   0.10 sec =   26.2144 Mbps     0 retrans    654 KB-cwnd
    0.2500 MB /   0.10 sec =   20.9715 Mbps     0 retrans    654 KB-cwnd
    0.3125 MB /   0.10 sec =   26.2144 Mbps     0 retrans    654 KB-cwnd
    0.2500 MB /   0.10 sec =   20.9566 Mbps     0 retrans    654 KB-cwnd
    0.3125 MB /   0.10 sec =   26.2154 Mbps     0 retrans    654 KB-cwnd
    0.3125 MB /   0.10 sec =   26.2317 Mbps     0 retrans    654 KB-cwnd
    0.3125 MB /   0.10 sec =   26.2141 Mbps     0 retrans    654 KB-cwnd
    0.2500 MB /   0.10 sec =   20.9728 Mbps     0 retrans    654 KB-cwnd
    0.2500 MB /   0.10 sec =   20.9705 Mbps     0 retrans    654 KB-cwnd
    0.2500 MB /   0.10 sec =   20.9715 Mbps     0 retrans    654 KB-cwnd
    0.3125 MB /   0.10 sec =   26.1971 Mbps     0 retrans    654 KB-cwnd
    0.2500 MB /   0.10 sec =   20.9854 Mbps     0 retrans    654 KB-cwnd
    0.3125 MB /   0.10 sec =   26.1971 Mbps     0 retrans    654 KB-cwnd
    0.2500 MB /   0.10 sec =   20.9852 Mbps     0 retrans    654 KB-cwnd
    0.2500 MB /   0.10 sec =   20.9717 Mbps     0 retrans    654 KB-cwnd
    0.3125 MB /   0.10 sec =   26.2144 Mbps     0 retrans    654 KB-cwnd
    0.2500 MB /   0.10 sec =   20.9566 Mbps     0 retrans    654 KB-cwnd
    0.2500 MB /   0.10 sec =   20.9837 Mbps     0 retrans    654 KB-cwnd
    0.2500 MB /   0.10 sec =   20.9600 Mbps     0 retrans    654 KB-cwnd
    0.2500 MB /   0.10 sec =   20.9688 Mbps     0 retrans    654 KB-cwnd
    0.3125 MB /   0.10 sec =   26.2357 Mbps     0 retrans    654 KB-cwnd
    0.2500 MB /   0.10 sec =   20.9715 Mbps     0 retrans    654 KB-cwnd
    0.2500 MB /   0.10 sec =   20.9715 Mbps     0 retrans    654 KB-cwnd
    0.3125 MB /   0.10 sec =   26.1971 Mbps     0 retrans    654 KB-cwnd
    0.3125 MB /   0.10 sec =   26.2134 Mbps     0 retrans    654 KB-cwnd
    0.2500 MB /   0.10 sec =   20.9858 Mbps     0 retrans    654 KB-cwnd
    0.3125 MB /   0.10 sec =   26.1976 Mbps     0 retrans    654 KB-cwnd
    0.1875 MB /   0.10 sec =   15.7400 Mbps     0 retrans    654 KB-cwnd
    0.3125 MB /   0.10 sec =   26.2128 Mbps     0 retrans    654 KB-cwnd
    0.2500 MB /   0.10 sec =   20.9711 Mbps     0 retrans    654 KB-cwnd
    0.3125 MB /   0.10 sec =   26.2144 Mbps     0 retrans    654 KB-cwnd
    0.2500 MB /   0.10 sec =   20.9543 Mbps     0 retrans    654 KB-cwnd
    0.3125 MB /   0.10 sec =   26.2367 Mbps     0 retrans    654 KB-cwnd
    0.2500 MB /   0.10 sec =   20.9566 Mbps     0 retrans    654 KB-cwnd
    0.2500 MB /   0.10 sec =   20.9858 Mbps     0 retrans    654 KB-cwnd
    0.2500 MB /   0.10 sec =   20.9715 Mbps     0 retrans    654 KB-cwnd
    0.1875 MB /   0.10 sec =   15.7291 Mbps     0 retrans    654 KB-cwnd
    0.3125 MB /   0.10 sec =   26.1971 Mbps     0 retrans    654 KB-cwnd
    0.2500 MB /   0.10 sec =   20.9856 Mbps     0 retrans    654 KB-cwnd
    0.2500 MB /   0.10 sec =   20.9667 Mbps     0 retrans    654 KB-cwnd
    0.2500 MB /   0.10 sec =   20.9533 Mbps     0 retrans    654 KB-cwnd
    0.3125 MB /   0.10 sec =   26.2338 Mbps     0 retrans    654 KB-cwnd
    0.2500 MB /   0.10 sec =   20.9793 Mbps     0 retrans    654 KB-cwnd
    0.3125 MB /   0.10 sec =   26.2141 Mbps     0 retrans    654 KB-cwnd
    0.3125 MB /   0.10 sec =   26.2076 Mbps     0 retrans    654 KB-cwnd
    0.2500 MB /   0.10 sec =   20.9774 Mbps     0 retrans    654 KB-cwnd
    0.3125 MB /   0.10 sec =   26.1968 Mbps     0 retrans    654 KB-cwnd
    0.3125 MB /   0.10 sec =   26.2065 Mbps     0 retrans    654 KB-cwnd
    0.3125 MB /   0.10 sec =   26.2333 Mbps     0 retrans    654 KB-cwnd
    0.2500 MB /   0.10 sec =   20.9770 Mbps     0 retrans    654 KB-cwnd
    0.3125 MB /   0.10 sec =   26.2141 Mbps     0 retrans    654 KB-cwnd
    0.3125 MB /   0.10 sec =   26.2139 Mbps     0 retrans    654 KB-cwnd
    0.3125 MB /   0.10 sec =   26.1903 Mbps     0 retrans    654 KB-cwnd
    0.2500 MB /   0.10 sec =   20.9768 Mbps     0 retrans    654 KB-cwnd
    0.3125 MB /   0.10 sec =   26.2325 Mbps     0 retrans    654 KB-cwnd
    0.3125 MB /   0.10 sec =   26.2141 Mbps     0 retrans    654 KB-cwnd
    0.3125 MB /   0.10 sec =   26.2115 Mbps     0 retrans    654 KB-cwnd
    0.2500 MB /   0.10 sec =   20.9680 Mbps     0 retrans    654 KB-cwnd
    0.3125 MB /   0.10 sec =   26.2039 Mbps     0 retrans    654 KB-cwnd
    0.2500 MB /   0.10 sec =   20.9852 Mbps     0 retrans    654 KB-cwnd
    0.3125 MB /   0.10 sec =   26.2154 Mbps     0 retrans    654 KB-cwnd
    0.3125 MB /   0.10 sec =   26.1893 Mbps     0 retrans    654 KB-cwnd
    0.2500 MB /   0.10 sec =   20.9721 Mbps     0 retrans    654 KB-cwnd
    0.3125 MB /   0.10 sec =   26.2152 Mbps     0 retrans    654 KB-cwnd
    0.3125 MB /   0.10 sec =   26.2157 Mbps     0 retrans    654 KB-cwnd
    0.3125 MB /   0.10 sec =   26.2370 Mbps     0 retrans    654 KB-cwnd
    0.2500 MB /   0.10 sec =   20.9550 Mbps     0 retrans    654 KB-cwnd
    0.3125 MB /   0.10 sec =   26.2357 Mbps     0 retrans    654 KB-cwnd
    0.3125 MB /   0.10 sec =   26.2136 Mbps     0 retrans    654 KB-cwnd
    0.3125 MB /   0.10 sec =   26.2147 Mbps     0 retrans    654 KB-cwnd
    0.3125 MB /   0.10 sec =   26.2139 Mbps     0 retrans    654 KB-cwnd
    0.2500 MB /   0.10 sec =   20.9671 Mbps     0 retrans    654 KB-cwnd
    0.2500 MB /   0.10 sec =   20.9617 Mbps     0 retrans    654 KB-cwnd
    0.3125 MB /   0.10 sec =   26.2320 Mbps     0 retrans    654 KB-cwnd
    0.2500 MB /   0.10 sec =   20.9573 Mbps     0 retrans    654 KB-cwnd
    0.3125 MB /   0.10 sec =   26.2325 Mbps     0 retrans    654 KB-cwnd
    0.3125 MB /   0.10 sec =   26.2141 Mbps     0 retrans    654 KB-cwnd
    0.2500 MB /   0.10 sec =   20.9705 Mbps     0 retrans    654 KB-cwnd
    0.3125 MB /   0.10 sec =   26.2152 Mbps     0 retrans    654 KB-cwnd
    0.3125 MB /   0.10 sec =   26.2139 Mbps     0 retrans    654 KB-cwnd
    0.2500 MB /   0.10 sec =   20.9721 Mbps     0 retrans    654 KB-cwnd
    0.3125 MB /   0.10 sec =   26.2141 Mbps     0 retrans    654 KB-cwnd
    0.2500 MB /   0.10 sec =   20.9715 Mbps     0 retrans    654 KB-cwnd
    0.3125 MB /   0.10 sec =   26.2144 Mbps     0 retrans    654 KB-cwnd
    0.3125 MB /   0.10 sec =   26.2144 Mbps     0 retrans    654 KB-cwnd
    0.2500 MB /   0.10 sec =   20.9715 Mbps     0 retrans    654 KB-cwnd
    0.3125 MB /   0.10 sec =   26.2097 Mbps     0 retrans    654 KB-cwnd
    0.3125 MB /   0.10 sec =   26.2196 Mbps     0 retrans    654 KB-cwnd
    0.2500 MB /   0.10 sec =   20.9560 Mbps     0 retrans    654 KB-cwnd
    0.3125 MB /   0.10 sec =   26.2149 Mbps     0 retrans    654 KB-cwnd
    0.3125 MB /   0.10 sec =   26.2330 Mbps     0 retrans    654 KB-cwnd
    0.2500 MB /   0.10 sec =   20.9466 Mbps     0 retrans    654 KB-cwnd
    0.3750 MB /   0.10 sec =   31.4938 Mbps     0 retrans    654 KB-cwnd
    0.2500 MB /   0.10 sec =   20.9728 Mbps     0 retrans    654 KB-cwnd
    0.2500 MB /   0.10 sec =   20.9562 Mbps     0 retrans    654 KB-cwnd
    0.3125 MB /   0.10 sec =   26.2325 Mbps     0 retrans    654 KB-cwnd
    0.2500 MB /   0.10 sec =   20.9713 Mbps     0 retrans    654 KB-cwnd
    0.2500 MB /   0.10 sec =   20.9715 Mbps     0 retrans    654 KB-cwnd
    0.2500 MB /   0.10 sec =   20.9715 Mbps     0 retrans    654 KB-cwnd
    0.3125 MB /   0.10 sec =   26.1895 Mbps     0 retrans    654 KB-cwnd
    0.2500 MB /   0.10 sec =   20.9919 Mbps     0 retrans    654 KB-cwnd
    0.2500 MB /   0.10 sec =   20.9711 Mbps     0 retrans    654 KB-cwnd
    0.3125 MB /   0.10 sec =   26.2147 Mbps     0 retrans    654 KB-cwnd
    0.2500 MB /   0.10 sec =   20.9571 Mbps     0 retrans    654 KB-cwnd
    0.2500 MB /   0.10 sec =   20.9856 Mbps     0 retrans    654 KB-cwnd
    0.3125 MB /   0.10 sec =   26.1971 Mbps     0 retrans    654 KB-cwnd
    0.2500 MB /   0.10 sec =   20.9715 Mbps     0 retrans    654 KB-cwnd
    0.3125 MB /   0.10 sec =   26.2147 Mbps     0 retrans    654 KB-cwnd
    0.2500 MB /   0.10 sec =   20.9856 Mbps     0 retrans    654 KB-cwnd
    0.2500 MB /   0.10 sec =   20.9571 Mbps     0 retrans    654 KB-cwnd
    0.2500 MB /   0.10 sec =   20.9860 Mbps     0 retrans    654 KB-cwnd
    0.2500 MB /   0.10 sec =   20.9575 Mbps     0 retrans    654 KB-cwnd
    0.2500 MB /   0.10 sec =   20.9854 Mbps     0 retrans    654 KB-cwnd
    0.2500 MB /   0.10 sec =   20.9575 Mbps     0 retrans    654 KB-cwnd
    0.3125 MB /   0.10 sec =   26.2299 Mbps     0 retrans    654 KB-cwnd
    0.2500 MB /   0.10 sec =   20.9581 Mbps     0 retrans    654 KB-cwnd
    0.3125 MB /   0.10 sec =   26.2341 Mbps     0 retrans    654 KB-cwnd
    0.2500 MB /   0.10 sec =   20.9562 Mbps     0 retrans    654 KB-cwnd
    0.2500 MB /   0.10 sec =   20.9866 Mbps     0 retrans    654 KB-cwnd
    0.3125 MB /   0.10 sec =   26.2144 Mbps     0 retrans    654 KB-cwnd
    0.2500 MB /   0.10 sec =   20.9711 Mbps     0 retrans    654 KB-cwnd
    0.2500 MB /   0.10 sec =   20.9537 Mbps     0 retrans    654 KB-cwnd
    0.3125 MB /   0.10 sec =   26.2364 Mbps     0 retrans    654 KB-cwnd
    0.2500 MB /   0.10 sec =   20.9560 Mbps     0 retrans    654 KB-cwnd
    0.2500 MB /   0.10 sec =   20.9873 Mbps     0 retrans    654 KB-cwnd
    0.2500 MB /   0.10 sec =   20.9721 Mbps     0 retrans    654 KB-cwnd
    0.2500 MB /   0.10 sec =   20.9713 Mbps     0 retrans    654 KB-cwnd
    0.2500 MB /   0.10 sec =   20.9711 Mbps     0 retrans    654 KB-cwnd
    0.3125 MB /   0.10 sec =   26.2136 Mbps     0 retrans    654 KB-cwnd
    0.2500 MB /   0.10 sec =   20.9569 Mbps     0 retrans    654 KB-cwnd
    0.2500 MB /   0.10 sec =   20.9726 Mbps     0 retrans    654 KB-cwnd
    0.2500 MB /   0.10 sec =   20.9858 Mbps     0 retrans    654 KB-cwnd
    0.2500 MB /   0.10 sec =   20.9717 Mbps     0 retrans    654 KB-cwnd
    0.3125 MB /   0.10 sec =   26.2149 Mbps     0 retrans    654 KB-cwnd
    0.2500 MB /   0.10 sec =   20.9711 Mbps     0 retrans    654 KB-cwnd
    0.2500 MB /   0.10 sec =   20.9713 Mbps     0 retrans    654 KB-cwnd
    0.2500 MB /   0.10 sec =   20.9717 Mbps     0 retrans    654 KB-cwnd
    0.2500 MB /   0.10 sec =   20.9711 Mbps     0 retrans    654 KB-cwnd
    0.3125 MB /   0.10 sec =   26.2149 Mbps     0 retrans    654 KB-cwnd
    0.2500 MB /   0.10 sec =   20.9713 Mbps     0 retrans    654 KB-cwnd
    0.3125 MB /   0.10 sec =   26.2144 Mbps     0 retrans    654 KB-cwnd
    0.2500 MB /   0.10 sec =   20.9724 Mbps     0 retrans    654 KB-cwnd
    0.2500 MB /   0.10 sec =   20.9512 Mbps     0 retrans    654 KB-cwnd
    0.2500 MB /   0.10 sec =   20.9766 Mbps     0 retrans    654 KB-cwnd
    0.3125 MB /   0.10 sec =   26.2336 Mbps     0 retrans    654 KB-cwnd
    0.1875 MB /   0.10 sec =   15.7101 Mbps     0 retrans    654 KB-cwnd
    0.3750 MB /   0.10 sec =   31.4951 Mbps     0 retrans    654 KB-cwnd
    0.2500 MB /   0.10 sec =   20.9458 Mbps     0 retrans    654 KB-cwnd
    0.2500 MB /   0.10 sec =   20.9820 Mbps     0 retrans    654 KB-cwnd
    0.3125 MB /   0.10 sec =   26.2270 Mbps     0 retrans    654 KB-cwnd
    0.2500 MB /   0.10 sec =   20.9615 Mbps     0 retrans    654 KB-cwnd
    0.3125 MB /   0.10 sec =   26.2336 Mbps     0 retrans    654 KB-cwnd
    0.2500 MB /   0.10 sec =   20.9573 Mbps     0 retrans    654 KB-cwnd
    0.3125 MB /   0.10 sec =   26.2317 Mbps     0 retrans    654 KB-cwnd
    0.2500 MB /   0.10 sec =   20.9575 Mbps     0 retrans    654 KB-cwnd
    0.3125 MB /   0.10 sec =   26.2270 Mbps     0 retrans    654 KB-cwnd
    0.3125 MB /   0.10 sec =   26.2199 Mbps     0 retrans    654 KB-cwnd
    0.2500 MB /   0.10 sec =   20.9659 Mbps     0 retrans    654 KB-cwnd
    0.3125 MB /   0.10 sec =   26.2152 Mbps     0 retrans    654 KB-cwnd
    0.3125 MB /   0.10 sec =   26.1953 Mbps     0 retrans    654 KB-cwnd
    0.3125 MB /   0.10 sec =   26.2207 Mbps     0 retrans    654 KB-cwnd
    0.3125 MB /   0.10 sec =   26.2102 Mbps     0 retrans    654 KB-cwnd
    0.3125 MB /   0.10 sec =   26.2322 Mbps     0 retrans    654 KB-cwnd
    0.2500 MB /   0.10 sec =   20.9757 Mbps     0 retrans    654 KB-cwnd
    0.3125 MB /   0.10 sec =   26.2144 Mbps     0 retrans    654 KB-cwnd
    0.2500 MB /   0.10 sec =   20.9575 Mbps     0 retrans    654 KB-cwnd
    0.3125 MB /   0.10 sec =   26.2320 Mbps     0 retrans    654 KB-cwnd
    0.2500 MB /   0.10 sec =   20.9562 Mbps     0 retrans    654 KB-cwnd
    0.3125 MB /   0.10 sec =   26.2273 Mbps     0 retrans    654 KB-cwnd
    0.2500 MB /   0.10 sec =   20.9713 Mbps     0 retrans    654 KB-cwnd
    0.2500 MB /   0.10 sec =   20.9713 Mbps     0 retrans    654 KB-cwnd
    0.2500 MB /   0.10 sec =   20.9715 Mbps     0 retrans    654 KB-cwnd
    0.2500 MB /   0.10 sec =   20.9759 Mbps     0 retrans    654 KB-cwnd
    0.2500 MB /   0.10 sec =   20.9583 Mbps     0 retrans    654 KB-cwnd
    0.2500 MB /   0.10 sec =   20.9854 Mbps     0 retrans    654 KB-cwnd
    0.2500 MB /   0.10 sec =   20.9562 Mbps     0 retrans    654 KB-cwnd
    0.2500 MB /   0.10 sec =   20.9866 Mbps     0 retrans    654 KB-cwnd
    0.2500 MB /   0.10 sec =   20.9715 Mbps     0 retrans    654 KB-cwnd
    0.2500 MB /   0.10 sec =   20.9709 Mbps     0 retrans    654 KB-cwnd
    0.2500 MB /   0.10 sec =   20.9721 Mbps     0 retrans    654 KB-cwnd
    0.2500 MB /   0.10 sec =   20.9575 Mbps     0 retrans    654 KB-cwnd
    0.3125 MB /   0.10 sec =   26.2320 Mbps     0 retrans    654 KB-cwnd
    0.1875 MB /   0.10 sec =   15.7178 Mbps     0 retrans    654 KB-cwnd
    0.3125 MB /   0.10 sec =   26.2322 Mbps     0 retrans    654 KB-cwnd
    0.2500 MB /   0.10 sec =   20.9717 Mbps     0 retrans    654 KB-cwnd
    0.2500 MB /   0.10 sec =   20.9566 Mbps     0 retrans    654 KB-cwnd
    0.1875 MB /   0.10 sec =   15.7395 Mbps     0 retrans    654 KB-cwnd
    0.3125 MB /   0.10 sec =   26.2149 Mbps     0 retrans    654 KB-cwnd
    0.2500 MB /   0.10 sec =   20.9715 Mbps     0 retrans    654 KB-cwnd
    0.2500 MB /   0.10 sec =   20.9564 Mbps     0 retrans    654 KB-cwnd
    0.2500 MB /   0.10 sec =   20.9866 Mbps     0 retrans    654 KB-cwnd
    0.2500 MB /   0.10 sec =   20.9571 Mbps     0 retrans    654 KB-cwnd
    0.3125 MB /   0.10 sec =   26.2286 Mbps     0 retrans    654 KB-cwnd
    0.3125 MB /   0.10 sec =   26.2183 Mbps     0 retrans    654 KB-cwnd
    0.2500 MB /   0.10 sec =   20.9707 Mbps     0 retrans    654 KB-cwnd
    0.2500 MB /   0.10 sec =   20.9533 Mbps     0 retrans    654 KB-cwnd
    0.3125 MB /   0.10 sec =   26.2170 Mbps     0 retrans    654 KB-cwnd
    0.3125 MB /   0.10 sec =   26.2349 Mbps     0 retrans    654 KB-cwnd
    0.2500 MB /   0.10 sec =   20.9724 Mbps     0 retrans    654 KB-cwnd
    0.2500 MB /   0.10 sec =   20.9573 Mbps     0 retrans    654 KB-cwnd
    0.3125 MB /   0.10 sec =   26.2317 Mbps     0 retrans    654 KB-cwnd
    0.3125 MB /   0.10 sec =   26.2141 Mbps     0 retrans    654 KB-cwnd
    0.2500 MB /   0.10 sec =   20.9711 Mbps     0 retrans    654 KB-cwnd
    0.2500 MB /   0.10 sec =   20.9719 Mbps     0 retrans    654 KB-cwnd
    0.3750 MB /   0.10 sec =   31.4579 Mbps     0 retrans    654 KB-cwnd
    0.2500 MB /   0.10 sec =   20.9571 Mbps     0 retrans    654 KB-cwnd
    0.2500 MB /   0.10 sec =   20.9719 Mbps     0 retrans    654 KB-cwnd
    0.3125 MB /   0.10 sec =   26.2317 Mbps     0 retrans    654 KB-cwnd
    0.2500 MB /   0.10 sec =   20.9564 Mbps     0 retrans    654 KB-cwnd
    0.3125 MB /   0.10 sec =   26.2336 Mbps     0 retrans    654 KB-cwnd
    0.2500 MB /   0.10 sec =   20.9713 Mbps     0 retrans    654 KB-cwnd
    0.2500 MB /   0.10 sec =   20.9719 Mbps     0 retrans    654 KB-cwnd
    0.3125 MB /   0.10 sec =   26.2139 Mbps     0 retrans    654 KB-cwnd
    0.2500 MB /   0.10 sec =   20.9719 Mbps     0 retrans    654 KB-cwnd
    0.2500 MB /   0.10 sec =   20.9343 Mbps     0 retrans    654 KB-cwnd
    0.3125 MB /   0.10 sec =   26.2609 Mbps     0 retrans    654 KB-cwnd
    0.2500 MB /   0.10 sec =   20.9577 Mbps     0 retrans    654 KB-cwnd
    0.2500 MB /   0.10 sec =   20.9852 Mbps     0 retrans    654 KB-cwnd
    0.2500 MB /   0.10 sec =   20.9717 Mbps     0 retrans    654 KB-cwnd
    0.2500 MB /   0.10 sec =   20.9713 Mbps     0 retrans    654 KB-cwnd
    0.3125 MB /   0.10 sec =   26.2141 Mbps     0 retrans    654 KB-cwnd
    0.2500 MB /   0.10 sec =   20.9717 Mbps     0 retrans    654 KB-cwnd
    0.2500 MB /   0.10 sec =   20.9713 Mbps     0 retrans    654 KB-cwnd
    0.3125 MB /   0.10 sec =   26.2149 Mbps     0 retrans    654 KB-cwnd
    0.2500 MB /   0.10 sec =   20.9711 Mbps     0 retrans    654 KB-cwnd
    0.3125 MB /   0.10 sec =   26.2147 Mbps     0 retrans    654 KB-cwnd
    0.2500 MB /   0.10 sec =   20.9709 Mbps     0 retrans    654 KB-cwnd
    0.3125 MB /   0.10 sec =   26.2154 Mbps     0 retrans    654 KB-cwnd
    0.2500 MB /   0.10 sec =   20.9711 Mbps     0 retrans    654 KB-cwnd
    0.3125 MB /   0.10 sec =   26.2147 Mbps     0 retrans    654 KB-cwnd
    0.2500 MB /   0.10 sec =   20.9717 Mbps     0 retrans    654 KB-cwnd
    0.3125 MB /   0.10 sec =   26.1968 Mbps     0 retrans    654 KB-cwnd
    0.3125 MB /   0.10 sec =   26.2317 Mbps     0 retrans    654 KB-cwnd
    0.2500 MB /   0.10 sec =   20.9554 Mbps     0 retrans    654 KB-cwnd
    0.2500 MB /   0.10 sec =   20.9740 Mbps     0 retrans    654 KB-cwnd
    0.2500 MB /   0.10 sec =   20.9843 Mbps     0 retrans    654 KB-cwnd
    0.2500 MB /   0.10 sec =   20.9585 Mbps     0 retrans    654 KB-cwnd
    0.2500 MB /   0.10 sec =   20.9715 Mbps     0 retrans    654 KB-cwnd
    0.3125 MB /   0.10 sec =   26.2320 Mbps     0 retrans    654 KB-cwnd
    0.2500 MB /   0.10 sec =   20.9558 Mbps     0 retrans    654 KB-cwnd
    0.2500 MB /   0.10 sec =   20.9879 Mbps     0 retrans    654 KB-cwnd
    0.3125 MB /   0.10 sec =   26.2147 Mbps     0 retrans    654 KB-cwnd
    0.2500 MB /   0.10 sec =   20.9711 Mbps     0 retrans    654 KB-cwnd
    0.2500 MB /   0.10 sec =   20.9516 Mbps     0 retrans    654 KB-cwnd
    0.2500 MB /   0.10 sec =   20.9715 Mbps     0 retrans    654 KB-cwnd
    0.2500 MB /   0.10 sec =   20.9715 Mbps     0 retrans    654 KB-cwnd
    0.3125 MB /   0.10 sec =   26.2322 Mbps     0 retrans    654 KB-cwnd
    0.2500 MB /   0.10 sec =   20.9627 Mbps     0 retrans    654 KB-cwnd
    0.2500 MB /   0.10 sec =   20.9864 Mbps     0 retrans    654 KB-cwnd
    0.3125 MB /   0.10 sec =   26.2141 Mbps     0 retrans    654 KB-cwnd
    0.3125 MB /   0.10 sec =   26.2144 Mbps     0 retrans    654 KB-cwnd
    0.2500 MB /   0.10 sec =   20.9579 Mbps     0 retrans    654 KB-cwnd
    0.2500 MB /   0.10 sec =   20.9705 Mbps     0 retrans    654 KB-cwnd
    0.3125 MB /   0.10 sec =   26.2149 Mbps     0 retrans    654 KB-cwnd
    0.2500 MB /   0.10 sec =   20.9856 Mbps     0 retrans    654 KB-cwnd
    0.3125 MB /   0.10 sec =   26.2141 Mbps     0 retrans    654 KB-cwnd
    0.3125 MB /   0.10 sec =   26.2152 Mbps     0 retrans    654 KB-cwnd
    0.2500 MB /   0.10 sec =   20.9573 Mbps     0 retrans    654 KB-cwnd
    0.3125 MB /   0.10 sec =   26.2322 Mbps     0 retrans    654 KB-cwnd
    0.2500 MB /   0.10 sec =   20.9569 Mbps     0 retrans    654 KB-cwnd
    0.3750 MB /   0.10 sec =   31.4718 Mbps     0 retrans    654 KB-cwnd
    0.2500 MB /   0.10 sec =   20.9719 Mbps     0 retrans    654 KB-cwnd
    0.3125 MB /   0.10 sec =   26.2196 Mbps     0 retrans    654 KB-cwnd
    0.2500 MB /   0.10 sec =   20.9518 Mbps     0 retrans    654 KB-cwnd
    0.2500 MB /   0.10 sec =   20.9860 Mbps     0 retrans    654 KB-cwnd
    0.3125 MB /   0.10 sec =   26.2207 Mbps     0 retrans    654 KB-cwnd
    0.3125 MB /   0.10 sec =   26.1890 Mbps     0 retrans    654 KB-cwnd
    0.2500 MB /   0.10 sec =   20.9701 Mbps     0 retrans    654 KB-cwnd
    0.3750 MB /   0.10 sec =   31.4812 Mbps     0 retrans    654 KB-cwnd
    0.2500 MB /   0.10 sec =   20.9780 Mbps     0 retrans    654 KB-cwnd
    0.3125 MB /   0.10 sec =   26.2008 Mbps     0 retrans    654 KB-cwnd
    0.2500 MB /   0.10 sec =   20.9826 Mbps     0 retrans    654 KB-cwnd
    0.3125 MB /   0.10 sec =   26.2134 Mbps     0 retrans    654 KB-cwnd
    0.3125 MB /   0.10 sec =   26.2134 Mbps     0 retrans    654 KB-cwnd
    0.3125 MB /   0.10 sec =   26.2160 Mbps     0 retrans    654 KB-cwnd
    0.2500 MB /   0.10 sec =   20.9717 Mbps     0 retrans    654 KB-cwnd
    0.3125 MB /   0.10 sec =   26.2128 Mbps     0 retrans    654 KB-cwnd
    0.3125 MB /   0.10 sec =   26.2128 Mbps     0 retrans    654 KB-cwnd
    0.3125 MB /   0.10 sec =   26.2168 Mbps     0 retrans    654 KB-cwnd
    0.2500 MB /   0.10 sec =   20.9709 Mbps     0 retrans    654 KB-cwnd
    0.3125 MB /   0.10 sec =   26.2154 Mbps     0 retrans    654 KB-cwnd
    0.3125 MB /   0.10 sec =   26.2136 Mbps     0 retrans    654 KB-cwnd
    0.2500 MB /   0.10 sec =   20.9715 Mbps     0 retrans    654 KB-cwnd
    0.2500 MB /   0.10 sec =   20.9717 Mbps     0 retrans    654 KB-cwnd
    0.3125 MB /   0.10 sec =   26.2147 Mbps     0 retrans    654 KB-cwnd
    0.2500 MB /   0.10 sec =   20.9713 Mbps     0 retrans    654 KB-cwnd
    0.3125 MB /   0.10 sec =   26.2144 Mbps     0 retrans    654 KB-cwnd
    0.2500 MB /   0.10 sec =   20.9717 Mbps     0 retrans    654 KB-cwnd
    0.2500 MB /   0.10 sec =   20.9719 Mbps     0 retrans    654 KB-cwnd
    0.3750 MB /   0.10 sec =   31.4356 Mbps     0 retrans    654 KB-cwnd
    0.2500 MB /   0.10 sec =   20.9671 Mbps     0 retrans    654 KB-cwnd
    0.3125 MB /   0.10 sec =   26.2378 Mbps     0 retrans    654 KB-cwnd
    0.2500 MB /   0.10 sec =   20.9709 Mbps     0 retrans    654 KB-cwnd
    0.3125 MB /   0.10 sec =   26.2147 Mbps     0 retrans    654 KB-cwnd
    0.3125 MB /   0.10 sec =   26.2144 Mbps     0 retrans    654 KB-cwnd
    0.2500 MB /   0.10 sec =   20.9713 Mbps     0 retrans    654 KB-cwnd
    0.3125 MB /   0.10 sec =   26.1932 Mbps     0 retrans    654 KB-cwnd
    0.2500 MB /   0.10 sec =   20.9742 Mbps     0 retrans    654 KB-cwnd
    0.3125 MB /   0.10 sec =   26.2312 Mbps     0 retrans    654 KB-cwnd
    0.2500 MB /   0.10 sec =   20.9569 Mbps     0 retrans    654 KB-cwnd
nuttcp-t: 104.2561 MB in 30.00 real seconds = 3558.59 KB/sec = 29.1520 Mbps
nuttcp-t: retrans = 0 cwnd = 654 KB
nuttcp-t: 1669 I/O calls, msec/call = 18.41, calls/sec = 55.63
nuttcp-t: 0.0user 0.0sys 0:30real 0% 0i+0d 1262maxrss 0+1pf 8+2csw

nuttcp-r: 104.2561 MB in 37.45 real seconds = 2850.41 KB/sec = 23.3506 Mbps
nuttcp-r: 35483 I/O calls, msec/call = 1.08, calls/sec = 947.38
nuttcp-r: 0.0user 0.3sys 0:37real 1% 0i+0d 92maxrss 0+15pf 32672+10csw
