nuttcp-r: v8.1.4: socket
nuttcp-r: buflen=65536, nstream=1, port=5007 tcp
nuttcp-r: interval reporting every 0.10 seconds
nuttcp-r: connect to 3.19.94.93 with RTT=38.928 ms af=inet
nuttcp-r: send window size = 2097152, receive window size = 52428800
nuttcp-r: available send window = 1572864, available receive window = 39321600
    0.0625 MB /   0.10 sec =    5.2416 Mbps     0 retrans
    0.6250 MB /   0.10 sec =   52.4204 Mbps     0 retrans
    0.9375 MB /   0.10 sec =   78.6456 Mbps     0 retrans
    1.1875 MB /   0.10 sec =   99.6207 Mbps     0 retrans
    1.3750 MB /   0.10 sec =  115.0741 Mbps     0 retrans
    1.7500 MB /   0.10 sec =  146.9432 Mbps     0 retrans
    1.8125 MB /   0.10 sec =  152.0618 Mbps     0 retrans
    2.0000 MB /   0.10 sec =  167.9283 Mbps     0 retrans
    2.2500 MB /   0.10 sec =  188.5740 Mbps     0 retrans
    2.3750 MB /   0.10 sec =  199.3570 Mbps     0 retrans
    2.6875 MB /   0.10 sec =  225.2524 Mbps     0 retrans
    3.3125 MB /   0.10 sec =  277.9421 Mbps     0 retrans
    3.7500 MB /   0.10 sec =  314.8247 Mbps     0 retrans
    4.0625 MB /   0.10 sec =  340.8247 Mbps     0 retrans
    5.0625 MB /   0.10 sec =  424.7667 Mbps     0 retrans
    5.8750 MB /   0.10 sec =  492.8849 Mbps     0 retrans
    6.4375 MB /   0.10 sec =  539.9518 Mbps     0 retrans
    6.5000 MB /   0.10 sec =  545.2214 Mbps     0 retrans
    9.1875 MB /   0.10 sec =  770.5030 Mbps     0 retrans
    9.8125 MB /   0.10 sec =  823.3462 Mbps     0 retrans
   11.4375 MB /   0.10 sec =  959.4662 Mbps     0 retrans
   12.8125 MB /   0.10 sec = 1074.8871 Mbps     0 retrans
   15.3750 MB /   0.10 sec = 1289.2972 Mbps     0 retrans
   18.0000 MB /   0.10 sec = 1510.4630 Mbps     0 retrans
   19.5000 MB /   0.10 sec = 1635.4842 Mbps     0 retrans
   22.1250 MB /   0.10 sec = 1855.9610 Mbps     0 retrans
   22.6250 MB /   0.10 sec = 1897.8277 Mbps     0 retrans
   23.4375 MB /   0.10 sec = 1966.3553 Mbps     0 retrans
   23.1250 MB /   0.10 sec = 1939.8462 Mbps     0 retrans
   23.0000 MB /   0.10 sec = 1929.5921 Mbps     0 retrans
   15.2500 MB /   0.10 sec = 1278.9686 Mbps     0 retrans
   25.3125 MB /   0.10 sec = 2123.7912 Mbps     0 retrans
   23.3750 MB /   0.10 sec = 1960.8175 Mbps     0 retrans
   22.6250 MB /   0.10 sec = 1896.6518 Mbps     0 retrans
   22.8125 MB /   0.10 sec = 1914.6468 Mbps     0 retrans
   23.8125 MB /   0.10 sec = 1997.0181 Mbps     0 retrans
   22.8125 MB /   0.10 sec = 1914.3787 Mbps     0 retrans
   24.0000 MB /   0.10 sec = 2013.1854 Mbps     0 retrans
   23.1250 MB /   0.10 sec = 1939.5359 Mbps     0 retrans
   23.3125 MB /   0.10 sec = 1955.9072 Mbps     0 retrans
   23.1875 MB /   0.10 sec = 1945.0501 Mbps     0 retrans
   23.3750 MB /   0.10 sec = 1961.0528 Mbps     0 retrans
   22.8750 MB /   0.10 sec = 1917.8393 Mbps     0 retrans
   22.9375 MB /   0.10 sec = 1921.8500 Mbps     0 retrans
   23.8125 MB /   0.10 sec = 2000.2376 Mbps     0 retrans
   23.5625 MB /   0.10 sec = 1977.0798 Mbps     0 retrans
   23.0625 MB /   0.10 sec = 1934.3906 Mbps     0 retrans
   23.8750 MB /   0.10 sec = 2003.0005 Mbps     0 retrans
   22.9375 MB /   0.10 sec = 1924.5219 Mbps     0 retrans
   23.8125 MB /   0.10 sec = 1996.9981 Mbps     0 retrans
   23.5000 MB /   0.10 sec = 1971.8750 Mbps     0 retrans
   23.5000 MB /   0.10 sec = 1971.2440 Mbps     0 retrans
   11.5000 MB /   0.10 sec =  964.4392 Mbps     0 retrans
   28.2500 MB /   0.10 sec = 2369.1421 Mbps     0 retrans
   23.8125 MB /   0.10 sec = 1998.2966 Mbps     0 retrans
   23.7500 MB /   0.10 sec = 1991.2589 Mbps     0 retrans
   23.6250 MB /   0.10 sec = 1982.6810 Mbps     0 retrans
   22.8750 MB /   0.10 sec = 1917.2069 Mbps     0 retrans
   22.3750 MB /   0.10 sec = 1878.7170 Mbps     0 retrans
   22.6250 MB /   0.10 sec = 1897.3723 Mbps     0 retrans
   22.8750 MB /   0.10 sec = 1919.3931 Mbps     0 retrans
   23.8750 MB /   0.10 sec = 2002.7802 Mbps     0 retrans
   23.3125 MB /   0.10 sec = 1956.0441 Mbps     0 retrans
   23.0625 MB /   0.10 sec = 1934.1972 Mbps     0 retrans
   23.0625 MB /   0.10 sec = 1934.5840 Mbps     0 retrans
   23.4375 MB /   0.10 sec = 1966.3356 Mbps     0 retrans
   23.3750 MB /   0.10 sec = 1961.0136 Mbps     0 retrans
   23.5000 MB /   0.10 sec = 1971.3820 Mbps     0 retrans
   23.0000 MB /   0.10 sec = 1929.3605 Mbps     0 retrans
   15.3750 MB /   0.10 sec = 1289.4132 Mbps     0 retrans
   15.1250 MB /   0.10 sec = 1268.1936 Mbps     0 retrans
   18.1875 MB /   0.10 sec = 1526.3802 Mbps     0 retrans
   19.7500 MB /   0.10 sec = 1656.6176 Mbps     0 retrans
   22.7500 MB /   0.10 sec = 1908.6183 Mbps     0 retrans
   23.2500 MB /   0.10 sec = 1950.1758 Mbps     0 retrans
   19.2500 MB /   0.10 sec = 1614.5487 Mbps     0 retrans
   21.1250 MB /   0.10 sec = 1772.8026 Mbps     0 retrans
   23.5625 MB /   0.10 sec = 1976.5855 Mbps     0 retrans
   23.3750 MB /   0.10 sec = 1959.8180 Mbps     0 retrans
   23.5625 MB /   0.10 sec = 1977.1194 Mbps     0 retrans
   22.9375 MB /   0.10 sec = 1924.3101 Mbps     0 retrans
   23.5000 MB /   0.10 sec = 1964.3299 Mbps     0 retrans
   23.5000 MB /   0.10 sec = 1977.9689 Mbps     0 retrans
   23.3125 MB /   0.10 sec = 1955.0664 Mbps     0 retrans
   23.5000 MB /   0.10 sec = 1972.0328 Mbps     0 retrans
   23.5625 MB /   0.10 sec = 1976.5855 Mbps     0 retrans
   23.6875 MB /   0.10 sec = 1987.6279 Mbps     0 retrans
   23.5000 MB /   0.10 sec = 1970.8696 Mbps     0 retrans
   23.0625 MB /   0.10 sec = 1933.9072 Mbps     0 retrans
   23.6875 MB /   0.10 sec = 1987.3894 Mbps     0 retrans
   20.7500 MB /   0.10 sec = 1741.0540 Mbps     0 retrans
   19.4375 MB /   0.10 sec = 1629.2649 Mbps     0 retrans
   21.0625 MB /   0.10 sec = 1768.2829 Mbps     0 retrans
   21.3750 MB /   0.10 sec = 1790.5403 Mbps     0 retrans
   24.0000 MB /   0.10 sec = 2015.6847 Mbps     0 retrans
   23.1875 MB /   0.10 sec = 1944.8945 Mbps     0 retrans
   22.8125 MB /   0.10 sec = 1913.8234 Mbps     0 retrans
   23.5625 MB /   0.10 sec = 1976.2496 Mbps     0 retrans
   23.1250 MB /   0.10 sec = 1940.3119 Mbps     0 retrans
   23.6875 MB /   0.10 sec = 1987.1509 Mbps     0 retrans
   23.6250 MB /   0.10 sec = 1981.9276 Mbps     0 retrans
   22.4375 MB /   0.10 sec = 1882.4386 Mbps     0 retrans
   22.9375 MB /   0.10 sec = 1923.8676 Mbps     0 retrans
   22.4375 MB /   0.10 sec = 1882.5704 Mbps     0 retrans
   26.4375 MB /   0.10 sec = 2217.0288 Mbps     0 retrans
    5.0000 MB /   0.10 sec =  416.6348 Mbps     0 retrans
   24.1875 MB /   0.10 sec = 2042.8656 Mbps     0 retrans
   18.5625 MB /   0.10 sec = 1555.8596 Mbps     0 retrans
   23.6250 MB /   0.10 sec = 1983.8520 Mbps     0 retrans
   21.6875 MB /   0.10 sec = 1818.1703 Mbps     0 retrans
   22.8750 MB /   0.10 sec = 1919.9308 Mbps     0 retrans
   23.1250 MB /   0.10 sec = 1938.7218 Mbps     0 retrans
   22.9375 MB /   0.10 sec = 1925.1380 Mbps     0 retrans
   22.6250 MB /   0.10 sec = 1897.9415 Mbps     0 retrans
   23.8750 MB /   0.10 sec = 2002.8202 Mbps     0 retrans
   23.3750 MB /   0.10 sec = 1961.2097 Mbps     0 retrans
   23.2500 MB /   0.10 sec = 1950.2929 Mbps     0 retrans
   23.3750 MB /   0.10 sec = 1960.0727 Mbps     0 retrans
   23.3750 MB /   0.10 sec = 1961.2490 Mbps     0 retrans
   22.6875 MB /   0.10 sec = 1902.9181 Mbps     0 retrans
   23.3750 MB /   0.10 sec = 1961.2294 Mbps     0 retrans
   23.1875 MB /   0.10 sec = 1945.1279 Mbps     0 retrans
    9.6875 MB /   0.10 sec =  812.6058 Mbps     0 retrans
   13.0625 MB /   0.10 sec = 1095.6743 Mbps     0 retrans
   17.6250 MB /   0.10 sec = 1478.5513 Mbps     0 retrans
   23.1875 MB /   0.10 sec = 1945.1474 Mbps     0 retrans
   22.6875 MB /   0.10 sec = 1903.2606 Mbps     0 retrans
   23.3125 MB /   0.10 sec = 1955.2814 Mbps     0 retrans
   22.6875 MB /   0.10 sec = 1903.3748 Mbps     0 retrans
   22.5625 MB /   0.10 sec = 1892.6608 Mbps     0 retrans
   21.0625 MB /   0.10 sec = 1766.6032 Mbps     0 retrans
   22.8750 MB /   0.10 sec = 1919.0284 Mbps     0 retrans
   22.3125 MB /   0.10 sec = 1871.6333 Mbps     0 retrans
   21.6875 MB /   0.10 sec = 1819.7525 Mbps     0 retrans
   23.3125 MB /   0.10 sec = 1955.2814 Mbps     0 retrans
   21.8750 MB /   0.10 sec = 1835.0814 Mbps     0 retrans
   22.8125 MB /   0.10 sec = 1913.5364 Mbps     0 retrans
   21.0625 MB /   0.10 sec = 1767.2040 Mbps     0 retrans
   23.1250 MB /   0.10 sec = 1939.6522 Mbps     0 retrans
   22.9375 MB /   0.10 sec = 1923.9830 Mbps     0 retrans
   23.0625 MB /   0.10 sec = 1934.8162 Mbps     0 retrans
   22.6875 MB /   0.10 sec = 1902.5376 Mbps     0 retrans
   23.5000 MB /   0.10 sec = 1971.5003 Mbps     0 retrans
   23.5000 MB /   0.10 sec = 1971.0666 Mbps     0 retrans
   23.1875 MB /   0.10 sec = 1945.6143 Mbps     0 retrans
   23.4375 MB /   0.10 sec = 1966.2570 Mbps     0 retrans
   23.5625 MB /   0.10 sec = 1976.5855 Mbps     0 retrans
   21.3125 MB /   0.10 sec = 1787.8042 Mbps     0 retrans
   18.4375 MB /   0.10 sec = 1546.7269 Mbps     0 retrans
   15.3125 MB /   0.10 sec = 1284.2873 Mbps     0 retrans
   14.4375 MB /   0.10 sec = 1210.8873 Mbps     0 retrans
   22.3125 MB /   0.10 sec = 1872.2886 Mbps     0 retrans
   23.3750 MB /   0.10 sec = 1960.7587 Mbps     0 retrans
   23.3750 MB /   0.10 sec = 1961.1313 Mbps     0 retrans
   23.5000 MB /   0.10 sec = 1971.0666 Mbps     0 retrans
   23.4375 MB /   0.10 sec = 1965.3135 Mbps     0 retrans
   22.8125 MB /   0.10 sec = 1914.8001 Mbps     0 retrans
   22.1250 MB /   0.10 sec = 1855.5342 Mbps     0 retrans
   22.5625 MB /   0.10 sec = 1892.7554 Mbps     0 retrans
   22.6250 MB /   0.10 sec = 1897.8656 Mbps     0 retrans
   23.4375 MB /   0.10 sec = 1966.0407 Mbps     0 retrans
   23.6250 MB /   0.10 sec = 1981.6699 Mbps     0 retrans
   23.3750 MB /   0.10 sec = 1960.9548 Mbps     0 retrans
   23.4375 MB /   0.10 sec = 1966.0210 Mbps     0 retrans
   23.5625 MB /   0.10 sec = 1976.5262 Mbps     0 retrans
   23.1875 MB /   0.10 sec = 1945.1279 Mbps     0 retrans
   22.6250 MB /   0.10 sec = 1897.5241 Mbps     0 retrans
   23.3125 MB /   0.10 sec = 1956.0441 Mbps     0 retrans
   23.7500 MB /   0.10 sec = 1992.4339 Mbps     0 retrans
   23.0625 MB /   0.10 sec = 1934.7195 Mbps     0 retrans
   23.0625 MB /   0.10 sec = 1934.8549 Mbps     0 retrans
   23.2500 MB /   0.10 sec = 1949.9614 Mbps     0 retrans
   22.0000 MB /   0.10 sec = 1845.3646 Mbps     0 retrans
   16.1875 MB /   0.10 sec = 1357.6887 Mbps     0 retrans
   15.6250 MB /   0.10 sec = 1310.7986 Mbps     0 retrans
   13.3750 MB /   0.10 sec = 1121.8529 Mbps     0 retrans
   13.1875 MB /   0.10 sec = 1106.4247 Mbps     0 retrans
   19.0000 MB /   0.10 sec = 1593.8355 Mbps     0 retrans
   23.3125 MB /   0.10 sec = 1955.7507 Mbps     0 retrans
   23.6875 MB /   0.10 sec = 1986.8330 Mbps     0 retrans
   23.3750 MB /   0.10 sec = 1961.4059 Mbps     0 retrans
   23.4375 MB /   0.10 sec = 1966.1193 Mbps     0 retrans
   23.6875 MB /   0.10 sec = 1987.0515 Mbps     0 retrans
   23.1875 MB /   0.10 sec = 1944.1753 Mbps     0 retrans
   23.3125 MB /   0.10 sec = 1955.7311 Mbps     0 retrans
   23.1875 MB /   0.10 sec = 1937.2819 Mbps     0 retrans
   23.5000 MB /   0.10 sec = 1979.4585 Mbps     0 retrans
   20.1250 MB /   0.10 sec = 1688.4269 Mbps     0 retrans
   22.8750 MB /   0.10 sec = 1918.9133 Mbps     0 retrans
   23.2500 MB /   0.10 sec = 1950.1173 Mbps     0 retrans
   12.8750 MB /   0.10 sec = 1078.0604 Mbps     0 retrans
   30.6875 MB /   0.10 sec = 2578.1471 Mbps     0 retrans
   23.3750 MB /   0.10 sec = 1961.4648 Mbps     0 retrans
   23.2500 MB /   0.10 sec = 1949.0065 Mbps     0 retrans
   22.6250 MB /   0.10 sec = 1899.3851 Mbps     0 retrans
   22.8125 MB /   0.10 sec = 1913.7852 Mbps     0 retrans
   16.4375 MB /   0.10 sec = 1377.9267 Mbps     0 retrans
   23.6250 MB /   0.10 sec = 1983.3358 Mbps     0 retrans
   23.6875 MB /   0.10 sec = 1987.0118 Mbps     0 retrans
   23.0625 MB /   0.10 sec = 1934.5647 Mbps     0 retrans
   23.3750 MB /   0.10 sec = 1959.6026 Mbps     0 retrans
   23.2500 MB /   0.10 sec = 1950.5269 Mbps     0 retrans
   23.5000 MB /   0.10 sec = 1971.8158 Mbps     0 retrans
   23.3750 MB /   0.10 sec = 1961.0136 Mbps     0 retrans
   23.3750 MB /   0.10 sec = 1960.8371 Mbps     0 retrans
   23.3125 MB /   0.10 sec = 1955.7311 Mbps     0 retrans
   21.2500 MB /   0.10 sec = 1782.7753 Mbps     0 retrans
   23.2500 MB /   0.10 sec = 1950.2343 Mbps     0 retrans
   23.5000 MB /   0.10 sec = 1971.0863 Mbps     0 retrans
   23.1875 MB /   0.10 sec = 1945.1085 Mbps     0 retrans
   23.1250 MB /   0.10 sec = 1940.5060 Mbps     0 retrans
   22.5625 MB /   0.10 sec = 1892.6986 Mbps     0 retrans
   19.8125 MB /   0.10 sec = 1661.0462 Mbps     0 retrans
   20.4375 MB /   0.10 sec = 1714.6275 Mbps     0 retrans
   19.0000 MB /   0.10 sec = 1592.7684 Mbps     0 retrans
   18.3750 MB /   0.10 sec = 1538.3301 Mbps     0 retrans
   19.3750 MB /   0.10 sec = 1621.5470 Mbps     0 retrans
   20.0000 MB /   0.10 sec = 1686.5253 Mbps     0 retrans
   19.8125 MB /   0.10 sec = 1661.7935 Mbps     0 retrans
   19.7500 MB /   0.10 sec = 1656.8992 Mbps     0 retrans
   19.2500 MB /   0.10 sec = 1614.9039 Mbps     0 retrans
   19.2500 MB /   0.10 sec = 1614.7747 Mbps     0 retrans
   19.9375 MB /   0.10 sec = 1672.3617 Mbps     0 retrans
   19.9375 MB /   0.10 sec = 1672.4954 Mbps     0 retrans
   19.8125 MB /   0.10 sec = 1662.0761 Mbps     0 retrans
   18.1250 MB /   0.10 sec = 1520.2528 Mbps     0 retrans
    3.0625 MB /   0.10 sec =  256.7907 Mbps     0 retrans
    7.0000 MB /   0.10 sec =  586.6218 Mbps     0 retrans
   19.8125 MB /   0.10 sec = 1663.6067 Mbps     0 retrans
   19.4375 MB /   0.10 sec = 1631.3024 Mbps     0 retrans
   20.1250 MB /   0.10 sec = 1688.2749 Mbps     0 retrans
   19.5625 MB /   0.10 sec = 1638.5145 Mbps     0 retrans
   20.0000 MB /   0.10 sec = 1680.3598 Mbps     0 retrans
   21.6250 MB /   0.10 sec = 1814.0183 Mbps     0 retrans
   21.3125 MB /   0.10 sec = 1787.9294 Mbps     0 retrans
   21.1875 MB /   0.10 sec = 1777.4607 Mbps     0 retrans
   20.0625 MB /   0.10 sec = 1682.8803 Mbps     0 retrans
   18.2500 MB /   0.10 sec = 1530.8444 Mbps     0 retrans
   21.3125 MB /   0.10 sec = 1787.3395 Mbps     0 retrans
   17.0000 MB /   0.10 sec = 1426.6055 Mbps     0 retrans
   19.6250 MB /   0.10 sec = 1645.8035 Mbps     0 retrans
   19.1875 MB /   0.10 sec = 1609.4032 Mbps     0 retrans
   21.1250 MB /   0.10 sec = 1772.7848 Mbps     0 retrans
   13.5625 MB /   0.10 sec = 1137.6253 Mbps     0 retrans
   20.6875 MB /   0.10 sec = 1735.3933 Mbps     0 retrans
   16.8750 MB /   0.10 sec = 1414.3612 Mbps     0 retrans
   16.1875 MB /   0.10 sec = 1359.0611 Mbps     0 retrans
   10.9375 MB /   0.10 sec =  917.6508 Mbps     0 retrans
   19.3750 MB /   0.10 sec = 1625.0003 Mbps     0 retrans
   19.6250 MB /   0.10 sec = 1626.9524 Mbps     0 retrans
   18.0625 MB /   0.10 sec = 1533.3937 Mbps     0 retrans
   14.1250 MB /   0.10 sec = 1184.8079 Mbps     0 retrans
   14.2500 MB /   0.10 sec = 1195.5679 Mbps     0 retrans
   16.2500 MB /   0.10 sec = 1363.2988 Mbps     0 retrans
   19.2500 MB /   0.10 sec = 1614.6940 Mbps     0 retrans
   19.8125 MB /   0.10 sec = 1662.0927 Mbps     0 retrans
   16.6250 MB /   0.10 sec = 1394.4945 Mbps     0 retrans
   12.2500 MB /   0.10 sec = 1027.0088 Mbps     0 retrans
   21.0625 MB /   0.10 sec = 1767.7167 Mbps     0 retrans
   19.8125 MB /   0.10 sec = 1661.9265 Mbps     0 retrans
   21.0625 MB /   0.10 sec = 1767.0626 Mbps     0 retrans
   21.8125 MB /   0.10 sec = 1829.4724 Mbps     0 retrans
   21.0625 MB /   0.10 sec = 1767.0980 Mbps     0 retrans
   21.2500 MB /   0.10 sec = 1782.4544 Mbps     0 retrans
   21.2500 MB /   0.10 sec = 1777.2120 Mbps     0 retrans
   22.0000 MB /   0.10 sec = 1848.6550 Mbps     0 retrans
   19.7500 MB /   0.10 sec = 1659.2223 Mbps     0 retrans
   21.3750 MB /   0.10 sec = 1792.7423 Mbps     0 retrans
   21.6250 MB /   0.10 sec = 1814.2723 Mbps     0 retrans
   13.3125 MB /   0.10 sec = 1116.4320 Mbps     0 retrans
   18.6875 MB /   0.10 sec = 1567.6368 Mbps     0 retrans
   17.0000 MB /   0.10 sec = 1425.7639 Mbps     0 retrans
   16.2500 MB /   0.10 sec = 1361.7190 Mbps     0 retrans
   17.3125 MB /   0.10 sec = 1453.9935 Mbps     0 retrans
   16.3750 MB /   0.10 sec = 1373.4972 Mbps     0 retrans
   13.8750 MB /   0.10 sec = 1164.0590 Mbps     0 retrans
   15.3125 MB /   0.10 sec = 1284.4928 Mbps     0 retrans
   16.3125 MB /   0.10 sec = 1368.2549 Mbps     0 retrans
   14.7500 MB /   0.10 sec = 1237.4434 Mbps     0 retrans
   13.2500 MB /   0.10 sec = 1109.6929 Mbps     0 retrans
   17.0000 MB /   0.10 sec = 1428.5061 Mbps     0 retrans
   16.9375 MB /   0.10 sec = 1420.7636 Mbps     0 retrans
   16.7500 MB /   0.10 sec = 1392.8901 Mbps     0 retrans
   17.5625 MB /   0.10 sec = 1486.4489 Mbps     0 retrans
   17.3750 MB /   0.10 sec = 1457.6518 Mbps     0 retrans
   17.1875 MB /   0.10 sec = 1441.6190 Mbps     0 retrans
   15.3125 MB /   0.10 sec = 1284.4671 Mbps     0 retrans
    9.5625 MB /   0.10 sec =  802.2569 Mbps     0 retrans
    9.5000 MB /   0.10 sec =  796.7265 Mbps     0 retrans
    9.9375 MB /   0.10 sec =  833.4346 Mbps     0 retrans
    7.2500 MB /   0.10 sec =  608.3079 Mbps     0 retrans
   17.1250 MB /   0.10 sec = 1436.9658 Mbps     0 retrans
   18.1250 MB /   0.10 sec = 1520.5873 Mbps     0 retrans
   15.2500 MB /   0.10 sec = 1278.9941 Mbps     0 retrans
   17.9375 MB /   0.10 sec = 1505.0979 Mbps     0 retrans
   17.4375 MB /   0.10 sec = 1462.4272 Mbps     0 retrans
   16.3750 MB /   0.10 sec = 1373.8132 Mbps     0 retrans
   14.1875 MB /   0.10 sec = 1190.1100 Mbps     0 retrans
   15.8125 MB /   0.10 sec = 1326.4619 Mbps     0 retrans
   17.8750 MB /   0.10 sec = 1498.9241 Mbps     0 retrans
   17.0625 MB /   0.10 sec = 1431.2633 Mbps     0 retrans
   17.0000 MB /   0.10 sec = 1426.1632 Mbps     0 retrans
nuttcp-r: 5874.6965 MB in 30.22 real seconds = 199067.01 KB/sec = 1630.7569 Mbps
nuttcp-r: 109460 I/O calls, msec/call = 0.28, calls/sec = 3622.17
nuttcp-r: 0.0user 1.9sys 0:30real 6% 0i+0d 2296maxrss 0+1pf 15508+793csw

nuttcp-t: Warning: send window size 25000000 < requested window size 26214400
nuttcp-t: v6.1.2: socket
nuttcp-t: buflen=65536, nstream=1, port=5007 tcp -> 174.202.35.177
nuttcp-t: time limit = 30.00 seconds
nuttcp-t: accept from 174.202.35.177 with mss=1376
nuttcp-t: send window size = 50000000, receive window size = 25000000
nuttcp-t: available send window = 25000000, available receive window = 12500000
nuttcp-t: 5874.6965 MB in 30.00 real seconds = 200522.48 KB/sec = 1642.6802 Mbps
nuttcp-t: retrans = 0
nuttcp-t: 93996 I/O calls, msec/call = 0.33, calls/sec = 3133.19
nuttcp-t: 0.1user 2.5sys 0:30real 9% 0i+0d 100maxrss 0+0pf 336+13csw
