nuttcp-r: v8.1.4: socket
nuttcp-r: buflen=65536, nstream=1, port=5007 tcp
nuttcp-r: interval reporting every 0.10 seconds
nuttcp-r: connect to 3.19.94.93 with RTT=44.295 ms af=inet
nuttcp-r: send window size = 1048576, receive window size = 52428800
nuttcp-r: available send window = 786432, available receive window = 39321600
    0.0000 MB /   0.10 sec =    0.0000 Mbps    -1 retrans
    0.0625 MB /   0.10 sec =    5.2436 Mbps     1 retrans
    0.0625 MB /   0.10 sec =    5.2414 Mbps     0 retrans
    0.0625 MB /   0.10 sec =    5.2448 Mbps     0 retrans
    0.0000 MB /   0.10 sec =    0.0000 Mbps     0 retrans
    0.0625 MB /   0.10 sec =    5.2425 Mbps     0 retrans
    0.1250 MB /   0.10 sec =   10.4871 Mbps     0 retrans
    0.0625 MB /   0.10 sec =    5.2428 Mbps     0 retrans
    0.0000 MB /   0.10 sec =    0.0000 Mbps     0 retrans
    0.1875 MB /   0.10 sec =   15.7296 Mbps     0 retrans
    0.0000 MB /   0.10 sec =    0.0000 Mbps     0 retrans
    0.1875 MB /   0.10 sec =   15.7268 Mbps     0 retrans
    0.0625 MB /   0.10 sec =    5.2426 Mbps     0 retrans
    0.1250 MB /   0.10 sec =   10.4835 Mbps     0 retrans
    0.0625 MB /   0.10 sec =    5.2445 Mbps     0 retrans
    0.1250 MB /   0.10 sec =   10.4403 Mbps     0 retrans
    0.0000 MB /   0.10 sec =    0.0000 Mbps     0 retrans
    0.0000 MB /   0.10 sec =    0.0000 Mbps     0 retrans
    0.0625 MB /   0.10 sec =    5.2452 Mbps     0 retrans
    0.1875 MB /   0.10 sec =   15.7195 Mbps     0 retrans
    0.3750 MB /   0.10 sec =   31.4629 Mbps     0 retrans
    0.5000 MB /   0.10 sec =   41.9041 Mbps     0 retrans
    0.5000 MB /   0.10 sec =   41.9981 Mbps     0 retrans
    0.5000 MB /   0.10 sec =   41.9456 Mbps     0 retrans
    0.5625 MB /   0.10 sec =   47.1407 Mbps     0 retrans
    0.8125 MB /   0.10 sec =   68.2168 Mbps     0 retrans
    1.1250 MB /   0.10 sec =   94.3530 Mbps     0 retrans
    1.0625 MB /   0.10 sec =   89.1085 Mbps     0 retrans
    1.2500 MB /   0.10 sec =  104.8586 Mbps     0 retrans
    1.0625 MB /   0.10 sec =   89.1174 Mbps     0 retrans
    1.5000 MB /   0.10 sec =  125.8543 Mbps     0 retrans
    1.8750 MB /   0.10 sec =  156.5397 Mbps     0 retrans
    2.0625 MB /   0.10 sec =  173.9002 Mbps     0 retrans
    2.4375 MB /   0.10 sec =  204.4008 Mbps     0 retrans
    2.7500 MB /   0.10 sec =  230.7029 Mbps     0 retrans
    3.1875 MB /   0.10 sec =  267.3896 Mbps     0 retrans
    3.5625 MB /   0.10 sec =  298.9697 Mbps     0 retrans
    4.3125 MB /   0.10 sec =  361.7623 Mbps     0 retrans
    5.0000 MB /   0.10 sec =  419.3256 Mbps     0 retrans
    5.5000 MB /   0.10 sec =  461.4980 Mbps     0 retrans
    6.3125 MB /   0.10 sec =  529.3192 Mbps     0 retrans
    7.1250 MB /   0.10 sec =  597.6465 Mbps     0 retrans
    8.7500 MB /   0.10 sec =  734.4071 Mbps     0 retrans
    9.6875 MB /   0.10 sec =  812.5976 Mbps     0 retrans
   11.4375 MB /   0.10 sec =  958.8909 Mbps     0 retrans
   12.0625 MB /   0.10 sec = 1012.2402 Mbps     0 retrans
   14.1250 MB /   0.10 sec = 1184.9975 Mbps     0 retrans
   15.9375 MB /   0.10 sec = 1336.9478 Mbps     0 retrans
   19.3750 MB /   0.10 sec = 1625.1140 Mbps     0 retrans
   21.8750 MB /   0.10 sec = 1834.7511 Mbps     0 retrans
   22.5000 MB /   0.10 sec = 1887.7955 Mbps     0 retrans
   23.4375 MB /   0.10 sec = 1966.0997 Mbps     0 retrans
   19.0625 MB /   0.10 sec = 1598.8705 Mbps     0 retrans
   20.0625 MB /   0.10 sec = 1683.5032 Mbps     0 retrans
   13.3125 MB /   0.10 sec = 1116.5436 Mbps     0 retrans
   11.5625 MB /   0.10 sec =  969.7389 Mbps     0 retrans
   15.7500 MB /   0.10 sec = 1321.3775 Mbps     0 retrans
   10.2500 MB /   0.10 sec =  859.6690 Mbps     0 retrans
   28.0000 MB /   0.10 sec = 2349.5621 Mbps     0 retrans
    6.6250 MB /   0.10 sec =  555.6786 Mbps     0 retrans
   32.6250 MB /   0.10 sec = 2736.0173 Mbps     0 retrans
   23.0625 MB /   0.10 sec = 1935.5711 Mbps     0 retrans
   18.3125 MB /   0.10 sec = 1536.1485 Mbps     0 retrans
   22.6250 MB /   0.10 sec = 1893.8319 Mbps     0 retrans
   23.5000 MB /   0.10 sec = 1975.2141 Mbps     0 retrans
   23.5625 MB /   0.10 sec = 1976.6053 Mbps     0 retrans
   20.8750 MB /   0.10 sec = 1751.2970 Mbps     0 retrans
   18.5000 MB /   0.10 sec = 1551.8770 Mbps     0 retrans
   18.5000 MB /   0.10 sec = 1551.8149 Mbps     0 retrans
   17.5000 MB /   0.10 sec = 1467.5515 Mbps     0 retrans
   22.3750 MB /   0.10 sec = 1877.7773 Mbps     0 retrans
   18.5625 MB /   0.10 sec = 1556.3105 Mbps     0 retrans
   20.1250 MB /   0.10 sec = 1689.0857 Mbps     0 retrans
   23.4375 MB /   0.10 sec = 1965.5297 Mbps     0 retrans
   23.1875 MB /   0.10 sec = 1945.5949 Mbps     0 retrans
   23.3750 MB /   0.10 sec = 1961.0724 Mbps     0 retrans
   22.9375 MB /   0.10 sec = 1922.9255 Mbps     0 retrans
   23.5625 MB /   0.10 sec = 1977.4754 Mbps     0 retrans
   23.2500 MB /   0.10 sec = 1950.4489 Mbps     0 retrans
   23.8125 MB /   0.10 sec = 1997.4973 Mbps     0 retrans
   22.8125 MB /   0.10 sec = 1913.8426 Mbps     0 retrans
   23.0000 MB /   0.10 sec = 1928.7434 Mbps     0 retrans
   24.1250 MB /   0.10 sec = 2024.2780 Mbps     0 retrans
   20.1250 MB /   0.10 sec = 1687.5155 Mbps     0 retrans
   19.6875 MB /   0.10 sec = 1651.9532 Mbps     0 retrans
   13.2500 MB /   0.10 sec = 1111.3127 Mbps     0 retrans
   27.0625 MB /   0.10 sec = 2270.8029 Mbps     0 retrans
   23.2500 MB /   0.10 sec = 1950.0589 Mbps     0 retrans
   23.8125 MB /   0.10 sec = 1997.3975 Mbps     0 retrans
   23.5000 MB /   0.10 sec = 1971.4609 Mbps     0 retrans
   23.1875 MB /   0.10 sec = 1945.2641 Mbps     0 retrans
   23.5625 MB /   0.10 sec = 1976.7634 Mbps     0 retrans
   22.5625 MB /   0.10 sec = 1892.4337 Mbps     0 retrans
   24.3125 MB /   0.10 sec = 2039.6231 Mbps     0 retrans
   23.2500 MB /   0.10 sec = 1950.3514 Mbps     0 retrans
   23.7500 MB /   0.10 sec = 1991.9956 Mbps     0 retrans
   17.2500 MB /   0.10 sec = 1447.3243 Mbps     0 retrans
   20.1875 MB /   0.10 sec = 1693.0101 Mbps     0 retrans
   18.9375 MB /   0.10 sec = 1589.0058 Mbps     0 retrans
   19.6250 MB /   0.10 sec = 1646.2972 Mbps     0 retrans
   17.2500 MB /   0.10 sec = 1447.0494 Mbps     0 retrans
   17.1875 MB /   0.10 sec = 1441.6623 Mbps     0 retrans
   17.5000 MB /   0.10 sec = 1467.6835 Mbps     0 retrans
   17.0000 MB /   0.10 sec = 1426.1632 Mbps     0 retrans
   15.7500 MB /   0.10 sec = 1321.3775 Mbps     0 retrans
   15.1250 MB /   0.10 sec = 1268.8785 Mbps     0 retrans
   17.7500 MB /   0.10 sec = 1488.6802 Mbps     0 retrans
   20.2500 MB /   0.10 sec = 1699.1519 Mbps     0 retrans
   20.4375 MB /   0.10 sec = 1714.1646 Mbps     0 retrans
   20.6875 MB /   0.10 sec = 1734.9595 Mbps     0 retrans
   20.0000 MB /   0.10 sec = 1678.1411 Mbps     0 retrans
   21.0000 MB /   0.10 sec = 1761.7134 Mbps     0 retrans
   19.8750 MB /   0.10 sec = 1667.1025 Mbps     0 retrans
   19.5000 MB /   0.10 sec = 1635.8604 Mbps     0 retrans
   20.6250 MB /   0.10 sec = 1729.9774 Mbps     0 retrans
   21.2500 MB /   0.10 sec = 1782.7396 Mbps     0 retrans
   21.0625 MB /   0.10 sec = 1766.8682 Mbps     0 retrans
   20.6250 MB /   0.10 sec = 1730.3580 Mbps     0 retrans
   17.9375 MB /   0.10 sec = 1504.0297 Mbps     0 retrans
   18.8750 MB /   0.10 sec = 1583.8408 Mbps     0 retrans
   21.2500 MB /   0.10 sec = 1782.7575 Mbps     0 retrans
   21.0625 MB /   0.10 sec = 1766.7269 Mbps     0 retrans
   19.1875 MB /   0.10 sec = 1609.6285 Mbps     0 retrans
   18.6875 MB /   0.10 sec = 1567.6525 Mbps     0 retrans
   22.8125 MB /   0.10 sec = 1913.5364 Mbps     0 retrans
   20.8125 MB /   0.10 sec = 1745.3205 Mbps     0 retrans
   21.3750 MB /   0.10 sec = 1792.4018 Mbps     0 retrans
   21.2500 MB /   0.10 sec = 1783.9528 Mbps     0 retrans
   21.1875 MB /   0.10 sec = 1777.2475 Mbps     0 retrans
   20.7500 MB /   0.10 sec = 1739.9228 Mbps     0 retrans
   21.1250 MB /   0.10 sec = 1772.6252 Mbps     0 retrans
   21.8125 MB /   0.10 sec = 1829.3992 Mbps     0 retrans
   21.6250 MB /   0.10 sec = 1814.2179 Mbps     0 retrans
   22.1875 MB /   0.10 sec = 1861.2782 Mbps     0 retrans
   20.0625 MB /   0.10 sec = 1683.1496 Mbps     0 retrans
   21.3750 MB /   0.10 sec = 1792.4376 Mbps     0 retrans
   21.5000 MB /   0.10 sec = 1802.5593 Mbps     0 retrans
   21.5000 MB /   0.10 sec = 1804.1641 Mbps     0 retrans
   22.8125 MB /   0.10 sec = 1913.4981 Mbps     0 retrans
   20.7500 MB /   0.10 sec = 1741.6986 Mbps     0 retrans
   22.0625 MB /   0.10 sec = 1850.7922 Mbps     0 retrans
   21.9375 MB /   0.10 sec = 1840.5270 Mbps     0 retrans
   21.8750 MB /   0.10 sec = 1834.3110 Mbps     0 retrans
   22.4375 MB /   0.10 sec = 1882.6646 Mbps     0 retrans
   21.7500 MB /   0.10 sec = 1824.6317 Mbps     0 retrans
   21.6875 MB /   0.10 sec = 1819.3157 Mbps     0 retrans
   22.4375 MB /   0.10 sec = 1881.9493 Mbps     0 retrans
   20.6250 MB /   0.10 sec = 1730.2888 Mbps     0 retrans
   20.3750 MB /   0.10 sec = 1709.1789 Mbps     0 retrans
   21.9375 MB /   0.10 sec = 1839.8829 Mbps     0 retrans
   21.7500 MB /   0.10 sec = 1825.0515 Mbps     0 retrans
   22.2500 MB /   0.10 sec = 1866.3160 Mbps     0 retrans
   22.1250 MB /   0.10 sec = 1855.3672 Mbps     0 retrans
   19.7500 MB /   0.10 sec = 1657.3633 Mbps     0 retrans
   12.1250 MB /   0.10 sec = 1017.0780 Mbps     0 retrans
   11.6250 MB /   0.10 sec =  975.2049 Mbps     0 retrans
   11.3125 MB /   0.10 sec =  948.8664 Mbps     0 retrans
   20.7500 MB /   0.10 sec = 1740.4621 Mbps     0 retrans
   21.5000 MB /   0.10 sec = 1803.5688 Mbps     0 retrans
   22.1250 MB /   0.10 sec = 1856.0352 Mbps     0 retrans
   22.5625 MB /   0.10 sec = 1892.6608 Mbps     0 retrans
   22.6250 MB /   0.10 sec = 1898.1883 Mbps     0 retrans
   22.8750 MB /   0.10 sec = 1918.8365 Mbps     0 retrans
   22.6250 MB /   0.10 sec = 1897.5241 Mbps     0 retrans
   22.1875 MB /   0.10 sec = 1860.4596 Mbps     0 retrans
   22.1875 MB /   0.10 sec = 1862.2466 Mbps     0 retrans
   21.3125 MB /   0.10 sec = 1787.9472 Mbps     0 retrans
   22.5625 MB /   0.10 sec = 1892.8690 Mbps     0 retrans
   22.3125 MB /   0.10 sec = 1871.3900 Mbps     0 retrans
   23.1250 MB /   0.10 sec = 1938.6443 Mbps     0 retrans
   19.9375 MB /   0.10 sec = 1673.1145 Mbps     0 retrans
   22.8750 MB /   0.10 sec = 1918.8749 Mbps     0 retrans
   21.5000 MB /   0.10 sec = 1803.8754 Mbps     0 retrans
   22.6875 MB /   0.10 sec = 1903.5652 Mbps     0 retrans
   23.5000 MB /   0.10 sec = 1970.5741 Mbps     0 retrans
   21.9375 MB /   0.10 sec = 1840.3981 Mbps     0 retrans
   23.0000 MB /   0.10 sec = 1927.7990 Mbps     0 retrans
   22.6875 MB /   0.10 sec = 1904.7464 Mbps     0 retrans
   21.0625 MB /   0.10 sec = 1767.1156 Mbps     0 retrans
   22.2500 MB /   0.10 sec = 1866.7640 Mbps     0 retrans
   19.4375 MB /   0.10 sec = 1630.6172 Mbps     0 retrans
   22.3125 MB /   0.10 sec = 1869.9317 Mbps     0 retrans
   22.1250 MB /   0.10 sec = 1857.1309 Mbps     0 retrans
   22.9375 MB /   0.10 sec = 1924.6566 Mbps     0 retrans
   22.4375 MB /   0.10 sec = 1882.1375 Mbps     0 retrans
   22.5000 MB /   0.10 sec = 1887.6067 Mbps     0 retrans
   21.5625 MB /   0.10 sec = 1808.7032 Mbps     0 retrans
   22.3750 MB /   0.10 sec = 1876.7634 Mbps     0 retrans
   22.7500 MB /   0.10 sec = 1908.5228 Mbps     0 retrans
   22.2500 MB /   0.10 sec = 1866.1480 Mbps     0 retrans
   21.3125 MB /   0.10 sec = 1787.9830 Mbps     0 retrans
   22.5000 MB /   0.10 sec = 1887.7388 Mbps     0 retrans
   22.4375 MB /   0.10 sec = 1882.1563 Mbps     0 retrans
   21.6250 MB /   0.10 sec = 1813.7826 Mbps     0 retrans
   22.0000 MB /   0.10 sec = 1845.4015 Mbps     0 retrans
   22.9375 MB /   0.10 sec = 1924.5796 Mbps     0 retrans
   22.3750 MB /   0.10 sec = 1876.5382 Mbps     0 retrans
   22.5625 MB /   0.10 sec = 1892.4147 Mbps     0 retrans
   22.5000 MB /   0.10 sec = 1887.7766 Mbps     0 retrans
   23.1250 MB /   0.10 sec = 1939.5941 Mbps     0 retrans
   23.1250 MB /   0.10 sec = 1940.1372 Mbps     0 retrans
   22.5625 MB /   0.10 sec = 1892.5851 Mbps     0 retrans
   21.9375 MB /   0.10 sec = 1840.3797 Mbps     0 retrans
   15.1875 MB /   0.10 sec = 1274.2237 Mbps     0 retrans
    0.0000 MB /   0.10 sec =    0.0000 Mbps     0 retrans
    0.0000 MB /   0.10 sec =    0.0000 Mbps     0 retrans
   15.8125 MB /   0.10 sec = 1326.5813 Mbps     0 retrans
   18.3125 MB /   0.10 sec = 1536.3636 Mbps     0 retrans
   20.4375 MB /   0.10 sec = 1714.3360 Mbps     0 retrans
   19.9375 MB /   0.10 sec = 1672.5289 Mbps     0 retrans
   21.4375 MB /   0.10 sec = 1798.0921 Mbps     0 retrans
   18.0000 MB /   0.10 sec = 1509.9041 Mbps     0 retrans
   20.3125 MB /   0.10 sec = 1699.9920 Mbps     0 retrans
   21.6250 MB /   0.10 sec = 1817.8358 Mbps     0 retrans
   18.1875 MB /   0.10 sec = 1525.9680 Mbps     0 retrans
   19.1875 MB /   0.10 sec = 1609.7734 Mbps     0 retrans
   21.6250 MB /   0.10 sec = 1813.8188 Mbps     0 retrans
   19.5000 MB /   0.10 sec = 1635.9094 Mbps     0 retrans
   18.3125 MB /   0.10 sec = 1536.0870 Mbps     0 retrans
   19.5000 MB /   0.10 sec = 1635.5659 Mbps     0 retrans
   18.5000 MB /   0.10 sec = 1551.6287 Mbps     0 retrans
   20.8750 MB /   0.10 sec = 1751.4547 Mbps     0 retrans
   18.1250 MB /   0.10 sec = 1520.2984 Mbps     0 retrans
   20.5000 MB /   0.10 sec = 1720.0775 Mbps     0 retrans
   20.1875 MB /   0.10 sec = 1693.1285 Mbps     0 retrans
   18.6875 MB /   0.10 sec = 1567.7779 Mbps     0 retrans
   19.5000 MB /   0.10 sec = 1635.6150 Mbps     0 retrans
   16.5625 MB /   0.10 sec = 1389.8218 Mbps     0 retrans
   17.7500 MB /   0.10 sec = 1488.9184 Mbps     0 retrans
   17.1250 MB /   0.10 sec = 1435.3147 Mbps     0 retrans
   19.8750 MB /   0.10 sec = 1668.2368 Mbps     0 retrans
   16.2500 MB /   0.10 sec = 1363.0261 Mbps     0 retrans
   19.6875 MB /   0.10 sec = 1651.1109 Mbps     0 retrans
   20.6875 MB /   0.10 sec = 1736.1572 Mbps     0 retrans
   21.0000 MB /   0.10 sec = 1761.4844 Mbps     0 retrans
   19.0000 MB /   0.10 sec = 1593.3097 Mbps     0 retrans
   16.6875 MB /   0.10 sec = 1400.5352 Mbps     0 retrans
   21.0625 MB /   0.10 sec = 1765.8617 Mbps     0 retrans
   11.0000 MB /   0.10 sec =  923.1161 Mbps     0 retrans
   21.9375 MB /   0.10 sec = 1840.1405 Mbps     0 retrans
    9.4375 MB /   0.10 sec =  791.8253 Mbps     0 retrans
    8.5625 MB /   0.10 sec =  718.1166 Mbps     0 retrans
   10.4375 MB /   0.10 sec =  875.6310 Mbps     0 retrans
    9.7500 MB /   0.10 sec =  817.7584 Mbps     0 retrans
    6.1250 MB /   0.10 sec =  513.9873 Mbps     0 retrans
   12.2500 MB /   0.10 sec = 1027.5428 Mbps     0 retrans
    7.1250 MB /   0.10 sec =  597.5688 Mbps     0 retrans
   15.8125 MB /   0.10 sec = 1326.3823 Mbps     0 retrans
   21.2500 MB /   0.10 sec = 1782.6683 Mbps     0 retrans
   19.6250 MB /   0.10 sec = 1646.2972 Mbps     0 retrans
   19.3750 MB /   0.10 sec = 1625.6017 Mbps     0 retrans
   19.1250 MB /   0.10 sec = 1603.9844 Mbps     0 retrans
   19.8125 MB /   0.10 sec = 1662.2589 Mbps     0 retrans
   18.1250 MB /   0.10 sec = 1519.9488 Mbps     0 retrans
   19.0000 MB /   0.10 sec = 1594.4255 Mbps     0 retrans
   20.0000 MB /   0.10 sec = 1677.1849 Mbps     0 retrans
   17.8750 MB /   0.10 sec = 1498.2351 Mbps     0 retrans
   15.6250 MB /   0.10 sec = 1312.1371 Mbps     0 retrans
   12.7500 MB /   0.10 sec = 1067.0400 Mbps     0 retrans
   21.6875 MB /   0.10 sec = 1823.2723 Mbps     0 retrans
   19.9375 MB /   0.10 sec = 1672.8300 Mbps     0 retrans
   17.7500 MB /   0.10 sec = 1488.7546 Mbps     0 retrans
   18.7500 MB /   0.10 sec = 1571.1828 Mbps     0 retrans
   20.9375 MB /   0.10 sec = 1758.4926 Mbps     0 retrans
   20.4375 MB /   0.10 sec = 1714.4560 Mbps     0 retrans
   20.4375 MB /   0.10 sec = 1714.6104 Mbps     0 retrans
   20.6250 MB /   0.10 sec = 1729.8909 Mbps     0 retrans
   13.3125 MB /   0.10 sec = 1116.7334 Mbps     0 retrans
   21.2500 MB /   0.10 sec = 1782.2940 Mbps     0 retrans
   19.4375 MB /   0.10 sec = 1629.9652 Mbps     0 retrans
   20.3125 MB /   0.10 sec = 1703.7656 Mbps     0 retrans
   20.4375 MB /   0.10 sec = 1669.5444 Mbps     0 retrans
   21.6875 MB /   0.10 sec = 1818.0249 Mbps     0 retrans
   19.8125 MB /   0.10 sec = 1709.4472 Mbps     0 retrans
   19.0625 MB /   0.10 sec = 1599.6543 Mbps     0 retrans
   17.7500 MB /   0.10 sec = 1488.5909 Mbps     0 retrans
   17.7500 MB /   0.10 sec = 1488.7695 Mbps     0 retrans
   19.3125 MB /   0.10 sec = 1620.4712 Mbps     0 retrans
   17.7500 MB /   0.10 sec = 1488.8886 Mbps     0 retrans
   20.3125 MB /   0.10 sec = 1704.1405 Mbps     0 retrans
   18.2500 MB /   0.10 sec = 1530.4771 Mbps     0 retrans
   19.1250 MB /   0.10 sec = 1604.9954 Mbps     0 retrans
   19.4375 MB /   0.10 sec = 1630.2422 Mbps     0 retrans
   20.0625 MB /   0.10 sec = 1683.0991 Mbps     0 retrans
   17.0625 MB /   0.10 sec = 1430.9485 Mbps     0 retrans
   20.1250 MB /   0.10 sec = 1688.2918 Mbps     0 retrans
   14.5625 MB /   0.10 sec = 1221.2857 Mbps     0 retrans
   18.3125 MB /   0.10 sec = 1537.1784 Mbps     0 retrans
   18.6875 MB /   0.10 sec = 1567.5271 Mbps     0 retrans
   19.0625 MB /   0.10 sec = 1599.0784 Mbps     0 retrans
   18.0625 MB /   0.10 sec = 1514.9196 Mbps     0 retrans
   20.5625 MB /   0.10 sec = 1724.1144 Mbps     0 retrans
   18.3125 MB /   0.10 sec = 1537.0861 Mbps     0 retrans
    6.5625 MB /   0.10 sec =  549.9140 Mbps     0 retrans
    0.0000 MB /   0.10 sec =    0.0000 Mbps     0 retrans
    8.3750 MB /   0.10 sec =  702.5529 Mbps     0 retrans
    0.3125 MB /   0.10 sec =   26.2128 Mbps     0 retrans
    8.5000 MB /   0.10 sec =  713.0673 Mbps     0 retrans
    8.4375 MB /   0.10 sec =  707.8171 Mbps     0 retrans
   17.1875 MB /   0.10 sec = 1442.3257 Mbps     0 retrans
   15.3750 MB /   0.10 sec = 1289.6969 Mbps     0 retrans
   18.9375 MB /   0.10 sec = 1588.5450 Mbps     0 retrans
nuttcp-r: 5060.8250 MB in 30.23 real seconds = 171425.32 KB/sec = 1404.3162 Mbps
nuttcp-r: 93887 I/O calls, msec/call = 0.33, calls/sec = 3105.70
nuttcp-r: 0.0user 1.3sys 0:30real 4% 0i+0d 1274maxrss 0+1pf 12851+431csw

nuttcp-t: Warning: send window size 25000000 < requested window size 26214400
nuttcp-t: v6.1.2: socket
nuttcp-t: buflen=65536, nstream=1, port=5007 tcp -> 174.202.35.177
nuttcp-t: time limit = 30.00 seconds
nuttcp-t: accept from 174.202.35.177 with mss=1376
nuttcp-t: send window size = 50000000, receive window size = 25000000
nuttcp-t: available send window = 25000000, available receive window = 12500000
nuttcp-t: 5060.8250 MB in 30.00 real seconds = 172740.87 KB/sec = 1415.0932 Mbps
nuttcp-t: retrans = 0
nuttcp-t: 80974 I/O calls, msec/call = 0.38, calls/sec = 2699.10
nuttcp-t: 0.0user 2.0sys 0:30real 7% 0i+0d 100maxrss 0+0pf 290+67csw
