1659922196608
nuttcp-t: v8.1.4: socket
nuttcp-t: buflen=65536, nstream=1, port=5001 tcp -> 161.188.33.26
nuttcp-t: time limit = 30.00 seconds
nuttcp-t: connect to 161.188.33.26 with mss=1376, RTT=8.845 ms af=inet
nuttcp-t: send window size = 33554432, receive window size = 6291456
nuttcp-t: available send window = 25165824, available receive window = 4718592
nuttcp-t: initial congestion window = 13 KB (10 packets)
nuttcp-r: Warning: receive window size 25000000 < requested window size 26214400
nuttcp-r: v6.1.2: socket
nuttcp-r: buflen=65536, nstream=1, port=5001 tcp
nuttcp-r: interval reporting every 0.10 seconds
nuttcp-r: accept from 174.193.135.23
nuttcp-r: send window size = 25000000, receive window size = 50000000
nuttcp-r: available send window = 12500000, available receive window = 25000000
    0.6875 MB /   0.10 sec =   57.6590 Mbps     0 retrans   2125 KB-cwnd
    3.3750 MB /   0.10 sec =  283.1410 Mbps     0 retrans   2125 KB-cwnd
    3.9375 MB /   0.10 sec =  330.2948 Mbps     0 retrans   2125 KB-cwnd
    4.0000 MB /   0.10 sec =  335.5611 Mbps     0 retrans   2408 KB-cwnd
    3.8125 MB /   0.10 sec =  319.8253 Mbps     0 retrans   2408 KB-cwnd
    3.5000 MB /   0.10 sec =  293.5866 Mbps     0 retrans   2409 KB-cwnd
    3.3125 MB /   0.10 sec =  277.8532 Mbps     0 retrans   2546 KB-cwnd
    2.7500 MB /   0.10 sec =  230.5438 Mbps     0 retrans   2546 KB-cwnd
    2.5625 MB /   0.10 sec =  215.0333 Mbps     0 retrans   2546 KB-cwnd
    3.2500 MB /   0.10 sec =  272.7252 Mbps     0 retrans   2546 KB-cwnd
    2.5625 MB /   0.10 sec =  214.7841 Mbps     0 retrans   2546 KB-cwnd
    3.3750 MB /   0.10 sec =  283.3422 Mbps     0 retrans   2546 KB-cwnd
    3.0000 MB /   0.10 sec =  251.4671 Mbps     0 retrans   2546 KB-cwnd
    2.8750 MB /   0.10 sec =  241.1894 Mbps     0 retrans   2546 KB-cwnd
    3.4375 MB /   0.10 sec =  288.5604 Mbps     0 retrans   2546 KB-cwnd
    3.0625 MB /   0.10 sec =  256.7188 Mbps     0 retrans   2546 KB-cwnd
    2.5625 MB /   0.10 sec =  215.1065 Mbps     0 retrans   2546 KB-cwnd
    2.4375 MB /   0.10 sec =  204.3272 Mbps     0 retrans   2546 KB-cwnd
    2.4375 MB /   0.10 sec =  204.6156 Mbps     0 retrans   2546 KB-cwnd
    3.0625 MB /   0.10 sec =  256.7265 Mbps     0 retrans   2546 KB-cwnd
    2.6875 MB /   0.10 sec =  225.4461 Mbps     0 retrans   2546 KB-cwnd
    2.8125 MB /   0.10 sec =  235.8588 Mbps     0 retrans   2546 KB-cwnd
    2.7500 MB /   0.10 sec =  230.7029 Mbps     0 retrans   2546 KB-cwnd
    2.6250 MB /   0.10 sec =  220.3552 Mbps     0 retrans   2546 KB-cwnd
    2.1250 MB /   0.10 sec =  178.2526 Mbps     0 retrans   2546 KB-cwnd
    2.3125 MB /   0.10 sec =  194.0351 Mbps     0 retrans   2546 KB-cwnd
    2.0625 MB /   0.10 sec =  173.0098 Mbps     0 retrans   2546 KB-cwnd
    2.0625 MB /   0.10 sec =  172.8992 Mbps     0 retrans   2546 KB-cwnd
    2.6875 MB /   0.10 sec =  225.5589 Mbps     0 retrans   2546 KB-cwnd
    2.1250 MB /   0.10 sec =  178.2918 Mbps     0 retrans   2546 KB-cwnd
    2.0625 MB /   0.10 sec =  172.8871 Mbps     0 retrans   2714 KB-cwnd
    3.0625 MB /   0.10 sec =  256.9011 Mbps     0 retrans   2714 KB-cwnd
    2.6250 MB /   0.10 sec =  220.3684 Mbps     0 retrans   2714 KB-cwnd
    2.6875 MB /   0.10 sec =  225.4438 Mbps     0 retrans   2714 KB-cwnd
    2.3750 MB /   0.10 sec =  199.2235 Mbps     0 retrans   2714 KB-cwnd
    2.1875 MB /   0.10 sec =  183.5026 Mbps     0 retrans   2714 KB-cwnd
    3.1250 MB /   0.10 sec =  261.9083 Mbps     0 retrans   2714 KB-cwnd
    2.6875 MB /   0.10 sec =  225.4867 Mbps     0 retrans   2714 KB-cwnd
    3.1250 MB /   0.10 sec =  262.3329 Mbps     0 retrans   2714 KB-cwnd
    2.5625 MB /   0.10 sec =  214.9559 Mbps     0 retrans   2714 KB-cwnd
    2.6250 MB /   0.10 sec =  220.2010 Mbps     0 retrans   2714 KB-cwnd
    2.3750 MB /   0.10 sec =  199.2215 Mbps     0 retrans   2714 KB-cwnd
    2.6875 MB /   0.10 sec =  225.2861 Mbps     0 retrans   2714 KB-cwnd
    2.9375 MB /   0.10 sec =  246.5929 Mbps     0 retrans   2714 KB-cwnd
    1.8750 MB /   0.10 sec =  157.1764 Mbps     0 retrans   2714 KB-cwnd
    2.3125 MB /   0.10 sec =  194.1244 Mbps     0 retrans   2714 KB-cwnd
    1.8750 MB /   0.10 sec =  157.1748 Mbps     0 retrans   2714 KB-cwnd
    2.3750 MB /   0.10 sec =  199.2274 Mbps     0 retrans   2714 KB-cwnd
    3.0625 MB /   0.10 sec =  257.0888 Mbps     0 retrans   2714 KB-cwnd
    2.8750 MB /   0.10 sec =  240.9147 Mbps     0 retrans   2714 KB-cwnd
    2.8750 MB /   0.10 sec =  241.4284 Mbps     0 retrans   2714 KB-cwnd
    2.8125 MB /   0.10 sec =  235.9320 Mbps     0 retrans   2714 KB-cwnd
    2.7500 MB /   0.10 sec =  230.4655 Mbps     0 retrans   2714 KB-cwnd
    2.6250 MB /   0.10 sec =  220.2582 Mbps     0 retrans   2714 KB-cwnd
    2.6250 MB /   0.10 sec =  220.3552 Mbps     0 retrans   2714 KB-cwnd
    2.0625 MB /   0.10 sec =  173.0168 Mbps     0 retrans   2714 KB-cwnd
    2.4375 MB /   0.10 sec =  204.4703 Mbps     0 retrans   2714 KB-cwnd
    2.5000 MB /   0.10 sec =  209.5036 Mbps     0 retrans   2714 KB-cwnd
    2.4375 MB /   0.10 sec =  204.5255 Mbps     0 retrans   2714 KB-cwnd
    2.3125 MB /   0.10 sec =  193.9885 Mbps     0 retrans   2919 KB-cwnd
    3.3125 MB /   0.10 sec =  278.0756 Mbps     0 retrans   2919 KB-cwnd
    4.0000 MB /   0.10 sec =  335.3096 Mbps     0 retrans   2919 KB-cwnd
    4.0625 MB /   0.10 sec =  341.0123 Mbps     0 retrans   2919 KB-cwnd
    4.0625 MB /   0.10 sec =  340.5488 Mbps     0 retrans   2919 KB-cwnd
    3.6875 MB /   0.10 sec =  309.2279 Mbps     0 retrans   2919 KB-cwnd
    4.4375 MB /   0.10 sec =  372.6022 Mbps     0 retrans   2971 KB-cwnd
    4.1250 MB /   0.10 sec =  346.0681 Mbps     0 retrans   2972 KB-cwnd
    4.0000 MB /   0.10 sec =  335.5175 Mbps     0 retrans   3125 KB-cwnd
    4.1875 MB /   0.10 sec =  351.1817 Mbps     0 retrans   3125 KB-cwnd
    4.1250 MB /   0.10 sec =  345.8122 Mbps     0 retrans   3125 KB-cwnd
    4.1250 MB /   0.10 sec =  346.3695 Mbps     0 retrans   3259 KB-cwnd
    4.0625 MB /   0.10 sec =  340.7804 Mbps     0 retrans   3261 KB-cwnd
    3.5625 MB /   0.10 sec =  298.8412 Mbps     0 retrans   3261 KB-cwnd
    4.1250 MB /   0.10 sec =  345.7258 Mbps     0 retrans   3329 KB-cwnd
    3.8125 MB /   0.10 sec =  319.8765 Mbps     0 retrans   3329 KB-cwnd
    4.3750 MB /   0.10 sec =  367.2697 Mbps     0 retrans   3329 KB-cwnd
    4.1875 MB /   0.10 sec =  351.2694 Mbps     0 retrans   3329 KB-cwnd
    4.0000 MB /   0.10 sec =  335.5443 Mbps     0 retrans   3329 KB-cwnd
    4.0625 MB /   0.10 sec =  340.7633 Mbps     0 retrans   3329 KB-cwnd
    3.6250 MB /   0.10 sec =  303.8075 Mbps     0 retrans   3329 KB-cwnd
    4.3125 MB /   0.10 sec =  362.0955 Mbps     0 retrans   3329 KB-cwnd
    4.0000 MB /   0.10 sec =  335.5510 Mbps     0 retrans   3329 KB-cwnd
    3.8750 MB /   0.10 sec =  325.0488 Mbps     0 retrans   3329 KB-cwnd
    2.8125 MB /   0.10 sec =  235.9390 Mbps     0 retrans   3329 KB-cwnd
    2.4375 MB /   0.10 sec =  204.3701 Mbps     0 retrans   3329 KB-cwnd
    2.5625 MB /   0.10 sec =  215.0678 Mbps     0 retrans   3329 KB-cwnd
    2.9375 MB /   0.10 sec =  246.4030 Mbps     0 retrans   3329 KB-cwnd
    2.7500 MB /   0.10 sec =  230.6844 Mbps     0 retrans   3329 KB-cwnd
    2.4375 MB /   0.10 sec =  204.4764 Mbps     0 retrans   3329 KB-cwnd
    2.6250 MB /   0.10 sec =  220.1525 Mbps     0 retrans   3329 KB-cwnd
    3.0000 MB /   0.10 sec =  251.7287 Mbps     0 retrans   3329 KB-cwnd
    2.7500 MB /   0.10 sec =  230.4609 Mbps     0 retrans   3329 KB-cwnd
    2.5000 MB /   0.10 sec =  209.7278 Mbps     0 retrans   3329 KB-cwnd
    2.0625 MB /   0.10 sec =  172.9995 Mbps     0 retrans   3329 KB-cwnd
    3.0000 MB /   0.10 sec =  251.8648 Mbps     0 retrans   3329 KB-cwnd
    2.2500 MB /   0.10 sec =  188.7814 Mbps     0 retrans   3329 KB-cwnd
    2.4375 MB /   0.10 sec =  204.4601 Mbps     0 retrans   3329 KB-cwnd
    2.0625 MB /   0.10 sec =  172.8543 Mbps     0 retrans   3329 KB-cwnd
    2.6250 MB /   0.10 sec =  220.4170 Mbps     0 retrans   3329 KB-cwnd
    2.2500 MB /   0.10 sec =  188.6022 Mbps     0 retrans   3329 KB-cwnd
    1.6250 MB /   0.10 sec =  136.3231 Mbps     0 retrans   3329 KB-cwnd
    2.8125 MB /   0.10 sec =  236.0925 Mbps     0 retrans   3329 KB-cwnd
    2.6250 MB /   0.10 sec =  220.1900 Mbps     0 retrans   3329 KB-cwnd
    2.3125 MB /   0.10 sec =  193.8218 Mbps     0 retrans   3329 KB-cwnd
    2.4375 MB /   0.10 sec =  204.6565 Mbps     0 retrans   3329 KB-cwnd
    2.2500 MB /   0.10 sec =  188.7418 Mbps     0 retrans   3329 KB-cwnd
    2.5000 MB /   0.10 sec =  209.7152 Mbps     0 retrans   3329 KB-cwnd
    2.6250 MB /   0.10 sec =  220.0513 Mbps     0 retrans   3329 KB-cwnd
    3.0625 MB /   0.10 sec =  257.0759 Mbps     0 retrans   3329 KB-cwnd
    2.8125 MB /   0.10 sec =  235.6963 Mbps     0 retrans   3329 KB-cwnd
    2.6875 MB /   0.10 sec =  225.4889 Mbps     0 retrans   3329 KB-cwnd
    3.0000 MB /   0.10 sec =  251.6884 Mbps     0 retrans   3329 KB-cwnd
    2.8750 MB /   0.10 sec =  241.1556 Mbps     0 retrans   3329 KB-cwnd
    2.5000 MB /   0.10 sec =  209.7278 Mbps     0 retrans   3329 KB-cwnd
    2.0625 MB /   0.10 sec =  173.0133 Mbps     0 retrans   3329 KB-cwnd
    2.4375 MB /   0.10 sec =  204.4723 Mbps     0 retrans   3329 KB-cwnd
    2.3750 MB /   0.10 sec =  199.3730 Mbps     0 retrans   3329 KB-cwnd
    2.1250 MB /   0.10 sec =  178.2312 Mbps     0 retrans   3329 KB-cwnd
    2.7500 MB /   0.10 sec =  230.7167 Mbps     0 retrans   3329 KB-cwnd
    2.4375 MB /   0.10 sec =  204.2681 Mbps     0 retrans   3329 KB-cwnd
    2.8125 MB /   0.10 sec =  236.1610 Mbps     0 retrans   3329 KB-cwnd
    2.7500 MB /   0.10 sec =  230.5369 Mbps     0 retrans   3329 KB-cwnd
    2.3125 MB /   0.10 sec =  194.1166 Mbps     0 retrans   3329 KB-cwnd
    2.0000 MB /   0.10 sec =  167.6548 Mbps     0 retrans   3329 KB-cwnd
    2.2500 MB /   0.10 sec =  188.8759 Mbps     0 retrans   3329 KB-cwnd
    2.1250 MB /   0.10 sec =  178.1350 Mbps     0 retrans   3329 KB-cwnd
    2.0000 MB /   0.10 sec =  167.7688 Mbps     0 retrans   3329 KB-cwnd
    2.2500 MB /   0.10 sec =  188.8664 Mbps     0 retrans   3329 KB-cwnd
    2.0625 MB /   0.10 sec =  173.0098 Mbps     0 retrans   3329 KB-cwnd
    2.4375 MB /   0.10 sec =  204.3395 Mbps     0 retrans   3329 KB-cwnd
    2.6250 MB /   0.10 sec =  220.1767 Mbps     0 retrans   3329 KB-cwnd
    2.8125 MB /   0.10 sec =  236.0405 Mbps     0 retrans   3329 KB-cwnd
    2.7500 MB /   0.10 sec =  230.6475 Mbps     0 retrans   3329 KB-cwnd
    2.6875 MB /   0.10 sec =  225.5070 Mbps     0 retrans   3329 KB-cwnd
    2.8750 MB /   0.10 sec =  241.2328 Mbps     0 retrans   3329 KB-cwnd
    2.3125 MB /   0.10 sec =  193.9904 Mbps     0 retrans   3329 KB-cwnd
    2.0625 MB /   0.10 sec =  173.0012 Mbps     0 retrans   3329 KB-cwnd
    2.1875 MB /   0.10 sec =  183.3871 Mbps     0 retrans   3329 KB-cwnd
    2.1250 MB /   0.10 sec =  178.3864 Mbps     0 retrans   3329 KB-cwnd
    2.1875 MB /   0.10 sec =  183.3706 Mbps     0 retrans   3329 KB-cwnd
    2.8750 MB /   0.10 sec =  241.3390 Mbps     0 retrans   3329 KB-cwnd
    2.3125 MB /   0.10 sec =  193.9807 Mbps     0 retrans   3329 KB-cwnd
    3.1250 MB /   0.10 sec =  262.1650 Mbps     0 retrans   3329 KB-cwnd
    2.1875 MB /   0.10 sec =  183.4916 Mbps     0 retrans   3329 KB-cwnd
    2.3125 MB /   0.10 sec =  194.0040 Mbps     0 retrans   3329 KB-cwnd
    2.0625 MB /   0.10 sec =  172.8750 Mbps     0 retrans   3329 KB-cwnd
    2.3750 MB /   0.10 sec =  199.3670 Mbps     0 retrans   3329 KB-cwnd
    1.9375 MB /   0.10 sec =  162.4156 Mbps     0 retrans   3329 KB-cwnd
    2.6250 MB /   0.10 sec =  220.2010 Mbps     0 retrans   3329 KB-cwnd
    2.6875 MB /   0.10 sec =  225.5814 Mbps     0 retrans   3329 KB-cwnd
    2.0625 MB /   0.10 sec =  172.9130 Mbps     0 retrans   3329 KB-cwnd
    2.4375 MB /   0.10 sec =  204.6196 Mbps     0 retrans   3329 KB-cwnd
    2.4375 MB /   0.10 sec =  204.3334 Mbps     0 retrans   3329 KB-cwnd
    2.1875 MB /   0.10 sec =  183.5724 Mbps     0 retrans   3329 KB-cwnd
    2.6250 MB /   0.10 sec =  220.1966 Mbps     0 retrans   3329 KB-cwnd
    2.6250 MB /   0.10 sec =  220.2648 Mbps     0 retrans   3329 KB-cwnd
    2.7500 MB /   0.10 sec =  230.6567 Mbps     0 retrans   3329 KB-cwnd
    2.0625 MB /   0.10 sec =  172.9199 Mbps     0 retrans   3329 KB-cwnd
    2.2500 MB /   0.10 sec =  188.7286 Mbps     0 retrans   3329 KB-cwnd
    2.5000 MB /   0.10 sec =  209.6209 Mbps     0 retrans   3329 KB-cwnd
    2.7500 MB /   0.10 sec =  230.9685 Mbps     0 retrans   3329 KB-cwnd
    2.6250 MB /   0.10 sec =  220.1988 Mbps     0 retrans   3329 KB-cwnd
    2.6875 MB /   0.10 sec =  225.4483 Mbps     0 retrans   3329 KB-cwnd
    2.7500 MB /   0.10 sec =  230.6060 Mbps     0 retrans   3329 KB-cwnd
    2.7500 MB /   0.10 sec =  230.7652 Mbps     0 retrans   3329 KB-cwnd
    2.3750 MB /   0.10 sec =  199.0324 Mbps     0 retrans   3329 KB-cwnd
    2.6250 MB /   0.10 sec =  220.2626 Mbps     0 retrans   3329 KB-cwnd
    2.6875 MB /   0.10 sec =  225.4438 Mbps     0 retrans   3329 KB-cwnd
    2.4375 MB /   0.10 sec =  204.5337 Mbps     0 retrans   3329 KB-cwnd
    2.2500 MB /   0.10 sec =  188.6776 Mbps     0 retrans   3329 KB-cwnd
    2.6875 MB /   0.10 sec =  225.4912 Mbps     0 retrans   3329 KB-cwnd
    2.5625 MB /   0.10 sec =  215.0764 Mbps     0 retrans   3329 KB-cwnd
    2.1250 MB /   0.10 sec =  178.2526 Mbps     0 retrans   3329 KB-cwnd
    2.3750 MB /   0.10 sec =  199.0821 Mbps     0 retrans   3329 KB-cwnd
    2.6250 MB /   0.10 sec =  220.3706 Mbps     0 retrans   3329 KB-cwnd
    2.2500 MB /   0.10 sec =  188.6003 Mbps     0 retrans   3329 KB-cwnd
    2.3125 MB /   0.10 sec =  194.1322 Mbps     0 retrans   3329 KB-cwnd
    2.4375 MB /   0.10 sec =  204.3293 Mbps     0 retrans   3329 KB-cwnd
    2.1875 MB /   0.10 sec =  183.6293 Mbps     0 retrans   3329 KB-cwnd
    2.0000 MB /   0.10 sec =  167.7722 Mbps     0 retrans   3329 KB-cwnd
    2.4375 MB /   0.10 sec =  204.3191 Mbps     0 retrans   3329 KB-cwnd
    2.6875 MB /   0.10 sec =  225.4483 Mbps     0 retrans   3329 KB-cwnd
    2.3750 MB /   0.10 sec =  199.2294 Mbps     0 retrans   3329 KB-cwnd
    2.6250 MB /   0.10 sec =  220.2054 Mbps     0 retrans   3329 KB-cwnd
    2.4375 MB /   0.10 sec =  204.6237 Mbps     0 retrans   3329 KB-cwnd
    2.6250 MB /   0.10 sec =  220.1922 Mbps     0 retrans   3329 KB-cwnd
    2.6875 MB /   0.10 sec =  225.4213 Mbps     0 retrans   3329 KB-cwnd
    2.1875 MB /   0.10 sec =  183.5192 Mbps     0 retrans   3329 KB-cwnd
    2.9375 MB /   0.10 sec =  246.4178 Mbps     0 retrans   3329 KB-cwnd
    2.4375 MB /   0.10 sec =  204.3313 Mbps     0 retrans   3329 KB-cwnd
    2.8750 MB /   0.10 sec =  241.3414 Mbps     0 retrans   3329 KB-cwnd
    2.3750 MB /   0.10 sec =  199.2274 Mbps     0 retrans   3329 KB-cwnd
    2.3125 MB /   0.10 sec =  193.9866 Mbps     0 retrans   3329 KB-cwnd
    2.4375 MB /   0.10 sec =  204.3293 Mbps     0 retrans   3329 KB-cwnd
    2.7500 MB /   0.10 sec =  230.7883 Mbps     0 retrans   3329 KB-cwnd
    2.6250 MB /   0.10 sec =  220.2560 Mbps     0 retrans   3329 KB-cwnd
    2.5625 MB /   0.10 sec =  214.9602 Mbps     0 retrans   3329 KB-cwnd
    2.5625 MB /   0.10 sec =  214.9581 Mbps     0 retrans   3329 KB-cwnd
    2.6875 MB /   0.10 sec =  225.4416 Mbps     0 retrans   3329 KB-cwnd
    2.4375 MB /   0.10 sec =  204.4744 Mbps     0 retrans   3329 KB-cwnd
    2.6250 MB /   0.10 sec =  220.2054 Mbps     0 retrans   3329 KB-cwnd
    2.6250 MB /   0.10 sec =  220.2164 Mbps     0 retrans   3329 KB-cwnd
    2.6250 MB /   0.10 sec =  220.0513 Mbps     0 retrans   3329 KB-cwnd
    2.5000 MB /   0.10 sec =  209.8411 Mbps     0 retrans   3329 KB-cwnd
    2.5000 MB /   0.10 sec =  209.7173 Mbps     0 retrans   3329 KB-cwnd
    2.3125 MB /   0.10 sec =  193.8489 Mbps     0 retrans   3329 KB-cwnd
    2.7500 MB /   0.10 sec =  230.8460 Mbps     0 retrans   3329 KB-cwnd
    2.8125 MB /   0.10 sec =  235.9343 Mbps     0 retrans   3329 KB-cwnd
    2.7500 MB /   0.10 sec =  230.6913 Mbps     0 retrans   3329 KB-cwnd
    2.8750 MB /   0.10 sec =  241.1652 Mbps     0 retrans   3329 KB-cwnd
    2.1250 MB /   0.10 sec =  178.2597 Mbps     0 retrans   3329 KB-cwnd
    2.5625 MB /   0.10 sec =  214.9581 Mbps     0 retrans   3329 KB-cwnd
    2.0625 MB /   0.10 sec =  172.8906 Mbps     0 retrans   3329 KB-cwnd
    2.6875 MB /   0.10 sec =  225.4416 Mbps     0 retrans   3329 KB-cwnd
    2.2500 MB /   0.10 sec =  188.8816 Mbps     0 retrans   3329 KB-cwnd
    2.3125 MB /   0.10 sec =  193.9866 Mbps     0 retrans   3329 KB-cwnd
    1.6875 MB /   0.10 sec =  141.5479 Mbps     0 retrans   3329 KB-cwnd
    2.8750 MB /   0.10 sec =  241.0182 Mbps     0 retrans   3329 KB-cwnd
    2.2500 MB /   0.10 sec =  188.7437 Mbps     0 retrans   3329 KB-cwnd
    2.1875 MB /   0.10 sec =  183.6330 Mbps     0 retrans   3329 KB-cwnd
    2.1875 MB /   0.10 sec =  183.4788 Mbps     0 retrans   3329 KB-cwnd
    1.9375 MB /   0.10 sec =  162.3831 Mbps     0 retrans   3329 KB-cwnd
    2.6250 MB /   0.10 sec =  220.4214 Mbps     0 retrans   3329 KB-cwnd
    2.6250 MB /   0.10 sec =  220.0425 Mbps     0 retrans   3329 KB-cwnd
    2.8125 MB /   0.10 sec =  236.0996 Mbps     0 retrans   3329 KB-cwnd
    2.3750 MB /   0.10 sec =  199.0921 Mbps     0 retrans   3329 KB-cwnd
    2.5000 MB /   0.10 sec =  209.7131 Mbps     0 retrans   3329 KB-cwnd
    2.1875 MB /   0.10 sec =  183.5026 Mbps     0 retrans   3329 KB-cwnd
    2.1875 MB /   0.10 sec =  183.6220 Mbps     0 retrans   3329 KB-cwnd
    1.7500 MB /   0.10 sec =  146.6936 Mbps     0 retrans   3329 KB-cwnd
    2.8750 MB /   0.10 sec =  241.1749 Mbps     0 retrans   3329 KB-cwnd
    2.3750 MB /   0.10 sec =  199.3790 Mbps     0 retrans   3329 KB-cwnd
    2.0000 MB /   0.10 sec =  167.6548 Mbps     0 retrans   3329 KB-cwnd
    2.2500 MB /   0.10 sec =  188.7305 Mbps     0 retrans   3329 KB-cwnd
    2.2500 MB /   0.10 sec =  188.7342 Mbps     0 retrans   3329 KB-cwnd
    2.6250 MB /   0.10 sec =  220.3861 Mbps     0 retrans   3329 KB-cwnd
    2.1250 MB /   0.10 sec =  178.2561 Mbps     0 retrans   3329 KB-cwnd
    2.1875 MB /   0.10 sec =  183.3706 Mbps     0 retrans   3329 KB-cwnd
    2.0625 MB /   0.10 sec =  173.0081 Mbps     0 retrans   3329 KB-cwnd
    2.6875 MB /   0.10 sec =  225.4574 Mbps     0 retrans   3329 KB-cwnd
    2.6250 MB /   0.10 sec =  220.1855 Mbps     0 retrans   3329 KB-cwnd
    2.2500 MB /   0.10 sec =  188.8853 Mbps     0 retrans   3329 KB-cwnd
    2.0000 MB /   0.10 sec =  167.6079 Mbps     0 retrans   3329 KB-cwnd
    2.7500 MB /   0.10 sec =  230.7536 Mbps     0 retrans   3329 KB-cwnd
    2.1250 MB /   0.10 sec =  178.3685 Mbps     0 retrans   3329 KB-cwnd
    1.8750 MB /   0.10 sec =  157.1795 Mbps     0 retrans   3329 KB-cwnd
    2.6250 MB /   0.10 sec =  220.2054 Mbps     0 retrans   3329 KB-cwnd
    2.7500 MB /   0.10 sec =  230.6959 Mbps     0 retrans   3329 KB-cwnd
    2.2500 MB /   0.10 sec =  188.8702 Mbps     0 retrans   3329 KB-cwnd
    2.0000 MB /   0.10 sec =  167.7755 Mbps     0 retrans   3329 KB-cwnd
    2.3125 MB /   0.10 sec =  193.8819 Mbps     0 retrans   3329 KB-cwnd
    2.5625 MB /   0.10 sec =  214.9215 Mbps     0 retrans   3329 KB-cwnd
    2.7500 MB /   0.10 sec =  230.8529 Mbps     0 retrans   3329 KB-cwnd
    2.4375 MB /   0.10 sec =  204.4621 Mbps     0 retrans   3329 KB-cwnd
    2.6875 MB /   0.10 sec =  225.4281 Mbps     0 retrans   3329 KB-cwnd
    2.6250 MB /   0.10 sec =  220.2296 Mbps     0 retrans   3329 KB-cwnd
    2.4375 MB /   0.10 sec =  204.4662 Mbps     0 retrans   3329 KB-cwnd
    2.4375 MB /   0.10 sec =  204.3191 Mbps     0 retrans   3329 KB-cwnd
    2.6875 MB /   0.10 sec =  225.6108 Mbps     0 retrans   3329 KB-cwnd
    2.5000 MB /   0.10 sec =  209.5748 Mbps     0 retrans   3329 KB-cwnd
    1.5625 MB /   0.10 sec =  131.1625 Mbps     0 retrans   3329 KB-cwnd
    2.5000 MB /   0.10 sec =  209.7152 Mbps     0 retrans   3329 KB-cwnd
    2.4375 MB /   0.10 sec =  204.4519 Mbps     0 retrans   3329 KB-cwnd
    2.3750 MB /   0.10 sec =  199.2314 Mbps     0 retrans   3329 KB-cwnd
    2.5625 MB /   0.10 sec =  214.9968 Mbps     0 retrans   3329 KB-cwnd
    1.8125 MB /   0.10 sec =  151.9250 Mbps     0 retrans   3329 KB-cwnd
    2.8750 MB /   0.10 sec =  241.3269 Mbps     0 retrans   3329 KB-cwnd
    2.1875 MB /   0.10 sec =  183.3834 Mbps     0 retrans   3329 KB-cwnd
    2.3125 MB /   0.10 sec =  194.1147 Mbps     0 retrans   3329 KB-cwnd
    2.4375 MB /   0.10 sec =  204.4744 Mbps     0 retrans   3329 KB-cwnd
    1.1250 MB /   0.10 sec =   94.3058 Mbps     0 retrans   3329 KB-cwnd
    3.1875 MB /   0.10 sec =  267.3922 Mbps     0 retrans   3329 KB-cwnd
    2.5000 MB /   0.10 sec =  209.8642 Mbps     0 retrans   3329 KB-cwnd
    2.0625 MB /   0.10 sec =  172.8923 Mbps     0 retrans   3329 KB-cwnd
    2.1250 MB /   0.10 sec =  178.2561 Mbps     0 retrans   3329 KB-cwnd
    2.3125 MB /   0.10 sec =  193.9885 Mbps     0 retrans   3329 KB-cwnd
    2.1250 MB /   0.10 sec =  178.2579 Mbps     0 retrans   3329 KB-cwnd
    2.5625 MB /   0.10 sec =  215.0979 Mbps     0 retrans   3329 KB-cwnd
    2.5000 MB /   0.10 sec =  209.5162 Mbps     0 retrans   3329 KB-cwnd
    2.2500 MB /   0.10 sec =  188.9042 Mbps     0 retrans   3329 KB-cwnd
    2.1250 MB /   0.10 sec =  178.2775 Mbps     0 retrans   3329 KB-cwnd
    2.3125 MB /   0.10 sec =  193.9827 Mbps     0 retrans   3329 KB-cwnd
    2.3750 MB /   0.10 sec =  199.2354 Mbps     0 retrans   3329 KB-cwnd
    2.8750 MB /   0.10 sec =  241.1773 Mbps     0 retrans   3329 KB-cwnd
    2.5000 MB /   0.10 sec =  209.4053 Mbps     0 retrans   3329 KB-cwnd
    2.8750 MB /   0.10 sec =  241.5324 Mbps     0 retrans   3329 KB-cwnd
    2.4375 MB /   0.10 sec =  204.4723 Mbps     0 retrans   3329 KB-cwnd
    2.6875 MB /   0.10 sec =  225.4461 Mbps     0 retrans   3329 KB-cwnd
    2.3125 MB /   0.10 sec =  193.9904 Mbps     0 retrans   3329 KB-cwnd
    2.1875 MB /   0.10 sec =  183.3157 Mbps     0 retrans   3329 KB-cwnd
    2.1875 MB /   0.10 sec =  183.6808 Mbps     0 retrans   3329 KB-cwnd
    2.1875 MB /   0.10 sec =  183.4990 Mbps     0 retrans   3329 KB-cwnd
    2.8125 MB /   0.10 sec =  235.9272 Mbps     0 retrans   3329 KB-cwnd
    2.3750 MB /   0.10 sec =  199.0901 Mbps     0 retrans   3329 KB-cwnd
    2.9375 MB /   0.10 sec =  246.5855 Mbps     0 retrans   3329 KB-cwnd
    2.1875 MB /   0.10 sec =  183.3743 Mbps     0 retrans   3329 KB-cwnd
    2.5000 MB /   0.10 sec =  209.8684 Mbps     0 retrans   3329 KB-cwnd
    3.0000 MB /   0.10 sec =  251.4797 Mbps     0 retrans   3329 KB-cwnd
    2.3750 MB /   0.10 sec =  199.3670 Mbps     0 retrans   3329 KB-cwnd
    2.5000 MB /   0.10 sec =  209.5748 Mbps     0 retrans   3329 KB-cwnd
    2.5625 MB /   0.10 sec =  215.0914 Mbps     0 retrans   3329 KB-cwnd
    2.3750 MB /   0.10 sec =  199.2394 Mbps     0 retrans   3329 KB-cwnd
    2.9375 MB /   0.10 sec =  246.4178 Mbps     0 retrans   3329 KB-cwnd
    1.6250 MB /   0.10 sec =  136.2182 Mbps     0 retrans   3329 KB-cwnd
    2.6250 MB /   0.10 sec =  220.3574 Mbps     0 retrans   3329 KB-cwnd
    2.3750 MB /   0.10 sec =  199.1856 Mbps     0 retrans   3329 KB-cwnd
    2.5000 MB /   0.10 sec =  209.7634 Mbps     0 retrans   3329 KB-cwnd
    2.6250 MB /   0.10 sec =  220.1966 Mbps     0 retrans   3329 KB-cwnd
    2.8750 MB /   0.10 sec =  241.1725 Mbps     0 retrans   3329 KB-cwnd
    2.3125 MB /   0.10 sec =  193.8528 Mbps     0 retrans   3329 KB-cwnd
nuttcp-t: 809.2747 MB in 30.00 real seconds = 27623.12 KB/sec = 226.2886 Mbps
nuttcp-t: retrans = 0 cwnd = 3329 KB
nuttcp-t: 12949 I/O calls, msec/call = 2.37, calls/sec = 431.63
nuttcp-t: 0.0user 0.3sys 0:30real 1% 0i+0d 1270maxrss 0+1pf 74+13csw

nuttcp-r: 809.2747 MB in 31.03 real seconds = 26704.49 KB/sec = 218.7632 Mbps
nuttcp-r: 144584 I/O calls, msec/call = 0.22, calls/sec = 4659.17
nuttcp-r: 0.1user 1.0sys 0:31real 3% 0i+0d 92maxrss 0+14pf 125289+37csw
