nuttcp-r: v8.1.4: socket
nuttcp-r: buflen=65536, nstream=1, port=5001 tcp
nuttcp-r: interval reporting every 0.10 seconds
nuttcp-r: connect to 155.146.118.158 with RTT=22.904 ms af=inet
nuttcp-r: send window size = 524288, receive window size = 52428800
nuttcp-r: available send window = 393216, available receive window = 39321600
    0.0000 MB /   0.10 sec =    0.0000 Mbps    -1 retrans
    0.1250 MB /   0.10 sec =   10.4843 Mbps     1 retrans
    0.1875 MB /   0.10 sec =   15.7308 Mbps     0 retrans
    0.1250 MB /   0.10 sec =   10.4740 Mbps     0 retrans
    0.2500 MB /   0.10 sec =   20.9938 Mbps     0 retrans
    0.1875 MB /   0.10 sec =   15.7351 Mbps     0 retrans
    0.1875 MB /   0.10 sec =   15.7228 Mbps     0 retrans
    0.0625 MB /   0.10 sec =    5.2434 Mbps     0 retrans
    0.1875 MB /   0.10 sec =   15.7197 Mbps     0 retrans
    0.1875 MB /   0.10 sec =   15.7209 Mbps     0 retrans
    0.1875 MB /   0.10 sec =   15.7387 Mbps     0 retrans
    0.1875 MB /   0.10 sec =   15.7334 Mbps     0 retrans
    0.3750 MB /   0.10 sec =   31.4302 Mbps     0 retrans
    0.3125 MB /   0.10 sec =   26.2341 Mbps     0 retrans
    0.3125 MB /   0.10 sec =   26.2275 Mbps     0 retrans
    0.3125 MB /   0.10 sec =   26.2044 Mbps     0 retrans
    0.3125 MB /   0.10 sec =   26.2236 Mbps     0 retrans
    0.0000 MB /   0.10 sec =    0.0000 Mbps     0 retrans
    0.2500 MB /   0.10 sec =   20.9487 Mbps     0 retrans
    1.3125 MB /   0.10 sec =  110.3764 Mbps     0 retrans
    1.1875 MB /   0.10 sec =   99.6207 Mbps     0 retrans
    0.9375 MB /   0.10 sec =   78.6550 Mbps     0 retrans
    1.1875 MB /   0.10 sec =   99.6068 Mbps     0 retrans
    1.1250 MB /   0.10 sec =   94.3633 Mbps     0 retrans
    1.0625 MB /   0.10 sec =   89.1236 Mbps     0 retrans
    1.3750 MB /   0.10 sec =  115.3491 Mbps     0 retrans
    1.2500 MB /   0.10 sec =  104.8660 Mbps     0 retrans
    1.1875 MB /   0.10 sec =   99.6038 Mbps     0 retrans
    1.3750 MB /   0.10 sec =  115.3226 Mbps     0 retrans
    1.3750 MB /   0.10 sec =  115.3284 Mbps     0 retrans
    1.4375 MB /   0.10 sec =  120.6140 Mbps     0 retrans
    1.4375 MB /   0.10 sec =  120.5935 Mbps     0 retrans
    1.5625 MB /   0.10 sec =  131.0301 Mbps     0 retrans
    1.6250 MB /   0.10 sec =  136.2781 Mbps     0 retrans
    1.5625 MB /   0.10 sec =  131.1520 Mbps     0 retrans
    1.3750 MB /   0.10 sec =  115.3699 Mbps     0 retrans
    1.6875 MB /   0.10 sec =  141.5012 Mbps     0 retrans
    1.6875 MB /   0.10 sec =  141.5606 Mbps     0 retrans
    1.6875 MB /   0.10 sec =  141.6002 Mbps     0 retrans
    1.8750 MB /   0.10 sec =  157.2864 Mbps     0 retrans
    1.5625 MB /   0.10 sec =  131.0589 Mbps     0 retrans
    2.0625 MB /   0.10 sec =  173.0202 Mbps     0 retrans
    1.9375 MB /   0.10 sec =  162.5439 Mbps     0 retrans
    1.8750 MB /   0.10 sec =  157.2833 Mbps     0 retrans
    1.8750 MB /   0.10 sec =  157.2817 Mbps     0 retrans
    1.8750 MB /   0.10 sec =  156.1636 Mbps     0 retrans
    2.0625 MB /   0.10 sec =  174.3031 Mbps     0 retrans
    2.3750 MB /   0.10 sec =  199.1657 Mbps     0 retrans
    2.1875 MB /   0.10 sec =  183.4843 Mbps     0 retrans
    2.3750 MB /   0.10 sec =  197.9959 Mbps     0 retrans
    2.5625 MB /   0.10 sec =  216.3949 Mbps     0 retrans
    2.5000 MB /   0.10 sec =  209.0817 Mbps     0 retrans
    2.3125 MB /   0.10 sec =  194.5059 Mbps     0 retrans
    2.3750 MB /   0.10 sec =  199.1916 Mbps     0 retrans
    2.5000 MB /   0.10 sec =  209.7404 Mbps     0 retrans
    2.1875 MB /   0.10 sec =  183.4623 Mbps     0 retrans
    2.5625 MB /   0.10 sec =  215.0161 Mbps     0 retrans
    2.3125 MB /   0.10 sec =  193.9827 Mbps     0 retrans
    2.3125 MB /   0.10 sec =  194.0137 Mbps     0 retrans
    2.3750 MB /   0.10 sec =  199.2195 Mbps     0 retrans
    2.4375 MB /   0.10 sec =  204.3211 Mbps     0 retrans
    2.7500 MB /   0.10 sec =  230.8252 Mbps     0 retrans
    2.8750 MB /   0.10 sec =  241.1218 Mbps     0 retrans
    3.0000 MB /   0.10 sec =  251.6658 Mbps     0 retrans
    2.5625 MB /   0.10 sec =  214.9968 Mbps     0 retrans
    2.9375 MB /   0.10 sec =  246.3612 Mbps     0 retrans
    2.8125 MB /   0.10 sec =  235.9862 Mbps     0 retrans
    3.1875 MB /   0.10 sec =  267.4270 Mbps     0 retrans
    2.8125 MB /   0.10 sec =  235.8612 Mbps     0 retrans
    2.0000 MB /   0.10 sec =  167.7772 Mbps     0 retrans
    2.9375 MB /   0.10 sec =  246.4671 Mbps     0 retrans
    2.9375 MB /   0.10 sec =  246.4080 Mbps     0 retrans
    3.5625 MB /   0.10 sec =  298.9189 Mbps     0 retrans
    3.0625 MB /   0.10 sec =  256.9011 Mbps     0 retrans
    3.3125 MB /   0.10 sec =  277.8560 Mbps     0 retrans
    3.3125 MB /   0.10 sec =  277.8893 Mbps     0 retrans
    3.3750 MB /   0.10 sec =  283.0787 Mbps     0 retrans
    3.5000 MB /   0.10 sec =  293.6453 Mbps     0 retrans
    3.5625 MB /   0.10 sec =  298.7545 Mbps     0 retrans
    3.8125 MB /   0.10 sec =  319.8605 Mbps     0 retrans
    3.4375 MB /   0.10 sec =  288.3036 Mbps     0 retrans
    3.8750 MB /   0.10 sec =  324.5911 Mbps     0 retrans
    3.7500 MB /   0.10 sec =  315.0643 Mbps     0 retrans
    3.4375 MB /   0.10 sec =  288.3728 Mbps     0 retrans
    3.7500 MB /   0.10 sec =  314.5822 Mbps     0 retrans
    3.7500 MB /   0.10 sec =  314.5634 Mbps     0 retrans
    3.8750 MB /   0.10 sec =  324.8961 Mbps     0 retrans
    3.9375 MB /   0.10 sec =  330.4072 Mbps     0 retrans
    3.8125 MB /   0.10 sec =  319.4324 Mbps     0 retrans
    3.8750 MB /   0.10 sec =  325.4980 Mbps     0 retrans
    3.6250 MB /   0.10 sec =  303.5134 Mbps     0 retrans
    4.2500 MB /   0.10 sec =  357.1122 Mbps     0 retrans
    4.0625 MB /   0.10 sec =  340.9372 Mbps     0 retrans
    4.0000 MB /   0.10 sec =  335.5275 Mbps     0 retrans
    3.8125 MB /   0.10 sec =  319.5185 Mbps     0 retrans
    4.1875 MB /   0.10 sec =  351.5366 Mbps     0 retrans
    4.5625 MB /   0.10 sec =  382.7379 Mbps     0 retrans
    4.1875 MB /   0.10 sec =  351.3116 Mbps     0 retrans
    4.1875 MB /   0.10 sec =  351.0623 Mbps     0 retrans
    4.3750 MB /   0.10 sec =  366.7156 Mbps     0 retrans
    4.5000 MB /   0.10 sec =  377.9863 Mbps     0 retrans
    4.3750 MB /   0.10 sec =  366.9135 Mbps     0 retrans
    4.1875 MB /   0.10 sec =  351.2624 Mbps     0 retrans
    4.3125 MB /   0.10 sec =  361.7949 Mbps     0 retrans
    4.2500 MB /   0.10 sec =  356.5515 Mbps     0 retrans
    4.5000 MB /   0.10 sec =  377.3591 Mbps     0 retrans
    4.5625 MB /   0.10 sec =  382.9255 Mbps     0 retrans
    4.3750 MB /   0.10 sec =  366.8952 Mbps     0 retrans
    4.5000 MB /   0.10 sec =  377.4685 Mbps     0 retrans
    4.1250 MB /   0.10 sec =  345.9920 Mbps     0 retrans
    4.8750 MB /   0.10 sec =  409.1206 Mbps     0 retrans
    4.3750 MB /   0.10 sec =  366.8622 Mbps     0 retrans
    4.9375 MB /   0.10 sec =  414.2952 Mbps     0 retrans
    4.8125 MB /   0.10 sec =  403.6412 Mbps     0 retrans
    4.8125 MB /   0.10 sec =  403.6331 Mbps     0 retrans
    5.0000 MB /   0.10 sec =  419.5143 Mbps     0 retrans
    4.9375 MB /   0.10 sec =  414.2082 Mbps     0 retrans
    4.8750 MB /   0.10 sec =  408.8997 Mbps     0 retrans
    5.6250 MB /   0.10 sec =  471.9819 Mbps     0 retrans
    5.1250 MB /   0.10 sec =  429.8775 Mbps     0 retrans
    5.1875 MB /   0.10 sec =  435.1199 Mbps     0 retrans
    5.0000 MB /   0.10 sec =  419.5185 Mbps     0 retrans
    5.3125 MB /   0.10 sec =  445.5067 Mbps     0 retrans
    4.3125 MB /   0.10 sec =  361.7949 Mbps     0 retrans
    4.9375 MB /   0.10 sec =  414.1834 Mbps     0 retrans
    5.6250 MB /   0.10 sec =  471.8309 Mbps     0 retrans
    5.3125 MB /   0.10 sec =  445.7473 Mbps     0 retrans
    4.9375 MB /   0.10 sec =  414.0592 Mbps     0 retrans
    5.1250 MB /   0.10 sec =  430.0151 Mbps     0 retrans
    5.1875 MB /   0.10 sec =  435.0590 Mbps     0 retrans
    5.2500 MB /   0.10 sec =  440.4548 Mbps     0 retrans
    5.6250 MB /   0.10 sec =  471.9441 Mbps     0 retrans
    5.4375 MB /   0.10 sec =  456.0166 Mbps     0 retrans
    5.6875 MB /   0.10 sec =  477.2548 Mbps     0 retrans
    5.7500 MB /   0.10 sec =  482.2148 Mbps     0 retrans
    5.9375 MB /   0.10 sec =  498.1981 Mbps     0 retrans
    5.7500 MB /   0.10 sec =  482.2823 Mbps     0 retrans
    6.0000 MB /   0.10 sec =  503.3265 Mbps     0 retrans
    6.4375 MB /   0.10 sec =  539.9410 Mbps     0 retrans
    5.1250 MB /   0.10 sec =  429.9678 Mbps     0 retrans
    6.0000 MB /   0.10 sec =  501.7860 Mbps     0 retrans
    5.9375 MB /   0.10 sec =  499.5823 Mbps     0 retrans
    5.6875 MB /   0.10 sec =  477.0925 Mbps     0 retrans
    6.0625 MB /   0.10 sec =  508.5136 Mbps     0 retrans
    6.3125 MB /   0.10 sec =  529.5944 Mbps     0 retrans
    5.8125 MB /   0.10 sec =  487.6951 Mbps     0 retrans
    5.9375 MB /   0.10 sec =  498.0238 Mbps     0 retrans
    5.6250 MB /   0.10 sec =  471.8639 Mbps     0 retrans
    6.3125 MB /   0.10 sec =  529.5203 Mbps     0 retrans
    6.1250 MB /   0.10 sec =  513.6841 Mbps     0 retrans
    6.2500 MB /   0.10 sec =  524.2932 Mbps     0 retrans
    6.6875 MB /   0.10 sec =  560.9433 Mbps     0 retrans
    7.1875 MB /   0.10 sec =  603.1483 Mbps     0 retrans
    6.9375 MB /   0.10 sec =  581.8433 Mbps     0 retrans
    5.8125 MB /   0.10 sec =  487.3734 Mbps     0 retrans
    6.6875 MB /   0.10 sec =  561.1509 Mbps     0 retrans
    7.3125 MB /   0.10 sec =  613.4170 Mbps     0 retrans
    7.1875 MB /   0.10 sec =  601.9801 Mbps     0 retrans
    8.0000 MB /   0.10 sec =  672.1372 Mbps     0 retrans
    7.6250 MB /   0.10 sec =  639.2159 Mbps     0 retrans
    8.6875 MB /   0.10 sec =  729.1541 Mbps     0 retrans
    1.0000 MB /   0.10 sec =   83.8467 Mbps     0 retrans
    0.0000 MB /   0.10 sec =    0.0000 Mbps     0 retrans
    0.0000 MB /   0.10 sec =    0.0000 Mbps     0 retrans
    0.0000 MB /   0.10 sec =    0.0000 Mbps     0 retrans
    0.0000 MB /   0.10 sec =    0.0000 Mbps     0 retrans
    0.0000 MB /   0.10 sec =    0.0000 Mbps     0 retrans
    0.0625 MB /   0.10 sec =    5.2440 Mbps     0 retrans
    0.2500 MB /   0.10 sec =   20.9768 Mbps     0 retrans
    0.1250 MB /   0.10 sec =   10.4828 Mbps     0 retrans
    0.0000 MB /   0.10 sec =    0.0000 Mbps     0 retrans
    0.0000 MB /   0.10 sec =    0.0000 Mbps     0 retrans
    0.0000 MB /   0.10 sec =    0.0000 Mbps     0 retrans
    0.0000 MB /   0.10 sec =    0.0000 Mbps     0 retrans
    0.0000 MB /   0.10 sec =    0.0000 Mbps     0 retrans
    0.0000 MB /   0.10 sec =    0.0000 Mbps     0 retrans
    0.0000 MB /   0.10 sec =    0.0000 Mbps     0 retrans
    0.0000 MB /   0.10 sec =    0.0000 Mbps     0 retrans
    0.0000 MB /   0.10 sec =    0.0000 Mbps     0 retrans
    0.0000 MB /   0.10 sec =    0.0000 Mbps     0 retrans
    0.0000 MB /   0.10 sec =    0.0000 Mbps     0 retrans
    0.0000 MB /   0.10 sec =    0.0000 Mbps     0 retrans
    0.0000 MB /   0.10 sec =    0.0000 Mbps     0 retrans
    0.0000 MB /   0.10 sec =    0.0000 Mbps     0 retrans
    0.0000 MB /   0.10 sec =    0.0000 Mbps     0 retrans
    0.0000 MB /   0.10 sec =    0.0000 Mbps     0 retrans
    0.0000 MB /   0.10 sec =    0.0000 Mbps     0 retrans
    0.0000 MB /   0.10 sec =    0.0000 Mbps     0 retrans
    0.0000 MB /   0.10 sec =    0.0000 Mbps     0 retrans
    0.0000 MB /   0.10 sec =    0.0000 Mbps     0 retrans
    0.0000 MB /   0.10 sec =    0.0000 Mbps     0 retrans
    0.0000 MB /   0.10 sec =    0.0000 Mbps     0 retrans
    0.0000 MB /   0.10 sec =    0.0000 Mbps     0 retrans
    0.0000 MB /   0.10 sec =    0.0000 Mbps     0 retrans
    0.0000 MB /   0.10 sec =    0.0000 Mbps     0 retrans
    0.0000 MB /   0.10 sec =    0.0000 Mbps     0 retrans
    0.0000 MB /   0.10 sec =    0.0000 Mbps     0 retrans
    0.0000 MB /   0.10 sec =    0.0000 Mbps     0 retrans
    0.0000 MB /   0.10 sec =    0.0000 Mbps     0 retrans
    0.0000 MB /   0.10 sec =    0.0000 Mbps     0 retrans
    0.0000 MB /   0.10 sec =    0.0000 Mbps     0 retrans
    0.0000 MB /   0.10 sec =    0.0000 Mbps     0 retrans
    0.0000 MB /   0.10 sec =    0.0000 Mbps     0 retrans
    0.0000 MB /   0.10 sec =    0.0000 Mbps     0 retrans
    0.0000 MB /   0.10 sec =    0.0000 Mbps     0 retrans
    0.0000 MB /   0.10 sec =    0.0000 Mbps     0 retrans
    0.0000 MB /   0.10 sec =    0.0000 Mbps     0 retrans
    0.0000 MB /   0.10 sec =    0.0000 Mbps     0 retrans
    0.0000 MB /   0.10 sec =    0.0000 Mbps     0 retrans
    0.0000 MB /   0.10 sec =    0.0000 Mbps     0 retrans
    0.0000 MB /   0.10 sec =    0.0000 Mbps     0 retrans
    0.0000 MB /   0.10 sec =    0.0000 Mbps     0 retrans
    0.0000 MB /   0.10 sec =    0.0000 Mbps     0 retrans
    0.0000 MB /   0.10 sec =    0.0000 Mbps     0 retrans
    0.0000 MB /   0.10 sec =    0.0000 Mbps     0 retrans
    0.0000 MB /   0.10 sec =    0.0000 Mbps     0 retrans
    0.0000 MB /   0.10 sec =    0.0000 Mbps     0 retrans
    0.0000 MB /   0.10 sec =    0.0000 Mbps     0 retrans
    0.0000 MB /   0.10 sec =    0.0000 Mbps     0 retrans
    0.0000 MB /   0.10 sec =    0.0000 Mbps     0 retrans
    0.0000 MB /   0.10 sec =    0.0000 Mbps     0 retrans
    0.0000 MB /   0.10 sec =    0.0000 Mbps     0 retrans
    0.0000 MB /   0.10 sec =    0.0000 Mbps     0 retrans
    0.0000 MB /   0.10 sec =    0.0000 Mbps     0 retrans
    0.0000 MB /   0.10 sec =    0.0000 Mbps     0 retrans
    0.0000 MB /   0.10 sec =    0.0000 Mbps     0 retrans
    0.0000 MB /   0.10 sec =    0.0000 Mbps     0 retrans
    0.0000 MB /   0.10 sec =    0.0000 Mbps     0 retrans
    0.0000 MB /   0.10 sec =    0.0000 Mbps     0 retrans
    0.0000 MB /   0.10 sec =    0.0000 Mbps     0 retrans
    0.0000 MB /   0.10 sec =    0.0000 Mbps     0 retrans
    0.0000 MB /   0.10 sec =    0.0000 Mbps     0 retrans
    0.0000 MB /   0.10 sec =    0.0000 Mbps     0 retrans
    0.0000 MB /   0.10 sec =    0.0000 Mbps     0 retrans
    0.0000 MB /   0.10 sec =    0.0000 Mbps     0 retrans
    0.0000 MB /   0.10 sec =    0.0000 Mbps     0 retrans
    0.0000 MB /   0.10 sec =    0.0000 Mbps     0 retrans
    0.0000 MB /   0.10 sec =    0.0000 Mbps     0 retrans
    0.0000 MB /   0.10 sec =    0.0000 Mbps     0 retrans
    0.0000 MB /   0.10 sec =    0.0000 Mbps     0 retrans
    0.0000 MB /   0.10 sec =    0.0000 Mbps     0 retrans
    0.0000 MB /   0.10 sec =    0.0000 Mbps     0 retrans
    0.0000 MB /   0.10 sec =    0.0000 Mbps     0 retrans
    0.0000 MB /   0.10 sec =    0.0000 Mbps     0 retrans
    0.0000 MB /   0.10 sec =    0.0000 Mbps     0 retrans
    0.0000 MB /   0.10 sec =    0.0000 Mbps     0 retrans
    0.0000 MB /   0.10 sec =    0.0000 Mbps     0 retrans
    0.0000 MB /   0.10 sec =    0.0000 Mbps     0 retrans
    0.0000 MB /   0.10 sec =    0.0000 Mbps     0 retrans
    0.0000 MB /   0.10 sec =    0.0000 Mbps     0 retrans
    0.0000 MB /   0.10 sec =    0.0000 Mbps     0 retrans
    0.0000 MB /   0.10 sec =    0.0000 Mbps     0 retrans
    0.0000 MB /   0.10 sec =    0.0000 Mbps     0 retrans
    0.0000 MB /   0.10 sec =    0.0000 Mbps     0 retrans
    0.0000 MB /   0.10 sec =    0.0000 Mbps     0 retrans
    0.0000 MB /   0.10 sec =    0.0000 Mbps     0 retrans
    0.0000 MB /   0.10 sec =    0.0000 Mbps     0 retrans
    0.0000 MB /   0.10 sec =    0.0000 Mbps     0 retrans
    0.0000 MB /   0.10 sec =    0.0000 Mbps     0 retrans
    0.0000 MB /   0.10 sec =    0.0000 Mbps     0 retrans
    0.0000 MB /   0.10 sec =    0.0000 Mbps     0 retrans
    0.0000 MB /   0.10 sec =    0.0000 Mbps     0 retrans
    0.0000 MB /   0.10 sec =    0.0000 Mbps     0 retrans
    0.0000 MB /   0.10 sec =    0.0000 Mbps     0 retrans
    0.0000 MB /   0.10 sec =    0.0000 Mbps     0 retrans
    0.0000 MB /   0.10 sec =    0.0000 Mbps     0 retrans
    0.0000 MB /   0.10 sec =    0.0000 Mbps     0 retrans
    0.0000 MB /   0.10 sec =    0.0000 Mbps     0 retrans
    0.0000 MB /   0.10 sec =    0.0000 Mbps     0 retrans
    0.0000 MB /   0.10 sec =    0.0000 Mbps     0 retrans
    0.0000 MB /   0.10 sec =    0.0000 Mbps     0 retrans
    0.0000 MB /   0.10 sec =    0.0000 Mbps     0 retrans
    0.0000 MB /   0.10 sec =    0.0000 Mbps     0 retrans
    0.0000 MB /   0.10 sec =    0.0000 Mbps     0 retrans
    0.0000 MB /   0.10 sec =    0.0000 Mbps     0 retrans
    0.0000 MB /   0.10 sec =    0.0000 Mbps     0 retrans
    0.0000 MB /   0.10 sec =    0.0000 Mbps     0 retrans
    0.0000 MB /   0.10 sec =    0.0000 Mbps     0 retrans
    0.0000 MB /   0.10 sec =    0.0000 Mbps     0 retrans
    0.0000 MB /   0.10 sec =    0.0000 Mbps     0 retrans
    0.0000 MB /   0.10 sec =    0.0000 Mbps     0 retrans
    0.0000 MB /   0.10 sec =    0.0000 Mbps     0 retrans
    0.0000 MB /   0.10 sec =    0.0000 Mbps     0 retrans
    0.0000 MB /   0.10 sec =    0.0000 Mbps     0 retrans
    0.0000 MB /   0.10 sec =    0.0000 Mbps     0 retrans
    0.0000 MB /   0.10 sec =    0.0000 Mbps     0 retrans
    0.0000 MB /   0.10 sec =    0.0000 Mbps     0 retrans
    0.0000 MB /   0.10 sec =    0.0000 Mbps     0 retrans
    0.0000 MB /   0.10 sec =    0.0000 Mbps     0 retrans
    0.0000 MB /   0.10 sec =    0.0000 Mbps     0 retrans
    0.0000 MB /   0.10 sec =    0.0000 Mbps     0 retrans
    0.0000 MB /   0.10 sec =    0.0000 Mbps     0 retrans
    0.0000 MB /   0.10 sec =    0.0000 Mbps     0 retrans
    0.0000 MB /   0.10 sec =    0.0000 Mbps     0 retrans
    0.0000 MB /   0.10 sec =    0.0000 Mbps     0 retrans
    0.0000 MB /   0.10 sec =    0.0000 Mbps     0 retrans
    0.0000 MB /   0.10 sec =    0.0000 Mbps     0 retrans
    0.0000 MB /   0.10 sec =    0.0000 Mbps     0 retrans
    0.0000 MB /   0.10 sec =    0.0000 Mbps     0 retrans
    0.0000 MB /   0.10 sec =    0.0000 Mbps     0 retrans
    0.0000 MB /   0.10 sec =    0.0000 Mbps     0 retrans
    0.0000 MB /   0.10 sec =    0.0000 Mbps     0 retrans
    0.0000 MB /   0.10 sec =    0.0000 Mbps     0 retrans
    0.0000 MB /   0.10 sec =    0.0000 Mbps     0 retrans
    0.0000 MB /   0.10 sec =    0.0000 Mbps     0 retrans
    0.0000 MB /   0.10 sec =    0.0000 Mbps     0 retrans
    0.0000 MB /   0.10 sec =    0.0000 Mbps     0 retrans
    0.0000 MB /   0.10 sec =    0.0000 Mbps     0 retrans
    0.0000 MB /   0.10 sec =    0.0000 Mbps     0 retrans
    0.0000 MB /   0.10 sec =    0.0000 Mbps     0 retrans
    0.0000 MB /   0.10 sec =    0.0000 Mbps     0 retrans
    0.0000 MB /   0.10 sec =    0.0000 Mbps     0 retrans
    0.0000 MB /   0.10 sec =    0.0000 Mbps     0 retrans
    0.0000 MB /   0.10 sec =    0.0000 Mbps     0 retrans
    0.0000 MB /   0.10 sec =    0.0000 Mbps     0 retrans
    0.0000 MB /   0.10 sec =    0.0000 Mbps     0 retrans
    0.0000 MB /   0.10 sec =    0.0000 Mbps     0 retrans
    0.0000 MB /   0.10 sec =    0.0000 Mbps     0 retrans
    0.0000 MB /   0.10 sec =    0.0000 Mbps     0 retrans
    0.0000 MB /   0.10 sec =    0.0000 Mbps     0 retrans
    0.0000 MB /   0.10 sec =    0.0000 Mbps     0 retrans
    0.0000 MB /   0.10 sec =    0.0000 Mbps     0 retrans
    0.0000 MB /   0.10 sec =    0.0000 Mbps     0 retrans
    0.0000 MB /   0.10 sec =    0.0000 Mbps     0 retrans
    0.0000 MB /   0.10 sec =    0.0000 Mbps     0 retrans
    0.0000 MB /   0.10 sec =    0.0000 Mbps     0 retrans
    0.0000 MB /   0.10 sec =    0.0000 Mbps     0 retrans
    0.0000 MB /   0.10 sec =    0.0000 Mbps     0 retrans
    0.0000 MB /   0.10 sec =    0.0000 Mbps     0 retrans
    0.0000 MB /   0.10 sec =    0.0000 Mbps     0 retrans
    0.0000 MB /   0.10 sec =    0.0000 Mbps     0 retrans
    0.0000 MB /   0.10 sec =    0.0000 Mbps     0 retrans
    0.0000 MB /   0.10 sec =    0.0000 Mbps     0 retrans
    0.0000 MB /   0.10 sec =    0.0000 Mbps     0 retrans
    0.0000 MB /   0.10 sec =    0.0000 Mbps     0 retrans
    0.0000 MB /   0.10 sec =    0.0000 Mbps     0 retrans
    0.0000 MB /   0.10 sec =    0.0000 Mbps     0 retrans
    0.0000 MB /   0.10 sec =    0.0000 Mbps     0 retrans
    0.0000 MB /   0.10 sec =    0.0000 Mbps     0 retrans
    0.0000 MB /   0.10 sec =    0.0000 Mbps     0 retrans
    0.0000 MB /   0.10 sec =    0.0000 Mbps     0 retrans
    0.0000 MB /   0.10 sec =    0.0000 Mbps     0 retrans
    0.0000 MB /   0.10 sec =    0.0000 Mbps     0 retrans
    0.0000 MB /   0.10 sec =    0.0000 Mbps     0 retrans
    0.0000 MB /   0.10 sec =    0.0000 Mbps     0 retrans
    0.0000 MB /   0.10 sec =    0.0000 Mbps     0 retrans
    0.0000 MB /   0.10 sec =    0.0000 Mbps     0 retrans
    0.0000 MB /   0.10 sec =    0.0000 Mbps     0 retrans
    0.0000 MB /   0.10 sec =    0.0000 Mbps     0 retrans
    0.0000 MB /   0.10 sec =    0.0000 Mbps     0 retrans
    0.0000 MB /   0.10 sec =    0.0000 Mbps     0 retrans
    0.0000 MB /   0.10 sec =    0.0000 Mbps     0 retrans
    0.0000 MB /   0.10 sec =    0.0000 Mbps     0 retrans
    0.0000 MB /   0.10 sec =    0.0000 Mbps     0 retrans
    0.0000 MB /   0.10 sec =    0.0000 Mbps     0 retrans
    0.0000 MB /   0.10 sec =    0.0000 Mbps     0 retrans
    0.0000 MB /   0.10 sec =    0.0000 Mbps     0 retrans
    0.0000 MB /   0.10 sec =    0.0000 Mbps     0 retrans
    0.0000 MB /   0.10 sec =    0.0000 Mbps     0 retrans
    0.0000 MB /   0.10 sec =    0.0000 Mbps     0 retrans
    0.0000 MB /   0.10 sec =    0.0000 Mbps     0 retrans
    0.0000 MB /   0.10 sec =    0.0000 Mbps     0 retrans
    0.0000 MB /   0.10 sec =    0.0000 Mbps     0 retrans
    0.0000 MB /   0.10 sec =    0.0000 Mbps     0 retrans
    0.0000 MB /   0.10 sec =    0.0000 Mbps     0 retrans
    0.0000 MB /   0.10 sec =    0.0000 Mbps     0 retrans
    0.0000 MB /   0.10 sec =    0.0000 Mbps     0 retrans
    0.0000 MB /   0.10 sec =    0.0000 Mbps     0 retrans
    0.0000 MB /   0.10 sec =    0.0000 Mbps     0 retrans
    0.0000 MB /   0.10 sec =    0.0000 Mbps     0 retrans
    0.0000 MB /   0.10 sec =    0.0000 Mbps     0 retrans
    0.0000 MB /   0.10 sec =    0.0000 Mbps     0 retrans
    0.0000 MB /   0.10 sec =    0.0000 Mbps     0 retrans
    0.0000 MB /   0.10 sec =    0.0000 Mbps     0 retrans
    0.0000 MB /   0.10 sec =    0.0000 Mbps     0 retrans
    0.0000 MB /   0.10 sec =    0.0000 Mbps     0 retrans
    0.0000 MB /   0.10 sec =    0.0000 Mbps     0 retrans
    0.0000 MB /   0.10 sec =    0.0000 Mbps     0 retrans
    0.0000 MB /   0.10 sec =    0.0000 Mbps     0 retrans
    0.0000 MB /   0.10 sec =    0.0000 Mbps     0 retrans
    0.0000 MB /   0.10 sec =    0.0000 Mbps     0 retrans
    0.0000 MB /   0.10 sec =    0.0000 Mbps     0 retrans
    0.0000 MB /   0.10 sec =    0.0000 Mbps     0 retrans
    0.0000 MB /   0.10 sec =    0.0000 Mbps     0 retrans
    0.0000 MB /   0.10 sec =    0.0000 Mbps     0 retrans
    0.0000 MB /   0.10 sec =    0.0000 Mbps     0 retrans
    0.0000 MB /   0.10 sec =    0.0000 Mbps     0 retrans
    0.0000 MB /   0.10 sec =    0.0000 Mbps     0 retrans
    0.0000 MB /   0.10 sec =    0.0000 Mbps     0 retrans
    0.0000 MB /   0.10 sec =    0.0000 Mbps     0 retrans
    0.0000 MB /   0.10 sec =    0.0000 Mbps     0 retrans
    0.0000 MB /   0.10 sec =    0.0000 Mbps     0 retrans
    0.0000 MB /   0.10 sec =    0.0000 Mbps     0 retrans
    0.0000 MB /   0.10 sec =    0.0000 Mbps     0 retrans
    0.0000 MB /   0.10 sec =    0.0000 Mbps     0 retrans
    0.0000 MB /   0.10 sec =    0.0000 Mbps     0 retrans
    0.0000 MB /   0.10 sec =    0.0000 Mbps     0 retrans
    0.0000 MB /   0.10 sec =    0.0000 Mbps     0 retrans
    0.0000 MB /   0.10 sec =    0.0000 Mbps     0 retrans

*** transfer interrupted ***
nuttcp-r: v8.1.4: Error: not receiving data from server
