nuttcp-t: v8.1.4: socket
nuttcp-t: buflen=65536, nstream=1, port=5001 tcp -> 155.146.118.158
nuttcp-t: time limit = 30.00 seconds
nuttcp-t: connect to 155.146.118.158 with mss=1376, RTT=23.531 ms af=inet
nuttcp-t: send window size = 33554432, receive window size = 4194304
nuttcp-t: available send window = 25165824, available receive window = 3145728
nuttcp-t: initial congestion window = 13 KB (10 packets)
nuttcp-r: Warning: receive window size 25000000 < requested window size 26214400
nuttcp-r: v6.1.2: socket
nuttcp-r: buflen=65536, nstream=1, port=5001 tcp
nuttcp-r: interval reporting every 0.10 seconds
nuttcp-r: accept from 174.205.32.132
nuttcp-r: send window size = 25000000, receive window size = 50000000
nuttcp-r: available send window = 12500000, available receive window = 25000000
    0.0625 MB /   0.10 sec =    5.2366 Mbps     0 retrans   1281 KB-cwnd
    0.2500 MB /   0.10 sec =   20.9742 Mbps     0 retrans   1410 KB-cwnd
    0.2500 MB /   0.10 sec =   20.9732 Mbps     0 retrans   1410 KB-cwnd
    0.2500 MB /   0.10 sec =   20.9669 Mbps     0 retrans   1410 KB-cwnd
    0.1875 MB /   0.10 sec =   15.7301 Mbps     0 retrans   1410 KB-cwnd
    0.2500 MB /   0.10 sec =   20.9946 Mbps     0 retrans   1410 KB-cwnd
    0.2500 MB /   0.10 sec =   20.9705 Mbps     0 retrans   1410 KB-cwnd
    0.2500 MB /   0.10 sec =   20.9665 Mbps     0 retrans   1410 KB-cwnd
    0.2500 MB /   0.10 sec =   20.9742 Mbps     0 retrans   1410 KB-cwnd
    0.2500 MB /   0.10 sec =   20.9690 Mbps     0 retrans   1410 KB-cwnd
    0.3125 MB /   0.10 sec =   26.2220 Mbps     0 retrans   1410 KB-cwnd
    0.3125 MB /   0.10 sec =   26.2081 Mbps     0 retrans   1410 KB-cwnd
    0.2500 MB /   0.10 sec =   20.9548 Mbps     0 retrans   1410 KB-cwnd
    0.2500 MB /   0.10 sec =   20.9934 Mbps     0 retrans   1410 KB-cwnd
    0.2500 MB /   0.10 sec =   20.9707 Mbps     0 retrans   1410 KB-cwnd
    0.3125 MB /   0.10 sec =   26.1861 Mbps     0 retrans   1410 KB-cwnd
    0.3125 MB /   0.10 sec =   26.2181 Mbps     0 retrans   1410 KB-cwnd
    0.2500 MB /   0.10 sec =   20.9763 Mbps     0 retrans   1410 KB-cwnd
    0.3125 MB /   0.10 sec =   26.2086 Mbps     0 retrans   1410 KB-cwnd
    0.2500 MB /   0.10 sec =   20.9709 Mbps     0 retrans   1410 KB-cwnd
    0.1875 MB /   0.10 sec =   15.7321 Mbps     0 retrans   1410 KB-cwnd
    0.2500 MB /   0.10 sec =   20.9644 Mbps     0 retrans   1410 KB-cwnd
    0.2500 MB /   0.10 sec =   20.9778 Mbps     0 retrans   1410 KB-cwnd
    0.1875 MB /   0.10 sec =   15.7260 Mbps     0 retrans   1410 KB-cwnd
    0.3125 MB /   0.10 sec =   26.2139 Mbps     0 retrans   1410 KB-cwnd
    0.2500 MB /   0.10 sec =   20.9719 Mbps     0 retrans   1410 KB-cwnd
    0.1875 MB /   0.10 sec =   15.7321 Mbps     0 retrans   1410 KB-cwnd
    0.2500 MB /   0.10 sec =   20.9805 Mbps     0 retrans   1410 KB-cwnd
    0.1875 MB /   0.10 sec =   15.7175 Mbps     0 retrans   1410 KB-cwnd
    0.2500 MB /   0.10 sec =   20.9871 Mbps     0 retrans   1410 KB-cwnd
    0.3125 MB /   0.10 sec =   26.1937 Mbps     0 retrans   1410 KB-cwnd
    0.1875 MB /   0.10 sec =   15.7408 Mbps     0 retrans   1410 KB-cwnd
    0.3125 MB /   0.10 sec =   26.2157 Mbps     0 retrans   1410 KB-cwnd
    0.3125 MB /   0.10 sec =   26.2202 Mbps     0 retrans   1410 KB-cwnd
    0.3125 MB /   0.10 sec =   26.2097 Mbps     0 retrans   1410 KB-cwnd
    0.3125 MB /   0.10 sec =   26.1942 Mbps     0 retrans   1410 KB-cwnd
    0.2500 MB /   0.10 sec =   20.9721 Mbps     0 retrans   1410 KB-cwnd
    0.3125 MB /   0.10 sec =   26.2399 Mbps     0 retrans   1410 KB-cwnd
    0.3125 MB /   0.10 sec =   26.1955 Mbps     0 retrans   1410 KB-cwnd
    0.3125 MB /   0.10 sec =   26.1987 Mbps     0 retrans   1410 KB-cwnd
    0.3125 MB /   0.10 sec =   26.2430 Mbps     0 retrans   1410 KB-cwnd
    0.3125 MB /   0.10 sec =   26.2202 Mbps     0 retrans   1410 KB-cwnd
    0.3125 MB /   0.10 sec =   26.1869 Mbps     0 retrans   1410 KB-cwnd
    0.3750 MB /   0.10 sec =   31.4809 Mbps     0 retrans   1410 KB-cwnd
    0.3125 MB /   0.10 sec =   26.2170 Mbps     0 retrans   1410 KB-cwnd
    0.2500 MB /   0.10 sec =   20.9696 Mbps     0 retrans   1410 KB-cwnd
    0.1875 MB /   0.10 sec =   15.7178 Mbps     0 retrans   1410 KB-cwnd
    0.3125 MB /   0.10 sec =   26.2341 Mbps     0 retrans   1410 KB-cwnd
    0.2500 MB /   0.10 sec =   20.9766 Mbps     0 retrans   1410 KB-cwnd
    0.2500 MB /   0.10 sec =   20.9659 Mbps     0 retrans   1410 KB-cwnd
    0.2500 MB /   0.10 sec =   20.9726 Mbps     0 retrans   1410 KB-cwnd
    0.2500 MB /   0.10 sec =   20.9690 Mbps     0 retrans   1410 KB-cwnd
    0.2500 MB /   0.10 sec =   20.9573 Mbps     0 retrans   1410 KB-cwnd
    0.3125 MB /   0.10 sec =   26.2409 Mbps     0 retrans   1410 KB-cwnd
    0.3125 MB /   0.10 sec =   26.2073 Mbps     0 retrans   1410 KB-cwnd
    0.2500 MB /   0.10 sec =   20.9514 Mbps     0 retrans   1410 KB-cwnd
    0.1875 MB /   0.10 sec =   15.7316 Mbps     0 retrans   1410 KB-cwnd
    0.2500 MB /   0.10 sec =   20.9885 Mbps     0 retrans   1410 KB-cwnd
    0.2500 MB /   0.10 sec =   20.9506 Mbps     0 retrans   1410 KB-cwnd
    0.2500 MB /   0.10 sec =   20.9919 Mbps     0 retrans   1410 KB-cwnd
    0.2500 MB /   0.10 sec =   20.9550 Mbps     0 retrans   1410 KB-cwnd
    0.2500 MB /   0.10 sec =   20.9866 Mbps     0 retrans   1410 KB-cwnd
    0.2500 MB /   0.10 sec =   20.9734 Mbps     0 retrans   1410 KB-cwnd
    0.3125 MB /   0.10 sec =   26.1940 Mbps     0 retrans   1410 KB-cwnd
    0.2500 MB /   0.10 sec =   20.9717 Mbps     0 retrans   1410 KB-cwnd
    0.3125 MB /   0.10 sec =   26.2391 Mbps     0 retrans   1410 KB-cwnd
    0.3125 MB /   0.10 sec =   26.2084 Mbps     0 retrans   1410 KB-cwnd
    0.2500 MB /   0.10 sec =   20.9713 Mbps     0 retrans   1410 KB-cwnd
    0.3125 MB /   0.10 sec =   26.2157 Mbps     0 retrans   1410 KB-cwnd
    0.3125 MB /   0.10 sec =   26.2131 Mbps     0 retrans   1410 KB-cwnd
    0.1250 MB /   0.10 sec =   10.4892 Mbps     0 retrans   1410 KB-cwnd
    0.2500 MB /   0.10 sec =   20.9476 Mbps     0 retrans   1410 KB-cwnd
    0.2500 MB /   0.10 sec =   20.9879 Mbps     0 retrans   1410 KB-cwnd
    0.3125 MB /   0.10 sec =   26.2168 Mbps     0 retrans   1410 KB-cwnd
    0.1875 MB /   0.10 sec =   15.7148 Mbps     0 retrans   1410 KB-cwnd
    0.1875 MB /   0.10 sec =   15.7291 Mbps     0 retrans   1410 KB-cwnd
    0.3750 MB /   0.10 sec =   31.4560 Mbps     0 retrans   1410 KB-cwnd
    0.3125 MB /   0.10 sec =   26.2367 Mbps     0 retrans   1410 KB-cwnd
    0.3125 MB /   0.10 sec =   26.1934 Mbps     0 retrans   1410 KB-cwnd
    0.3125 MB /   0.10 sec =   26.2372 Mbps     0 retrans   1410 KB-cwnd
    0.3125 MB /   0.10 sec =   26.2131 Mbps     0 retrans   1410 KB-cwnd
    0.3125 MB /   0.10 sec =   26.1921 Mbps     0 retrans   1410 KB-cwnd
    0.3125 MB /   0.10 sec =   26.2362 Mbps     0 retrans   1410 KB-cwnd
    0.3125 MB /   0.10 sec =   26.2223 Mbps     0 retrans   1410 KB-cwnd
    0.3125 MB /   0.10 sec =   26.1809 Mbps     0 retrans   1410 KB-cwnd
    0.2500 MB /   0.10 sec =   20.9986 Mbps     0 retrans   1410 KB-cwnd
    0.2500 MB /   0.10 sec =   20.9650 Mbps     0 retrans   1410 KB-cwnd
    0.2500 MB /   0.10 sec =   20.9554 Mbps     0 retrans   1410 KB-cwnd
    0.2500 MB /   0.10 sec =   20.9864 Mbps     0 retrans   1410 KB-cwnd
    0.1875 MB /   0.10 sec =   15.7283 Mbps     0 retrans   1410 KB-cwnd
    0.2500 MB /   0.10 sec =   20.9516 Mbps     0 retrans   1410 KB-cwnd
    0.2500 MB /   0.10 sec =   20.9768 Mbps     0 retrans   1410 KB-cwnd
    0.2500 MB /   0.10 sec =   20.9875 Mbps     0 retrans   1410 KB-cwnd
    0.2500 MB /   0.10 sec =   20.9541 Mbps     0 retrans   1410 KB-cwnd
    0.3125 MB /   0.10 sec =   26.2443 Mbps     0 retrans   1410 KB-cwnd
    0.2500 MB /   0.10 sec =   20.9644 Mbps     0 retrans   1410 KB-cwnd
    0.3125 MB /   0.10 sec =   26.2217 Mbps     0 retrans   1410 KB-cwnd
    0.3125 MB /   0.10 sec =   26.2149 Mbps     0 retrans   1410 KB-cwnd
    0.3750 MB /   0.10 sec =   31.4513 Mbps     0 retrans   1410 KB-cwnd
    0.3125 MB /   0.10 sec =   26.2199 Mbps     0 retrans   1410 KB-cwnd
    0.3125 MB /   0.10 sec =   26.1744 Mbps     0 retrans   1410 KB-cwnd
    0.3125 MB /   0.10 sec =   26.2543 Mbps     0 retrans   1410 KB-cwnd
    0.2500 MB /   0.10 sec =   20.9659 Mbps     0 retrans   1410 KB-cwnd
    0.2500 MB /   0.10 sec =   20.9543 Mbps     0 retrans   1410 KB-cwnd
    0.2500 MB /   0.10 sec =   20.9885 Mbps     0 retrans   1410 KB-cwnd
    0.3750 MB /   0.10 sec =   31.4582 Mbps     0 retrans   1410 KB-cwnd
    0.3125 MB /   0.10 sec =   26.2003 Mbps     0 retrans   1410 KB-cwnd
    0.3750 MB /   0.10 sec =   31.4746 Mbps     0 retrans   1410 KB-cwnd
    0.2500 MB /   0.10 sec =   20.9537 Mbps     0 retrans   1410 KB-cwnd
    0.3125 MB /   0.10 sec =   26.2346 Mbps     0 retrans   1410 KB-cwnd
    0.2500 MB /   0.10 sec =   20.9550 Mbps     0 retrans   1410 KB-cwnd
    0.2500 MB /   0.10 sec =   20.9906 Mbps     0 retrans   1410 KB-cwnd
    0.2500 MB /   0.10 sec =   20.9711 Mbps     0 retrans   1410 KB-cwnd
    0.3125 MB /   0.10 sec =   26.2147 Mbps     0 retrans   1410 KB-cwnd
    0.1875 MB /   0.10 sec =   15.7313 Mbps     0 retrans   1410 KB-cwnd
    0.3125 MB /   0.10 sec =   26.2023 Mbps     0 retrans   1410 KB-cwnd
    0.3125 MB /   0.10 sec =   26.2280 Mbps     0 retrans   1410 KB-cwnd
    0.2500 MB /   0.10 sec =   20.9656 Mbps     0 retrans   1410 KB-cwnd
    0.3125 MB /   0.10 sec =   26.2160 Mbps     0 retrans   1410 KB-cwnd
    0.2500 MB /   0.10 sec =   20.9709 Mbps     0 retrans   1410 KB-cwnd
    0.3125 MB /   0.10 sec =   26.2123 Mbps     0 retrans   1410 KB-cwnd
    0.3750 MB /   0.10 sec =   31.4579 Mbps     0 retrans   1410 KB-cwnd
    0.3125 MB /   0.10 sec =   26.2149 Mbps     0 retrans   1410 KB-cwnd
    0.3125 MB /   0.10 sec =   26.2131 Mbps     0 retrans   1410 KB-cwnd
    0.3125 MB /   0.10 sec =   26.2152 Mbps     0 retrans   1410 KB-cwnd
    0.2500 MB /   0.10 sec =   20.9728 Mbps     0 retrans   1410 KB-cwnd
    0.3125 MB /   0.10 sec =   26.2165 Mbps     0 retrans   1410 KB-cwnd
    0.2500 MB /   0.10 sec =   20.9696 Mbps     0 retrans   1410 KB-cwnd
    0.2500 MB /   0.10 sec =   20.9690 Mbps     0 retrans   1410 KB-cwnd
    0.3125 MB /   0.10 sec =   26.2207 Mbps     0 retrans   1410 KB-cwnd
    0.2500 MB /   0.10 sec =   20.9701 Mbps     0 retrans   1410 KB-cwnd
    0.2500 MB /   0.10 sec =   20.9694 Mbps     0 retrans   1410 KB-cwnd
    0.3125 MB /   0.10 sec =   26.2154 Mbps     0 retrans   1410 KB-cwnd
    0.3125 MB /   0.10 sec =   26.2068 Mbps     0 retrans   1410 KB-cwnd
    0.2500 MB /   0.10 sec =   20.9770 Mbps     0 retrans   1410 KB-cwnd
    0.2500 MB /   0.10 sec =   20.9680 Mbps     0 retrans   1410 KB-cwnd
    0.3125 MB /   0.10 sec =   26.2194 Mbps     0 retrans   1410 KB-cwnd
    0.3125 MB /   0.10 sec =   26.2160 Mbps     0 retrans   1410 KB-cwnd
    0.2500 MB /   0.10 sec =   20.9705 Mbps     0 retrans   1410 KB-cwnd
    0.3125 MB /   0.10 sec =   26.2039 Mbps     0 retrans   1410 KB-cwnd
    0.2500 MB /   0.10 sec =   20.9757 Mbps     0 retrans   1410 KB-cwnd
    0.3125 MB /   0.10 sec =   26.2191 Mbps     0 retrans   1410 KB-cwnd
    0.1875 MB /   0.10 sec =   15.7294 Mbps     0 retrans   1410 KB-cwnd
    0.3125 MB /   0.10 sec =   26.2076 Mbps     0 retrans   1410 KB-cwnd
    0.3125 MB /   0.10 sec =   26.2215 Mbps     0 retrans   1410 KB-cwnd
    0.3125 MB /   0.10 sec =   26.2147 Mbps     0 retrans   1410 KB-cwnd
    0.3125 MB /   0.10 sec =   26.2068 Mbps     0 retrans   1410 KB-cwnd
    0.3125 MB /   0.10 sec =   26.2199 Mbps     0 retrans   1410 KB-cwnd
    0.2500 MB /   0.10 sec =   20.9717 Mbps     0 retrans   1410 KB-cwnd
    0.3125 MB /   0.10 sec =   26.2136 Mbps     0 retrans   1410 KB-cwnd
    0.3125 MB /   0.10 sec =   26.2228 Mbps     0 retrans   1410 KB-cwnd
    0.3125 MB /   0.10 sec =   26.2113 Mbps     0 retrans   1410 KB-cwnd
    0.3750 MB /   0.10 sec =   31.4532 Mbps     0 retrans   1410 KB-cwnd
    0.3125 MB /   0.10 sec =   26.2157 Mbps     0 retrans   1410 KB-cwnd
    0.3125 MB /   0.10 sec =   26.2196 Mbps     0 retrans   1410 KB-cwnd
    0.3125 MB /   0.10 sec =   26.2021 Mbps     0 retrans   1410 KB-cwnd
    0.2500 MB /   0.10 sec =   20.9816 Mbps     0 retrans   1410 KB-cwnd
    0.3125 MB /   0.10 sec =   26.2068 Mbps     0 retrans   1410 KB-cwnd
    0.2500 MB /   0.10 sec =   20.9778 Mbps     0 retrans   1410 KB-cwnd
    0.3125 MB /   0.10 sec =   26.2105 Mbps     0 retrans   1410 KB-cwnd
    0.2500 MB /   0.10 sec =   20.9646 Mbps     0 retrans   1410 KB-cwnd
    0.2500 MB /   0.10 sec =   20.9711 Mbps     0 retrans   1410 KB-cwnd
    0.2500 MB /   0.10 sec =   20.9757 Mbps     0 retrans   1410 KB-cwnd
    0.2500 MB /   0.10 sec =   20.9772 Mbps     0 retrans   1410 KB-cwnd
    0.1875 MB /   0.10 sec =   15.7211 Mbps     0 retrans   1410 KB-cwnd
    0.2500 MB /   0.10 sec =   20.9717 Mbps     0 retrans   1410 KB-cwnd
    0.3125 MB /   0.10 sec =   26.2199 Mbps     0 retrans   1410 KB-cwnd
    0.3125 MB /   0.10 sec =   26.2210 Mbps     0 retrans   1410 KB-cwnd
    0.3125 MB /   0.10 sec =   26.2010 Mbps     0 retrans   1410 KB-cwnd
    0.2500 MB /   0.10 sec =   20.9761 Mbps     0 retrans   1410 KB-cwnd
    0.2500 MB /   0.10 sec =   20.9736 Mbps     0 retrans   1410 KB-cwnd
    0.2500 MB /   0.10 sec =   20.9711 Mbps     0 retrans   1410 KB-cwnd
    0.2500 MB /   0.10 sec =   20.9654 Mbps     0 retrans   1410 KB-cwnd
    0.1875 MB /   0.10 sec =   15.7329 Mbps     0 retrans   1410 KB-cwnd
    0.1875 MB /   0.10 sec =   15.7285 Mbps     0 retrans   1410 KB-cwnd
    0.1875 MB /   0.10 sec =   15.7282 Mbps     0 retrans   1410 KB-cwnd
    0.1250 MB /   0.10 sec =   10.4833 Mbps     0 retrans   1410 KB-cwnd
    0.0625 MB /   0.10 sec =    5.2444 Mbps     0 retrans   1410 KB-cwnd
    0.1875 MB /   0.10 sec =   15.7288 Mbps     0 retrans   1410 KB-cwnd
    0.1875 MB /   0.10 sec =   15.7280 Mbps     0 retrans   1410 KB-cwnd
    0.2500 MB /   0.10 sec =   20.9659 Mbps     0 retrans   1410 KB-cwnd
    0.1250 MB /   0.10 sec =   10.4913 Mbps     0 retrans   1410 KB-cwnd
    0.2500 MB /   0.10 sec =   20.9671 Mbps     0 retrans   1410 KB-cwnd
    0.1875 MB /   0.10 sec =   15.7279 Mbps     0 retrans   1410 KB-cwnd
    0.2500 MB /   0.10 sec =   20.9701 Mbps     0 retrans   1410 KB-cwnd
    0.2500 MB /   0.10 sec =   20.9721 Mbps     0 retrans   1410 KB-cwnd
    0.2500 MB /   0.10 sec =   20.9669 Mbps     0 retrans   1410 KB-cwnd
    0.1875 MB /   0.10 sec =   15.7365 Mbps     0 retrans   1410 KB-cwnd
    0.2500 MB /   0.10 sec =   20.9717 Mbps     0 retrans   1410 KB-cwnd
    0.1875 MB /   0.10 sec =   15.7211 Mbps     0 retrans   1410 KB-cwnd
    0.2500 MB /   0.10 sec =   20.9761 Mbps     0 retrans   1410 KB-cwnd
    0.1250 MB /   0.10 sec =   10.4887 Mbps     0 retrans   1410 KB-cwnd
    0.2500 MB /   0.10 sec =   20.9615 Mbps     0 retrans   1410 KB-cwnd
    0.2500 MB /   0.10 sec =   20.9749 Mbps     0 retrans   1410 KB-cwnd
    0.1875 MB /   0.10 sec =   15.7301 Mbps     0 retrans   1410 KB-cwnd
    0.1875 MB /   0.10 sec =   15.7279 Mbps     0 retrans   1410 KB-cwnd
    0.2500 MB /   0.10 sec =   20.9719 Mbps     0 retrans   1410 KB-cwnd
    0.1250 MB /   0.10 sec =   10.4854 Mbps     0 retrans   1410 KB-cwnd
    0.1875 MB /   0.10 sec =   15.7329 Mbps     0 retrans   1410 KB-cwnd
    0.2500 MB /   0.10 sec =   20.9654 Mbps     0 retrans   1410 KB-cwnd
    0.1875 MB /   0.10 sec =   15.7238 Mbps     0 retrans   1410 KB-cwnd
    0.1875 MB /   0.10 sec =   15.7308 Mbps     0 retrans   1410 KB-cwnd
    0.1875 MB /   0.10 sec =   15.7326 Mbps     0 retrans   1410 KB-cwnd
    0.2500 MB /   0.10 sec =   20.9759 Mbps     0 retrans   1410 KB-cwnd
    0.2500 MB /   0.10 sec =   20.9673 Mbps     0 retrans   1410 KB-cwnd
    0.1875 MB /   0.10 sec =   15.7279 Mbps     0 retrans   1410 KB-cwnd
    0.1875 MB /   0.10 sec =   15.7282 Mbps     0 retrans   1410 KB-cwnd
    0.1875 MB /   0.10 sec =   15.7334 Mbps     0 retrans   1410 KB-cwnd
    0.2500 MB /   0.10 sec =   20.9656 Mbps     0 retrans   1410 KB-cwnd
    0.1875 MB /   0.10 sec =   15.7326 Mbps     0 retrans   1410 KB-cwnd
    0.2500 MB /   0.10 sec =   20.9677 Mbps     0 retrans   1410 KB-cwnd
    0.1875 MB /   0.10 sec =   15.7275 Mbps     0 retrans   1410 KB-cwnd
    0.2500 MB /   0.10 sec =   20.9661 Mbps     0 retrans   1410 KB-cwnd
    0.1875 MB /   0.10 sec =   15.7286 Mbps     0 retrans   1410 KB-cwnd
    0.2500 MB /   0.10 sec =   20.9816 Mbps     0 retrans   1410 KB-cwnd
    0.1875 MB /   0.10 sec =   15.7258 Mbps     0 retrans   1410 KB-cwnd
    0.2500 MB /   0.10 sec =   20.9763 Mbps     0 retrans   1410 KB-cwnd
    0.3125 MB /   0.10 sec =   26.2078 Mbps     0 retrans   1410 KB-cwnd
    0.2500 MB /   0.10 sec =   20.9770 Mbps     0 retrans   1410 KB-cwnd
    0.2500 MB /   0.10 sec =   20.9669 Mbps     0 retrans   1410 KB-cwnd
    0.2500 MB /   0.10 sec =   20.9661 Mbps     0 retrans   1410 KB-cwnd
    0.3125 MB /   0.10 sec =   26.2270 Mbps     0 retrans   1410 KB-cwnd
    0.1875 MB /   0.10 sec =   15.7209 Mbps     0 retrans   1410 KB-cwnd
    0.3125 MB /   0.10 sec =   26.2149 Mbps     0 retrans   1410 KB-cwnd
    0.3125 MB /   0.10 sec =   26.2202 Mbps     0 retrans   1410 KB-cwnd
    0.2500 MB /   0.10 sec =   20.9715 Mbps     0 retrans   1410 KB-cwnd
    0.2500 MB /   0.10 sec =   20.9738 Mbps     0 retrans   1410 KB-cwnd
    0.2500 MB /   0.10 sec =   20.9715 Mbps     0 retrans   1410 KB-cwnd
    0.2500 MB /   0.10 sec =   20.9694 Mbps     0 retrans   1410 KB-cwnd
    0.2500 MB /   0.10 sec =   20.9757 Mbps     0 retrans   1410 KB-cwnd
    0.2500 MB /   0.10 sec =   20.9667 Mbps     0 retrans   1410 KB-cwnd
    0.2500 MB /   0.10 sec =   20.9713 Mbps     0 retrans   1410 KB-cwnd
    0.2500 MB /   0.10 sec =   20.9721 Mbps     0 retrans   1410 KB-cwnd
    0.3125 MB /   0.10 sec =   26.2210 Mbps     0 retrans   1410 KB-cwnd
    0.2500 MB /   0.10 sec =   20.9709 Mbps     0 retrans   1410 KB-cwnd
    0.2500 MB /   0.10 sec =   20.9654 Mbps     0 retrans   1410 KB-cwnd
    0.2500 MB /   0.10 sec =   20.9715 Mbps     0 retrans   1410 KB-cwnd
    0.2500 MB /   0.10 sec =   20.9675 Mbps     0 retrans   1410 KB-cwnd
    0.2500 MB /   0.10 sec =   20.9799 Mbps     0 retrans   1410 KB-cwnd
    0.3125 MB /   0.10 sec =   26.2097 Mbps     0 retrans   1410 KB-cwnd
    0.1875 MB /   0.10 sec =   15.7290 Mbps     0 retrans   1410 KB-cwnd
    0.2500 MB /   0.10 sec =   20.9717 Mbps     0 retrans   1410 KB-cwnd
    0.2500 MB /   0.10 sec =   20.9663 Mbps     0 retrans   1410 KB-cwnd
    0.2500 MB /   0.10 sec =   20.9822 Mbps     0 retrans   1410 KB-cwnd
    0.1875 MB /   0.10 sec =   15.7110 Mbps     0 retrans   1410 KB-cwnd
    0.3125 MB /   0.10 sec =   26.2354 Mbps     0 retrans   1410 KB-cwnd
    0.2500 MB /   0.10 sec =   20.9713 Mbps     0 retrans   1410 KB-cwnd
    0.2500 MB /   0.10 sec =   20.9768 Mbps     0 retrans   1410 KB-cwnd
    0.1875 MB /   0.10 sec =   15.7253 Mbps     0 retrans   1410 KB-cwnd
    0.2500 MB /   0.10 sec =   20.9709 Mbps     0 retrans   1410 KB-cwnd
    0.2500 MB /   0.10 sec =   20.9719 Mbps     0 retrans   1410 KB-cwnd
    0.1875 MB /   0.10 sec =   15.7332 Mbps     0 retrans   1410 KB-cwnd
    0.1875 MB /   0.10 sec =   15.7244 Mbps     0 retrans   1410 KB-cwnd
    0.2500 MB /   0.10 sec =   20.9656 Mbps     0 retrans   1410 KB-cwnd
    0.2500 MB /   0.10 sec =   20.9726 Mbps     0 retrans   1410 KB-cwnd
    0.3125 MB /   0.10 sec =   26.2144 Mbps     0 retrans   1410 KB-cwnd
    0.2500 MB /   0.10 sec =   20.9711 Mbps     0 retrans   1410 KB-cwnd
    0.1875 MB /   0.10 sec =   15.7293 Mbps     0 retrans   1410 KB-cwnd
    0.3125 MB /   0.10 sec =   26.2215 Mbps     0 retrans   1410 KB-cwnd
    0.3125 MB /   0.10 sec =   26.2181 Mbps     0 retrans   1410 KB-cwnd
    0.1875 MB /   0.10 sec =   15.7249 Mbps     0 retrans   1410 KB-cwnd
    0.3125 MB /   0.10 sec =   26.2102 Mbps     0 retrans   1410 KB-cwnd
    0.3125 MB /   0.10 sec =   26.2202 Mbps     0 retrans   1410 KB-cwnd
    0.2500 MB /   0.10 sec =   20.9512 Mbps     0 retrans   1410 KB-cwnd
    0.2500 MB /   0.10 sec =   20.9860 Mbps     0 retrans   1410 KB-cwnd
    0.3125 MB /   0.10 sec =   26.2199 Mbps     0 retrans   1410 KB-cwnd
    0.3125 MB /   0.10 sec =   26.2162 Mbps     0 retrans   1410 KB-cwnd
    0.3125 MB /   0.10 sec =   26.2147 Mbps     0 retrans   1410 KB-cwnd
    0.3125 MB /   0.10 sec =   26.2136 Mbps     0 retrans   1410 KB-cwnd
    0.3125 MB /   0.10 sec =   26.2212 Mbps     0 retrans   1410 KB-cwnd
    0.3125 MB /   0.10 sec =   26.2063 Mbps     0 retrans   1410 KB-cwnd
    0.3125 MB /   0.10 sec =   26.2073 Mbps     0 retrans   1410 KB-cwnd
    0.2500 MB /   0.10 sec =   20.9789 Mbps     0 retrans   1410 KB-cwnd
    0.2500 MB /   0.10 sec =   20.9669 Mbps     0 retrans   1410 KB-cwnd
    0.2500 MB /   0.10 sec =   20.9761 Mbps     0 retrans   1410 KB-cwnd
    0.3125 MB /   0.10 sec =   26.2073 Mbps     0 retrans   1410 KB-cwnd
    0.2500 MB /   0.10 sec =   20.9596 Mbps     0 retrans   1410 KB-cwnd
    0.2500 MB /   0.10 sec =   20.9902 Mbps     0 retrans   1410 KB-cwnd
    0.3125 MB /   0.10 sec =   26.2136 Mbps     0 retrans   1410 KB-cwnd
    0.2500 MB /   0.10 sec =   20.9698 Mbps     0 retrans   1410 KB-cwnd
    0.3125 MB /   0.10 sec =   26.2092 Mbps     0 retrans   1410 KB-cwnd
    0.3125 MB /   0.10 sec =   26.2191 Mbps     0 retrans   1410 KB-cwnd
    0.2500 MB /   0.10 sec =   20.9680 Mbps     0 retrans   1410 KB-cwnd
    0.3125 MB /   0.10 sec =   26.2152 Mbps     0 retrans   1410 KB-cwnd
    0.3125 MB /   0.10 sec =   26.2202 Mbps     0 retrans   1410 KB-cwnd
    0.3125 MB /   0.10 sec =   26.2136 Mbps     0 retrans   1410 KB-cwnd
    0.3125 MB /   0.10 sec =   26.2212 Mbps     0 retrans   1410 KB-cwnd
    0.1875 MB /   0.10 sec =   15.7241 Mbps     0 retrans   1410 KB-cwnd
    0.2500 MB /   0.10 sec =   20.9550 Mbps     0 retrans   1410 KB-cwnd
    0.3125 MB /   0.10 sec =   26.2299 Mbps     0 retrans   1410 KB-cwnd
    0.3125 MB /   0.10 sec =   26.2215 Mbps     0 retrans   1410 KB-cwnd
    0.2500 MB /   0.10 sec =   20.9707 Mbps     0 retrans   1410 KB-cwnd
    0.2500 MB /   0.10 sec =   20.9673 Mbps     0 retrans   1410 KB-cwnd
    0.2500 MB /   0.10 sec =   20.9751 Mbps     0 retrans   1410 KB-cwnd
    0.3125 MB /   0.10 sec =   26.2141 Mbps     0 retrans   1410 KB-cwnd
    0.2500 MB /   0.10 sec =   20.9778 Mbps     0 retrans   1410 KB-cwnd
    0.2500 MB /   0.10 sec =   20.9665 Mbps     0 retrans   1410 KB-cwnd
    0.1875 MB /   0.10 sec =   15.7290 Mbps     0 retrans   1410 KB-cwnd
    0.3125 MB /   0.10 sec =   26.2147 Mbps     0 retrans   1410 KB-cwnd
    0.2500 MB /   0.10 sec =   20.9709 Mbps     0 retrans   1410 KB-cwnd
    0.2500 MB /   0.10 sec =   20.9692 Mbps     0 retrans   1410 KB-cwnd
    0.3125 MB /   0.10 sec =   26.2175 Mbps     0 retrans   1410 KB-cwnd
    0.2500 MB /   0.10 sec =   20.9537 Mbps     0 retrans   1410 KB-cwnd
    0.3125 MB /   0.10 sec =   26.2435 Mbps     0 retrans   1410 KB-cwnd
    0.2500 MB /   0.10 sec =   20.9656 Mbps     0 retrans   1410 KB-cwnd
    0.2500 MB /   0.10 sec =   20.9772 Mbps     0 retrans   1410 KB-cwnd
    0.2500 MB /   0.10 sec =   20.9487 Mbps     0 retrans   1410 KB-cwnd
    0.3125 MB /   0.10 sec =   26.2294 Mbps     0 retrans   1410 KB-cwnd
    0.2500 MB /   0.10 sec =   20.9822 Mbps     0 retrans   1410 KB-cwnd
    0.2500 MB /   0.10 sec =   20.9705 Mbps     0 retrans   1410 KB-cwnd
    0.3125 MB /   0.10 sec =   26.2029 Mbps     0 retrans   1410 KB-cwnd
    0.2500 MB /   0.10 sec =   20.9759 Mbps     0 retrans   1410 KB-cwnd
    0.3125 MB /   0.10 sec =   26.2160 Mbps     0 retrans   1410 KB-cwnd
    0.3125 MB /   0.10 sec =   26.2131 Mbps     0 retrans   1410 KB-cwnd
    0.3125 MB /   0.10 sec =   26.1914 Mbps     0 retrans   1410 KB-cwnd
    0.3125 MB /   0.10 sec =   26.2175 Mbps     0 retrans   1410 KB-cwnd
    0.2500 MB /   0.10 sec =   20.9892 Mbps     0 retrans   1410 KB-cwnd
    0.3750 MB /   0.10 sec =   31.4626 Mbps     0 retrans   1410 KB-cwnd
    0.1875 MB /   0.10 sec =   15.7131 Mbps     0 retrans   1410 KB-cwnd
    0.3125 MB /   0.10 sec =   26.2149 Mbps     0 retrans   1410 KB-cwnd
    0.3125 MB /   0.10 sec =   26.2092 Mbps     0 retrans   1410 KB-cwnd
    0.2500 MB /   0.10 sec =   20.9868 Mbps     0 retrans   1410 KB-cwnd
    0.3125 MB /   0.10 sec =   26.2186 Mbps     0 retrans   1410 KB-cwnd
    0.3125 MB /   0.10 sec =   26.2149 Mbps     0 retrans   1410 KB-cwnd
    0.2500 MB /   0.10 sec =   20.9569 Mbps     0 retrans   1410 KB-cwnd
    0.2500 MB /   0.10 sec =   20.9692 Mbps     0 retrans   1410 KB-cwnd
    0.2500 MB /   0.10 sec =   20.9730 Mbps     0 retrans   1410 KB-cwnd
    0.1250 MB /   0.10 sec =   10.4932 Mbps     0 retrans   1410 KB-cwnd
    0.2500 MB /   0.10 sec =   20.9717 Mbps     0 retrans   1410 KB-cwnd
    0.2500 MB /   0.10 sec =   20.9732 Mbps     0 retrans   1410 KB-cwnd
    0.2500 MB /   0.10 sec =   20.9696 Mbps     0 retrans   1410 KB-cwnd
    0.3125 MB /   0.10 sec =   26.2157 Mbps     0 retrans   1410 KB-cwnd
    0.2500 MB /   0.10 sec =   20.9552 Mbps     0 retrans   1410 KB-cwnd
    0.3125 MB /   0.10 sec =   26.2349 Mbps     0 retrans   1410 KB-cwnd
    0.3125 MB /   0.10 sec =   26.2212 Mbps     0 retrans   1410 KB-cwnd
    0.2500 MB /   0.10 sec =   20.9569 Mbps     0 retrans   1410 KB-cwnd
    0.2500 MB /   0.10 sec =   20.9839 Mbps     0 retrans   1410 KB-cwnd
    0.2500 MB /   0.10 sec =   20.9478 Mbps     0 retrans   1410 KB-cwnd
    0.2500 MB /   0.10 sec =   20.9915 Mbps     0 retrans   1410 KB-cwnd
    0.3125 MB /   0.10 sec =   26.1953 Mbps     0 retrans   1410 KB-cwnd
    0.2500 MB /   0.10 sec =   20.9931 Mbps     0 retrans   1410 KB-cwnd
    0.3125 MB /   0.10 sec =   26.1887 Mbps     0 retrans   1410 KB-cwnd
    0.2500 MB /   0.10 sec =   20.9711 Mbps     0 retrans   1410 KB-cwnd
    0.3125 MB /   0.10 sec =   26.2341 Mbps     0 retrans   1410 KB-cwnd
    0.2500 MB /   0.10 sec =   20.9550 Mbps     0 retrans   1410 KB-cwnd
    0.3125 MB /   0.10 sec =   26.2404 Mbps     0 retrans   1410 KB-cwnd
    0.1875 MB /   0.10 sec =   15.7244 Mbps     0 retrans   1410 KB-cwnd
    0.2500 MB /   0.10 sec =   20.9562 Mbps     0 retrans   1410 KB-cwnd
    0.1875 MB /   0.10 sec =   15.7453 Mbps     0 retrans   1410 KB-cwnd
    0.2500 MB /   0.10 sec =   20.9715 Mbps     0 retrans   1410 KB-cwnd
    0.2500 MB /   0.10 sec =   20.9481 Mbps     0 retrans   1410 KB-cwnd
    0.2500 MB /   0.10 sec =   20.9948 Mbps     0 retrans   1410 KB-cwnd
    0.3125 MB /   0.10 sec =   26.1898 Mbps     0 retrans   1410 KB-cwnd
    0.3125 MB /   0.10 sec =   26.2325 Mbps     0 retrans   1410 KB-cwnd
    0.2500 MB /   0.10 sec =   20.9770 Mbps     0 retrans   1410 KB-cwnd
    0.2500 MB /   0.10 sec =   20.9713 Mbps     0 retrans   1410 KB-cwnd
    0.2500 MB /   0.10 sec =   20.9661 Mbps     0 retrans   1410 KB-cwnd
    0.2500 MB /   0.10 sec =   20.9566 Mbps     0 retrans   1410 KB-cwnd
    0.2500 MB /   0.10 sec =   20.9818 Mbps     0 retrans   1410 KB-cwnd
    0.2500 MB /   0.10 sec =   20.9562 Mbps     0 retrans   1410 KB-cwnd
    0.3125 MB /   0.10 sec =   26.2396 Mbps     0 retrans   1410 KB-cwnd
    0.3125 MB /   0.10 sec =   26.2212 Mbps     0 retrans   1410 KB-cwnd
    0.1875 MB /   0.10 sec =   15.7250 Mbps     0 retrans   1410 KB-cwnd
    0.1875 MB /   0.10 sec =   15.7282 Mbps     0 retrans   1410 KB-cwnd
    0.2500 MB /   0.10 sec =   20.9717 Mbps     0 retrans   1410 KB-cwnd
    0.2500 MB /   0.10 sec =   20.9537 Mbps     0 retrans   1410 KB-cwnd
    0.3125 MB /   0.10 sec =   26.2170 Mbps     0 retrans   1410 KB-cwnd
    0.1875 MB /   0.10 sec =   15.7397 Mbps     0 retrans   1410 KB-cwnd
    0.3125 MB /   0.10 sec =   26.2217 Mbps     0 retrans   1410 KB-cwnd
    0.2500 MB /   0.10 sec =   20.9713 Mbps     0 retrans   1410 KB-cwnd
    0.2500 MB /   0.10 sec =   20.9669 Mbps     0 retrans   1410 KB-cwnd
    0.2500 MB /   0.10 sec =   20.9768 Mbps     0 retrans   1410 KB-cwnd
    0.2500 MB /   0.10 sec =   20.9656 Mbps     0 retrans   1410 KB-cwnd
    0.2500 MB /   0.10 sec =   20.9728 Mbps     0 retrans   1410 KB-cwnd
    0.2500 MB /   0.10 sec =   20.9711 Mbps     0 retrans   1410 KB-cwnd
    0.1875 MB /   0.10 sec =   15.7288 Mbps     0 retrans   1410 KB-cwnd
    0.2500 MB /   0.10 sec =   20.9709 Mbps     0 retrans   1410 KB-cwnd
    0.1250 MB /   0.10 sec =   10.4885 Mbps     0 retrans   1410 KB-cwnd
    0.1875 MB /   0.10 sec =   15.7134 Mbps     0 retrans   1410 KB-cwnd
    0.1875 MB /   0.10 sec =   15.7395 Mbps     0 retrans   1410 KB-cwnd
    0.2500 MB /   0.10 sec =   20.9721 Mbps     0 retrans   1410 KB-cwnd
    0.2500 MB /   0.10 sec =   20.9715 Mbps     0 retrans   1410 KB-cwnd
    0.2500 MB /   0.10 sec =   20.9703 Mbps     0 retrans   1410 KB-cwnd
    0.1875 MB /   0.10 sec =   15.7159 Mbps     0 retrans   1410 KB-cwnd
    0.3125 MB /   0.10 sec =   26.2364 Mbps     0 retrans   1410 KB-cwnd
    0.2500 MB /   0.10 sec =   20.9719 Mbps     0 retrans   1410 KB-cwnd
    0.2500 MB /   0.10 sec =   20.9703 Mbps     0 retrans   1410 KB-cwnd
    0.3125 MB /   0.10 sec =   26.2220 Mbps     0 retrans   1410 KB-cwnd
    0.2500 MB /   0.10 sec =   20.9654 Mbps     0 retrans   1410 KB-cwnd
    0.3125 MB /   0.10 sec =   26.1974 Mbps     0 retrans   1410 KB-cwnd
    0.2500 MB /   0.10 sec =   20.9696 Mbps     0 retrans   1410 KB-cwnd
    0.3125 MB /   0.10 sec =   26.2354 Mbps     0 retrans   1410 KB-cwnd
    0.2500 MB /   0.10 sec =   20.9713 Mbps     0 retrans   1410 KB-cwnd
    0.2500 MB /   0.10 sec =   20.9548 Mbps     0 retrans   1410 KB-cwnd
    0.1875 MB /   0.10 sec =   15.7375 Mbps     0 retrans   1410 KB-cwnd
    0.3125 MB /   0.10 sec =   26.2273 Mbps     0 retrans   1410 KB-cwnd
    0.3125 MB /   0.10 sec =   26.2078 Mbps     0 retrans   1410 KB-cwnd
nuttcp-t: 104.2561 MB in 30.00 real seconds = 3558.59 KB/sec = 29.1520 Mbps
nuttcp-t: retrans = 0 cwnd = 1410 KB
nuttcp-t: 1669 I/O calls, msec/call = 18.41, calls/sec = 55.63
nuttcp-t: 0.0user 0.0sys 0:30real 0% 0i+0d 1286maxrss 0+1pf 8+1csw

nuttcp-r: 104.2561 MB in 39.79 real seconds = 2682.98 KB/sec = 21.9790 Mbps
nuttcp-r: 31563 I/O calls, msec/call = 1.29, calls/sec = 793.22
nuttcp-r: 0.1user 0.6sys 0:39real 1% 0i+0d 90maxrss 0+14pf 29717+2csw
