1660066645155
nuttcp-t: v8.1.4: socket
nuttcp-t: buflen=65536, nstream=1, port=5007 tcp -> 155.146.118.158
nuttcp-t: time limit = 30.00 seconds
nuttcp-t: connect to 155.146.118.158 with mss=1376, RTT=21.889 ms af=inet
nuttcp-t: send window size = 33554432, receive window size = 4194304
nuttcp-t: available send window = 25165824, available receive window = 3145728
nuttcp-t: initial congestion window = 13 KB (10 packets)
nuttcp-r: Warning: receive window size 25000000 < requested window size 26214400
nuttcp-r: v6.1.2: socket
nuttcp-r: buflen=65536, nstream=1, port=5007 tcp
nuttcp-r: interval reporting every 0.10 seconds
nuttcp-r: accept from 174.205.100.204
nuttcp-r: send window size = 25000000, receive window size = 50000000
nuttcp-r: available send window = 12500000, available receive window = 25000000
    0.0625 MB /   0.10 sec =    5.2425 Mbps     0 retrans   1228 KB-cwnd
    0.1875 MB /   0.10 sec =   15.7181 Mbps     0 retrans   1228 KB-cwnd
    0.2500 MB /   0.10 sec =   20.9650 Mbps     0 retrans   1228 KB-cwnd
    0.2500 MB /   0.10 sec =   20.9659 Mbps     0 retrans   1228 KB-cwnd
    0.3125 MB /   0.10 sec =   26.2480 Mbps     0 retrans   1228 KB-cwnd
    0.2500 MB /   0.10 sec =   20.9638 Mbps     0 retrans   1228 KB-cwnd
    0.3125 MB /   0.10 sec =   26.2144 Mbps     0 retrans   1228 KB-cwnd
    0.2500 MB /   0.10 sec =   20.9736 Mbps     0 retrans   1228 KB-cwnd
    0.2500 MB /   0.10 sec =   20.9766 Mbps     0 retrans   1228 KB-cwnd
    0.1875 MB /   0.10 sec =   15.7253 Mbps     0 retrans   1228 KB-cwnd
    0.1875 MB /   0.10 sec =   15.7165 Mbps     0 retrans   1228 KB-cwnd
    0.1875 MB /   0.10 sec =   15.7439 Mbps     0 retrans   1228 KB-cwnd
    0.2500 MB /   0.10 sec =   20.9537 Mbps     0 retrans   1228 KB-cwnd
    0.2500 MB /   0.10 sec =   20.9902 Mbps     0 retrans   1228 KB-cwnd
    0.1875 MB /   0.10 sec =   15.7129 Mbps     0 retrans   1228 KB-cwnd
    0.1875 MB /   0.10 sec =   15.7397 Mbps     0 retrans   1228 KB-cwnd
    0.1875 MB /   0.10 sec =   15.7176 Mbps     0 retrans   1228 KB-cwnd
    0.2500 MB /   0.10 sec =   20.9923 Mbps     0 retrans   1228 KB-cwnd
    0.1875 MB /   0.10 sec =   15.7167 Mbps     0 retrans   1228 KB-cwnd
    0.3125 MB /   0.10 sec =   26.2315 Mbps     0 retrans   1228 KB-cwnd
    0.2500 MB /   0.10 sec =   20.9740 Mbps     0 retrans   1228 KB-cwnd
    0.1875 MB /   0.10 sec =   15.7283 Mbps     0 retrans   1228 KB-cwnd
    0.1875 MB /   0.10 sec =   15.7220 Mbps     0 retrans   1228 KB-cwnd
    0.1875 MB /   0.10 sec =   15.7352 Mbps     0 retrans   1228 KB-cwnd
    0.1875 MB /   0.10 sec =   15.7219 Mbps     0 retrans   1228 KB-cwnd
    0.2500 MB /   0.10 sec =   20.9602 Mbps     0 retrans   1228 KB-cwnd
    0.1875 MB /   0.10 sec =   15.7348 Mbps     0 retrans   1228 KB-cwnd
    0.2500 MB /   0.10 sec =   20.9713 Mbps     0 retrans   1228 KB-cwnd
    0.1875 MB /   0.10 sec =   15.7170 Mbps     0 retrans   1228 KB-cwnd
    0.2500 MB /   0.10 sec =   20.9990 Mbps     0 retrans   1228 KB-cwnd
    0.2500 MB /   0.10 sec =   20.9654 Mbps     0 retrans   1228 KB-cwnd
    0.1875 MB /   0.10 sec =   15.7173 Mbps     0 retrans   1228 KB-cwnd
    0.1875 MB /   0.10 sec =   15.7395 Mbps     0 retrans   1228 KB-cwnd
    0.1875 MB /   0.10 sec =   15.7181 Mbps     0 retrans   1228 KB-cwnd
    0.1875 MB /   0.10 sec =   15.7428 Mbps     0 retrans   1228 KB-cwnd
    0.2500 MB /   0.10 sec =   20.9675 Mbps     0 retrans   1228 KB-cwnd
    0.2500 MB /   0.10 sec =   20.9780 Mbps     0 retrans   1228 KB-cwnd
    0.2500 MB /   0.10 sec =   20.9661 Mbps     0 retrans   1228 KB-cwnd
    0.1875 MB /   0.10 sec =   15.7189 Mbps     0 retrans   1228 KB-cwnd
    0.2500 MB /   0.10 sec =   20.9673 Mbps     0 retrans   1228 KB-cwnd
    0.2500 MB /   0.10 sec =   20.9732 Mbps     0 retrans   1228 KB-cwnd
    0.2500 MB /   0.10 sec =   20.9829 Mbps     0 retrans   1228 KB-cwnd
    0.2500 MB /   0.10 sec =   20.9671 Mbps     0 retrans   1228 KB-cwnd
    0.1875 MB /   0.10 sec =   15.7228 Mbps     0 retrans   1228 KB-cwnd
    0.2500 MB /   0.10 sec =   20.9726 Mbps     0 retrans   1228 KB-cwnd
    0.2500 MB /   0.10 sec =   20.9925 Mbps     0 retrans   1228 KB-cwnd
    0.2500 MB /   0.10 sec =   20.9493 Mbps     0 retrans   1228 KB-cwnd
    0.2500 MB /   0.10 sec =   20.9873 Mbps     0 retrans   1228 KB-cwnd
    0.2500 MB /   0.10 sec =   20.9575 Mbps     0 retrans   1228 KB-cwnd
    0.1875 MB /   0.10 sec =   15.7345 Mbps     0 retrans   1228 KB-cwnd
    0.2500 MB /   0.10 sec =   20.9545 Mbps     0 retrans   1228 KB-cwnd
    0.1875 MB /   0.10 sec =   15.7479 Mbps     0 retrans   1228 KB-cwnd
    0.1875 MB /   0.10 sec =   15.7313 Mbps     0 retrans   1228 KB-cwnd
    0.2500 MB /   0.10 sec =   20.9719 Mbps     0 retrans   1228 KB-cwnd
    0.2500 MB /   0.10 sec =   20.9652 Mbps     0 retrans   1228 KB-cwnd
    0.1250 MB /   0.10 sec =   10.4783 Mbps     0 retrans   1228 KB-cwnd
    0.1875 MB /   0.10 sec =   15.7406 Mbps     0 retrans   1228 KB-cwnd
    0.1875 MB /   0.10 sec =   15.7327 Mbps     0 retrans   1228 KB-cwnd
    0.1875 MB /   0.10 sec =   15.7205 Mbps     0 retrans   1228 KB-cwnd
    0.1250 MB /   0.10 sec =   10.4840 Mbps     0 retrans   1228 KB-cwnd
    0.1875 MB /   0.10 sec =   15.7392 Mbps     0 retrans   1228 KB-cwnd
    0.1250 MB /   0.10 sec =   10.4861 Mbps     0 retrans   1228 KB-cwnd
    0.1875 MB /   0.10 sec =   15.7128 Mbps     0 retrans   1228 KB-cwnd
    0.1875 MB /   0.10 sec =   15.7359 Mbps     0 retrans   1228 KB-cwnd
    0.1875 MB /   0.10 sec =   15.7213 Mbps     0 retrans   1228 KB-cwnd
    0.1875 MB /   0.10 sec =   15.7403 Mbps     0 retrans   1228 KB-cwnd
    0.2500 MB /   0.10 sec =   20.9747 Mbps     0 retrans   1228 KB-cwnd
    0.2500 MB /   0.10 sec =   20.9631 Mbps     0 retrans   1228 KB-cwnd
    0.1875 MB /   0.10 sec =   15.7365 Mbps     0 retrans   1228 KB-cwnd
    0.1250 MB /   0.10 sec =   10.4853 Mbps     0 retrans   1228 KB-cwnd
    0.2500 MB /   0.10 sec =   20.9719 Mbps     0 retrans   1228 KB-cwnd
    0.1875 MB /   0.10 sec =   15.7268 Mbps     0 retrans   1228 KB-cwnd
    0.1875 MB /   0.10 sec =   15.7260 Mbps     0 retrans   1228 KB-cwnd
    0.2500 MB /   0.10 sec =   20.9721 Mbps     0 retrans   1228 KB-cwnd
    0.1875 MB /   0.10 sec =   15.7285 Mbps     0 retrans   1228 KB-cwnd
    0.2500 MB /   0.10 sec =   20.9675 Mbps     0 retrans   1228 KB-cwnd
    0.2500 MB /   0.10 sec =   20.9757 Mbps     0 retrans   1228 KB-cwnd
    0.1875 MB /   0.10 sec =   15.7176 Mbps     0 retrans   1228 KB-cwnd
    0.2500 MB /   0.10 sec =   20.9925 Mbps     0 retrans   1228 KB-cwnd
    0.1875 MB /   0.10 sec =   15.7242 Mbps     0 retrans   1228 KB-cwnd
    0.2500 MB /   0.10 sec =   20.9615 Mbps     0 retrans   1228 KB-cwnd
    0.2500 MB /   0.10 sec =   20.9856 Mbps     0 retrans   1228 KB-cwnd
    0.1875 MB /   0.10 sec =   15.7140 Mbps     0 retrans   1228 KB-cwnd
    0.1875 MB /   0.10 sec =   15.7447 Mbps     0 retrans   1228 KB-cwnd
    0.1875 MB /   0.10 sec =   15.7121 Mbps     0 retrans   1228 KB-cwnd
    0.1250 MB /   0.10 sec =   10.4866 Mbps     0 retrans   1228 KB-cwnd
    0.1875 MB /   0.10 sec =   15.7395 Mbps     0 retrans   1228 KB-cwnd
    0.1875 MB /   0.10 sec =   15.7216 Mbps     0 retrans   1228 KB-cwnd
    0.1250 MB /   0.10 sec =   10.4921 Mbps     0 retrans   1228 KB-cwnd
    0.1250 MB /   0.10 sec =   10.4759 Mbps     0 retrans   1228 KB-cwnd
    0.1875 MB /   0.10 sec =   15.7323 Mbps     0 retrans   1228 KB-cwnd
    0.1250 MB /   0.10 sec =   10.4908 Mbps     0 retrans   1228 KB-cwnd
    0.1875 MB /   0.10 sec =   15.7323 Mbps     0 retrans   1228 KB-cwnd
    0.2500 MB /   0.10 sec =   20.9594 Mbps     0 retrans   1228 KB-cwnd
    0.1875 MB /   0.10 sec =   15.7231 Mbps     0 retrans   1228 KB-cwnd
    0.2500 MB /   0.10 sec =   20.9732 Mbps     0 retrans   1228 KB-cwnd
    0.1875 MB /   0.10 sec =   15.7349 Mbps     0 retrans   1228 KB-cwnd
    0.1875 MB /   0.10 sec =   15.7288 Mbps     0 retrans   1299 KB-cwnd
    0.2500 MB /   0.10 sec =   20.9610 Mbps     0 retrans   1299 KB-cwnd
    0.2500 MB /   0.10 sec =   20.9715 Mbps     0 retrans   1299 KB-cwnd
    0.2500 MB /   0.10 sec =   20.9728 Mbps     0 retrans   1299 KB-cwnd
    0.2500 MB /   0.10 sec =   20.9761 Mbps     0 retrans   1299 KB-cwnd
    0.1875 MB /   0.10 sec =   15.7409 Mbps     0 retrans   1299 KB-cwnd
    0.2500 MB /   0.10 sec =   20.9652 Mbps     0 retrans   1299 KB-cwnd
    0.1875 MB /   0.10 sec =   15.7167 Mbps     0 retrans   1299 KB-cwnd
    0.2500 MB /   0.10 sec =   20.9724 Mbps     0 retrans   1299 KB-cwnd
    0.3125 MB /   0.10 sec =   26.2391 Mbps     0 retrans   1299 KB-cwnd
    0.3125 MB /   0.10 sec =   26.2149 Mbps     0 retrans   1299 KB-cwnd
    0.2500 MB /   0.10 sec =   20.9673 Mbps     0 retrans   1299 KB-cwnd
    0.1875 MB /   0.10 sec =   15.7158 Mbps     0 retrans   1299 KB-cwnd
    0.3125 MB /   0.10 sec =   26.2181 Mbps     0 retrans   1299 KB-cwnd
    0.3125 MB /   0.10 sec =   26.2086 Mbps     0 retrans   1299 KB-cwnd
    0.2500 MB /   0.10 sec =   20.9732 Mbps     0 retrans   1299 KB-cwnd
    0.3125 MB /   0.10 sec =   26.2427 Mbps     0 retrans   1299 KB-cwnd
    0.2500 MB /   0.10 sec =   20.9604 Mbps     0 retrans   1299 KB-cwnd
    0.2500 MB /   0.10 sec =   20.9608 Mbps     0 retrans   1299 KB-cwnd
    0.3125 MB /   0.10 sec =   26.2073 Mbps     0 retrans   1299 KB-cwnd
    0.2500 MB /   0.10 sec =   20.9990 Mbps     0 retrans   1299 KB-cwnd
    0.1875 MB /   0.10 sec =   15.7132 Mbps     0 retrans   1299 KB-cwnd
    0.3125 MB /   0.10 sec =   26.2141 Mbps     0 retrans   1299 KB-cwnd
    0.2500 MB /   0.10 sec =   20.9715 Mbps     0 retrans   1299 KB-cwnd
    0.2500 MB /   0.10 sec =   20.9631 Mbps     0 retrans   1299 KB-cwnd
    0.2500 MB /   0.10 sec =   20.9759 Mbps     0 retrans   1299 KB-cwnd
    0.2500 MB /   0.10 sec =   20.9896 Mbps     0 retrans   1299 KB-cwnd
    0.2500 MB /   0.10 sec =   20.9541 Mbps     0 retrans   1299 KB-cwnd
    0.3125 MB /   0.10 sec =   26.2196 Mbps     0 retrans   1299 KB-cwnd
    0.1875 MB /   0.10 sec =   15.7277 Mbps     0 retrans   1299 KB-cwnd
    0.1875 MB /   0.10 sec =   15.7275 Mbps     0 retrans   1299 KB-cwnd
    0.1875 MB /   0.10 sec =   15.7296 Mbps     0 retrans   1299 KB-cwnd
    0.2500 MB /   0.10 sec =   20.9692 Mbps     0 retrans   1299 KB-cwnd
    0.1875 MB /   0.10 sec =   15.7299 Mbps     0 retrans   1299 KB-cwnd
    0.1875 MB /   0.10 sec =   15.7263 Mbps     0 retrans   1299 KB-cwnd
    0.1250 MB /   0.10 sec =   10.4953 Mbps     0 retrans   1299 KB-cwnd
    0.1250 MB /   0.10 sec =   10.4739 Mbps     0 retrans   1299 KB-cwnd
    0.1875 MB /   0.10 sec =   15.7395 Mbps     0 retrans   1299 KB-cwnd
    0.2500 MB /   0.10 sec =   20.9663 Mbps     0 retrans   1299 KB-cwnd
    0.1875 MB /   0.10 sec =   15.7285 Mbps     0 retrans   1299 KB-cwnd
    0.1875 MB /   0.10 sec =   15.7442 Mbps     0 retrans   1299 KB-cwnd
    0.1875 MB /   0.10 sec =   15.7131 Mbps     0 retrans   1299 KB-cwnd
    0.1875 MB /   0.10 sec =   15.7357 Mbps     0 retrans   1299 KB-cwnd
    0.1875 MB /   0.10 sec =   15.7197 Mbps     0 retrans   1299 KB-cwnd
    0.1875 MB /   0.10 sec =   15.7231 Mbps     0 retrans   1299 KB-cwnd
    0.2500 MB /   0.10 sec =   20.9900 Mbps     0 retrans   1342 KB-cwnd
    0.1875 MB /   0.10 sec =   15.7334 Mbps     0 retrans   1342 KB-cwnd
    0.1250 MB /   0.10 sec =   10.4774 Mbps     0 retrans   1342 KB-cwnd
    0.2500 MB /   0.10 sec =   20.9719 Mbps     0 retrans   1342 KB-cwnd
    0.1875 MB /   0.10 sec =   15.7286 Mbps     0 retrans   1342 KB-cwnd
    0.1875 MB /   0.10 sec =   15.7293 Mbps     0 retrans   1342 KB-cwnd
    0.1875 MB /   0.10 sec =   15.7290 Mbps     0 retrans   1342 KB-cwnd
    0.1875 MB /   0.10 sec =   15.7286 Mbps     0 retrans   1342 KB-cwnd
    0.1250 MB /   0.10 sec =   10.4859 Mbps     0 retrans   1342 KB-cwnd
    0.1250 MB /   0.10 sec =   10.4854 Mbps     0 retrans   1342 KB-cwnd
    0.1875 MB /   0.10 sec =   15.7324 Mbps     0 retrans   1342 KB-cwnd
    0.1875 MB /   0.10 sec =   15.7249 Mbps     0 retrans   1342 KB-cwnd
    0.1875 MB /   0.10 sec =   15.7282 Mbps     0 retrans   1342 KB-cwnd
    0.2500 MB /   0.10 sec =   20.9682 Mbps     0 retrans   1342 KB-cwnd
    0.1875 MB /   0.10 sec =   15.7475 Mbps     0 retrans   1342 KB-cwnd
    0.2500 MB /   0.10 sec =   20.9401 Mbps     0 retrans   1342 KB-cwnd
    0.1875 MB /   0.10 sec =   15.7356 Mbps     0 retrans   1342 KB-cwnd
    0.2500 MB /   0.10 sec =   20.9772 Mbps     0 retrans   1342 KB-cwnd
    0.1875 MB /   0.10 sec =   15.7294 Mbps     0 retrans   1342 KB-cwnd
    0.2500 MB /   0.10 sec =   20.9491 Mbps     0 retrans   1342 KB-cwnd
    0.1250 MB /   0.10 sec =   10.4928 Mbps     0 retrans   1342 KB-cwnd
    0.2500 MB /   0.10 sec =   20.9883 Mbps     0 retrans   1342 KB-cwnd
    0.1875 MB /   0.10 sec =   15.7178 Mbps     0 retrans   1342 KB-cwnd
    0.2500 MB /   0.10 sec =   20.9879 Mbps     0 retrans   1342 KB-cwnd
    0.2500 MB /   0.10 sec =   20.9594 Mbps     0 retrans   1342 KB-cwnd
    0.1875 MB /   0.10 sec =   15.7181 Mbps     0 retrans   1342 KB-cwnd
    0.2500 MB /   0.10 sec =   20.9812 Mbps     0 retrans   1342 KB-cwnd
    0.1875 MB /   0.10 sec =   15.7249 Mbps     0 retrans   1342 KB-cwnd
    0.3125 MB /   0.10 sec =   26.2396 Mbps     0 retrans   1342 KB-cwnd
    0.2500 MB /   0.10 sec =   20.9724 Mbps     0 retrans   1342 KB-cwnd
    0.2500 MB /   0.10 sec =   20.9564 Mbps     0 retrans   1342 KB-cwnd
    0.2500 MB /   0.10 sec =   20.9858 Mbps     0 retrans   1342 KB-cwnd
    0.2500 MB /   0.10 sec =   20.9732 Mbps     0 retrans   1342 KB-cwnd
    0.2500 MB /   0.10 sec =   20.9608 Mbps     0 retrans   1342 KB-cwnd
    0.2500 MB /   0.10 sec =   20.9667 Mbps     0 retrans   1342 KB-cwnd
    0.3750 MB /   0.10 sec =   31.4563 Mbps     0 retrans   1342 KB-cwnd
    0.2500 MB /   0.10 sec =   20.9724 Mbps     0 retrans   1342 KB-cwnd
    0.3125 MB /   0.10 sec =   26.2168 Mbps     0 retrans   1342 KB-cwnd
    0.3125 MB /   0.10 sec =   26.2304 Mbps     0 retrans   1342 KB-cwnd
    0.1875 MB /   0.10 sec =   15.7297 Mbps     0 retrans   1342 KB-cwnd
    0.3125 MB /   0.10 sec =   26.2126 Mbps     0 retrans   1342 KB-cwnd
    0.3125 MB /   0.10 sec =   26.2204 Mbps     0 retrans   1342 KB-cwnd
    0.2500 MB /   0.10 sec =   20.9631 Mbps     0 retrans   1342 KB-cwnd
    0.2500 MB /   0.10 sec =   20.9541 Mbps     0 retrans   1342 KB-cwnd
    0.2500 MB /   0.10 sec =   20.9927 Mbps     0 retrans   1342 KB-cwnd
    0.2500 MB /   0.10 sec =   20.9772 Mbps     0 retrans   1342 KB-cwnd
    0.3125 MB /   0.10 sec =   26.1866 Mbps     0 retrans   1359 KB-cwnd
    0.1875 MB /   0.10 sec =   15.7217 Mbps     0 retrans   1359 KB-cwnd
    0.3125 MB /   0.10 sec =   26.2533 Mbps     0 retrans   1359 KB-cwnd
    0.2500 MB /   0.10 sec =   20.9453 Mbps     0 retrans   1359 KB-cwnd
    0.2500 MB /   0.10 sec =   20.9984 Mbps     0 retrans   1359 KB-cwnd
    0.2500 MB /   0.10 sec =   20.9439 Mbps     0 retrans   1359 KB-cwnd
    0.1875 MB /   0.10 sec =   15.7485 Mbps     0 retrans   1359 KB-cwnd
    0.3125 MB /   0.10 sec =   26.2144 Mbps     0 retrans   1359 KB-cwnd
    0.1875 MB /   0.10 sec =   15.7175 Mbps     0 retrans   1359 KB-cwnd
    0.2500 MB /   0.10 sec =   20.9644 Mbps     0 retrans   1359 KB-cwnd
    0.2500 MB /   0.10 sec =   20.9713 Mbps     0 retrans   1359 KB-cwnd
    0.3125 MB /   0.10 sec =   26.2154 Mbps     0 retrans   1359 KB-cwnd
    0.2500 MB /   0.10 sec =   20.9724 Mbps     0 retrans   1359 KB-cwnd
    0.3125 MB /   0.10 sec =   26.2118 Mbps     0 retrans   1359 KB-cwnd
    0.2500 MB /   0.10 sec =   20.9950 Mbps     0 retrans   1359 KB-cwnd
    0.2500 MB /   0.10 sec =   20.9669 Mbps     0 retrans   1359 KB-cwnd
    0.2500 MB /   0.10 sec =   20.9516 Mbps     0 retrans   1359 KB-cwnd
    0.3125 MB /   0.10 sec =   26.2147 Mbps     0 retrans   1359 KB-cwnd
    0.2500 MB /   0.10 sec =   20.9677 Mbps     0 retrans   1359 KB-cwnd
    0.1875 MB /   0.10 sec =   15.7337 Mbps     0 retrans   1359 KB-cwnd
    0.3125 MB /   0.10 sec =   26.2412 Mbps     0 retrans   1359 KB-cwnd
    0.2500 MB /   0.10 sec =   20.9644 Mbps     0 retrans   1359 KB-cwnd
    0.3125 MB /   0.10 sec =   26.2094 Mbps     0 retrans   1359 KB-cwnd
    0.2500 MB /   0.10 sec =   20.9833 Mbps     0 retrans   1359 KB-cwnd
    0.3125 MB /   0.10 sec =   26.2131 Mbps     0 retrans   1359 KB-cwnd
    0.2500 MB /   0.10 sec =   20.9663 Mbps     0 retrans   1359 KB-cwnd
    0.2500 MB /   0.10 sec =   20.9571 Mbps     0 retrans   1359 KB-cwnd
    0.3125 MB /   0.10 sec =   26.2322 Mbps     0 retrans   1359 KB-cwnd
    0.2500 MB /   0.10 sec =   20.9445 Mbps     0 retrans   1359 KB-cwnd
    0.3125 MB /   0.10 sec =   26.2535 Mbps     0 retrans   1359 KB-cwnd
    0.1875 MB /   0.10 sec =   15.7076 Mbps     0 retrans   1359 KB-cwnd
    0.2500 MB /   0.10 sec =   21.0016 Mbps     0 retrans   1359 KB-cwnd
    0.2500 MB /   0.10 sec =   20.9466 Mbps     0 retrans   1359 KB-cwnd
    0.2500 MB /   0.10 sec =   20.9896 Mbps     0 retrans   1359 KB-cwnd
    0.3125 MB /   0.10 sec =   26.2231 Mbps     0 retrans   1359 KB-cwnd
    0.1875 MB /   0.10 sec =   15.7070 Mbps     0 retrans   1359 KB-cwnd
    0.2500 MB /   0.10 sec =   20.9705 Mbps     0 retrans   1359 KB-cwnd
    0.2500 MB /   0.10 sec =   20.9703 Mbps     0 retrans   1359 KB-cwnd
    0.3125 MB /   0.10 sec =   26.2462 Mbps     0 retrans   1359 KB-cwnd
    0.3125 MB /   0.10 sec =   26.2149 Mbps     0 retrans   1359 KB-cwnd
    0.3125 MB /   0.10 sec =   26.1804 Mbps     0 retrans   1417 KB-cwnd
    0.3125 MB /   0.10 sec =   26.2354 Mbps     0 retrans   1417 KB-cwnd
    0.3125 MB /   0.10 sec =   26.2280 Mbps     0 retrans   1417 KB-cwnd
    0.1875 MB /   0.10 sec =   15.7253 Mbps     0 retrans   1417 KB-cwnd
    0.1875 MB /   0.10 sec =   15.7134 Mbps     0 retrans   1417 KB-cwnd
    0.2500 MB /   0.10 sec =   20.9952 Mbps     0 retrans   1417 KB-cwnd
    0.2500 MB /   0.10 sec =   20.9560 Mbps     0 retrans   1417 KB-cwnd
    0.3125 MB /   0.10 sec =   26.2414 Mbps     0 retrans   1417 KB-cwnd
    0.2500 MB /   0.10 sec =   20.9418 Mbps     0 retrans   1417 KB-cwnd
    0.2500 MB /   0.10 sec =   20.9854 Mbps     0 retrans   1417 KB-cwnd
    0.3125 MB /   0.10 sec =   26.2338 Mbps     0 retrans   1417 KB-cwnd
    0.2500 MB /   0.10 sec =   20.9721 Mbps     0 retrans   1417 KB-cwnd
    0.2500 MB /   0.10 sec =   20.9713 Mbps     0 retrans   1417 KB-cwnd
    0.3125 MB /   0.10 sec =   26.2076 Mbps     0 retrans   1417 KB-cwnd
    0.3125 MB /   0.10 sec =   26.1953 Mbps     0 retrans   1417 KB-cwnd
    0.2500 MB /   0.10 sec =   20.9705 Mbps     0 retrans   1417 KB-cwnd
    0.3125 MB /   0.10 sec =   26.2223 Mbps     0 retrans   1417 KB-cwnd
    0.3125 MB /   0.10 sec =   26.2338 Mbps     0 retrans   1417 KB-cwnd
    0.2500 MB /   0.10 sec =   20.9508 Mbps     0 retrans   1417 KB-cwnd
    0.3125 MB /   0.10 sec =   26.2181 Mbps     0 retrans   1417 KB-cwnd
    0.2500 MB /   0.10 sec =   20.9864 Mbps     0 retrans   1417 KB-cwnd
    0.3125 MB /   0.10 sec =   26.2186 Mbps     0 retrans   1417 KB-cwnd
    0.2500 MB /   0.10 sec =   20.9652 Mbps     0 retrans   1417 KB-cwnd
    0.3125 MB /   0.10 sec =   26.2044 Mbps     0 retrans   1417 KB-cwnd
    0.2500 MB /   0.10 sec =   20.9648 Mbps     0 retrans   1417 KB-cwnd
    0.3125 MB /   0.10 sec =   26.2378 Mbps     0 retrans   1417 KB-cwnd
    0.3125 MB /   0.10 sec =   26.2097 Mbps     0 retrans   1417 KB-cwnd
    0.2500 MB /   0.10 sec =   20.9721 Mbps     0 retrans   1417 KB-cwnd
    0.2500 MB /   0.10 sec =   20.9713 Mbps     0 retrans   1417 KB-cwnd
    0.1875 MB /   0.10 sec =   15.7213 Mbps     0 retrans   1417 KB-cwnd
    0.2500 MB /   0.10 sec =   20.9774 Mbps     0 retrans   1417 KB-cwnd
    0.2500 MB /   0.10 sec =   20.9805 Mbps     0 retrans   1417 KB-cwnd
    0.2500 MB /   0.10 sec =   20.9719 Mbps     0 retrans   1417 KB-cwnd
    0.2500 MB /   0.10 sec =   20.9569 Mbps     0 retrans   1417 KB-cwnd
    0.2500 MB /   0.10 sec =   20.9571 Mbps     0 retrans   1417 KB-cwnd
    0.2500 MB /   0.10 sec =   20.9791 Mbps     0 retrans   1417 KB-cwnd
    0.2500 MB /   0.10 sec =   20.9793 Mbps     0 retrans   1417 KB-cwnd
    0.1875 MB /   0.10 sec =   15.7382 Mbps     0 retrans   1417 KB-cwnd
    0.2500 MB /   0.10 sec =   20.9514 Mbps     0 retrans   1417 KB-cwnd
    0.2500 MB /   0.10 sec =   20.9684 Mbps     0 retrans   1417 KB-cwnd
    0.2500 MB /   0.10 sec =   20.9738 Mbps     0 retrans   1417 KB-cwnd
    0.1875 MB /   0.10 sec =   15.7291 Mbps     0 retrans   1417 KB-cwnd
    0.3125 MB /   0.10 sec =   26.2144 Mbps     0 retrans   1417 KB-cwnd
    0.2500 MB /   0.10 sec =   20.9713 Mbps     0 retrans   1417 KB-cwnd
    0.2500 MB /   0.10 sec =   20.9927 Mbps     0 retrans   1417 KB-cwnd
    0.2500 MB /   0.10 sec =   20.9391 Mbps     0 retrans   1417 KB-cwnd
    0.2500 MB /   0.10 sec =   20.9782 Mbps     0 retrans   1417 KB-cwnd
    0.3125 MB /   0.10 sec =   26.2451 Mbps     0 retrans   1417 KB-cwnd
    0.2500 MB /   0.10 sec =   20.9525 Mbps     0 retrans   1417 KB-cwnd
    0.2500 MB /   0.10 sec =   20.9698 Mbps     0 retrans   1417 KB-cwnd
    0.3125 MB /   0.10 sec =   26.2301 Mbps     0 retrans   1417 KB-cwnd
    0.2500 MB /   0.10 sec =   20.9529 Mbps     0 retrans   1417 KB-cwnd
    0.1875 MB /   0.10 sec =   15.7327 Mbps     0 retrans   1417 KB-cwnd
    0.2500 MB /   0.10 sec =   20.9705 Mbps     0 retrans   1417 KB-cwnd
    0.2500 MB /   0.10 sec =   20.9873 Mbps     0 retrans   1417 KB-cwnd
    0.1875 MB /   0.10 sec =   15.7095 Mbps     0 retrans   1417 KB-cwnd
    0.3125 MB /   0.10 sec =   26.2370 Mbps     0 retrans   1417 KB-cwnd
    0.1875 MB /   0.10 sec =   15.7404 Mbps     0 retrans   1417 KB-cwnd
    0.3125 MB /   0.10 sec =   26.2063 Mbps     0 retrans   1417 KB-cwnd
    0.2500 MB /   0.10 sec =   20.9667 Mbps     0 retrans   1417 KB-cwnd
    0.2500 MB /   0.10 sec =   20.9608 Mbps     0 retrans   1417 KB-cwnd
    0.3125 MB /   0.10 sec =   26.2425 Mbps     0 retrans   1417 KB-cwnd
    0.2500 MB /   0.10 sec =   20.9648 Mbps     0 retrans   1417 KB-cwnd
    0.3125 MB /   0.10 sec =   26.2220 Mbps     0 retrans   1417 KB-cwnd
    0.3125 MB /   0.10 sec =   26.2076 Mbps     0 retrans   1417 KB-cwnd
    0.2500 MB /   0.10 sec =   20.9617 Mbps     0 retrans   1417 KB-cwnd
    0.2500 MB /   0.10 sec =   20.9659 Mbps     0 retrans   1417 KB-cwnd
    0.2500 MB /   0.10 sec =   20.9707 Mbps     0 retrans   1417 KB-cwnd
    0.3125 MB /   0.10 sec =   26.2141 Mbps     0 retrans   1417 KB-cwnd
    0.2500 MB /   0.10 sec =   20.9820 Mbps     0 retrans   1417 KB-cwnd
    0.3125 MB /   0.10 sec =   26.2217 Mbps     0 retrans   1417 KB-cwnd
    0.2500 MB /   0.10 sec =   20.9768 Mbps     0 retrans   1417 KB-cwnd
    0.2500 MB /   0.10 sec =   20.9671 Mbps     0 retrans   1417 KB-cwnd
    0.2500 MB /   0.10 sec =   20.9652 Mbps     0 retrans   1417 KB-cwnd
    0.2500 MB /   0.10 sec =   20.9667 Mbps     0 retrans   1417 KB-cwnd
    0.1875 MB /   0.10 sec =   15.7175 Mbps     0 retrans   1417 KB-cwnd
    0.2500 MB /   0.10 sec =   20.9810 Mbps     0 retrans   1417 KB-cwnd
    0.2500 MB /   0.10 sec =   20.9902 Mbps     0 retrans   1417 KB-cwnd
    0.1875 MB /   0.10 sec =   15.7139 Mbps     0 retrans   1417 KB-cwnd
    0.2500 MB /   0.10 sec =   20.9713 Mbps     0 retrans   1417 KB-cwnd
    0.2500 MB /   0.10 sec =   20.9875 Mbps     0 retrans   1417 KB-cwnd
    0.2500 MB /   0.10 sec =   20.9556 Mbps     0 retrans   1417 KB-cwnd
    0.3125 MB /   0.10 sec =   26.2425 Mbps     0 retrans   1417 KB-cwnd
    0.2500 MB /   0.10 sec =   20.9711 Mbps     0 retrans   1417 KB-cwnd
    0.3125 MB /   0.10 sec =   26.2084 Mbps     0 retrans   1417 KB-cwnd
    0.2500 MB /   0.10 sec =   20.9508 Mbps     0 retrans   1417 KB-cwnd
    0.3125 MB /   0.10 sec =   26.2383 Mbps     0 retrans   1417 KB-cwnd
    0.3125 MB /   0.10 sec =   26.2217 Mbps     0 retrans   1417 KB-cwnd
    0.2500 MB /   0.10 sec =   20.9728 Mbps     0 retrans   1417 KB-cwnd
    0.3125 MB /   0.10 sec =   26.2139 Mbps     0 retrans   1417 KB-cwnd
    0.3125 MB /   0.10 sec =   26.1898 Mbps     0 retrans   1417 KB-cwnd
    0.1875 MB /   0.10 sec =   15.7288 Mbps     0 retrans   1417 KB-cwnd
    0.2500 MB /   0.10 sec =   20.9615 Mbps     0 retrans   1417 KB-cwnd
    0.2500 MB /   0.10 sec =   20.9799 Mbps     0 retrans   1417 KB-cwnd
    0.2500 MB /   0.10 sec =   20.9929 Mbps     0 retrans   1417 KB-cwnd
    0.2500 MB /   0.10 sec =   20.9709 Mbps     0 retrans   1417 KB-cwnd
    0.3125 MB /   0.10 sec =   26.2003 Mbps     0 retrans   1417 KB-cwnd
    0.1875 MB /   0.10 sec =   15.7175 Mbps     0 retrans   1417 KB-cwnd
    0.3125 MB /   0.10 sec =   26.2480 Mbps     0 retrans   1417 KB-cwnd
    0.3125 MB /   0.10 sec =   26.1772 Mbps     0 retrans   1417 KB-cwnd
    0.2500 MB /   0.10 sec =   20.9812 Mbps     0 retrans   1417 KB-cwnd
    0.2500 MB /   0.10 sec =   20.9913 Mbps     0 retrans   1417 KB-cwnd
    0.1875 MB /   0.10 sec =   15.7073 Mbps     0 retrans   1417 KB-cwnd
    0.1875 MB /   0.10 sec =   15.7466 Mbps     0 retrans   1417 KB-cwnd
    0.1875 MB /   0.10 sec =   15.7052 Mbps     0 retrans   1417 KB-cwnd
    0.1875 MB /   0.10 sec =   15.7561 Mbps     0 retrans   1417 KB-cwnd
    0.2500 MB /   0.10 sec =   20.9435 Mbps     0 retrans   1417 KB-cwnd
    0.2500 MB /   0.10 sec =   20.9818 Mbps     0 retrans   1417 KB-cwnd
    0.3125 MB /   0.10 sec =   26.2110 Mbps     0 retrans   1417 KB-cwnd
    0.1875 MB /   0.10 sec =   15.7283 Mbps     0 retrans   1417 KB-cwnd
    0.2500 MB /   0.10 sec =   20.9747 Mbps     0 retrans   1417 KB-cwnd
    0.3125 MB /   0.10 sec =   26.2078 Mbps     0 retrans   1417 KB-cwnd
    0.1875 MB /   0.10 sec =   15.7296 Mbps     0 retrans   1417 KB-cwnd
    0.3125 MB /   0.10 sec =   26.2136 Mbps     0 retrans   1417 KB-cwnd
    0.3125 MB /   0.10 sec =   26.2165 Mbps     0 retrans   1417 KB-cwnd
    0.1875 MB /   0.10 sec =   15.7277 Mbps     0 retrans   1417 KB-cwnd
    0.3125 MB /   0.10 sec =   26.2357 Mbps     0 retrans   1417 KB-cwnd
    0.2500 MB /   0.10 sec =   20.9525 Mbps     0 retrans   1417 KB-cwnd
    0.2500 MB /   0.10 sec =   20.9749 Mbps     0 retrans   1417 KB-cwnd
    0.3125 MB /   0.10 sec =   26.2406 Mbps     0 retrans   1417 KB-cwnd
    0.2500 MB /   0.10 sec =   20.9692 Mbps     0 retrans   1417 KB-cwnd
    0.1875 MB /   0.10 sec =   15.7286 Mbps     0 retrans   1417 KB-cwnd
    0.3125 MB /   0.10 sec =   26.2173 Mbps     0 retrans   1417 KB-cwnd
    0.2500 MB /   0.10 sec =   20.9560 Mbps     0 retrans   1417 KB-cwnd
    0.3125 MB /   0.10 sec =   26.2071 Mbps     0 retrans   1417 KB-cwnd
    0.3125 MB /   0.10 sec =   26.2047 Mbps     0 retrans   1417 KB-cwnd
    0.2500 MB /   0.10 sec =   20.9793 Mbps     0 retrans   1417 KB-cwnd
    0.3125 MB /   0.10 sec =   26.2168 Mbps     0 retrans   1417 KB-cwnd
    0.2500 MB /   0.10 sec =   20.9690 Mbps     0 retrans   1417 KB-cwnd
    0.3125 MB /   0.10 sec =   26.1968 Mbps     0 retrans   1417 KB-cwnd
    0.2500 MB /   0.10 sec =   20.9868 Mbps     0 retrans   1417 KB-cwnd
    0.3125 MB /   0.10 sec =   26.2328 Mbps     0 retrans   1417 KB-cwnd
    0.2500 MB /   0.10 sec =   20.9416 Mbps     0 retrans   1417 KB-cwnd
    0.3125 MB /   0.10 sec =   26.2590 Mbps     0 retrans   1417 KB-cwnd
    0.2500 MB /   0.10 sec =   20.9418 Mbps     0 retrans   1417 KB-cwnd
    0.2500 MB /   0.10 sec =   20.9946 Mbps     0 retrans   1417 KB-cwnd
    0.2500 MB /   0.10 sec =   20.9566 Mbps     0 retrans   1417 KB-cwnd
    0.3125 MB /   0.10 sec =   26.2196 Mbps     0 retrans   1417 KB-cwnd
    0.3125 MB /   0.10 sec =   26.1974 Mbps     0 retrans   1417 KB-cwnd
    0.3125 MB /   0.10 sec =   26.2438 Mbps     0 retrans   1417 KB-cwnd
    0.2500 MB /   0.10 sec =   20.9789 Mbps     0 retrans   1417 KB-cwnd
    0.3125 MB /   0.10 sec =   26.2005 Mbps     0 retrans   1417 KB-cwnd
    0.2500 MB /   0.10 sec =   20.9675 Mbps     0 retrans   1417 KB-cwnd
    0.2500 MB /   0.10 sec =   20.9871 Mbps     0 retrans   1417 KB-cwnd
    0.2500 MB /   0.10 sec =   20.9709 Mbps     0 retrans   1417 KB-cwnd
    0.2500 MB /   0.10 sec =   20.9671 Mbps     0 retrans   1417 KB-cwnd
    0.1875 MB /   0.10 sec =   15.7173 Mbps     0 retrans   1417 KB-cwnd
    0.3125 MB /   0.10 sec =   26.1945 Mbps     0 retrans   1417 KB-cwnd
    0.2500 MB /   0.10 sec =   20.9747 Mbps     0 retrans   1417 KB-cwnd
    0.2500 MB /   0.10 sec =   20.9994 Mbps     0 retrans   1417 KB-cwnd
    0.2500 MB /   0.10 sec =   20.9703 Mbps     0 retrans   1417 KB-cwnd
    0.1875 MB /   0.10 sec =   15.7211 Mbps     0 retrans   1417 KB-cwnd
    0.1250 MB /   0.10 sec =   10.4861 Mbps     0 retrans   1417 KB-cwnd
    0.2500 MB /   0.10 sec =   20.9808 Mbps     0 retrans   1417 KB-cwnd
    0.3125 MB /   0.10 sec =   26.2210 Mbps     0 retrans   1417 KB-cwnd
    0.1875 MB /   0.10 sec =   15.7296 Mbps     0 retrans   1417 KB-cwnd
    0.2500 MB /   0.10 sec =   20.9665 Mbps     0 retrans   1417 KB-cwnd
    0.3125 MB /   0.10 sec =   26.1903 Mbps     0 retrans   1417 KB-cwnd
    0.1875 MB /   0.10 sec =   15.7301 Mbps     0 retrans   1417 KB-cwnd
    0.2500 MB /   0.10 sec =   20.9871 Mbps     0 retrans   1417 KB-cwnd
    0.2500 MB /   0.10 sec =   20.9633 Mbps     0 retrans   1417 KB-cwnd
nuttcp-t: 93.7712 MB in 30.00 real seconds = 3200.70 KB/sec = 26.2202 Mbps
nuttcp-t: retrans = 0 cwnd = 1417 KB
nuttcp-t: 1501 I/O calls, msec/call = 20.47, calls/sec = 50.03
nuttcp-t: 0.0user 0.0sys 0:30real 0% 0i+0d 1302maxrss 0+1pf 7+1csw

nuttcp-r: 93.7712 MB in 38.96 real seconds = 2464.37 KB/sec = 20.1881 Mbps
nuttcp-r: 28761 I/O calls, msec/call = 1.39, calls/sec = 738.14
nuttcp-r: 0.0user 0.6sys 0:38real 1% 0i+0d 90maxrss 0+14pf 27049+7csw
