nuttcp-t: v8.1.4: socket
nuttcp-t: buflen=65536, nstream=1, port=5007 tcp -> 3.19.94.93
nuttcp-t: time limit = 30.00 seconds
nuttcp-t: connect to 3.19.94.93 with mss=1376, RTT=88.105 ms af=inet
nuttcp-t: send window size = 33554432, receive window size = 4194304
nuttcp-t: available send window = 25165824, available receive window = 3145728
nuttcp-t: initial congestion window = 13 KB (10 packets)
nuttcp-r: Warning: receive window size 25000000 < requested window size 26214400
nuttcp-r: v6.1.2: socket
nuttcp-r: buflen=65536, nstream=1, port=5007 tcp
nuttcp-r: interval reporting every 0.10 seconds
nuttcp-r: accept from 174.198.66.117
nuttcp-r: send window size = 25000000, receive window size = 50000000
nuttcp-r: available send window = 12500000, available receive window = 25000000
    0.0000 MB /   0.10 sec =    0.0000 Mbps     0 retrans   1022 KB-cwnd
    0.0625 MB /   0.10 sec =    5.2429 Mbps     0 retrans   1022 KB-cwnd
    0.0625 MB /   0.10 sec =    5.2435 Mbps     0 retrans   1022 KB-cwnd
    0.1250 MB /   0.10 sec =   10.4853 Mbps     0 retrans   1022 KB-cwnd
    0.1875 MB /   0.10 sec =   15.7266 Mbps     0 retrans   1022 KB-cwnd
    0.1250 MB /   0.10 sec =   10.4867 Mbps     0 retrans   1022 KB-cwnd
    0.1250 MB /   0.10 sec =   10.4806 Mbps     0 retrans   1022 KB-cwnd
    0.1250 MB /   0.10 sec =   10.4890 Mbps     0 retrans   1022 KB-cwnd
    0.1875 MB /   0.10 sec =   15.7323 Mbps     0 retrans   1022 KB-cwnd
    0.1250 MB /   0.10 sec =   10.4846 Mbps     0 retrans   1022 KB-cwnd
    0.0625 MB /   0.10 sec =    5.2411 Mbps     0 retrans   1022 KB-cwnd
    0.0000 MB /   0.10 sec =    0.0000 Mbps     0 retrans   1022 KB-cwnd
    0.0000 MB /   0.10 sec =    0.0000 Mbps     0 retrans   1022 KB-cwnd
    1.1875 MB /   0.10 sec =   99.6327 Mbps     0 retrans   1022 KB-cwnd
    0.3750 MB /   0.10 sec =   31.4463 Mbps     0 retrans   1022 KB-cwnd
    0.5625 MB /   0.10 sec =   47.1968 Mbps     0 retrans   1022 KB-cwnd
    0.4375 MB /   0.10 sec =   36.6976 Mbps     0 retrans   1022 KB-cwnd
    0.3750 MB /   0.10 sec =   31.4595 Mbps     0 retrans   1022 KB-cwnd
    0.4375 MB /   0.10 sec =   36.7038 Mbps     0 retrans   1022 KB-cwnd
    0.4375 MB /   0.10 sec =   36.6683 Mbps     0 retrans   1022 KB-cwnd
    0.5000 MB /   0.10 sec =   41.9800 Mbps     0 retrans   1022 KB-cwnd
    0.5000 MB /   0.10 sec =   41.9439 Mbps     0 retrans   1022 KB-cwnd
    0.4375 MB /   0.10 sec =   36.6925 Mbps     0 retrans   1022 KB-cwnd
    0.5000 MB /   0.10 sec =   41.9435 Mbps     0 retrans   1022 KB-cwnd
    0.4375 MB /   0.10 sec =   36.7005 Mbps     0 retrans   1022 KB-cwnd
    0.3750 MB /   0.10 sec =   31.4642 Mbps     0 retrans   1022 KB-cwnd
    0.3125 MB /   0.10 sec =   26.2128 Mbps     0 retrans   1022 KB-cwnd
    0.3750 MB /   0.10 sec =   31.4504 Mbps     0 retrans   1022 KB-cwnd
    0.3125 MB /   0.10 sec =   26.2207 Mbps     0 retrans   1022 KB-cwnd
    0.3750 MB /   0.10 sec =   31.4567 Mbps     0 retrans   1022 KB-cwnd
    0.3750 MB /   0.10 sec =   31.4592 Mbps     0 retrans   1022 KB-cwnd
    0.3750 MB /   0.10 sec =   31.4544 Mbps     0 retrans   1022 KB-cwnd
    0.3750 MB /   0.10 sec =   31.4595 Mbps     0 retrans   1022 KB-cwnd
    0.2500 MB /   0.10 sec =   20.9623 Mbps     0 retrans   1022 KB-cwnd
    0.3125 MB /   0.10 sec =   26.2204 Mbps     0 retrans   1022 KB-cwnd
    0.4375 MB /   0.10 sec =   36.7057 Mbps     0 retrans   1022 KB-cwnd
    0.3750 MB /   0.10 sec =   31.4582 Mbps     0 retrans   1022 KB-cwnd
    0.4375 MB /   0.10 sec =   36.6987 Mbps     0 retrans   1022 KB-cwnd
    0.4375 MB /   0.10 sec =   36.7009 Mbps     0 retrans   1022 KB-cwnd
    0.4375 MB /   0.10 sec =   36.7020 Mbps     0 retrans   1022 KB-cwnd
    0.4375 MB /   0.10 sec =   36.7013 Mbps     0 retrans   1022 KB-cwnd
    0.4375 MB /   0.10 sec =   36.6980 Mbps     0 retrans   1022 KB-cwnd
    0.5000 MB /   0.10 sec =   41.9447 Mbps     0 retrans   1022 KB-cwnd
    0.3750 MB /   0.10 sec =   31.4570 Mbps     0 retrans   1022 KB-cwnd
    0.3750 MB /   0.10 sec =   31.4589 Mbps     0 retrans   1022 KB-cwnd
    0.3750 MB /   0.10 sec =   31.4554 Mbps     0 retrans   1022 KB-cwnd
    0.4375 MB /   0.10 sec =   36.7020 Mbps     0 retrans   1022 KB-cwnd
    0.4375 MB /   0.10 sec =   36.6991 Mbps     0 retrans   1022 KB-cwnd
    0.4375 MB /   0.10 sec =   36.7005 Mbps     0 retrans   1022 KB-cwnd
    0.4375 MB /   0.10 sec =   36.7005 Mbps     0 retrans   1022 KB-cwnd
    0.4375 MB /   0.10 sec =   36.7009 Mbps     0 retrans   1022 KB-cwnd
    0.4375 MB /   0.10 sec =   36.6976 Mbps     0 retrans   1022 KB-cwnd
    0.4375 MB /   0.10 sec =   36.7013 Mbps     0 retrans   1022 KB-cwnd
    0.3750 MB /   0.10 sec =   31.4573 Mbps     0 retrans   1022 KB-cwnd
    0.3750 MB /   0.10 sec =   31.4434 Mbps     0 retrans   1022 KB-cwnd
    0.3750 MB /   0.10 sec =   31.4661 Mbps     0 retrans   1022 KB-cwnd
    0.5000 MB /   0.10 sec =   41.9481 Mbps     0 retrans   1022 KB-cwnd
    0.4375 MB /   0.10 sec =   36.7002 Mbps     0 retrans   1022 KB-cwnd
    0.3750 MB /   0.10 sec =   31.4554 Mbps     0 retrans   1022 KB-cwnd
    0.4375 MB /   0.10 sec =   36.7035 Mbps     0 retrans   1022 KB-cwnd
    0.3750 MB /   0.10 sec =   31.4567 Mbps     0 retrans   1022 KB-cwnd
    0.4375 MB /   0.10 sec =   36.7002 Mbps     0 retrans   1022 KB-cwnd
    0.3750 MB /   0.10 sec =   31.4573 Mbps     0 retrans   1022 KB-cwnd
    0.4375 MB /   0.10 sec =   36.7009 Mbps     0 retrans   1022 KB-cwnd
    0.4375 MB /   0.10 sec =   36.6987 Mbps     0 retrans   1022 KB-cwnd
    0.4375 MB /   0.10 sec =   36.6899 Mbps     0 retrans   1022 KB-cwnd
    0.4375 MB /   0.10 sec =   36.7104 Mbps     0 retrans   1022 KB-cwnd
    0.3125 MB /   0.10 sec =   26.2134 Mbps     0 retrans   1022 KB-cwnd
    0.4375 MB /   0.10 sec =   36.7024 Mbps     0 retrans   1022 KB-cwnd
    0.4375 MB /   0.10 sec =   36.6958 Mbps     0 retrans   1022 KB-cwnd
    0.4375 MB /   0.10 sec =   36.6994 Mbps     0 retrans   1022 KB-cwnd
    0.3750 MB /   0.10 sec =   31.4614 Mbps     0 retrans   1022 KB-cwnd
    0.4375 MB /   0.10 sec =   36.7002 Mbps     0 retrans   1022 KB-cwnd
    0.5000 MB /   0.10 sec =   41.9439 Mbps     0 retrans   1022 KB-cwnd
    0.3750 MB /   0.10 sec =   31.4532 Mbps     0 retrans   1022 KB-cwnd
    0.4375 MB /   0.10 sec =   36.7046 Mbps     0 retrans   1022 KB-cwnd
    0.4375 MB /   0.10 sec =   36.6965 Mbps     0 retrans   1022 KB-cwnd
    0.3125 MB /   0.10 sec =   26.2154 Mbps     0 retrans   1022 KB-cwnd
    0.4375 MB /   0.10 sec =   36.7009 Mbps     0 retrans   1022 KB-cwnd
    0.4375 MB /   0.10 sec =   36.6994 Mbps     0 retrans   1022 KB-cwnd
    0.3125 MB /   0.10 sec =   26.2118 Mbps     0 retrans   1022 KB-cwnd
    0.4375 MB /   0.10 sec =   36.6998 Mbps     0 retrans   1022 KB-cwnd
    0.4375 MB /   0.10 sec =   36.7053 Mbps     0 retrans   1022 KB-cwnd
    0.3750 MB /   0.10 sec =   31.4576 Mbps     0 retrans   1022 KB-cwnd
    0.4375 MB /   0.10 sec =   36.6936 Mbps     0 retrans   1022 KB-cwnd
    0.4375 MB /   0.10 sec =   36.7060 Mbps     0 retrans   1022 KB-cwnd
    0.3750 MB /   0.10 sec =   31.4582 Mbps     0 retrans   1022 KB-cwnd
    0.5000 MB /   0.10 sec =   41.9422 Mbps     0 retrans   1022 KB-cwnd
    0.3750 MB /   0.10 sec =   31.4504 Mbps     0 retrans   1022 KB-cwnd
    0.5000 MB /   0.10 sec =   41.9539 Mbps     0 retrans   1022 KB-cwnd
    0.5000 MB /   0.10 sec =   41.9439 Mbps     0 retrans   1022 KB-cwnd
    0.3750 MB /   0.10 sec =   31.4567 Mbps     0 retrans   1022 KB-cwnd
    0.5000 MB /   0.10 sec =   41.9426 Mbps     0 retrans   1022 KB-cwnd
    0.4375 MB /   0.10 sec =   36.6965 Mbps     0 retrans   1022 KB-cwnd
    0.4375 MB /   0.10 sec =   36.6763 Mbps     0 retrans   1022 KB-cwnd
    0.5000 MB /   0.10 sec =   41.9665 Mbps     0 retrans   1022 KB-cwnd
    0.4375 MB /   0.10 sec =   36.7071 Mbps     0 retrans   1022 KB-cwnd
    0.4375 MB /   0.10 sec =   36.6936 Mbps     0 retrans   1022 KB-cwnd
    0.4375 MB /   0.10 sec =   36.7016 Mbps     0 retrans   1022 KB-cwnd
    0.4375 MB /   0.10 sec =   36.6947 Mbps     0 retrans   1022 KB-cwnd
    0.4375 MB /   0.10 sec =   36.7108 Mbps     0 retrans   1022 KB-cwnd
    0.4375 MB /   0.10 sec =   36.7020 Mbps     0 retrans   1022 KB-cwnd
    0.4375 MB /   0.10 sec =   36.7005 Mbps     0 retrans   1022 KB-cwnd
    0.5000 MB /   0.10 sec =   41.9414 Mbps     0 retrans   1022 KB-cwnd
    0.3750 MB /   0.10 sec =   31.4570 Mbps     0 retrans   1022 KB-cwnd
    0.3750 MB /   0.10 sec =   31.4570 Mbps     0 retrans   1022 KB-cwnd
    0.5000 MB /   0.10 sec =   41.9439 Mbps     0 retrans   1022 KB-cwnd
    0.5625 MB /   0.10 sec =   47.1873 Mbps     0 retrans   1022 KB-cwnd
    0.3125 MB /   0.10 sec =   26.2139 Mbps     0 retrans   1022 KB-cwnd
    0.5000 MB /   0.10 sec =   41.9405 Mbps     0 retrans   1022 KB-cwnd
    0.3125 MB /   0.10 sec =   26.2031 Mbps     0 retrans   1022 KB-cwnd
    0.5000 MB /   0.10 sec =   41.9632 Mbps     0 retrans   1022 KB-cwnd
    0.4375 MB /   0.10 sec =   36.6899 Mbps     0 retrans   1022 KB-cwnd
    0.5000 MB /   0.10 sec =   41.9531 Mbps     0 retrans   1022 KB-cwnd
    0.4375 MB /   0.10 sec =   36.6917 Mbps     0 retrans   1022 KB-cwnd
    0.4375 MB /   0.10 sec =   36.7053 Mbps     0 retrans   1022 KB-cwnd
    0.4375 MB /   0.10 sec =   36.7013 Mbps     0 retrans   1022 KB-cwnd
    0.4375 MB /   0.10 sec =   36.7027 Mbps     0 retrans   1022 KB-cwnd
    0.4375 MB /   0.10 sec =   36.6991 Mbps     0 retrans   1022 KB-cwnd
    0.3750 MB /   0.10 sec =   31.4573 Mbps     0 retrans   1022 KB-cwnd
    0.3750 MB /   0.10 sec =   31.4585 Mbps     0 retrans   1022 KB-cwnd
    0.5000 MB /   0.10 sec =   41.9347 Mbps     0 retrans   1022 KB-cwnd
    0.5000 MB /   0.10 sec =   41.9502 Mbps     0 retrans   1022 KB-cwnd
    0.4375 MB /   0.10 sec =   36.6994 Mbps     0 retrans   1022 KB-cwnd
    0.5000 MB /   0.10 sec =   41.9338 Mbps     0 retrans   1022 KB-cwnd
    0.3750 MB /   0.10 sec =   31.4604 Mbps     0 retrans   1022 KB-cwnd
    0.3750 MB /   0.10 sec =   31.4485 Mbps     0 retrans   1022 KB-cwnd
    0.5000 MB /   0.10 sec =   41.9607 Mbps     0 retrans   1022 KB-cwnd
    0.4375 MB /   0.10 sec =   36.7002 Mbps     0 retrans   1022 KB-cwnd
    0.5000 MB /   0.10 sec =   41.9451 Mbps     0 retrans   1046 KB-cwnd
    0.4375 MB /   0.10 sec =   36.6950 Mbps     0 retrans   1046 KB-cwnd
    0.5000 MB /   0.10 sec =   41.9443 Mbps     0 retrans   1046 KB-cwnd
    0.3125 MB /   0.10 sec =   26.2170 Mbps     0 retrans   1046 KB-cwnd
    0.4375 MB /   0.10 sec =   36.6917 Mbps     0 retrans   1046 KB-cwnd
    0.4375 MB /   0.10 sec =   36.7071 Mbps     0 retrans   1046 KB-cwnd
    0.5000 MB /   0.10 sec =   41.9456 Mbps     0 retrans   1046 KB-cwnd
    0.4375 MB /   0.10 sec =   36.6987 Mbps     0 retrans   1046 KB-cwnd
    0.5625 MB /   0.10 sec =   47.1515 Mbps     0 retrans   1046 KB-cwnd
    0.5000 MB /   0.10 sec =   41.9770 Mbps     0 retrans   1046 KB-cwnd
    0.5000 MB /   0.10 sec =   41.9380 Mbps     0 retrans   1046 KB-cwnd
    0.4375 MB /   0.10 sec =   36.7016 Mbps     0 retrans   1046 KB-cwnd
    0.5000 MB /   0.10 sec =   41.9363 Mbps     0 retrans   1046 KB-cwnd
    0.5000 MB /   0.10 sec =   41.9510 Mbps     0 retrans   1046 KB-cwnd
    0.4375 MB /   0.10 sec =   36.6980 Mbps     0 retrans   1046 KB-cwnd
    0.5000 MB /   0.10 sec =   41.9418 Mbps     0 retrans   1046 KB-cwnd
    0.3750 MB /   0.10 sec =   31.4277 Mbps     0 retrans   1046 KB-cwnd
    0.5000 MB /   0.10 sec =   41.9842 Mbps     0 retrans   1046 KB-cwnd
    0.5000 MB /   0.10 sec =   41.9439 Mbps     0 retrans   1046 KB-cwnd
    0.4375 MB /   0.10 sec =   36.6998 Mbps     0 retrans   1046 KB-cwnd
    0.5000 MB /   0.10 sec =   41.9443 Mbps     0 retrans   1046 KB-cwnd
    0.4375 MB /   0.10 sec =   36.6987 Mbps     0 retrans   1046 KB-cwnd
    0.5000 MB /   0.10 sec =   41.9313 Mbps     0 retrans   1046 KB-cwnd
    0.3750 MB /   0.10 sec =   31.4658 Mbps     0 retrans   1046 KB-cwnd
    0.5000 MB /   0.10 sec =   41.9447 Mbps     0 retrans   1046 KB-cwnd
    0.4375 MB /   0.10 sec =   36.6987 Mbps     0 retrans   1046 KB-cwnd
    0.4375 MB /   0.10 sec =   36.6972 Mbps     0 retrans   1046 KB-cwnd
    0.4375 MB /   0.10 sec =   36.6983 Mbps     0 retrans   1046 KB-cwnd
    0.4375 MB /   0.10 sec =   36.7038 Mbps     0 retrans   1046 KB-cwnd
    0.3125 MB /   0.10 sec =   26.2131 Mbps     0 retrans   1046 KB-cwnd
    0.2500 MB /   0.10 sec =   20.9740 Mbps     0 retrans   1046 KB-cwnd
    0.3750 MB /   0.10 sec =   31.4535 Mbps     0 retrans   1046 KB-cwnd
    0.5625 MB /   0.10 sec =   47.1897 Mbps     0 retrans   1046 KB-cwnd
    0.3750 MB /   0.10 sec =   31.4535 Mbps     0 retrans   1046 KB-cwnd
    0.4375 MB /   0.10 sec =   36.7053 Mbps     0 retrans   1046 KB-cwnd
    0.5000 MB /   0.10 sec =   41.9439 Mbps     0 retrans   1046 KB-cwnd
    0.3750 MB /   0.10 sec =   31.4570 Mbps     0 retrans   1046 KB-cwnd
    0.4375 MB /   0.10 sec =   36.7020 Mbps     0 retrans   1046 KB-cwnd
    0.5000 MB /   0.10 sec =   41.9435 Mbps     0 retrans   1046 KB-cwnd
    0.3750 MB /   0.10 sec =   31.4544 Mbps     0 retrans   1046 KB-cwnd
    0.5625 MB /   0.10 sec =   47.1873 Mbps     0 retrans   1046 KB-cwnd
    0.4375 MB /   0.10 sec =   36.6958 Mbps     0 retrans   1046 KB-cwnd
    0.5000 MB /   0.10 sec =   41.9472 Mbps     0 retrans   1046 KB-cwnd
    0.3125 MB /   0.10 sec =   26.2152 Mbps     0 retrans   1046 KB-cwnd
    0.4375 MB /   0.10 sec =   36.6983 Mbps     0 retrans   1046 KB-cwnd
    0.5000 MB /   0.10 sec =   41.9405 Mbps     0 retrans   1046 KB-cwnd
    0.3750 MB /   0.10 sec =   31.4601 Mbps     0 retrans   1046 KB-cwnd
    0.4375 MB /   0.10 sec =   36.6983 Mbps     0 retrans   1046 KB-cwnd
    0.5000 MB /   0.10 sec =   41.9430 Mbps     0 retrans   1046 KB-cwnd
    0.4375 MB /   0.10 sec =   36.6998 Mbps     0 retrans   1046 KB-cwnd
    0.3750 MB /   0.10 sec =   31.4592 Mbps     0 retrans   1046 KB-cwnd
    0.2500 MB /   0.10 sec =   20.9690 Mbps     0 retrans   1046 KB-cwnd
    0.5000 MB /   0.10 sec =   41.9460 Mbps     0 retrans   1046 KB-cwnd
    0.4375 MB /   0.10 sec =   36.6976 Mbps     0 retrans   1046 KB-cwnd
    0.3750 MB /   0.10 sec =   31.4535 Mbps     0 retrans   1046 KB-cwnd
    0.3750 MB /   0.10 sec =   31.4592 Mbps     0 retrans   1046 KB-cwnd
    0.5000 MB /   0.10 sec =   41.9321 Mbps     0 retrans   1046 KB-cwnd
    0.3750 MB /   0.10 sec =   31.4708 Mbps     0 retrans   1046 KB-cwnd
    0.4375 MB /   0.10 sec =   36.6994 Mbps     0 retrans   1046 KB-cwnd
    0.4375 MB /   0.10 sec =   36.7016 Mbps     0 retrans   1046 KB-cwnd
    0.4375 MB /   0.10 sec =   36.6980 Mbps     0 retrans   1046 KB-cwnd
    0.5000 MB /   0.10 sec =   41.9477 Mbps     0 retrans   1046 KB-cwnd
    0.4375 MB /   0.10 sec =   36.6976 Mbps     0 retrans   1046 KB-cwnd
    0.5000 MB /   0.10 sec =   41.9460 Mbps     0 retrans   1046 KB-cwnd
    0.4375 MB /   0.10 sec =   36.6991 Mbps     0 retrans   1046 KB-cwnd
    0.5000 MB /   0.10 sec =   41.9363 Mbps     0 retrans   1046 KB-cwnd
    0.5000 MB /   0.10 sec =   41.9514 Mbps     0 retrans   1046 KB-cwnd
    0.4375 MB /   0.10 sec =   36.6965 Mbps     0 retrans   1046 KB-cwnd
    0.5000 MB /   0.10 sec =   41.9426 Mbps     0 retrans   1046 KB-cwnd
    0.3125 MB /   0.10 sec =   26.2154 Mbps     0 retrans   1046 KB-cwnd
    0.5000 MB /   0.10 sec =   41.9447 Mbps     0 retrans   1046 KB-cwnd
    0.4375 MB /   0.10 sec =   36.7002 Mbps     0 retrans   1046 KB-cwnd
    0.4375 MB /   0.10 sec =   36.6998 Mbps     0 retrans   1046 KB-cwnd
    0.3750 MB /   0.10 sec =   31.4579 Mbps     0 retrans   1046 KB-cwnd
    0.4375 MB /   0.10 sec =   36.6983 Mbps     0 retrans   1046 KB-cwnd
    0.4375 MB /   0.10 sec =   36.7013 Mbps     0 retrans   1046 KB-cwnd
    0.4375 MB /   0.10 sec =   36.6980 Mbps     0 retrans   1046 KB-cwnd
    0.4375 MB /   0.10 sec =   36.7038 Mbps     0 retrans   1046 KB-cwnd
    0.3750 MB /   0.10 sec =   31.4563 Mbps     0 retrans   1046 KB-cwnd
    0.4375 MB /   0.10 sec =   36.7002 Mbps     0 retrans   1046 KB-cwnd
    0.4375 MB /   0.10 sec =   36.7002 Mbps     0 retrans   1046 KB-cwnd
    0.5000 MB /   0.10 sec =   41.9401 Mbps     0 retrans   1046 KB-cwnd
    0.3750 MB /   0.10 sec =   31.4595 Mbps     0 retrans   1046 KB-cwnd
    0.4375 MB /   0.10 sec =   36.6928 Mbps     0 retrans   1046 KB-cwnd
    0.3750 MB /   0.10 sec =   31.4629 Mbps     0 retrans   1046 KB-cwnd
    0.4375 MB /   0.10 sec =   36.6141 Mbps     0 retrans   1046 KB-cwnd
    0.4375 MB /   0.10 sec =   36.7873 Mbps     0 retrans   1046 KB-cwnd
    0.4375 MB /   0.10 sec =   36.6961 Mbps     0 retrans   1046 KB-cwnd
    0.4375 MB /   0.10 sec =   36.7053 Mbps     0 retrans   1046 KB-cwnd
    0.5000 MB /   0.10 sec =   41.9426 Mbps     0 retrans   1046 KB-cwnd
    0.4375 MB /   0.10 sec =   36.7002 Mbps     0 retrans   1046 KB-cwnd
    0.3750 MB /   0.10 sec =   31.4450 Mbps     0 retrans   1046 KB-cwnd
    0.3750 MB /   0.10 sec =   31.4686 Mbps     0 retrans   1046 KB-cwnd
    0.4375 MB /   0.10 sec =   36.6921 Mbps     0 retrans   1046 KB-cwnd
    0.5000 MB /   0.10 sec =   41.9439 Mbps     0 retrans   1046 KB-cwnd
    0.3750 MB /   0.10 sec =   31.4595 Mbps     0 retrans   1046 KB-cwnd
    0.5000 MB /   0.10 sec =   41.9489 Mbps     0 retrans   1046 KB-cwnd
    0.4375 MB /   0.10 sec =   36.6991 Mbps     0 retrans   1046 KB-cwnd
    0.4375 MB /   0.10 sec =   36.7024 Mbps     0 retrans   1046 KB-cwnd
    0.4375 MB /   0.10 sec =   36.6965 Mbps     0 retrans   1046 KB-cwnd
    0.3750 MB /   0.10 sec =   31.4362 Mbps     0 retrans   1046 KB-cwnd
    0.4375 MB /   0.10 sec =   36.7185 Mbps     0 retrans   1046 KB-cwnd
    0.4375 MB /   0.10 sec =   36.6899 Mbps     0 retrans   1046 KB-cwnd
    0.4375 MB /   0.10 sec =   36.7189 Mbps     0 retrans   1046 KB-cwnd
    0.3750 MB /   0.10 sec =   31.4497 Mbps     0 retrans   1046 KB-cwnd
    0.3750 MB /   0.10 sec =   31.4642 Mbps     0 retrans   1046 KB-cwnd
    0.4375 MB /   0.10 sec =   36.7002 Mbps     0 retrans   1046 KB-cwnd
    0.3750 MB /   0.10 sec =   31.4519 Mbps     0 retrans   1046 KB-cwnd
    0.3750 MB /   0.10 sec =   31.4535 Mbps     0 retrans   1046 KB-cwnd
    0.4375 MB /   0.10 sec =   36.7097 Mbps     0 retrans   1046 KB-cwnd
    0.4375 MB /   0.10 sec =   36.7016 Mbps     0 retrans   1046 KB-cwnd
    0.4375 MB /   0.10 sec =   36.7016 Mbps     0 retrans   1046 KB-cwnd
    0.3750 MB /   0.10 sec =   31.4563 Mbps     0 retrans   1046 KB-cwnd
    0.4375 MB /   0.10 sec =   36.6961 Mbps     0 retrans   1046 KB-cwnd
    0.4375 MB /   0.10 sec =   36.7042 Mbps     0 retrans   1046 KB-cwnd
    0.3125 MB /   0.10 sec =   26.2073 Mbps     0 retrans   1046 KB-cwnd
    0.5000 MB /   0.10 sec =   41.9535 Mbps     0 retrans   1046 KB-cwnd
    0.3750 MB /   0.10 sec =   31.4570 Mbps     0 retrans   1046 KB-cwnd
    0.5000 MB /   0.10 sec =   41.9426 Mbps     0 retrans   1046 KB-cwnd
    0.4375 MB /   0.10 sec =   36.6877 Mbps     0 retrans   1046 KB-cwnd
    0.4375 MB /   0.10 sec =   36.7086 Mbps     0 retrans   1046 KB-cwnd
    0.4375 MB /   0.10 sec =   36.7049 Mbps     0 retrans   1046 KB-cwnd
    0.4375 MB /   0.10 sec =   36.7005 Mbps     0 retrans   1046 KB-cwnd
    0.5000 MB /   0.10 sec =   41.9409 Mbps     0 retrans   1046 KB-cwnd
    0.3750 MB /   0.10 sec =   31.4598 Mbps     0 retrans   1046 KB-cwnd
    0.4375 MB /   0.10 sec =   36.7013 Mbps     0 retrans   1046 KB-cwnd
    0.3750 MB /   0.10 sec =   31.4579 Mbps     0 retrans   1046 KB-cwnd
    0.5000 MB /   0.10 sec =   41.9405 Mbps     0 retrans   1046 KB-cwnd
    0.4375 MB /   0.10 sec =   36.7002 Mbps     0 retrans   1046 KB-cwnd
    0.5000 MB /   0.10 sec =   41.9447 Mbps     0 retrans   1046 KB-cwnd
    0.3750 MB /   0.10 sec =   31.4551 Mbps     0 retrans   1046 KB-cwnd
    0.4375 MB /   0.10 sec =   36.7013 Mbps     0 retrans   1046 KB-cwnd
    0.5000 MB /   0.10 sec =   41.9309 Mbps     0 retrans   1046 KB-cwnd
    0.4375 MB /   0.10 sec =   36.7115 Mbps     0 retrans   1046 KB-cwnd
    0.4375 MB /   0.10 sec =   36.6991 Mbps     0 retrans   1046 KB-cwnd
    0.4375 MB /   0.10 sec =   36.7016 Mbps     0 retrans   1046 KB-cwnd
    0.5000 MB /   0.10 sec =   41.9359 Mbps     0 retrans   1046 KB-cwnd
    0.3750 MB /   0.10 sec =   31.4626 Mbps     0 retrans   1046 KB-cwnd
    0.5000 MB /   0.10 sec =   41.9414 Mbps     0 retrans   1046 KB-cwnd
    0.4375 MB /   0.10 sec =   36.6998 Mbps     0 retrans   1046 KB-cwnd
    0.3750 MB /   0.10 sec =   31.4544 Mbps     0 retrans   1046 KB-cwnd
    0.5000 MB /   0.10 sec =   41.9166 Mbps     0 retrans   1046 KB-cwnd
    0.3750 MB /   0.10 sec =   31.4762 Mbps     0 retrans   1046 KB-cwnd
    0.4375 MB /   0.10 sec =   36.6998 Mbps     0 retrans   1046 KB-cwnd
    0.5000 MB /   0.10 sec =   41.9472 Mbps     0 retrans   1046 KB-cwnd
    0.3750 MB /   0.10 sec =   31.4538 Mbps     0 retrans   1046 KB-cwnd
    0.4375 MB /   0.10 sec =   36.7031 Mbps     0 retrans   1046 KB-cwnd
    0.4375 MB /   0.10 sec =   36.6987 Mbps     0 retrans   1046 KB-cwnd
    0.4375 MB /   0.10 sec =   36.6983 Mbps     0 retrans   1046 KB-cwnd
    0.4375 MB /   0.10 sec =   36.7009 Mbps     0 retrans   1046 KB-cwnd
    0.4375 MB /   0.10 sec =   36.6972 Mbps     0 retrans   1046 KB-cwnd
    0.4375 MB /   0.10 sec =   36.7057 Mbps     0 retrans   1046 KB-cwnd
    0.4375 MB /   0.10 sec =   36.7020 Mbps     0 retrans   1046 KB-cwnd
    0.4375 MB /   0.10 sec =   36.7002 Mbps     0 retrans   1046 KB-cwnd
    0.5000 MB /   0.10 sec =   41.9418 Mbps     0 retrans   1046 KB-cwnd
    0.5000 MB /   0.10 sec =   41.9388 Mbps     0 retrans   1046 KB-cwnd
    0.4375 MB /   0.10 sec =   36.6969 Mbps     0 retrans   1046 KB-cwnd
    0.5625 MB /   0.10 sec =   47.1987 Mbps     0 retrans   1046 KB-cwnd
    0.4375 MB /   0.10 sec =   36.7005 Mbps     0 retrans   1046 KB-cwnd
    0.5625 MB /   0.10 sec =   47.1864 Mbps     0 retrans   1046 KB-cwnd
    0.3750 MB /   0.10 sec =   31.4554 Mbps     0 retrans   1046 KB-cwnd
    0.5625 MB /   0.10 sec =   47.1850 Mbps     0 retrans   1046 KB-cwnd
    0.5000 MB /   0.10 sec =   41.9430 Mbps     0 retrans   1046 KB-cwnd
    0.5000 MB /   0.10 sec =   41.9439 Mbps     0 retrans   1046 KB-cwnd
    0.4375 MB /   0.10 sec =   36.6983 Mbps     0 retrans   1046 KB-cwnd
    0.5000 MB /   0.10 sec =   41.9456 Mbps     0 retrans   1046 KB-cwnd
    0.4375 MB /   0.10 sec =   36.7002 Mbps     0 retrans   1046 KB-cwnd
    0.5625 MB /   0.10 sec =   47.1840 Mbps     0 retrans   1046 KB-cwnd
    0.4375 MB /   0.10 sec =   36.7009 Mbps     0 retrans   1046 KB-cwnd
    0.5625 MB /   0.10 sec =   47.1892 Mbps     0 retrans   1046 KB-cwnd
    0.5000 MB /   0.10 sec =   41.9338 Mbps     0 retrans   1046 KB-cwnd
    0.5625 MB /   0.10 sec =   47.1906 Mbps     0 retrans   1046 KB-cwnd
    0.5000 MB /   0.10 sec =   41.9443 Mbps     0 retrans   1046 KB-cwnd
    0.5000 MB /   0.10 sec =   41.9422 Mbps     0 retrans   1046 KB-cwnd
    0.5625 MB /   0.10 sec =   47.1878 Mbps     0 retrans   1046 KB-cwnd
    0.5625 MB /   0.10 sec =   47.1869 Mbps     0 retrans   1046 KB-cwnd
    0.4375 MB /   0.10 sec =   36.6994 Mbps     0 retrans   1046 KB-cwnd
    0.5625 MB /   0.10 sec =   47.1883 Mbps     0 retrans   1046 KB-cwnd
    0.5625 MB /   0.10 sec =   47.1850 Mbps     0 retrans   1046 KB-cwnd
    0.5625 MB /   0.10 sec =   47.1807 Mbps     0 retrans   1046 KB-cwnd
    0.5625 MB /   0.10 sec =   47.1807 Mbps     0 retrans   1046 KB-cwnd
    0.4375 MB /   0.10 sec =   36.7075 Mbps     0 retrans   1046 KB-cwnd
    0.5000 MB /   0.10 sec =   41.9393 Mbps     0 retrans   1046 KB-cwnd
    0.3750 MB /   0.10 sec =   31.4592 Mbps     0 retrans   1046 KB-cwnd
    0.5000 MB /   0.10 sec =   41.9430 Mbps     0 retrans   1046 KB-cwnd
    0.4375 MB /   0.10 sec =   36.7016 Mbps     0 retrans   1046 KB-cwnd
    0.4375 MB /   0.10 sec =   36.6958 Mbps     0 retrans   1046 KB-cwnd
    0.4375 MB /   0.10 sec =   36.7031 Mbps     0 retrans   1046 KB-cwnd
    0.4375 MB /   0.10 sec =   36.6939 Mbps     0 retrans   1046 KB-cwnd
    0.1875 MB /   0.10 sec =   15.7247 Mbps     0 retrans   1046 KB-cwnd
    0.5000 MB /   0.10 sec =   41.9594 Mbps     0 retrans   1046 KB-cwnd
    0.4375 MB /   0.10 sec =   36.7002 Mbps     0 retrans   1046 KB-cwnd
    0.6250 MB /   0.10 sec =   52.4298 Mbps     0 retrans   1046 KB-cwnd
    0.4375 MB /   0.10 sec =   36.7002 Mbps     0 retrans   1046 KB-cwnd
    0.5625 MB /   0.10 sec =   47.1854 Mbps     0 retrans   1046 KB-cwnd
    0.5000 MB /   0.10 sec =   41.9414 Mbps     0 retrans   1046 KB-cwnd
    0.5625 MB /   0.10 sec =   47.1906 Mbps     0 retrans   1046 KB-cwnd
    0.5000 MB /   0.10 sec =   41.9020 Mbps     0 retrans   1046 KB-cwnd
    0.5000 MB /   0.10 sec =   41.9737 Mbps     0 retrans   1046 KB-cwnd
    0.3125 MB /   0.10 sec =   26.2194 Mbps     0 retrans   1046 KB-cwnd
    0.3750 MB /   0.10 sec =   31.4510 Mbps     0 retrans   1046 KB-cwnd
    0.4375 MB /   0.10 sec =   36.7002 Mbps     0 retrans   1046 KB-cwnd
    0.5625 MB /   0.10 sec =   47.1996 Mbps     0 retrans   1046 KB-cwnd
    0.4375 MB /   0.10 sec =   36.6969 Mbps     0 retrans   1046 KB-cwnd
    0.5000 MB /   0.10 sec =   41.9468 Mbps     0 retrans   1046 KB-cwnd
    0.5000 MB /   0.10 sec =   41.9384 Mbps     0 retrans   1046 KB-cwnd
    0.5000 MB /   0.10 sec =   41.9472 Mbps     0 retrans   1046 KB-cwnd
    0.5000 MB /   0.10 sec =   41.9418 Mbps     0 retrans   1046 KB-cwnd
    0.5000 MB /   0.10 sec =   41.9443 Mbps     0 retrans   1046 KB-cwnd
    0.4375 MB /   0.10 sec =   36.6954 Mbps     0 retrans   1046 KB-cwnd
    0.5000 MB /   0.10 sec =   41.9166 Mbps     0 retrans   1046 KB-cwnd
    0.4375 MB /   0.10 sec =   36.7277 Mbps     0 retrans   1046 KB-cwnd
    0.4375 MB /   0.10 sec =   36.6998 Mbps     0 retrans   1046 KB-cwnd
    0.4375 MB /   0.10 sec =   36.6987 Mbps     0 retrans   1046 KB-cwnd
    0.3750 MB /   0.10 sec =   31.4598 Mbps     0 retrans   1046 KB-cwnd
    0.5000 MB /   0.10 sec =   41.9430 Mbps     0 retrans   1046 KB-cwnd
    0.5000 MB /   0.10 sec =   41.9384 Mbps     0 retrans   1046 KB-cwnd
    0.5000 MB /   0.10 sec =   41.9414 Mbps     0 retrans   1046 KB-cwnd
    0.5000 MB /   0.10 sec =   41.9305 Mbps     0 retrans   1046 KB-cwnd
    0.3750 MB /   0.10 sec =   31.4623 Mbps     0 retrans   1046 KB-cwnd
    0.5625 MB /   0.10 sec =   47.1935 Mbps     0 retrans   1046 KB-cwnd
    0.4375 MB /   0.10 sec =   36.7024 Mbps     0 retrans   1046 KB-cwnd
    0.5000 MB /   0.10 sec =   41.9435 Mbps     0 retrans   1046 KB-cwnd
    0.4375 MB /   0.10 sec =   36.6991 Mbps     0 retrans   1046 KB-cwnd
    0.4375 MB /   0.10 sec =   36.7002 Mbps     0 retrans   1046 KB-cwnd
    0.4375 MB /   0.10 sec =   36.6994 Mbps     0 retrans   1046 KB-cwnd
    0.5625 MB /   0.10 sec =   47.1869 Mbps     0 retrans   1046 KB-cwnd
    0.3750 MB /   0.10 sec =   31.4579 Mbps     0 retrans   1046 KB-cwnd
    0.5000 MB /   0.10 sec =   41.9443 Mbps     0 retrans   1046 KB-cwnd
    0.4375 MB /   0.10 sec =   36.6932 Mbps     0 retrans   1046 KB-cwnd
    0.5000 MB /   0.10 sec =   41.9506 Mbps     0 retrans   1046 KB-cwnd
    0.4375 MB /   0.10 sec =   36.7005 Mbps     0 retrans   1046 KB-cwnd
    0.5000 MB /   0.10 sec =   41.9426 Mbps     0 retrans   1046 KB-cwnd
    0.4375 MB /   0.10 sec =   36.6943 Mbps     0 retrans   1046 KB-cwnd
nuttcp-t: 156.7424 MB in 30.00 real seconds = 5350.12 KB/sec = 43.8282 Mbps
nuttcp-t: retrans = 0 cwnd = 1046 KB
nuttcp-t: 2508 I/O calls, msec/call = 12.25, calls/sec = 83.60
nuttcp-t: 0.0user 0.0sys 0:30real 0% 0i+0d 1268maxrss 0+1pf 13+2csw

nuttcp-r: 156.7424 MB in 36.36 real seconds = 4414.15 KB/sec = 36.1607 Mbps
nuttcp-r: 35004 I/O calls, msec/call = 1.06, calls/sec = 962.67
nuttcp-r: 0.0user 0.3sys 0:36real 1% 0i+0d 100maxrss 0+15pf 31953+1csw
