nuttcp-r: v8.1.4: socket
nuttcp-r: buflen=65536, nstream=1, port=5007 tcp
nuttcp-r: interval reporting every 0.10 seconds
nuttcp-r: connect to 3.19.94.93 with RTT=53.436 ms af=inet
nuttcp-r: send window size = 2097152, receive window size = 52428800
nuttcp-r: available send window = 1572864, available receive window = 39321600
    0.0000 MB /   0.10 sec =    0.0000 Mbps    -1 retrans
    0.0625 MB /   0.10 sec =    5.2521 Mbps     1 retrans
    0.3125 MB /   0.10 sec =   26.2196 Mbps     0 retrans
    0.6250 MB /   0.10 sec =   52.4225 Mbps     0 retrans
    2.4375 MB /   0.10 sec =  204.4417 Mbps     0 retrans
    4.5625 MB /   0.10 sec =  382.7685 Mbps     0 retrans
    3.5000 MB /   0.10 sec =  293.6130 Mbps     0 retrans
    5.3125 MB /   0.10 sec =  445.6136 Mbps     0 retrans
    5.1250 MB /   0.10 sec =  429.9807 Mbps     0 retrans
    5.0000 MB /   0.10 sec =  419.4430 Mbps     0 retrans
    4.8125 MB /   0.10 sec =  403.6210 Mbps     0 retrans
    5.2500 MB /   0.10 sec =  440.5649 Mbps     0 retrans
    5.1875 MB /   0.10 sec =  435.1852 Mbps     0 retrans
    5.0625 MB /   0.10 sec =  424.5586 Mbps     0 retrans
    5.2500 MB /   0.10 sec =  440.4460 Mbps     0 retrans
    4.8125 MB /   0.10 sec =  403.6735 Mbps     0 retrans
    5.8125 MB /   0.10 sec =  487.6025 Mbps     0 retrans
    5.0000 MB /   0.10 sec =  419.4346 Mbps     0 retrans
    5.3750 MB /   0.10 sec =  450.7570 Mbps     0 retrans
    4.9375 MB /   0.10 sec =  414.3616 Mbps     0 retrans
    5.0625 MB /   0.10 sec =  424.6520 Mbps     0 retrans
    5.0625 MB /   0.10 sec =  424.7073 Mbps     0 retrans
    4.6875 MB /   0.10 sec =  393.1924 Mbps     0 retrans
    5.1875 MB /   0.10 sec =  435.1721 Mbps     0 retrans
    4.8750 MB /   0.10 sec =  408.8710 Mbps     0 retrans
    5.5000 MB /   0.10 sec =  461.4750 Mbps     0 retrans
    4.3125 MB /   0.10 sec =  361.7768 Mbps     0 retrans
    4.9375 MB /   0.10 sec =  414.0592 Mbps     0 retrans
    5.2500 MB /   0.10 sec =  440.4019 Mbps     0 retrans
    4.8125 MB /   0.10 sec =  403.7139 Mbps     0 retrans
    4.8750 MB /   0.10 sec =  408.8956 Mbps     0 retrans
    5.2500 MB /   0.10 sec =  440.5914 Mbps     0 retrans
    4.9375 MB /   0.10 sec =  414.0467 Mbps     0 retrans
    5.3125 MB /   0.10 sec =  445.7117 Mbps     0 retrans
    5.0625 MB /   0.10 sec =  424.6096 Mbps     0 retrans
    5.2500 MB /   0.10 sec =  440.3755 Mbps     0 retrans
    4.9375 MB /   0.10 sec =  414.1420 Mbps     0 retrans
    5.0625 MB /   0.10 sec =  424.7412 Mbps     0 retrans
    5.6250 MB /   0.10 sec =  471.8734 Mbps     0 retrans
    5.2500 MB /   0.10 sec =  440.3887 Mbps     0 retrans
    4.3125 MB /   0.10 sec =  361.7587 Mbps     0 retrans
    5.0625 MB /   0.10 sec =  424.6563 Mbps     0 retrans
    4.5625 MB /   0.10 sec =  382.7302 Mbps     0 retrans
    4.8750 MB /   0.10 sec =  408.9733 Mbps     0 retrans
    3.6875 MB /   0.10 sec =  309.3547 Mbps     0 retrans
    3.5625 MB /   0.10 sec =  298.8412 Mbps     0 retrans
    4.2500 MB /   0.10 sec =  356.5372 Mbps     0 retrans
    4.5000 MB /   0.10 sec =  377.3930 Mbps     0 retrans
    5.1250 MB /   0.10 sec =  429.8990 Mbps     0 retrans
    4.3125 MB /   0.10 sec =  361.8347 Mbps     0 retrans
    4.5625 MB /   0.10 sec =  382.7953 Mbps     0 retrans
    4.7500 MB /   0.10 sec =  398.3235 Mbps     0 retrans
    5.0625 MB /   0.10 sec =  424.7327 Mbps     0 retrans
    4.3125 MB /   0.10 sec =  361.8021 Mbps     0 retrans
    3.6250 MB /   0.10 sec =  304.1296 Mbps     0 retrans
    4.6875 MB /   0.10 sec =  393.0824 Mbps     0 retrans
    4.8125 MB /   0.10 sec =  403.7825 Mbps     0 retrans
    5.0625 MB /   0.10 sec =  424.5841 Mbps     0 retrans
    4.6250 MB /   0.10 sec =  388.0158 Mbps     0 retrans
    5.1875 MB /   0.10 sec =  435.0851 Mbps     0 retrans
    4.8125 MB /   0.10 sec =  403.6372 Mbps     0 retrans
    5.4375 MB /   0.10 sec =  456.3496 Mbps     0 retrans
    4.9375 MB /   0.10 sec =  414.0633 Mbps     0 retrans
    5.6875 MB /   0.10 sec =  477.1450 Mbps     0 retrans
    4.6875 MB /   0.10 sec =  393.2239 Mbps     0 retrans
    3.9375 MB /   0.10 sec =  330.2552 Mbps     0 retrans
    5.1250 MB /   0.10 sec =  430.0280 Mbps     0 retrans
    5.1875 MB /   0.10 sec =  435.1155 Mbps     0 retrans
    5.5625 MB /   0.10 sec =  466.7657 Mbps     0 retrans
    4.5625 MB /   0.10 sec =  382.6690 Mbps     0 retrans
    5.4375 MB /   0.10 sec =  456.1032 Mbps     0 retrans
    5.1250 MB /   0.10 sec =  429.8818 Mbps     0 retrans
    4.6875 MB /   0.10 sec =  393.1885 Mbps     0 retrans
    5.4375 MB /   0.10 sec =  456.0895 Mbps     0 retrans
    5.0000 MB /   0.10 sec =  419.4640 Mbps     0 retrans
    4.8750 MB /   0.10 sec =  408.9651 Mbps     0 retrans
    5.3125 MB /   0.10 sec =  445.6403 Mbps     0 retrans
    5.3125 MB /   0.10 sec =  445.6715 Mbps     0 retrans
    4.5625 MB /   0.10 sec =  382.7302 Mbps     0 retrans
    5.1875 MB /   0.10 sec =  435.2113 Mbps     0 retrans
    5.0625 MB /   0.10 sec =  424.6393 Mbps     0 retrans
    4.5625 MB /   0.10 sec =  382.7455 Mbps     0 retrans
    5.3750 MB /   0.10 sec =  450.9102 Mbps     0 retrans
    4.6250 MB /   0.10 sec =  387.9304 Mbps     0 retrans
    5.1250 MB /   0.10 sec =  429.9635 Mbps     0 retrans
    5.1250 MB /   0.10 sec =  429.9119 Mbps     0 retrans
    5.0625 MB /   0.10 sec =  424.6775 Mbps     0 retrans
    4.5625 MB /   0.10 sec =  382.6614 Mbps     0 retrans
    5.1250 MB /   0.10 sec =  429.9076 Mbps     0 retrans
    5.1875 MB /   0.10 sec =  435.1721 Mbps     0 retrans
    2.8750 MB /   0.10 sec =  241.1725 Mbps     0 retrans
    5.1875 MB /   0.10 sec =  435.2113 Mbps     0 retrans
    5.1875 MB /   0.10 sec =  435.0807 Mbps     0 retrans
    5.1250 MB /   0.10 sec =  429.8904 Mbps     0 retrans
    4.5000 MB /   0.10 sec =  377.3704 Mbps     0 retrans
    5.3750 MB /   0.10 sec =  451.1448 Mbps     0 retrans
    5.6250 MB /   0.10 sec =  471.9017 Mbps     0 retrans
    5.0000 MB /   0.10 sec =  419.2417 Mbps     0 retrans
    5.0000 MB /   0.10 sec =  417.3146 Mbps     0 retrans
    5.0000 MB /   0.10 sec =  421.6313 Mbps     0 retrans
    5.6250 MB /   0.10 sec =  471.9064 Mbps     0 retrans
    4.9375 MB /   0.10 sec =  413.6994 Mbps     0 retrans
    5.5000 MB /   0.10 sec =  460.0072 Mbps     0 retrans
    5.1875 MB /   0.10 sec =  436.2365 Mbps     0 retrans
    5.3125 MB /   0.10 sec =  446.4037 Mbps     0 retrans
    4.8750 MB /   0.10 sec =  408.9283 Mbps     0 retrans
    4.6875 MB /   0.10 sec =  393.2475 Mbps     0 retrans
    5.6250 MB /   0.10 sec =  471.9253 Mbps     0 retrans
    5.4375 MB /   0.10 sec =  456.1351 Mbps     0 retrans
    5.4375 MB /   0.10 sec =  456.1579 Mbps     0 retrans
    5.3750 MB /   0.10 sec =  450.8291 Mbps     0 retrans
    4.1875 MB /   0.10 sec =  351.2870 Mbps     0 retrans
    4.6250 MB /   0.10 sec =  387.9460 Mbps     0 retrans
    5.5625 MB /   0.10 sec =  466.6863 Mbps     0 retrans
    5.0000 MB /   0.10 sec =  419.3340 Mbps     0 retrans
    4.6250 MB /   0.10 sec =  388.0119 Mbps     0 retrans
    5.3125 MB /   0.10 sec =  445.6715 Mbps     0 retrans
    5.3125 MB /   0.10 sec =  445.5290 Mbps     0 retrans
    5.1250 MB /   0.10 sec =  429.4137 Mbps     0 retrans
    5.3125 MB /   0.10 sec =  446.0820 Mbps     0 retrans
    5.5625 MB /   0.10 sec =  466.7143 Mbps     0 retrans
    5.9375 MB /   0.10 sec =  498.2031 Mbps     0 retrans
    5.5000 MB /   0.10 sec =  461.2212 Mbps     0 retrans
    5.7500 MB /   0.10 sec =  482.2774 Mbps     0 retrans
    5.5625 MB /   0.10 sec =  466.7704 Mbps     0 retrans
    5.8750 MB /   0.10 sec =  492.8061 Mbps     0 retrans
    5.7500 MB /   0.10 sec =  482.2871 Mbps     0 retrans
    5.1250 MB /   0.10 sec =  429.8517 Mbps     0 retrans
    5.6875 MB /   0.10 sec =  477.0782 Mbps     0 retrans
    5.8750 MB /   0.10 sec =  492.8356 Mbps     0 retrans
    5.1875 MB /   0.10 sec =  435.1634 Mbps     0 retrans
    4.8750 MB /   0.10 sec =  409.0019 Mbps     0 retrans
    5.3750 MB /   0.10 sec =  450.8426 Mbps     0 retrans
    5.5625 MB /   0.10 sec =  466.7237 Mbps     0 retrans
    4.9375 MB /   0.10 sec =  414.0964 Mbps     0 retrans
    4.8125 MB /   0.10 sec =  403.7825 Mbps     0 retrans
    3.6875 MB /   0.10 sec =  309.2371 Mbps     0 retrans
    6.9375 MB /   0.10 sec =  582.1343 Mbps     0 retrans
    5.6250 MB /   0.10 sec =  471.7507 Mbps     0 retrans
    4.7500 MB /   0.10 sec =  398.4629 Mbps     0 retrans
    6.0000 MB /   0.10 sec =  503.3265 Mbps     0 retrans
    4.3125 MB /   0.10 sec =  361.8854 Mbps     0 retrans
    6.2500 MB /   0.10 sec =  524.2094 Mbps     0 retrans
    5.1250 MB /   0.10 sec =  429.8947 Mbps     0 retrans
    5.9375 MB /   0.10 sec =  498.2281 Mbps     0 retrans
    5.6875 MB /   0.10 sec =  477.1212 Mbps     0 retrans
    4.5625 MB /   0.10 sec =  382.6958 Mbps     0 retrans
    6.6250 MB /   0.10 sec =  555.7842 Mbps     0 retrans
    6.1875 MB /   0.10 sec =  518.8635 Mbps     0 retrans
    5.2500 MB /   0.10 sec =  440.1950 Mbps     0 retrans
    5.2500 MB /   0.10 sec =  440.6222 Mbps     0 retrans
    6.3125 MB /   0.10 sec =  529.6368 Mbps     0 retrans
    5.6875 MB /   0.10 sec =  477.0830 Mbps     0 retrans
    4.1875 MB /   0.10 sec =  351.1325 Mbps     0 retrans
    5.8750 MB /   0.10 sec =  492.9688 Mbps     0 retrans
    6.1875 MB /   0.10 sec =  518.8376 Mbps     0 retrans
    5.2500 MB /   0.10 sec =  440.6928 Mbps     0 retrans
    5.6875 MB /   0.10 sec =  477.0067 Mbps     0 retrans
    6.9375 MB /   0.10 sec =  581.9364 Mbps     0 retrans
    6.3750 MB /   0.10 sec =  534.6080 Mbps     0 retrans
    6.1250 MB /   0.10 sec =  513.9204 Mbps     0 retrans
    5.8750 MB /   0.10 sec =  492.8652 Mbps     0 retrans
    6.1250 MB /   0.10 sec =  513.7303 Mbps     0 retrans
    6.7500 MB /   0.10 sec =  566.4576 Mbps     0 retrans
    6.0625 MB /   0.10 sec =  508.2544 Mbps     0 retrans
    5.6250 MB /   0.10 sec =  471.7648 Mbps     0 retrans
    7.1875 MB /   0.10 sec =  603.3898 Mbps     0 retrans
    5.6250 MB /   0.10 sec =  471.8450 Mbps     0 retrans
    5.6875 MB /   0.10 sec =  476.9399 Mbps     0 retrans
    6.1250 MB /   0.10 sec =  513.8536 Mbps     0 retrans
    6.0000 MB /   0.10 sec =  503.2813 Mbps     0 retrans
    5.5625 MB /   0.10 sec =  466.6863 Mbps     0 retrans
    5.1875 MB /   0.10 sec =  435.0633 Mbps     0 retrans
    5.8125 MB /   0.10 sec =  487.7976 Mbps     0 retrans
    5.6250 MB /   0.10 sec =  471.7035 Mbps     0 retrans
    6.2500 MB /   0.10 sec =  524.3771 Mbps     0 retrans
    6.5000 MB /   0.10 sec =  545.2595 Mbps     0 retrans
    5.6875 MB /   0.10 sec =  477.0067 Mbps     0 retrans
    6.8125 MB /   0.10 sec =  571.5425 Mbps     0 retrans
    6.3750 MB /   0.10 sec =  534.7524 Mbps     0 retrans
    6.5625 MB /   0.10 sec =  550.5409 Mbps     0 retrans
    5.5625 MB /   0.10 sec =  465.6989 Mbps     0 retrans
    6.3125 MB /   0.10 sec =  530.6506 Mbps     0 retrans
    6.6875 MB /   0.10 sec =  560.7414 Mbps     0 retrans
    4.6875 MB /   0.10 sec =  393.2317 Mbps     0 retrans
    6.1250 MB /   0.10 sec =  513.7714 Mbps     0 retrans
    6.3750 MB /   0.10 sec =  535.0252 Mbps     0 retrans
    6.5625 MB /   0.10 sec =  550.5519 Mbps     0 retrans
    5.6250 MB /   0.10 sec =  471.6800 Mbps     0 retrans
    5.9375 MB /   0.10 sec =  498.1533 Mbps     0 retrans
    6.7500 MB /   0.10 sec =  566.1235 Mbps     0 retrans
    6.1875 MB /   0.10 sec =  519.1593 Mbps     0 retrans
    6.3750 MB /   0.10 sec =  534.7042 Mbps     0 retrans
    6.5000 MB /   0.10 sec =  545.2541 Mbps     0 retrans
    5.7500 MB /   0.10 sec =  477.0733 Mbps     0 retrans
    6.4375 MB /   0.10 sec =  545.8021 Mbps     0 retrans
    6.2500 MB /   0.10 sec =  524.5503 Mbps     0 retrans
    5.3125 MB /   0.10 sec =  445.1018 Mbps     0 retrans
    6.0000 MB /   0.10 sec =  503.8253 Mbps     0 retrans
    6.5000 MB /   0.10 sec =  545.5323 Mbps     0 retrans
    6.1875 MB /   0.10 sec =  518.9880 Mbps     0 retrans
    5.7500 MB /   0.10 sec =  482.2533 Mbps     0 retrans
    6.3750 MB /   0.10 sec =  534.7898 Mbps     0 retrans
    6.1875 MB /   0.10 sec =  519.0036 Mbps     0 retrans
    6.3750 MB /   0.10 sec =  534.8112 Mbps     0 retrans
    5.8750 MB /   0.10 sec =  492.7420 Mbps     0 retrans
    5.8750 MB /   0.10 sec =  492.8849 Mbps     0 retrans
    6.3125 MB /   0.10 sec =  529.4409 Mbps     0 retrans
    6.4375 MB /   0.10 sec =  540.0544 Mbps     0 retrans
    6.2500 MB /   0.10 sec =  524.4191 Mbps     0 retrans
    5.7500 MB /   0.10 sec =  482.3498 Mbps     0 retrans
    6.1250 MB /   0.10 sec =  513.6687 Mbps     0 retrans
    6.2500 MB /   0.10 sec =  524.5188 Mbps     0 retrans
    4.9375 MB /   0.10 sec =  413.6580 Mbps     0 retrans
    6.1250 MB /   0.10 sec =  514.2702 Mbps     0 retrans
    6.6875 MB /   0.10 sec =  560.9938 Mbps     0 retrans
    5.1250 MB /   0.10 sec =  429.9420 Mbps     0 retrans
    7.0000 MB /   0.10 sec =  587.1145 Mbps     0 retrans
    6.0625 MB /   0.10 sec =  508.5390 Mbps     0 retrans
    5.5000 MB /   0.10 sec =  461.5119 Mbps     0 retrans
    6.4375 MB /   0.10 sec =  540.0274 Mbps     0 retrans
    6.3125 MB /   0.10 sec =  529.4250 Mbps     0 retrans
    6.4375 MB /   0.10 sec =  540.1895 Mbps     0 retrans
    6.5000 MB /   0.10 sec =  545.0851 Mbps     0 retrans
    6.0000 MB /   0.10 sec =  503.3467 Mbps     0 retrans
    6.0000 MB /   0.10 sec =  503.2309 Mbps     0 retrans
    6.4375 MB /   0.10 sec =  540.1625 Mbps     0 retrans
    5.5625 MB /   0.10 sec =  466.5463 Mbps     0 retrans
    5.5625 MB /   0.10 sec =  466.4204 Mbps     0 retrans
    7.1250 MB /   0.10 sec =  597.7242 Mbps     0 retrans
    5.0000 MB /   0.10 sec =  419.4430 Mbps     0 retrans
    6.5625 MB /   0.10 sec =  550.8053 Mbps     0 retrans
    6.0625 MB /   0.10 sec =  508.5644 Mbps     0 retrans
    6.8750 MB /   0.10 sec =  576.6130 Mbps     0 retrans
    5.1250 MB /   0.10 sec =  429.8173 Mbps     0 retrans
    5.4375 MB /   0.10 sec =  456.2264 Mbps     0 retrans
    8.6875 MB /   0.10 sec =  728.7166 Mbps     0 retrans
    6.0625 MB /   0.10 sec =  508.7578 Mbps     0 retrans
    5.6875 MB /   0.10 sec =  477.0401 Mbps     0 retrans
    7.0625 MB /   0.10 sec =  592.1671 Mbps     0 retrans
    5.9375 MB /   0.10 sec =  498.1932 Mbps     0 retrans
    6.6875 MB /   0.10 sec =  560.7302 Mbps     0 retrans
    6.4375 MB /   0.10 sec =  540.3841 Mbps     0 retrans
    6.7500 MB /   0.10 sec =  566.1631 Mbps     0 retrans
    6.5000 MB /   0.10 sec =  545.0197 Mbps     0 retrans
    6.7500 MB /   0.10 sec =  566.4803 Mbps     0 retrans
    6.1250 MB /   0.10 sec =  513.8742 Mbps     0 retrans
    7.4375 MB /   0.10 sec =  623.7156 Mbps     0 retrans
    6.1875 MB /   0.10 sec =  519.0763 Mbps     0 retrans
    4.0625 MB /   0.10 sec =  340.6714 Mbps     0 retrans
    0.0000 MB /   0.10 sec =    0.0000 Mbps     0 retrans
   14.6875 MB /   0.10 sec = 1232.5205 Mbps     0 retrans
    6.4375 MB /   0.10 sec =  540.0382 Mbps     0 retrans
    5.8125 MB /   0.10 sec =  487.4611 Mbps     0 retrans
    6.3125 MB /   0.10 sec =  529.5362 Mbps     0 retrans
    6.0000 MB /   0.10 sec =  503.2913 Mbps     0 retrans
    6.3750 MB /   0.10 sec =  534.8914 Mbps     0 retrans
    6.1250 MB /   0.10 sec =  513.7098 Mbps     0 retrans
    6.3125 MB /   0.10 sec =  529.7216 Mbps     0 retrans
    6.1875 MB /   0.10 sec =  518.9102 Mbps     0 retrans
    6.8125 MB /   0.10 sec =  571.4511 Mbps     0 retrans
    6.4375 MB /   0.10 sec =  540.1409 Mbps     0 retrans
    6.5625 MB /   0.10 sec =  550.4969 Mbps     0 retrans
    6.3750 MB /   0.10 sec =  534.6775 Mbps     0 retrans
    6.6875 MB /   0.10 sec =  560.8872 Mbps     0 retrans
    6.2500 MB /   0.10 sec =  523.2833 Mbps     0 retrans
    6.4375 MB /   0.10 sec =  541.2290 Mbps     0 retrans
    6.1875 MB /   0.10 sec =  518.9828 Mbps     0 retrans
    6.8750 MB /   0.10 sec =  567.8358 Mbps     0 retrans
    5.8125 MB /   0.10 sec =  495.3600 Mbps     0 retrans
    6.2500 MB /   0.10 sec =  524.3090 Mbps     0 retrans
    6.3125 MB /   0.10 sec =  529.4568 Mbps     0 retrans
    6.0625 MB /   0.10 sec =  508.6153 Mbps     0 retrans
    6.1875 MB /   0.10 sec =  519.1022 Mbps     0 retrans
    5.8750 MB /   0.10 sec =  492.7420 Mbps     0 retrans
    6.3750 MB /   0.10 sec =  534.8968 Mbps     0 retrans
    7.1250 MB /   0.10 sec =  597.6286 Mbps     0 retrans
    5.6875 MB /   0.10 sec =  477.0019 Mbps     0 retrans
    6.6875 MB /   0.10 sec =  560.9489 Mbps     0 retrans
    5.7500 MB /   0.10 sec =  482.4704 Mbps     0 retrans
    6.1250 MB /   0.10 sec =  513.6841 Mbps     0 retrans
    6.5625 MB /   0.10 sec =  550.6346 Mbps     0 retrans
    5.9375 MB /   0.10 sec =  498.0537 Mbps     0 retrans
    5.5625 MB /   0.10 sec =  466.4671 Mbps     0 retrans
    6.5625 MB /   0.10 sec =  550.6070 Mbps     0 retrans
    5.7500 MB /   0.10 sec =  482.4704 Mbps     0 retrans
    6.4375 MB /   0.10 sec =  540.0166 Mbps     0 retrans
    6.5625 MB /   0.10 sec =  550.5244 Mbps     0 retrans
    6.6250 MB /   0.10 sec =  555.7342 Mbps     0 retrans
    4.8125 MB /   0.10 sec =  403.6574 Mbps     0 retrans
    3.3750 MB /   0.10 sec =  283.0306 Mbps     0 retrans
    0.0000 MB /   0.10 sec =    0.0000 Mbps     0 retrans
   16.0000 MB /   0.10 sec = 1342.1639 Mbps     0 retrans
    6.1875 MB /   0.10 sec =  519.0192 Mbps     0 retrans
    6.1250 MB /   0.10 sec =  513.6892 Mbps     0 retrans
    6.8750 MB /   0.10 sec =  576.7918 Mbps     0 retrans
    6.4375 MB /   0.10 sec =  540.1787 Mbps     0 retrans
    6.1250 MB /   0.10 sec =  513.7714 Mbps     0 retrans
    5.6875 MB /   0.10 sec =  477.0305 Mbps     0 retrans
    6.1250 MB /   0.10 sec =  513.9770 Mbps     0 retrans
    5.9375 MB /   0.10 sec =  496.0942 Mbps     0 retrans
    6.8125 MB /   0.10 sec =  573.7632 Mbps     0 retrans
    6.0625 MB /   0.10 sec =  508.3459 Mbps     0 retrans
    5.5625 MB /   0.10 sec =  466.6630 Mbps     0 retrans
    6.4375 MB /   0.10 sec =  540.1031 Mbps     0 retrans
    4.5625 MB /   0.10 sec =  382.6728 Mbps     0 retrans
nuttcp-r: 1698.0630 MB in 30.65 real seconds = 56731.53 KB/sec = 464.7447 Mbps
nuttcp-r: 36639 I/O calls, msec/call = 0.86, calls/sec = 1195.40
nuttcp-r: 0.0user 0.8sys 0:30real 2% 0i+0d 2362maxrss 0+1pf 8589+253csw

nuttcp-t: Warning: send window size 25000000 < requested window size 26214400
nuttcp-t: v6.1.2: socket
nuttcp-t: buflen=65536, nstream=1, port=5007 tcp -> 174.198.66.117
nuttcp-t: time limit = 30.00 seconds
nuttcp-t: accept from 174.198.66.117 with mss=1376
nuttcp-t: send window size = 50000000, receive window size = 25000000
nuttcp-t: available send window = 25000000, available receive window = 12500000
nuttcp-t: 1698.0630 MB in 30.00 real seconds = 57960.42 KB/sec = 474.8117 Mbps
nuttcp-t: retrans = 0
nuttcp-t: 27170 I/O calls, msec/call = 1.13, calls/sec = 905.66
nuttcp-t: 0.0user 0.6sys 0:30real 2% 0i+0d 100maxrss 0+0pf 103+22csw
