nuttcp-r: v8.1.4: socket
nuttcp-r: buflen=65536, nstream=1, port=5007 tcp
nuttcp-r: interval reporting every 0.10 seconds
nuttcp-r: connect to 3.19.94.93 with RTT=86.770 ms af=inet
nuttcp-r: send window size = 1048576, receive window size = 52428800
nuttcp-r: available send window = 786432, available receive window = 39321600
    0.0000 MB /   0.10 sec =    0.0000 Mbps    -1 retrans
    0.0000 MB /   0.10 sec =    0.0000 Mbps     0 retrans
    0.0625 MB /   0.10 sec =    5.2426 Mbps     1 retrans
    0.1250 MB /   0.10 sec =   10.4841 Mbps     0 retrans
    0.0625 MB /   0.10 sec =    5.2409 Mbps     0 retrans
    0.1875 MB /   0.10 sec =   15.7313 Mbps     0 retrans
    0.0625 MB /   0.10 sec =    5.2417 Mbps     0 retrans
    0.1250 MB /   0.10 sec =   10.4822 Mbps     0 retrans
    0.1250 MB /   0.10 sec =   10.4925 Mbps     0 retrans
    0.1875 MB /   0.10 sec =   15.7313 Mbps     0 retrans
    0.0625 MB /   0.10 sec =    5.2430 Mbps     0 retrans
    0.0000 MB /   0.10 sec =    0.0000 Mbps     0 retrans
    0.1875 MB /   0.10 sec =   15.6971 Mbps     0 retrans
    0.2500 MB /   0.10 sec =   21.0203 Mbps     0 retrans
    0.3125 MB /   0.10 sec =   26.2021 Mbps     0 retrans
    0.2500 MB /   0.10 sec =   20.9759 Mbps     0 retrans
    0.3750 MB /   0.10 sec =   31.4648 Mbps     0 retrans
    0.3125 MB /   0.10 sec =   26.1835 Mbps     0 retrans
    0.3750 MB /   0.10 sec =   31.4951 Mbps     0 retrans
    0.4375 MB /   0.10 sec =   36.7016 Mbps     0 retrans
    0.5000 MB /   0.10 sec =   41.9313 Mbps     0 retrans
    0.3750 MB /   0.10 sec =   31.4667 Mbps     0 retrans
    0.5625 MB /   0.10 sec =   47.1859 Mbps     0 retrans
    0.6250 MB /   0.10 sec =   52.4351 Mbps     0 retrans
    0.5000 MB /   0.10 sec =   41.9342 Mbps     0 retrans
    0.7500 MB /   0.10 sec =   62.9133 Mbps     0 retrans
    0.6875 MB /   0.10 sec =   57.6227 Mbps     0 retrans
    0.7500 MB /   0.10 sec =   62.9775 Mbps     0 retrans
    1.0000 MB /   0.10 sec =   83.8777 Mbps     0 retrans
    0.7500 MB /   0.10 sec =   62.8486 Mbps     0 retrans
    1.0625 MB /   0.10 sec =   89.2235 Mbps     0 retrans
    1.1250 MB /   0.10 sec =   94.3369 Mbps     0 retrans
    1.1875 MB /   0.10 sec =   99.6127 Mbps     0 retrans
    1.1875 MB /   0.10 sec =   99.6197 Mbps     0 retrans
    1.4375 MB /   0.10 sec =  120.5802 Mbps     0 retrans
    1.5000 MB /   0.10 sec =  125.8002 Mbps     0 retrans
    1.5000 MB /   0.10 sec =  125.8606 Mbps     0 retrans
    1.6875 MB /   0.10 sec =  141.5677 Mbps     0 retrans
    2.0000 MB /   0.10 sec =  167.8191 Mbps     0 retrans
    1.5625 MB /   0.10 sec =  131.0746 Mbps     0 retrans
    1.6250 MB /   0.10 sec =  136.3340 Mbps     0 retrans
    2.3125 MB /   0.10 sec =  193.9846 Mbps     0 retrans
    2.1875 MB /   0.10 sec =  183.4769 Mbps     0 retrans
    2.8125 MB /   0.10 sec =  235.9249 Mbps     0 retrans
    3.0625 MB /   0.10 sec =  256.8831 Mbps     0 retrans
    3.1875 MB /   0.10 sec =  267.4323 Mbps     0 retrans
    2.7500 MB /   0.10 sec =  230.6060 Mbps     0 retrans
    3.9375 MB /   0.10 sec =  330.3510 Mbps     0 retrans
    4.0625 MB /   0.10 sec =  340.7191 Mbps     0 retrans
    4.5000 MB /   0.10 sec =  377.6573 Mbps     0 retrans
    4.3125 MB /   0.10 sec =  361.7696 Mbps     0 retrans
    5.5000 MB /   0.10 sec =  461.3642 Mbps     0 retrans
    5.5000 MB /   0.10 sec =  461.2489 Mbps     0 retrans
    5.6250 MB /   0.10 sec =  471.8356 Mbps     0 retrans
    5.6250 MB /   0.10 sec =  471.9394 Mbps     0 retrans
    6.1875 MB /   0.10 sec =  518.8843 Mbps     0 retrans
    5.8125 MB /   0.10 sec =  487.7342 Mbps     0 retrans
    6.9375 MB /   0.10 sec =  581.6863 Mbps     0 retrans
    6.5625 MB /   0.10 sec =  550.7668 Mbps     0 retrans
    7.3125 MB /   0.10 sec =  613.5213 Mbps     0 retrans
    6.8125 MB /   0.10 sec =  571.4339 Mbps     0 retrans
    6.8125 MB /   0.10 sec =  571.4225 Mbps     0 retrans
    7.3750 MB /   0.10 sec =  618.6042 Mbps     0 retrans
    6.8750 MB /   0.10 sec =  576.7976 Mbps     0 retrans
    5.3750 MB /   0.10 sec =  450.7660 Mbps     0 retrans
    7.2500 MB /   0.10 sec =  608.3992 Mbps     0 retrans
    6.3125 MB /   0.10 sec =  529.4991 Mbps     0 retrans
    7.6875 MB /   0.10 sec =  644.7517 Mbps     0 retrans
    6.5000 MB /   0.10 sec =  545.2759 Mbps     0 retrans
    6.9375 MB /   0.10 sec =  581.9771 Mbps     0 retrans
    6.5000 MB /   0.10 sec =  545.2759 Mbps     0 retrans
    6.5000 MB /   0.10 sec =  545.1559 Mbps     0 retrans
    7.8125 MB /   0.10 sec =  655.4780 Mbps     0 retrans
    6.0000 MB /   0.10 sec =  503.3114 Mbps     0 retrans
    7.5000 MB /   0.10 sec =  629.1834 Mbps     0 retrans
    6.6250 MB /   0.10 sec =  555.7731 Mbps     0 retrans
    6.3750 MB /   0.10 sec =  534.3890 Mbps     0 retrans
    6.8750 MB /   0.10 sec =  576.9130 Mbps     0 retrans
    1.1875 MB /   0.10 sec =   99.6097 Mbps     0 retrans
    0.0000 MB /   0.10 sec =    0.0000 Mbps     0 retrans
   19.6875 MB /   0.10 sec = 1652.2011 Mbps     0 retrans
    6.6875 MB /   0.10 sec =  560.9769 Mbps     0 retrans
    8.1875 MB /   0.10 sec =  686.6662 Mbps     0 retrans
    7.1875 MB /   0.10 sec =  603.0518 Mbps     0 retrans
    3.5625 MB /   0.10 sec =  298.8501 Mbps     0 retrans
    0.5000 MB /   0.10 sec =   41.9296 Mbps     0 retrans
   12.8750 MB /   0.10 sec = 1080.2926 Mbps     0 retrans
    6.3750 MB /   0.10 sec =  534.6775 Mbps     0 retrans
    6.1875 MB /   0.10 sec =  519.1074 Mbps     0 retrans
    6.8750 MB /   0.10 sec =  576.6995 Mbps     0 retrans
    7.5625 MB /   0.10 sec =  634.4075 Mbps     0 retrans
    7.2500 MB /   0.10 sec =  608.0646 Mbps     0 retrans
    6.9375 MB /   0.10 sec =  581.9422 Mbps     0 retrans
    5.5625 MB /   0.10 sec =  466.6863 Mbps     0 retrans
    6.3125 MB /   0.10 sec =  529.4197 Mbps     0 retrans
    7.5625 MB /   0.10 sec =  634.6169 Mbps     0 retrans
    6.8750 MB /   0.10 sec =  576.6072 Mbps     0 retrans
    6.7500 MB /   0.10 sec =  566.3160 Mbps     0 retrans
    5.8750 MB /   0.10 sec =  492.8307 Mbps     0 retrans
    6.1875 MB /   0.10 sec =  519.0088 Mbps     0 retrans
    6.5625 MB /   0.10 sec =  550.5850 Mbps     0 retrans
    7.6250 MB /   0.10 sec =  639.5099 Mbps     0 retrans
    6.7500 MB /   0.10 sec =  566.3556 Mbps     0 retrans
    7.0000 MB /   0.10 sec =  587.0734 Mbps     0 retrans
    7.3750 MB /   0.10 sec =  618.6598 Mbps     0 retrans
    7.1250 MB /   0.10 sec =  597.7780 Mbps     0 retrans
    5.8125 MB /   0.10 sec =  487.5440 Mbps     0 retrans
    7.2500 MB /   0.10 sec =  608.0768 Mbps     0 retrans
    7.2500 MB /   0.10 sec =  608.3079 Mbps     0 retrans
    7.1250 MB /   0.10 sec =  597.5509 Mbps     0 retrans
    7.3125 MB /   0.10 sec =  613.4231 Mbps     0 retrans
    4.3750 MB /   0.10 sec =  367.0750 Mbps     0 retrans
    8.5625 MB /   0.10 sec =  718.2171 Mbps     0 retrans
    6.1250 MB /   0.10 sec =  513.7714 Mbps     0 retrans
    6.8125 MB /   0.10 sec =  571.5768 Mbps     0 retrans
    6.5625 MB /   0.10 sec =  550.5464 Mbps     0 retrans
    6.3125 MB /   0.10 sec =  529.4197 Mbps     0 retrans
    4.6250 MB /   0.10 sec =  387.9382 Mbps     0 retrans
    4.5000 MB /   0.10 sec =  377.5138 Mbps     0 retrans
    4.6875 MB /   0.10 sec =  393.1610 Mbps     0 retrans
    4.1250 MB /   0.10 sec =  345.9436 Mbps     0 retrans
    1.3750 MB /   0.10 sec =  115.3734 Mbps     0 retrans
    0.0000 MB /   0.10 sec =    0.0000 Mbps     0 retrans
    6.6250 MB /   0.10 sec =  555.6897 Mbps     0 retrans
    7.6875 MB /   0.10 sec =  645.0161 Mbps     0 retrans
    4.0625 MB /   0.10 sec =  340.8076 Mbps     0 retrans
    4.9375 MB /   0.10 sec =  414.0633 Mbps     0 retrans
    6.0000 MB /   0.10 sec =  503.3366 Mbps     0 retrans
    6.3125 MB /   0.10 sec =  529.5362 Mbps     0 retrans
    6.1250 MB /   0.10 sec =  513.9461 Mbps     0 retrans
    6.8125 MB /   0.10 sec =  571.3368 Mbps     0 retrans
    6.3750 MB /   0.10 sec =  534.7791 Mbps     0 retrans
    5.3125 MB /   0.10 sec =  445.6047 Mbps     0 retrans
    4.0625 MB /   0.10 sec =  340.6884 Mbps     0 retrans
    6.0625 MB /   0.10 sec =  508.8036 Mbps     0 retrans
    6.6875 MB /   0.10 sec =  561.0162 Mbps     0 retrans
    6.5000 MB /   0.10 sec =  545.1614 Mbps     0 retrans
    6.3125 MB /   0.10 sec =  529.6209 Mbps     0 retrans
    7.4375 MB /   0.10 sec =  623.9901 Mbps     0 retrans
    6.1250 MB /   0.10 sec =  513.7663 Mbps     0 retrans
    6.8125 MB /   0.10 sec =  571.4054 Mbps     0 retrans
    6.0000 MB /   0.10 sec =  503.3467 Mbps     0 retrans
    7.3750 MB /   0.10 sec =  618.5609 Mbps     0 retrans
    6.1250 MB /   0.10 sec =  513.4069 Mbps     0 retrans
    7.4375 MB /   0.10 sec =  624.4460 Mbps     0 retrans
    5.5625 MB /   0.10 sec =  466.4904 Mbps     0 retrans
    7.2500 MB /   0.10 sec =  608.2653 Mbps     0 retrans
    6.9375 MB /   0.10 sec =  582.1751 Mbps     0 retrans
    6.3750 MB /   0.10 sec =  533.5839 Mbps     0 retrans
    7.0625 MB /   0.10 sec =  593.5078 Mbps     0 retrans
    7.0000 MB /   0.10 sec =  586.9678 Mbps     0 retrans
    6.1250 MB /   0.10 sec =  514.1724 Mbps     0 retrans
    7.0000 MB /   0.10 sec =  587.0910 Mbps     0 retrans
    4.2500 MB /   0.10 sec =  356.4339 Mbps     0 retrans
    6.6250 MB /   0.10 sec =  555.8787 Mbps     0 retrans
    5.6875 MB /   0.10 sec =  477.1212 Mbps     0 retrans
    6.8125 MB /   0.10 sec =  571.4168 Mbps     0 retrans
    6.5625 MB /   0.10 sec =  550.4088 Mbps     0 retrans
    7.0625 MB /   0.10 sec =  592.4691 Mbps     0 retrans
    6.6250 MB /   0.10 sec =  555.7897 Mbps     0 retrans
    7.0000 MB /   0.10 sec =  587.2613 Mbps     0 retrans
    6.3125 MB /   0.10 sec =  529.5256 Mbps     0 retrans
    6.1250 MB /   0.10 sec =  513.7252 Mbps     0 retrans
    7.5000 MB /   0.10 sec =  629.2589 Mbps     0 retrans
    5.3125 MB /   0.10 sec =  445.5869 Mbps     0 retrans
    7.0000 MB /   0.10 sec =  587.2848 Mbps     0 retrans
    6.9375 MB /   0.10 sec =  581.8375 Mbps     0 retrans
    6.5625 MB /   0.10 sec =  550.5024 Mbps     0 retrans
    7.3125 MB /   0.10 sec =  613.5090 Mbps     0 retrans
    6.5000 MB /   0.10 sec =  545.1614 Mbps     0 retrans
    6.6250 MB /   0.10 sec =  555.8620 Mbps     0 retrans
    7.6250 MB /   0.10 sec =  639.6378 Mbps     0 retrans
    7.0625 MB /   0.10 sec =  592.4573 Mbps     0 retrans
    7.1250 MB /   0.10 sec =  597.6525 Mbps     0 retrans
    5.7500 MB /   0.10 sec =  482.3016 Mbps     0 retrans
    7.2500 MB /   0.10 sec =  608.3079 Mbps     0 retrans
    6.7500 MB /   0.10 sec =  566.2650 Mbps     0 retrans
    6.3125 MB /   0.10 sec =  529.3350 Mbps     0 retrans
    6.9375 MB /   0.10 sec =  582.0586 Mbps     0 retrans
    4.8750 MB /   0.10 sec =  408.8016 Mbps     0 retrans
    6.6250 MB /   0.10 sec =  555.9454 Mbps     0 retrans
    7.1250 MB /   0.10 sec =  597.7302 Mbps     0 retrans
    7.1875 MB /   0.10 sec =  602.8950 Mbps     0 retrans
    7.1250 MB /   0.10 sec =  597.7421 Mbps     0 retrans
    6.7500 MB /   0.10 sec =  566.1122 Mbps     0 retrans
    6.9375 MB /   0.10 sec =  582.1169 Mbps     0 retrans
    6.4375 MB /   0.10 sec =  539.8709 Mbps     0 retrans
    6.9375 MB /   0.10 sec =  582.0586 Mbps     0 retrans
    6.6250 MB /   0.10 sec =  555.8398 Mbps     0 retrans
    6.5625 MB /   0.10 sec =  550.4419 Mbps     0 retrans
    2.5625 MB /   0.10 sec =  214.9323 Mbps     0 retrans
    7.5625 MB /   0.10 sec =  634.4012 Mbps     0 retrans
    7.0625 MB /   0.10 sec =  592.4454 Mbps     0 retrans
    5.8125 MB /   0.10 sec =  487.6025 Mbps     0 retrans
    7.1875 MB /   0.10 sec =  602.9312 Mbps     0 retrans
    5.8750 MB /   0.10 sec =  492.7962 Mbps     0 retrans
    7.2500 MB /   0.10 sec =  608.2167 Mbps     0 retrans
    6.5000 MB /   0.10 sec =  545.2268 Mbps     0 retrans
    6.3125 MB /   0.10 sec =  529.4885 Mbps     0 retrans
    6.1875 MB /   0.10 sec =  519.1645 Mbps     0 retrans
    5.4375 MB /   0.10 sec =  456.1351 Mbps     0 retrans
    5.8750 MB /   0.10 sec =  492.8504 Mbps     0 retrans
    5.3750 MB /   0.10 sec =  450.7209 Mbps     0 retrans
    6.4375 MB /   0.10 sec =  540.0166 Mbps     0 retrans
    6.5000 MB /   0.10 sec =  545.2159 Mbps     0 retrans
    6.3125 MB /   0.10 sec =  528.3316 Mbps     0 retrans
    6.6875 MB /   0.10 sec =  562.2927 Mbps     0 retrans
    6.7500 MB /   0.10 sec =  566.4973 Mbps     0 retrans
    6.4375 MB /   0.10 sec =  539.9464 Mbps     0 retrans
    6.8750 MB /   0.10 sec =  576.5727 Mbps     0 retrans
    7.0000 MB /   0.10 sec =  587.3611 Mbps     0 retrans
    6.9375 MB /   0.10 sec =  581.8666 Mbps     0 retrans
    6.3750 MB /   0.10 sec =  534.7845 Mbps     0 retrans
    5.4375 MB /   0.10 sec =  456.1306 Mbps     0 retrans
    6.0000 MB /   0.10 sec =  503.2863 Mbps     0 retrans
    4.1250 MB /   0.10 sec =  345.9609 Mbps     0 retrans
    6.7500 MB /   0.10 sec =  566.4066 Mbps     0 retrans
    6.2500 MB /   0.10 sec =  524.1727 Mbps     0 retrans
    7.4375 MB /   0.10 sec =  623.9838 Mbps     0 retrans
    4.1875 MB /   0.10 sec =  351.0448 Mbps     0 retrans
    7.2500 MB /   0.10 sec =  608.6366 Mbps     0 retrans
    6.6250 MB /   0.10 sec =  555.7786 Mbps     0 retrans
    7.2500 MB /   0.10 sec =  608.2167 Mbps     0 retrans
    6.5000 MB /   0.10 sec =  545.2432 Mbps     0 retrans
    7.0000 MB /   0.10 sec =  587.1086 Mbps     0 retrans
    6.8750 MB /   0.10 sec =  576.8033 Mbps     0 retrans
    6.2500 MB /   0.10 sec =  524.2251 Mbps     0 retrans
    6.8750 MB /   0.10 sec =  576.3767 Mbps     0 retrans
    6.7500 MB /   0.10 sec =  566.4633 Mbps     0 retrans
    6.7500 MB /   0.10 sec =  566.3217 Mbps     0 retrans
    4.5000 MB /   0.10 sec =  377.5251 Mbps     0 retrans
    6.2500 MB /   0.10 sec =  524.2094 Mbps     0 retrans
    6.8750 MB /   0.10 sec =  576.7976 Mbps     0 retrans
    4.1250 MB /   0.10 sec =  345.5636 Mbps     0 retrans
    6.1250 MB /   0.10 sec =  514.2857 Mbps     0 retrans
    7.0625 MB /   0.10 sec =  592.5580 Mbps     0 retrans
    4.5000 MB /   0.10 sec =  377.2723 Mbps     0 retrans
    6.3125 MB /   0.10 sec =  529.8011 Mbps     0 retrans
    6.4375 MB /   0.10 sec =  539.5742 Mbps     0 retrans
    5.9375 MB /   0.10 sec =  498.5722 Mbps     0 retrans
    6.6875 MB /   0.10 sec =  560.9938 Mbps     0 retrans
    5.7500 MB /   0.10 sec =  482.2678 Mbps     0 retrans
    6.4375 MB /   0.10 sec =  540.0814 Mbps     0 retrans
    5.6875 MB /   0.10 sec =  477.0782 Mbps     0 retrans
    6.5625 MB /   0.10 sec =  550.6401 Mbps     0 retrans
    6.6250 MB /   0.10 sec =  555.7842 Mbps     0 retrans
    6.4375 MB /   0.10 sec =  539.8385 Mbps     0 retrans
    5.1875 MB /   0.10 sec =  435.0981 Mbps     0 retrans
    5.5625 MB /   0.10 sec =  466.7750 Mbps     0 retrans
    6.5000 MB /   0.10 sec =  545.2050 Mbps     0 retrans
    6.0000 MB /   0.10 sec =  503.2108 Mbps     0 retrans
    6.9375 MB /   0.10 sec =  582.1285 Mbps     0 retrans
    6.5625 MB /   0.10 sec =  550.4804 Mbps     0 retrans
    6.7500 MB /   0.10 sec =  566.1405 Mbps     0 retrans
    4.8125 MB /   0.10 sec =  403.6372 Mbps     0 retrans
    7.1250 MB /   0.10 sec =  597.8976 Mbps     0 retrans
    5.9375 MB /   0.10 sec =  498.1035 Mbps     0 retrans
    6.0000 MB /   0.10 sec =  503.3215 Mbps     0 retrans
    6.9375 MB /   0.10 sec =  581.7910 Mbps     0 retrans
    6.1250 MB /   0.10 sec =  513.8433 Mbps     0 retrans
    5.8125 MB /   0.10 sec =  487.6171 Mbps     0 retrans
    6.4375 MB /   0.10 sec =  539.8655 Mbps     0 retrans
    6.5000 MB /   0.10 sec =  545.1941 Mbps     0 retrans
    6.5000 MB /   0.10 sec =  545.5105 Mbps     0 retrans
    6.2500 MB /   0.10 sec =  524.0679 Mbps     0 retrans
    6.6875 MB /   0.10 sec =  561.1397 Mbps     0 retrans
    6.5625 MB /   0.10 sec =  550.4143 Mbps     0 retrans
    5.4375 MB /   0.10 sec =  456.2309 Mbps     0 retrans
    6.2500 MB /   0.10 sec =  524.2932 Mbps     0 retrans
    6.5000 MB /   0.10 sec =  545.4122 Mbps     0 retrans
    6.0000 MB /   0.10 sec =  503.1655 Mbps     0 retrans
    6.2500 MB /   0.10 sec =  524.3929 Mbps     0 retrans
    6.0625 MB /   0.10 sec =  508.4882 Mbps     0 retrans
    6.6250 MB /   0.10 sec =  555.7286 Mbps     0 retrans
    6.3750 MB /   0.10 sec =  534.6561 Mbps     0 retrans
    6.6250 MB /   0.10 sec =  555.9176 Mbps     0 retrans
    6.0000 MB /   0.10 sec =  503.2561 Mbps     0 retrans
    6.0000 MB /   0.10 sec =  503.2410 Mbps     0 retrans
    5.4375 MB /   0.10 sec =  456.1442 Mbps     0 retrans
    6.1875 MB /   0.10 sec =  519.1230 Mbps     0 retrans
    5.2500 MB /   0.10 sec =  440.4019 Mbps     0 retrans
    6.3125 MB /   0.10 sec =  529.5997 Mbps     0 retrans
    6.6250 MB /   0.10 sec =  555.7620 Mbps     0 retrans
    6.3750 MB /   0.10 sec =  534.6989 Mbps     0 retrans
    6.1250 MB /   0.10 sec =  513.8690 Mbps     0 retrans
    5.8125 MB /   0.10 sec =  487.5488 Mbps     0 retrans
    6.4375 MB /   0.10 sec =  540.0166 Mbps     0 retrans
    5.6250 MB /   0.10 sec =  471.7365 Mbps     0 retrans
    5.6875 MB /   0.10 sec =  477.3073 Mbps     0 retrans
    7.1250 MB /   0.10 sec =  597.4971 Mbps     0 retrans
    6.0625 MB /   0.10 sec =  507.0130 Mbps     0 retrans
    5.8125 MB /   0.10 sec =  489.0403 Mbps     0 retrans
    6.6875 MB /   0.10 sec =  561.0835 Mbps     0 retrans
    6.1250 MB /   0.10 sec =  513.6071 Mbps     0 retrans
    6.2500 MB /   0.10 sec =  524.4558 Mbps     0 retrans
    3.7500 MB /   0.10 sec =  314.6168 Mbps     0 retrans
    7.2500 MB /   0.10 sec =  608.0403 Mbps     0 retrans
    6.3125 MB /   0.10 sec =  529.5997 Mbps     0 retrans
    6.7500 MB /   0.10 sec =  566.2310 Mbps     0 retrans
    7.1875 MB /   0.10 sec =  602.9071 Mbps     0 retrans
    6.0625 MB /   0.10 sec =  508.6051 Mbps     0 retrans
    6.4375 MB /   0.10 sec =  539.9410 Mbps     0 retrans
    6.1250 MB /   0.10 sec =  513.8382 Mbps     0 retrans
    6.9375 MB /   0.10 sec =  582.0412 Mbps     0 retrans
    5.8125 MB /   0.10 sec =  487.4270 Mbps     0 retrans
    4.0625 MB /   0.10 sec =  340.8076 Mbps     0 retrans
nuttcp-r: 1672.8375 MB in 30.62 real seconds = 55945.86 KB/sec = 458.3085 Mbps
nuttcp-r: 37501 I/O calls, msec/call = 0.84, calls/sec = 1224.78
nuttcp-r: 0.0user 0.7sys 0:30real 2% 0i+0d 1266maxrss 0+1pf 10227+204csw

nuttcp-t: Warning: send window size 25000000 < requested window size 26214400
nuttcp-t: v6.1.2: socket
nuttcp-t: buflen=65536, nstream=1, port=5007 tcp -> 174.198.66.117
nuttcp-t: time limit = 30.00 seconds
nuttcp-t: accept from 174.198.66.117 with mss=1376
nuttcp-t: send window size = 50000000, receive window size = 25000000
nuttcp-t: available send window = 25000000, available receive window = 12500000
nuttcp-t: 1672.8375 MB in 30.00 real seconds = 57099.44 KB/sec = 467.7586 Mbps
nuttcp-t: retrans = 0
nuttcp-t: 26766 I/O calls, msec/call = 1.15, calls/sec = 892.20
nuttcp-t: 0.0user 0.6sys 0:30real 2% 0i+0d 100maxrss 0+0pf 100+8csw
