nuttcp-r: v8.1.4: socket
nuttcp-r: buflen=65536, nstream=1, port=5007 tcp
nuttcp-r: interval reporting every 0.10 seconds
nuttcp-r: connect to 54.176.53.206 with RTT=28.056 ms af=inet
nuttcp-r: send window size = 2097152, receive window size = 52428800
nuttcp-r: available send window = 1572864, available receive window = 39321600
    0.0625 MB /   0.10 sec =    5.2388 Mbps     0 retrans
    1.3750 MB /   0.10 sec =  115.3803 Mbps     0 retrans
   12.1875 MB /   0.10 sec = 1022.2389 Mbps     0 retrans
   27.2500 MB /   0.10 sec = 2284.2282 Mbps     0 retrans
   40.8750 MB /   0.10 sec = 3431.4858 Mbps     0 retrans
   37.5625 MB /   0.10 sec = 3149.6165 Mbps     0 retrans
   40.4375 MB /   0.10 sec = 3393.1274 Mbps     0 retrans
   24.3125 MB /   0.10 sec = 2039.5007 Mbps     0 retrans
   36.9375 MB /   0.10 sec = 3095.2920 Mbps     0 retrans
   37.0625 MB /   0.10 sec = 3113.6672 Mbps     0 retrans
   30.0625 MB /   0.10 sec = 2521.7748 Mbps     0 retrans
   30.6875 MB /   0.10 sec = 2570.0136 Mbps     0 retrans
   28.0000 MB /   0.10 sec = 2351.5851 Mbps     0 retrans
   30.3750 MB /   0.10 sec = 2548.9573 Mbps     0 retrans
   31.0625 MB /   0.10 sec = 2605.6071 Mbps     0 retrans
   32.4375 MB /   0.10 sec = 2720.8643 Mbps     0 retrans
   28.6250 MB /   0.10 sec = 2401.0950 Mbps     0 retrans
   24.3125 MB /   0.10 sec = 2039.0521 Mbps     0 retrans
   32.3750 MB /   0.10 sec = 2716.6812 Mbps     0 retrans
   30.1250 MB /   0.10 sec = 2527.4978 Mbps     0 retrans
   32.8750 MB /   0.10 sec = 2757.8100 Mbps     0 retrans
   31.3750 MB /   0.10 sec = 2631.3995 Mbps     0 retrans
   33.1250 MB /   0.10 sec = 2776.5607 Mbps     0 retrans
   33.1875 MB /   0.10 sec = 2786.0031 Mbps     0 retrans
   32.9375 MB /   0.10 sec = 2763.0254 Mbps     0 retrans
   31.6875 MB /   0.10 sec = 2658.2997 Mbps     0 retrans
   32.1875 MB /   0.10 sec = 2699.7052 Mbps     0 retrans
   24.8750 MB /   0.10 sec = 2086.7288 Mbps     0 retrans
   28.8750 MB /   0.10 sec = 2422.3801 Mbps     0 retrans
   32.5625 MB /   0.10 sec = 2731.7317 Mbps     0 retrans
   30.8125 MB /   0.10 sec = 2584.8691 Mbps     0 retrans
   33.1875 MB /   0.10 sec = 2783.7466 Mbps     0 retrans
   33.0000 MB /   0.10 sec = 2768.6006 Mbps     0 retrans
   31.8125 MB /   0.10 sec = 2667.9856 Mbps     0 retrans
   33.5000 MB /   0.10 sec = 2809.9870 Mbps     0 retrans
   33.5000 MB /   0.10 sec = 2809.5656 Mbps     0 retrans
   30.8125 MB /   0.10 sec = 2584.3780 Mbps     0 retrans
   26.3750 MB /   0.10 sec = 2213.1150 Mbps     0 retrans
   30.4375 MB /   0.10 sec = 2550.9102 Mbps     0 retrans
   30.4375 MB /   0.10 sec = 2554.8921 Mbps     0 retrans
   22.8750 MB /   0.10 sec = 1919.6235 Mbps     0 retrans
   24.4375 MB /   0.10 sec = 2049.7406 Mbps     0 retrans
   26.2500 MB /   0.10 sec = 2202.3620 Mbps     0 retrans
   25.3125 MB /   0.10 sec = 2121.6479 Mbps     0 retrans
   25.4375 MB /   0.10 sec = 2135.4538 Mbps     0 retrans
   25.5625 MB /   0.10 sec = 2144.2521 Mbps     0 retrans
   26.3125 MB /   0.10 sec = 2207.3849 Mbps     0 retrans
   17.7500 MB /   0.10 sec = 1488.6504 Mbps     0 retrans
   25.6875 MB /   0.10 sec = 2154.9314 Mbps     0 retrans
   23.6875 MB /   0.10 sec = 1986.6343 Mbps     0 retrans
   25.1875 MB /   0.10 sec = 2113.7050 Mbps     0 retrans
   25.3125 MB /   0.10 sec = 2123.0904 Mbps     0 retrans
   27.0625 MB /   0.10 sec = 2270.3033 Mbps     0 retrans
   23.0625 MB /   0.10 sec = 1931.1659 Mbps     0 retrans
   25.5625 MB /   0.10 sec = 2148.9151 Mbps     0 retrans
   24.5625 MB /   0.10 sec = 2059.6486 Mbps     0 retrans
   26.5000 MB /   0.10 sec = 2204.0046 Mbps     0 retrans
   20.2500 MB /   0.10 sec = 1712.9275 Mbps     0 retrans
   26.0625 MB /   0.10 sec = 2187.1121 Mbps     0 retrans
   26.5000 MB /   0.10 sec = 2222.9589 Mbps     0 retrans
   25.5000 MB /   0.10 sec = 2139.1164 Mbps     0 retrans
   25.2500 MB /   0.10 sec = 2117.9329 Mbps     0 retrans
   25.0625 MB /   0.10 sec = 2101.8904 Mbps     0 retrans
   28.4375 MB /   0.10 sec = 2386.4650 Mbps     0 retrans
   27.1875 MB /   0.10 sec = 2280.7212 Mbps     0 retrans
   26.2500 MB /   0.10 sec = 2201.8995 Mbps     0 retrans
   26.7500 MB /   0.10 sec = 2243.0554 Mbps     0 retrans
   23.0000 MB /   0.10 sec = 1929.9395 Mbps     0 retrans
   23.3750 MB /   0.10 sec = 1960.9352 Mbps     0 retrans
   27.3125 MB /   0.10 sec = 2291.0469 Mbps     0 retrans
   27.0625 MB /   0.10 sec = 2268.9872 Mbps     0 retrans
   27.2500 MB /   0.10 sec = 2274.2063 Mbps     0 retrans
   27.3750 MB /   0.10 sec = 2309.5226 Mbps     0 retrans
   27.6250 MB /   0.10 sec = 2317.3066 Mbps     0 retrans
   27.8125 MB /   0.10 sec = 2333.3149 Mbps     0 retrans
   28.2500 MB /   0.10 sec = 2369.7818 Mbps     0 retrans
   23.8750 MB /   0.10 sec = 1996.0734 Mbps     0 retrans
   16.4375 MB /   0.10 sec = 1383.5261 Mbps     0 retrans
   17.9375 MB /   0.10 sec = 1502.0629 Mbps     0 retrans
   19.5000 MB /   0.10 sec = 1638.5477 Mbps     0 retrans
   19.0625 MB /   0.10 sec = 1599.3823 Mbps     0 retrans
   20.0000 MB /   0.10 sec = 1666.1750 Mbps     0 retrans
   19.4375 MB /   0.10 sec = 1641.7984 Mbps     0 retrans
   20.5625 MB /   0.10 sec = 1724.6316 Mbps     0 retrans
   19.0625 MB /   0.10 sec = 1599.2543 Mbps     0 retrans
   18.0000 MB /   0.10 sec = 1509.9192 Mbps     0 retrans
   20.8750 MB /   0.10 sec = 1751.0169 Mbps     0 retrans
   16.9375 MB /   0.10 sec = 1420.8205 Mbps     0 retrans
   18.4375 MB /   0.10 sec = 1535.4256 Mbps     0 retrans
   19.6250 MB /   0.10 sec = 1658.3704 Mbps     0 retrans
   20.4375 MB /   0.10 sec = 1714.7819 Mbps     0 retrans
   19.9375 MB /   0.10 sec = 1672.2948 Mbps     0 retrans
   20.7500 MB /   0.10 sec = 1741.1585 Mbps     0 retrans
   19.7500 MB /   0.10 sec = 1656.4022 Mbps     0 retrans
   19.8750 MB /   0.10 sec = 1667.1858 Mbps     0 retrans
   21.8750 MB /   0.10 sec = 1835.2099 Mbps     0 retrans
   19.7500 MB /   0.10 sec = 1656.6838 Mbps     0 retrans
   12.6875 MB /   0.10 sec = 1064.2727 Mbps     0 retrans
   17.4375 MB /   0.10 sec = 1462.5003 Mbps     0 retrans
   14.3750 MB /   0.10 sec = 1205.7418 Mbps     0 retrans
   14.5625 MB /   0.10 sec = 1221.6033 Mbps     0 retrans
   14.6250 MB /   0.10 sec = 1226.9689 Mbps     0 retrans
   12.6875 MB /   0.10 sec = 1064.0386 Mbps     0 retrans
   16.8125 MB /   0.10 sec = 1410.7297 Mbps     0 retrans
   14.4375 MB /   0.10 sec = 1211.1053 Mbps     0 retrans
   15.9375 MB /   0.10 sec = 1336.9077 Mbps     0 retrans
   15.0625 MB /   0.10 sec = 1263.7363 Mbps     0 retrans
   11.7500 MB /   0.10 sec =  985.5530 Mbps     0 retrans
   15.0625 MB /   0.10 sec = 1263.6099 Mbps     0 retrans
   15.4375 MB /   0.10 sec = 1294.7842 Mbps     0 retrans
   14.3125 MB /   0.10 sec = 1200.6555 Mbps     0 retrans
   15.5625 MB /   0.10 sec = 1305.5163 Mbps     0 retrans
   15.7500 MB /   0.10 sec = 1321.1133 Mbps     0 retrans
   15.6875 MB /   0.10 sec = 1315.8708 Mbps     0 retrans
   16.1875 MB /   0.10 sec = 1357.8109 Mbps     0 retrans
   15.3750 MB /   0.10 sec = 1289.9807 Mbps     0 retrans
   15.5625 MB /   0.10 sec = 1305.3596 Mbps     0 retrans
   13.4375 MB /   0.10 sec = 1127.3319 Mbps     0 retrans
   16.7500 MB /   0.10 sec = 1405.1902 Mbps     0 retrans
   15.1250 MB /   0.10 sec = 1268.7643 Mbps     0 retrans
   15.5625 MB /   0.10 sec = 1305.2161 Mbps     0 retrans
   15.6250 MB /   0.10 sec = 1310.8380 Mbps     0 retrans
   15.3750 MB /   0.10 sec = 1289.7356 Mbps     0 retrans
   17.4375 MB /   0.10 sec = 1462.7343 Mbps     0 retrans
   15.5625 MB /   0.10 sec = 1305.5163 Mbps     0 retrans
   16.5625 MB /   0.10 sec = 1389.0576 Mbps     0 retrans
   16.3125 MB /   0.10 sec = 1368.7202 Mbps     0 retrans
   14.0000 MB /   0.10 sec = 1174.5226 Mbps     0 retrans
   14.3125 MB /   0.10 sec = 1200.2714 Mbps     0 retrans
   16.7500 MB /   0.10 sec = 1404.4318 Mbps     0 retrans
   16.8750 MB /   0.10 sec = 1416.4700 Mbps     0 retrans
   14.4375 MB /   0.10 sec = 1211.0689 Mbps     0 retrans
   15.8750 MB /   0.10 sec = 1331.2788 Mbps     0 retrans
   17.3125 MB /   0.10 sec = 1452.8734 Mbps     0 retrans
   15.3750 MB /   0.10 sec = 1289.4003 Mbps     0 retrans
   16.5625 MB /   0.10 sec = 1389.6689 Mbps     0 retrans
   16.1250 MB /   0.10 sec = 1352.5143 Mbps     0 retrans
   14.3750 MB /   0.10 sec = 1206.0916 Mbps     0 retrans
   15.2500 MB /   0.10 sec = 1278.9813 Mbps     0 retrans
   14.8125 MB /   0.10 sec = 1242.6868 Mbps     0 retrans
   16.7500 MB /   0.10 sec = 1405.3448 Mbps     0 retrans
   17.6250 MB /   0.10 sec = 1478.3295 Mbps     0 retrans
   15.3750 MB /   0.10 sec = 1289.7356 Mbps     0 retrans
   15.8125 MB /   0.10 sec = 1325.8255 Mbps     0 retrans
   18.2500 MB /   0.10 sec = 1531.7021 Mbps     0 retrans
   15.3750 MB /   0.10 sec = 1289.6066 Mbps     0 retrans
   15.0625 MB /   0.10 sec = 1263.6604 Mbps     0 retrans
   13.1875 MB /   0.10 sec = 1106.2919 Mbps     0 retrans
   14.8750 MB /   0.10 sec = 1247.0198 Mbps     0 retrans
   17.0625 MB /   0.10 sec = 1432.0939 Mbps     0 retrans
   14.9375 MB /   0.10 sec = 1253.0107 Mbps     0 retrans
   18.0625 MB /   0.10 sec = 1513.8904 Mbps     0 retrans
   16.8750 MB /   0.10 sec = 1417.0797 Mbps     0 retrans
   18.6250 MB /   0.10 sec = 1559.5554 Mbps     0 retrans
   16.1250 MB /   0.10 sec = 1354.8986 Mbps     0 retrans
   17.1250 MB /   0.10 sec = 1436.8365 Mbps     0 retrans
   19.0000 MB /   0.10 sec = 1593.9152 Mbps     0 retrans
   13.3750 MB /   0.10 sec = 1121.0571 Mbps     0 retrans
   18.5000 MB /   0.10 sec = 1552.8397 Mbps     0 retrans
   15.1875 MB /   0.10 sec = 1274.0963 Mbps     0 retrans
   13.2500 MB /   0.10 sec = 1111.5350 Mbps     0 retrans
   17.4375 MB /   0.10 sec = 1461.9010 Mbps     0 retrans
   17.1875 MB /   0.10 sec = 1442.4844 Mbps     0 retrans
   17.5000 MB /   0.10 sec = 1468.3882 Mbps     0 retrans
   16.5625 MB /   0.10 sec = 1388.7660 Mbps     0 retrans
   19.0000 MB /   0.10 sec = 1593.5646 Mbps     0 retrans
   16.1875 MB /   0.10 sec = 1358.1911 Mbps     0 retrans
   15.1875 MB /   0.10 sec = 1273.9561 Mbps     0 retrans
   15.3750 MB /   0.10 sec = 1288.7175 Mbps     0 retrans
   18.3125 MB /   0.10 sec = 1537.9941 Mbps     0 retrans
   16.5000 MB /   0.10 sec = 1384.1065 Mbps     0 retrans
   16.2500 MB /   0.10 sec = 1363.0261 Mbps     0 retrans
   17.3750 MB /   0.10 sec = 1457.5789 Mbps     0 retrans
   18.1250 MB /   0.10 sec = 1520.0704 Mbps     0 retrans
   16.8125 MB /   0.10 sec = 1410.4193 Mbps     0 retrans
   18.6875 MB /   0.10 sec = 1567.6995 Mbps     0 retrans
   15.4375 MB /   0.10 sec = 1294.9784 Mbps     0 retrans
   16.5625 MB /   0.10 sec = 1389.2243 Mbps     0 retrans
   15.5000 MB /   0.10 sec = 1300.1302 Mbps     0 retrans
   17.8750 MB /   0.10 sec = 1499.3287 Mbps     0 retrans
   16.5625 MB /   0.10 sec = 1389.8775 Mbps     0 retrans
   17.3125 MB /   0.10 sec = 1451.9293 Mbps     0 retrans
   18.6250 MB /   0.10 sec = 1562.6439 Mbps     0 retrans
   16.8125 MB /   0.10 sec = 1410.2501 Mbps     0 retrans
   19.2500 MB /   0.10 sec = 1614.5971 Mbps     0 retrans
   12.6875 MB /   0.10 sec = 1064.3472 Mbps     0 retrans
   14.8750 MB /   0.10 sec = 1247.6931 Mbps     0 retrans
   17.9375 MB /   0.10 sec = 1504.9474 Mbps     0 retrans
   15.5625 MB /   0.10 sec = 1305.3205 Mbps     0 retrans
   15.5625 MB /   0.10 sec = 1305.5816 Mbps     0 retrans
   16.5625 MB /   0.10 sec = 1389.3354 Mbps     0 retrans
   18.8125 MB /   0.10 sec = 1577.9333 Mbps     0 retrans
   17.2500 MB /   0.10 sec = 1447.4257 Mbps     0 retrans
   19.1250 MB /   0.10 sec = 1604.1127 Mbps     0 retrans
   17.5625 MB /   0.10 sec = 1473.3671 Mbps     0 retrans
   19.0625 MB /   0.10 sec = 1599.0464 Mbps     0 retrans
   17.1250 MB /   0.10 sec = 1436.5491 Mbps     0 retrans
   18.4375 MB /   0.10 sec = 1546.2476 Mbps     0 retrans
   15.3750 MB /   0.10 sec = 1290.0065 Mbps     0 retrans
   16.4375 MB /   0.10 sec = 1364.6847 Mbps     0 retrans
   18.8750 MB /   0.10 sec = 1600.1675 Mbps     0 retrans
   18.6875 MB /   0.10 sec = 1567.4487 Mbps     0 retrans
   18.0625 MB /   0.10 sec = 1515.2226 Mbps     0 retrans
   16.4375 MB /   0.10 sec = 1379.0567 Mbps     0 retrans
   19.0000 MB /   0.10 sec = 1593.6762 Mbps     0 retrans
   17.8125 MB /   0.10 sec = 1494.2507 Mbps     0 retrans
   18.4375 MB /   0.10 sec = 1546.4950 Mbps     0 retrans
   16.8750 MB /   0.10 sec = 1415.3511 Mbps     0 retrans
   15.6250 MB /   0.10 sec = 1310.5627 Mbps     0 retrans
   17.3750 MB /   0.10 sec = 1457.5206 Mbps     0 retrans
   17.0625 MB /   0.10 sec = 1431.9649 Mbps     0 retrans
   17.5625 MB /   0.10 sec = 1473.1609 Mbps     0 retrans
   18.5000 MB /   0.10 sec = 1551.7373 Mbps     0 retrans
   17.8750 MB /   0.10 sec = 1499.5836 Mbps     0 retrans
   18.1250 MB /   0.10 sec = 1520.4352 Mbps     0 retrans
   17.3125 MB /   0.10 sec = 1452.0454 Mbps     0 retrans
   16.7500 MB /   0.10 sec = 1405.2886 Mbps     0 retrans
   19.0000 MB /   0.10 sec = 1593.8036 Mbps     0 retrans
   11.7500 MB /   0.10 sec =  985.6713 Mbps     0 retrans
   19.1875 MB /   0.10 sec = 1609.4354 Mbps     0 retrans
   15.3125 MB /   0.10 sec = 1284.4928 Mbps     0 retrans
   17.1250 MB /   0.10 sec = 1436.6353 Mbps     0 retrans
   16.8750 MB /   0.10 sec = 1415.6201 Mbps     0 retrans
   18.0625 MB /   0.10 sec = 1515.0408 Mbps     0 retrans
   17.5000 MB /   0.10 sec = 1468.3735 Mbps     0 retrans
   17.7500 MB /   0.10 sec = 1488.7397 Mbps     0 retrans
   17.0625 MB /   0.10 sec = 1431.1488 Mbps     0 retrans
   18.3125 MB /   0.10 sec = 1536.3789 Mbps     0 retrans
   14.6875 MB /   0.10 sec = 1232.2123 Mbps     0 retrans
   16.2500 MB /   0.10 sec = 1363.3669 Mbps     0 retrans
   19.8750 MB /   0.10 sec = 1666.7358 Mbps     0 retrans
   16.5000 MB /   0.10 sec = 1384.0511 Mbps     0 retrans
   18.7500 MB /   0.10 sec = 1571.3869 Mbps     0 retrans
   17.1875 MB /   0.10 sec = 1441.6623 Mbps     0 retrans
   18.6875 MB /   0.10 sec = 1569.2531 Mbps     0 retrans
   17.4375 MB /   0.10 sec = 1462.1786 Mbps     0 retrans
   18.3125 MB /   0.10 sec = 1535.6724 Mbps     0 retrans
   17.8750 MB /   0.10 sec = 1500.5291 Mbps     0 retrans
   15.6250 MB /   0.10 sec = 1310.7200 Mbps     0 retrans
   18.3750 MB /   0.10 sec = 1541.5763 Mbps     0 retrans
   16.2500 MB /   0.10 sec = 1363.3806 Mbps     0 retrans
   13.3750 MB /   0.10 sec = 1121.9988 Mbps     0 retrans
   12.3750 MB /   0.10 sec = 1037.9968 Mbps     0 retrans
   12.9375 MB /   0.10 sec = 1085.2436 Mbps     0 retrans
   12.7500 MB /   0.10 sec = 1069.4834 Mbps     0 retrans
   12.6250 MB /   0.10 sec = 1059.0512 Mbps     0 retrans
   13.2500 MB /   0.10 sec = 1111.5017 Mbps     0 retrans
   12.3750 MB /   0.10 sec = 1038.0695 Mbps     0 retrans
   12.1875 MB /   0.10 sec = 1022.3003 Mbps     0 retrans
   11.7500 MB /   0.10 sec =  985.8389 Mbps     0 retrans
   11.8125 MB /   0.10 sec =  990.4784 Mbps     0 retrans
   13.6250 MB /   0.10 sec = 1143.2794 Mbps     0 retrans
   13.0000 MB /   0.10 sec = 1089.8433 Mbps     0 retrans
   15.0000 MB /   0.10 sec = 1258.9962 Mbps     0 retrans
   13.3750 MB /   0.10 sec = 1121.8866 Mbps     0 retrans
   13.6875 MB /   0.10 sec = 1148.3745 Mbps     0 retrans
   13.8750 MB /   0.10 sec = 1163.7913 Mbps     0 retrans
   13.0000 MB /   0.10 sec = 1065.8968 Mbps     0 retrans
   14.1875 MB /   0.10 sec = 1218.5254 Mbps     0 retrans
   12.9375 MB /   0.10 sec = 1085.2328 Mbps     0 retrans
   14.6250 MB /   0.10 sec = 1226.9198 Mbps     0 retrans
   13.1250 MB /   0.10 sec = 1100.8727 Mbps     0 retrans
   15.5000 MB /   0.10 sec = 1300.2732 Mbps     0 retrans
   14.8750 MB /   0.10 sec = 1247.7056 Mbps     0 retrans
   14.7500 MB /   0.10 sec = 1237.1836 Mbps     0 retrans
   15.1250 MB /   0.10 sec = 1269.1069 Mbps     0 retrans
   14.8125 MB /   0.10 sec = 1242.5750 Mbps     0 retrans
   15.0000 MB /   0.10 sec = 1258.1276 Mbps     0 retrans
   12.2500 MB /   0.10 sec = 1027.2963 Mbps     0 retrans
   12.6875 MB /   0.10 sec = 1064.7731 Mbps     0 retrans
   16.6250 MB /   0.10 sec = 1394.8153 Mbps     0 retrans
   14.9375 MB /   0.10 sec = 1252.9230 Mbps     0 retrans
   14.4375 MB /   0.10 sec = 1211.0811 Mbps     0 retrans
   16.1875 MB /   0.10 sec = 1357.0374 Mbps     0 retrans
   15.3750 MB /   0.10 sec = 1290.3420 Mbps     0 retrans
   14.9375 MB /   0.10 sec = 1253.2990 Mbps     0 retrans
   14.3750 MB /   0.10 sec = 1205.5972 Mbps     0 retrans
   15.9375 MB /   0.10 sec = 1335.1320 Mbps     0 retrans
   13.3125 MB /   0.10 sec = 1118.5007 Mbps     0 retrans
   16.1250 MB /   0.10 sec = 1352.2303 Mbps     0 retrans
   15.5625 MB /   0.10 sec = 1305.6207 Mbps     0 retrans
   16.0000 MB /   0.10 sec = 1342.3518 Mbps     0 retrans
   16.0625 MB /   0.10 sec = 1347.4336 Mbps     0 retrans
   16.6250 MB /   0.10 sec = 1394.7456 Mbps     0 retrans
   15.3125 MB /   0.10 sec = 1284.4285 Mbps     0 retrans
   17.1250 MB /   0.10 sec = 1436.6784 Mbps     0 retrans
   15.3750 MB /   0.10 sec = 1289.6195 Mbps     0 retrans
   17.1875 MB /   0.10 sec = 1441.8785 Mbps     0 retrans
   14.6250 MB /   0.10 sec = 1226.7848 Mbps     0 retrans
   14.6875 MB /   0.10 sec = 1231.4734 Mbps     0 retrans
   17.6250 MB /   0.10 sec = 1479.4094 Mbps     0 retrans
   15.4375 MB /   0.10 sec = 1294.8748 Mbps     0 retrans
   16.4375 MB /   0.10 sec = 1378.4363 Mbps     0 retrans
   16.3750 MB /   0.10 sec = 1374.0880 Mbps     0 retrans
   15.0000 MB /   0.10 sec = 1257.9390 Mbps     0 retrans
   16.2500 MB /   0.10 sec = 1363.5306 Mbps     0 retrans
   16.6250 MB /   0.10 sec = 1394.5503 Mbps     0 retrans
   16.8125 MB /   0.10 sec = 1409.6440 Mbps     0 retrans
   14.8750 MB /   0.10 sec = 1247.8429 Mbps     0 retrans
   14.6250 MB /   0.10 sec = 1226.7358 Mbps     0 retrans
   17.3750 MB /   0.10 sec = 1458.3081 Mbps     0 retrans
   16.1250 MB /   0.10 sec = 1352.5278 Mbps     0 retrans
   13.3125 MB /   0.10 sec = 1116.6329 Mbps     0 retrans
nuttcp-r: 5797.7918 MB in 30.30 real seconds = 195908.99 KB/sec = 1604.8865 Mbps
nuttcp-r: 107304 I/O calls, msec/call = 0.29, calls/sec = 3540.85
nuttcp-r: 0.0user 1.4sys 0:30real 4% 0i+0d 1474maxrss 0+1pf 14781+484csw

nuttcp-t: Warning: send window size 25000000 < requested window size 26214400
nuttcp-t: v6.1.2: socket
nuttcp-t: buflen=65536, nstream=1, port=5007 tcp -> 174.204.9.100
nuttcp-t: time limit = 30.00 seconds
nuttcp-t: accept from 174.204.9.100 with mss=1376
nuttcp-t: send window size = 50000000, receive window size = 25000000
nuttcp-t: available send window = 25000000, available receive window = 12500000
nuttcp-t: 5797.7918 MB in 30.00 real seconds = 197896.70 KB/sec = 1621.1698 Mbps
nuttcp-t: retrans = 0
nuttcp-t: 92765 I/O calls, msec/call = 0.33, calls/sec = 3092.15
nuttcp-t: 0.1user 2.8sys 0:30real 9% 0i+0d 98maxrss 0+0pf 319+19csw
