nuttcp-t: v8.1.4: socket
nuttcp-t: buflen=65536, nstream=1, port=5007 tcp -> 54.176.53.206
nuttcp-t: time limit = 30.00 seconds
nuttcp-t: connect to 54.176.53.206 with mss=1376, RTT=30.602 ms af=inet
nuttcp-t: send window size = 33554432, receive window size = 6291456
nuttcp-t: available send window = 25165824, available receive window = 4718592
nuttcp-t: initial congestion window = 13 KB (10 packets)
nuttcp-r: Warning: receive window size 25000000 < requested window size 26214400
nuttcp-r: v6.1.2: socket
nuttcp-r: buflen=65536, nstream=1, port=5007 tcp
nuttcp-r: interval reporting every 0.10 seconds
nuttcp-r: accept from 174.204.9.100
nuttcp-r: send window size = 25000000, receive window size = 50000000
nuttcp-r: available send window = 12500000, available receive window = 25000000
    0.1250 MB /   0.10 sec =   10.4824 Mbps     0 retrans   5946 KB-cwnd
    0.8125 MB /   0.10 sec =   68.1711 Mbps     0 retrans   5948 KB-cwnd
    1.9375 MB /   0.10 sec =  162.4838 Mbps     0 retrans   5948 KB-cwnd
    2.7500 MB /   0.10 sec =  230.7490 Mbps     0 retrans   5948 KB-cwnd
    2.9375 MB /   0.10 sec =  246.3488 Mbps     0 retrans   5948 KB-cwnd
    3.2500 MB /   0.10 sec =  272.6788 Mbps     0 retrans   6193 KB-cwnd
    2.8125 MB /   0.10 sec =  235.9343 Mbps     0 retrans   6204 KB-cwnd
    2.5625 MB /   0.10 sec =  214.9495 Mbps     0 retrans   6204 KB-cwnd
    3.0000 MB /   0.10 sec =  251.6633 Mbps     0 retrans   6221 KB-cwnd
    2.5625 MB /   0.10 sec =  214.9430 Mbps     0 retrans   6788 KB-cwnd
    2.4375 MB /   0.10 sec =  204.4008 Mbps     0 retrans   6788 KB-cwnd
    2.9375 MB /   0.10 sec =  246.4844 Mbps     0 retrans   6788 KB-cwnd
    3.0000 MB /   0.10 sec =  251.6784 Mbps     0 retrans   6788 KB-cwnd
    2.9375 MB /   0.10 sec =  246.4252 Mbps     0 retrans   6788 KB-cwnd
    2.7500 MB /   0.10 sec =  230.6544 Mbps     0 retrans   6788 KB-cwnd
    2.6875 MB /   0.10 sec =  225.4867 Mbps     0 retrans   6788 KB-cwnd
    2.3750 MB /   0.10 sec =  199.2274 Mbps     0 retrans   6788 KB-cwnd
    2.8125 MB /   0.10 sec =  235.9178 Mbps     0 retrans   6788 KB-cwnd
    3.0625 MB /   0.10 sec =  256.8472 Mbps     0 retrans   6788 KB-cwnd
    2.5000 MB /   0.10 sec =  209.7572 Mbps     0 retrans   6788 KB-cwnd
    2.8750 MB /   0.10 sec =  240.7728 Mbps     0 retrans   6788 KB-cwnd
    2.7500 MB /   0.10 sec =  231.0888 Mbps     0 retrans   6788 KB-cwnd
    2.5625 MB /   0.10 sec =  214.9667 Mbps     0 retrans   6788 KB-cwnd
    2.3125 MB /   0.10 sec =  192.1686 Mbps     0 retrans   6788 KB-cwnd
    2.8125 MB /   0.10 sec =  238.1083 Mbps     0 retrans   6788 KB-cwnd
    2.8750 MB /   0.10 sec =  241.2014 Mbps     0 retrans   6788 KB-cwnd
    2.6250 MB /   0.10 sec =  220.2362 Mbps     0 retrans   6788 KB-cwnd
    2.9375 MB /   0.10 sec =  246.4030 Mbps     0 retrans   6788 KB-cwnd
    2.6875 MB /   0.10 sec =  225.4438 Mbps     0 retrans   6788 KB-cwnd
    2.8750 MB /   0.10 sec =  241.2014 Mbps     0 retrans   6961 KB-cwnd
    2.6250 MB /   0.10 sec =  220.1547 Mbps     0 retrans   6961 KB-cwnd
    2.4375 MB /   0.10 sec =  204.4621 Mbps     0 retrans   6961 KB-cwnd
    3.2500 MB /   0.10 sec =  272.6788 Mbps     0 retrans   6961 KB-cwnd
    2.2500 MB /   0.10 sec =  187.7038 Mbps     0 retrans   6961 KB-cwnd
    3.1875 MB /   0.10 sec =  268.8656 Mbps     0 retrans   6961 KB-cwnd
    2.6250 MB /   0.10 sec =  220.1966 Mbps     0 retrans   6961 KB-cwnd
    2.7500 MB /   0.10 sec =  230.6983 Mbps     0 retrans   6961 KB-cwnd
    2.7500 MB /   0.10 sec =  230.6706 Mbps     0 retrans   6961 KB-cwnd
    2.7500 MB /   0.10 sec =  230.5092 Mbps     0 retrans   6961 KB-cwnd
    2.8750 MB /   0.10 sec =  241.3583 Mbps     0 retrans   6961 KB-cwnd
    2.8750 MB /   0.10 sec =  241.1870 Mbps     0 retrans   6961 KB-cwnd
    2.8750 MB /   0.10 sec =  241.1701 Mbps     0 retrans   6961 KB-cwnd
    2.6250 MB /   0.10 sec =  220.1900 Mbps     0 retrans   6961 KB-cwnd
    1.8750 MB /   0.10 sec =  157.2943 Mbps     0 retrans   6961 KB-cwnd
    1.5625 MB /   0.10 sec =  131.0733 Mbps     0 retrans   6961 KB-cwnd
    2.9375 MB /   0.10 sec =  246.4425 Mbps     0 retrans   6961 KB-cwnd
    3.0000 MB /   0.10 sec =  251.6507 Mbps     0 retrans   6961 KB-cwnd
    2.8750 MB /   0.10 sec =  241.1243 Mbps     0 retrans   6961 KB-cwnd
    2.8125 MB /   0.10 sec =  235.9815 Mbps     0 retrans   5567 KB-cwnd
    2.6875 MB /   0.10 sec =  225.4416 Mbps     0 retrans   5567 KB-cwnd
    2.3750 MB /   0.10 sec =  199.0344 Mbps     0 retrans   5567 KB-cwnd
    2.8125 MB /   0.10 sec =  236.1421 Mbps     0 retrans   5567 KB-cwnd
    2.5625 MB /   0.10 sec =  214.7348 Mbps     0 retrans   5567 KB-cwnd
    2.7500 MB /   0.10 sec =  230.8922 Mbps     0 retrans   5567 KB-cwnd
    2.6875 MB /   0.10 sec =  225.4867 Mbps     0 retrans   5567 KB-cwnd
    2.6250 MB /   0.10 sec =  219.9986 Mbps     0 retrans   5567 KB-cwnd
    2.6875 MB /   0.10 sec =  223.2979 Mbps     0 retrans   5567 KB-cwnd
    2.7500 MB /   0.10 sec =  233.1488 Mbps     0 retrans   5567 KB-cwnd
    2.7500 MB /   0.10 sec =  229.5801 Mbps     0 retrans   5567 KB-cwnd
    2.3125 MB /   0.10 sec =  194.9065 Mbps     0 retrans   5567 KB-cwnd
    3.1875 MB /   0.10 sec =  267.3976 Mbps     0 retrans   5567 KB-cwnd
    2.8125 MB /   0.10 sec =  235.9296 Mbps     0 retrans   5567 KB-cwnd
    2.6250 MB /   0.10 sec =  220.1855 Mbps     0 retrans   5567 KB-cwnd
    2.7500 MB /   0.10 sec =  230.7190 Mbps     0 retrans   5567 KB-cwnd
    2.3125 MB /   0.10 sec =  193.9613 Mbps     0 retrans   5567 KB-cwnd
    2.4375 MB /   0.10 sec =  204.4948 Mbps     0 retrans   5567 KB-cwnd
    2.0000 MB /   0.10 sec =  167.7654 Mbps     0 retrans   5567 KB-cwnd
    1.9375 MB /   0.10 sec =  162.5407 Mbps     0 retrans   5567 KB-cwnd
    2.3750 MB /   0.10 sec =  199.1398 Mbps     0 retrans   5567 KB-cwnd
    3.1875 MB /   0.10 sec =  267.5046 Mbps     0 retrans   5567 KB-cwnd
    2.5625 MB /   0.10 sec =  214.9495 Mbps     0 retrans   5567 KB-cwnd
    2.3125 MB /   0.10 sec =  193.9827 Mbps     0 retrans   5567 KB-cwnd
    3.1250 MB /   0.10 sec =  262.1545 Mbps     0 retrans   5567 KB-cwnd
    2.7500 MB /   0.10 sec =  230.6175 Mbps     0 retrans   5567 KB-cwnd
    2.7500 MB /   0.10 sec =  230.6314 Mbps     0 retrans   5567 KB-cwnd
    2.9375 MB /   0.10 sec =  246.5066 Mbps     0 retrans   5567 KB-cwnd
    2.0625 MB /   0.10 sec =  172.8957 Mbps     0 retrans   5567 KB-cwnd
    1.6875 MB /   0.10 sec =  141.6782 Mbps     0 retrans   5567 KB-cwnd
    2.2500 MB /   0.10 sec =  188.7493 Mbps     0 retrans   5567 KB-cwnd
    1.5625 MB /   0.10 sec =  131.0628 Mbps     0 retrans   5567 KB-cwnd
    2.1250 MB /   0.10 sec =  178.2490 Mbps     0 retrans   5567 KB-cwnd
    1.7500 MB /   0.10 sec =  146.7522 Mbps     0 retrans   5567 KB-cwnd
    1.7500 MB /   0.10 sec =  146.8241 Mbps     0 retrans   5567 KB-cwnd
    1.8750 MB /   0.10 sec =  157.3257 Mbps     0 retrans   5567 KB-cwnd
    1.9375 MB /   0.10 sec =  162.5277 Mbps     0 retrans   5567 KB-cwnd
    2.0000 MB /   0.10 sec =  167.7738 Mbps     0 retrans   5567 KB-cwnd
    0.9375 MB /   0.10 sec =   78.5309 Mbps     0 retrans   5567 KB-cwnd
    1.8125 MB /   0.10 sec =  152.2689 Mbps     0 retrans   5567 KB-cwnd
    2.5625 MB /   0.10 sec =  214.9602 Mbps     0 retrans   5567 KB-cwnd
    2.7500 MB /   0.10 sec =  230.6660 Mbps     0 retrans   5567 KB-cwnd
    2.7500 MB /   0.10 sec =  230.1849 Mbps     0 retrans   5567 KB-cwnd
    2.6250 MB /   0.10 sec =  220.6135 Mbps     0 retrans   5567 KB-cwnd
    2.9375 MB /   0.10 sec =  246.4573 Mbps     0 retrans   5567 KB-cwnd
    2.0000 MB /   0.10 sec =  167.7889 Mbps     0 retrans   5567 KB-cwnd
    2.2500 MB /   0.10 sec =  188.7569 Mbps     0 retrans   5567 KB-cwnd
    2.1250 MB /   0.10 sec =  178.2668 Mbps     0 retrans   5567 KB-cwnd
    2.0625 MB /   0.10 sec =  172.9839 Mbps     0 retrans   5567 KB-cwnd
    2.2500 MB /   0.10 sec =  188.4215 Mbps     0 retrans   5567 KB-cwnd
    3.0000 MB /   0.10 sec =  251.5174 Mbps     0 retrans   5567 KB-cwnd
    2.6875 MB /   0.10 sec =  225.7531 Mbps     0 retrans   5567 KB-cwnd
    2.3125 MB /   0.10 sec =  193.6825 Mbps     0 retrans   5567 KB-cwnd
    2.6875 MB /   0.10 sec =  225.9296 Mbps     0 retrans   5567 KB-cwnd
    3.1875 MB /   0.10 sec =  267.5153 Mbps     0 retrans   5567 KB-cwnd
    2.6250 MB /   0.10 sec =  220.1988 Mbps     0 retrans   5567 KB-cwnd
    2.6250 MB /   0.10 sec =  220.1767 Mbps     0 retrans   5567 KB-cwnd
    2.9375 MB /   0.10 sec =  246.4400 Mbps     0 retrans   5567 KB-cwnd
    2.6250 MB /   0.10 sec =  220.1547 Mbps     0 retrans   5567 KB-cwnd
    2.9375 MB /   0.10 sec =  246.3981 Mbps     0 retrans   5567 KB-cwnd
    2.7500 MB /   0.10 sec =  230.7606 Mbps     0 retrans   5567 KB-cwnd
    2.2500 MB /   0.10 sec =  188.7116 Mbps     0 retrans   5567 KB-cwnd
    2.5625 MB /   0.10 sec =  214.0846 Mbps     0 retrans   5567 KB-cwnd
    3.3125 MB /   0.10 sec =  279.0222 Mbps     0 retrans   5567 KB-cwnd
    2.4375 MB /   0.10 sec =  204.4539 Mbps     0 retrans   5567 KB-cwnd
    2.9375 MB /   0.10 sec =  246.4720 Mbps     0 retrans   5567 KB-cwnd
    2.1875 MB /   0.10 sec =  183.0286 Mbps     0 retrans   5567 KB-cwnd
    2.6250 MB /   0.10 sec =  220.7042 Mbps     0 retrans   5567 KB-cwnd
    2.8125 MB /   0.10 sec =  235.4023 Mbps     0 retrans   5567 KB-cwnd
    2.8750 MB /   0.10 sec =  241.7842 Mbps     0 retrans   5567 KB-cwnd
    2.5625 MB /   0.10 sec =  214.9387 Mbps     0 retrans   5567 KB-cwnd
    2.5000 MB /   0.10 sec =  209.6963 Mbps     0 retrans   5567 KB-cwnd
    2.6875 MB /   0.10 sec =  225.4822 Mbps     0 retrans   5567 KB-cwnd
    3.2500 MB /   0.10 sec =  272.6298 Mbps     0 retrans   5567 KB-cwnd
    2.5625 MB /   0.10 sec =  214.9087 Mbps     0 retrans   5567 KB-cwnd
    2.8125 MB /   0.10 sec =  235.9154 Mbps     0 retrans   5567 KB-cwnd
    2.6250 MB /   0.10 sec =  220.2604 Mbps     0 retrans   5567 KB-cwnd
    3.0625 MB /   0.10 sec =  256.8318 Mbps     0 retrans   5567 KB-cwnd
    2.8750 MB /   0.10 sec =  241.2111 Mbps     0 retrans   5567 KB-cwnd
    2.3125 MB /   0.10 sec =  194.0001 Mbps     0 retrans   5567 KB-cwnd
    2.5000 MB /   0.10 sec =  209.7005 Mbps     0 retrans   5567 KB-cwnd
    2.3125 MB /   0.10 sec =  194.0021 Mbps     0 retrans   5567 KB-cwnd
    1.9375 MB /   0.10 sec =  162.5293 Mbps     0 retrans   5567 KB-cwnd
    3.6250 MB /   0.10 sec =  304.0566 Mbps     0 retrans   5567 KB-cwnd
    3.0000 MB /   0.10 sec =  251.6784 Mbps     0 retrans   5567 KB-cwnd
    3.0625 MB /   0.10 sec =  256.1480 Mbps     0 retrans   5567 KB-cwnd
    2.9375 MB /   0.10 sec =  247.1271 Mbps     0 retrans   5567 KB-cwnd
    3.0625 MB /   0.10 sec =  256.9371 Mbps     0 retrans   5567 KB-cwnd
    3.0000 MB /   0.10 sec =  251.6457 Mbps     0 retrans   5567 KB-cwnd
    3.2500 MB /   0.10 sec =  272.6161 Mbps     0 retrans   5567 KB-cwnd
    2.9375 MB /   0.10 sec =  246.3956 Mbps     0 retrans   5567 KB-cwnd
    3.1875 MB /   0.10 sec =  267.4350 Mbps     0 retrans   5567 KB-cwnd
    3.1875 MB /   0.10 sec =  267.3789 Mbps     0 retrans   5567 KB-cwnd
    3.0000 MB /   0.10 sec =  251.6608 Mbps     0 retrans   5567 KB-cwnd
    3.2500 MB /   0.10 sec =  272.6298 Mbps     0 retrans   5567 KB-cwnd
    2.5000 MB /   0.10 sec =  209.7152 Mbps     0 retrans   5567 KB-cwnd
    3.2500 MB /   0.10 sec =  272.5889 Mbps     0 retrans   5567 KB-cwnd
    2.0000 MB /   0.10 sec =  167.3621 Mbps     0 retrans   5567 KB-cwnd
    2.1250 MB /   0.10 sec =  178.6241 Mbps     0 retrans   5567 KB-cwnd
    3.0000 MB /   0.10 sec =  251.7589 Mbps     0 retrans   5567 KB-cwnd
    2.7500 MB /   0.10 sec =  230.7121 Mbps     0 retrans   5567 KB-cwnd
    3.0625 MB /   0.10 sec =  256.8934 Mbps     0 retrans   5567 KB-cwnd
    2.8125 MB /   0.10 sec =  235.9508 Mbps     0 retrans   5567 KB-cwnd
    2.8125 MB /   0.10 sec =  235.8989 Mbps     0 retrans   5567 KB-cwnd
    2.9375 MB /   0.10 sec =  246.4326 Mbps     0 retrans   5567 KB-cwnd
    3.0625 MB /   0.10 sec =  256.8677 Mbps     0 retrans   5567 KB-cwnd
    2.8750 MB /   0.10 sec =  241.1990 Mbps     0 retrans   5567 KB-cwnd
    2.9375 MB /   0.10 sec =  246.4301 Mbps     0 retrans   5567 KB-cwnd
    2.8750 MB /   0.10 sec =  241.1701 Mbps     0 retrans   5567 KB-cwnd
    2.5000 MB /   0.10 sec =  209.6796 Mbps     0 retrans   5567 KB-cwnd
    3.2500 MB /   0.10 sec =  272.4009 Mbps     0 retrans   5567 KB-cwnd
    2.7500 MB /   0.10 sec =  230.8945 Mbps     0 retrans   5567 KB-cwnd
    3.0000 MB /   0.10 sec =  251.5350 Mbps     0 retrans   5567 KB-cwnd
    2.9375 MB /   0.10 sec =  246.5041 Mbps     0 retrans   5567 KB-cwnd
    3.0000 MB /   0.10 sec =  251.6004 Mbps     0 retrans   5567 KB-cwnd
    2.9375 MB /   0.10 sec =  246.5164 Mbps     0 retrans   5567 KB-cwnd
    2.9375 MB /   0.10 sec =  246.0438 Mbps     0 retrans   5567 KB-cwnd
    2.5625 MB /   0.10 sec =  215.2961 Mbps     0 retrans   5567 KB-cwnd
    2.7500 MB /   0.10 sec =  230.6660 Mbps     0 retrans   5567 KB-cwnd
    3.0000 MB /   0.10 sec =  251.6608 Mbps     0 retrans   5567 KB-cwnd
    2.8750 MB /   0.10 sec =  240.9171 Mbps     0 retrans   5567 KB-cwnd
    2.8125 MB /   0.10 sec =  236.2083 Mbps     0 retrans   5567 KB-cwnd
    2.7500 MB /   0.10 sec =  230.6429 Mbps     0 retrans   5567 KB-cwnd
    3.0000 MB /   0.10 sec =  251.6985 Mbps     0 retrans   5567 KB-cwnd
    2.7500 MB /   0.10 sec =  230.6913 Mbps     0 retrans   5567 KB-cwnd
    3.1875 MB /   0.10 sec =  267.3789 Mbps     0 retrans   5567 KB-cwnd
    3.0000 MB /   0.10 sec =  251.6683 Mbps     0 retrans   5567 KB-cwnd
    2.9375 MB /   0.10 sec =  246.4080 Mbps     0 retrans   5567 KB-cwnd
    2.9375 MB /   0.10 sec =  246.4080 Mbps     0 retrans   5567 KB-cwnd
    2.9375 MB /   0.10 sec =  246.4129 Mbps     0 retrans   5567 KB-cwnd
    2.9375 MB /   0.10 sec =  246.4228 Mbps     0 retrans   5567 KB-cwnd
    2.6875 MB /   0.10 sec =  225.3897 Mbps     0 retrans   5567 KB-cwnd
    3.2500 MB /   0.10 sec =  272.6925 Mbps     0 retrans   5567 KB-cwnd
    3.0000 MB /   0.10 sec =  251.6507 Mbps     0 retrans   5567 KB-cwnd
    3.0625 MB /   0.10 sec =  256.9165 Mbps     0 retrans   5567 KB-cwnd
    2.9375 MB /   0.10 sec =  246.4129 Mbps     0 retrans   5567 KB-cwnd
    2.5000 MB /   0.10 sec =  209.6502 Mbps     0 retrans   5567 KB-cwnd
    3.3750 MB /   0.10 sec =  282.8949 Mbps     0 retrans   5567 KB-cwnd
    2.8750 MB /   0.10 sec =  241.4091 Mbps     0 retrans   5567 KB-cwnd
    2.8125 MB /   0.10 sec =  235.9532 Mbps     0 retrans   5567 KB-cwnd
    2.8125 MB /   0.10 sec =  235.9225 Mbps     0 retrans   5567 KB-cwnd
    2.8750 MB /   0.10 sec =  241.1267 Mbps     0 retrans   5567 KB-cwnd
    2.7500 MB /   0.10 sec =  230.7236 Mbps     0 retrans   5567 KB-cwnd
    2.9375 MB /   0.10 sec =  246.1471 Mbps     0 retrans   5567 KB-cwnd
    2.9375 MB /   0.10 sec =  246.6744 Mbps     0 retrans   5567 KB-cwnd
    2.8125 MB /   0.10 sec =  235.8541 Mbps     0 retrans   5567 KB-cwnd
    2.8125 MB /   0.10 sec =  236.0216 Mbps     0 retrans   5567 KB-cwnd
    3.0000 MB /   0.10 sec =  251.6557 Mbps     0 retrans   5567 KB-cwnd
    2.8125 MB /   0.10 sec =  235.9060 Mbps     0 retrans   5567 KB-cwnd
    2.5000 MB /   0.10 sec =  209.6858 Mbps     0 retrans   5567 KB-cwnd
    3.4375 MB /   0.10 sec =  288.4190 Mbps     0 retrans   5567 KB-cwnd
    2.6250 MB /   0.10 sec =  220.1966 Mbps     0 retrans   5567 KB-cwnd
    3.0625 MB /   0.10 sec =  255.9490 Mbps     0 retrans   5567 KB-cwnd
    2.7500 MB /   0.10 sec =  231.5551 Mbps     0 retrans   5567 KB-cwnd
    2.0625 MB /   0.10 sec =  171.9985 Mbps     0 retrans   5567 KB-cwnd
    2.7500 MB /   0.10 sec =  232.0395 Mbps     0 retrans   5567 KB-cwnd
    2.4375 MB /   0.10 sec =  204.4785 Mbps     0 retrans   5567 KB-cwnd
    2.5625 MB /   0.10 sec =  214.9237 Mbps     0 retrans   5567 KB-cwnd
    2.9375 MB /   0.10 sec =  246.4548 Mbps     0 retrans   5567 KB-cwnd
    2.6250 MB /   0.10 sec =  220.2120 Mbps     0 retrans   5567 KB-cwnd
    2.5625 MB /   0.10 sec =  212.1262 Mbps     0 retrans   5567 KB-cwnd
    2.7500 MB /   0.10 sec =  232.9839 Mbps     0 retrans   5567 KB-cwnd
    3.2500 MB /   0.10 sec =  273.6148 Mbps     0 retrans   5567 KB-cwnd
    2.6875 MB /   0.10 sec =  225.4258 Mbps     0 retrans   5567 KB-cwnd
    2.8750 MB /   0.10 sec =  240.8113 Mbps     0 retrans   5567 KB-cwnd
    2.7500 MB /   0.10 sec =  230.5968 Mbps     0 retrans   5567 KB-cwnd
    2.9375 MB /   0.10 sec =  246.8993 Mbps     0 retrans   5567 KB-cwnd
    2.5625 MB /   0.10 sec =  214.9172 Mbps     0 retrans   5567 KB-cwnd
    2.7500 MB /   0.10 sec =  230.4931 Mbps     0 retrans   5567 KB-cwnd
    2.8125 MB /   0.10 sec =  236.0500 Mbps     0 retrans   5567 KB-cwnd
    3.1875 MB /   0.10 sec =  267.4832 Mbps     0 retrans   5567 KB-cwnd
    2.3125 MB /   0.10 sec =  194.0234 Mbps     0 retrans   5567 KB-cwnd
    3.1875 MB /   0.10 sec =  267.3361 Mbps     0 retrans   5567 KB-cwnd
    2.6875 MB /   0.10 sec =  225.4596 Mbps     0 retrans   5567 KB-cwnd
    2.1875 MB /   0.10 sec =  183.4678 Mbps     0 retrans   5567 KB-cwnd
    3.1250 MB /   0.10 sec =  262.1335 Mbps     0 retrans   5567 KB-cwnd
    2.6250 MB /   0.10 sec =  220.2406 Mbps     0 retrans   5567 KB-cwnd
    2.6875 MB /   0.10 sec =  225.4596 Mbps     0 retrans   5567 KB-cwnd
    2.6250 MB /   0.10 sec =  220.2054 Mbps     0 retrans   5567 KB-cwnd
    2.6875 MB /   0.10 sec =  225.4348 Mbps     0 retrans   5567 KB-cwnd
    2.6250 MB /   0.10 sec =  217.6716 Mbps     0 retrans   5567 KB-cwnd
    3.0625 MB /   0.10 sec =  259.9346 Mbps     0 retrans   5567 KB-cwnd
    2.8125 MB /   0.10 sec =  235.9272 Mbps     0 retrans   5567 KB-cwnd
    2.5625 MB /   0.10 sec =  214.9559 Mbps     0 retrans   5567 KB-cwnd
    2.8750 MB /   0.10 sec =  241.1387 Mbps     0 retrans   5567 KB-cwnd
    2.8125 MB /   0.10 sec =  235.9438 Mbps     0 retrans   5567 KB-cwnd
    2.6250 MB /   0.10 sec =  220.2142 Mbps     0 retrans   5567 KB-cwnd
    2.5625 MB /   0.10 sec =  214.7562 Mbps     0 retrans   5567 KB-cwnd
    2.8750 MB /   0.10 sec =  241.4091 Mbps     0 retrans   5567 KB-cwnd
    2.8125 MB /   0.10 sec =  235.7740 Mbps     0 retrans   5567 KB-cwnd
    2.0625 MB /   0.10 sec =  173.0981 Mbps     0 retrans   5567 KB-cwnd
    2.5000 MB /   0.10 sec =  209.7383 Mbps     0 retrans   5567 KB-cwnd
    1.5625 MB /   0.10 sec =  131.0550 Mbps     0 retrans   5567 KB-cwnd
    2.2500 MB /   0.10 sec =  188.7739 Mbps     0 retrans   5567 KB-cwnd
    2.2500 MB /   0.10 sec =  188.7456 Mbps     0 retrans   5567 KB-cwnd
    2.2500 MB /   0.10 sec =  188.7456 Mbps     0 retrans   5567 KB-cwnd
    2.3750 MB /   0.10 sec =  199.1916 Mbps     0 retrans   5567 KB-cwnd
    3.0625 MB /   0.10 sec =  256.5727 Mbps     0 retrans   5567 KB-cwnd
    2.9375 MB /   0.10 sec =  246.5312 Mbps     0 retrans   5567 KB-cwnd
    2.6250 MB /   0.10 sec =  220.3795 Mbps     0 retrans   5567 KB-cwnd
    3.1875 MB /   0.10 sec =  267.3922 Mbps     0 retrans   5567 KB-cwnd
    3.0000 MB /   0.10 sec =  251.7136 Mbps     0 retrans   5567 KB-cwnd
    2.8125 MB /   0.10 sec =  235.8966 Mbps     0 retrans   5567 KB-cwnd
    2.3750 MB /   0.10 sec =  199.0264 Mbps     0 retrans   5567 KB-cwnd
    2.1875 MB /   0.10 sec =  183.7066 Mbps     0 retrans   5567 KB-cwnd
    2.1875 MB /   0.10 sec =  183.4880 Mbps     0 retrans   5567 KB-cwnd
    1.6875 MB /   0.10 sec =  141.5422 Mbps     0 retrans   5567 KB-cwnd
    1.5625 MB /   0.10 sec =  130.3265 Mbps     0 retrans   5567 KB-cwnd
    1.8750 MB /   0.10 sec =  158.2151 Mbps     0 retrans   5567 KB-cwnd
    1.8125 MB /   0.10 sec =  152.0481 Mbps     0 retrans   5567 KB-cwnd
    1.5000 MB /   0.10 sec =  125.8102 Mbps     0 retrans   5567 KB-cwnd
    2.2500 MB /   0.10 sec =  188.5043 Mbps     0 retrans   5567 KB-cwnd
    1.4375 MB /   0.10 sec =  120.7505 Mbps     0 retrans   5567 KB-cwnd
    1.8750 MB /   0.10 sec =  157.2911 Mbps     0 retrans   5567 KB-cwnd
    1.5000 MB /   0.10 sec =  125.8367 Mbps     0 retrans   5567 KB-cwnd
    1.8125 MB /   0.10 sec =  152.0283 Mbps     0 retrans   5567 KB-cwnd
    1.1875 MB /   0.10 sec =   99.6087 Mbps     0 retrans   5567 KB-cwnd
    1.8125 MB /   0.10 sec =  152.0526 Mbps     0 retrans   5567 KB-cwnd
    1.4375 MB /   0.10 sec =  120.5874 Mbps     0 retrans   5567 KB-cwnd
    1.6875 MB /   0.10 sec =  141.5521 Mbps     0 retrans   5567 KB-cwnd
    1.8750 MB /   0.10 sec =  157.2754 Mbps     0 retrans   5567 KB-cwnd
    2.3125 MB /   0.10 sec =  193.9982 Mbps     0 retrans   5567 KB-cwnd
    2.3125 MB /   0.10 sec =  194.0021 Mbps     0 retrans   5567 KB-cwnd
    2.3750 MB /   0.10 sec =  199.2334 Mbps     0 retrans   5567 KB-cwnd
    2.3750 MB /   0.10 sec =  199.1856 Mbps     0 retrans   5567 KB-cwnd
    2.4375 MB /   0.10 sec =  204.4764 Mbps     0 retrans   5567 KB-cwnd
    2.3750 MB /   0.10 sec =  199.2593 Mbps     0 retrans   5567 KB-cwnd
    1.8750 MB /   0.10 sec =  157.1246 Mbps     0 retrans   5567 KB-cwnd
    1.2500 MB /   0.10 sec =  104.9027 Mbps     0 retrans   5567 KB-cwnd
    1.6875 MB /   0.10 sec =  141.6314 Mbps     0 retrans   5567 KB-cwnd
    1.6250 MB /   0.10 sec =  136.3190 Mbps     0 retrans   5567 KB-cwnd
    1.6250 MB /   0.10 sec =  136.3244 Mbps     0 retrans   5567 KB-cwnd
    1.2500 MB /   0.10 sec =  104.8534 Mbps     0 retrans   5567 KB-cwnd
    1.4375 MB /   0.10 sec =  120.5887 Mbps     0 retrans   5567 KB-cwnd
    1.6250 MB /   0.10 sec =  136.3053 Mbps     0 retrans   5567 KB-cwnd
    1.1250 MB /   0.10 sec =   94.3690 Mbps     0 retrans   5567 KB-cwnd
    1.8125 MB /   0.10 sec =  151.8962 Mbps     0 retrans   5567 KB-cwnd
    1.3125 MB /   0.10 sec =  110.2261 Mbps     0 retrans   5567 KB-cwnd
    1.4375 MB /   0.10 sec =  120.5754 Mbps     0 retrans   5567 KB-cwnd
    1.4375 MB /   0.10 sec =  120.5874 Mbps     0 retrans   5567 KB-cwnd
    1.3750 MB /   0.10 sec =  115.3399 Mbps     0 retrans   5567 KB-cwnd
    1.3125 MB /   0.10 sec =  110.0972 Mbps     0 retrans   5567 KB-cwnd
    1.3125 MB /   0.10 sec =  110.0917 Mbps     0 retrans   5567 KB-cwnd
    1.4375 MB /   0.10 sec =  120.6164 Mbps     0 retrans   5567 KB-cwnd
    1.7500 MB /   0.10 sec =  146.7977 Mbps     0 retrans   5567 KB-cwnd
    1.3125 MB /   0.10 sec =  110.0972 Mbps     0 retrans   5567 KB-cwnd
    1.5625 MB /   0.10 sec =  131.0746 Mbps     0 retrans   5567 KB-cwnd
    1.0625 MB /   0.10 sec =   89.1236 Mbps     0 retrans   5567 KB-cwnd
    1.0000 MB /   0.10 sec =   83.8777 Mbps     0 retrans   5567 KB-cwnd
    1.6875 MB /   0.10 sec =  141.5663 Mbps     0 retrans   5567 KB-cwnd
    1.5625 MB /   0.10 sec =  130.9306 Mbps     0 retrans   5567 KB-cwnd
    1.0625 MB /   0.10 sec =   89.2378 Mbps     0 retrans   5567 KB-cwnd
    1.3750 MB /   0.10 sec =  115.3387 Mbps     0 retrans   5567 KB-cwnd
    1.3750 MB /   0.10 sec =  115.3353 Mbps     0 retrans   5567 KB-cwnd
    1.4375 MB /   0.10 sec =  120.4814 Mbps     0 retrans   5567 KB-cwnd
    1.6875 MB /   0.10 sec =  141.6924 Mbps     0 retrans   5567 KB-cwnd
    1.0625 MB /   0.10 sec =   89.0693 Mbps     0 retrans   5567 KB-cwnd
    1.5000 MB /   0.10 sec =  125.7977 Mbps     0 retrans   5567 KB-cwnd
    1.3125 MB /   0.10 sec =  110.1809 Mbps     0 retrans   5567 KB-cwnd
    1.2500 MB /   0.10 sec =  104.8691 Mbps     0 retrans   5567 KB-cwnd
    1.5625 MB /   0.10 sec =  131.0812 Mbps     0 retrans   5567 KB-cwnd
    1.2500 MB /   0.10 sec =  104.8303 Mbps     0 retrans   5567 KB-cwnd
    1.5625 MB /   0.10 sec =  131.0759 Mbps     0 retrans   5567 KB-cwnd
    1.5000 MB /   0.10 sec =  125.8505 Mbps     0 retrans   5567 KB-cwnd
    1.1875 MB /   0.10 sec =   99.6217 Mbps     0 retrans   5567 KB-cwnd
    1.2500 MB /   0.10 sec =  104.8513 Mbps     0 retrans   5567 KB-cwnd
    1.5625 MB /   0.10 sec =  131.0759 Mbps     0 retrans   5567 KB-cwnd
    0.5625 MB /   0.10 sec =   47.1609 Mbps     0 retrans   5567 KB-cwnd
nuttcp-t: 775.6613 MB in 30.00 real seconds = 26475.80 KB/sec = 216.8897 Mbps
nuttcp-t: retrans = 0 cwnd = 5567 KB
nuttcp-t: 12411 I/O calls, msec/call = 2.48, calls/sec = 413.70
nuttcp-t: 0.0user 0.2sys 0:30real 0% 0i+0d 1356maxrss 0+1pf 71+11csw

nuttcp-r: 775.6613 MB in 31.61 real seconds = 25126.56 KB/sec = 205.8368 Mbps
nuttcp-r: 68624 I/O calls, msec/call = 0.47, calls/sec = 2170.89
nuttcp-r: 0.0user 1.0sys 0:31real 3% 0i+0d 98maxrss 0+15pf 54426+76csw
