1660404734694
nuttcp-r: v8.1.4: socket
nuttcp-r: buflen=65536, nstream=1, port=5003 tcp
nuttcp-r: interval reporting every 0.10 seconds
nuttcp-r: connect to 3.19.94.93 with RTT=47.396 ms af=inet
nuttcp-r: send window size = 2097152, receive window size = 52428800
nuttcp-r: available send window = 1572864, available receive window = 39321600
    0.0000 MB /   0.10 sec =    0.0000 Mbps    -1 retrans
    0.0000 MB /   0.10 sec =    0.0000 Mbps     0 retrans
    0.4375 MB /   0.10 sec =   36.6760 Mbps     1 retrans
    1.6250 MB /   0.10 sec =  136.4104 Mbps     0 retrans
    3.2500 MB /   0.10 sec =  272.0802 Mbps     0 retrans
    3.1250 MB /   0.10 sec =  262.5273 Mbps     0 retrans
    4.2500 MB /   0.10 sec =  356.5800 Mbps     0 retrans
    3.1875 MB /   0.10 sec =  267.4805 Mbps     0 retrans
    4.3750 MB /   0.10 sec =  366.9319 Mbps     0 retrans
    6.3125 MB /   0.10 sec =  529.4091 Mbps     0 retrans
    5.8125 MB /   0.10 sec =  487.8269 Mbps     0 retrans
    6.9375 MB /   0.10 sec =  581.9713 Mbps     0 retrans
    7.3750 MB /   0.10 sec =  618.6165 Mbps     0 retrans
    8.0000 MB /   0.10 sec =  670.9008 Mbps     0 retrans
   10.4375 MB /   0.10 sec =  875.9376 Mbps     0 retrans
    7.5000 MB /   0.10 sec =  629.1016 Mbps     0 retrans
    7.4375 MB /   0.10 sec =  623.6657 Mbps     0 retrans
    6.3750 MB /   0.10 sec =  534.9449 Mbps     0 retrans
    7.1875 MB /   0.10 sec =  602.8408 Mbps     0 retrans
    7.5000 MB /   0.10 sec =  629.1456 Mbps     0 retrans
    7.1875 MB /   0.10 sec =  602.9553 Mbps     0 retrans
    6.7500 MB /   0.10 sec =  566.2424 Mbps     0 retrans
    6.5000 MB /   0.10 sec =  545.1886 Mbps     0 retrans
    6.1875 MB /   0.10 sec =  519.1178 Mbps     0 retrans
    8.1875 MB /   0.10 sec =  686.8379 Mbps     0 retrans
    7.7500 MB /   0.10 sec =  650.1171 Mbps     0 retrans
    6.7500 MB /   0.10 sec =  566.2254 Mbps     0 retrans
    7.3125 MB /   0.10 sec =  613.4170 Mbps     0 retrans
    7.0000 MB /   0.10 sec =  587.1028 Mbps     0 retrans
    6.4375 MB /   0.10 sec =  539.9788 Mbps     0 retrans
    6.5000 MB /   0.10 sec =  545.3031 Mbps     0 retrans
    6.6875 MB /   0.10 sec =  561.1341 Mbps     0 retrans
    8.0000 MB /   0.10 sec =  671.0752 Mbps     0 retrans
    6.6875 MB /   0.10 sec =  560.8592 Mbps     0 retrans
    7.3750 MB /   0.10 sec =  618.7836 Mbps     0 retrans
    6.3750 MB /   0.10 sec =  534.6936 Mbps     0 retrans
    8.1875 MB /   0.10 sec =  686.6044 Mbps     0 retrans
    8.6250 MB /   0.10 sec =  723.5970 Mbps     0 retrans
    8.6875 MB /   0.10 sec =  729.0519 Mbps     0 retrans
    8.0625 MB /   0.10 sec =  676.3045 Mbps     0 retrans
    8.4375 MB /   0.10 sec =  707.8100 Mbps     0 retrans
    7.0000 MB /   0.10 sec =  585.0437 Mbps     0 retrans
    7.2500 MB /   0.10 sec =  610.3347 Mbps     0 retrans
    7.5000 MB /   0.10 sec =  626.9825 Mbps     0 retrans
    7.4375 MB /   0.10 sec =  626.1317 Mbps     0 retrans
    7.6875 MB /   0.10 sec =  644.6422 Mbps     0 retrans
    6.1250 MB /   0.10 sec =  514.0490 Mbps     0 retrans
    7.6875 MB /   0.10 sec =  644.8678 Mbps     0 retrans
    6.0625 MB /   0.10 sec =  508.3967 Mbps     0 retrans
    5.7500 MB /   0.10 sec =  480.7872 Mbps     0 retrans
    3.8125 MB /   0.10 sec =  320.8713 Mbps     0 retrans
    0.0000 MB /   0.10 sec =    0.0000 Mbps     0 retrans
   16.7500 MB /   0.10 sec = 1405.0075 Mbps     0 retrans
    6.5000 MB /   0.10 sec =  545.1777 Mbps     0 retrans
    6.8125 MB /   0.10 sec =  571.7026 Mbps     0 retrans
    7.8125 MB /   0.10 sec =  655.2421 Mbps     0 retrans
    7.3125 MB /   0.10 sec =  613.3802 Mbps     0 retrans
    7.3125 MB /   0.10 sec =  613.4599 Mbps     0 retrans
    7.0625 MB /   0.10 sec =  592.3921 Mbps     0 retrans
    7.0625 MB /   0.10 sec =  589.0525 Mbps     0 retrans
    7.3750 MB /   0.10 sec =  621.5563 Mbps     0 retrans
    8.1250 MB /   0.10 sec =  681.9426 Mbps     0 retrans
    7.2500 MB /   0.10 sec =  608.5818 Mbps     0 retrans
    7.6250 MB /   0.10 sec =  639.6697 Mbps     0 retrans
    7.5000 MB /   0.10 sec =  625.0950 Mbps     0 retrans
    7.2500 MB /   0.10 sec =  612.1161 Mbps     0 retrans
    6.7500 MB /   0.10 sec =  566.2990 Mbps     0 retrans
    7.3125 MB /   0.10 sec =  613.2207 Mbps     0 retrans
    7.0625 MB /   0.10 sec =  592.5343 Mbps     0 retrans
    7.8125 MB /   0.10 sec =  655.4387 Mbps     0 retrans
    7.8750 MB /   0.10 sec =  660.5699 Mbps     0 retrans
    6.8750 MB /   0.10 sec =  576.7399 Mbps     0 retrans
    7.0000 MB /   0.10 sec =  586.9678 Mbps     0 retrans
    7.1875 MB /   0.10 sec =  603.2268 Mbps     0 retrans
    6.8750 MB /   0.10 sec =  576.2212 Mbps     0 retrans
    8.0000 MB /   0.10 sec =  671.5453 Mbps     0 retrans
    7.4375 MB /   0.10 sec =  623.8965 Mbps     0 retrans
    7.6875 MB /   0.10 sec =  645.0355 Mbps     0 retrans
    6.7500 MB /   0.10 sec =  565.9198 Mbps     0 retrans
    8.0000 MB /   0.10 sec =  671.4378 Mbps     0 retrans
    7.5625 MB /   0.10 sec =  634.3821 Mbps     0 retrans
    7.3125 MB /   0.10 sec =  613.2820 Mbps     0 retrans
    7.7500 MB /   0.10 sec =  650.1691 Mbps     0 retrans
    8.2500 MB /   0.10 sec =  692.0256 Mbps     0 retrans
    6.9375 MB /   0.10 sec =  581.6107 Mbps     0 retrans
    7.8750 MB /   0.10 sec =  661.1053 Mbps     0 retrans
    7.1250 MB /   0.10 sec =  597.5330 Mbps     0 retrans
    7.3750 MB /   0.10 sec =  618.7217 Mbps     0 retrans
    8.2500 MB /   0.10 sec =  692.1086 Mbps     0 retrans
    9.6875 MB /   0.10 sec =  812.5976 Mbps     0 retrans
    7.7500 MB /   0.10 sec =  650.1301 Mbps     0 retrans
    8.6875 MB /   0.10 sec =  728.8186 Mbps     0 retrans
    7.0000 MB /   0.10 sec =  587.0499 Mbps     0 retrans
    7.9375 MB /   0.10 sec =  665.3800 Mbps     0 retrans
    8.8125 MB /   0.10 sec =  739.9638 Mbps     0 retrans
    8.0625 MB /   0.10 sec =  676.1287 Mbps     0 retrans
    7.3750 MB /   0.10 sec =  618.8207 Mbps     0 retrans
    6.7500 MB /   0.10 sec =  566.1348 Mbps     0 retrans
    7.1250 MB /   0.10 sec =  597.8617 Mbps     0 retrans
    7.1250 MB /   0.10 sec =  597.6823 Mbps     0 retrans
    7.0000 MB /   0.10 sec =  586.6511 Mbps     0 retrans
    8.1875 MB /   0.10 sec =  687.2778 Mbps     0 retrans
    7.4375 MB /   0.10 sec =  624.0587 Mbps     0 retrans
    7.5625 MB /   0.10 sec =  634.3694 Mbps     0 retrans
    6.9375 MB /   0.10 sec =  581.8840 Mbps     0 retrans
    7.2500 MB /   0.10 sec =  608.0342 Mbps     0 retrans
    7.8125 MB /   0.10 sec =  655.2355 Mbps     0 retrans
    7.7500 MB /   0.10 sec =  650.2862 Mbps     0 retrans
    7.4375 MB /   0.10 sec =  624.0962 Mbps     0 retrans
    6.1875 MB /   0.10 sec =  518.9361 Mbps     0 retrans
    7.4375 MB /   0.10 sec =  623.9464 Mbps     0 retrans
    6.1875 MB /   0.10 sec =  518.7183 Mbps     0 retrans
    7.5625 MB /   0.10 sec =  634.6042 Mbps     0 retrans
    7.0000 MB /   0.10 sec =  587.4199 Mbps     0 retrans
    4.5000 MB /   0.10 sec =  377.4836 Mbps     0 retrans
    8.0000 MB /   0.10 sec =  670.9477 Mbps     0 retrans
    6.6875 MB /   0.10 sec =  561.0499 Mbps     0 retrans
    6.6250 MB /   0.10 sec =  555.7564 Mbps     0 retrans
    7.3125 MB /   0.10 sec =  613.4231 Mbps     0 retrans
    5.9375 MB /   0.10 sec =  498.0487 Mbps     0 retrans
    5.6250 MB /   0.10 sec =  471.8073 Mbps     0 retrans
    6.2500 MB /   0.10 sec =  524.3457 Mbps     0 retrans
    7.2500 MB /   0.10 sec =  607.9066 Mbps     0 retrans
    5.9375 MB /   0.10 sec =  498.3676 Mbps     0 retrans
    4.6875 MB /   0.10 sec =  393.1334 Mbps     0 retrans
    5.4375 MB /   0.10 sec =  456.1716 Mbps     0 retrans
    0.0000 MB /   0.10 sec =    0.0000 Mbps     0 retrans
    0.0000 MB /   0.10 sec =    0.0000 Mbps     0 retrans
   20.0625 MB /   0.10 sec = 1682.9981 Mbps     0 retrans
    7.4375 MB /   0.10 sec =  624.0400 Mbps     0 retrans
    7.5625 MB /   0.10 sec =  634.1348 Mbps     0 retrans
    7.5625 MB /   0.10 sec =  634.5598 Mbps     0 retrans
    7.1875 MB /   0.10 sec =  602.7926 Mbps     0 retrans
    6.5625 MB /   0.10 sec =  550.6346 Mbps     0 retrans
    5.9375 MB /   0.10 sec =  497.8695 Mbps     0 retrans
    8.3750 MB /   0.10 sec =  702.7075 Mbps     0 retrans
    5.0000 MB /   0.10 sec =  419.4220 Mbps     0 retrans
    7.5625 MB /   0.10 sec =  634.5027 Mbps     0 retrans
    7.3750 MB /   0.10 sec =  618.6042 Mbps     0 retrans
    6.6875 MB /   0.10 sec =  560.9657 Mbps     0 retrans
    7.9375 MB /   0.10 sec =  665.8724 Mbps     0 retrans
    7.8750 MB /   0.10 sec =  660.4906 Mbps     0 retrans
    7.5625 MB /   0.10 sec =  634.5217 Mbps     0 retrans
    7.2500 MB /   0.10 sec =  608.0403 Mbps     0 retrans
    5.8125 MB /   0.10 sec =  487.6464 Mbps     0 retrans
    6.0000 MB /   0.10 sec =  503.3416 Mbps     0 retrans
    6.6250 MB /   0.10 sec =  555.7342 Mbps     0 retrans
    7.6875 MB /   0.10 sec =  644.8098 Mbps     0 retrans
    7.8750 MB /   0.10 sec =  660.7020 Mbps     0 retrans
    7.8125 MB /   0.10 sec =  655.2486 Mbps     0 retrans
    7.3750 MB /   0.10 sec =  618.7527 Mbps     0 retrans
    7.3750 MB /   0.10 sec =  618.5361 Mbps     0 retrans
    7.0000 MB /   0.10 sec =  587.2378 Mbps     0 retrans
    5.6250 MB /   0.10 sec =  471.9017 Mbps     0 retrans
    7.5625 MB /   0.10 sec =  634.4265 Mbps     0 retrans
    6.2500 MB /   0.10 sec =  524.2461 Mbps     0 retrans
    5.1875 MB /   0.10 sec =  435.1590 Mbps     0 retrans
    7.0000 MB /   0.10 sec =  587.1967 Mbps     0 retrans
    8.4375 MB /   0.10 sec =  707.8242 Mbps     0 retrans
    6.0625 MB /   0.10 sec =  508.4068 Mbps     0 retrans
    7.0000 MB /   0.10 sec =  587.2260 Mbps     0 retrans
    7.1875 MB /   0.10 sec =  603.0458 Mbps     0 retrans
    7.1250 MB /   0.10 sec =  597.6704 Mbps     0 retrans
    7.4375 MB /   0.10 sec =  623.2981 Mbps     0 retrans
    7.5000 MB /   0.10 sec =  629.8132 Mbps     0 retrans
    7.2500 MB /   0.10 sec =  608.1133 Mbps     0 retrans
    6.8750 MB /   0.10 sec =  576.7341 Mbps     0 retrans
    7.6250 MB /   0.10 sec =  639.7465 Mbps     0 retrans
    7.2500 MB /   0.10 sec =  608.0342 Mbps     0 retrans
    7.1875 MB /   0.10 sec =  603.0397 Mbps     0 retrans
    7.4375 MB /   0.10 sec =  623.7780 Mbps     0 retrans
    8.5625 MB /   0.10 sec =  718.2602 Mbps     0 retrans
    9.0625 MB /   0.10 sec =  759.6782 Mbps     0 retrans
    5.9375 MB /   0.10 sec =  498.4724 Mbps     0 retrans
    5.5625 MB /   0.10 sec =  466.6910 Mbps     0 retrans
    5.1250 MB /   0.10 sec =  429.8904 Mbps     0 retrans
    5.6875 MB /   0.10 sec =  477.0639 Mbps     0 retrans
    5.5000 MB /   0.10 sec =  461.4473 Mbps     0 retrans
    6.5625 MB /   0.10 sec =  550.5299 Mbps     0 retrans
    5.6250 MB /   0.10 sec =  471.7365 Mbps     0 retrans
    6.8125 MB /   0.10 sec =  571.6740 Mbps     0 retrans
    6.2500 MB /   0.10 sec =  523.9893 Mbps     0 retrans
    5.9375 MB /   0.10 sec =  497.6655 Mbps     0 retrans
    7.4375 MB /   0.10 sec =  624.6586 Mbps     0 retrans
    8.0000 MB /   0.10 sec =  671.1021 Mbps     0 retrans
    9.6250 MB /   0.10 sec =  807.4358 Mbps     0 retrans
    8.6875 MB /   0.10 sec =  728.6146 Mbps     0 retrans
    7.0000 MB /   0.10 sec =  587.2084 Mbps     0 retrans
    8.0000 MB /   0.10 sec =  670.9880 Mbps     0 retrans
    7.1250 MB /   0.10 sec =  597.7122 Mbps     0 retrans
    7.8125 MB /   0.10 sec =  655.4714 Mbps     0 retrans
    7.1875 MB /   0.10 sec =  602.9071 Mbps     0 retrans
    7.6875 MB /   0.10 sec =  644.8807 Mbps     0 retrans
    7.1250 MB /   0.10 sec =  597.7840 Mbps     0 retrans
    7.3125 MB /   0.10 sec =  612.8960 Mbps     0 retrans
    7.3750 MB /   0.10 sec =  619.1428 Mbps     0 retrans
    8.0625 MB /   0.10 sec =  676.2774 Mbps     0 retrans
    7.9375 MB /   0.10 sec =  665.8857 Mbps     0 retrans
    6.9375 MB /   0.10 sec =  581.9480 Mbps     0 retrans
    6.1875 MB /   0.10 sec =  518.9828 Mbps     0 retrans
    6.1875 MB /   0.10 sec =  519.1282 Mbps     0 retrans
    7.1250 MB /   0.10 sec =  597.7003 Mbps     0 retrans
    7.5000 MB /   0.10 sec =  629.0953 Mbps     0 retrans
    7.2500 MB /   0.10 sec =  608.1862 Mbps     0 retrans
    5.6875 MB /   0.10 sec =  477.1450 Mbps     0 retrans
    5.2500 MB /   0.10 sec =  440.3535 Mbps     0 retrans
    7.2500 MB /   0.10 sec =  608.2106 Mbps     0 retrans
    6.0000 MB /   0.10 sec =  503.3416 Mbps     0 retrans
    6.5625 MB /   0.10 sec =  550.5354 Mbps     0 retrans
    7.2500 MB /   0.10 sec =  608.1437 Mbps     0 retrans
    8.1250 MB /   0.10 sec =  681.6630 Mbps     0 retrans
    8.0625 MB /   0.10 sec =  676.2368 Mbps     0 retrans
    6.8750 MB /   0.10 sec =  576.7514 Mbps     0 retrans
    7.3750 MB /   0.10 sec =  618.6784 Mbps     0 retrans
    7.1875 MB /   0.10 sec =  602.6660 Mbps     0 retrans
    7.7500 MB /   0.10 sec =  650.1756 Mbps     0 retrans
    7.6250 MB /   0.10 sec =  639.8105 Mbps     0 retrans
    7.3125 MB /   0.10 sec =  613.4538 Mbps     0 retrans
    7.0000 MB /   0.10 sec =  587.1615 Mbps     0 retrans
    7.6875 MB /   0.10 sec =  644.7775 Mbps     0 retrans
    7.6250 MB /   0.10 sec =  639.5674 Mbps     0 retrans
    8.1875 MB /   0.10 sec =  687.0165 Mbps     0 retrans
    7.0000 MB /   0.10 sec =  587.1204 Mbps     0 retrans
    5.0625 MB /   0.10 sec =  424.7242 Mbps     0 retrans
    8.0625 MB /   0.10 sec =  676.2774 Mbps     0 retrans
    7.0625 MB /   0.10 sec =  592.4395 Mbps     0 retrans
    5.3125 MB /   0.10 sec =  445.6225 Mbps     0 retrans
    6.1250 MB /   0.10 sec =  513.7971 Mbps     0 retrans
    6.5000 MB /   0.10 sec =  545.2486 Mbps     0 retrans
    6.1250 MB /   0.10 sec =  513.8536 Mbps     0 retrans
    6.8750 MB /   0.10 sec =  576.7572 Mbps     0 retrans
    7.7500 MB /   0.10 sec =  649.9481 Mbps     0 retrans
    8.8125 MB /   0.10 sec =  739.2239 Mbps     0 retrans
    7.6250 MB /   0.10 sec =  639.7849 Mbps     0 retrans
    9.0625 MB /   0.10 sec =  759.9820 Mbps     0 retrans
    7.7500 MB /   0.10 sec =  650.4033 Mbps     0 retrans
    7.8125 MB /   0.10 sec =  655.3993 Mbps     0 retrans
    7.5000 MB /   0.10 sec =  629.1204 Mbps     0 retrans
    7.7500 MB /   0.10 sec =  650.1236 Mbps     0 retrans
    5.2500 MB /   0.10 sec =  440.2874 Mbps     0 retrans
    5.8125 MB /   0.10 sec =  487.7146 Mbps     0 retrans
    6.8750 MB /   0.10 sec =  576.7053 Mbps     0 retrans
    6.8125 MB /   0.10 sec =  571.3825 Mbps     0 retrans
    7.8750 MB /   0.10 sec =  660.7284 Mbps     0 retrans
    6.8125 MB /   0.10 sec =  571.2055 Mbps     0 retrans
    7.3125 MB /   0.10 sec =  613.2391 Mbps     0 retrans
    7.2500 MB /   0.10 sec =  608.5270 Mbps     0 retrans
    7.5625 MB /   0.10 sec =  634.4265 Mbps     0 retrans
    6.8125 MB /   0.10 sec =  571.3882 Mbps     0 retrans
    7.3125 MB /   0.10 sec =  613.4415 Mbps     0 retrans
    8.2500 MB /   0.10 sec =  692.0740 Mbps     0 retrans
    7.5000 MB /   0.10 sec =  629.1267 Mbps     0 retrans
    7.7500 MB /   0.10 sec =  650.1951 Mbps     0 retrans
    8.0625 MB /   0.10 sec =  676.3856 Mbps     0 retrans
    8.0625 MB /   0.10 sec =  676.3721 Mbps     0 retrans
    7.0000 MB /   0.10 sec =  587.1615 Mbps     0 retrans
    8.3125 MB /   0.10 sec =  697.3100 Mbps     0 retrans
    5.3750 MB /   0.10 sec =  450.8877 Mbps     0 retrans
    6.5000 MB /   0.10 sec =  545.1886 Mbps     0 retrans
    6.1250 MB /   0.10 sec =  513.8947 Mbps     0 retrans
    7.6250 MB /   0.10 sec =  639.4843 Mbps     0 retrans
    6.7500 MB /   0.10 sec =  566.2763 Mbps     0 retrans
    6.0000 MB /   0.10 sec =  503.1605 Mbps     0 retrans
    6.5625 MB /   0.10 sec =  550.5850 Mbps     0 retrans
    7.5625 MB /   0.10 sec =  634.4900 Mbps     0 retrans
    6.0625 MB /   0.10 sec =  508.5339 Mbps     0 retrans
    6.1250 MB /   0.10 sec =  513.8279 Mbps     0 retrans
    6.0000 MB /   0.10 sec =  503.2712 Mbps     0 retrans
    6.8750 MB /   0.10 sec =  576.7514 Mbps     0 retrans
    6.7500 MB /   0.10 sec =  566.2990 Mbps     0 retrans
    7.1250 MB /   0.10 sec =  597.7421 Mbps     0 retrans
    8.3125 MB /   0.10 sec =  697.1636 Mbps     0 retrans
    7.6250 MB /   0.10 sec =  639.5674 Mbps     0 retrans
    8.3750 MB /   0.10 sec =  702.6092 Mbps     0 retrans
    8.3125 MB /   0.10 sec =  697.3030 Mbps     0 retrans
    7.8750 MB /   0.10 sec =  660.6029 Mbps     0 retrans
    8.8125 MB /   0.10 sec =  739.2609 Mbps     0 retrans
    7.5000 MB /   0.10 sec =  629.0953 Mbps     0 retrans
    5.3750 MB /   0.10 sec =  450.8787 Mbps     0 retrans
    5.4375 MB /   0.10 sec =  456.1306 Mbps     0 retrans
    4.1875 MB /   0.10 sec =  351.2800 Mbps     0 retrans
    5.5625 MB /   0.10 sec =  466.5977 Mbps     0 retrans
    5.6875 MB /   0.10 sec =  476.9685 Mbps     0 retrans
    5.6250 MB /   0.10 sec =  472.0527 Mbps     0 retrans
    6.7500 MB /   0.10 sec =  566.0499 Mbps     0 retrans
    7.0625 MB /   0.10 sec =  591.8299 Mbps     0 retrans
    7.3125 MB /   0.10 sec =  613.9081 Mbps     0 retrans
    7.8750 MB /   0.10 sec =  660.6095 Mbps     0 retrans
    7.5625 MB /   0.10 sec =  634.6296 Mbps     0 retrans
   10.4375 MB /   0.10 sec =  875.5347 Mbps     0 retrans
    5.8750 MB /   0.10 sec =  492.8307 Mbps     0 retrans
    7.1875 MB /   0.10 sec =  602.9493 Mbps     0 retrans
    7.4375 MB /   0.10 sec =  624.0213 Mbps     0 retrans
    6.5000 MB /   0.10 sec =  545.1832 Mbps     0 retrans
    6.0000 MB /   0.10 sec =  503.3366 Mbps     0 retrans
    7.5625 MB /   0.10 sec =  634.3758 Mbps     0 retrans
    7.2500 MB /   0.10 sec =  608.2227 Mbps     0 retrans
    7.3125 MB /   0.10 sec =  613.4047 Mbps     0 retrans
    7.4375 MB /   0.10 sec =  623.9027 Mbps     0 retrans
    7.0625 MB /   0.10 sec =  592.4099 Mbps     0 retrans
    7.9375 MB /   0.10 sec =  665.6394 Mbps     0 retrans
    7.6250 MB /   0.10 sec =  639.9065 Mbps     0 retrans
    7.5000 MB /   0.10 sec =  628.9443 Mbps     0 retrans
    7.3750 MB /   0.10 sec =  618.9446 Mbps     0 retrans
    6.9375 MB /   0.10 sec =  581.9597 Mbps     0 retrans
    6.0625 MB /   0.10 sec =  508.4780 Mbps     0 retrans
    1.3750 MB /   0.10 sec =  115.3180 Mbps     0 retrans
nuttcp-r: 2141.1250 MB in 30.72 real seconds = 71363.70 KB/sec = 584.6114 Mbps
nuttcp-r: 44048 I/O calls, msec/call = 0.71, calls/sec = 1433.71
nuttcp-r: 0.0user 0.7sys 0:30real 2% 0i+0d 1206maxrss 0+1pf 9858+307csw

nuttcp-t: Warning: send window size 25000000 < requested window size 26214400
nuttcp-t: v6.1.2: socket
nuttcp-t: buflen=65536, nstream=1, port=5003 tcp -> 107.122.96.17
nuttcp-t: time limit = 30.00 seconds
nuttcp-t: accept from 107.122.96.17 with mss=1378
nuttcp-t: send window size = 50000000, receive window size = 25000000
nuttcp-t: available send window = 25000000, available receive window = 12500000
nuttcp-t: 2141.1250 MB in 30.00 real seconds = 73083.46 KB/sec = 598.6997 Mbps
nuttcp-t: retrans = 0
nuttcp-t: 34258 I/O calls, msec/call = 0.90, calls/sec = 1141.93
nuttcp-t: 0.0user 0.7sys 0:30real 2% 0i+0d 100maxrss 0+0pf 129+27csw
