1660404568879
nuttcp-t: v8.1.4: socket
nuttcp-t: buflen=65536, nstream=1, port=5003 tcp -> 3.19.94.93
nuttcp-t: time limit = 30.00 seconds
nuttcp-t: connect to 3.19.94.93 with mss=1358, RTT=49.475 ms af=inet
nuttcp-t: send window size = 33554432, receive window size = 6291456
nuttcp-t: available send window = 25165824, available receive window = 4718592
nuttcp-t: initial congestion window = 13 KB (10 packets)
nuttcp-r: Warning: receive window size 25000000 < requested window size 26214400
nuttcp-r: v6.1.2: socket
nuttcp-r: buflen=65536, nstream=1, port=5003 tcp
nuttcp-r: interval reporting every 0.10 seconds
nuttcp-r: accept from 107.122.96.17
nuttcp-r: send window size = 25000000, receive window size = 50000000
nuttcp-r: available send window = 12500000, available receive window = 25000000
    0.0625 MB /   0.10 sec =    5.2423 Mbps     0 retrans   2442 KB-cwnd
    0.1250 MB /   0.10 sec =   10.4853 Mbps     0 retrans   2442 KB-cwnd
    0.4375 MB /   0.10 sec =   36.6969 Mbps     0 retrans   2442 KB-cwnd
    0.6250 MB /   0.10 sec =   52.4262 Mbps     0 retrans   2442 KB-cwnd
    1.0000 MB /   0.10 sec =   83.8878 Mbps     0 retrans   2442 KB-cwnd
    0.6875 MB /   0.10 sec =   57.6682 Mbps     0 retrans   2442 KB-cwnd
    0.0000 MB /   0.10 sec =    0.0000 Mbps     0 retrans   2442 KB-cwnd
    2.1250 MB /   0.10 sec =  178.3168 Mbps     0 retrans   2442 KB-cwnd
    1.0000 MB /   0.10 sec =   83.8819 Mbps     0 retrans   2442 KB-cwnd
    1.0625 MB /   0.10 sec =   89.1245 Mbps     0 retrans   2442 KB-cwnd
    1.1875 MB /   0.10 sec =   99.6267 Mbps     0 retrans   2442 KB-cwnd
    1.1875 MB /   0.10 sec =   99.6157 Mbps     0 retrans   2442 KB-cwnd
    1.0625 MB /   0.10 sec =   89.1290 Mbps     0 retrans   2442 KB-cwnd
    1.1250 MB /   0.10 sec =   94.3643 Mbps     0 retrans   2442 KB-cwnd
    1.2500 MB /   0.10 sec =  104.8660 Mbps     0 retrans   2442 KB-cwnd
    0.8750 MB /   0.10 sec =   72.6168 Mbps     0 retrans   2442 KB-cwnd
    1.1875 MB /   0.10 sec =  100.7064 Mbps     0 retrans   2442 KB-cwnd
    1.0000 MB /   0.10 sec =   83.8752 Mbps     0 retrans   2442 KB-cwnd
    0.9375 MB /   0.10 sec =   78.6157 Mbps     0 retrans   2442 KB-cwnd
    1.1250 MB /   0.10 sec =   94.4002 Mbps     0 retrans   2442 KB-cwnd
    1.3125 MB /   0.10 sec =  110.1203 Mbps     0 retrans   2442 KB-cwnd
    0.9375 MB /   0.10 sec =   78.6353 Mbps     0 retrans   2442 KB-cwnd
    1.1250 MB /   0.10 sec =   94.3728 Mbps     0 retrans   2442 KB-cwnd
    1.1875 MB /   0.10 sec =   99.6247 Mbps     0 retrans   2442 KB-cwnd
    1.1875 MB /   0.10 sec =   99.6117 Mbps     0 retrans   2442 KB-cwnd
    1.0000 MB /   0.10 sec =   83.8819 Mbps     0 retrans   2442 KB-cwnd
    1.1250 MB /   0.10 sec =   94.3737 Mbps     0 retrans   2442 KB-cwnd
    1.1875 MB /   0.10 sec =   99.6107 Mbps     0 retrans   2442 KB-cwnd
    0.9375 MB /   0.10 sec =   78.6377 Mbps     0 retrans   2442 KB-cwnd
    1.1875 MB /   0.10 sec =   99.5639 Mbps     0 retrans   2442 KB-cwnd
    0.9375 MB /   0.10 sec =   78.6920 Mbps     0 retrans   2442 KB-cwnd
    1.5625 MB /   0.10 sec =  131.0550 Mbps     0 retrans   2442 KB-cwnd
    1.0000 MB /   0.10 sec =   83.8953 Mbps     0 retrans   2442 KB-cwnd
    1.3125 MB /   0.10 sec =  110.1082 Mbps     0 retrans   2442 KB-cwnd
    1.0000 MB /   0.10 sec =   80.7280 Mbps     0 retrans   2442 KB-cwnd
    1.1250 MB /   0.10 sec =   98.2160 Mbps     0 retrans   2442 KB-cwnd
    1.0000 MB /   0.10 sec =   83.8836 Mbps     0 retrans   2442 KB-cwnd
    0.9375 MB /   0.10 sec =   78.5207 Mbps     0 retrans   2442 KB-cwnd
    1.1875 MB /   0.10 sec =   99.7694 Mbps     0 retrans   2442 KB-cwnd
    1.0000 MB /   0.10 sec =   83.8760 Mbps     0 retrans   2442 KB-cwnd
    1.2500 MB /   0.10 sec =  104.8712 Mbps     0 retrans   2442 KB-cwnd
    1.0625 MB /   0.10 sec =   89.1307 Mbps     0 retrans   2442 KB-cwnd
    0.8750 MB /   0.10 sec =   73.3974 Mbps     0 retrans   2442 KB-cwnd
    1.3125 MB /   0.10 sec =  110.1049 Mbps     0 retrans   2442 KB-cwnd
    1.0000 MB /   0.10 sec =   83.8794 Mbps     0 retrans   2442 KB-cwnd
    1.1875 MB /   0.10 sec =   99.6077 Mbps     0 retrans   2442 KB-cwnd
    1.1250 MB /   0.10 sec =   94.2258 Mbps     0 retrans   2442 KB-cwnd
    1.1250 MB /   0.10 sec =   94.5269 Mbps     0 retrans   2442 KB-cwnd
    1.0625 MB /   0.10 sec =   89.1254 Mbps     0 retrans   2442 KB-cwnd
    1.2500 MB /   0.10 sec =  104.8618 Mbps     0 retrans   2442 KB-cwnd
    1.1875 MB /   0.10 sec =   99.6097 Mbps     0 retrans   2442 KB-cwnd
    1.1250 MB /   0.10 sec =   94.3671 Mbps     0 retrans   2442 KB-cwnd
    1.0000 MB /   0.10 sec =   83.8928 Mbps     0 retrans   2442 KB-cwnd
    1.4375 MB /   0.10 sec =  120.5935 Mbps     0 retrans   2442 KB-cwnd
    1.1250 MB /   0.10 sec =   94.3671 Mbps     0 retrans   2442 KB-cwnd
    1.2500 MB /   0.10 sec =  104.8649 Mbps     0 retrans   2442 KB-cwnd
    1.1875 MB /   0.10 sec =   99.5938 Mbps     0 retrans   2442 KB-cwnd
    1.2500 MB /   0.10 sec =  104.8670 Mbps     0 retrans   2442 KB-cwnd
    1.1250 MB /   0.10 sec =   94.3690 Mbps     0 retrans   2469 KB-cwnd
    1.5000 MB /   0.10 sec =  125.8467 Mbps     0 retrans   2469 KB-cwnd
    1.3125 MB /   0.10 sec =  110.0950 Mbps     0 retrans   2469 KB-cwnd
    1.3750 MB /   0.10 sec =  115.1476 Mbps     0 retrans   2469 KB-cwnd
    1.3125 MB /   0.10 sec =  110.2869 Mbps     0 retrans   2469 KB-cwnd
    1.3750 MB /   0.10 sec =  115.3503 Mbps     0 retrans   2469 KB-cwnd
    1.0625 MB /   0.10 sec =   89.0577 Mbps     0 retrans   2469 KB-cwnd
    1.3750 MB /   0.10 sec =  115.4380 Mbps     0 retrans   2469 KB-cwnd
    1.0625 MB /   0.10 sec =   89.1281 Mbps     0 retrans   2469 KB-cwnd
    1.0625 MB /   0.10 sec =   89.1272 Mbps     0 retrans   2469 KB-cwnd
    1.2500 MB /   0.10 sec =  104.8555 Mbps     0 retrans   2469 KB-cwnd
    0.9375 MB /   0.10 sec =   78.6330 Mbps     0 retrans   2469 KB-cwnd
    1.1875 MB /   0.10 sec =   99.6227 Mbps     0 retrans   2469 KB-cwnd
    1.1875 MB /   0.10 sec =   99.6058 Mbps     0 retrans   2469 KB-cwnd
    1.1250 MB /   0.10 sec =   94.3747 Mbps     0 retrans   2469 KB-cwnd
    1.1875 MB /   0.10 sec =   99.6247 Mbps     0 retrans   2469 KB-cwnd
    1.1250 MB /   0.10 sec =   94.3681 Mbps     0 retrans   2469 KB-cwnd
    1.4375 MB /   0.10 sec =  120.5899 Mbps     0 retrans   2469 KB-cwnd
    1.3750 MB /   0.10 sec =  115.3434 Mbps     0 retrans   2030 KB-cwnd
    1.0625 MB /   0.10 sec =   89.1245 Mbps     0 retrans   2030 KB-cwnd
    1.1875 MB /   0.10 sec =   99.6227 Mbps     0 retrans   2030 KB-cwnd
    1.0625 MB /   0.10 sec =   89.1263 Mbps     0 retrans   2030 KB-cwnd
    0.0000 MB /   0.10 sec =    0.0000 Mbps     0 retrans   2030 KB-cwnd
    2.3125 MB /   0.10 sec =  194.0176 Mbps     0 retrans   2030 KB-cwnd
    1.3125 MB /   0.10 sec =  110.1082 Mbps     0 retrans   2030 KB-cwnd
    0.9375 MB /   0.10 sec =   78.6408 Mbps     0 retrans   2030 KB-cwnd
    1.1875 MB /   0.10 sec =   99.6117 Mbps     0 retrans   2101 KB-cwnd
    1.3125 MB /   0.10 sec =  110.0994 Mbps     0 retrans   2101 KB-cwnd
    1.0625 MB /   0.10 sec =   89.1352 Mbps     0 retrans   2101 KB-cwnd
    1.0000 MB /   0.10 sec =   83.8802 Mbps     0 retrans   2101 KB-cwnd
    1.1875 MB /   0.10 sec =   99.6157 Mbps     0 retrans   2101 KB-cwnd
    0.9375 MB /   0.10 sec =   78.6401 Mbps     0 retrans   2101 KB-cwnd
    1.3125 MB /   0.10 sec =  110.0818 Mbps     0 retrans   2101 KB-cwnd
    1.3750 MB /   0.10 sec =  115.3514 Mbps     0 retrans   2101 KB-cwnd
    1.1250 MB /   0.10 sec =   94.3851 Mbps     0 retrans   2101 KB-cwnd
    1.0625 MB /   0.10 sec =   89.1272 Mbps     0 retrans   2101 KB-cwnd
    0.8125 MB /   0.10 sec =   68.1554 Mbps     0 retrans   2101 KB-cwnd
    1.5625 MB /   0.10 sec =  131.0890 Mbps     0 retrans   2152 KB-cwnd
    1.1250 MB /   0.10 sec =   94.2550 Mbps     0 retrans   2152 KB-cwnd
    1.0000 MB /   0.10 sec =   83.9902 Mbps     0 retrans   2152 KB-cwnd
    1.0000 MB /   0.10 sec =   83.8525 Mbps     0 retrans   2152 KB-cwnd
    1.1875 MB /   0.10 sec =   99.6018 Mbps     0 retrans   2152 KB-cwnd
    0.9375 MB /   0.10 sec =   78.6849 Mbps     0 retrans   2152 KB-cwnd
    1.3125 MB /   0.10 sec =  110.0972 Mbps     0 retrans   2152 KB-cwnd
    1.0000 MB /   0.10 sec =   83.8869 Mbps     0 retrans   2152 KB-cwnd
    1.0625 MB /   0.10 sec =   89.1307 Mbps     0 retrans   2169 KB-cwnd
    1.1875 MB /   0.10 sec =   99.6167 Mbps     0 retrans   2169 KB-cwnd
    1.0000 MB /   0.10 sec =   83.8836 Mbps     0 retrans   2169 KB-cwnd
    0.9375 MB /   0.10 sec =   78.6338 Mbps     0 retrans   2169 KB-cwnd
    1.1250 MB /   0.10 sec =   94.3775 Mbps     0 retrans   2169 KB-cwnd
    1.0625 MB /   0.10 sec =   89.1307 Mbps     0 retrans   2169 KB-cwnd
    1.0625 MB /   0.10 sec =   89.1316 Mbps     0 retrans   2169 KB-cwnd
    1.0000 MB /   0.10 sec =   83.8266 Mbps     0 retrans   2169 KB-cwnd
    0.9375 MB /   0.10 sec =   78.6920 Mbps     0 retrans   2169 KB-cwnd
    1.0625 MB /   0.10 sec =   89.1379 Mbps     0 retrans   2169 KB-cwnd
    0.8750 MB /   0.10 sec =   73.3981 Mbps     0 retrans   2169 KB-cwnd
    0.6875 MB /   0.10 sec =   57.6123 Mbps     0 retrans   2181 KB-cwnd
    1.2500 MB /   0.10 sec =  104.9689 Mbps     0 retrans   2181 KB-cwnd
    0.7500 MB /   0.10 sec =   62.9108 Mbps     0 retrans   2181 KB-cwnd
    0.7500 MB /   0.10 sec =   62.8636 Mbps     0 retrans   2181 KB-cwnd
    1.2500 MB /   0.10 sec =  104.9521 Mbps     0 retrans   2181 KB-cwnd
    0.8125 MB /   0.10 sec =   68.1390 Mbps     0 retrans   2181 KB-cwnd
    0.8125 MB /   0.10 sec =   68.1622 Mbps     0 retrans   2181 KB-cwnd
    1.2500 MB /   0.10 sec =  104.8754 Mbps     0 retrans   2181 KB-cwnd
    1.0000 MB /   0.10 sec =   83.8802 Mbps     0 retrans   2181 KB-cwnd
    1.0000 MB /   0.10 sec =   83.8836 Mbps     0 retrans   2181 KB-cwnd
    0.7500 MB /   0.10 sec =   62.9158 Mbps     0 retrans   2181 KB-cwnd
    1.1875 MB /   0.10 sec =   99.6207 Mbps     0 retrans   2189 KB-cwnd
    1.1250 MB /   0.10 sec =   94.3737 Mbps     0 retrans   2189 KB-cwnd
    1.1875 MB /   0.10 sec =   99.6127 Mbps     0 retrans   2189 KB-cwnd
    1.0625 MB /   0.10 sec =   89.1236 Mbps     0 retrans   2189 KB-cwnd
    1.1250 MB /   0.10 sec =   94.3690 Mbps     0 retrans   2189 KB-cwnd
    1.0000 MB /   0.10 sec =   83.8961 Mbps     0 retrans   2189 KB-cwnd
    1.0000 MB /   0.10 sec =   83.8878 Mbps     0 retrans   2189 KB-cwnd
    1.0625 MB /   0.10 sec =   89.1102 Mbps     0 retrans   2189 KB-cwnd
    1.1875 MB /   0.10 sec =   99.6327 Mbps     0 retrans   2189 KB-cwnd
    1.2500 MB /   0.10 sec =  104.8534 Mbps     0 retrans   2197 KB-cwnd
    1.1250 MB /   0.10 sec =   94.3530 Mbps     0 retrans   2197 KB-cwnd
    1.1875 MB /   0.10 sec =   99.6406 Mbps     0 retrans   2197 KB-cwnd
    1.0625 MB /   0.10 sec =   88.7580 Mbps     0 retrans   2197 KB-cwnd
    1.0625 MB /   0.10 sec =   89.5040 Mbps     0 retrans   2197 KB-cwnd
    1.1250 MB /   0.10 sec =   94.3700 Mbps     0 retrans   2197 KB-cwnd
    1.0000 MB /   0.10 sec =   83.8836 Mbps     0 retrans   2197 KB-cwnd
    1.0625 MB /   0.10 sec =   89.1290 Mbps     0 retrans   2197 KB-cwnd
    1.0625 MB /   0.10 sec =   89.1307 Mbps     0 retrans   2197 KB-cwnd
    1.1250 MB /   0.10 sec =   94.3700 Mbps     0 retrans   2197 KB-cwnd
    1.0000 MB /   0.10 sec =   83.8878 Mbps     0 retrans   2202 KB-cwnd
    1.0625 MB /   0.10 sec =   89.1272 Mbps     0 retrans   2202 KB-cwnd
    1.0000 MB /   0.10 sec =   83.8810 Mbps     0 retrans   2202 KB-cwnd
    1.1250 MB /   0.10 sec =   94.3652 Mbps     0 retrans   2202 KB-cwnd
    1.0000 MB /   0.10 sec =   83.8978 Mbps     0 retrans   2202 KB-cwnd
    1.1250 MB /   0.10 sec =   94.3615 Mbps     0 retrans   2202 KB-cwnd
    1.1250 MB /   0.10 sec =   94.3775 Mbps     0 retrans   2202 KB-cwnd
    1.0625 MB /   0.10 sec =   89.1361 Mbps     0 retrans   2202 KB-cwnd
    1.1250 MB /   0.10 sec =   94.3671 Mbps     0 retrans   2202 KB-cwnd
    1.1250 MB /   0.10 sec =   94.3756 Mbps     0 retrans   2202 KB-cwnd
    1.0000 MB /   0.10 sec =   83.8869 Mbps     0 retrans   1826 KB-cwnd
    1.0625 MB /   0.10 sec =   88.9200 Mbps     0 retrans   1826 KB-cwnd
    1.0000 MB /   0.10 sec =   84.0685 Mbps     0 retrans   1826 KB-cwnd
    1.0000 MB /   0.10 sec =   83.8978 Mbps     0 retrans   1826 KB-cwnd
    1.1250 MB /   0.10 sec =   94.3190 Mbps     0 retrans   1826 KB-cwnd
    0.2500 MB /   0.10 sec =   20.9782 Mbps     0 retrans   1826 KB-cwnd
    1.8125 MB /   0.10 sec =  151.8825 Mbps     0 retrans   1826 KB-cwnd
    1.0625 MB /   0.10 sec =   89.2343 Mbps     0 retrans   1826 KB-cwnd
    1.0625 MB /   0.10 sec =   89.0488 Mbps     0 retrans   1826 KB-cwnd
    0.8750 MB /   0.10 sec =   73.4709 Mbps     0 retrans   1826 KB-cwnd
    1.0000 MB /   0.10 sec =   83.8945 Mbps     0 retrans   1826 KB-cwnd
    1.1250 MB /   0.10 sec =   94.3511 Mbps     0 retrans   1929 KB-cwnd
    1.0000 MB /   0.10 sec =   83.8995 Mbps     0 retrans   1929 KB-cwnd
    1.1250 MB /   0.10 sec =   94.3737 Mbps     0 retrans   1929 KB-cwnd
    1.1250 MB /   0.10 sec =   94.3747 Mbps     0 retrans   1929 KB-cwnd
    1.0000 MB /   0.10 sec =   83.8810 Mbps     0 retrans   1929 KB-cwnd
    1.1250 MB /   0.10 sec =   94.3784 Mbps     0 retrans   1929 KB-cwnd
    1.1250 MB /   0.10 sec =   94.3700 Mbps     0 retrans   1929 KB-cwnd
    1.0625 MB /   0.10 sec =   89.1165 Mbps     0 retrans   1929 KB-cwnd
    1.0625 MB /   0.10 sec =   89.1397 Mbps     0 retrans   1929 KB-cwnd
    1.0000 MB /   0.10 sec =   83.8852 Mbps     0 retrans   1965 KB-cwnd
    1.1250 MB /   0.10 sec =   94.3718 Mbps     0 retrans   1965 KB-cwnd
    1.0000 MB /   0.10 sec =   83.8760 Mbps     0 retrans   1965 KB-cwnd
    1.1250 MB /   0.10 sec =   94.3794 Mbps     0 retrans   1965 KB-cwnd
    1.1875 MB /   0.10 sec =   99.6187 Mbps     0 retrans   1965 KB-cwnd
    1.1250 MB /   0.10 sec =   94.3766 Mbps     0 retrans   1965 KB-cwnd
    1.1250 MB /   0.10 sec =   94.3624 Mbps     0 retrans   1965 KB-cwnd
    1.0000 MB /   0.10 sec =   83.8903 Mbps     0 retrans   1965 KB-cwnd
    1.1250 MB /   0.10 sec =   94.3718 Mbps     0 retrans   1965 KB-cwnd
    1.1875 MB /   0.10 sec =   99.6117 Mbps     0 retrans   1965 KB-cwnd
    1.1250 MB /   0.10 sec =   94.3794 Mbps     0 retrans   1970 KB-cwnd
    1.0625 MB /   0.10 sec =   89.1254 Mbps     0 retrans   1970 KB-cwnd
    1.0000 MB /   0.10 sec =   83.8408 Mbps     0 retrans   1970 KB-cwnd
    1.0625 MB /   0.10 sec =   89.1727 Mbps     0 retrans   1970 KB-cwnd
    1.0625 MB /   0.10 sec =   89.1370 Mbps     0 retrans   1970 KB-cwnd
    1.0625 MB /   0.10 sec =   89.1263 Mbps     0 retrans   1970 KB-cwnd
    1.0000 MB /   0.10 sec =   83.8878 Mbps     0 retrans   1970 KB-cwnd
    1.0625 MB /   0.10 sec =   89.1307 Mbps     0 retrans   1970 KB-cwnd
    1.0625 MB /   0.10 sec =   89.1236 Mbps     0 retrans   1970 KB-cwnd
    1.0000 MB /   0.10 sec =   83.8861 Mbps     0 retrans   1977 KB-cwnd
    1.0625 MB /   0.10 sec =   89.1325 Mbps     0 retrans   1977 KB-cwnd
    1.0625 MB /   0.10 sec =   89.1299 Mbps     0 retrans   1977 KB-cwnd
    1.0000 MB /   0.10 sec =   83.8844 Mbps     0 retrans   1977 KB-cwnd
    1.1250 MB /   0.10 sec =   94.3728 Mbps     0 retrans   1977 KB-cwnd
    1.0625 MB /   0.10 sec =   89.1299 Mbps     0 retrans   1977 KB-cwnd
    0.9375 MB /   0.10 sec =   78.6432 Mbps     0 retrans   1977 KB-cwnd
    1.1250 MB /   0.10 sec =   94.3633 Mbps     0 retrans   1977 KB-cwnd
    0.8125 MB /   0.10 sec =   68.1084 Mbps     0 retrans   1977 KB-cwnd
    1.4375 MB /   0.10 sec =  120.6852 Mbps     0 retrans   1977 KB-cwnd
    1.2500 MB /   0.10 sec =  104.8450 Mbps     0 retrans   1978 KB-cwnd
    1.1250 MB /   0.10 sec =   94.3775 Mbps     0 retrans   1978 KB-cwnd
    1.1250 MB /   0.10 sec =   94.3775 Mbps     0 retrans   1978 KB-cwnd
    1.0000 MB /   0.10 sec =   83.8844 Mbps     0 retrans   1978 KB-cwnd
    0.9375 MB /   0.10 sec =   78.6408 Mbps     0 retrans   1978 KB-cwnd
    0.9375 MB /   0.10 sec =   78.6408 Mbps     0 retrans   1978 KB-cwnd
    1.1875 MB /   0.10 sec =   99.6217 Mbps     0 retrans   1978 KB-cwnd
    1.0625 MB /   0.10 sec =   89.1263 Mbps     0 retrans   1978 KB-cwnd
    0.9375 MB /   0.10 sec =   78.6393 Mbps     0 retrans   1978 KB-cwnd
    0.6250 MB /   0.10 sec =   52.4194 Mbps     0 retrans   1978 KB-cwnd
    1.2500 MB /   0.10 sec =  104.8702 Mbps     0 retrans   1978 KB-cwnd
    1.1250 MB /   0.10 sec =   94.3822 Mbps     0 retrans   1979 KB-cwnd
    0.8125 MB /   0.10 sec =   68.1302 Mbps     0 retrans   1979 KB-cwnd
    0.8125 MB /   0.10 sec =   68.1615 Mbps     0 retrans   1979 KB-cwnd
    0.5625 MB /   0.10 sec =   47.1798 Mbps     0 retrans   1979 KB-cwnd
    1.3125 MB /   0.10 sec =  110.1445 Mbps     0 retrans   1979 KB-cwnd
    0.7500 MB /   0.10 sec =   62.9089 Mbps     0 retrans   1979 KB-cwnd
    0.8125 MB /   0.10 sec =   68.1064 Mbps     0 retrans   1979 KB-cwnd
    0.9375 MB /   0.10 sec =   78.7140 Mbps     0 retrans   1979 KB-cwnd
    0.6250 MB /   0.10 sec =   52.4105 Mbps     0 retrans   1979 KB-cwnd
    1.1875 MB /   0.10 sec =   99.6396 Mbps     0 retrans   1979 KB-cwnd
    0.8750 MB /   0.10 sec =   73.3893 Mbps     0 retrans   1979 KB-cwnd
    1.1250 MB /   0.10 sec =   94.3832 Mbps     0 retrans   1979 KB-cwnd
    0.7500 MB /   0.10 sec =   62.9108 Mbps     0 retrans   1979 KB-cwnd
    1.1250 MB /   0.10 sec =   94.2700 Mbps     0 retrans   1979 KB-cwnd
    1.2500 MB /   0.10 sec =  104.9920 Mbps     0 retrans   1979 KB-cwnd
    1.2500 MB /   0.10 sec =  104.8586 Mbps     0 retrans   1979 KB-cwnd
    1.1875 MB /   0.10 sec =   99.6127 Mbps     0 retrans   1979 KB-cwnd
    0.9375 MB /   0.10 sec =   78.6456 Mbps     0 retrans   1979 KB-cwnd
    0.9375 MB /   0.10 sec =   78.6330 Mbps     0 retrans   1979 KB-cwnd
    1.1250 MB /   0.10 sec =   94.3671 Mbps     0 retrans   1979 KB-cwnd
    1.1250 MB /   0.10 sec =   94.3888 Mbps     0 retrans   1979 KB-cwnd
    1.0625 MB /   0.10 sec =   89.1281 Mbps     0 retrans   1644 KB-cwnd
    1.1250 MB /   0.10 sec =   94.2879 Mbps     0 retrans   1644 KB-cwnd
    0.9375 MB /   0.10 sec =   78.6794 Mbps     0 retrans   1644 KB-cwnd
    1.0625 MB /   0.10 sec =   89.1575 Mbps     0 retrans   1644 KB-cwnd
    0.9375 MB /   0.10 sec =   78.6526 Mbps     0 retrans   1644 KB-cwnd
    0.9375 MB /   0.10 sec =   78.6408 Mbps     0 retrans   1644 KB-cwnd
    0.0625 MB /   0.10 sec =    5.2375 Mbps     0 retrans   1644 KB-cwnd
    1.8125 MB /   0.10 sec =  152.2003 Mbps     0 retrans   1644 KB-cwnd
    1.0625 MB /   0.10 sec =   89.1325 Mbps     0 retrans   1644 KB-cwnd
    1.0000 MB /   0.10 sec =   83.8224 Mbps     0 retrans   1644 KB-cwnd
    1.0625 MB /   0.10 sec =   89.1869 Mbps     0 retrans   1783 KB-cwnd
    1.0000 MB /   0.10 sec =   83.8727 Mbps     0 retrans   1783 KB-cwnd
    1.0625 MB /   0.10 sec =   89.1441 Mbps     0 retrans   1783 KB-cwnd
    1.0625 MB /   0.10 sec =   89.1165 Mbps     0 retrans   1783 KB-cwnd
    1.1250 MB /   0.10 sec =   94.3737 Mbps     0 retrans   1783 KB-cwnd
    1.0625 MB /   0.10 sec =   89.1468 Mbps     0 retrans   1783 KB-cwnd
    1.1250 MB /   0.10 sec =   94.3700 Mbps     0 retrans   1783 KB-cwnd
    1.0000 MB /   0.10 sec =   83.8760 Mbps     0 retrans   1783 KB-cwnd
    0.8750 MB /   0.10 sec =   73.4011 Mbps     0 retrans   1783 KB-cwnd
    1.1875 MB /   0.10 sec =   99.6257 Mbps     0 retrans   1783 KB-cwnd
    0.7500 MB /   0.10 sec =   62.8969 Mbps     0 retrans   1885 KB-cwnd
    1.2500 MB /   0.10 sec =  104.8786 Mbps     0 retrans   1885 KB-cwnd
    1.5000 MB /   0.10 sec =  125.8467 Mbps     0 retrans   1885 KB-cwnd
    1.3750 MB /   0.10 sec =  115.3353 Mbps     0 retrans   1885 KB-cwnd
    1.1875 MB /   0.10 sec =   99.6167 Mbps     0 retrans   1885 KB-cwnd
    1.2500 MB /   0.10 sec =  104.7748 Mbps     0 retrans   1885 KB-cwnd
    1.0000 MB /   0.10 sec =   83.9541 Mbps     0 retrans   1885 KB-cwnd
    1.0000 MB /   0.10 sec =   83.8836 Mbps     0 retrans   1885 KB-cwnd
    1.0000 MB /   0.10 sec =   83.8685 Mbps     0 retrans   1885 KB-cwnd
    1.0000 MB /   0.10 sec =   83.9029 Mbps     0 retrans   1885 KB-cwnd
    0.8750 MB /   0.10 sec =   73.3886 Mbps     0 retrans   1972 KB-cwnd
    1.2500 MB /   0.10 sec =  104.8786 Mbps     0 retrans   1972 KB-cwnd
    1.0000 MB /   0.10 sec =   83.8735 Mbps     0 retrans   1972 KB-cwnd
    0.8125 MB /   0.10 sec =   68.1602 Mbps     0 retrans   1972 KB-cwnd
    1.2500 MB /   0.10 sec =  104.8691 Mbps     0 retrans   1972 KB-cwnd
    1.0000 MB /   0.10 sec =   83.8609 Mbps     0 retrans   1972 KB-cwnd
    1.0000 MB /   0.10 sec =   83.9012 Mbps     0 retrans   1972 KB-cwnd
    1.0625 MB /   0.10 sec =   89.0586 Mbps     0 retrans   1972 KB-cwnd
    1.0625 MB /   0.10 sec =   89.1834 Mbps     0 retrans   1972 KB-cwnd
    1.1250 MB /   0.10 sec =   94.3992 Mbps     0 retrans   1972 KB-cwnd
    1.0000 MB /   0.10 sec =   83.7496 Mbps     0 retrans   2015 KB-cwnd
    1.0625 MB /   0.10 sec =   89.2727 Mbps     0 retrans   2015 KB-cwnd
    0.8125 MB /   0.10 sec =   68.1493 Mbps     0 retrans   2015 KB-cwnd
    1.2500 MB /   0.10 sec =  104.8628 Mbps     0 retrans   2015 KB-cwnd
    1.1250 MB /   0.10 sec =   94.3832 Mbps     0 retrans   2015 KB-cwnd
    1.0000 MB /   0.10 sec =   83.8794 Mbps     0 retrans   2015 KB-cwnd
    0.9375 MB /   0.10 sec =   78.5631 Mbps     0 retrans   2015 KB-cwnd
    1.0625 MB /   0.10 sec =   89.2182 Mbps     0 retrans   2015 KB-cwnd
    1.1250 MB /   0.10 sec =   94.3690 Mbps     0 retrans   2015 KB-cwnd
    1.0625 MB /   0.10 sec =   89.1361 Mbps     0 retrans   2015 KB-cwnd
    0.9375 MB /   0.10 sec =   78.6157 Mbps     0 retrans   2038 KB-cwnd
    0.9375 MB /   0.10 sec =   78.6471 Mbps     0 retrans   2038 KB-cwnd
    1.0000 MB /   0.10 sec =   83.9029 Mbps     0 retrans   2038 KB-cwnd
    1.0000 MB /   0.10 sec =   83.8945 Mbps     0 retrans   2038 KB-cwnd
    0.9375 MB /   0.10 sec =   77.9101 Mbps     0 retrans   2038 KB-cwnd
    1.2500 MB /   0.10 sec =  105.8451 Mbps     0 retrans   2038 KB-cwnd
    0.8750 MB /   0.10 sec =   73.3893 Mbps     0 retrans   2038 KB-cwnd
    1.2500 MB /   0.10 sec =  104.8597 Mbps     0 retrans   2038 KB-cwnd
    0.9375 MB /   0.10 sec =   78.6637 Mbps     0 retrans   2038 KB-cwnd
    1.0625 MB /   0.10 sec =   89.1254 Mbps     0 retrans   2038 KB-cwnd
    1.0000 MB /   0.10 sec =   83.8886 Mbps     0 retrans   2038 KB-cwnd
    1.0625 MB /   0.10 sec =   89.1236 Mbps     0 retrans   2059 KB-cwnd
    1.0625 MB /   0.10 sec =   89.1138 Mbps     0 retrans   2059 KB-cwnd
    1.1875 MB /   0.10 sec =   99.6287 Mbps     0 retrans   2059 KB-cwnd
    1.0625 MB /   0.10 sec =   89.1299 Mbps     0 retrans   2064 KB-cwnd
    1.1250 MB /   0.10 sec =   94.3784 Mbps     0 retrans   2067 KB-cwnd
    0.9375 MB /   0.10 sec =   78.6306 Mbps     0 retrans   2067 KB-cwnd
    0.9375 MB /   0.10 sec =   78.6322 Mbps     0 retrans   2067 KB-cwnd
    1.3750 MB /   0.10 sec =  115.3457 Mbps     0 retrans   2068 KB-cwnd
    0.6875 MB /   0.10 sec =   57.6619 Mbps     0 retrans   2068 KB-cwnd
    1.4375 MB /   0.10 sec =  120.6405 Mbps     0 retrans   2068 KB-cwnd
    1.0000 MB /   0.10 sec =   83.8794 Mbps     0 retrans   2068 KB-cwnd
    1.0000 MB /   0.10 sec =   83.8869 Mbps     0 retrans   2068 KB-cwnd
    0.8750 MB /   0.10 sec =   73.4018 Mbps     0 retrans   2068 KB-cwnd
    0.9375 MB /   0.10 sec =   78.6456 Mbps     0 retrans   2068 KB-cwnd
    1.0625 MB /   0.10 sec =   89.1272 Mbps     0 retrans   2068 KB-cwnd
    1.0000 MB /   0.10 sec =   83.8886 Mbps     0 retrans   2068 KB-cwnd
    0.9375 MB /   0.10 sec =   78.6110 Mbps     0 retrans   2068 KB-cwnd
    1.0000 MB /   0.10 sec =   83.9205 Mbps     0 retrans   2068 KB-cwnd
    1.0625 MB /   0.10 sec =   89.1307 Mbps     0 retrans   2068 KB-cwnd
    0.9375 MB /   0.10 sec =   78.6243 Mbps     0 retrans   2068 KB-cwnd
    0.8750 MB /   0.10 sec =   73.4121 Mbps     0 retrans   2068 KB-cwnd
    1.0000 MB /   0.10 sec =   83.8685 Mbps     0 retrans   2068 KB-cwnd
    1.2500 MB /   0.10 sec =  104.8859 Mbps     0 retrans   2086 KB-cwnd
    1.1875 MB /   0.10 sec =   99.6157 Mbps     0 retrans   2094 KB-cwnd
    1.1250 MB /   0.10 sec =   94.3586 Mbps     0 retrans   2094 KB-cwnd
    0.9375 MB /   0.10 sec =   78.6487 Mbps     0 retrans   2094 KB-cwnd
    0.0000 MB /   0.10 sec =    0.0000 Mbps     0 retrans   1338 KB-cwnd
    2.1250 MB /   0.10 sec =  178.3096 Mbps     0 retrans   1681 KB-cwnd
    1.0625 MB /   0.10 sec =   89.0844 Mbps     0 retrans   1696 KB-cwnd
    1.0000 MB /   0.10 sec =   83.9121 Mbps     0 retrans   1712 KB-cwnd
nuttcp-t: 347.0763 MB in 30.00 real seconds = 11846.81 KB/sec = 97.0491 Mbps
nuttcp-t: retrans = 0 cwnd = 1717 KB
nuttcp-t: 5554 I/O calls, msec/call = 5.53, calls/sec = 185.13
nuttcp-t: 0.0user 0.0sys 0:30real 0% 0i+0d 2222maxrss 0+1pf 31+6csw

nuttcp-r: 347.0763 MB in 32.66 real seconds = 10880.99 KB/sec = 89.1371 Mbps
nuttcp-r: 60607 I/O calls, msec/call = 0.55, calls/sec = 1855.52
nuttcp-r: 0.0user 0.4sys 0:32real 1% 0i+0d 100maxrss 0+15pf 54202+6csw
