1660404516629
nuttcp-r: v8.1.4: socket
nuttcp-r: buflen=65536, nstream=1, port=5003 tcp
nuttcp-r: interval reporting every 0.10 seconds
nuttcp-r: connect to 3.19.94.93 with RTT=49.334 ms af=inet
nuttcp-r: send window size = 2097152, receive window size = 52428800
nuttcp-r: available send window = 1572864, available receive window = 39321600
    0.0000 MB /   0.10 sec =    0.0000 Mbps    -1 retrans
    0.0000 MB /   0.10 sec =    0.0000 Mbps     0 retrans
    0.0625 MB /   0.10 sec =    5.2424 Mbps     1 retrans
    0.0000 MB /   0.10 sec =    0.0000 Mbps     0 retrans
    0.0000 MB /   0.10 sec =    0.0000 Mbps     0 retrans
    0.0000 MB /   0.10 sec =    0.0000 Mbps     0 retrans
    0.0000 MB /   0.10 sec =    0.0000 Mbps     0 retrans
    0.0000 MB /   0.10 sec =    0.0000 Mbps     0 retrans
    0.0000 MB /   0.10 sec =    0.0000 Mbps     0 retrans
    0.0000 MB /   0.10 sec =    0.0000 Mbps     0 retrans
    0.0000 MB /   0.10 sec =    0.0000 Mbps     0 retrans
    0.0000 MB /   0.10 sec =    0.0000 Mbps     0 retrans
    0.0000 MB /   0.10 sec =    0.0000 Mbps     0 retrans
    0.0000 MB /   0.10 sec =    0.0000 Mbps     0 retrans
    0.0000 MB /   0.10 sec =    0.0000 Mbps     0 retrans
    0.0000 MB /   0.10 sec =    0.0000 Mbps     0 retrans
    0.0000 MB /   0.10 sec =    0.0000 Mbps     0 retrans
    0.0000 MB /   0.10 sec =    0.0000 Mbps     0 retrans
    0.0000 MB /   0.10 sec =    0.0000 Mbps     0 retrans
    0.0000 MB /   0.10 sec =    0.0000 Mbps     0 retrans
    0.0000 MB /   0.10 sec =    0.0000 Mbps     0 retrans
    0.0000 MB /   0.10 sec =    0.0000 Mbps     0 retrans
    0.0000 MB /   0.10 sec =    0.0000 Mbps     0 retrans
    0.0000 MB /   0.10 sec =    0.0000 Mbps     0 retrans
    0.0000 MB /   0.10 sec =    0.0000 Mbps     0 retrans
    0.0000 MB /   0.10 sec =    0.0000 Mbps     0 retrans
    0.0000 MB /   0.10 sec =    0.0000 Mbps     0 retrans
    0.0000 MB /   0.10 sec =    0.0000 Mbps     0 retrans
    0.0000 MB /   0.10 sec =    0.0000 Mbps     0 retrans
    0.0000 MB /   0.10 sec =    0.0000 Mbps     0 retrans
    0.0000 MB /   0.10 sec =    0.0000 Mbps     0 retrans
    0.0000 MB /   0.10 sec =    0.0000 Mbps     0 retrans
    0.0000 MB /   0.10 sec =    0.0000 Mbps     0 retrans
    0.0000 MB /   0.10 sec =    0.0000 Mbps     0 retrans
    0.0000 MB /   0.10 sec =    0.0000 Mbps     0 retrans
    0.0000 MB /   0.10 sec =    0.0000 Mbps     0 retrans
    0.0000 MB /   0.10 sec =    0.0000 Mbps     0 retrans
    0.0000 MB /   0.10 sec =    0.0000 Mbps     0 retrans
    0.0000 MB /   0.10 sec =    0.0000 Mbps     0 retrans
    0.0000 MB /   0.10 sec =    0.0000 Mbps     0 retrans
    0.0000 MB /   0.10 sec =    0.0000 Mbps     0 retrans
    0.0000 MB /   0.10 sec =    0.0000 Mbps     0 retrans
    0.0000 MB /   0.10 sec =    0.0000 Mbps     0 retrans
    0.0000 MB /   0.10 sec =    0.0000 Mbps     0 retrans
    0.0000 MB /   0.10 sec =    0.0000 Mbps     0 retrans
    0.1250 MB /   0.10 sec =   10.4050 Mbps     0 retrans
    0.0000 MB /   0.10 sec =    0.0000 Mbps     0 retrans
    0.0000 MB /   0.10 sec =    0.0000 Mbps     0 retrans
    0.0000 MB /   0.10 sec =    0.0000 Mbps     0 retrans
    0.0000 MB /   0.10 sec =    0.0000 Mbps     0 retrans
    0.0000 MB /   0.10 sec =    0.0000 Mbps     0 retrans
    0.0000 MB /   0.10 sec =    0.0000 Mbps     0 retrans
    0.0625 MB /   0.10 sec =    5.2458 Mbps     0 retrans
    0.0000 MB /   0.10 sec =    0.0000 Mbps     0 retrans
    0.0000 MB /   0.10 sec =    0.0000 Mbps     0 retrans
    0.0000 MB /   0.10 sec =    0.0000 Mbps     0 retrans
    0.0000 MB /   0.10 sec =    0.0000 Mbps     0 retrans
    0.0000 MB /   0.10 sec =    0.0000 Mbps     0 retrans
    0.0000 MB /   0.10 sec =    0.0000 Mbps     0 retrans
    0.0000 MB /   0.10 sec =    0.0000 Mbps     0 retrans
    0.0000 MB /   0.10 sec =    0.0000 Mbps     0 retrans
    0.0000 MB /   0.10 sec =    0.0000 Mbps     0 retrans
    0.0000 MB /   0.10 sec =    0.0000 Mbps     0 retrans
    0.0000 MB /   0.10 sec =    0.0000 Mbps     0 retrans
    0.0000 MB /   0.10 sec =    0.0000 Mbps     0 retrans
    0.0000 MB /   0.10 sec =    0.0000 Mbps     0 retrans
    0.0000 MB /   0.10 sec =    0.0000 Mbps     0 retrans
    0.0000 MB /   0.10 sec =    0.0000 Mbps     0 retrans
    0.0000 MB /   0.10 sec =    0.0000 Mbps     0 retrans
    0.0000 MB /   0.10 sec =    0.0000 Mbps     0 retrans
    0.0000 MB /   0.10 sec =    0.0000 Mbps     0 retrans
    0.0000 MB /   0.10 sec =    0.0000 Mbps     0 retrans
    0.0000 MB /   0.10 sec =    0.0000 Mbps     0 retrans
    0.0000 MB /   0.10 sec =    0.0000 Mbps     0 retrans
    0.1250 MB /   0.10 sec =   10.4960 Mbps     0 retrans
    0.0000 MB /   0.10 sec =    0.0000 Mbps     0 retrans
    0.0000 MB /   0.10 sec =    0.0000 Mbps     0 retrans
    0.0000 MB /   0.10 sec =    0.0000 Mbps     0 retrans
    0.0000 MB /   0.10 sec =    0.0000 Mbps     0 retrans
    0.0000 MB /   0.10 sec =    0.0000 Mbps     0 retrans
    0.0000 MB /   0.10 sec =    0.0000 Mbps     0 retrans
    0.0000 MB /   0.10 sec =    0.0000 Mbps     0 retrans
    0.0000 MB /   0.10 sec =    0.0000 Mbps     0 retrans
    0.0000 MB /   0.10 sec =    0.0000 Mbps     0 retrans
    0.0000 MB /   0.10 sec =    0.0000 Mbps     0 retrans
    0.0000 MB /   0.10 sec =    0.0000 Mbps     0 retrans
    0.0000 MB /   0.10 sec =    0.0000 Mbps     0 retrans
    0.0000 MB /   0.10 sec =    0.0000 Mbps     0 retrans
    0.0000 MB /   0.10 sec =    0.0000 Mbps     0 retrans
    0.0000 MB /   0.10 sec =    0.0000 Mbps     0 retrans
    0.0000 MB /   0.10 sec =    0.0000 Mbps     0 retrans
    0.0000 MB /   0.10 sec =    0.0000 Mbps     0 retrans
    0.0000 MB /   0.10 sec =    0.0000 Mbps     0 retrans
    0.0000 MB /   0.10 sec =    0.0000 Mbps     0 retrans
    0.0000 MB /   0.10 sec =    0.0000 Mbps     0 retrans
    0.0000 MB /   0.10 sec =    0.0000 Mbps     0 retrans
    0.0000 MB /   0.10 sec =    0.0000 Mbps     0 retrans
    0.0000 MB /   0.10 sec =    0.0000 Mbps     0 retrans
    0.0625 MB /   0.10 sec =    5.2429 Mbps     0 retrans
    0.0000 MB /   0.10 sec =    0.0000 Mbps     0 retrans
    0.0625 MB /   0.10 sec =    5.2913 Mbps     0 retrans
    0.0625 MB /   0.10 sec =    5.2354 Mbps     0 retrans
    0.0625 MB /   0.10 sec =    5.2513 Mbps     0 retrans
    0.0625 MB /   0.10 sec =    5.2353 Mbps     0 retrans
    0.1250 MB /   0.10 sec =   10.5021 Mbps     0 retrans
    0.0625 MB /   0.10 sec =    5.2416 Mbps     0 retrans
    0.1250 MB /   0.10 sec =   10.4714 Mbps     0 retrans
    0.0625 MB /   0.10 sec =    5.2511 Mbps     0 retrans
    0.1250 MB /   0.10 sec =   10.4640 Mbps     0 retrans
    0.1250 MB /   0.10 sec =   10.4935 Mbps     0 retrans
    0.1250 MB /   0.10 sec =   10.4840 Mbps     0 retrans
    0.1250 MB /   0.10 sec =   10.4895 Mbps     0 retrans
    0.1250 MB /   0.10 sec =   10.4970 Mbps     0 retrans
    0.0625 MB /   0.10 sec =    5.2419 Mbps     0 retrans
    0.0625 MB /   0.10 sec =    5.2429 Mbps     0 retrans
    0.0000 MB /   0.10 sec =    0.0000 Mbps     0 retrans
    0.0000 MB /   0.10 sec =    0.0000 Mbps     0 retrans
    0.0625 MB /   0.10 sec =    5.2417 Mbps     0 retrans
    0.1250 MB /   0.10 sec =   10.4792 Mbps     0 retrans
    0.1250 MB /   0.10 sec =   10.5029 Mbps     0 retrans
    0.1875 MB /   0.10 sec =   15.7239 Mbps     0 retrans
    0.1250 MB /   0.10 sec =   10.4842 Mbps     0 retrans
    0.1875 MB /   0.10 sec =   15.7297 Mbps     0 retrans
    0.1875 MB /   0.10 sec =   15.7319 Mbps     0 retrans
    0.1875 MB /   0.10 sec =   15.5236 Mbps     0 retrans
    0.1875 MB /   0.10 sec =   15.9505 Mbps     0 retrans
    0.1875 MB /   0.10 sec =   15.7288 Mbps     0 retrans
    0.1875 MB /   0.10 sec =   15.7275 Mbps     0 retrans
    0.2500 MB /   0.10 sec =   20.9560 Mbps     0 retrans
    0.1250 MB /   0.10 sec =   10.3551 Mbps     0 retrans
    0.2500 MB /   0.10 sec =   20.9397 Mbps     0 retrans
    0.1875 MB /   0.10 sec =   15.9677 Mbps     0 retrans
    0.2500 MB /   0.10 sec =   20.9061 Mbps     0 retrans
    0.2500 MB /   0.10 sec =   21.0340 Mbps     0 retrans
    0.2500 MB /   0.10 sec =   20.9682 Mbps     0 retrans
    0.2500 MB /   0.10 sec =   20.9707 Mbps     0 retrans
    0.2500 MB /   0.10 sec =   20.9740 Mbps     0 retrans
    0.3125 MB /   0.10 sec =   26.2144 Mbps     0 retrans
    0.2500 MB /   0.10 sec =   20.9742 Mbps     0 retrans
    0.3125 MB /   0.10 sec =   26.2139 Mbps     0 retrans
    0.2500 MB /   0.10 sec =   20.9646 Mbps     0 retrans
    0.3125 MB /   0.10 sec =   26.2233 Mbps     0 retrans
    0.3125 MB /   0.10 sec =   26.1730 Mbps     0 retrans
    0.3125 MB /   0.10 sec =   26.2501 Mbps     0 retrans
    0.3125 MB /   0.10 sec =   26.2207 Mbps     0 retrans
    0.3125 MB /   0.10 sec =   26.2118 Mbps     0 retrans
    0.3125 MB /   0.10 sec =   26.2055 Mbps     0 retrans
    0.1875 MB /   0.10 sec =   15.7274 Mbps     0 retrans
    0.3125 MB /   0.10 sec =   26.1887 Mbps     0 retrans
    0.3125 MB /   0.10 sec =   26.2273 Mbps     0 retrans
    0.3750 MB /   0.10 sec =   31.4655 Mbps     0 retrans
    0.3750 MB /   0.10 sec =   31.4711 Mbps     0 retrans
    0.3125 MB /   0.10 sec =   26.2118 Mbps     0 retrans
    0.3750 MB /   0.10 sec =   31.4488 Mbps     0 retrans
    0.3750 MB /   0.10 sec =   31.4692 Mbps     0 retrans
    0.3750 MB /   0.10 sec =   31.4548 Mbps     0 retrans
    0.3750 MB /   0.10 sec =   31.4746 Mbps     0 retrans
    0.3750 MB /   0.10 sec =   31.4497 Mbps     0 retrans
    0.3750 MB /   0.10 sec =   31.4544 Mbps     0 retrans
    0.3750 MB /   0.10 sec =   31.4607 Mbps     0 retrans
    0.4375 MB /   0.10 sec =   36.6961 Mbps     0 retrans
    0.3750 MB /   0.10 sec =   31.4526 Mbps     0 retrans
    0.5000 MB /   0.10 sec =   41.9518 Mbps     0 retrans
    0.3750 MB /   0.10 sec =   31.4589 Mbps     0 retrans
    0.5000 MB /   0.10 sec =   41.9422 Mbps     0 retrans
    0.4375 MB /   0.10 sec =   36.7068 Mbps     0 retrans
    0.4375 MB /   0.10 sec =   36.6998 Mbps     0 retrans
    0.5000 MB /   0.10 sec =   41.9380 Mbps     0 retrans
    0.4375 MB /   0.10 sec =   36.7046 Mbps     0 retrans
    0.5000 MB /   0.10 sec =   41.9347 Mbps     0 retrans
    0.5000 MB /   0.10 sec =   41.9468 Mbps     0 retrans
    0.4375 MB /   0.10 sec =   36.6910 Mbps     0 retrans
    0.4375 MB /   0.10 sec =   36.7035 Mbps     0 retrans
    0.5625 MB /   0.10 sec =   47.1906 Mbps     0 retrans
    0.5000 MB /   0.10 sec =   41.9430 Mbps     0 retrans
    0.5000 MB /   0.10 sec =   41.9502 Mbps     0 retrans
    0.5625 MB /   0.10 sec =   47.1774 Mbps     0 retrans
    0.5000 MB /   0.10 sec =   41.9388 Mbps     0 retrans
    0.5625 MB /   0.10 sec =   47.1859 Mbps     0 retrans
    0.5625 MB /   0.10 sec =   47.1916 Mbps     0 retrans
    0.5625 MB /   0.10 sec =   47.1218 Mbps     0 retrans
    0.5000 MB /   0.10 sec =   42.0069 Mbps     0 retrans
    0.5000 MB /   0.10 sec =   41.9321 Mbps     0 retrans
    0.3750 MB /   0.10 sec =   31.4589 Mbps     0 retrans
    0.5625 MB /   0.10 sec =   47.1854 Mbps     0 retrans
    0.5000 MB /   0.10 sec =   41.9263 Mbps     0 retrans
    0.6250 MB /   0.10 sec =   52.4545 Mbps     0 retrans
    0.5625 MB /   0.10 sec =   47.1836 Mbps     0 retrans
    0.5625 MB /   0.10 sec =   47.1727 Mbps     0 retrans
    0.6250 MB /   0.10 sec =   52.4493 Mbps     0 retrans
    0.5000 MB /   0.10 sec =   41.9292 Mbps     0 retrans
    0.6250 MB /   0.10 sec =   52.4424 Mbps     0 retrans
    0.6875 MB /   0.10 sec =   57.6792 Mbps     0 retrans
    0.5625 MB /   0.10 sec =   47.1836 Mbps     0 retrans
    0.5000 MB /   0.10 sec =   41.9305 Mbps     0 retrans
    0.6250 MB /   0.10 sec =   52.4351 Mbps     0 retrans
    0.8125 MB /   0.10 sec =   68.1649 Mbps     0 retrans
    0.8125 MB /   0.10 sec =   68.1520 Mbps     0 retrans
    0.8750 MB /   0.10 sec =   73.3989 Mbps     0 retrans
    0.8750 MB /   0.10 sec =   73.4135 Mbps     0 retrans
    0.7500 MB /   0.10 sec =   62.8775 Mbps     0 retrans
    1.0000 MB /   0.10 sec =   83.9264 Mbps     0 retrans
    1.0000 MB /   0.10 sec =   83.8869 Mbps     0 retrans
    1.0000 MB /   0.10 sec =   83.8903 Mbps     0 retrans
    1.0625 MB /   0.10 sec =   89.1254 Mbps     0 retrans
    1.0000 MB /   0.10 sec =   83.8794 Mbps     0 retrans
    1.1250 MB /   0.10 sec =   94.3652 Mbps     0 retrans
    1.1250 MB /   0.10 sec =   94.3926 Mbps     0 retrans
    1.0625 MB /   0.10 sec =   89.1138 Mbps     0 retrans
    1.1250 MB /   0.10 sec =   94.3813 Mbps     0 retrans
    1.2500 MB /   0.10 sec =  104.8733 Mbps     0 retrans
    1.2500 MB /   0.10 sec =  104.8576 Mbps     0 retrans
    1.4375 MB /   0.10 sec =  120.5826 Mbps     0 retrans
    1.3750 MB /   0.10 sec =  115.3491 Mbps     0 retrans
    1.3125 MB /   0.10 sec =  110.0631 Mbps     0 retrans
    1.5000 MB /   0.10 sec =  125.8430 Mbps     0 retrans
    1.5000 MB /   0.10 sec =  125.8065 Mbps     0 retrans
    1.4375 MB /   0.10 sec =  120.6079 Mbps     0 retrans
    1.5000 MB /   0.10 sec =  125.8040 Mbps     0 retrans
    1.6875 MB /   0.10 sec =  141.6257 Mbps     0 retrans
    1.3750 MB /   0.10 sec =  115.3387 Mbps     0 retrans
    1.8125 MB /   0.10 sec =  151.9994 Mbps     0 retrans
    1.8125 MB /   0.10 sec =  152.0450 Mbps     0 retrans
    1.8750 MB /   0.10 sec =  157.3367 Mbps     0 retrans
    1.6250 MB /   0.10 sec =  136.2699 Mbps     0 retrans
    1.9375 MB /   0.10 sec =  162.5748 Mbps     0 retrans
    1.6250 MB /   0.10 sec =  136.2849 Mbps     0 retrans
    2.1250 MB /   0.10 sec =  178.2651 Mbps     0 retrans
    2.1250 MB /   0.10 sec =  178.2775 Mbps     0 retrans
    1.5000 MB /   0.10 sec =  125.8102 Mbps     0 retrans
    2.2500 MB /   0.10 sec =  188.7682 Mbps     0 retrans
    2.0000 MB /   0.10 sec =  167.7504 Mbps     0 retrans
    2.1250 MB /   0.10 sec =  178.2490 Mbps     0 retrans
    2.5000 MB /   0.10 sec =  209.7781 Mbps     0 retrans
    2.3750 MB /   0.10 sec =  199.2354 Mbps     0 retrans
    2.3750 MB /   0.10 sec =  199.1916 Mbps     0 retrans
    2.4375 MB /   0.10 sec =  204.4560 Mbps     0 retrans
    2.6250 MB /   0.10 sec =  220.2406 Mbps     0 retrans
    2.5625 MB /   0.10 sec =  214.9087 Mbps     0 retrans
    2.7500 MB /   0.10 sec =  230.7421 Mbps     0 retrans
    2.8125 MB /   0.10 sec =  235.9202 Mbps     0 retrans
    2.7500 MB /   0.10 sec =  230.6221 Mbps     0 retrans
    2.6250 MB /   0.10 sec =  220.2582 Mbps     0 retrans
    3.3125 MB /   0.10 sec =  277.9088 Mbps     0 retrans
    2.8125 MB /   0.10 sec =  235.9084 Mbps     0 retrans
    3.2500 MB /   0.10 sec =  272.6488 Mbps     0 retrans
    3.1875 MB /   0.10 sec =  267.3227 Mbps     0 retrans
    3.4375 MB /   0.10 sec =  288.3872 Mbps     0 retrans
    2.8125 MB /   0.10 sec =  235.9438 Mbps     0 retrans
    3.6250 MB /   0.10 sec =  304.0627 Mbps     0 retrans
    3.3125 MB /   0.10 sec =  277.8671 Mbps     0 retrans
    3.6250 MB /   0.10 sec =  304.0810 Mbps     0 retrans
    3.3125 MB /   0.10 sec =  277.8337 Mbps     0 retrans
    3.5625 MB /   0.10 sec =  298.8860 Mbps     0 retrans
    3.8125 MB /   0.10 sec =  319.8413 Mbps     0 retrans
    3.4375 MB /   0.10 sec =  288.3411 Mbps     0 retrans
    4.1250 MB /   0.10 sec =  346.0924 Mbps     0 retrans
    3.7500 MB /   0.10 sec =  314.5256 Mbps     0 retrans
    4.0625 MB /   0.10 sec =  340.7804 Mbps     0 retrans
    2.7500 MB /   0.10 sec =  230.6291 Mbps     0 retrans
    3.8750 MB /   0.10 sec =  325.1171 Mbps     0 retrans
    3.8125 MB /   0.10 sec =  319.8701 Mbps     0 retrans
    4.7500 MB /   0.10 sec =  398.5067 Mbps     0 retrans
    4.2500 MB /   0.10 sec =  356.4517 Mbps     0 retrans
    5.0625 MB /   0.10 sec =  424.7327 Mbps     0 retrans
    4.2500 MB /   0.10 sec =  356.5230 Mbps     0 retrans
    4.7500 MB /   0.10 sec =  398.3752 Mbps     0 retrans
    5.5625 MB /   0.10 sec =  466.6630 Mbps     0 retrans
    5.0000 MB /   0.10 sec =  419.4556 Mbps     0 retrans
    5.0000 MB /   0.10 sec =  419.4052 Mbps     0 retrans
    5.4375 MB /   0.10 sec =  456.1579 Mbps     0 retrans
    5.7500 MB /   0.10 sec =  482.2389 Mbps     0 retrans
    5.0625 MB /   0.10 sec =  424.7200 Mbps     0 retrans
    5.8125 MB /   0.10 sec =  487.4757 Mbps     0 retrans
    5.6875 MB /   0.10 sec =  477.1546 Mbps     0 retrans
    6.1875 MB /   0.10 sec =  519.0659 Mbps     0 retrans
    6.1875 MB /   0.10 sec =  519.0763 Mbps     0 retrans
    6.3125 MB /   0.10 sec =  529.4568 Mbps     0 retrans
    6.0000 MB /   0.10 sec =  503.3215 Mbps     0 retrans
    6.6250 MB /   0.10 sec =  555.7453 Mbps     0 retrans
    5.9375 MB /   0.10 sec =  498.0587 Mbps     0 retrans
    6.8125 MB /   0.10 sec =  571.6054 Mbps     0 retrans
    6.3750 MB /   0.10 sec =  533.5519 Mbps     0 retrans
    6.8750 MB /   0.10 sec =  578.0927 Mbps     0 retrans
    7.1250 MB /   0.10 sec =  597.5927 Mbps     0 retrans
    6.4375 MB /   0.10 sec =  539.9626 Mbps     0 retrans
    7.1875 MB /   0.10 sec =  602.9252 Mbps     0 retrans
    6.5000 MB /   0.10 sec =  545.1941 Mbps     0 retrans
    8.0625 MB /   0.10 sec =  676.3992 Mbps     0 retrans
    7.3750 MB /   0.10 sec =  618.7279 Mbps     0 retrans
    6.6875 MB /   0.10 sec =  560.9994 Mbps     0 retrans
    7.3750 MB /   0.10 sec =  618.4310 Mbps     0 retrans
    7.9375 MB /   0.10 sec =  666.1988 Mbps     0 retrans
    5.1875 MB /   0.10 sec =  435.1503 Mbps     0 retrans
    7.1250 MB /   0.10 sec =  597.6286 Mbps     0 retrans
    6.7500 MB /   0.10 sec =  565.9764 Mbps     0 retrans
    8.2500 MB /   0.10 sec =  692.3509 Mbps     0 retrans
    8.8125 MB /   0.10 sec =  739.3052 Mbps     0 retrans
    9.2500 MB /   0.10 sec =  775.8376 Mbps     0 retrans
    7.6250 MB /   0.10 sec =  639.1201 Mbps     0 retrans
    8.5000 MB /   0.10 sec =  713.6668 Mbps     0 retrans
    8.1875 MB /   0.10 sec =  686.7486 Mbps     0 retrans
    9.3750 MB /   0.10 sec =  786.5815 Mbps     0 retrans
    9.0000 MB /   0.10 sec =  754.8313 Mbps     0 retrans
    7.0625 MB /   0.10 sec =  592.4632 Mbps     0 retrans
nuttcp-r: 459.3211 MB in 30.55 real seconds = 15395.30 KB/sec = 126.1183 Mbps
nuttcp-r: 18852 I/O calls, msec/call = 1.66, calls/sec = 617.06
nuttcp-r: 0.0user 0.5sys 0:30real 1% 0i+0d 1246maxrss 0+1pf 8953+130csw

nuttcp-t: Warning: send window size 25000000 < requested window size 26214400
nuttcp-t: v6.1.2: socket
nuttcp-t: buflen=65536, nstream=1, port=5003 tcp -> 107.122.96.17
nuttcp-t: time limit = 30.00 seconds
nuttcp-t: accept from 107.122.96.17 with mss=1378
nuttcp-t: send window size = 50000000, receive window size = 25000000
nuttcp-t: available send window = 25000000, available receive window = 12500000
nuttcp-t: 459.3211 MB in 30.00 real seconds = 15678.13 KB/sec = 128.4352 Mbps
nuttcp-t: retrans = 0
nuttcp-t: 7350 I/O calls, msec/call = 4.18, calls/sec = 245.00
nuttcp-t: 0.0user 0.1sys 0:30real 0% 0i+0d 100maxrss 0+0pf 27+3csw
