1660508838698
nuttcp-r: v8.1.4: socket
nuttcp-r: buflen=65536, nstream=1, port=5003 tcp
nuttcp-r: interval reporting every 0.10 seconds
nuttcp-r: connect to 3.19.94.93 with RTT=27.773 ms af=inet
nuttcp-r: send window size = 524288, receive window size = 52428800
nuttcp-r: available send window = 393216, available receive window = 39321600
    0.0000 MB /   0.10 sec =    0.0000 Mbps    -1 retrans
    0.1875 MB /   0.10 sec =   15.7338 Mbps     1 retrans
    0.3125 MB /   0.10 sec =   26.2157 Mbps     0 retrans
    0.3125 MB /   0.10 sec =   26.1914 Mbps     0 retrans
    0.4375 MB /   0.10 sec =   36.7182 Mbps     0 retrans
    0.3125 MB /   0.10 sec =   26.2039 Mbps     0 retrans
    0.5625 MB /   0.10 sec =   47.2194 Mbps     0 retrans
    0.3750 MB /   0.10 sec =   31.4686 Mbps     0 retrans
    0.5000 MB /   0.10 sec =   41.9439 Mbps     0 retrans
    0.4375 MB /   0.10 sec =   36.6987 Mbps     0 retrans
    0.6875 MB /   0.10 sec =   57.6699 Mbps     0 retrans
    0.5000 MB /   0.10 sec =   41.9372 Mbps     0 retrans
    0.3750 MB /   0.10 sec =   31.4494 Mbps     0 retrans
    0.7500 MB /   0.10 sec =   62.9435 Mbps     0 retrans
    0.5000 MB /   0.10 sec =   41.9372 Mbps     0 retrans
    0.6250 MB /   0.10 sec =   51.7826 Mbps     0 retrans
    0.6875 MB /   0.10 sec =   58.3999 Mbps     0 retrans
    0.7500 MB /   0.10 sec =   62.9120 Mbps     0 retrans
    0.8750 MB /   0.10 sec =   73.3967 Mbps     0 retrans
    0.1875 MB /   0.10 sec =   15.7293 Mbps     0 retrans
    0.0000 MB /   0.10 sec =    0.0000 Mbps     0 retrans
    0.3125 MB /   0.10 sec =   26.2278 Mbps     0 retrans
    1.8750 MB /   0.10 sec =  157.2377 Mbps     0 retrans
    2.1250 MB /   0.10 sec =  178.2633 Mbps     0 retrans
    2.6875 MB /   0.10 sec =  225.4438 Mbps     0 retrans
    3.1875 MB /   0.10 sec =  267.4163 Mbps     0 retrans
    4.1250 MB /   0.10 sec =  345.8053 Mbps     0 retrans
    3.8125 MB /   0.10 sec =  319.9469 Mbps     0 retrans
    4.1875 MB /   0.10 sec =  351.2273 Mbps     0 retrans
    5.8125 MB /   0.10 sec =  487.5245 Mbps     0 retrans
    6.9375 MB /   0.10 sec =  581.1229 Mbps     0 retrans
    7.0625 MB /   0.10 sec =  593.5138 Mbps     0 retrans
    7.2500 MB /   0.10 sec =  608.0342 Mbps     0 retrans
    7.1250 MB /   0.10 sec =  597.5270 Mbps     0 retrans
   10.4375 MB /   0.10 sec =  875.3421 Mbps     0 retrans
    9.8750 MB /   0.10 sec =  828.8392 Mbps     0 retrans
   14.9375 MB /   0.10 sec = 1253.3993 Mbps     0 retrans
   16.5625 MB /   0.10 sec = 1389.3215 Mbps     0 retrans
   21.0625 MB /   0.10 sec = 1766.7799 Mbps     0 retrans
   18.5625 MB /   0.10 sec = 1556.9018 Mbps     0 retrans
   22.8750 MB /   0.10 sec = 1919.2971 Mbps     0 retrans
   23.1250 MB /   0.10 sec = 1939.8850 Mbps     0 retrans
   22.6875 MB /   0.10 sec = 1903.1845 Mbps     0 retrans
   22.5625 MB /   0.10 sec = 1892.4337 Mbps     0 retrans
   23.0000 MB /   0.10 sec = 1929.6886 Mbps     0 retrans
   22.8125 MB /   0.10 sec = 1913.5173 Mbps     0 retrans
   11.6875 MB /   0.10 sec =  980.2421 Mbps     0 retrans
   33.0000 MB /   0.10 sec = 2765.6686 Mbps     0 retrans
   22.5000 MB /   0.10 sec = 1889.3640 Mbps     0 retrans
   21.8125 MB /   0.10 sec = 1829.7651 Mbps     0 retrans
   22.1875 MB /   0.10 sec = 1861.3899 Mbps     0 retrans
   22.0625 MB /   0.10 sec = 1850.3296 Mbps     0 retrans
   22.1250 MB /   0.10 sec = 1856.4622 Mbps     0 retrans
   22.5000 MB /   0.10 sec = 1887.0594 Mbps     0 retrans
   25.5000 MB /   0.10 sec = 2139.6942 Mbps     0 retrans
   23.2500 MB /   0.10 sec = 1950.4099 Mbps     0 retrans
   23.0625 MB /   0.10 sec = 1934.3326 Mbps     0 retrans
   22.0000 MB /   0.10 sec = 1844.2765 Mbps     0 retrans
   23.6250 MB /   0.10 sec = 1982.7009 Mbps     0 retrans
   24.2500 MB /   0.10 sec = 2034.2171 Mbps     0 retrans
   24.4375 MB /   0.10 sec = 2049.9866 Mbps     0 retrans
   19.8125 MB /   0.10 sec = 1660.3658 Mbps     0 retrans
   20.3750 MB /   0.10 sec = 1710.1194 Mbps     0 retrans
   20.5625 MB /   0.10 sec = 1725.9949 Mbps     0 retrans
   21.6875 MB /   0.10 sec = 1819.1884 Mbps     0 retrans
   21.0625 MB /   0.10 sec = 1766.7799 Mbps     0 retrans
   16.2500 MB /   0.10 sec = 1362.3586 Mbps     0 retrans
   24.1250 MB /   0.10 sec = 2025.0477 Mbps     0 retrans
   21.0000 MB /   0.10 sec = 1760.8153 Mbps     0 retrans
   21.1250 MB /   0.10 sec = 1772.4834 Mbps     0 retrans
   20.0625 MB /   0.10 sec = 1683.0655 Mbps     0 retrans
   18.8125 MB /   0.10 sec = 1578.4068 Mbps     0 retrans
   19.1250 MB /   0.10 sec = 1604.1609 Mbps     0 retrans
   20.6250 MB /   0.10 sec = 1729.8736 Mbps     0 retrans
   20.7500 MB /   0.10 sec = 1740.4621 Mbps     0 retrans
   22.7500 MB /   0.10 sec = 1908.6946 Mbps     0 retrans
   21.8125 MB /   0.10 sec = 1829.7102 Mbps     0 retrans
   20.3750 MB /   0.10 sec = 1709.5208 Mbps     0 retrans
   22.2500 MB /   0.10 sec = 1866.3720 Mbps     0 retrans
   22.4375 MB /   0.10 sec = 1882.4386 Mbps     0 retrans
   23.2500 MB /   0.10 sec = 1949.1234 Mbps     0 retrans
   23.0625 MB /   0.10 sec = 1935.7067 Mbps     0 retrans
   19.6875 MB /   0.10 sec = 1651.4246 Mbps     0 retrans
   21.7500 MB /   0.10 sec = 1822.4264 Mbps     0 retrans
   23.1250 MB /   0.10 sec = 1941.9824 Mbps     0 retrans
   19.3750 MB /   0.10 sec = 1624.8866 Mbps     0 retrans
    7.0000 MB /   0.10 sec =  587.2789 Mbps     0 retrans
   23.2500 MB /   0.10 sec = 1949.4936 Mbps     0 retrans
   22.8750 MB /   0.10 sec = 1920.1037 Mbps     0 retrans
   22.0625 MB /   0.10 sec = 1850.7737 Mbps     0 retrans
   21.5000 MB /   0.10 sec = 1803.6048 Mbps     0 retrans
   22.3750 MB /   0.10 sec = 1876.9323 Mbps     0 retrans
   22.9375 MB /   0.10 sec = 1924.0408 Mbps     0 retrans
   22.1875 MB /   0.10 sec = 1861.4085 Mbps     0 retrans
   23.0625 MB /   0.10 sec = 1934.5066 Mbps     0 retrans
   22.5625 MB /   0.10 sec = 1892.5851 Mbps     0 retrans
   22.8125 MB /   0.10 sec = 1913.7086 Mbps     0 retrans
   22.8125 MB /   0.10 sec = 1913.5555 Mbps     0 retrans
   23.0000 MB /   0.10 sec = 1928.4927 Mbps     0 retrans
   22.5000 MB /   0.10 sec = 1885.6643 Mbps     0 retrans
   21.2500 MB /   0.10 sec = 1779.6250 Mbps     0 retrans
   22.6875 MB /   0.10 sec = 1909.0262 Mbps     0 retrans
   22.5625 MB /   0.10 sec = 1892.0742 Mbps     0 retrans
   22.0625 MB /   0.10 sec = 1851.1809 Mbps     0 retrans
   20.8750 MB /   0.10 sec = 1750.6842 Mbps     0 retrans
   23.1250 MB /   0.10 sec = 1940.4866 Mbps     0 retrans
   22.7500 MB /   0.10 sec = 1908.7328 Mbps     0 retrans
   18.6875 MB /   0.10 sec = 1567.7152 Mbps     0 retrans
   17.0625 MB /   0.10 sec = 1430.9056 Mbps     0 retrans
   18.1875 MB /   0.10 sec = 1525.6628 Mbps     0 retrans
   22.1875 MB /   0.10 sec = 1861.1480 Mbps     0 retrans
   18.3750 MB /   0.10 sec = 1541.5455 Mbps     0 retrans
   18.0625 MB /   0.10 sec = 1512.8776 Mbps     0 retrans
   20.6250 MB /   0.10 sec = 1733.0967 Mbps     0 retrans
   22.6250 MB /   0.10 sec = 1896.0265 Mbps     0 retrans
   21.3125 MB /   0.10 sec = 1785.0552 Mbps     0 retrans
   22.3750 MB /   0.10 sec = 1876.6320 Mbps     0 retrans
   20.6250 MB /   0.10 sec = 1733.0099 Mbps     0 retrans
   19.7500 MB /   0.10 sec = 1656.9821 Mbps     0 retrans
   19.1250 MB /   0.10 sec = 1604.1929 Mbps     0 retrans
   17.5000 MB /   0.10 sec = 1469.2553 Mbps     0 retrans
   18.5625 MB /   0.10 sec = 1557.0264 Mbps     0 retrans
   20.3125 MB /   0.10 sec = 1704.2257 Mbps     0 retrans
   18.9375 MB /   0.10 sec = 1588.5926 Mbps     0 retrans
   21.8750 MB /   0.10 sec = 1832.7354 Mbps     0 retrans
   21.3750 MB /   0.10 sec = 1795.4170 Mbps     0 retrans
   21.2500 MB /   0.10 sec = 1782.4188 Mbps     0 retrans
   20.9375 MB /   0.10 sec = 1755.8380 Mbps     0 retrans
   21.1875 MB /   0.10 sec = 1776.9276 Mbps     0 retrans
   22.0625 MB /   0.10 sec = 1851.6995 Mbps     0 retrans
   22.2500 MB /   0.10 sec = 1866.4280 Mbps     0 retrans
   21.6250 MB /   0.10 sec = 1811.4642 Mbps     0 retrans
   21.3125 MB /   0.10 sec = 1790.1851 Mbps     0 retrans
   20.0625 MB /   0.10 sec = 1682.7625 Mbps     0 retrans
   21.8750 MB /   0.10 sec = 1834.8612 Mbps     0 retrans
   22.0000 MB /   0.10 sec = 1845.7522 Mbps     0 retrans
   21.9375 MB /   0.10 sec = 1839.1106 Mbps     0 retrans
   20.1250 MB /   0.10 sec = 1689.5928 Mbps     0 retrans
   19.8125 MB /   0.10 sec = 1661.9597 Mbps     0 retrans
   21.0000 MB /   0.10 sec = 1759.8830 Mbps     0 retrans
   21.4375 MB /   0.10 sec = 1798.8295 Mbps     0 retrans
   22.2500 MB /   0.10 sec = 1867.6980 Mbps     0 retrans
   21.6250 MB /   0.10 sec = 1812.2424 Mbps     0 retrans
   21.3750 MB /   0.10 sec = 1795.0395 Mbps     0 retrans
   21.0625 MB /   0.10 sec = 1766.7622 Mbps     0 retrans
   22.1250 MB /   0.10 sec = 1855.8496 Mbps     0 retrans
   21.1875 MB /   0.10 sec = 1776.9987 Mbps     0 retrans
   21.1875 MB /   0.10 sec = 1777.6385 Mbps     0 retrans
   21.5625 MB /   0.10 sec = 1807.8716 Mbps     0 retrans
   21.1250 MB /   0.10 sec = 1773.1928 Mbps     0 retrans
   20.8125 MB /   0.10 sec = 1745.2159 Mbps     0 retrans
   21.3750 MB /   0.10 sec = 1793.9619 Mbps     0 retrans
   21.7500 MB /   0.10 sec = 1824.0115 Mbps     0 retrans
   21.6250 MB /   0.10 sec = 1814.2179 Mbps     0 retrans
   21.6250 MB /   0.10 sec = 1813.9095 Mbps     0 retrans
   21.2500 MB /   0.10 sec = 1782.4723 Mbps     0 retrans
   22.3125 MB /   0.10 sec = 1871.7456 Mbps     0 retrans
   21.5000 MB /   0.10 sec = 1802.3432 Mbps     0 retrans
   22.0000 MB /   0.10 sec = 1847.1007 Mbps     0 retrans
   17.6250 MB /   0.10 sec = 1478.2556 Mbps     0 retrans
   16.0000 MB /   0.10 sec = 1342.0431 Mbps     0 retrans
   21.1250 MB /   0.10 sec = 1772.5011 Mbps     0 retrans
   18.8750 MB /   0.10 sec = 1583.0332 Mbps     0 retrans
   19.3750 MB /   0.10 sec = 1625.5366 Mbps     0 retrans
   20.3750 MB /   0.10 sec = 1709.1447 Mbps     0 retrans
   20.5000 MB /   0.10 sec = 1719.7334 Mbps     0 retrans
   20.2500 MB /   0.10 sec = 1698.6252 Mbps     0 retrans
   14.6250 MB /   0.10 sec = 1226.8339 Mbps     0 retrans
   18.1250 MB /   0.10 sec = 1520.1920 Mbps     0 retrans
   18.3125 MB /   0.10 sec = 1536.6556 Mbps     0 retrans
   17.8750 MB /   0.10 sec = 1432.2619 Mbps     0 retrans
   17.5625 MB /   0.10 sec = 1545.3556 Mbps     0 retrans
   18.3125 MB /   0.10 sec = 1536.0717 Mbps     0 retrans
    9.5625 MB /   0.10 sec =  802.2168 Mbps     0 retrans
   23.7500 MB /   0.10 sec = 1992.1549 Mbps     0 retrans
   13.3750 MB /   0.10 sec = 1122.0324 Mbps     0 retrans
   14.9375 MB /   0.10 sec = 1252.6475 Mbps     0 retrans
   17.1250 MB /   0.10 sec = 1437.0952 Mbps     0 retrans
   14.2500 MB /   0.10 sec = 1195.5799 Mbps     0 retrans
   15.1250 MB /   0.10 sec = 1268.7008 Mbps     0 retrans
   17.0000 MB /   0.10 sec = 1425.3364 Mbps     0 retrans
   17.8750 MB /   0.10 sec = 1500.1237 Mbps     0 retrans
   15.8750 MB /   0.10 sec = 1331.7981 Mbps     0 retrans
   15.6875 MB /   0.10 sec = 1315.9497 Mbps     0 retrans
   18.1250 MB /   0.10 sec = 1520.4504 Mbps     0 retrans
   14.3750 MB /   0.10 sec = 1205.7298 Mbps     0 retrans
   16.5625 MB /   0.10 sec = 1389.6133 Mbps     0 retrans
   18.1250 MB /   0.10 sec = 1520.1464 Mbps     0 retrans
   17.2500 MB /   0.10 sec = 1445.3438 Mbps     0 retrans
   15.1875 MB /   0.10 sec = 1275.5250 Mbps     0 retrans
   18.4375 MB /   0.10 sec = 1546.8352 Mbps     0 retrans
   15.9375 MB /   0.10 sec = 1336.8141 Mbps     0 retrans
   18.5000 MB /   0.10 sec = 1551.5511 Mbps     0 retrans
   18.6875 MB /   0.10 sec = 1567.7309 Mbps     0 retrans
   15.5625 MB /   0.10 sec = 1305.4641 Mbps     0 retrans
   18.3750 MB /   0.10 sec = 1541.8230 Mbps     0 retrans
   18.1875 MB /   0.10 sec = 1525.6476 Mbps     0 retrans
   14.2500 MB /   0.10 sec = 1194.9704 Mbps     0 retrans
   17.5000 MB /   0.10 sec = 1468.2707 Mbps     0 retrans
   17.9375 MB /   0.10 sec = 1504.3154 Mbps     0 retrans
   18.5625 MB /   0.11 sec = 1452.3213 Mbps     0 retrans
   17.3125 MB /   0.09 sec = 1565.6462 Mbps     0 retrans
   16.7500 MB /   0.10 sec = 1404.3054 Mbps     0 retrans
   18.3750 MB /   0.10 sec = 1542.4865 Mbps     0 retrans
   18.6875 MB /   0.10 sec = 1567.8249 Mbps     0 retrans
   17.4375 MB /   0.10 sec = 1462.1056 Mbps     0 retrans
   19.9375 MB /   0.10 sec = 1672.2112 Mbps     0 retrans
   21.0000 MB /   0.10 sec = 1761.7486 Mbps     0 retrans
   19.1250 MB /   0.10 sec = 1604.7064 Mbps     0 retrans
   16.3125 MB /   0.10 sec = 1368.4464 Mbps     0 retrans
   17.0000 MB /   0.10 sec = 1425.6357 Mbps     0 retrans
   18.8125 MB /   0.10 sec = 1578.1069 Mbps     0 retrans
   16.8750 MB /   0.10 sec = 1415.8749 Mbps     0 retrans
   19.6875 MB /   0.10 sec = 1631.0699 Mbps     0 retrans
   17.7500 MB /   0.10 sec = 1505.4780 Mbps     0 retrans
   16.5625 MB /   0.10 sec = 1390.7957 Mbps     0 retrans
   18.8750 MB /   0.10 sec = 1584.4589 Mbps     0 retrans
   14.9375 MB /   0.10 sec = 1253.0107 Mbps     0 retrans
   19.5000 MB /   0.10 sec = 1636.0567 Mbps     0 retrans
   18.3750 MB /   0.10 sec = 1540.7596 Mbps     0 retrans
   18.6875 MB /   0.10 sec = 1567.9504 Mbps     0 retrans
   14.8750 MB /   0.10 sec = 1247.5310 Mbps     0 retrans
   19.3125 MB /   0.10 sec = 1620.5523 Mbps     0 retrans
   18.1875 MB /   0.10 sec = 1525.4798 Mbps     0 retrans
   19.9375 MB /   0.10 sec = 1672.7966 Mbps     0 retrans
   15.4375 MB /   0.10 sec = 1294.9525 Mbps     0 retrans
   17.6250 MB /   0.10 sec = 1478.1817 Mbps     0 retrans
   19.0000 MB /   0.10 sec = 1594.2500 Mbps     0 retrans
   19.5000 MB /   0.10 sec = 1635.3861 Mbps     0 retrans
   19.8125 MB /   0.10 sec = 1662.0096 Mbps     0 retrans
   20.0625 MB /   0.10 sec = 1683.2170 Mbps     0 retrans
   18.8125 MB /   0.10 sec = 1577.8071 Mbps     0 retrans
   18.1250 MB /   0.10 sec = 1520.6633 Mbps     0 retrans
   19.6875 MB /   0.10 sec = 1651.6393 Mbps     0 retrans
   20.1875 MB /   0.10 sec = 1693.3994 Mbps     0 retrans
   17.6875 MB /   0.10 sec = 1483.7350 Mbps     0 retrans
   18.1875 MB /   0.10 sec = 1524.8547 Mbps     0 retrans
   18.9375 MB /   0.10 sec = 1588.9740 Mbps     0 retrans
   18.6875 MB /   0.10 sec = 1566.9003 Mbps     0 retrans
   17.0625 MB /   0.10 sec = 1431.9506 Mbps     0 retrans
   18.8750 MB /   0.10 sec = 1548.0239 Mbps     0 retrans
   20.5625 MB /   0.10 sec = 1757.3124 Mbps     0 retrans
   19.5625 MB /   0.10 sec = 1648.9695 Mbps     0 retrans
   18.0625 MB /   0.10 sec = 1514.3897 Mbps     0 retrans
   16.7500 MB /   0.10 sec = 1405.0216 Mbps     0 retrans
   19.1250 MB /   0.10 sec = 1605.0757 Mbps     0 retrans
   20.5625 MB /   0.10 sec = 1725.0110 Mbps     0 retrans
   18.5625 MB /   0.10 sec = 1557.1198 Mbps     0 retrans
   18.5625 MB /   0.10 sec = 1557.0575 Mbps     0 retrans
   18.6875 MB /   0.10 sec = 1567.7779 Mbps     0 retrans
   17.5625 MB /   0.10 sec = 1472.9694 Mbps     0 retrans
   16.0000 MB /   0.10 sec = 1342.4726 Mbps     0 retrans
   19.6875 MB /   0.10 sec = 1651.2265 Mbps     0 retrans
   17.6250 MB /   0.10 sec = 1478.4774 Mbps     0 retrans
   17.2500 MB /   0.10 sec = 1446.4997 Mbps     0 retrans
   18.1250 MB /   0.10 sec = 1521.0893 Mbps     0 retrans
   19.3750 MB /   0.10 sec = 1625.4066 Mbps     0 retrans
   20.4375 MB /   0.10 sec = 1714.4046 Mbps     0 retrans
   18.3750 MB /   0.10 sec = 1541.1139 Mbps     0 retrans
   18.2500 MB /   0.10 sec = 1531.3191 Mbps     0 retrans
   19.3125 MB /   0.10 sec = 1619.4345 Mbps     0 retrans
   18.3750 MB /   0.10 sec = 1539.8976 Mbps     0 retrans
   18.5000 MB /   0.10 sec = 1553.6170 Mbps     0 retrans
   17.9375 MB /   0.10 sec = 1504.6012 Mbps     0 retrans
   18.3125 MB /   0.10 sec = 1536.2714 Mbps     0 retrans
   17.6875 MB /   0.10 sec = 1483.5422 Mbps     0 retrans
   18.6875 MB /   0.10 sec = 1567.7622 Mbps     0 retrans
   20.0625 MB /   0.10 sec = 1682.6111 Mbps     0 retrans
   21.0000 MB /   0.10 sec = 1761.2378 Mbps     0 retrans
   20.4375 MB /   0.10 sec = 1715.3995 Mbps     0 retrans
   18.5000 MB /   0.10 sec = 1548.9031 Mbps     0 retrans
   20.4375 MB /   0.10 sec = 1712.3669 Mbps     0 retrans
   17.5000 MB /   0.10 sec = 1472.4680 Mbps     0 retrans
   20.0625 MB /   0.10 sec = 1683.0150 Mbps     0 retrans
   16.7500 MB /   0.10 sec = 1405.0637 Mbps     0 retrans
   18.2500 MB /   0.10 sec = 1530.6148 Mbps     0 retrans
   17.5000 MB /   0.10 sec = 1468.2707 Mbps     0 retrans
   17.8125 MB /   0.10 sec = 1494.1610 Mbps     0 retrans
   20.6250 MB /   0.10 sec = 1730.2369 Mbps     0 retrans
   19.0000 MB /   0.10 sec = 1593.8833 Mbps     0 retrans
   20.1875 MB /   0.10 sec = 1693.0101 Mbps     0 retrans
   17.6250 MB /   0.10 sec = 1478.9063 Mbps     0 retrans
   20.2500 MB /   0.10 sec = 1698.5403 Mbps     0 retrans
   17.3750 MB /   0.10 sec = 1457.3312 Mbps     0 retrans
   17.2500 MB /   0.10 sec = 1447.4402 Mbps     0 retrans
   16.9375 MB /   0.10 sec = 1420.6642 Mbps     0 retrans
   18.5625 MB /   0.10 sec = 1557.1665 Mbps     0 retrans
   20.0000 MB /   0.10 sec = 1677.7552 Mbps     0 retrans
   19.4375 MB /   0.10 sec = 1630.5357 Mbps     0 retrans
   20.5625 MB /   0.10 sec = 1725.0628 Mbps     0 retrans
   15.5625 MB /   0.10 sec = 1305.1769 Mbps     0 retrans
   19.9375 MB /   0.10 sec = 1672.7296 Mbps     0 retrans
   17.4375 MB /   0.10 sec = 1462.1494 Mbps     0 retrans
   19.5625 MB /   0.10 sec = 1640.8574 Mbps     0 retrans
   18.7500 MB /   0.10 sec = 1573.7768 Mbps     0 retrans
   16.1250 MB /   0.10 sec = 1352.6089 Mbps     0 retrans
   21.0625 MB /   0.10 sec = 1766.2147 Mbps     0 retrans
   20.1250 MB /   0.10 sec = 1688.4775 Mbps     0 retrans
   20.3125 MB /   0.10 sec = 1703.9701 Mbps     0 retrans
   20.1875 MB /   0.10 sec = 1693.6704 Mbps     0 retrans
   18.5625 MB /   0.10 sec = 1556.8863 Mbps     0 retrans
nuttcp-r: 5301.8114 MB in 30.20 real seconds = 179782.28 KB/sec = 1472.7764 Mbps
nuttcp-r: 100915 I/O calls, msec/call = 0.31, calls/sec = 3341.78
nuttcp-r: 0.0user 1.6sys 0:30real 5% 0i+0d 1276maxrss 0+1pf 16017+470csw

nuttcp-t: Warning: send window size 25000000 < requested window size 26214400
nuttcp-t: v6.1.2: socket
nuttcp-t: buflen=65536, nstream=1, port=5003 tcp -> 107.127.10.66
nuttcp-t: time limit = 30.00 seconds
nuttcp-t: accept from 107.127.10.66 with mss=1378
nuttcp-t: send window size = 50000000, receive window size = 25000000
nuttcp-t: available send window = 25000000, available receive window = 12500000
nuttcp-t: 5301.8114 MB in 30.00 real seconds = 180968.07 KB/sec = 1482.4905 Mbps
nuttcp-t: retrans = 0
nuttcp-t: 84829 I/O calls, msec/call = 0.36, calls/sec = 2827.63
nuttcp-t: 0.0user 2.8sys 0:30real 9% 0i+0d 100maxrss 0+0pf 298+34csw
