1660508993983
nuttcp-t: v8.1.4: socket
nuttcp-t: buflen=65536, nstream=1, port=5003 tcp -> 3.19.94.93
nuttcp-t: time limit = 30.00 seconds
nuttcp-t: connect to 3.19.94.93 with mss=1358, RTT=28.175 ms af=inet
nuttcp-t: send window size = 33554432, receive window size = 6291456
nuttcp-t: available send window = 25165824, available receive window = 4718592
nuttcp-t: initial congestion window = 13 KB (10 packets)
nuttcp-r: Warning: receive window size 25000000 < requested window size 26214400
nuttcp-r: v6.1.2: socket
nuttcp-r: buflen=65536, nstream=1, port=5003 tcp
nuttcp-r: interval reporting every 0.10 seconds
nuttcp-r: accept from 107.127.10.66
nuttcp-r: send window size = 25000000, receive window size = 50000000
nuttcp-r: available send window = 12500000, available receive window = 25000000
    0.1250 MB /   0.10 sec =   10.4841 Mbps     0 retrans   2706 KB-cwnd
    0.4375 MB /   0.10 sec =   36.6859 Mbps     0 retrans   2706 KB-cwnd
    0.7500 MB /   0.10 sec =   62.9278 Mbps     0 retrans   2706 KB-cwnd
    0.6250 MB /   0.10 sec =   52.4309 Mbps     0 retrans   2706 KB-cwnd
    0.6250 MB /   0.10 sec =   52.4377 Mbps     0 retrans   2706 KB-cwnd
    0.6250 MB /   0.10 sec =   52.4209 Mbps     0 retrans   2706 KB-cwnd
    0.8125 MB /   0.10 sec =   68.1677 Mbps     0 retrans   2706 KB-cwnd
    0.6875 MB /   0.10 sec =   57.6682 Mbps     0 retrans   2706 KB-cwnd
    0.6875 MB /   0.10 sec =   57.6757 Mbps     0 retrans   2706 KB-cwnd
    0.6875 MB /   0.10 sec =   57.6682 Mbps     0 retrans   2706 KB-cwnd
    0.6875 MB /   0.10 sec =   57.6411 Mbps     0 retrans   2706 KB-cwnd
    0.7500 MB /   0.10 sec =   62.8888 Mbps     0 retrans   2706 KB-cwnd
    0.6875 MB /   0.10 sec =   57.7167 Mbps     0 retrans   2706 KB-cwnd
    0.6875 MB /   0.10 sec =   56.7194 Mbps     0 retrans   2706 KB-cwnd
    0.7500 MB /   0.10 sec =   64.0033 Mbps     0 retrans   2706 KB-cwnd
    0.8750 MB /   0.10 sec =   73.4011 Mbps     0 retrans   2706 KB-cwnd
    0.7500 MB /   0.10 sec =   62.9139 Mbps     0 retrans   2706 KB-cwnd
    0.6250 MB /   0.10 sec =   52.2215 Mbps     0 retrans   2706 KB-cwnd
    0.6250 MB /   0.10 sec =   52.4902 Mbps     0 retrans   2706 KB-cwnd
    0.6875 MB /   0.10 sec =   57.8284 Mbps     0 retrans   2706 KB-cwnd
    0.6875 MB /   0.10 sec =   57.6740 Mbps     0 retrans   2706 KB-cwnd
    0.6875 MB /   0.10 sec =   57.6740 Mbps     0 retrans   2706 KB-cwnd
    0.6250 MB /   0.10 sec =   52.4246 Mbps     0 retrans   2706 KB-cwnd
    0.6875 MB /   0.10 sec =   57.6774 Mbps     0 retrans   2706 KB-cwnd
    0.6875 MB /   0.10 sec =   57.6625 Mbps     0 retrans   2706 KB-cwnd
    0.6875 MB /   0.10 sec =   57.6792 Mbps     0 retrans   2706 KB-cwnd
    0.7500 MB /   0.10 sec =   62.9158 Mbps     0 retrans   2706 KB-cwnd
    0.6250 MB /   0.10 sec =   52.4288 Mbps     0 retrans   2706 KB-cwnd
    0.8125 MB /   0.10 sec =   68.1574 Mbps     0 retrans   2706 KB-cwnd
    0.7500 MB /   0.10 sec =   62.9127 Mbps     0 retrans   2706 KB-cwnd
    0.7500 MB /   0.10 sec =   62.9158 Mbps     0 retrans   2706 KB-cwnd
    0.7500 MB /   0.10 sec =   62.9083 Mbps     0 retrans   2706 KB-cwnd
    0.7500 MB /   0.10 sec =   62.9127 Mbps     0 retrans   2706 KB-cwnd
    0.7500 MB /   0.10 sec =   62.9259 Mbps     0 retrans   2706 KB-cwnd
    0.6250 MB /   0.10 sec =   52.4173 Mbps     0 retrans   2706 KB-cwnd
    0.7500 MB /   0.10 sec =   62.9271 Mbps     0 retrans   2706 KB-cwnd
    0.6250 MB /   0.10 sec =   52.3607 Mbps     0 retrans   2706 KB-cwnd
    0.7500 MB /   0.10 sec =   62.9971 Mbps     0 retrans   2706 KB-cwnd
    0.6875 MB /   0.10 sec =   57.6699 Mbps     0 retrans   2706 KB-cwnd
    0.6250 MB /   0.10 sec =   52.3581 Mbps     0 retrans   2706 KB-cwnd
    0.7500 MB /   0.10 sec =   62.9990 Mbps     0 retrans   2706 KB-cwnd
    0.6250 MB /   0.10 sec =   52.3628 Mbps     0 retrans   2706 KB-cwnd
    0.6875 MB /   0.10 sec =   57.7392 Mbps     0 retrans   2706 KB-cwnd
    0.8125 MB /   0.10 sec =   68.0873 Mbps     0 retrans   2706 KB-cwnd
    0.6875 MB /   0.10 sec =   57.7381 Mbps     0 retrans   2706 KB-cwnd
    0.6875 MB /   0.10 sec =   57.6550 Mbps     0 retrans   2706 KB-cwnd
    0.6875 MB /   0.10 sec =   57.6089 Mbps     0 retrans   2706 KB-cwnd
    0.7500 MB /   0.10 sec =   62.9171 Mbps     0 retrans   2706 KB-cwnd
    0.6875 MB /   0.10 sec =   57.6054 Mbps     0 retrans   2706 KB-cwnd
    0.8125 MB /   0.10 sec =   68.3283 Mbps     0 retrans   2706 KB-cwnd
    0.6875 MB /   0.10 sec =   57.6026 Mbps     0 retrans   2706 KB-cwnd
    0.8125 MB /   0.10 sec =   68.2263 Mbps     0 retrans   2706 KB-cwnd
    0.6875 MB /   0.10 sec =   57.6728 Mbps     0 retrans   2706 KB-cwnd
    0.7500 MB /   0.10 sec =   62.9215 Mbps     0 retrans   2706 KB-cwnd
    0.7500 MB /   0.10 sec =   62.9001 Mbps     0 retrans   2706 KB-cwnd
    0.7500 MB /   0.10 sec =   62.9202 Mbps     0 retrans   2706 KB-cwnd
    0.7500 MB /   0.10 sec =   62.8115 Mbps     0 retrans   2706 KB-cwnd
    0.7500 MB /   0.10 sec =   63.0299 Mbps     0 retrans   2706 KB-cwnd
    0.7500 MB /   0.10 sec =   62.9164 Mbps     0 retrans   2706 KB-cwnd
    0.6875 MB /   0.10 sec =   57.6665 Mbps     0 retrans   2706 KB-cwnd
    0.7500 MB /   0.10 sec =   62.9183 Mbps     0 retrans   2706 KB-cwnd
    0.7500 MB /   0.10 sec =   62.9139 Mbps     0 retrans   2706 KB-cwnd
    0.8125 MB /   0.10 sec =   68.1356 Mbps     0 retrans   2706 KB-cwnd
    0.6875 MB /   0.10 sec =   57.6861 Mbps     0 retrans   2706 KB-cwnd
    0.8125 MB /   0.10 sec =   68.1588 Mbps     0 retrans   2706 KB-cwnd
    0.7500 MB /   0.10 sec =   62.9014 Mbps     0 retrans   2706 KB-cwnd
    0.7500 MB /   0.10 sec =   62.9322 Mbps     0 retrans   2706 KB-cwnd
    0.7500 MB /   0.10 sec =   62.9045 Mbps     0 retrans   2706 KB-cwnd
    0.7500 MB /   0.10 sec =   62.9234 Mbps     0 retrans   2706 KB-cwnd
    0.6875 MB /   0.10 sec =   57.6711 Mbps     0 retrans   2706 KB-cwnd
    0.7500 MB /   0.10 sec =   62.9051 Mbps     0 retrans   2706 KB-cwnd
    0.7500 MB /   0.10 sec =   62.9133 Mbps     0 retrans   2706 KB-cwnd
    0.7500 MB /   0.10 sec =   62.8341 Mbps     0 retrans   2706 KB-cwnd
    0.6875 MB /   0.10 sec =   57.7537 Mbps     0 retrans   2706 KB-cwnd
    0.6875 MB /   0.10 sec =   57.6688 Mbps     0 retrans   2706 KB-cwnd
    0.7500 MB /   0.10 sec =   62.9158 Mbps     0 retrans   2706 KB-cwnd
    0.6875 MB /   0.10 sec =   57.6723 Mbps     0 retrans   2706 KB-cwnd
    0.7500 MB /   0.10 sec =   62.9058 Mbps     0 retrans   2706 KB-cwnd
    0.7500 MB /   0.10 sec =   62.9246 Mbps     0 retrans   2706 KB-cwnd
    0.7500 MB /   0.10 sec =   62.9183 Mbps     0 retrans   2706 KB-cwnd
    0.6250 MB /   0.10 sec =   52.4241 Mbps     0 retrans   2706 KB-cwnd
    0.6875 MB /   0.10 sec =   57.6751 Mbps     0 retrans   2706 KB-cwnd
    0.7500 MB /   0.10 sec =   62.9146 Mbps     0 retrans   2706 KB-cwnd
    0.7500 MB /   0.10 sec =   62.9171 Mbps     0 retrans   2706 KB-cwnd
    0.7500 MB /   0.10 sec =   62.9108 Mbps     0 retrans   2706 KB-cwnd
    0.7500 MB /   0.10 sec =   62.9089 Mbps     0 retrans   2706 KB-cwnd
    0.7500 MB /   0.10 sec =   62.9164 Mbps     0 retrans   2706 KB-cwnd
    0.7500 MB /   0.10 sec =   62.9089 Mbps     0 retrans   2706 KB-cwnd
    0.7500 MB /   0.10 sec =   62.9227 Mbps     0 retrans   2706 KB-cwnd
    0.6875 MB /   0.10 sec =   57.6653 Mbps     0 retrans   2706 KB-cwnd
    0.7500 MB /   0.10 sec =   62.9227 Mbps     0 retrans   2706 KB-cwnd
    0.6875 MB /   0.10 sec =   57.6705 Mbps     0 retrans   2706 KB-cwnd
    0.6875 MB /   0.10 sec =   57.6682 Mbps     0 retrans   2706 KB-cwnd
    0.6875 MB /   0.10 sec =   57.6653 Mbps     0 retrans   2706 KB-cwnd
    0.6875 MB /   0.10 sec =   57.6786 Mbps     0 retrans   2706 KB-cwnd
    0.7500 MB /   0.10 sec =   62.9196 Mbps     0 retrans   2706 KB-cwnd
    0.6875 MB /   0.10 sec =   57.6371 Mbps     0 retrans   2706 KB-cwnd
    0.7500 MB /   0.10 sec =   62.9089 Mbps     0 retrans   2706 KB-cwnd
    0.6875 MB /   0.10 sec =   57.7132 Mbps     0 retrans   2706 KB-cwnd
    0.6875 MB /   0.10 sec =   57.5577 Mbps     0 retrans   2706 KB-cwnd
    0.6875 MB /   0.10 sec =   57.7739 Mbps     0 retrans   2706 KB-cwnd
    0.7500 MB /   0.10 sec =   62.9171 Mbps     0 retrans   2706 KB-cwnd
    0.6875 MB /   0.10 sec =   57.6780 Mbps     0 retrans   2706 KB-cwnd
    0.6875 MB /   0.10 sec =   57.6740 Mbps     0 retrans   2706 KB-cwnd
    0.7500 MB /   0.10 sec =   62.8115 Mbps     0 retrans   2706 KB-cwnd
    0.7500 MB /   0.10 sec =   63.0198 Mbps     0 retrans   2706 KB-cwnd
    0.6875 MB /   0.10 sec =   57.6567 Mbps     0 retrans   2706 KB-cwnd
    0.7500 MB /   0.10 sec =   62.9290 Mbps     0 retrans   2706 KB-cwnd
    0.6875 MB /   0.10 sec =   57.6717 Mbps     0 retrans   2706 KB-cwnd
    0.6875 MB /   0.10 sec =   57.6740 Mbps     0 retrans   2706 KB-cwnd
    0.6250 MB /   0.10 sec =   52.4236 Mbps     0 retrans   2706 KB-cwnd
    0.6875 MB /   0.10 sec =   57.6717 Mbps     0 retrans   2706 KB-cwnd
    0.6250 MB /   0.10 sec =   52.4152 Mbps     0 retrans   2706 KB-cwnd
    0.7500 MB /   0.10 sec =   62.9309 Mbps     0 retrans   2706 KB-cwnd
    0.5625 MB /   0.10 sec =   47.1854 Mbps     0 retrans   2706 KB-cwnd
    0.8125 MB /   0.10 sec =   68.1615 Mbps     0 retrans   2706 KB-cwnd
    0.6875 MB /   0.10 sec =   57.6630 Mbps     0 retrans   2706 KB-cwnd
    0.6875 MB /   0.10 sec =   57.6815 Mbps     0 retrans   2706 KB-cwnd
    0.6250 MB /   0.10 sec =   52.4272 Mbps     0 retrans   2706 KB-cwnd
    0.6250 MB /   0.10 sec =   52.4257 Mbps     0 retrans   2706 KB-cwnd
    0.6875 MB /   0.10 sec =   57.6694 Mbps     0 retrans   2706 KB-cwnd
    0.6250 MB /   0.10 sec =   52.4325 Mbps     0 retrans   2706 KB-cwnd
    0.6875 MB /   0.10 sec =   57.6757 Mbps     0 retrans   2706 KB-cwnd
    0.6250 MB /   0.10 sec =   51.9364 Mbps     0 retrans   2706 KB-cwnd
    0.6875 MB /   0.10 sec =   58.2219 Mbps     0 retrans   2706 KB-cwnd
    0.6875 MB /   0.10 sec =   57.6723 Mbps     0 retrans   2706 KB-cwnd
    0.6875 MB /   0.10 sec =   57.6607 Mbps     0 retrans   2706 KB-cwnd
    0.7500 MB /   0.10 sec =   62.9265 Mbps     0 retrans   2706 KB-cwnd
    0.7500 MB /   0.10 sec =   62.9146 Mbps     0 retrans   2706 KB-cwnd
    0.6875 MB /   0.10 sec =   57.6659 Mbps     0 retrans   2706 KB-cwnd
    0.6875 MB /   0.10 sec =   57.6786 Mbps     0 retrans   2706 KB-cwnd
    0.6250 MB /   0.10 sec =   52.4241 Mbps     0 retrans   2706 KB-cwnd
    0.7500 MB /   0.10 sec =   62.9183 Mbps     0 retrans   2706 KB-cwnd
    0.6875 MB /   0.10 sec =   57.6711 Mbps     0 retrans   2706 KB-cwnd
    0.8125 MB /   0.10 sec =   68.1268 Mbps     0 retrans   2706 KB-cwnd
    0.6875 MB /   0.10 sec =   57.6982 Mbps     0 retrans   2706 KB-cwnd
    0.6875 MB /   0.10 sec =   57.6734 Mbps     0 retrans   2706 KB-cwnd
    0.6875 MB /   0.10 sec =   57.6682 Mbps     0 retrans   2706 KB-cwnd
    0.7500 MB /   0.10 sec =   62.9183 Mbps     0 retrans   2706 KB-cwnd
    0.6875 MB /   0.10 sec =   57.6285 Mbps     0 retrans   2706 KB-cwnd
    0.7500 MB /   0.10 sec =   62.9630 Mbps     0 retrans   2706 KB-cwnd
    0.6875 MB /   0.10 sec =   57.6601 Mbps     0 retrans   2706 KB-cwnd
    0.7500 MB /   0.10 sec =   62.9253 Mbps     0 retrans   2706 KB-cwnd
    0.6875 MB /   0.10 sec =   57.6705 Mbps     0 retrans   2706 KB-cwnd
    0.6875 MB /   0.10 sec =   57.6515 Mbps     0 retrans   2706 KB-cwnd
    0.6875 MB /   0.10 sec =   57.6878 Mbps     0 retrans   2706 KB-cwnd
    0.7500 MB /   0.10 sec =   62.9196 Mbps     0 retrans   2706 KB-cwnd
    0.7500 MB /   0.10 sec =   62.9152 Mbps     0 retrans   2706 KB-cwnd
    0.7500 MB /   0.10 sec =   62.9114 Mbps     0 retrans   2706 KB-cwnd
    0.7500 MB /   0.10 sec =   62.9164 Mbps     0 retrans   2706 KB-cwnd
    0.6875 MB /   0.10 sec =   57.6682 Mbps     0 retrans   2706 KB-cwnd
    0.8125 MB /   0.10 sec =   68.1602 Mbps     0 retrans   2706 KB-cwnd
    0.7500 MB /   0.10 sec =   62.9171 Mbps     0 retrans   2706 KB-cwnd
    0.7500 MB /   0.10 sec =   62.9001 Mbps     0 retrans   2706 KB-cwnd
    0.7500 MB /   0.10 sec =   62.8392 Mbps     0 retrans   2706 KB-cwnd
    0.7500 MB /   0.10 sec =   63.0053 Mbps     0 retrans   2706 KB-cwnd
    0.7500 MB /   0.10 sec =   62.9139 Mbps     0 retrans   2706 KB-cwnd
    0.7500 MB /   0.10 sec =   62.9089 Mbps     0 retrans   2706 KB-cwnd
    0.7500 MB /   0.10 sec =   62.9190 Mbps     0 retrans   2706 KB-cwnd
    0.7500 MB /   0.10 sec =   62.9152 Mbps     0 retrans   2706 KB-cwnd
    0.8125 MB /   0.10 sec =   68.1554 Mbps     0 retrans   2706 KB-cwnd
    0.6875 MB /   0.10 sec =   57.6728 Mbps     0 retrans   2706 KB-cwnd
    0.8750 MB /   0.10 sec =   73.3937 Mbps     0 retrans   2706 KB-cwnd
    0.7500 MB /   0.10 sec =   62.8442 Mbps     0 retrans   2706 KB-cwnd
    0.7500 MB /   0.10 sec =   62.9769 Mbps     0 retrans   2706 KB-cwnd
    0.7500 MB /   0.10 sec =   62.9284 Mbps     0 retrans   2706 KB-cwnd
    0.7500 MB /   0.10 sec =   62.9158 Mbps     0 retrans   2706 KB-cwnd
    0.6875 MB /   0.10 sec =   57.6625 Mbps     0 retrans   2706 KB-cwnd
    0.7500 MB /   0.10 sec =   62.9158 Mbps     0 retrans   2706 KB-cwnd
    0.7500 MB /   0.10 sec =   62.9114 Mbps     0 retrans   2706 KB-cwnd
    0.7500 MB /   0.10 sec =   62.9259 Mbps     0 retrans   2706 KB-cwnd
    0.6875 MB /   0.10 sec =   57.6711 Mbps     0 retrans   2706 KB-cwnd
    0.8750 MB /   0.10 sec =   72.9988 Mbps     0 retrans   2706 KB-cwnd
    0.8125 MB /   0.10 sec =   68.5351 Mbps     0 retrans   2706 KB-cwnd
    0.8125 MB /   0.10 sec =   68.1581 Mbps     0 retrans   2706 KB-cwnd
    0.7500 MB /   0.10 sec =   62.9139 Mbps     0 retrans   2706 KB-cwnd
    0.8125 MB /   0.10 sec =   68.1418 Mbps     0 retrans   2706 KB-cwnd
    0.8750 MB /   0.10 sec =   73.4040 Mbps     0 retrans   2706 KB-cwnd
    0.8125 MB /   0.10 sec =   68.1697 Mbps     0 retrans   2706 KB-cwnd
    0.6875 MB /   0.10 sec =   57.6665 Mbps     0 retrans   2706 KB-cwnd
    0.8125 MB /   0.10 sec =   68.1643 Mbps     0 retrans   2706 KB-cwnd
    0.7500 MB /   0.10 sec =   62.9070 Mbps     0 retrans   2706 KB-cwnd
    0.8125 MB /   0.10 sec =   68.1656 Mbps     0 retrans   2706 KB-cwnd
    0.8125 MB /   0.10 sec =   68.1574 Mbps     0 retrans   2706 KB-cwnd
    0.7500 MB /   0.10 sec =   62.8944 Mbps     0 retrans   2706 KB-cwnd
    0.8125 MB /   0.10 sec =   68.1799 Mbps     0 retrans   2706 KB-cwnd
    0.7500 MB /   0.10 sec =   62.9127 Mbps     0 retrans   2706 KB-cwnd
    0.8750 MB /   0.10 sec =   73.3842 Mbps     0 retrans   2706 KB-cwnd
    0.8125 MB /   0.10 sec =   68.1704 Mbps     0 retrans   2706 KB-cwnd
    0.8750 MB /   0.10 sec =   73.4018 Mbps     0 retrans   2178 KB-cwnd
    0.7500 MB /   0.10 sec =   62.8881 Mbps     0 retrans   2178 KB-cwnd
    0.8750 MB /   0.10 sec =   73.4260 Mbps     0 retrans   2178 KB-cwnd
    0.8125 MB /   0.10 sec =   68.1459 Mbps     0 retrans   2178 KB-cwnd
    0.8125 MB /   0.10 sec =   68.1752 Mbps     0 retrans   2178 KB-cwnd
    0.8125 MB /   0.10 sec =   68.1561 Mbps     0 retrans   2178 KB-cwnd
    0.8125 MB /   0.10 sec =   68.1520 Mbps     0 retrans   2178 KB-cwnd
    0.0000 MB /   0.10 sec =    0.0000 Mbps     0 retrans   2178 KB-cwnd
    1.6250 MB /   0.10 sec =  136.3190 Mbps     0 retrans   2178 KB-cwnd
    0.8750 MB /   0.10 sec =   73.4113 Mbps     0 retrans   2178 KB-cwnd
    0.6875 MB /   0.10 sec =   57.6532 Mbps     0 retrans   2178 KB-cwnd
    0.8750 MB /   0.10 sec =   73.4260 Mbps     0 retrans   2178 KB-cwnd
    0.7500 MB /   0.10 sec =   62.9058 Mbps     0 retrans   2178 KB-cwnd
    0.8125 MB /   0.10 sec =   68.1615 Mbps     0 retrans   2178 KB-cwnd
    0.6875 MB /   0.10 sec =   57.6746 Mbps     0 retrans   2178 KB-cwnd
    0.6875 MB /   0.10 sec =   57.6659 Mbps     0 retrans   2178 KB-cwnd
    0.7500 MB /   0.10 sec =   62.9171 Mbps     0 retrans   2178 KB-cwnd
    0.7500 MB /   0.10 sec =   62.8995 Mbps     0 retrans   2178 KB-cwnd
    0.7500 MB /   0.10 sec =   62.9334 Mbps     0 retrans   2178 KB-cwnd
    0.7500 MB /   0.10 sec =   62.9158 Mbps     0 retrans   2178 KB-cwnd
    0.6875 MB /   0.10 sec =   57.6648 Mbps     0 retrans   2178 KB-cwnd
    0.6250 MB /   0.10 sec =   52.4162 Mbps     0 retrans   2178 KB-cwnd
    0.5625 MB /   0.10 sec =   47.1977 Mbps     0 retrans   2178 KB-cwnd
    0.7500 MB /   0.10 sec =   62.9196 Mbps     0 retrans   2178 KB-cwnd
    0.7500 MB /   0.10 sec =   62.9089 Mbps     0 retrans   2178 KB-cwnd
    0.7500 MB /   0.10 sec =   62.9196 Mbps     0 retrans   2178 KB-cwnd
    0.7500 MB /   0.10 sec =   62.9089 Mbps     0 retrans   2178 KB-cwnd
    0.8125 MB /   0.10 sec =   68.1561 Mbps     0 retrans   2178 KB-cwnd
    0.7500 MB /   0.10 sec =   62.9108 Mbps     0 retrans   2178 KB-cwnd
    0.8125 MB /   0.10 sec =   68.1718 Mbps     0 retrans   2178 KB-cwnd
    0.7500 MB /   0.10 sec =   62.9146 Mbps     0 retrans   2178 KB-cwnd
    0.8125 MB /   0.10 sec =   68.1581 Mbps     0 retrans   2178 KB-cwnd
    0.6875 MB /   0.10 sec =   57.6688 Mbps     0 retrans   2178 KB-cwnd
    0.8125 MB /   0.10 sec =   68.1486 Mbps     0 retrans   2178 KB-cwnd
    0.8125 MB /   0.10 sec =   68.1677 Mbps     0 retrans   2178 KB-cwnd
    0.8750 MB /   0.10 sec =   73.4011 Mbps     0 retrans   2178 KB-cwnd
    0.7500 MB /   0.10 sec =   62.9020 Mbps     0 retrans   2178 KB-cwnd
    0.8750 MB /   0.10 sec =   73.3952 Mbps     0 retrans   2178 KB-cwnd
    0.8125 MB /   0.10 sec =   68.1752 Mbps     0 retrans   2178 KB-cwnd
    0.8125 MB /   0.10 sec =   68.1527 Mbps     0 retrans   2178 KB-cwnd
    0.7500 MB /   0.10 sec =   62.9164 Mbps     0 retrans   2178 KB-cwnd
    0.8125 MB /   0.10 sec =   68.1581 Mbps     0 retrans   2178 KB-cwnd
    0.8125 MB /   0.10 sec =   68.1554 Mbps     0 retrans   2178 KB-cwnd
    0.7500 MB /   0.10 sec =   62.8191 Mbps     0 retrans   2178 KB-cwnd
    0.8125 MB /   0.10 sec =   68.1193 Mbps     0 retrans   2178 KB-cwnd
    0.5625 MB /   0.10 sec =   47.2857 Mbps     0 retrans   2178 KB-cwnd
    0.5625 MB /   0.10 sec =   47.1803 Mbps     0 retrans   2178 KB-cwnd
    0.6250 MB /   0.10 sec =   52.4304 Mbps     0 retrans   2178 KB-cwnd
    0.6875 MB /   0.10 sec =   57.6803 Mbps     0 retrans   2178 KB-cwnd
    0.5625 MB /   0.10 sec =   47.1854 Mbps     0 retrans   2178 KB-cwnd
    0.6250 MB /   0.10 sec =   52.4257 Mbps     0 retrans   2178 KB-cwnd
    0.6875 MB /   0.10 sec =   57.6740 Mbps     0 retrans   2178 KB-cwnd
    0.6250 MB /   0.10 sec =   52.4272 Mbps     0 retrans   2178 KB-cwnd
    0.6875 MB /   0.10 sec =   57.6728 Mbps     0 retrans   2178 KB-cwnd
    0.6250 MB /   0.10 sec =   52.4251 Mbps     0 retrans   2178 KB-cwnd
    0.6250 MB /   0.10 sec =   52.4314 Mbps     0 retrans   2178 KB-cwnd
    0.7500 MB /   0.10 sec =   62.9146 Mbps     0 retrans   2178 KB-cwnd
    0.7500 MB /   0.10 sec =   62.9171 Mbps     0 retrans   2178 KB-cwnd
    0.6875 MB /   0.10 sec =   57.6694 Mbps     0 retrans   2178 KB-cwnd
    0.6250 MB /   0.10 sec =   52.4278 Mbps     0 retrans   2178 KB-cwnd
    0.6875 MB /   0.10 sec =   57.6746 Mbps     0 retrans   2178 KB-cwnd
    0.7500 MB /   0.10 sec =   62.9146 Mbps     0 retrans   2178 KB-cwnd
    0.7500 MB /   0.10 sec =   62.9076 Mbps     0 retrans   2178 KB-cwnd
    0.7500 MB /   0.10 sec =   62.9227 Mbps     0 retrans   2178 KB-cwnd
    0.6875 MB /   0.10 sec =   57.6699 Mbps     0 retrans   2178 KB-cwnd
    0.7500 MB /   0.10 sec =   62.9158 Mbps     0 retrans   2178 KB-cwnd
    0.7500 MB /   0.10 sec =   62.8988 Mbps     0 retrans   2178 KB-cwnd
    0.6875 MB /   0.10 sec =   57.6475 Mbps     0 retrans   2178 KB-cwnd
    0.6250 MB /   0.10 sec =   52.4566 Mbps     0 retrans   2178 KB-cwnd
    0.6250 MB /   0.10 sec =   52.4304 Mbps     0 retrans   2178 KB-cwnd
    0.6250 MB /   0.10 sec =   52.4267 Mbps     0 retrans   2178 KB-cwnd
    0.7500 MB /   0.10 sec =   62.9209 Mbps     0 retrans   2178 KB-cwnd
    0.6875 MB /   0.10 sec =   57.6676 Mbps     0 retrans   2178 KB-cwnd
    0.7500 MB /   0.10 sec =   62.9177 Mbps     0 retrans   2178 KB-cwnd
    0.6875 MB /   0.10 sec =   57.6740 Mbps     0 retrans   2178 KB-cwnd
    0.6875 MB /   0.10 sec =   57.6740 Mbps     0 retrans   2178 KB-cwnd
    0.6875 MB /   0.10 sec =   57.6682 Mbps     0 retrans   2178 KB-cwnd
    0.6875 MB /   0.10 sec =   57.6636 Mbps     0 retrans   2178 KB-cwnd
    0.7500 MB /   0.10 sec =   62.8938 Mbps     0 retrans   2178 KB-cwnd
    0.6250 MB /   0.10 sec =   52.4451 Mbps     0 retrans   2178 KB-cwnd
    0.7500 MB /   0.10 sec =   62.9297 Mbps     0 retrans   2178 KB-cwnd
    0.6875 MB /   0.10 sec =   57.6694 Mbps     0 retrans   2178 KB-cwnd
    0.6875 MB /   0.10 sec =   57.6653 Mbps     0 retrans   2178 KB-cwnd
    0.6875 MB /   0.10 sec =   57.6192 Mbps     0 retrans   2178 KB-cwnd
    0.7500 MB /   0.10 sec =   62.9782 Mbps     0 retrans   2178 KB-cwnd
    0.6875 MB /   0.10 sec =   57.6676 Mbps     0 retrans   2178 KB-cwnd
    0.8125 MB /   0.10 sec =   68.1561 Mbps     0 retrans   2178 KB-cwnd
    0.6875 MB /   0.10 sec =   57.6659 Mbps     0 retrans   2178 KB-cwnd
    0.6875 MB /   0.10 sec =   57.6769 Mbps     0 retrans   2178 KB-cwnd
    0.6875 MB /   0.10 sec =   57.6792 Mbps     0 retrans   2178 KB-cwnd
    0.6875 MB /   0.10 sec =   57.6555 Mbps     0 retrans   2178 KB-cwnd
    0.7500 MB /   0.10 sec =   62.9139 Mbps     0 retrans   2178 KB-cwnd
    0.6875 MB /   0.10 sec =   57.6832 Mbps     0 retrans   2178 KB-cwnd
    0.7500 MB /   0.10 sec =   62.9064 Mbps     0 retrans   2178 KB-cwnd
    0.8125 MB /   0.10 sec =   68.1561 Mbps     0 retrans   2178 KB-cwnd
    0.6875 MB /   0.10 sec =   57.6774 Mbps     0 retrans   2178 KB-cwnd
    0.7500 MB /   0.10 sec =   62.7082 Mbps     0 retrans   2178 KB-cwnd
    0.7500 MB /   0.10 sec =   63.1267 Mbps     0 retrans   2178 KB-cwnd
    0.7500 MB /   0.10 sec =   62.9190 Mbps     0 retrans   2178 KB-cwnd
    0.8750 MB /   0.10 sec =   73.3959 Mbps     0 retrans   2178 KB-cwnd
    0.8125 MB /   0.10 sec =   68.1486 Mbps     0 retrans   2178 KB-cwnd
    0.8125 MB /   0.10 sec =   68.1697 Mbps     0 retrans   2178 KB-cwnd
    0.7500 MB /   0.10 sec =   62.9051 Mbps     0 retrans   2178 KB-cwnd
    0.7500 MB /   0.10 sec =   62.9265 Mbps     0 retrans   2178 KB-cwnd
    0.8125 MB /   0.10 sec =   68.1540 Mbps     0 retrans   2178 KB-cwnd
    0.6875 MB /   0.10 sec =   57.3431 Mbps     0 retrans   2178 KB-cwnd
    0.6875 MB /   0.10 sec =   58.0005 Mbps     0 retrans   2178 KB-cwnd
    0.6875 MB /   0.10 sec =   57.6757 Mbps     0 retrans   2178 KB-cwnd
    0.7500 MB /   0.10 sec =   62.9102 Mbps     0 retrans   2178 KB-cwnd
    0.7500 MB /   0.10 sec =   62.9177 Mbps     0 retrans   2178 KB-cwnd
    0.7500 MB /   0.10 sec =   62.9146 Mbps     0 retrans   2178 KB-cwnd
    0.6875 MB /   0.10 sec =   57.6717 Mbps     0 retrans   2178 KB-cwnd
    0.6875 MB /   0.10 sec =   57.6613 Mbps     0 retrans   2178 KB-cwnd
    0.8125 MB /   0.10 sec =   68.1704 Mbps     0 retrans   2178 KB-cwnd
    0.6875 MB /   0.10 sec =   57.6694 Mbps     0 retrans   2178 KB-cwnd
    0.6875 MB /   0.10 sec =   57.6659 Mbps     0 retrans   2178 KB-cwnd
    0.7500 MB /   0.10 sec =   62.9246 Mbps     0 retrans   2178 KB-cwnd
    0.6875 MB /   0.10 sec =   57.6711 Mbps     0 retrans   2178 KB-cwnd
    0.6250 MB /   0.10 sec =   52.4241 Mbps     0 retrans   2178 KB-cwnd
    0.6875 MB /   0.10 sec =   57.6798 Mbps     0 retrans   2178 KB-cwnd
    0.6875 MB /   0.10 sec =   57.6607 Mbps     0 retrans   2178 KB-cwnd
    0.6250 MB /   0.10 sec =   52.4340 Mbps     0 retrans   2178 KB-cwnd
    0.6875 MB /   0.10 sec =   57.5732 Mbps     0 retrans   2178 KB-cwnd
    0.6875 MB /   0.10 sec =   57.7213 Mbps     0 retrans   2178 KB-cwnd
    0.6875 MB /   0.10 sec =   57.7213 Mbps     0 retrans   2178 KB-cwnd
    0.6875 MB /   0.10 sec =   57.6728 Mbps     0 retrans   2178 KB-cwnd
    0.6875 MB /   0.10 sec =   57.6659 Mbps     0 retrans   2178 KB-cwnd
    0.7500 MB /   0.10 sec =   62.9120 Mbps     0 retrans   2178 KB-cwnd
    0.7500 MB /   0.10 sec =   62.9240 Mbps     0 retrans   2178 KB-cwnd
    0.8125 MB /   0.10 sec =   68.1561 Mbps     0 retrans   2178 KB-cwnd
    0.8125 MB /   0.10 sec =   68.1595 Mbps     0 retrans   2178 KB-cwnd
    0.6875 MB /   0.10 sec =   57.6636 Mbps     0 retrans   2178 KB-cwnd
    0.8125 MB /   0.10 sec =   68.1534 Mbps     0 retrans   2178 KB-cwnd
    0.7500 MB /   0.10 sec =   62.9221 Mbps     0 retrans   2178 KB-cwnd
    0.7500 MB /   0.10 sec =   62.9076 Mbps     0 retrans   2178 KB-cwnd
    0.7500 MB /   0.10 sec =   62.9158 Mbps     0 retrans   2178 KB-cwnd
    0.8750 MB /   0.10 sec =   73.4003 Mbps     0 retrans   2178 KB-cwnd
    0.8750 MB /   0.10 sec =   73.4077 Mbps     0 retrans   2178 KB-cwnd
    0.7500 MB /   0.10 sec =   62.9146 Mbps     0 retrans   2178 KB-cwnd
    0.8125 MB /   0.10 sec =   68.1561 Mbps     0 retrans   2178 KB-cwnd
    0.8125 MB /   0.10 sec =   68.1602 Mbps     0 retrans   2178 KB-cwnd
    0.8125 MB /   0.10 sec =   68.1424 Mbps     0 retrans   2178 KB-cwnd
    0.7500 MB /   0.10 sec =   62.9183 Mbps     0 retrans   2178 KB-cwnd
nuttcp-t: 241.2105 MB in 30.00 real seconds = 8233.29 KB/sec = 67.4471 Mbps
nuttcp-t: retrans = 0 cwnd = 2178 KB
nuttcp-t: 3860 I/O calls, msec/call = 7.96, calls/sec = 128.67
nuttcp-t: 0.0user 0.0sys 0:30real 0% 0i+0d 1232maxrss 0+1pf 21+5csw

nuttcp-r: 241.2105 MB in 33.26 real seconds = 7426.34 KB/sec = 60.8366 Mbps
nuttcp-r: 52764 I/O calls, msec/call = 0.65, calls/sec = 1586.41
nuttcp-r: 0.0user 0.5sys 0:33real 1% 0i+0d 100maxrss 0+15pf 48034+7csw
