1660508881060
nuttcp-t: v8.1.4: socket
nuttcp-t: buflen=65536, nstream=1, port=5003 tcp -> 3.19.94.93
nuttcp-t: time limit = 30.00 seconds
nuttcp-t: connect to 3.19.94.93 with mss=1358, RTT=30.557 ms af=inet
nuttcp-t: send window size = 33554432, receive window size = 4194304
nuttcp-t: available send window = 25165824, available receive window = 3145728
nuttcp-t: initial congestion window = 13 KB (10 packets)
nuttcp-r: Warning: receive window size 25000000 < requested window size 26214400
nuttcp-r: v6.1.2: socket
nuttcp-r: buflen=65536, nstream=1, port=5003 tcp
nuttcp-r: interval reporting every 0.10 seconds
nuttcp-r: accept from 107.127.10.66
nuttcp-r: send window size = 25000000, receive window size = 50000000
nuttcp-r: available send window = 12500000, available receive window = 25000000
    0.0625 MB /   0.10 sec =    5.2415 Mbps     0 retrans   1408 KB-cwnd
    0.1250 MB /   0.10 sec =   10.4870 Mbps     0 retrans   1408 KB-cwnd
    0.2500 MB /   0.10 sec =   20.9721 Mbps     0 retrans   1408 KB-cwnd
    0.3125 MB /   0.10 sec =   26.2055 Mbps     0 retrans   1408 KB-cwnd
    0.3125 MB /   0.10 sec =   26.2194 Mbps     0 retrans   1408 KB-cwnd
    0.3750 MB /   0.10 sec =   31.4551 Mbps     0 retrans   1408 KB-cwnd
    0.3125 MB /   0.10 sec =   26.2204 Mbps     0 retrans   1408 KB-cwnd
    0.2500 MB /   0.10 sec =   20.9669 Mbps     0 retrans   1408 KB-cwnd
    0.3750 MB /   0.10 sec =   31.4570 Mbps     0 retrans   1408 KB-cwnd
    0.2500 MB /   0.10 sec =   20.9721 Mbps     0 retrans   1408 KB-cwnd
    0.3750 MB /   0.10 sec =   31.4595 Mbps     0 retrans   1408 KB-cwnd
    0.1875 MB /   0.10 sec =   15.7227 Mbps     0 retrans   1408 KB-cwnd
    0.3125 MB /   0.10 sec =   26.2280 Mbps     0 retrans   1408 KB-cwnd
    0.1875 MB /   0.10 sec =   15.7192 Mbps     0 retrans   1408 KB-cwnd
    0.3125 MB /   0.10 sec =   26.2217 Mbps     0 retrans   1408 KB-cwnd
    0.1875 MB /   0.10 sec =   15.7324 Mbps     0 retrans   1408 KB-cwnd
    0.3125 MB /   0.10 sec =   26.2147 Mbps     0 retrans   1408 KB-cwnd
    0.1875 MB /   0.10 sec =   15.7120 Mbps     0 retrans   1408 KB-cwnd
    0.3750 MB /   0.10 sec =   31.4891 Mbps     0 retrans   1408 KB-cwnd
    0.3125 MB /   0.10 sec =   26.2165 Mbps     0 retrans   1408 KB-cwnd
    0.3125 MB /   0.10 sec =   26.2126 Mbps     0 retrans   1408 KB-cwnd
    0.2500 MB /   0.10 sec =   20.9631 Mbps     0 retrans   1408 KB-cwnd
    0.3750 MB /   0.10 sec =   31.4705 Mbps     0 retrans   1408 KB-cwnd
    0.2500 MB /   0.10 sec =   20.9617 Mbps     0 retrans   1408 KB-cwnd
    0.3125 MB /   0.10 sec =   26.2270 Mbps     0 retrans   1408 KB-cwnd
    0.2500 MB /   0.10 sec =   20.9713 Mbps     0 retrans   1408 KB-cwnd
    0.3750 MB /   0.10 sec =   31.4494 Mbps     0 retrans   1408 KB-cwnd
    0.2500 MB /   0.10 sec =   20.9774 Mbps     0 retrans   1408 KB-cwnd
    0.3125 MB /   0.10 sec =   26.2136 Mbps     0 retrans   1408 KB-cwnd
    0.3125 MB /   0.10 sec =   26.2154 Mbps     0 retrans   1408 KB-cwnd
    0.3125 MB /   0.10 sec =   26.2131 Mbps     0 retrans   1408 KB-cwnd
    0.1875 MB /   0.10 sec =   15.7209 Mbps     0 retrans   1408 KB-cwnd
    0.3750 MB /   0.10 sec =   31.4705 Mbps     0 retrans   1408 KB-cwnd
    0.2500 MB /   0.10 sec =   20.9719 Mbps     0 retrans   1408 KB-cwnd
    0.3125 MB /   0.10 sec =   26.2115 Mbps     0 retrans   1408 KB-cwnd
    0.2500 MB /   0.10 sec =   20.9732 Mbps     0 retrans   1408 KB-cwnd
    0.3750 MB /   0.10 sec =   31.4526 Mbps     0 retrans   1408 KB-cwnd
    0.2500 MB /   0.10 sec =   20.9680 Mbps     0 retrans   1408 KB-cwnd
    0.3125 MB /   0.10 sec =   26.2265 Mbps     0 retrans   1408 KB-cwnd
    0.2500 MB /   0.10 sec =   20.9646 Mbps     0 retrans   1408 KB-cwnd
    0.3750 MB /   0.10 sec =   31.4648 Mbps     0 retrans   1408 KB-cwnd
    0.2500 MB /   0.10 sec =   20.9623 Mbps     0 retrans   1408 KB-cwnd
    0.3750 MB /   0.10 sec =   31.4708 Mbps     0 retrans   1408 KB-cwnd
    0.2500 MB /   0.10 sec =   20.9663 Mbps     0 retrans   1408 KB-cwnd
    0.3750 MB /   0.10 sec =   31.4623 Mbps     0 retrans   1408 KB-cwnd
    0.2500 MB /   0.10 sec =   20.9659 Mbps     0 retrans   1408 KB-cwnd
    0.3750 MB /   0.10 sec =   31.4680 Mbps     0 retrans   1408 KB-cwnd
    0.2500 MB /   0.10 sec =   20.9745 Mbps     0 retrans   1408 KB-cwnd
    0.3125 MB /   0.10 sec =   26.2131 Mbps     0 retrans   1408 KB-cwnd
    0.2500 MB /   0.10 sec =   20.9694 Mbps     0 retrans   1408 KB-cwnd
    0.3125 MB /   0.10 sec =   26.2165 Mbps     0 retrans   1408 KB-cwnd
    0.2500 MB /   0.10 sec =   20.9726 Mbps     0 retrans   1408 KB-cwnd
    0.3125 MB /   0.10 sec =   26.2102 Mbps     0 retrans   1408 KB-cwnd
    0.3125 MB /   0.10 sec =   26.2147 Mbps     0 retrans   1408 KB-cwnd
    0.2500 MB /   0.10 sec =   20.9698 Mbps     0 retrans   1408 KB-cwnd
    0.3125 MB /   0.10 sec =   26.2212 Mbps     0 retrans   1408 KB-cwnd
    0.2500 MB /   0.10 sec =   20.9711 Mbps     0 retrans   1408 KB-cwnd
    0.1875 MB /   0.10 sec =   15.7291 Mbps     0 retrans   1408 KB-cwnd
    0.3125 MB /   0.10 sec =   26.1822 Mbps     0 retrans   1408 KB-cwnd
    0.3125 MB /   0.10 sec =   26.2372 Mbps     0 retrans   1408 KB-cwnd
    0.3125 MB /   0.10 sec =   26.2189 Mbps     0 retrans   1408 KB-cwnd
    0.2500 MB /   0.10 sec =   20.9659 Mbps     0 retrans   1408 KB-cwnd
    0.3750 MB /   0.10 sec =   31.4661 Mbps     0 retrans   1408 KB-cwnd
    0.2500 MB /   0.10 sec =   20.9715 Mbps     0 retrans   1408 KB-cwnd
    0.3750 MB /   0.10 sec =   31.4548 Mbps     0 retrans   1408 KB-cwnd
    0.2500 MB /   0.10 sec =   20.9650 Mbps     0 retrans   1408 KB-cwnd
    0.3750 MB /   0.10 sec =   31.4718 Mbps     0 retrans   1408 KB-cwnd
    0.2500 MB /   0.10 sec =   20.9636 Mbps     0 retrans   1408 KB-cwnd
    0.3750 MB /   0.10 sec =   31.4651 Mbps     0 retrans   1408 KB-cwnd
    0.2500 MB /   0.10 sec =   20.9654 Mbps     0 retrans   1408 KB-cwnd
    0.3125 MB /   0.10 sec =   26.2241 Mbps     0 retrans   1408 KB-cwnd
    0.2500 MB /   0.10 sec =   20.9615 Mbps     0 retrans   1408 KB-cwnd
    0.3125 MB /   0.10 sec =   26.2244 Mbps     0 retrans   1408 KB-cwnd
    0.3125 MB /   0.10 sec =   26.2212 Mbps     0 retrans   1408 KB-cwnd
    0.2500 MB /   0.10 sec =   20.9711 Mbps     0 retrans   1408 KB-cwnd
    0.1875 MB /   0.10 sec =   15.7219 Mbps     0 retrans   1408 KB-cwnd
    0.3750 MB /   0.10 sec =   31.4686 Mbps     0 retrans   1408 KB-cwnd
    0.1875 MB /   0.10 sec =   15.7228 Mbps     0 retrans   1408 KB-cwnd
    0.3750 MB /   0.10 sec =   31.4677 Mbps     0 retrans   1408 KB-cwnd
    0.1875 MB /   0.10 sec =   15.7296 Mbps     0 retrans   1408 KB-cwnd
    0.3125 MB /   0.10 sec =   26.2102 Mbps     0 retrans   1408 KB-cwnd
    0.2500 MB /   0.10 sec =   20.9747 Mbps     0 retrans   1408 KB-cwnd
    0.2500 MB /   0.10 sec =   20.9686 Mbps     0 retrans   1408 KB-cwnd
    0.2500 MB /   0.10 sec =   20.9638 Mbps     0 retrans   1408 KB-cwnd
    0.3750 MB /   0.10 sec =   31.4736 Mbps     0 retrans   1408 KB-cwnd
    0.2500 MB /   0.10 sec =   20.9690 Mbps     0 retrans   1408 KB-cwnd
    0.3750 MB /   0.10 sec =   31.4601 Mbps     0 retrans   1408 KB-cwnd
    0.1875 MB /   0.10 sec =   15.7247 Mbps     0 retrans   1408 KB-cwnd
    0.2500 MB /   0.10 sec =   20.9753 Mbps     0 retrans   1408 KB-cwnd
    0.2500 MB /   0.10 sec =   20.9747 Mbps     0 retrans   1408 KB-cwnd
    0.3125 MB /   0.10 sec =   26.2097 Mbps     0 retrans   1408 KB-cwnd
    0.2500 MB /   0.10 sec =   20.9648 Mbps     0 retrans   1408 KB-cwnd
    0.3125 MB /   0.10 sec =   26.2210 Mbps     0 retrans   1408 KB-cwnd
    0.2500 MB /   0.10 sec =   20.9719 Mbps     0 retrans   1408 KB-cwnd
    0.2500 MB /   0.10 sec =   20.9747 Mbps     0 retrans   1408 KB-cwnd
    0.1875 MB /   0.10 sec =   15.7246 Mbps     0 retrans   1408 KB-cwnd
    0.3125 MB /   0.10 sec =   26.2202 Mbps     0 retrans   1408 KB-cwnd
    0.2500 MB /   0.10 sec =   20.9527 Mbps     0 retrans   1408 KB-cwnd
    0.3125 MB /   0.10 sec =   26.2393 Mbps     0 retrans   1408 KB-cwnd
    0.3125 MB /   0.10 sec =   26.2058 Mbps     0 retrans   1408 KB-cwnd
    0.3125 MB /   0.10 sec =   26.2191 Mbps     0 retrans   1408 KB-cwnd
    0.2500 MB /   0.10 sec =   20.9675 Mbps     0 retrans   1408 KB-cwnd
    0.3125 MB /   0.10 sec =   26.2202 Mbps     0 retrans   1408 KB-cwnd
    0.2500 MB /   0.10 sec =   20.9663 Mbps     0 retrans   1408 KB-cwnd
    0.3750 MB /   0.10 sec =   31.4696 Mbps     0 retrans   1408 KB-cwnd
    0.2500 MB /   0.10 sec =   20.9623 Mbps     0 retrans   1408 KB-cwnd
    0.3125 MB /   0.10 sec =   26.2265 Mbps     0 retrans   1408 KB-cwnd
    0.2500 MB /   0.10 sec =   20.9615 Mbps     0 retrans   1408 KB-cwnd
    0.3125 MB /   0.10 sec =   26.2212 Mbps     0 retrans   1769 KB-cwnd
    0.2500 MB /   0.10 sec =   20.9732 Mbps     0 retrans   1769 KB-cwnd
    0.3750 MB /   0.10 sec =   31.4617 Mbps     0 retrans   1769 KB-cwnd
    0.1875 MB /   0.10 sec =   15.7249 Mbps     0 retrans   1769 KB-cwnd
    0.3750 MB /   0.10 sec =   31.4658 Mbps     0 retrans   1769 KB-cwnd
    0.2500 MB /   0.10 sec =   20.9701 Mbps     0 retrans   1769 KB-cwnd
    0.3125 MB /   0.10 sec =   26.2120 Mbps     0 retrans   1769 KB-cwnd
    0.2500 MB /   0.10 sec =   20.9636 Mbps     0 retrans   1769 KB-cwnd
    0.3125 MB /   0.10 sec =   26.2259 Mbps     0 retrans   1769 KB-cwnd
    0.2500 MB /   0.10 sec =   20.9288 Mbps     0 retrans   1769 KB-cwnd
    0.3750 MB /   0.10 sec =   31.5238 Mbps     0 retrans   1769 KB-cwnd
    0.1875 MB /   0.10 sec =   15.7261 Mbps     0 retrans   1769 KB-cwnd
    0.3750 MB /   0.10 sec =   31.4620 Mbps     0 retrans   1769 KB-cwnd
    0.2500 MB /   0.10 sec =   20.9612 Mbps     0 retrans   1769 KB-cwnd
    0.3125 MB /   0.10 sec =   26.2241 Mbps     0 retrans   1769 KB-cwnd
    0.2500 MB /   0.10 sec =   20.9644 Mbps     0 retrans   1769 KB-cwnd
    0.3125 MB /   0.10 sec =   26.2238 Mbps     0 retrans   1769 KB-cwnd
    0.2500 MB /   0.10 sec =   20.9654 Mbps     0 retrans   1769 KB-cwnd
    0.3750 MB /   0.10 sec =   31.4711 Mbps     0 retrans   1769 KB-cwnd
    0.2500 MB /   0.10 sec =   20.9690 Mbps     0 retrans   1769 KB-cwnd
    0.3750 MB /   0.10 sec =   31.4573 Mbps     0 retrans   1769 KB-cwnd
    0.2500 MB /   0.10 sec =   20.9707 Mbps     0 retrans   1769 KB-cwnd
    0.3750 MB /   0.10 sec =   31.4585 Mbps     0 retrans   1769 KB-cwnd
    0.1875 MB /   0.10 sec =   15.7272 Mbps     0 retrans   1769 KB-cwnd
    0.3750 MB /   0.10 sec =   31.4589 Mbps     0 retrans   1769 KB-cwnd
    0.2500 MB /   0.10 sec =   20.9713 Mbps     0 retrans   1769 KB-cwnd
    0.3750 MB /   0.10 sec =   31.4617 Mbps     0 retrans   1769 KB-cwnd
    0.2500 MB /   0.10 sec =   20.9692 Mbps     0 retrans   1769 KB-cwnd
    0.3125 MB /   0.10 sec =   26.2170 Mbps     0 retrans   1769 KB-cwnd
    0.2500 MB /   0.10 sec =   20.9686 Mbps     0 retrans   1769 KB-cwnd
    0.3750 MB /   0.10 sec =   31.4573 Mbps     0 retrans   1769 KB-cwnd
    0.2500 MB /   0.10 sec =   20.9715 Mbps     0 retrans   1769 KB-cwnd
    0.3750 MB /   0.10 sec =   31.4607 Mbps     0 retrans   1769 KB-cwnd
    0.3125 MB /   0.10 sec =   26.2042 Mbps     0 retrans   1769 KB-cwnd
    0.3750 MB /   0.10 sec =   31.4328 Mbps     0 retrans   1769 KB-cwnd
    0.2500 MB /   0.10 sec =   20.9923 Mbps     0 retrans   1769 KB-cwnd
    0.3750 MB /   0.10 sec =   31.4617 Mbps     0 retrans   1769 KB-cwnd
    0.2500 MB /   0.10 sec =   20.9621 Mbps     0 retrans   1769 KB-cwnd
    0.3125 MB /   0.10 sec =   26.2236 Mbps     0 retrans   1769 KB-cwnd
    0.2500 MB /   0.10 sec =   20.9742 Mbps     0 retrans   1769 KB-cwnd
    0.3125 MB /   0.10 sec =   26.2126 Mbps     0 retrans   1769 KB-cwnd
    0.2500 MB /   0.10 sec =   20.9646 Mbps     0 retrans   1769 KB-cwnd
    0.3750 MB /   0.10 sec =   31.4683 Mbps     0 retrans   1769 KB-cwnd
    0.1875 MB /   0.10 sec =   15.7228 Mbps     0 retrans   1769 KB-cwnd
    0.3750 MB /   0.10 sec =   31.4680 Mbps     0 retrans   1769 KB-cwnd
    0.1875 MB /   0.10 sec =   15.7239 Mbps     0 retrans   1769 KB-cwnd
    0.3125 MB /   0.10 sec =   26.2236 Mbps     0 retrans   1769 KB-cwnd
    0.2500 MB /   0.10 sec =   20.9698 Mbps     0 retrans   1769 KB-cwnd
    0.3125 MB /   0.10 sec =   26.2134 Mbps     0 retrans   1769 KB-cwnd
    0.3125 MB /   0.10 sec =   26.2097 Mbps     0 retrans   1769 KB-cwnd
    0.3125 MB /   0.10 sec =   26.2212 Mbps     0 retrans   1769 KB-cwnd
    0.1875 MB /   0.10 sec =   15.7285 Mbps     0 retrans   1769 KB-cwnd
    0.3750 MB /   0.10 sec =   31.4582 Mbps     0 retrans   1769 KB-cwnd
    0.1875 MB /   0.10 sec =   15.7231 Mbps     0 retrans   1769 KB-cwnd
    0.3750 MB /   0.10 sec =   31.4677 Mbps     0 retrans   1769 KB-cwnd
    0.1875 MB /   0.10 sec =   15.7233 Mbps     0 retrans   1769 KB-cwnd
    0.3750 MB /   0.10 sec =   31.4724 Mbps     0 retrans   1769 KB-cwnd
    0.2500 MB /   0.10 sec =   20.9612 Mbps     0 retrans   1769 KB-cwnd
    0.3125 MB /   0.10 sec =   26.2265 Mbps     0 retrans   1769 KB-cwnd
    0.2500 MB /   0.10 sec =   20.9690 Mbps     0 retrans   1769 KB-cwnd
    0.3125 MB /   0.10 sec =   26.2165 Mbps     0 retrans   1769 KB-cwnd
    0.1875 MB /   0.10 sec =   15.7264 Mbps     0 retrans   1769 KB-cwnd
    0.3125 MB /   0.10 sec =   26.2154 Mbps     0 retrans   1769 KB-cwnd
    0.1875 MB /   0.10 sec =   15.7222 Mbps     0 retrans   1769 KB-cwnd
    0.3125 MB /   0.10 sec =   26.2283 Mbps     0 retrans   1769 KB-cwnd
    0.2500 MB /   0.10 sec =   20.9726 Mbps     0 retrans   1769 KB-cwnd
    0.2500 MB /   0.10 sec =   20.9715 Mbps     0 retrans   1769 KB-cwnd
    0.2500 MB /   0.10 sec =   20.9713 Mbps     0 retrans   1769 KB-cwnd
    0.2500 MB /   0.10 sec =   20.9703 Mbps     0 retrans   1769 KB-cwnd
    0.2500 MB /   0.10 sec =   20.9617 Mbps     0 retrans   1769 KB-cwnd
    0.1875 MB /   0.10 sec =   15.7330 Mbps     0 retrans   1769 KB-cwnd
    0.1875 MB /   0.10 sec =   15.7253 Mbps     0 retrans   1769 KB-cwnd
    0.3125 MB /   0.10 sec =   26.2228 Mbps     0 retrans   1769 KB-cwnd
    0.1875 MB /   0.10 sec =   15.7228 Mbps     0 retrans   1769 KB-cwnd
    0.3125 MB /   0.10 sec =   26.2225 Mbps     0 retrans   1769 KB-cwnd
    0.2500 MB /   0.10 sec =   20.9686 Mbps     0 retrans   1769 KB-cwnd
    0.3125 MB /   0.10 sec =   26.2183 Mbps     0 retrans   1769 KB-cwnd
    0.2500 MB /   0.10 sec =   20.9661 Mbps     0 retrans   1769 KB-cwnd
    0.3125 MB /   0.10 sec =   26.2246 Mbps     0 retrans   1769 KB-cwnd
    0.2500 MB /   0.10 sec =   20.9730 Mbps     0 retrans   1769 KB-cwnd
    0.3125 MB /   0.10 sec =   26.2152 Mbps     0 retrans   1769 KB-cwnd
    0.1875 MB /   0.10 sec =   15.7239 Mbps     0 retrans   1769 KB-cwnd
    0.3125 MB /   0.10 sec =   26.2204 Mbps     0 retrans   1769 KB-cwnd
    0.2500 MB /   0.10 sec =   20.9669 Mbps     0 retrans   1769 KB-cwnd
    0.2500 MB /   0.10 sec =   20.9738 Mbps     0 retrans   1769 KB-cwnd
    0.2500 MB /   0.10 sec =   20.9694 Mbps     0 retrans   1769 KB-cwnd
    0.2500 MB /   0.10 sec =   20.9715 Mbps     0 retrans   1769 KB-cwnd
    0.1250 MB /   0.10 sec =   10.4824 Mbps     0 retrans   1769 KB-cwnd
    0.3125 MB /   0.10 sec =   26.2244 Mbps     0 retrans   1769 KB-cwnd
    0.1875 MB /   0.10 sec =   15.7318 Mbps     0 retrans   1769 KB-cwnd
    0.2500 MB /   0.10 sec =   20.9694 Mbps     0 retrans   1769 KB-cwnd
    0.1875 MB /   0.10 sec =   15.7297 Mbps     0 retrans   1769 KB-cwnd
    0.2500 MB /   0.10 sec =   20.9690 Mbps     0 retrans   1769 KB-cwnd
    0.2500 MB /   0.10 sec =   20.9656 Mbps     0 retrans   1769 KB-cwnd
    0.3750 MB /   0.10 sec =   31.4708 Mbps     0 retrans   1769 KB-cwnd
    0.1875 MB /   0.10 sec =   15.7219 Mbps     0 retrans   1769 KB-cwnd
    0.3125 MB /   0.10 sec =   26.1958 Mbps     0 retrans   1769 KB-cwnd
    0.2500 MB /   0.10 sec =   20.9852 Mbps     0 retrans   1769 KB-cwnd
    0.3750 MB /   0.10 sec =   31.4689 Mbps     0 retrans   1769 KB-cwnd
    0.1875 MB /   0.10 sec =   15.7224 Mbps     0 retrans   1769 KB-cwnd
    0.3750 MB /   0.10 sec =   31.4711 Mbps     0 retrans   1769 KB-cwnd
    0.2500 MB /   0.10 sec =   20.9728 Mbps     0 retrans   1769 KB-cwnd
    0.2500 MB /   0.10 sec =   20.9698 Mbps     0 retrans   1769 KB-cwnd
    0.2500 MB /   0.10 sec =   20.9728 Mbps     0 retrans   1769 KB-cwnd
    0.2500 MB /   0.10 sec =   20.9709 Mbps     0 retrans   1769 KB-cwnd
    0.1250 MB /   0.10 sec =   10.4842 Mbps     0 retrans   1769 KB-cwnd
    0.3125 MB /   0.10 sec =   26.2160 Mbps     0 retrans   1769 KB-cwnd
    0.1875 MB /   0.10 sec =   15.7228 Mbps     0 retrans   1769 KB-cwnd
    0.2500 MB /   0.10 sec =   20.9791 Mbps     0 retrans   1769 KB-cwnd
    0.2500 MB /   0.10 sec =   20.9698 Mbps     0 retrans   1769 KB-cwnd
    0.3750 MB /   0.10 sec =   31.4642 Mbps     0 retrans   1769 KB-cwnd
    0.1875 MB /   0.10 sec =   15.7277 Mbps     0 retrans   1769 KB-cwnd
    0.3125 MB /   0.10 sec =   26.2154 Mbps     0 retrans   1769 KB-cwnd
    0.2500 MB /   0.10 sec =   20.9719 Mbps     0 retrans   1769 KB-cwnd
    0.3125 MB /   0.10 sec =   26.2115 Mbps     0 retrans   1769 KB-cwnd
    0.2500 MB /   0.10 sec =   20.9753 Mbps     0 retrans   1769 KB-cwnd
    0.2500 MB /   0.10 sec =   20.9709 Mbps     0 retrans   1769 KB-cwnd
    0.2500 MB /   0.10 sec =   20.9713 Mbps     0 retrans   1769 KB-cwnd
    0.3125 MB /   0.10 sec =   26.2086 Mbps     0 retrans   1769 KB-cwnd
    0.1875 MB /   0.10 sec =   15.7246 Mbps     0 retrans   1769 KB-cwnd
    0.3125 MB /   0.10 sec =   26.2196 Mbps     0 retrans   1769 KB-cwnd
    0.3125 MB /   0.10 sec =   26.2186 Mbps     0 retrans   1769 KB-cwnd
    0.3125 MB /   0.10 sec =   26.2089 Mbps     0 retrans   1769 KB-cwnd
    0.2500 MB /   0.10 sec =   20.9772 Mbps     0 retrans   1769 KB-cwnd
    0.3125 MB /   0.10 sec =   26.2097 Mbps     0 retrans   1769 KB-cwnd
    0.2500 MB /   0.10 sec =   20.9533 Mbps     0 retrans   1769 KB-cwnd
    0.3750 MB /   0.10 sec =   31.4847 Mbps     0 retrans   1769 KB-cwnd
    0.2500 MB /   0.10 sec =   20.9667 Mbps     0 retrans   1769 KB-cwnd
    0.3125 MB /   0.10 sec =   26.2210 Mbps     0 retrans   1769 KB-cwnd
    0.3125 MB /   0.10 sec =   26.2207 Mbps     0 retrans   1769 KB-cwnd
    0.2500 MB /   0.10 sec =   20.9673 Mbps     0 retrans   1769 KB-cwnd
    0.1875 MB /   0.10 sec =   15.7279 Mbps     0 retrans   1769 KB-cwnd
    0.3750 MB /   0.10 sec =   31.4598 Mbps     0 retrans   1769 KB-cwnd
    0.3125 MB /   0.10 sec =   26.2178 Mbps     0 retrans   1769 KB-cwnd
    0.2500 MB /   0.10 sec =   20.9709 Mbps     0 retrans   1769 KB-cwnd
    0.2500 MB /   0.10 sec =   20.9711 Mbps     0 retrans   1769 KB-cwnd
    0.3125 MB /   0.10 sec =   26.2113 Mbps     0 retrans   1769 KB-cwnd
    0.3125 MB /   0.10 sec =   26.2154 Mbps     0 retrans   1769 KB-cwnd
    0.3125 MB /   0.10 sec =   26.2154 Mbps     0 retrans   1769 KB-cwnd
    0.2500 MB /   0.10 sec =   20.9738 Mbps     0 retrans   1769 KB-cwnd
    0.3125 MB /   0.10 sec =   26.2071 Mbps     0 retrans   1769 KB-cwnd
    0.2500 MB /   0.10 sec =   20.9675 Mbps     0 retrans   1769 KB-cwnd
    0.3125 MB /   0.10 sec =   26.2223 Mbps     0 retrans   1769 KB-cwnd
    0.2500 MB /   0.10 sec =   20.9730 Mbps     0 retrans   1769 KB-cwnd
    0.2500 MB /   0.10 sec =   20.9721 Mbps     0 retrans   1769 KB-cwnd
    0.2500 MB /   0.10 sec =   20.9656 Mbps     0 retrans   1769 KB-cwnd
    0.3125 MB /   0.10 sec =   26.2238 Mbps     0 retrans   1769 KB-cwnd
    0.1875 MB /   0.10 sec =   15.7242 Mbps     0 retrans   1769 KB-cwnd
    0.3125 MB /   0.10 sec =   26.2165 Mbps     0 retrans   1769 KB-cwnd
    0.2500 MB /   0.10 sec =   20.9661 Mbps     0 retrans   1769 KB-cwnd
    0.3750 MB /   0.10 sec =   31.4658 Mbps     0 retrans   1769 KB-cwnd
    0.1875 MB /   0.10 sec =   15.7222 Mbps     0 retrans   1769 KB-cwnd
    0.3125 MB /   0.10 sec =   26.2244 Mbps     0 retrans   1413 KB-cwnd
    0.2500 MB /   0.10 sec =   20.9636 Mbps     0 retrans   1413 KB-cwnd
    0.3125 MB /   0.10 sec =   26.2265 Mbps     0 retrans   1413 KB-cwnd
    0.1875 MB /   0.10 sec =   15.7275 Mbps     0 retrans   1413 KB-cwnd
    0.2500 MB /   0.10 sec =   20.9742 Mbps     0 retrans   1413 KB-cwnd
    0.1875 MB /   0.10 sec =   15.7250 Mbps     0 retrans   1413 KB-cwnd
    0.3125 MB /   0.10 sec =   26.2196 Mbps     0 retrans   1413 KB-cwnd
    0.2500 MB /   0.10 sec =   20.9680 Mbps     0 retrans   1413 KB-cwnd
    0.3750 MB /   0.10 sec =   31.4611 Mbps     0 retrans   1413 KB-cwnd
    0.1875 MB /   0.10 sec =   15.7230 Mbps     0 retrans   1413 KB-cwnd
    0.3750 MB /   0.10 sec =   31.4711 Mbps     0 retrans   1413 KB-cwnd
    0.2500 MB /   0.10 sec =   20.9682 Mbps     0 retrans   1413 KB-cwnd
    0.3125 MB /   0.10 sec =   26.2160 Mbps     0 retrans   1413 KB-cwnd
    0.2500 MB /   0.10 sec =   20.9730 Mbps     0 retrans   1413 KB-cwnd
    0.2500 MB /   0.10 sec =   20.9682 Mbps     0 retrans   1413 KB-cwnd
    0.2500 MB /   0.10 sec =   20.9663 Mbps     0 retrans   1413 KB-cwnd
    0.3750 MB /   0.10 sec =   31.4661 Mbps     0 retrans   1413 KB-cwnd
    0.1875 MB /   0.10 sec =   15.7235 Mbps     0 retrans   1413 KB-cwnd
    0.3125 MB /   0.10 sec =   26.2252 Mbps     0 retrans   1413 KB-cwnd
    0.1875 MB /   0.10 sec =   15.7271 Mbps     0 retrans   1413 KB-cwnd
    0.3125 MB /   0.10 sec =   26.2173 Mbps     0 retrans   1413 KB-cwnd
    0.1875 MB /   0.10 sec =   15.7236 Mbps     0 retrans   1413 KB-cwnd
    0.3125 MB /   0.10 sec =   26.2231 Mbps     0 retrans   1413 KB-cwnd
    0.1875 MB /   0.10 sec =   15.7225 Mbps     0 retrans   1413 KB-cwnd
    0.3750 MB /   0.10 sec =   31.4714 Mbps     0 retrans   1413 KB-cwnd
    0.1875 MB /   0.10 sec =   15.7294 Mbps     0 retrans   1413 KB-cwnd
    0.3125 MB /   0.10 sec =   26.2102 Mbps     0 retrans   1413 KB-cwnd
    0.1875 MB /   0.10 sec =   15.7225 Mbps     0 retrans   1413 KB-cwnd
    0.3125 MB /   0.10 sec =   26.2259 Mbps     0 retrans   1413 KB-cwnd
    0.2500 MB /   0.10 sec =   20.9751 Mbps     0 retrans   1413 KB-cwnd
    0.2500 MB /   0.10 sec =   20.9652 Mbps     0 retrans   1413 KB-cwnd
    0.2500 MB /   0.10 sec =   20.9711 Mbps     0 retrans   1413 KB-cwnd
    0.3125 MB /   0.10 sec =   26.2199 Mbps     0 retrans   1413 KB-cwnd
    0.1875 MB /   0.10 sec =   15.7244 Mbps     0 retrans   1413 KB-cwnd
    0.3125 MB /   0.10 sec =   26.2189 Mbps     0 retrans   1413 KB-cwnd
    0.2500 MB /   0.10 sec =   20.9711 Mbps     0 retrans   1413 KB-cwnd
    0.3125 MB /   0.10 sec =   26.2191 Mbps     0 retrans   1413 KB-cwnd
    0.2500 MB /   0.10 sec =   20.9703 Mbps     0 retrans   1413 KB-cwnd
    0.3125 MB /   0.10 sec =   26.2168 Mbps     0 retrans   1413 KB-cwnd
    0.1875 MB /   0.10 sec =   15.7230 Mbps     0 retrans   1413 KB-cwnd
    0.2500 MB /   0.10 sec =   20.9713 Mbps     0 retrans   1413 KB-cwnd
    0.2500 MB /   0.10 sec =   20.9770 Mbps     0 retrans   1413 KB-cwnd
    0.3125 MB /   0.10 sec =   26.2118 Mbps     0 retrans   1413 KB-cwnd
    0.1875 MB /   0.10 sec =   15.7290 Mbps     0 retrans   1413 KB-cwnd
    0.2500 MB /   0.10 sec =   20.9719 Mbps     0 retrans   1413 KB-cwnd
    0.2500 MB /   0.10 sec =   20.9713 Mbps     0 retrans   1413 KB-cwnd
    0.3125 MB /   0.10 sec =   26.2136 Mbps     0 retrans   1413 KB-cwnd
    0.2500 MB /   0.10 sec =   20.9696 Mbps     0 retrans   1413 KB-cwnd
    0.3125 MB /   0.10 sec =   26.2191 Mbps     0 retrans   1413 KB-cwnd
    0.2500 MB /   0.10 sec =   20.9692 Mbps     0 retrans   1413 KB-cwnd
    0.3750 MB /   0.10 sec =   31.4579 Mbps     0 retrans   1413 KB-cwnd
    0.2500 MB /   0.10 sec =   20.9757 Mbps     0 retrans   1413 KB-cwnd
    0.3125 MB /   0.10 sec =   26.2128 Mbps     0 retrans   1413 KB-cwnd
    0.2500 MB /   0.10 sec =   20.9719 Mbps     0 retrans   1413 KB-cwnd
    0.2500 MB /   0.10 sec =   20.9677 Mbps     0 retrans   1413 KB-cwnd
    0.2500 MB /   0.10 sec =   20.9659 Mbps     0 retrans   1413 KB-cwnd
    0.2500 MB /   0.10 sec =   20.9776 Mbps     0 retrans   1413 KB-cwnd
    0.2500 MB /   0.10 sec =   20.9709 Mbps     0 retrans   1413 KB-cwnd
    0.3125 MB /   0.10 sec =   26.2168 Mbps     0 retrans   1413 KB-cwnd
    0.1875 MB /   0.10 sec =   15.7283 Mbps     0 retrans   1413 KB-cwnd
    0.3125 MB /   0.10 sec =   26.2105 Mbps     0 retrans   1413 KB-cwnd
    0.1875 MB /   0.10 sec =   15.7258 Mbps     0 retrans   1413 KB-cwnd
    0.3125 MB /   0.10 sec =   26.2231 Mbps     0 retrans   1413 KB-cwnd
    0.2500 MB /   0.10 sec =   20.9692 Mbps     0 retrans   1413 KB-cwnd
    0.3750 MB /   0.10 sec =   31.4592 Mbps     0 retrans   1413 KB-cwnd
    0.2500 MB /   0.10 sec =   20.9734 Mbps     0 retrans   1413 KB-cwnd
    0.2500 MB /   0.10 sec =   20.9730 Mbps     0 retrans   1413 KB-cwnd
    0.2500 MB /   0.10 sec =   20.9615 Mbps     0 retrans   1413 KB-cwnd
    0.3125 MB /   0.10 sec =   26.2217 Mbps     0 retrans   1413 KB-cwnd
    0.2500 MB /   0.10 sec =   20.9713 Mbps     0 retrans   1413 KB-cwnd
    0.3125 MB /   0.10 sec =   26.2162 Mbps     0 retrans   1413 KB-cwnd
    0.2500 MB /   0.10 sec =   20.9631 Mbps     0 retrans   1413 KB-cwnd
    0.3750 MB /   0.10 sec =   31.4727 Mbps     0 retrans   1413 KB-cwnd
    0.1250 MB /   0.10 sec =   10.4829 Mbps     0 retrans   1413 KB-cwnd
    0.3125 MB /   0.10 sec =   26.2210 Mbps     0 retrans   1413 KB-cwnd
    0.2500 MB /   0.10 sec =   20.9686 Mbps     0 retrans   1413 KB-cwnd
    0.3125 MB /   0.10 sec =   26.2181 Mbps     0 retrans   1413 KB-cwnd
    0.1875 MB /   0.10 sec =   15.7238 Mbps     0 retrans   1413 KB-cwnd
    0.3750 MB /   0.10 sec =   31.4670 Mbps     0 retrans   1413 KB-cwnd
    0.2500 MB /   0.10 sec =   20.9646 Mbps     0 retrans   1413 KB-cwnd
    0.3125 MB /   0.10 sec =   26.2249 Mbps     0 retrans   1413 KB-cwnd
    0.2500 MB /   0.10 sec =   20.9629 Mbps     0 retrans   1413 KB-cwnd
    0.3750 MB /   0.10 sec =   31.4648 Mbps     0 retrans   1413 KB-cwnd
    0.2500 MB /   0.10 sec =   20.9671 Mbps     0 retrans   1413 KB-cwnd
    0.3125 MB /   0.10 sec =   26.2223 Mbps     0 retrans   1413 KB-cwnd
    0.1875 MB /   0.10 sec =   15.7246 Mbps     0 retrans   1413 KB-cwnd
    0.3750 MB /   0.10 sec =   31.4664 Mbps     0 retrans   1413 KB-cwnd
    0.1875 MB /   0.10 sec =   15.7213 Mbps     0 retrans   1413 KB-cwnd
    0.3750 MB /   0.10 sec =   31.4456 Mbps     0 retrans   1413 KB-cwnd
    0.2500 MB /   0.10 sec =   20.9887 Mbps     0 retrans   1413 KB-cwnd
    0.3125 MB /   0.10 sec =   26.2131 Mbps     0 retrans   1413 KB-cwnd
    0.2500 MB /   0.10 sec =   20.9646 Mbps     0 retrans   1413 KB-cwnd
    0.3750 MB /   0.10 sec =   31.4696 Mbps     0 retrans   1413 KB-cwnd
    0.1875 MB /   0.10 sec =   15.7235 Mbps     0 retrans   1413 KB-cwnd
    0.3750 MB /   0.10 sec =   31.4636 Mbps     0 retrans   1413 KB-cwnd
    0.1875 MB /   0.10 sec =   15.7299 Mbps     0 retrans   1413 KB-cwnd
    0.3750 MB /   0.10 sec =   31.4607 Mbps     0 retrans   1413 KB-cwnd
    0.3125 MB /   0.10 sec =   26.2107 Mbps     0 retrans   1413 KB-cwnd
    0.3125 MB /   0.10 sec =   26.2157 Mbps     0 retrans   1413 KB-cwnd
    0.2500 MB /   0.10 sec =   20.9707 Mbps     0 retrans   1413 KB-cwnd
    0.3750 MB /   0.10 sec =   31.4554 Mbps     0 retrans   1413 KB-cwnd
    0.1875 MB /   0.10 sec =   15.7318 Mbps     0 retrans   1413 KB-cwnd
    0.3125 MB /   0.10 sec =   26.2105 Mbps     0 retrans   1413 KB-cwnd
    0.2500 MB /   0.10 sec =   20.9661 Mbps     0 retrans   1413 KB-cwnd
    0.3125 MB /   0.10 sec =   26.2181 Mbps     0 retrans   1413 KB-cwnd
    0.2500 MB /   0.10 sec =   20.9688 Mbps     0 retrans   1413 KB-cwnd
    0.3125 MB /   0.10 sec =   26.2194 Mbps     0 retrans   1413 KB-cwnd
    0.1875 MB /   0.10 sec =   15.7318 Mbps     0 retrans   1413 KB-cwnd
    0.4375 MB /   0.10 sec =   36.6947 Mbps     0 retrans   1413 KB-cwnd
    0.2500 MB /   0.10 sec =   20.9667 Mbps     0 retrans   1413 KB-cwnd
    0.3750 MB /   0.10 sec =   31.4702 Mbps     0 retrans   1413 KB-cwnd
    0.1875 MB /   0.10 sec =   15.7214 Mbps     0 retrans   1413 KB-cwnd
    0.3125 MB /   0.10 sec =   26.2228 Mbps     0 retrans   1413 KB-cwnd
    0.2500 MB /   0.10 sec =   20.9747 Mbps     0 retrans   1413 KB-cwnd
    0.3125 MB /   0.10 sec =   26.2141 Mbps     0 retrans   1413 KB-cwnd
nuttcp-t: 104.4490 MB in 30.00 real seconds = 3565.06 KB/sec = 29.2050 Mbps
nuttcp-t: retrans = 0 cwnd = 1413 KB
nuttcp-t: 1672 I/O calls, msec/call = 18.37, calls/sec = 55.73
nuttcp-t: 0.0user 0.0sys 0:30real 0% 0i+0d 1238maxrss 0+1pf 8+4csw

nuttcp-r: 104.4490 MB in 37.57 real seconds = 2846.87 KB/sec = 23.3215 Mbps
nuttcp-r: 29096 I/O calls, msec/call = 1.32, calls/sec = 774.46
nuttcp-r: 0.0user 0.3sys 0:37real 1% 0i+0d 100maxrss 0+15pf 27053+10csw
