1660508733012
nuttcp-r: v8.1.4: socket
nuttcp-r: buflen=65536, nstream=1, port=5003 tcp
nuttcp-r: interval reporting every 0.10 seconds
nuttcp-r: connect to 3.19.94.93 with RTT=27.493 ms af=inet
nuttcp-r: send window size = 524288, receive window size = 52428800
nuttcp-r: available send window = 393216, available receive window = 39321600
    0.0000 MB /   0.10 sec =    0.0000 Mbps    -1 retrans
    0.1250 MB /   0.10 sec =   10.4816 Mbps     1 retrans
    0.1250 MB /   0.10 sec =   10.4951 Mbps     0 retrans
    0.1875 MB /   0.10 sec =   15.7286 Mbps     0 retrans
    0.1875 MB /   0.10 sec =   15.7327 Mbps     0 retrans
    0.1875 MB /   0.10 sec =   15.7274 Mbps     0 retrans
    0.1875 MB /   0.10 sec =   15.7277 Mbps     0 retrans
    0.1875 MB /   0.10 sec =   15.7290 Mbps     0 retrans
    0.3125 MB /   0.10 sec =   26.2107 Mbps     0 retrans
    0.2500 MB /   0.10 sec =   20.9707 Mbps     0 retrans
    0.3125 MB /   0.10 sec =   26.2196 Mbps     0 retrans
    0.3125 MB /   0.10 sec =   26.2126 Mbps     0 retrans
    0.2500 MB /   0.10 sec =   20.9665 Mbps     0 retrans
    0.3750 MB /   0.10 sec =   31.4626 Mbps     0 retrans
    0.4375 MB /   0.10 sec =   36.7016 Mbps     0 retrans
    0.4375 MB /   0.10 sec =   36.6969 Mbps     0 retrans
    0.3750 MB /   0.10 sec =   31.4306 Mbps     0 retrans
    0.5625 MB /   0.10 sec =   47.2322 Mbps     0 retrans
    0.5000 MB /   0.10 sec =   41.9439 Mbps     0 retrans
    0.5625 MB /   0.10 sec =   47.1722 Mbps     0 retrans
    0.5625 MB /   0.10 sec =   47.1944 Mbps     0 retrans
    0.6250 MB /   0.10 sec =   52.4361 Mbps     0 retrans
    0.8125 MB /   0.10 sec =   68.1472 Mbps     0 retrans
    0.7500 MB /   0.10 sec =   62.9146 Mbps     0 retrans
    0.6875 MB /   0.10 sec =   57.6665 Mbps     0 retrans
    0.6875 MB /   0.10 sec =   57.6336 Mbps     0 retrans
    0.3750 MB /   0.10 sec =   31.4623 Mbps     0 retrans
    0.0000 MB /   0.10 sec =    0.0000 Mbps     0 retrans
    1.3125 MB /   0.10 sec =  110.0983 Mbps     0 retrans
    1.9375 MB /   0.10 sec =  162.5650 Mbps     0 retrans
    2.1250 MB /   0.10 sec =  178.2401 Mbps     0 retrans
    2.3125 MB /   0.10 sec =  193.9710 Mbps     0 retrans
    3.1875 MB /   0.10 sec =  267.3896 Mbps     0 retrans
    4.4375 MB /   0.10 sec =  372.3376 Mbps     0 retrans
    4.5625 MB /   0.10 sec =  382.5963 Mbps     0 retrans
    5.8750 MB /   0.10 sec =  492.4466 Mbps     0 retrans
    4.7500 MB /   0.10 sec =  398.7899 Mbps     0 retrans
    4.9375 MB /   0.10 sec =  414.2372 Mbps     0 retrans
    7.0000 MB /   0.10 sec =  587.1380 Mbps     0 retrans
    9.6250 MB /   0.10 sec =  807.1452 Mbps     0 retrans
   11.4375 MB /   0.10 sec =  959.7638 Mbps     0 retrans
   11.0625 MB /   0.10 sec =  927.0812 Mbps     0 retrans
   17.1250 MB /   0.10 sec = 1438.1599 Mbps     0 retrans
   19.6875 MB /   0.10 sec = 1651.5898 Mbps     0 retrans
   18.1875 MB /   0.10 sec = 1525.3730 Mbps     0 retrans
   17.3750 MB /   0.10 sec = 1457.2292 Mbps     0 retrans
   18.0000 MB /   0.10 sec = 1510.1005 Mbps     0 retrans
   18.5625 MB /   0.10 sec = 1557.5871 Mbps     0 retrans
   19.7500 MB /   0.10 sec = 1656.5347 Mbps     0 retrans
   18.8125 MB /   0.10 sec = 1578.3752 Mbps     0 retrans
   20.2500 MB /   0.10 sec = 1698.4893 Mbps     0 retrans
   20.3125 MB /   0.10 sec = 1703.2888 Mbps     0 retrans
   21.9375 MB /   0.10 sec = 1841.0425 Mbps     0 retrans
   22.1250 MB /   0.10 sec = 1856.0538 Mbps     0 retrans
   21.8125 MB /   0.10 sec = 1829.6919 Mbps     0 retrans
   14.6250 MB /   0.10 sec = 1226.8707 Mbps     0 retrans
   21.9375 MB /   0.10 sec = 1840.0301 Mbps     0 retrans
   24.2500 MB /   0.10 sec = 2034.0340 Mbps     0 retrans
   24.1875 MB /   0.10 sec = 2029.1163 Mbps     0 retrans
   23.5000 MB /   0.10 sec = 1971.6383 Mbps     0 retrans
   23.6875 MB /   0.10 sec = 1987.2502 Mbps     0 retrans
   17.2500 MB /   0.10 sec = 1446.7745 Mbps     0 retrans
   29.5000 MB /   0.10 sec = 2474.1940 Mbps     0 retrans
   23.3750 MB /   0.10 sec = 1960.4450 Mbps     0 retrans
   23.6875 MB /   0.10 sec = 1987.9859 Mbps     0 retrans
   23.9375 MB /   0.10 sec = 2008.0230 Mbps     0 retrans
   25.0625 MB /   0.10 sec = 2102.4159 Mbps     0 retrans
   22.8750 MB /   0.10 sec = 1918.8749 Mbps     0 retrans
   22.8750 MB /   0.10 sec = 1919.1244 Mbps     0 retrans
   24.0000 MB /   0.10 sec = 2006.3640 Mbps     0 retrans
   25.0625 MB /   0.10 sec = 2109.0595 Mbps     0 retrans
   23.9375 MB /   0.10 sec = 2008.1034 Mbps     0 retrans
   23.8750 MB /   0.10 sec = 2002.7401 Mbps     0 retrans
   22.5625 MB /   0.10 sec = 1892.1688 Mbps     0 retrans
   23.7500 MB /   0.10 sec = 1992.6132 Mbps     0 retrans
   24.4375 MB /   0.10 sec = 2050.0071 Mbps     0 retrans
   24.9375 MB /   0.10 sec = 2090.8637 Mbps     0 retrans
   17.2500 MB /   0.10 sec = 1447.9616 Mbps     0 retrans
   12.6875 MB /   0.10 sec = 1063.8897 Mbps     0 retrans
   23.6875 MB /   0.10 sec = 1987.9660 Mbps     0 retrans
   23.6250 MB /   0.10 sec = 1980.9964 Mbps     0 retrans
   24.1875 MB /   0.10 sec = 2029.2584 Mbps     0 retrans
   23.8125 MB /   0.10 sec = 1998.2966 Mbps     0 retrans
   23.9375 MB /   0.10 sec = 2007.3004 Mbps     0 retrans
   24.3125 MB /   0.10 sec = 2039.7455 Mbps     0 retrans
   23.5625 MB /   0.10 sec = 1976.8030 Mbps     0 retrans
   24.2500 MB /   0.10 sec = 2034.6037 Mbps     0 retrans
   22.7500 MB /   0.10 sec = 1907.9695 Mbps     0 retrans
   23.2500 MB /   0.10 sec = 1950.3319 Mbps     0 retrans
   23.5625 MB /   0.10 sec = 1976.4274 Mbps     0 retrans
   24.0000 MB /   0.10 sec = 2013.2257 Mbps     0 retrans
   22.6250 MB /   0.10 sec = 1897.8087 Mbps     0 retrans
   17.4375 MB /   0.10 sec = 1462.8952 Mbps     0 retrans
   22.3750 MB /   0.10 sec = 1874.6827 Mbps     0 retrans
   24.0625 MB /   0.10 sec = 2020.9137 Mbps     0 retrans
   24.8125 MB /   0.10 sec = 2081.9438 Mbps     0 retrans
   24.2500 MB /   0.10 sec = 2033.8510 Mbps     0 retrans
   23.9375 MB /   0.10 sec = 2005.4360 Mbps     0 retrans
   24.3125 MB /   0.10 sec = 2041.6649 Mbps     0 retrans
   24.5000 MB /   0.10 sec = 2055.8874 Mbps     0 retrans
   24.3125 MB /   0.10 sec = 2039.6027 Mbps     0 retrans
   21.9375 MB /   0.10 sec = 1838.8166 Mbps     0 retrans
   24.6875 MB /   0.10 sec = 2071.9943 Mbps     0 retrans
   23.5625 MB /   0.10 sec = 1976.7832 Mbps     0 retrans
   23.5625 MB /   0.10 sec = 1976.2100 Mbps     0 retrans
   24.3125 MB /   0.10 sec = 2039.6027 Mbps     0 retrans
   24.3750 MB /   0.10 sec = 2045.4596 Mbps     0 retrans
   23.6250 MB /   0.10 sec = 1981.6303 Mbps     0 retrans
   22.5000 MB /   0.10 sec = 1887.5312 Mbps     0 retrans
   23.7500 MB /   0.10 sec = 1991.9956 Mbps     0 retrans
   22.8750 MB /   0.10 sec = 1918.7406 Mbps     0 retrans
   24.1875 MB /   0.10 sec = 2029.3193 Mbps     0 retrans
   23.8125 MB /   0.10 sec = 1997.4374 Mbps     0 retrans
   23.6250 MB /   0.10 sec = 1981.5709 Mbps     0 retrans
   23.8125 MB /   0.10 sec = 1997.8170 Mbps     0 retrans
   23.7500 MB /   0.10 sec = 1991.6173 Mbps     0 retrans
   23.8750 MB /   0.10 sec = 2003.2810 Mbps     0 retrans
   25.0000 MB /   0.10 sec = 2097.2778 Mbps     0 retrans
   24.0625 MB /   0.10 sec = 2017.7421 Mbps     0 retrans
   23.1875 MB /   0.10 sec = 1945.4976 Mbps     0 retrans
   23.8750 MB /   0.10 sec = 2002.6800 Mbps     0 retrans
   24.0625 MB /   0.10 sec = 2018.9328 Mbps     0 retrans
   24.0000 MB /   0.10 sec = 2011.3350 Mbps     0 retrans
   24.1875 MB /   0.10 sec = 2030.5174 Mbps     0 retrans
   24.1250 MB /   0.10 sec = 2023.8326 Mbps     0 retrans
   23.5625 MB /   0.10 sec = 1976.6844 Mbps     0 retrans
   24.1250 MB /   0.10 sec = 2023.8529 Mbps     0 retrans
   23.9375 MB /   0.10 sec = 2008.0632 Mbps     0 retrans
   24.2500 MB /   0.10 sec = 2034.0747 Mbps     0 retrans
   23.6875 MB /   0.10 sec = 1986.6542 Mbps     0 retrans
   23.6875 MB /   0.10 sec = 1987.2900 Mbps     0 retrans
   23.8125 MB /   0.10 sec = 1996.6588 Mbps     0 retrans
   24.8750 MB /   0.10 sec = 2087.6892 Mbps     0 retrans
   23.6875 MB /   0.10 sec = 1987.2900 Mbps     0 retrans
   24.0000 MB /   0.10 sec = 2012.5414 Mbps     0 retrans
   23.6875 MB /   0.10 sec = 1987.8665 Mbps     0 retrans
   24.1875 MB /   0.10 sec = 2028.8931 Mbps     0 retrans
   23.9375 MB /   0.10 sec = 2008.1234 Mbps     0 retrans
   23.8125 MB /   0.10 sec = 1997.4374 Mbps     0 retrans
   23.3750 MB /   0.10 sec = 1960.4450 Mbps     0 retrans
   23.6875 MB /   0.10 sec = 1986.9919 Mbps     0 retrans
   23.5000 MB /   0.10 sec = 1971.3820 Mbps     0 retrans
   22.7500 MB /   0.10 sec = 1908.5228 Mbps     0 retrans
   22.7500 MB /   0.10 sec = 1908.3511 Mbps     0 retrans
   23.4375 MB /   0.10 sec = 1964.6654 Mbps     0 retrans
   23.8125 MB /   0.10 sec = 1999.1966 Mbps     0 retrans
   23.2500 MB /   0.10 sec = 1949.8444 Mbps     0 retrans
   23.3125 MB /   0.10 sec = 1955.9659 Mbps     0 retrans
   24.1250 MB /   0.10 sec = 2024.2982 Mbps     0 retrans
   23.6250 MB /   0.10 sec = 1981.6501 Mbps     0 retrans
   24.1250 MB /   0.10 sec = 2023.6100 Mbps     0 retrans
   23.0625 MB /   0.10 sec = 1934.5840 Mbps     0 retrans
   24.1250 MB /   0.10 sec = 2023.2256 Mbps     0 retrans
   23.9375 MB /   0.10 sec = 2008.2640 Mbps     0 retrans
   23.8125 MB /   0.10 sec = 1997.8569 Mbps     0 retrans
   23.8750 MB /   0.10 sec = 2002.6600 Mbps     0 retrans
   24.0625 MB /   0.10 sec = 2017.5605 Mbps     0 retrans
   23.8125 MB /   0.10 sec = 1998.4966 Mbps     0 retrans
   23.9375 MB /   0.10 sec = 2008.1435 Mbps     0 retrans
   22.6250 MB /   0.10 sec = 1894.9853 Mbps     0 retrans
   24.3125 MB /   0.10 sec = 2040.8273 Mbps     0 retrans
   23.8125 MB /   0.10 sec = 1999.1166 Mbps     0 retrans
   23.6250 MB /   0.10 sec = 1980.4223 Mbps     0 retrans
   24.3125 MB /   0.10 sec = 2040.2964 Mbps     0 retrans
   23.5000 MB /   0.10 sec = 1972.3880 Mbps     0 retrans
   23.6250 MB /   0.10 sec = 1981.6897 Mbps     0 retrans
   23.4375 MB /   0.10 sec = 1965.8048 Mbps     0 retrans
   23.8125 MB /   0.10 sec = 1997.5173 Mbps     0 retrans
   23.5625 MB /   0.10 sec = 1976.3681 Mbps     0 retrans
   24.0000 MB /   0.10 sec = 2013.8096 Mbps     0 retrans
   23.0625 MB /   0.10 sec = 1933.1149 Mbps     0 retrans
   22.6250 MB /   0.10 sec = 1899.3281 Mbps     0 retrans
   24.0000 MB /   0.10 sec = 2013.3062 Mbps     0 retrans
   23.3750 MB /   0.10 sec = 1960.5234 Mbps     0 retrans
   23.8125 MB /   0.10 sec = 1997.0380 Mbps     0 retrans
   23.8125 MB /   0.10 sec = 1998.1367 Mbps     0 retrans
   23.3125 MB /   0.10 sec = 1955.7507 Mbps     0 retrans
   24.1875 MB /   0.10 sec = 2028.7105 Mbps     0 retrans
   23.9375 MB /   0.10 sec = 2007.9628 Mbps     0 retrans
   23.6875 MB /   0.10 sec = 1986.8727 Mbps     0 retrans
   23.4375 MB /   0.10 sec = 1966.7684 Mbps     0 retrans
   23.1250 MB /   0.10 sec = 1939.4001 Mbps     0 retrans
   22.8125 MB /   0.10 sec = 1914.0914 Mbps     0 retrans
   22.4375 MB /   0.10 sec = 1882.0622 Mbps     0 retrans
   22.3125 MB /   0.10 sec = 1870.4550 Mbps     0 retrans
   22.7500 MB /   0.10 sec = 1909.5923 Mbps     0 retrans
   22.6250 MB /   0.10 sec = 1897.8277 Mbps     0 retrans
   23.2500 MB /   0.10 sec = 1950.2538 Mbps     0 retrans
   23.6875 MB /   0.10 sec = 1987.1708 Mbps     0 retrans
   23.8125 MB /   0.10 sec = 1997.7970 Mbps     0 retrans
   23.8125 MB /   0.10 sec = 1997.0380 Mbps     0 retrans
   23.7500 MB /   0.10 sec = 1992.0753 Mbps     0 retrans
   23.8750 MB /   0.10 sec = 2002.9404 Mbps     0 retrans
   19.3125 MB /   0.10 sec = 1619.7422 Mbps     0 retrans
   25.5625 MB /   0.10 sec = 2144.8312 Mbps     0 retrans
   21.6250 MB /   0.10 sec = 1813.8732 Mbps     0 retrans
   22.6250 MB /   0.10 sec = 1898.1693 Mbps     0 retrans
   22.9375 MB /   0.10 sec = 1924.3294 Mbps     0 retrans
   23.9375 MB /   0.10 sec = 2007.9026 Mbps     0 retrans
   22.1875 MB /   0.10 sec = 1861.0735 Mbps     0 retrans
   23.3750 MB /   0.10 sec = 1961.1313 Mbps     0 retrans
   22.2500 MB /   0.10 sec = 1866.4466 Mbps     0 retrans
   23.8125 MB /   0.10 sec = 1997.5972 Mbps     0 retrans
   23.6250 MB /   0.10 sec = 1981.6897 Mbps     0 retrans
   23.5625 MB /   0.10 sec = 1976.3088 Mbps     0 retrans
   23.8125 MB /   0.10 sec = 1997.8569 Mbps     0 retrans
   23.1250 MB /   0.10 sec = 1939.6328 Mbps     0 retrans
   23.1875 MB /   0.10 sec = 1945.3614 Mbps     0 retrans
   23.3750 MB /   0.10 sec = 1961.1509 Mbps     0 retrans
   23.5625 MB /   0.10 sec = 1976.2298 Mbps     0 retrans
   23.7500 MB /   0.10 sec = 1992.2147 Mbps     0 retrans
   23.5000 MB /   0.10 sec = 1971.3229 Mbps     0 retrans
   16.3750 MB /   0.10 sec = 1373.1814 Mbps     0 retrans
   18.1875 MB /   0.10 sec = 1525.9833 Mbps     0 retrans
   22.6250 MB /   0.10 sec = 1898.2073 Mbps     0 retrans
   17.3750 MB /   0.10 sec = 1457.4332 Mbps     0 retrans
   23.7500 MB /   0.10 sec = 1992.3940 Mbps     0 retrans
   19.7500 MB /   0.10 sec = 1657.1312 Mbps     0 retrans
   20.5000 MB /   0.10 sec = 1718.8396 Mbps     0 retrans
   17.0000 MB /   0.10 sec = 1426.4913 Mbps     0 retrans
   21.6875 MB /   0.10 sec = 1819.3339 Mbps     0 retrans
   21.0000 MB /   0.10 sec = 1761.6077 Mbps     0 retrans
   21.7500 MB /   0.10 sec = 1823.3735 Mbps     0 retrans
   20.4375 MB /   0.10 sec = 1715.2451 Mbps     0 retrans
   20.6875 MB /   0.10 sec = 1735.3239 Mbps     0 retrans
   20.0625 MB /   0.10 sec = 1683.2338 Mbps     0 retrans
   18.6875 MB /   0.10 sec = 1567.5898 Mbps     0 retrans
   23.0000 MB /   0.10 sec = 1929.3991 Mbps     0 retrans
   22.6250 MB /   0.10 sec = 1897.7138 Mbps     0 retrans
   22.0625 MB /   0.10 sec = 1851.2550 Mbps     0 retrans
   20.1875 MB /   0.10 sec = 1692.6378 Mbps     0 retrans
   19.8125 MB /   0.10 sec = 1662.8077 Mbps     0 retrans
   19.8750 MB /   0.10 sec = 1667.0358 Mbps     0 retrans
   17.9375 MB /   0.10 sec = 1504.8119 Mbps     0 retrans
   20.2500 MB /   0.10 sec = 1698.1497 Mbps     0 retrans
   21.1250 MB /   0.10 sec = 1772.2175 Mbps     0 retrans
   21.4375 MB /   0.10 sec = 1798.7215 Mbps     0 retrans
   18.1250 MB /   0.10 sec = 1518.9770 Mbps     0 retrans
   20.1250 MB /   0.10 sec = 1689.5083 Mbps     0 retrans
   21.8750 MB /   0.10 sec = 1835.2099 Mbps     0 retrans
   20.5625 MB /   0.10 sec = 1724.8213 Mbps     0 retrans
   21.6875 MB /   0.10 sec = 1819.2248 Mbps     0 retrans
   22.1250 MB /   0.10 sec = 1855.0705 Mbps     0 retrans
   22.2500 MB /   0.10 sec = 1867.6793 Mbps     0 retrans
   20.9375 MB /   0.10 sec = 1756.2419 Mbps     0 retrans
   18.3125 MB /   0.10 sec = 1536.1331 Mbps     0 retrans
   21.0000 MB /   0.10 sec = 1761.7134 Mbps     0 retrans
   21.4375 MB /   0.10 sec = 1798.5417 Mbps     0 retrans
   22.5625 MB /   0.10 sec = 1892.5851 Mbps     0 retrans
   22.0000 MB /   0.10 sec = 1845.5307 Mbps     0 retrans
   21.4375 MB /   0.10 sec = 1798.0381 Mbps     0 retrans
   21.1875 MB /   0.10 sec = 1777.1408 Mbps     0 retrans
   20.3125 MB /   0.10 sec = 1703.1866 Mbps     0 retrans
   22.0625 MB /   0.10 sec = 1849.9966 Mbps     0 retrans
   21.0625 MB /   0.10 sec = 1768.3891 Mbps     0 retrans
   21.3750 MB /   0.10 sec = 1793.3340 Mbps     0 retrans
   22.2500 MB /   0.10 sec = 1866.2973 Mbps     0 retrans
   21.2500 MB /   0.10 sec = 1782.3475 Mbps     0 retrans
   19.9375 MB /   0.10 sec = 1671.2420 Mbps     0 retrans
   20.8125 MB /   0.10 sec = 1747.3643 Mbps     0 retrans
   22.0000 MB /   0.10 sec = 1845.3830 Mbps     0 retrans
   22.6875 MB /   0.10 sec = 1903.3748 Mbps     0 retrans
   21.0625 MB /   0.10 sec = 1760.9865 Mbps     0 retrans
   21.4375 MB /   0.10 sec = 1804.3886 Mbps     0 retrans
   22.3750 MB /   0.10 sec = 1876.4069 Mbps     0 retrans
   18.1875 MB /   0.11 sec = 1399.3709 Mbps     0 retrans
   21.1250 MB /   0.09 sec = 1948.5974 Mbps     0 retrans
   19.2500 MB /   0.10 sec = 1614.3873 Mbps     0 retrans
   21.8750 MB /   0.10 sec = 1834.9713 Mbps     0 retrans
   20.8125 MB /   0.10 sec = 1746.1934 Mbps     0 retrans
   21.6875 MB /   0.10 sec = 1816.7178 Mbps     0 retrans
   22.2500 MB /   0.10 sec = 1868.5581 Mbps     0 retrans
   22.3125 MB /   0.10 sec = 1872.3822 Mbps     0 retrans
   21.5625 MB /   0.10 sec = 1808.6308 Mbps     0 retrans
   22.5625 MB /   0.10 sec = 1892.4337 Mbps     0 retrans
   19.1250 MB /   0.10 sec = 1562.1586 Mbps     0 retrans
   18.3125 MB /   0.10 sec = 1578.7263 Mbps     0 retrans
   12.3125 MB /   0.10 sec = 1032.5892 Mbps     0 retrans
   19.5625 MB /   0.10 sec = 1637.5335 Mbps     0 retrans
   15.8750 MB /   0.10 sec = 1333.2247 Mbps     0 retrans
   17.8125 MB /   0.10 sec = 1496.4205 Mbps     0 retrans
   17.7500 MB /   0.10 sec = 1488.6504 Mbps     0 retrans
   16.1875 MB /   0.10 sec = 1358.1368 Mbps     0 retrans
   19.4375 MB /   0.10 sec = 1628.0610 Mbps     0 retrans
   17.8125 MB /   0.10 sec = 1482.2884 Mbps     0 retrans
   18.5625 MB /   0.10 sec = 1569.8353 Mbps     0 retrans
   15.1250 MB /   0.10 sec = 1270.2123 Mbps     0 retrans
   15.5625 MB /   0.10 sec = 1305.5032 Mbps     0 retrans
   17.0625 MB /   0.10 sec = 1430.6767 Mbps     0 retrans
   19.3750 MB /   0.10 sec = 1626.6592 Mbps     0 retrans
   19.3750 MB /   0.10 sec = 1624.9516 Mbps     0 retrans
   19.7500 MB /   0.10 sec = 1656.9489 Mbps     0 retrans
   19.1875 MB /   0.10 sec = 1609.6768 Mbps     0 retrans
   14.7500 MB /   0.10 sec = 1237.3197 Mbps     0 retrans
   17.6875 MB /   0.10 sec = 1483.7054 Mbps     0 retrans
   16.4375 MB /   0.10 sec = 1377.5550 Mbps     0 retrans
   18.8750 MB /   0.10 sec = 1584.6016 Mbps     0 retrans
   19.0000 MB /   0.10 sec = 1593.8674 Mbps     0 retrans
   20.1875 MB /   0.10 sec = 1693.6027 Mbps     0 retrans
   18.7500 MB /   0.10 sec = 1572.7067 Mbps     0 retrans
   19.8125 MB /   0.10 sec = 1662.0594 Mbps     0 retrans
   16.3125 MB /   0.10 sec = 1368.4327 Mbps     0 retrans
    9.9375 MB /   0.10 sec =  833.4679 Mbps     0 retrans
nuttcp-r: 5819.3460 MB in 30.33 real seconds = 196447.18 KB/sec = 1609.2953 Mbps
nuttcp-r: 110683 I/O calls, msec/call = 0.28, calls/sec = 3648.82
nuttcp-r: 0.0user 1.6sys 0:30real 5% 0i+0d 1256maxrss 0+1pf 17487+585csw

nuttcp-t: Warning: send window size 25000000 < requested window size 26214400
nuttcp-t: v6.1.2: socket
nuttcp-t: buflen=65536, nstream=1, port=5003 tcp -> 107.127.10.66
nuttcp-t: time limit = 30.00 seconds
nuttcp-t: accept from 107.127.10.66 with mss=1378
nuttcp-t: send window size = 50000000, receive window size = 25000000
nuttcp-t: available send window = 25000000, available receive window = 12500000
nuttcp-t: 5819.3460 MB in 30.00 real seconds = 198632.09 KB/sec = 1627.1941 Mbps
nuttcp-t: retrans = 0
nuttcp-t: 93110 I/O calls, msec/call = 0.33, calls/sec = 3103.64
nuttcp-t: 0.0user 3.0sys 0:30real 10% 0i+0d 100maxrss 0+0pf 318+35csw
