1660435876103
nuttcp-r: v8.1.4: socket
nuttcp-r: buflen=65536, nstream=1, port=5003 tcp
nuttcp-r: interval reporting every 0.10 seconds
nuttcp-r: connect to 3.19.94.93 with RTT=129.525 ms af=inet
nuttcp-r: send window size = 2097152, receive window size = 52428800
nuttcp-r: available send window = 1572864, available receive window = 39321600
    0.0000 MB /   0.10 sec =    0.0000 Mbps    -1 retrans
    0.0000 MB /   0.10 sec =    0.0000 Mbps     0 retrans
    0.0625 MB /   0.10 sec =    5.2387 Mbps     1 retrans
    0.1250 MB /   0.10 sec =   10.4896 Mbps     0 retrans
    0.6250 MB /   0.10 sec =   52.4068 Mbps     0 retrans
    0.8125 MB /   0.10 sec =   68.2154 Mbps     0 retrans
    1.6875 MB /   0.10 sec =  141.5464 Mbps     0 retrans
    6.2500 MB /   0.10 sec =  524.4401 Mbps     0 retrans
   14.3125 MB /   0.10 sec = 1200.4034 Mbps     0 retrans
   16.1875 MB /   0.10 sec = 1357.7158 Mbps     0 retrans
   17.5625 MB /   0.10 sec = 1473.3819 Mbps     0 retrans
   18.5000 MB /   0.10 sec = 1551.9856 Mbps     0 retrans
   19.5625 MB /   0.10 sec = 1640.9230 Mbps     0 retrans
   19.5000 MB /   0.10 sec = 1635.6477 Mbps     0 retrans
   19.7500 MB /   0.10 sec = 1657.0981 Mbps     0 retrans
   20.0625 MB /   0.10 sec = 1682.9981 Mbps     0 retrans
   11.9375 MB /   0.10 sec = 1001.2699 Mbps     0 retrans
    4.1875 MB /   0.10 sec =  351.3186 Mbps     0 retrans
   20.7500 MB /   0.10 sec = 1740.3925 Mbps     0 retrans
   12.7500 MB /   0.10 sec = 1069.4940 Mbps     0 retrans
   12.5000 MB /   0.10 sec = 1048.5026 Mbps     0 retrans
   23.2500 MB /   0.10 sec = 1950.6049 Mbps     0 retrans
   12.8125 MB /   0.10 sec = 1074.2318 Mbps     0 retrans
   13.9375 MB /   0.10 sec = 1169.6535 Mbps     0 retrans
   15.9375 MB /   0.10 sec = 1336.8809 Mbps     0 retrans
    9.8750 MB /   0.10 sec =  828.5905 Mbps     0 retrans
   12.8125 MB /   0.10 sec = 1074.6185 Mbps     0 retrans
   10.0000 MB /   0.10 sec =  838.9195 Mbps     0 retrans
   13.2500 MB /   0.10 sec = 1111.3572 Mbps     0 retrans
   10.4375 MB /   0.10 sec =  875.3596 Mbps     0 retrans
   13.1250 MB /   0.10 sec = 1101.3022 Mbps     0 retrans
   10.7500 MB /   0.10 sec =  901.8205 Mbps     0 retrans
   13.5000 MB /   0.10 sec = 1132.4508 Mbps     0 retrans
   11.0625 MB /   0.10 sec =  928.0362 Mbps     0 retrans
   13.2500 MB /   0.10 sec = 1110.4135 Mbps     0 retrans
   11.1250 MB /   0.10 sec =  934.0640 Mbps     0 retrans
   12.9375 MB /   0.10 sec = 1084.7555 Mbps     0 retrans
   11.3125 MB /   0.10 sec =  949.3885 Mbps     0 retrans
   12.8125 MB /   0.10 sec = 1074.9194 Mbps     0 retrans
   11.6875 MB /   0.10 sec =  980.2421 Mbps     0 retrans
   12.9375 MB /   0.10 sec = 1084.3761 Mbps     0 retrans
   11.2500 MB /   0.10 sec =  944.6820 Mbps     0 retrans
   12.5625 MB /   0.10 sec = 1053.7030 Mbps     0 retrans
   12.3750 MB /   0.10 sec = 1038.2044 Mbps     0 retrans
   11.8750 MB /   0.10 sec =  996.1273 Mbps     0 retrans
   12.5625 MB /   0.10 sec = 1053.7557 Mbps     0 retrans
    6.6875 MB /   0.10 sec =  560.6966 Mbps     0 retrans
    8.8750 MB /   0.10 sec =  744.9508 Mbps     0 retrans
    9.9375 MB /   0.10 sec =  833.0681 Mbps     0 retrans
   12.6250 MB /   0.10 sec = 1059.1783 Mbps     0 retrans
   12.1875 MB /   0.10 sec = 1022.7912 Mbps     0 retrans
   10.3750 MB /   0.10 sec =  869.9005 Mbps     0 retrans
   14.1875 MB /   0.10 sec = 1190.1933 Mbps     0 retrans
   10.0625 MB /   0.10 sec =  844.2725 Mbps     0 retrans
   14.1875 MB /   0.10 sec = 1189.6817 Mbps     0 retrans
   11.3750 MB /   0.10 sec =  954.6051 Mbps     0 retrans
   13.1250 MB /   0.10 sec = 1101.0048 Mbps     0 retrans
   12.4375 MB /   0.10 sec = 1043.3436 Mbps     0 retrans
   11.4375 MB /   0.10 sec =  959.1401 Mbps     0 retrans
   13.0000 MB /   0.10 sec = 1091.2065 Mbps     0 retrans
   11.6250 MB /   0.10 sec =  975.0197 Mbps     0 retrans
   12.0000 MB /   0.10 sec = 1006.6229 Mbps     0 retrans
   13.9375 MB /   0.10 sec = 1169.0921 Mbps     0 retrans
   12.4375 MB /   0.10 sec = 1043.2705 Mbps     0 retrans
   13.7500 MB /   0.10 sec = 1153.4105 Mbps     0 retrans
   11.9375 MB /   0.10 sec = 1001.5704 Mbps     0 retrans
   13.9375 MB /   0.10 sec = 1168.8116 Mbps     0 retrans
   12.2500 MB /   0.10 sec = 1028.0157 Mbps     0 retrans
   14.1875 MB /   0.10 sec = 1190.0624 Mbps     0 retrans
   11.4375 MB /   0.10 sec =  959.4183 Mbps     0 retrans
   13.8750 MB /   0.10 sec = 1163.7564 Mbps     0 retrans
   11.9375 MB /   0.10 sec = 1001.4702 Mbps     0 retrans
   14.5000 MB /   0.10 sec = 1215.1937 Mbps     0 retrans
   12.1875 MB /   0.10 sec = 1023.2826 Mbps     0 retrans
   13.7500 MB /   0.10 sec = 1153.6297 Mbps     0 retrans
   11.8125 MB /   0.10 sec =  990.8944 Mbps     0 retrans
   13.5625 MB /   0.10 sec = 1137.6367 Mbps     0 retrans
   13.0625 MB /   0.10 sec = 1095.6524 Mbps     0 retrans
   13.0000 MB /   0.10 sec = 1090.7917 Mbps     0 retrans
   13.5625 MB /   0.10 sec = 1137.4661 Mbps     0 retrans
   12.6875 MB /   0.10 sec = 1063.8047 Mbps     0 retrans
   14.0625 MB /   0.10 sec = 1180.2145 Mbps     0 retrans
   12.3125 MB /   0.10 sec = 1032.7338 Mbps     0 retrans
   14.3750 MB /   0.10 sec = 1206.0192 Mbps     0 retrans
   12.5000 MB /   0.10 sec = 1047.6855 Mbps     0 retrans
   14.7500 MB /   0.10 sec = 1238.2608 Mbps     0 retrans
   13.0625 MB /   0.10 sec = 1095.9044 Mbps     0 retrans
   13.8125 MB /   0.10 sec = 1158.7460 Mbps     0 retrans
   13.5625 MB /   0.10 sec = 1137.6708 Mbps     0 retrans
    7.1875 MB /   0.10 sec =  602.7142 Mbps     0 retrans
   16.1875 MB /   0.10 sec = 1357.6480 Mbps     0 retrans
   10.0625 MB /   0.10 sec =  844.4752 Mbps     0 retrans
    9.6250 MB /   0.10 sec =  807.3309 Mbps     0 retrans
    9.5000 MB /   0.10 sec =  796.8699 Mbps     0 retrans
    9.6250 MB /   0.10 sec =  807.2259 Mbps     0 retrans
    9.6875 MB /   0.10 sec =  812.8090 Mbps     0 retrans
    9.8125 MB /   0.10 sec =  823.0828 Mbps     0 retrans
   10.0000 MB /   0.10 sec =  839.0622 Mbps     0 retrans
    9.8125 MB /   0.10 sec =  822.5810 Mbps     0 retrans
    9.6250 MB /   0.10 sec =  807.7993 Mbps     0 retrans
   10.5625 MB /   0.10 sec =  886.1885 Mbps     0 retrans
    9.1875 MB /   0.10 sec =  770.5030 Mbps     0 retrans
   10.5625 MB /   0.10 sec =  886.0113 Mbps     0 retrans
    9.8125 MB /   0.10 sec =  823.3298 Mbps     0 retrans
   10.3125 MB /   0.10 sec =  865.0579 Mbps     0 retrans
    9.6250 MB /   0.10 sec =  807.2582 Mbps     0 retrans
   10.6875 MB /   0.10 sec =  896.5773 Mbps     0 retrans
    8.9375 MB /   0.10 sec =  749.8293 Mbps     0 retrans
   10.1875 MB /   0.10 sec =  854.6664 Mbps     0 retrans
    7.2500 MB /   0.10 sec =  608.2045 Mbps     0 retrans
    7.4375 MB /   0.10 sec =  623.7904 Mbps     0 retrans
    7.3125 MB /   0.10 sec =  613.4292 Mbps     0 retrans
    7.4375 MB /   0.10 sec =  623.9776 Mbps     0 retrans
    7.3125 MB /   0.10 sec =  613.5029 Mbps     0 retrans
    7.5000 MB /   0.10 sec =  628.8375 Mbps     0 retrans
    7.1875 MB /   0.10 sec =  603.2328 Mbps     0 retrans
    7.9375 MB /   0.10 sec =  665.1872 Mbps     0 retrans
    7.0000 MB /   0.10 sec =  587.7198 Mbps     0 retrans
    8.2500 MB /   0.10 sec =  692.0602 Mbps     0 retrans
    6.7500 MB /   0.10 sec =  566.2480 Mbps     0 retrans
    8.0000 MB /   0.10 sec =  671.0752 Mbps     0 retrans
    7.2500 MB /   0.10 sec =  608.2167 Mbps     0 retrans
    8.5000 MB /   0.10 sec =  712.6540 Mbps     0 retrans
    7.0000 MB /   0.10 sec =  587.5316 Mbps     0 retrans
    7.6875 MB /   0.10 sec =  644.8098 Mbps     0 retrans
    7.6250 MB /   0.10 sec =  639.5546 Mbps     0 retrans
    7.9375 MB /   0.10 sec =  665.9323 Mbps     0 retrans
    7.3750 MB /   0.10 sec =  618.5609 Mbps     0 retrans
    8.6875 MB /   0.10 sec =  728.5782 Mbps     0 retrans
    6.8125 MB /   0.10 sec =  571.0628 Mbps     0 retrans
    8.3125 MB /   0.10 sec =  697.9801 Mbps     0 retrans
    7.6875 MB /   0.10 sec =  644.9839 Mbps     0 retrans
    8.3750 MB /   0.10 sec =  702.2510 Mbps     0 retrans
    7.6875 MB /   0.10 sec =  645.1387 Mbps     0 retrans
    8.3125 MB /   0.10 sec =  697.2961 Mbps     0 retrans
    7.8125 MB /   0.10 sec =  655.2552 Mbps     0 retrans
    8.0625 MB /   0.10 sec =  675.2511 Mbps     0 retrans
    8.0000 MB /   0.10 sec =  672.0833 Mbps     0 retrans
    7.9375 MB /   0.10 sec =  665.8524 Mbps     0 retrans
    8.2500 MB /   0.10 sec =  692.2471 Mbps     0 retrans
    7.6875 MB /   0.10 sec =  644.9194 Mbps     0 retrans
    8.6250 MB /   0.10 sec =  723.2932 Mbps     0 retrans
    7.8125 MB /   0.10 sec =  655.5501 Mbps     0 retrans
    8.3750 MB /   0.10 sec =  702.3563 Mbps     0 retrans
    8.0625 MB /   0.10 sec =  676.3856 Mbps     0 retrans
    8.3125 MB /   0.10 sec =  697.3170 Mbps     0 retrans
    7.7500 MB /   0.10 sec =  650.1756 Mbps     0 retrans
    8.7500 MB /   0.10 sec =  734.0326 Mbps     0 retrans
    6.9375 MB /   0.10 sec =  581.9306 Mbps     0 retrans
    8.5625 MB /   0.10 sec =  718.2530 Mbps     0 retrans
    8.0000 MB /   0.10 sec =  671.0484 Mbps     0 retrans
    8.8750 MB /   0.10 sec =  744.2880 Mbps     0 retrans
    7.9375 MB /   0.10 sec =  665.7992 Mbps     0 retrans
    9.3125 MB /   0.10 sec =  781.3767 Mbps     0 retrans
    7.4375 MB /   0.10 sec =  623.7468 Mbps     0 retrans
    8.7500 MB /   0.10 sec =  734.3043 Mbps     0 retrans
    7.4375 MB /   0.10 sec =  623.8154 Mbps     0 retrans
    8.8125 MB /   0.10 sec =  739.2683 Mbps     0 retrans
    8.3750 MB /   0.10 sec =  702.1948 Mbps     0 retrans
    8.8750 MB /   0.10 sec =  744.9881 Mbps     0 retrans
    7.8750 MB /   0.10 sec =  660.6491 Mbps     0 retrans
    8.8125 MB /   0.10 sec =  739.2165 Mbps     0 retrans
    8.1875 MB /   0.10 sec =  686.7623 Mbps     0 retrans
    8.8750 MB /   0.10 sec =  744.4666 Mbps     0 retrans
    7.7500 MB /   0.10 sec =  650.1691 Mbps     0 retrans
    8.3125 MB /   0.10 sec =  697.2612 Mbps     0 retrans
    8.6875 MB /   0.10 sec =  728.8186 Mbps     0 retrans
    8.5625 MB /   0.10 sec =  718.1956 Mbps     0 retrans
    8.6250 MB /   0.10 sec =  723.5753 Mbps     0 retrans
    6.7500 MB /   0.10 sec =  566.1914 Mbps     0 retrans
    9.6875 MB /   0.10 sec =  812.4108 Mbps     0 retrans
    7.6250 MB /   0.10 sec =  639.8233 Mbps     0 retrans
    8.6875 MB /   0.10 sec =  728.7239 Mbps     0 retrans
    8.1875 MB /   0.10 sec =  686.7555 Mbps     0 retrans
    9.0625 MB /   0.10 sec =  760.1340 Mbps     0 retrans
    8.3125 MB /   0.10 sec =  697.6239 Mbps     0 retrans
    8.1875 MB /   0.10 sec =  686.7623 Mbps     0 retrans
    9.0625 MB /   0.10 sec =  760.0200 Mbps     0 retrans
    7.5625 MB /   0.10 sec =  634.3504 Mbps     0 retrans
    9.8125 MB /   0.10 sec =  823.1239 Mbps     0 retrans
    7.3750 MB /   0.10 sec =  617.9739 Mbps     0 retrans
   10.0625 MB /   0.10 sec =  845.3379 Mbps     0 retrans
    7.5625 MB /   0.10 sec =  634.2299 Mbps     0 retrans
    9.6250 MB /   0.10 sec =  807.6862 Mbps     0 retrans
    7.8125 MB /   0.10 sec =  655.3534 Mbps     0 retrans
    9.3750 MB /   0.10 sec =  786.4005 Mbps     0 retrans
    7.5000 MB /   0.10 sec =  628.9632 Mbps     0 retrans
    9.4375 MB /   0.10 sec =  791.6353 Mbps     0 retrans
    7.6875 MB /   0.10 sec =  644.5004 Mbps     0 retrans
    9.4375 MB /   0.10 sec =  791.7303 Mbps     0 retrans
    8.0625 MB /   0.10 sec =  675.4804 Mbps     0 retrans
    9.0000 MB /   0.10 sec =  756.4346 Mbps     0 retrans
    8.3125 MB /   0.10 sec =  697.3728 Mbps     0 retrans
    9.1250 MB /   0.10 sec =  765.3686 Mbps     0 retrans
    8.3750 MB /   0.10 sec =  702.2720 Mbps     0 retrans
    8.0625 MB /   0.10 sec =  676.6969 Mbps     0 retrans
    8.1875 MB /   0.10 sec =  686.6937 Mbps     0 retrans
    7.3750 MB /   0.10 sec =  618.7217 Mbps     0 retrans
    9.5625 MB /   0.10 sec =  801.5995 Mbps     0 retrans
    6.5625 MB /   0.10 sec =  550.0569 Mbps     0 retrans
    8.6875 MB /   0.10 sec =  729.9063 Mbps     0 retrans
    9.0625 MB /   0.10 sec =  759.9212 Mbps     0 retrans
    7.8125 MB /   0.10 sec =  654.5157 Mbps     0 retrans
    9.6250 MB /   0.10 sec =  808.8271 Mbps     0 retrans
    7.9375 MB /   0.10 sec =  665.6328 Mbps     0 retrans
    8.4375 MB /   0.10 sec =  707.9021 Mbps     0 retrans
    9.3750 MB /   0.10 sec =  786.1804 Mbps     0 retrans
    8.5000 MB /   0.10 sec =  713.2813 Mbps     0 retrans
    9.0625 MB /   0.10 sec =  760.2100 Mbps     0 retrans
    7.6875 MB /   0.10 sec =  644.7969 Mbps     0 retrans
    9.5625 MB /   0.10 sec =  802.1205 Mbps     0 retrans
    7.9375 MB /   0.10 sec =  665.9257 Mbps     0 retrans
   10.0625 MB /   0.10 sec =  843.9265 Mbps     0 retrans
    7.6250 MB /   0.10 sec =  639.7401 Mbps     0 retrans
    9.1875 MB /   0.10 sec =  770.6879 Mbps     0 retrans
    8.1250 MB /   0.10 sec =  681.6085 Mbps     0 retrans
    9.4375 MB /   0.10 sec =  791.6116 Mbps     0 retrans
    8.0625 MB /   0.10 sec =  676.3856 Mbps     0 retrans
    9.9375 MB /   0.10 sec =  833.6513 Mbps     0 retrans
    7.6875 MB /   0.10 sec =  644.9258 Mbps     0 retrans
    9.5625 MB /   0.10 sec =  801.9601 Mbps     0 retrans
    8.1250 MB /   0.10 sec =  681.7448 Mbps     0 retrans
    7.8750 MB /   0.10 sec =  660.3717 Mbps     0 retrans
    9.8125 MB /   0.10 sec =  823.1898 Mbps     0 retrans
    7.0000 MB /   0.10 sec =  587.1732 Mbps     0 retrans
   10.2500 MB /   0.10 sec =  859.9871 Mbps     0 retrans
    7.0000 MB /   0.10 sec =  587.1497 Mbps     0 retrans
    9.1875 MB /   0.10 sec =  770.7573 Mbps     0 retrans
    8.2500 MB /   0.10 sec =  691.9702 Mbps     0 retrans
    9.7500 MB /   0.10 sec =  818.0120 Mbps     0 retrans
    7.8750 MB /   0.10 sec =  660.3189 Mbps     0 retrans
    9.1250 MB /   0.10 sec =  765.7285 Mbps     0 retrans
    8.5000 MB /   0.10 sec =  713.1957 Mbps     0 retrans
    7.8750 MB /   0.10 sec =  660.4972 Mbps     0 retrans
    9.5000 MB /   0.10 sec =  796.9098 Mbps     0 retrans
    7.1875 MB /   0.10 sec =  602.8649 Mbps     0 retrans
    9.3750 MB /   0.10 sec =  785.5679 Mbps     0 retrans
    7.8125 MB /   0.10 sec =  656.0883 Mbps     0 retrans
    9.5000 MB /   0.10 sec =  796.9178 Mbps     0 retrans
    7.7500 MB /   0.10 sec =  650.0651 Mbps     0 retrans
    6.5000 MB /   0.10 sec =  545.2105 Mbps     0 retrans
    8.2500 MB /   0.10 sec =  692.3717 Mbps     0 retrans
    4.4375 MB /   0.10 sec =  372.1217 Mbps     0 retrans
    8.4375 MB /   0.10 sec =  707.9445 Mbps     0 retrans
    9.1875 MB /   0.10 sec =  770.7188 Mbps     0 retrans
    8.0625 MB /   0.10 sec =  676.1895 Mbps     0 retrans
    9.6250 MB /   0.10 sec =  807.2421 Mbps     0 retrans
    8.3125 MB /   0.10 sec =  697.6030 Mbps     0 retrans
    9.3750 MB /   0.10 sec =  786.4241 Mbps     0 retrans
    7.4375 MB /   0.10 sec =  623.5785 Mbps     0 retrans
   10.1250 MB /   0.10 sec =  849.4400 Mbps     0 retrans
    6.8125 MB /   0.10 sec =  571.7140 Mbps     0 retrans
   10.7500 MB /   0.10 sec =  901.7934 Mbps     0 retrans
    6.9375 MB /   0.10 sec =  578.1152 Mbps     0 retrans
   10.2500 MB /   0.10 sec =  865.4665 Mbps     0 retrans
    6.4375 MB /   0.10 sec =  540.0490 Mbps     0 retrans
    7.1875 MB /   0.10 sec =  602.6359 Mbps     0 retrans
   10.4375 MB /   0.10 sec =  876.0253 Mbps     0 retrans
    6.0625 MB /   0.10 sec =  508.4933 Mbps     0 retrans
    7.0000 MB /   0.10 sec =  587.1438 Mbps     0 retrans
   10.6250 MB /   0.10 sec =  891.4322 Mbps     0 retrans
    7.0000 MB /   0.10 sec =  587.2730 Mbps     0 retrans
    9.7500 MB /   0.10 sec =  817.7012 Mbps     0 retrans
    7.9375 MB /   0.10 sec =  665.8857 Mbps     0 retrans
    6.5000 MB /   0.10 sec =  545.3195 Mbps     0 retrans
    7.8750 MB /   0.10 sec =  660.5236 Mbps     0 retrans
    9.8750 MB /   0.10 sec =  828.1432 Mbps     0 retrans
    7.0625 MB /   0.10 sec =  592.7240 Mbps     0 retrans
   10.1250 MB /   0.10 sec =  849.3635 Mbps     0 retrans
    7.3750 MB /   0.10 sec =  618.5918 Mbps     0 retrans
   10.6875 MB /   0.10 sec =  896.4787 Mbps     0 retrans
    6.6875 MB /   0.10 sec =  560.8479 Mbps     0 retrans
   10.6875 MB /   0.10 sec =  896.4159 Mbps     0 retrans
    6.9375 MB /   0.10 sec =  581.9131 Mbps     0 retrans
    9.1875 MB /   0.10 sec =  771.1506 Mbps     0 retrans
    8.4375 MB /   0.10 sec =  707.8030 Mbps     0 retrans
    8.8750 MB /   0.10 sec =  744.4517 Mbps     0 retrans
    8.8750 MB /   0.10 sec =  744.3922 Mbps     0 retrans
    8.3125 MB /   0.10 sec =  697.3728 Mbps     0 retrans
    9.4375 MB /   0.10 sec =  791.5561 Mbps     0 retrans
    7.6250 MB /   0.10 sec =  639.7145 Mbps     0 retrans
   10.2500 MB /   0.10 sec =  859.8925 Mbps     0 retrans
    7.0625 MB /   0.10 sec =  591.7058 Mbps     0 retrans
   10.4375 MB /   0.10 sec =  876.5251 Mbps     0 retrans
    6.8125 MB /   0.10 sec =  571.3140 Mbps     0 retrans
   10.5000 MB /   0.10 sec =  880.8831 Mbps     0 retrans
    7.4375 MB /   0.10 sec =  624.0712 Mbps     0 retrans
   10.5625 MB /   0.10 sec =  886.0290 Mbps     0 retrans
    7.2500 MB /   0.10 sec =  608.1680 Mbps     0 retrans
   10.6250 MB /   0.10 sec =  891.4768 Mbps     0 retrans
    7.8125 MB /   0.10 sec =  655.0783 Mbps     0 retrans
   10.3750 MB /   0.10 sec =  870.3877 Mbps     0 retrans
    7.6875 MB /   0.10 sec =  645.0742 Mbps     0 retrans
   10.3750 MB /   0.10 sec =  870.3529 Mbps     0 retrans
    6.6250 MB /   0.10 sec =  555.7008 Mbps     0 retrans
    8.5000 MB /   0.10 sec =  712.8250 Mbps     0 retrans
    9.3750 MB /   0.10 sec =  786.3219 Mbps     0 retrans
    8.8125 MB /   0.10 sec =  739.5271 Mbps     0 retrans
    9.2500 MB /   0.10 sec =  775.8531 Mbps     0 retrans
    8.0000 MB /   0.10 sec =  671.0685 Mbps     0 retrans
   10.0000 MB /   0.10 sec =  838.6595 Mbps     0 retrans
    8.3125 MB /   0.10 sec =  697.2194 Mbps     0 retrans
    7.6250 MB /   0.10 sec =  639.4651 Mbps     0 retrans
    9.0000 MB /   0.10 sec =  755.5036 Mbps     0 retrans
    3.6250 MB /   0.10 sec =  304.1114 Mbps     0 retrans
nuttcp-r: 2909.3799 MB in 30.56 real seconds = 97489.21 KB/sec = 798.6316 Mbps
nuttcp-r: 55880 I/O calls, msec/call = 0.56, calls/sec = 1828.57
nuttcp-r: 0.0user 0.9sys 0:30real 3% 0i+0d 1246maxrss 0+1pf 9555+435csw

nuttcp-t: Warning: send window size 25000000 < requested window size 26214400
nuttcp-t: v6.1.2: socket
nuttcp-t: buflen=65536, nstream=1, port=5003 tcp -> 166.194.157.161
nuttcp-t: time limit = 30.00 seconds
nuttcp-t: accept from 166.194.157.161 with mss=1378
nuttcp-t: send window size = 50000000, receive window size = 25000000
nuttcp-t: available send window = 25000000, available receive window = 12500000
nuttcp-t: 2909.3799 MB in 30.00 real seconds = 99306.57 KB/sec = 813.5194 Mbps
nuttcp-t: retrans = 0
nuttcp-t: 46551 I/O calls, msec/call = 0.66, calls/sec = 1551.70
nuttcp-t: 0.0user 1.2sys 0:30real 4% 0i+0d 100maxrss 0+0pf 171+25csw
