1660436185381
nuttcp-t: v8.1.4: socket
nuttcp-t: buflen=65536, nstream=1, port=5003 tcp -> 3.19.94.93
nuttcp-t: time limit = 30.00 seconds
nuttcp-t: connect to 3.19.94.93 with mss=1358, RTT=129.848 ms af=inet
nuttcp-t: send window size = 33554432, receive window size = 6291456
nuttcp-t: available send window = 25165824, available receive window = 4718592
nuttcp-t: initial congestion window = 13 KB (10 packets)
nuttcp-r: Warning: receive window size 25000000 < requested window size 26214400
nuttcp-r: v6.1.2: socket
nuttcp-r: buflen=65536, nstream=1, port=5003 tcp
nuttcp-r: interval reporting every 0.10 seconds
nuttcp-r: accept from 166.194.157.161
nuttcp-r: send window size = 25000000, receive window size = 50000000
nuttcp-r: available send window = 12500000, available receive window = 25000000
    0.0000 MB /   0.10 sec =    0.0000 Mbps     0 retrans   2308 KB-cwnd
    0.0625 MB /   0.10 sec =    5.2425 Mbps     0 retrans   2308 KB-cwnd
    0.1250 MB /   0.10 sec =   10.4856 Mbps     0 retrans   2308 KB-cwnd
    0.2500 MB /   0.10 sec =   20.9761 Mbps     0 retrans   2308 KB-cwnd
    0.5000 MB /   0.10 sec =   41.9460 Mbps     0 retrans   2308 KB-cwnd
    1.3125 MB /   0.10 sec =  110.1214 Mbps     0 retrans   2308 KB-cwnd
    2.1250 MB /   0.10 sec =  178.2615 Mbps     0 retrans   2308 KB-cwnd
    1.9375 MB /   0.10 sec =  162.5049 Mbps     0 retrans   2308 KB-cwnd
    2.0625 MB /   0.10 sec =  173.0081 Mbps     0 retrans   2308 KB-cwnd
    2.0000 MB /   0.10 sec =  167.7470 Mbps     0 retrans   2688 KB-cwnd
    2.2500 MB /   0.10 sec =  188.5495 Mbps     0 retrans   2688 KB-cwnd
    2.0000 MB /   0.10 sec =  167.9485 Mbps     0 retrans   2688 KB-cwnd
    2.2500 MB /   0.10 sec =  188.7928 Mbps     0 retrans   2688 KB-cwnd
    2.1250 MB /   0.10 sec =  178.2508 Mbps     0 retrans   2688 KB-cwnd
    2.0625 MB /   0.10 sec =  173.0064 Mbps     0 retrans   2867 KB-cwnd
    2.1875 MB /   0.10 sec =  183.3083 Mbps     0 retrans   2867 KB-cwnd
    2.1875 MB /   0.10 sec =  183.6974 Mbps     0 retrans   2867 KB-cwnd
    2.1250 MB /   0.10 sec =  178.2775 Mbps     0 retrans   2867 KB-cwnd
    2.0625 MB /   0.10 sec =  172.9943 Mbps     0 retrans   2867 KB-cwnd
    2.0000 MB /   0.10 sec =  167.7957 Mbps     0 retrans   2867 KB-cwnd
    2.1875 MB /   0.10 sec =  183.4880 Mbps     0 retrans   2867 KB-cwnd
    2.1875 MB /   0.10 sec =  183.5118 Mbps     0 retrans   2867 KB-cwnd
    2.1250 MB /   0.10 sec =  178.2544 Mbps     0 retrans   2867 KB-cwnd
    2.1250 MB /   0.10 sec =  178.2205 Mbps     0 retrans   2867 KB-cwnd
    2.2500 MB /   0.10 sec =  188.7739 Mbps     0 retrans   3055 KB-cwnd
    2.0625 MB /   0.10 sec =  172.9804 Mbps     0 retrans   3055 KB-cwnd
    2.2500 MB /   0.10 sec =  188.7758 Mbps     0 retrans   3055 KB-cwnd
    2.0625 MB /   0.10 sec =  172.9943 Mbps     0 retrans   3055 KB-cwnd
    2.1250 MB /   0.10 sec =  178.2971 Mbps     0 retrans   3055 KB-cwnd
    1.8750 MB /   0.10 sec =  152.9666 Mbps     0 retrans   3055 KB-cwnd
    2.3750 MB /   0.10 sec =  204.9981 Mbps     0 retrans   3055 KB-cwnd
    2.0000 MB /   0.10 sec =  167.7386 Mbps     0 retrans   3055 KB-cwnd
    2.1875 MB /   0.10 sec =  183.5449 Mbps     0 retrans   3055 KB-cwnd
    2.0625 MB /   0.10 sec =  173.0220 Mbps     0 retrans   3055 KB-cwnd
    2.1250 MB /   0.10 sec =  178.2365 Mbps     0 retrans   3055 KB-cwnd
    2.1875 MB /   0.10 sec =  183.5228 Mbps     0 retrans   3055 KB-cwnd
    2.0000 MB /   0.10 sec =  167.7386 Mbps     0 retrans   3055 KB-cwnd
    2.0625 MB /   0.10 sec =  173.0496 Mbps     0 retrans   3055 KB-cwnd
    2.0000 MB /   0.10 sec =  167.7235 Mbps     0 retrans   3055 KB-cwnd
    2.2500 MB /   0.10 sec =  188.7795 Mbps     0 retrans   2442 KB-cwnd
    2.0000 MB /   0.10 sec =  166.0765 Mbps     0 retrans   2442 KB-cwnd
    2.1875 MB /   0.10 sec =  185.3974 Mbps     0 retrans   2442 KB-cwnd
    1.8750 MB /   0.10 sec =  157.2722 Mbps     0 retrans   2442 KB-cwnd
    2.1250 MB /   0.10 sec =  178.2490 Mbps     0 retrans   2442 KB-cwnd
    0.4375 MB /   0.10 sec =   36.6980 Mbps     0 retrans   2543 KB-cwnd
    3.8750 MB /   0.10 sec =  325.0716 Mbps     0 retrans   2543 KB-cwnd
    2.3125 MB /   0.10 sec =  194.0021 Mbps     0 retrans   2543 KB-cwnd
    2.3125 MB /   0.10 sec =  194.0195 Mbps     0 retrans   2543 KB-cwnd
    2.0625 MB /   0.10 sec =  172.8526 Mbps     0 retrans   2543 KB-cwnd
    2.2500 MB /   0.10 sec =  188.9156 Mbps     0 retrans   2639 KB-cwnd
    2.1875 MB /   0.10 sec =  183.5063 Mbps     0 retrans   2639 KB-cwnd
    1.8125 MB /   0.10 sec =  152.0298 Mbps     0 retrans   2639 KB-cwnd
    2.4375 MB /   0.10 sec =  204.4887 Mbps     0 retrans   2639 KB-cwnd
    2.1250 MB /   0.10 sec =  178.2615 Mbps     0 retrans   2639 KB-cwnd
    2.0625 MB /   0.10 sec =  172.9995 Mbps     0 retrans   2697 KB-cwnd
    2.2500 MB /   0.10 sec =  188.7003 Mbps     0 retrans   2697 KB-cwnd
    2.1875 MB /   0.10 sec =  183.5283 Mbps     0 retrans   2697 KB-cwnd
    2.1875 MB /   0.10 sec =  183.5320 Mbps     0 retrans   2697 KB-cwnd
    1.9375 MB /   0.10 sec =  162.5065 Mbps     0 retrans   2697 KB-cwnd
    2.1250 MB /   0.10 sec =  178.2811 Mbps     0 retrans   2721 KB-cwnd
    2.0625 MB /   0.10 sec =  173.0012 Mbps     0 retrans   2721 KB-cwnd
    2.3125 MB /   0.10 sec =  193.9943 Mbps     0 retrans   2721 KB-cwnd
    2.1250 MB /   0.10 sec =  178.2651 Mbps     0 retrans   2721 KB-cwnd
    2.1250 MB /   0.10 sec =  178.2561 Mbps     0 retrans   2721 KB-cwnd
    2.0000 MB /   0.10 sec =  167.7520 Mbps     0 retrans   2745 KB-cwnd
    2.1250 MB /   0.10 sec =  178.2757 Mbps     0 retrans   2745 KB-cwnd
    2.0000 MB /   0.10 sec =  167.7554 Mbps     0 retrans   2745 KB-cwnd
    2.0625 MB /   0.10 sec =  173.0064 Mbps     0 retrans   2745 KB-cwnd
    2.1250 MB /   0.10 sec =  178.2454 Mbps     0 retrans   2745 KB-cwnd
    2.2500 MB /   0.10 sec =  188.7890 Mbps     0 retrans   2745 KB-cwnd
    1.8750 MB /   0.10 sec =  157.2880 Mbps     0 retrans   2745 KB-cwnd
    2.1875 MB /   0.10 sec =  183.5008 Mbps     0 retrans   2745 KB-cwnd
    2.1250 MB /   0.10 sec =  178.2579 Mbps     0 retrans   2745 KB-cwnd
    1.8750 MB /   0.10 sec =  157.2738 Mbps     0 retrans   2745 KB-cwnd
    2.0000 MB /   0.10 sec =  167.7805 Mbps     0 retrans   2745 KB-cwnd
    1.9375 MB /   0.10 sec =  162.5277 Mbps     0 retrans   2745 KB-cwnd
    2.0000 MB /   0.10 sec =  167.7722 Mbps     0 retrans   2745 KB-cwnd
    2.0625 MB /   0.10 sec =  172.9424 Mbps     0 retrans   2745 KB-cwnd
    2.0000 MB /   0.10 sec =  167.8460 Mbps     0 retrans   2745 KB-cwnd
    2.0000 MB /   0.10 sec =  167.7571 Mbps     0 retrans   2745 KB-cwnd
    2.0625 MB /   0.10 sec =  173.0116 Mbps     0 retrans   2194 KB-cwnd
    2.0625 MB /   0.10 sec =  173.0306 Mbps     0 retrans   2194 KB-cwnd
    2.0000 MB /   0.10 sec =  167.7654 Mbps     0 retrans   2194 KB-cwnd
    1.8750 MB /   0.10 sec =  157.2864 Mbps     0 retrans   2194 KB-cwnd
    1.5000 MB /   0.10 sec =  125.8165 Mbps     0 retrans   2194 KB-cwnd
    0.0000 MB /   0.10 sec =    0.0000 Mbps     0 retrans   2300 KB-cwnd
    4.1875 MB /   0.10 sec =  351.3221 Mbps     0 retrans   2300 KB-cwnd
    2.0625 MB /   0.10 sec =  173.0185 Mbps     0 retrans   2300 KB-cwnd
    1.8125 MB /   0.10 sec =  152.0374 Mbps     0 retrans   2300 KB-cwnd
    1.7500 MB /   0.10 sec =  146.7522 Mbps     0 retrans   2300 KB-cwnd
    2.0625 MB /   0.10 sec =  173.0877 Mbps     0 retrans   2397 KB-cwnd
    1.9375 MB /   0.10 sec =  162.5260 Mbps     0 retrans   2397 KB-cwnd
    1.9375 MB /   0.10 sec =  162.5244 Mbps     0 retrans   2397 KB-cwnd
    1.8125 MB /   0.10 sec =  152.0496 Mbps     0 retrans   2397 KB-cwnd
    2.0625 MB /   0.10 sec =  173.0133 Mbps     0 retrans   2397 KB-cwnd
    2.0000 MB /   0.10 sec =  167.7604 Mbps     0 retrans   2397 KB-cwnd
    1.8125 MB /   0.10 sec =  152.0390 Mbps     0 retrans   2501 KB-cwnd
    2.1875 MB /   0.10 sec =  183.5100 Mbps     0 retrans   2501 KB-cwnd
    2.0000 MB /   0.10 sec =  167.7822 Mbps     0 retrans   2501 KB-cwnd
    2.1250 MB /   0.10 sec =  178.2597 Mbps     0 retrans   2501 KB-cwnd
    1.8750 MB /   0.10 sec =  157.2644 Mbps     0 retrans   2501 KB-cwnd
    1.9375 MB /   0.10 sec =  162.3864 Mbps     0 retrans   2560 KB-cwnd
    2.3125 MB /   0.10 sec =  194.1769 Mbps     0 retrans   2560 KB-cwnd
    2.1250 MB /   0.10 sec =  177.2511 Mbps     0 retrans   2560 KB-cwnd
    2.0625 MB /   0.10 sec =  174.0086 Mbps     0 retrans   2560 KB-cwnd
    1.8125 MB /   0.10 sec =  152.0481 Mbps     0 retrans   2560 KB-cwnd
    1.8125 MB /   0.10 sec =  152.0344 Mbps     0 retrans   2608 KB-cwnd
    1.5000 MB /   0.10 sec =  125.7361 Mbps     0 retrans   2608 KB-cwnd
    2.1875 MB /   0.10 sec =  183.6036 Mbps     0 retrans   2608 KB-cwnd
    2.0625 MB /   0.10 sec =  173.0358 Mbps     0 retrans   2608 KB-cwnd
    1.8125 MB /   0.10 sec =  152.0481 Mbps     0 retrans   2608 KB-cwnd
    2.0625 MB /   0.10 sec =  173.0150 Mbps     0 retrans   2608 KB-cwnd
    1.8125 MB /   0.10 sec =  152.0450 Mbps     0 retrans   2608 KB-cwnd
    1.8750 MB /   0.10 sec =  157.2927 Mbps     0 retrans   2608 KB-cwnd
    1.8125 MB /   0.10 sec =  152.0466 Mbps     0 retrans   2608 KB-cwnd
    1.8750 MB /   0.10 sec =  157.2911 Mbps     0 retrans   2608 KB-cwnd
    1.8125 MB /   0.10 sec =  152.0177 Mbps     0 retrans   2608 KB-cwnd
    2.0000 MB /   0.10 sec =  167.7923 Mbps     0 retrans   2633 KB-cwnd
    1.8125 MB /   0.10 sec =  152.0496 Mbps     0 retrans   2633 KB-cwnd
    1.6250 MB /   0.10 sec =  136.2944 Mbps     0 retrans   2633 KB-cwnd
    1.9375 MB /   0.10 sec =  162.5520 Mbps     0 retrans   2633 KB-cwnd
    1.8750 MB /   0.10 sec =  157.2833 Mbps     0 retrans   2633 KB-cwnd
    1.8750 MB /   0.10 sec =  157.2644 Mbps     0 retrans   2633 KB-cwnd
    1.8125 MB /   0.10 sec =  152.0466 Mbps     0 retrans   2135 KB-cwnd
    1.8750 MB /   0.10 sec =  157.2833 Mbps     0 retrans   2135 KB-cwnd
    2.2500 MB /   0.10 sec =  188.7588 Mbps     0 retrans   2135 KB-cwnd
    1.8750 MB /   0.10 sec =  157.2801 Mbps     0 retrans   2135 KB-cwnd
    2.0625 MB /   0.10 sec =  173.0375 Mbps     0 retrans   2135 KB-cwnd
    1.3750 MB /   0.10 sec =  115.3134 Mbps     0 retrans   2135 KB-cwnd
    0.0000 MB /   0.10 sec =    0.0000 Mbps     0 retrans   2245 KB-cwnd
    4.0000 MB /   0.10 sec =  335.6081 Mbps     0 retrans   2245 KB-cwnd
    1.9375 MB /   0.10 sec =  162.5293 Mbps     0 retrans   2245 KB-cwnd
    1.6875 MB /   0.10 sec =  141.5507 Mbps     0 retrans   2245 KB-cwnd
    1.8750 MB /   0.10 sec =  157.2817 Mbps     0 retrans   2245 KB-cwnd
    1.8125 MB /   0.10 sec =  152.0192 Mbps     0 retrans   2245 KB-cwnd
    1.8750 MB /   0.10 sec =  157.2974 Mbps     0 retrans   2347 KB-cwnd
    2.0000 MB /   0.10 sec =  167.7185 Mbps     0 retrans   2347 KB-cwnd
    1.9375 MB /   0.10 sec =  161.4267 Mbps     0 retrans   2347 KB-cwnd
    2.0000 MB /   0.10 sec =  168.9617 Mbps     0 retrans   2347 KB-cwnd
    2.0625 MB /   0.10 sec =  173.0583 Mbps     0 retrans   2347 KB-cwnd
    1.9375 MB /   0.10 sec =  162.4968 Mbps     0 retrans   2381 KB-cwnd
    1.9375 MB /   0.10 sec =  162.5472 Mbps     0 retrans   2381 KB-cwnd
    2.1250 MB /   0.10 sec =  178.2615 Mbps     0 retrans   2381 KB-cwnd
    1.9375 MB /   0.10 sec =  162.5342 Mbps     0 retrans   2381 KB-cwnd
    1.8750 MB /   0.10 sec =  157.2974 Mbps     0 retrans   2381 KB-cwnd
    2.0625 MB /   0.10 sec =  173.0098 Mbps     0 retrans   2381 KB-cwnd
    2.0000 MB /   0.10 sec =  167.7705 Mbps     0 retrans   2392 KB-cwnd
    1.9375 MB /   0.10 sec =  162.5212 Mbps     0 retrans   2392 KB-cwnd
    2.0625 MB /   0.10 sec =  173.0272 Mbps     0 retrans   2392 KB-cwnd
    1.6875 MB /   0.10 sec =  141.5224 Mbps     0 retrans   2392 KB-cwnd
    2.1250 MB /   0.10 sec =  178.3078 Mbps     0 retrans   2392 KB-cwnd
    1.9375 MB /   0.10 sec =  162.5260 Mbps     0 retrans   2393 KB-cwnd
    2.0000 MB /   0.10 sec =  167.7638 Mbps     0 retrans   2393 KB-cwnd
    1.9375 MB /   0.10 sec =  162.5179 Mbps     0 retrans   2393 KB-cwnd
    2.3750 MB /   0.10 sec =  198.9489 Mbps     0 retrans   2393 KB-cwnd
    2.3125 MB /   0.10 sec =  194.0972 Mbps     0 retrans   2393 KB-cwnd
    2.2500 MB /   0.10 sec =  188.9232 Mbps     0 retrans   2395 KB-cwnd
    2.1875 MB /   0.10 sec =  183.4696 Mbps     0 retrans   2395 KB-cwnd
    2.1875 MB /   0.10 sec =  183.5393 Mbps     0 retrans   2395 KB-cwnd
    1.9375 MB /   0.10 sec =  162.5277 Mbps     0 retrans   2395 KB-cwnd
    2.0000 MB /   0.10 sec =  167.7336 Mbps     0 retrans   2395 KB-cwnd
    2.2500 MB /   0.10 sec =  188.7569 Mbps     0 retrans   2396 KB-cwnd
    2.1875 MB /   0.10 sec =  183.5081 Mbps     0 retrans   2396 KB-cwnd
    2.0625 MB /   0.10 sec =  173.0254 Mbps     0 retrans   2396 KB-cwnd
    1.9375 MB /   0.10 sec =  162.5179 Mbps     0 retrans   2396 KB-cwnd
    2.3125 MB /   0.10 sec =  194.0040 Mbps     0 retrans   2396 KB-cwnd
    2.1250 MB /   0.10 sec =  178.2437 Mbps     0 retrans   1917 KB-cwnd
    2.1875 MB /   0.10 sec =  183.5192 Mbps     0 retrans   1917 KB-cwnd
    2.0000 MB /   0.10 sec =  167.7571 Mbps     0 retrans   1917 KB-cwnd
    2.1875 MB /   0.10 sec =  183.5173 Mbps     0 retrans   1917 KB-cwnd
    1.6250 MB /   0.10 sec =  136.3026 Mbps     0 retrans   1917 KB-cwnd
    0.0000 MB /   0.10 sec =    0.0000 Mbps     0 retrans   2046 KB-cwnd
    4.5625 MB /   0.10 sec =  382.7991 Mbps     0 retrans   2046 KB-cwnd
    1.8125 MB /   0.10 sec =  152.0040 Mbps     0 retrans   2046 KB-cwnd
    2.0000 MB /   0.10 sec =  167.7772 Mbps     0 retrans   2046 KB-cwnd
    2.5000 MB /   0.10 sec =  209.7572 Mbps     0 retrans   2046 KB-cwnd
    2.0000 MB /   0.10 sec =  167.7604 Mbps     0 retrans   2046 KB-cwnd
    2.1250 MB /   0.10 sec =  178.2383 Mbps     0 retrans   2127 KB-cwnd
    2.1250 MB /   0.10 sec =  178.2472 Mbps     0 retrans   2127 KB-cwnd
    2.0000 MB /   0.10 sec =  167.7654 Mbps     0 retrans   2127 KB-cwnd
    2.1250 MB /   0.10 sec =  178.2651 Mbps     0 retrans   2127 KB-cwnd
    2.1250 MB /   0.10 sec =  178.2954 Mbps     0 retrans   2148 KB-cwnd
    2.1875 MB /   0.10 sec =  183.4953 Mbps     0 retrans   2148 KB-cwnd
    2.1875 MB /   0.10 sec =  183.5173 Mbps     0 retrans   2148 KB-cwnd
    2.1250 MB /   0.10 sec =  178.2294 Mbps     0 retrans   2148 KB-cwnd
    2.1250 MB /   0.10 sec =  178.2757 Mbps     0 retrans   2148 KB-cwnd
    2.0625 MB /   0.10 sec =  172.9286 Mbps     0 retrans   2148 KB-cwnd
    2.1250 MB /   0.10 sec =  178.2027 Mbps     0 retrans   2149 KB-cwnd
    2.1250 MB /   0.10 sec =  178.4060 Mbps     0 retrans   2149 KB-cwnd
    2.1875 MB /   0.10 sec =  183.4916 Mbps     0 retrans   2149 KB-cwnd
    2.0625 MB /   0.10 sec =  173.0133 Mbps     0 retrans   2149 KB-cwnd
    2.2500 MB /   0.10 sec =  188.7305 Mbps     0 retrans   2151 KB-cwnd
    2.0625 MB /   0.10 sec =  173.0427 Mbps     0 retrans   2151 KB-cwnd
    2.1250 MB /   0.10 sec =  178.2472 Mbps     0 retrans   2151 KB-cwnd
    2.1250 MB /   0.10 sec =  178.2223 Mbps     0 retrans   2151 KB-cwnd
    2.1875 MB /   0.10 sec =  183.5449 Mbps     0 retrans   2151 KB-cwnd
    2.0625 MB /   0.10 sec =  173.0272 Mbps     0 retrans   2152 KB-cwnd
    2.0000 MB /   0.10 sec =  167.7554 Mbps     0 retrans   2152 KB-cwnd
    2.0000 MB /   0.10 sec =  167.7520 Mbps     0 retrans   2152 KB-cwnd
    2.3750 MB /   0.10 sec =  199.2593 Mbps     0 retrans   2152 KB-cwnd
    2.0000 MB /   0.10 sec =  167.7504 Mbps     0 retrans   2152 KB-cwnd
    2.3125 MB /   0.10 sec =  194.0137 Mbps     0 retrans   2153 KB-cwnd
    2.1875 MB /   0.10 sec =  183.4971 Mbps     0 retrans   2153 KB-cwnd
    2.0625 MB /   0.10 sec =  172.9995 Mbps     0 retrans   2153 KB-cwnd
    2.0000 MB /   0.10 sec =  167.7487 Mbps     0 retrans   2153 KB-cwnd
    2.1875 MB /   0.10 sec =  183.5412 Mbps     0 retrans   2153 KB-cwnd
    2.1875 MB /   0.10 sec =  183.4990 Mbps     0 retrans   1722 KB-cwnd
    2.1875 MB /   0.10 sec =  183.4183 Mbps     0 retrans   1722 KB-cwnd
    2.2500 MB /   0.10 sec =  188.8362 Mbps     0 retrans   1722 KB-cwnd
    1.9375 MB /   0.10 sec =  162.4968 Mbps     0 retrans   1722 KB-cwnd
    1.8125 MB /   0.10 sec =  151.9934 Mbps     0 retrans   1722 KB-cwnd
    0.0000 MB /   0.10 sec =    0.0000 Mbps     0 retrans   1861 KB-cwnd
    4.6250 MB /   0.10 sec =  387.7405 Mbps     0 retrans   1861 KB-cwnd
    2.0625 MB /   0.10 sec =  173.2056 Mbps     0 retrans   1861 KB-cwnd
    1.9375 MB /   0.10 sec =  162.5293 Mbps     0 retrans   1861 KB-cwnd
    2.0625 MB /   0.10 sec =  172.9943 Mbps     0 retrans   1861 KB-cwnd
    2.0000 MB /   0.10 sec =  167.7738 Mbps     0 retrans   1920 KB-cwnd
    2.1875 MB /   0.10 sec =  182.4571 Mbps     0 retrans   1920 KB-cwnd
    1.9375 MB /   0.10 sec =  163.4857 Mbps     0 retrans   1920 KB-cwnd
    2.0000 MB /   0.10 sec =  167.7420 Mbps     0 retrans   1920 KB-cwnd
    1.9375 MB /   0.10 sec =  162.5537 Mbps     0 retrans   1920 KB-cwnd
    1.9375 MB /   0.10 sec =  162.4546 Mbps     0 retrans   1929 KB-cwnd
    2.0625 MB /   0.10 sec =  173.1051 Mbps     0 retrans   1929 KB-cwnd
    2.2500 MB /   0.10 sec =  188.7135 Mbps     0 retrans   1929 KB-cwnd
    2.0000 MB /   0.10 sec =  167.7571 Mbps     0 retrans   1929 KB-cwnd
    2.1875 MB /   0.10 sec =  183.5357 Mbps     0 retrans   1929 KB-cwnd
    2.1250 MB /   0.10 sec =  178.1849 Mbps     0 retrans   1929 KB-cwnd
    2.1250 MB /   0.10 sec =  178.3346 Mbps     0 retrans   1930 KB-cwnd
    2.0625 MB /   0.10 sec =  173.0098 Mbps     0 retrans   1930 KB-cwnd
    2.0000 MB /   0.10 sec =  167.7487 Mbps     0 retrans   1930 KB-cwnd
    2.1875 MB /   0.10 sec =  183.4916 Mbps     0 retrans   1930 KB-cwnd
    2.4375 MB /   0.10 sec =  204.5132 Mbps     0 retrans   1930 KB-cwnd
    2.0625 MB /   0.10 sec =  172.9960 Mbps     0 retrans   1933 KB-cwnd
    2.0625 MB /   0.10 sec =  173.0393 Mbps     0 retrans   1933 KB-cwnd
    2.0625 MB /   0.10 sec =  172.9822 Mbps     0 retrans   1933 KB-cwnd
    2.3750 MB /   0.10 sec =  199.2553 Mbps     0 retrans   1933 KB-cwnd
    2.0000 MB /   0.10 sec =  167.7772 Mbps     0 retrans   1933 KB-cwnd
    1.9375 MB /   0.10 sec =  162.3929 Mbps     0 retrans   1934 KB-cwnd
    2.1250 MB /   0.10 sec =  178.4131 Mbps     0 retrans   1934 KB-cwnd
    1.9375 MB /   0.10 sec =  162.5082 Mbps     0 retrans   1934 KB-cwnd
    1.9375 MB /   0.10 sec =  162.5195 Mbps     0 retrans   1934 KB-cwnd
    2.0625 MB /   0.10 sec =  173.0029 Mbps     0 retrans   1934 KB-cwnd
    2.1250 MB /   0.10 sec =  178.2686 Mbps     0 retrans   1936 KB-cwnd
    2.1875 MB /   0.10 sec =  183.5375 Mbps     0 retrans   1936 KB-cwnd
    2.1250 MB /   0.10 sec =  178.2544 Mbps     0 retrans   1936 KB-cwnd
    1.7500 MB /   0.10 sec =  146.7698 Mbps     0 retrans   1936 KB-cwnd
    2.1250 MB /   0.10 sec =  178.2561 Mbps     0 retrans   1936 KB-cwnd
    1.8750 MB /   0.10 sec =  157.2801 Mbps     0 retrans   1548 KB-cwnd
    2.2500 MB /   0.10 sec =  188.7871 Mbps     0 retrans   1550 KB-cwnd
    2.0000 MB /   0.10 sec =  167.7638 Mbps     0 retrans   1550 KB-cwnd
    1.6875 MB /   0.10 sec =  141.5238 Mbps     0 retrans   1550 KB-cwnd
    2.0625 MB /   0.10 sec =  173.0410 Mbps     0 retrans   1550 KB-cwnd
    0.0000 MB /   0.10 sec =    0.0000 Mbps     0 retrans   1696 KB-cwnd
    3.9375 MB /   0.10 sec =  329.4712 Mbps     0 retrans   1696 KB-cwnd
    1.7500 MB /   0.10 sec =  147.1877 Mbps     0 retrans   1696 KB-cwnd
    1.9375 MB /   0.10 sec =  162.5358 Mbps     0 retrans   1696 KB-cwnd
    1.7500 MB /   0.10 sec =  146.7889 Mbps     0 retrans   1696 KB-cwnd
    2.0000 MB /   0.10 sec =  167.7856 Mbps     0 retrans   1696 KB-cwnd
    1.8750 MB /   0.10 sec =  157.2549 Mbps     0 retrans   1731 KB-cwnd
    2.0000 MB /   0.10 sec =  167.8007 Mbps     0 retrans   1731 KB-cwnd
    1.9375 MB /   0.10 sec =  162.5212 Mbps     0 retrans   1731 KB-cwnd
    1.9375 MB /   0.10 sec =  162.5082 Mbps     0 retrans   1731 KB-cwnd
    2.0000 MB /   0.10 sec =  167.7957 Mbps     0 retrans   1731 KB-cwnd
    1.9375 MB /   0.10 sec =  162.5407 Mbps     0 retrans   1734 KB-cwnd
    1.8125 MB /   0.10 sec =  152.0314 Mbps     0 retrans   1734 KB-cwnd
    1.9375 MB /   0.10 sec =  162.5455 Mbps     0 retrans   1734 KB-cwnd
    2.0000 MB /   0.10 sec =  167.7520 Mbps     0 retrans   1734 KB-cwnd
    1.8750 MB /   0.10 sec =  157.3068 Mbps     0 retrans   1734 KB-cwnd
    2.0000 MB /   0.10 sec =  167.7621 Mbps     0 retrans   1734 KB-cwnd
    1.8750 MB /   0.10 sec =  157.2864 Mbps     0 retrans   1737 KB-cwnd
    2.0625 MB /   0.10 sec =  172.9943 Mbps     0 retrans   1737 KB-cwnd
    1.9375 MB /   0.10 sec =  162.5342 Mbps     0 retrans   1737 KB-cwnd
    2.0625 MB /   0.10 sec =  173.0358 Mbps     0 retrans   1737 KB-cwnd
    1.8750 MB /   0.10 sec =  157.2817 Mbps     0 retrans   1737 KB-cwnd
    1.7500 MB /   0.10 sec =  146.7684 Mbps     0 retrans   1738 KB-cwnd
    2.1250 MB /   0.10 sec =  178.3043 Mbps     0 retrans   1738 KB-cwnd
    1.8125 MB /   0.10 sec =  152.0238 Mbps     0 retrans   1738 KB-cwnd
    2.0625 MB /   0.10 sec =  173.0237 Mbps     0 retrans   1738 KB-cwnd
    1.9375 MB /   0.10 sec =  162.5325 Mbps     0 retrans   1738 KB-cwnd
    1.7500 MB /   0.10 sec =  143.8038 Mbps     0 retrans   1738 KB-cwnd
    2.0000 MB /   0.10 sec =  171.0913 Mbps     0 retrans   1739 KB-cwnd
    2.0000 MB /   0.10 sec =  168.0208 Mbps     0 retrans   1739 KB-cwnd
    1.6875 MB /   0.10 sec =  141.5464 Mbps     0 retrans   1739 KB-cwnd
    2.0000 MB /   0.10 sec =  167.7889 Mbps     0 retrans   1739 KB-cwnd
    1.8750 MB /   0.10 sec =  157.2691 Mbps     0 retrans   1739 KB-cwnd
    1.8125 MB /   0.10 sec =  152.0283 Mbps     0 retrans   1742 KB-cwnd
    1.6875 MB /   0.10 sec =  141.5549 Mbps     0 retrans   1742 KB-cwnd
    2.1250 MB /   0.10 sec =  178.2330 Mbps     0 retrans   1742 KB-cwnd
    1.8125 MB /   0.10 sec =  152.0861 Mbps     0 retrans   1742 KB-cwnd
    1.9375 MB /   0.10 sec =  162.5277 Mbps     0 retrans   1742 KB-cwnd
    1.6250 MB /   0.10 sec =  136.3026 Mbps     0 retrans   1742 KB-cwnd
    2.0625 MB /   0.10 sec =  173.0220 Mbps     0 retrans   1399 KB-cwnd
    1.8125 MB /   0.10 sec =  152.0435 Mbps     0 retrans   1399 KB-cwnd
    1.8125 MB /   0.10 sec =  152.0633 Mbps     0 retrans   1399 KB-cwnd
    1.8125 MB /   0.10 sec =  152.0283 Mbps     0 retrans   1399 KB-cwnd
    1.7500 MB /   0.10 sec =  146.7933 Mbps     0 retrans   1399 KB-cwnd
    1.1250 MB /   0.10 sec =   94.3681 Mbps     0 retrans   1436 KB-cwnd
    2.4375 MB /   0.10 sec =  204.4703 Mbps     0 retrans   1436 KB-cwnd
    1.6875 MB /   0.10 sec =  141.5832 Mbps     0 retrans   1457 KB-cwnd
    1.4375 MB /   0.10 sec =  120.5645 Mbps     0 retrans   1457 KB-cwnd
    1.8125 MB /   0.10 sec =  152.0648 Mbps     0 retrans   1480 KB-cwnd
    1.5625 MB /   0.10 sec =  131.0694 Mbps     0 retrans   1506 KB-cwnd
    1.5625 MB /   0.10 sec =  131.0654 Mbps     0 retrans   1531 KB-cwnd
    1.6875 MB /   0.10 sec =  141.5762 Mbps     0 retrans   1558 KB-cwnd
    1.6875 MB /   0.10 sec =  141.5507 Mbps     0 retrans   1584 KB-cwnd
    1.6250 MB /   0.10 sec =  136.3135 Mbps     0 retrans   1608 KB-cwnd
    1.5000 MB /   0.10 sec =  125.8102 Mbps     0 retrans   1631 KB-cwnd
    1.7500 MB /   0.10 sec =  146.8373 Mbps     0 retrans   1659 KB-cwnd
    1.5000 MB /   0.10 sec =  125.7813 Mbps     0 retrans   1677 KB-cwnd
    1.8125 MB /   0.10 sec =  152.0846 Mbps     0 retrans   1694 KB-cwnd
    1.6875 MB /   0.10 sec =  141.5691 Mbps     0 retrans   1705 KB-cwnd
    1.8750 MB /   0.10 sec =  157.2770 Mbps     0 retrans   1714 KB-cwnd
    1.8125 MB /   0.10 sec =  152.0542 Mbps     0 retrans   1722 KB-cwnd
    1.7500 MB /   0.10 sec =  146.7977 Mbps     0 retrans   1726 KB-cwnd
    1.7500 MB /   0.10 sec =  146.6598 Mbps     0 retrans   1730 KB-cwnd
    1.7500 MB /   0.10 sec =  146.9476 Mbps     0 retrans   1733 KB-cwnd
    1.3125 MB /   0.10 sec =  110.0499 Mbps     0 retrans   1734 KB-cwnd
nuttcp-t: 626.0075 MB in 30.00 real seconds = 21367.53 KB/sec = 175.0428 Mbps
nuttcp-t: retrans = 0 cwnd = 1734 KB
nuttcp-t: 10017 I/O calls, msec/call = 3.07, calls/sec = 333.90
nuttcp-t: 0.0user 0.1sys 0:30real 0% 0i+0d 1312maxrss 0+1pf 57+10csw

nuttcp-r: 626.0075 MB in 31.73 real seconds = 20205.08 KB/sec = 165.5200 Mbps
nuttcp-r: 86323 I/O calls, msec/call = 0.38, calls/sec = 2720.87
nuttcp-r: 0.1user 0.8sys 0:31real 2% 0i+0d 100maxrss 0+15pf 74450+52csw
