1660436095436
nuttcp-t: v8.1.4: socket
nuttcp-t: buflen=65536, nstream=1, port=5003 tcp -> 3.19.94.93
nuttcp-t: time limit = 30.00 seconds
nuttcp-t: connect to 3.19.94.93 with mss=1358, RTT=129.259 ms af=inet
nuttcp-t: send window size = 33554432, receive window size = 6291456
nuttcp-t: available send window = 25165824, available receive window = 4718592
nuttcp-t: initial congestion window = 13 KB (10 packets)
nuttcp-r: Warning: receive window size 25000000 < requested window size 26214400
nuttcp-r: v6.1.2: socket
nuttcp-r: buflen=65536, nstream=1, port=5003 tcp
nuttcp-r: interval reporting every 0.10 seconds
nuttcp-r: accept from 166.194.157.161
nuttcp-r: send window size = 25000000, receive window size = 50000000
nuttcp-r: available send window = 12500000, available receive window = 25000000
    0.0000 MB /   0.10 sec =    0.0000 Mbps     0 retrans   5443 KB-cwnd
    0.0625 MB /   0.10 sec =    5.2429 Mbps     0 retrans   5443 KB-cwnd
    0.1250 MB /   0.10 sec =   10.4858 Mbps     0 retrans   5443 KB-cwnd
    0.1875 MB /   0.10 sec =   15.7244 Mbps     0 retrans   5443 KB-cwnd
    0.5625 MB /   0.10 sec =   47.2062 Mbps     0 retrans   5443 KB-cwnd
    1.3125 MB /   0.10 sec =  110.1203 Mbps     0 retrans   5443 KB-cwnd
    1.7500 MB /   0.10 sec =  146.5632 Mbps     0 retrans   5443 KB-cwnd
    2.0000 MB /   0.10 sec =  168.0478 Mbps     0 retrans   5443 KB-cwnd
    1.8750 MB /   0.10 sec =  157.2172 Mbps     0 retrans   5443 KB-cwnd
    1.7500 MB /   0.10 sec =  146.8462 Mbps     0 retrans   5443 KB-cwnd
    2.2500 MB /   0.10 sec =  188.7814 Mbps     0 retrans   5504 KB-cwnd
    2.1250 MB /   0.10 sec =  178.2686 Mbps     0 retrans   5504 KB-cwnd
    2.0000 MB /   0.10 sec =  167.2804 Mbps     0 retrans   5504 KB-cwnd
    2.0625 MB /   0.10 sec =  173.5130 Mbps     0 retrans   5504 KB-cwnd
    1.9375 MB /   0.10 sec =  162.5309 Mbps     0 retrans   5504 KB-cwnd
    2.1250 MB /   0.10 sec =  178.1973 Mbps     0 retrans   5504 KB-cwnd
    2.1250 MB /   0.10 sec =  178.2775 Mbps     0 retrans   5504 KB-cwnd
    2.1250 MB /   0.10 sec =  178.2561 Mbps     0 retrans   5504 KB-cwnd
    2.0625 MB /   0.10 sec =  173.0289 Mbps     0 retrans   5504 KB-cwnd
    2.1250 MB /   0.10 sec =  178.1742 Mbps     0 retrans   5512 KB-cwnd
    2.0000 MB /   0.10 sec =  167.8477 Mbps     0 retrans   5512 KB-cwnd
    2.1875 MB /   0.10 sec =  183.0834 Mbps     0 retrans   5512 KB-cwnd
    1.9375 MB /   0.10 sec =  162.9334 Mbps     0 retrans   5512 KB-cwnd
    2.1250 MB /   0.10 sec =  178.2544 Mbps     0 retrans   5512 KB-cwnd
    2.0000 MB /   0.10 sec =  167.7252 Mbps     0 retrans   5512 KB-cwnd
    2.0625 MB /   0.10 sec =  173.0687 Mbps     0 retrans   5512 KB-cwnd
    2.0000 MB /   0.10 sec =  167.7738 Mbps     0 retrans   5512 KB-cwnd
    2.0000 MB /   0.10 sec =  167.7705 Mbps     0 retrans   5512 KB-cwnd
    2.0000 MB /   0.10 sec =  167.4106 Mbps     0 retrans   5512 KB-cwnd
    1.8750 MB /   0.10 sec =  157.4596 Mbps     0 retrans   4690 KB-cwnd
    2.2500 MB /   0.10 sec =  188.9383 Mbps     0 retrans   4690 KB-cwnd
    2.0625 MB /   0.10 sec =  172.9822 Mbps     0 retrans   4690 KB-cwnd
    1.5625 MB /   0.10 sec =  131.0668 Mbps     0 retrans   4690 KB-cwnd
    1.9375 MB /   0.10 sec =  162.5520 Mbps     0 retrans   4690 KB-cwnd
    0.0000 MB /   0.10 sec =    0.0000 Mbps     0 retrans   4690 KB-cwnd
    4.3750 MB /   0.10 sec =  367.0456 Mbps     0 retrans   4695 KB-cwnd
    1.8750 MB /   0.10 sec =  157.2487 Mbps     0 retrans   4695 KB-cwnd
    2.0625 MB /   0.10 sec =  173.0289 Mbps     0 retrans   4695 KB-cwnd
    2.1250 MB /   0.10 sec =  178.2900 Mbps     0 retrans   4695 KB-cwnd
    1.8750 MB /   0.10 sec =  157.2581 Mbps     0 retrans   4695 KB-cwnd
    1.7500 MB /   0.10 sec =  146.8021 Mbps     0 retrans   4695 KB-cwnd
    2.0000 MB /   0.10 sec =  167.7789 Mbps     0 retrans   4695 KB-cwnd
    2.0625 MB /   0.10 sec =  173.0358 Mbps     0 retrans   4695 KB-cwnd
    1.9375 MB /   0.10 sec =  162.4822 Mbps     0 retrans   4695 KB-cwnd
    1.9375 MB /   0.10 sec =  162.5797 Mbps     0 retrans   4695 KB-cwnd
    1.8750 MB /   0.10 sec =  157.2864 Mbps     0 retrans   4695 KB-cwnd
    1.7500 MB /   0.10 sec =  146.7918 Mbps     0 retrans   4695 KB-cwnd
    2.0000 MB /   0.10 sec =  167.7688 Mbps     0 retrans   4695 KB-cwnd
    1.8125 MB /   0.10 sec =  152.0435 Mbps     0 retrans   4695 KB-cwnd
    2.1875 MB /   0.10 sec =  183.5026 Mbps     0 retrans   4695 KB-cwnd
    2.1250 MB /   0.10 sec =  178.2615 Mbps     0 retrans   4695 KB-cwnd
    2.1250 MB /   0.10 sec =  178.2579 Mbps     0 retrans   4695 KB-cwnd
    1.8750 MB /   0.10 sec =  157.2801 Mbps     0 retrans   4695 KB-cwnd
    2.2500 MB /   0.10 sec =  188.7154 Mbps     0 retrans   4695 KB-cwnd
    1.9375 MB /   0.10 sec =  162.5098 Mbps     0 retrans   4695 KB-cwnd
    2.0000 MB /   0.10 sec =  167.7772 Mbps     0 retrans   4695 KB-cwnd
    2.1250 MB /   0.10 sec =  178.2918 Mbps     0 retrans   4695 KB-cwnd
    1.9375 MB /   0.10 sec =  162.5407 Mbps     0 retrans   4695 KB-cwnd
    1.8750 MB /   0.10 sec =  157.2314 Mbps     0 retrans   4695 KB-cwnd
    2.0625 MB /   0.10 sec =  173.0895 Mbps     0 retrans   4695 KB-cwnd
    2.1250 MB /   0.10 sec =  178.2544 Mbps     0 retrans   4695 KB-cwnd
    1.6875 MB /   0.10 sec =  141.5493 Mbps     0 retrans   4695 KB-cwnd
    1.9375 MB /   0.10 sec =  161.7657 Mbps     0 retrans   4695 KB-cwnd
    2.2500 MB /   0.10 sec =  189.6483 Mbps     0 retrans   4695 KB-cwnd
    2.0625 MB /   0.10 sec =  172.9943 Mbps     0 retrans   4695 KB-cwnd
    1.6875 MB /   0.10 sec =  141.5464 Mbps     0 retrans   4695 KB-cwnd
    2.1250 MB /   0.10 sec =  178.2882 Mbps     0 retrans   4695 KB-cwnd
    1.7500 MB /   0.10 sec =  146.7053 Mbps     0 retrans   4695 KB-cwnd
    1.7500 MB /   0.10 sec =  146.8315 Mbps     0 retrans   4695 KB-cwnd
    1.8750 MB /   0.10 sec =  157.3619 Mbps     0 retrans   4695 KB-cwnd
    1.8125 MB /   0.10 sec =  152.0283 Mbps     0 retrans   4695 KB-cwnd
    1.8125 MB /   0.10 sec =  152.0496 Mbps     0 retrans   4695 KB-cwnd
    1.9375 MB /   0.10 sec =  162.5309 Mbps     0 retrans   4695 KB-cwnd
    2.0000 MB /   0.10 sec =  167.7755 Mbps     0 retrans   3759 KB-cwnd
    1.7500 MB /   0.10 sec =  146.7992 Mbps     0 retrans   3759 KB-cwnd
    1.8750 MB /   0.10 sec =  157.0179 Mbps     0 retrans   3759 KB-cwnd
    1.7500 MB /   0.10 sec =  147.0536 Mbps     0 retrans   3759 KB-cwnd
    0.7500 MB /   0.10 sec =   62.8944 Mbps     0 retrans   3759 KB-cwnd
    2.9375 MB /   0.10 sec =  246.4844 Mbps     0 retrans   3767 KB-cwnd
    1.8750 MB /   0.10 sec =  157.2864 Mbps     0 retrans   3767 KB-cwnd
    1.7500 MB /   0.10 sec =  146.5617 Mbps     0 retrans   3767 KB-cwnd
    1.8125 MB /   0.10 sec =  152.2643 Mbps     0 retrans   3767 KB-cwnd
    1.8125 MB /   0.10 sec =  152.0511 Mbps     0 retrans   3767 KB-cwnd
    2.0000 MB /   0.10 sec =  167.7135 Mbps     0 retrans   3767 KB-cwnd
    1.9375 MB /   0.10 sec =  162.5862 Mbps     0 retrans   3767 KB-cwnd
    1.8750 MB /   0.10 sec =  157.1984 Mbps     0 retrans   3767 KB-cwnd
    1.2500 MB /   0.10 sec =  104.9038 Mbps     0 retrans   3767 KB-cwnd
    2.3125 MB /   0.10 sec =  194.0195 Mbps     0 retrans   3767 KB-cwnd
    1.5625 MB /   0.10 sec =  131.0877 Mbps     0 retrans   3767 KB-cwnd
    1.6875 MB /   0.10 sec =  141.5351 Mbps     0 retrans   3767 KB-cwnd
    1.7500 MB /   0.10 sec =  146.8065 Mbps     0 retrans   3767 KB-cwnd
    1.9375 MB /   0.10 sec =  162.5439 Mbps     0 retrans   3767 KB-cwnd
    1.5625 MB /   0.10 sec =  131.0563 Mbps     0 retrans   3767 KB-cwnd
    1.8750 MB /   0.10 sec =  157.3100 Mbps     0 retrans   3767 KB-cwnd
    1.6875 MB /   0.10 sec =  141.5578 Mbps     0 retrans   3767 KB-cwnd
    1.5000 MB /   0.10 sec =  125.0849 Mbps     0 retrans   3767 KB-cwnd
    1.6875 MB /   0.10 sec =  142.4036 Mbps     0 retrans   3767 KB-cwnd
    1.7500 MB /   0.10 sec =  146.8036 Mbps     0 retrans   3767 KB-cwnd
    1.7500 MB /   0.10 sec =  146.7757 Mbps     0 retrans   3767 KB-cwnd
    2.0625 MB /   0.10 sec =  173.0479 Mbps     0 retrans   3767 KB-cwnd
    2.1875 MB /   0.10 sec =  183.5045 Mbps     0 retrans   3767 KB-cwnd
    2.0000 MB /   0.10 sec =  167.7487 Mbps     0 retrans   3767 KB-cwnd
    2.2500 MB /   0.10 sec =  188.7663 Mbps     0 retrans   3767 KB-cwnd
    2.1875 MB /   0.10 sec =  183.5008 Mbps     0 retrans   3767 KB-cwnd
    2.1250 MB /   0.10 sec =  178.2597 Mbps     0 retrans   3767 KB-cwnd
    2.1250 MB /   0.10 sec =  178.2526 Mbps     0 retrans   3767 KB-cwnd
    2.1250 MB /   0.10 sec =  178.2651 Mbps     0 retrans   3767 KB-cwnd
    2.1250 MB /   0.10 sec =  178.2454 Mbps     0 retrans   3767 KB-cwnd
    2.2500 MB /   0.10 sec =  188.7475 Mbps     0 retrans   3767 KB-cwnd
    2.0625 MB /   0.10 sec =  173.0220 Mbps     0 retrans   3767 KB-cwnd
    2.1875 MB /   0.10 sec =  183.5081 Mbps     0 retrans   3767 KB-cwnd
    2.0625 MB /   0.10 sec =  172.9614 Mbps     0 retrans   3767 KB-cwnd
    2.0625 MB /   0.10 sec =  173.0583 Mbps     0 retrans   3767 KB-cwnd
    2.3750 MB /   0.10 sec =  199.2394 Mbps     0 retrans   3767 KB-cwnd
    2.1250 MB /   0.10 sec =  178.2437 Mbps     0 retrans   3767 KB-cwnd
    2.1250 MB /   0.10 sec =  178.2722 Mbps     0 retrans   3767 KB-cwnd
    2.1875 MB /   0.10 sec =  183.5008 Mbps     0 retrans   3767 KB-cwnd
    2.1250 MB /   0.10 sec =  178.2561 Mbps     0 retrans   3013 KB-cwnd
    2.1250 MB /   0.10 sec =  178.2579 Mbps     0 retrans   3013 KB-cwnd
    2.1875 MB /   0.10 sec =  183.4916 Mbps     0 retrans   3013 KB-cwnd
    1.5000 MB /   0.10 sec =  125.8128 Mbps     0 retrans   3013 KB-cwnd
    0.0000 MB /   0.10 sec =    0.0000 Mbps     0 retrans   3028 KB-cwnd
    4.8125 MB /   0.10 sec =  403.6210 Mbps     0 retrans   3028 KB-cwnd
    2.1250 MB /   0.10 sec =  178.3453 Mbps     0 retrans   3028 KB-cwnd
    2.0625 MB /   0.10 sec =  172.9926 Mbps     0 retrans   3028 KB-cwnd
    2.1250 MB /   0.10 sec =  178.2686 Mbps     0 retrans   3028 KB-cwnd
    2.1875 MB /   0.10 sec =  183.5136 Mbps     0 retrans   3028 KB-cwnd
    2.1250 MB /   0.10 sec =  178.2241 Mbps     0 retrans   3028 KB-cwnd
    2.1875 MB /   0.10 sec =  183.5412 Mbps     0 retrans   3028 KB-cwnd
    2.0625 MB /   0.10 sec =  169.5578 Mbps     0 retrans   3028 KB-cwnd
    2.1250 MB /   0.10 sec =  181.9720 Mbps     0 retrans   3028 KB-cwnd
    2.0625 MB /   0.10 sec =  173.0116 Mbps     0 retrans   3028 KB-cwnd
    2.0000 MB /   0.10 sec =  163.3916 Mbps     0 retrans   3028 KB-cwnd
    2.0000 MB /   0.10 sec =  172.2418 Mbps     0 retrans   3028 KB-cwnd
    2.1875 MB /   0.10 sec =  183.6532 Mbps     0 retrans   3028 KB-cwnd
    2.2500 MB /   0.10 sec =  188.7531 Mbps     0 retrans   3028 KB-cwnd
    2.1250 MB /   0.10 sec =  178.2223 Mbps     0 retrans   3028 KB-cwnd
    2.2500 MB /   0.10 sec =  188.7550 Mbps     0 retrans   3028 KB-cwnd
    2.2500 MB /   0.10 sec =  188.7569 Mbps     0 retrans   3028 KB-cwnd
    2.2500 MB /   0.10 sec =  188.7437 Mbps     0 retrans   3028 KB-cwnd
    1.8750 MB /   0.10 sec =  157.1999 Mbps     0 retrans   3028 KB-cwnd
    2.1875 MB /   0.10 sec =  183.5999 Mbps     0 retrans   3028 KB-cwnd
    2.0625 MB /   0.10 sec =  172.8681 Mbps     0 retrans   3028 KB-cwnd
    2.1250 MB /   0.10 sec =  177.2335 Mbps     0 retrans   3028 KB-cwnd
    2.0625 MB /   0.10 sec =  174.0139 Mbps     0 retrans   3028 KB-cwnd
    2.1250 MB /   0.10 sec =  178.2080 Mbps     0 retrans   3028 KB-cwnd
    2.1250 MB /   0.10 sec =  178.4560 Mbps     0 retrans   3028 KB-cwnd
    2.2500 MB /   0.10 sec =  188.5589 Mbps     0 retrans   3028 KB-cwnd
    2.0625 MB /   0.10 sec =  173.2038 Mbps     0 retrans   3028 KB-cwnd
    2.1875 MB /   0.10 sec =  183.5008 Mbps     0 retrans   3028 KB-cwnd
    2.1875 MB /   0.10 sec =  183.4953 Mbps     0 retrans   3028 KB-cwnd
    1.8750 MB /   0.10 sec =  157.2660 Mbps     0 retrans   3028 KB-cwnd
    2.0625 MB /   0.10 sec =  172.9666 Mbps     0 retrans   3028 KB-cwnd
    1.9375 MB /   0.10 sec =  162.5911 Mbps     0 retrans   3028 KB-cwnd
    2.0000 MB /   0.10 sec =  167.7805 Mbps     0 retrans   3028 KB-cwnd
    2.1250 MB /   0.10 sec =  177.8577 Mbps     0 retrans   3028 KB-cwnd
    2.2500 MB /   0.10 sec =  189.1712 Mbps     0 retrans   2421 KB-cwnd
    2.3125 MB /   0.10 sec =  193.9924 Mbps     0 retrans   2421 KB-cwnd
    2.1250 MB /   0.10 sec =  178.2526 Mbps     0 retrans   2421 KB-cwnd
    2.0625 MB /   0.10 sec =  173.0029 Mbps     0 retrans   2421 KB-cwnd
    1.6875 MB /   0.10 sec =  141.5464 Mbps     0 retrans   2421 KB-cwnd
    0.0000 MB /   0.10 sec =    0.0000 Mbps     0 retrans   2421 KB-cwnd
    4.5625 MB /   0.10 sec =  382.7877 Mbps     0 retrans   2523 KB-cwnd
    2.1250 MB /   0.10 sec =  178.2615 Mbps     0 retrans   2523 KB-cwnd
    2.0625 MB /   0.10 sec =  173.0116 Mbps     0 retrans   2523 KB-cwnd
    1.8750 MB /   0.10 sec =  157.2785 Mbps     0 retrans   2523 KB-cwnd
    2.1875 MB /   0.10 sec =  183.5100 Mbps     0 retrans   2623 KB-cwnd
    2.3125 MB /   0.10 sec =  193.9943 Mbps     0 retrans   2623 KB-cwnd
    2.0000 MB /   0.10 sec =  167.7453 Mbps     0 retrans   2623 KB-cwnd
    2.2500 MB /   0.10 sec =  188.7739 Mbps     0 retrans   2623 KB-cwnd
    2.1250 MB /   0.10 sec =  178.2633 Mbps     0 retrans   2623 KB-cwnd
    2.1250 MB /   0.10 sec =  178.2544 Mbps     0 retrans   2623 KB-cwnd
    1.9375 MB /   0.10 sec =  162.4270 Mbps     0 retrans   2673 KB-cwnd
    1.9375 MB /   0.10 sec =  162.6138 Mbps     0 retrans   2673 KB-cwnd
    2.1875 MB /   0.10 sec =  183.5045 Mbps     0 retrans   2673 KB-cwnd
    1.8750 MB /   0.10 sec =  157.2754 Mbps     0 retrans   2673 KB-cwnd
    2.1250 MB /   0.10 sec =  178.2793 Mbps     0 retrans   2673 KB-cwnd
    2.1875 MB /   0.10 sec =  183.4916 Mbps     0 retrans   2698 KB-cwnd
    2.0625 MB /   0.10 sec =  171.5177 Mbps     0 retrans   2698 KB-cwnd
    2.1250 MB /   0.10 sec =  179.8441 Mbps     0 retrans   2698 KB-cwnd
    2.0625 MB /   0.10 sec =  173.0202 Mbps     0 retrans   2698 KB-cwnd
    1.9375 MB /   0.10 sec =  162.4627 Mbps     0 retrans   2698 KB-cwnd
    2.0625 MB /   0.10 sec =  173.0860 Mbps     0 retrans   2706 KB-cwnd
    1.8750 MB /   0.10 sec =  157.2785 Mbps     0 retrans   2706 KB-cwnd
    2.3125 MB /   0.10 sec =  193.9943 Mbps     0 retrans   2706 KB-cwnd
    1.7500 MB /   0.10 sec =  146.7977 Mbps     0 retrans   2706 KB-cwnd
    2.0000 MB /   0.10 sec =  167.7772 Mbps     0 retrans   2706 KB-cwnd
    2.1250 MB /   0.10 sec =  178.2365 Mbps     0 retrans   2706 KB-cwnd
    1.8750 MB /   0.10 sec =  157.3037 Mbps     0 retrans   2706 KB-cwnd
    2.0000 MB /   0.10 sec =  167.7654 Mbps     0 retrans   2706 KB-cwnd
    2.0000 MB /   0.10 sec =  167.7252 Mbps     0 retrans   2706 KB-cwnd
    2.0000 MB /   0.10 sec =  167.8208 Mbps     0 retrans   2706 KB-cwnd
    2.0625 MB /   0.10 sec =  173.0220 Mbps     0 retrans   2706 KB-cwnd
    1.9375 MB /   0.10 sec =  162.5195 Mbps     0 retrans   2706 KB-cwnd
    2.0625 MB /   0.10 sec =  172.9995 Mbps     0 retrans   2706 KB-cwnd
    2.1250 MB /   0.10 sec =  178.2740 Mbps     0 retrans   2706 KB-cwnd
    2.0625 MB /   0.10 sec =  173.0029 Mbps     0 retrans   2706 KB-cwnd
    2.1875 MB /   0.10 sec =  183.5210 Mbps     0 retrans   2173 KB-cwnd
    1.8750 MB /   0.10 sec =  157.2895 Mbps     0 retrans   2173 KB-cwnd
    2.0625 MB /   0.10 sec =  173.0116 Mbps     0 retrans   2173 KB-cwnd
    2.1875 MB /   0.10 sec =  183.5008 Mbps     0 retrans   2173 KB-cwnd
    2.0000 MB /   0.10 sec =  167.7722 Mbps     0 retrans   2173 KB-cwnd
    0.2500 MB /   0.10 sec =   20.9656 Mbps     0 retrans   2173 KB-cwnd
    3.7500 MB /   0.10 sec =  314.6672 Mbps     0 retrans   2288 KB-cwnd
    1.9375 MB /   0.10 sec =  162.5179 Mbps     0 retrans   2288 KB-cwnd
    1.8750 MB /   0.10 sec =  157.1465 Mbps     0 retrans   2288 KB-cwnd
    2.1250 MB /   0.10 sec =  178.4310 Mbps     0 retrans   2288 KB-cwnd
    2.0625 MB /   0.10 sec =  173.0133 Mbps     0 retrans   2384 KB-cwnd
    2.0625 MB /   0.10 sec =  173.0116 Mbps     0 retrans   2384 KB-cwnd
    2.0625 MB /   0.10 sec =  173.0081 Mbps     0 retrans   2384 KB-cwnd
    2.0000 MB /   0.10 sec =  167.7621 Mbps     0 retrans   2384 KB-cwnd
    1.8750 MB /   0.10 sec =  157.2990 Mbps     0 retrans   2384 KB-cwnd
    1.8750 MB /   0.10 sec =  157.2675 Mbps     0 retrans   2384 KB-cwnd
    2.2500 MB /   0.10 sec =  188.7305 Mbps     0 retrans   2417 KB-cwnd
    2.0000 MB /   0.10 sec =  167.7990 Mbps     0 retrans   2417 KB-cwnd
    2.0000 MB /   0.10 sec =  163.5908 Mbps     0 retrans   2417 KB-cwnd
    2.1875 MB /   0.10 sec =  188.3160 Mbps     0 retrans   2417 KB-cwnd
    2.1250 MB /   0.10 sec =  178.2223 Mbps     0 retrans   2417 KB-cwnd
    2.0625 MB /   0.10 sec =  173.0410 Mbps     0 retrans   2425 KB-cwnd
    2.0000 MB /   0.10 sec =  167.6263 Mbps     0 retrans   2425 KB-cwnd
    2.3750 MB /   0.10 sec =  199.4069 Mbps     0 retrans   2425 KB-cwnd
    2.1875 MB /   0.10 sec =  183.5118 Mbps     0 retrans   2425 KB-cwnd
    2.0000 MB /   0.10 sec =  167.7453 Mbps     0 retrans   2425 KB-cwnd
    2.1875 MB /   0.10 sec =  182.9866 Mbps     0 retrans   2425 KB-cwnd
    2.0625 MB /   0.10 sec =  173.2958 Mbps     0 retrans   2426 KB-cwnd
    2.1250 MB /   0.10 sec =  178.5007 Mbps     0 retrans   2426 KB-cwnd
    1.8125 MB /   0.10 sec =  151.8279 Mbps     0 retrans   2426 KB-cwnd
    2.2500 MB /   0.10 sec =  188.9837 Mbps     0 retrans   2426 KB-cwnd
    2.0625 MB /   0.10 sec =  173.0323 Mbps     0 retrans   2428 KB-cwnd
    2.1250 MB /   0.10 sec =  178.2579 Mbps     0 retrans   2428 KB-cwnd
    2.0000 MB /   0.10 sec =  167.7554 Mbps     0 retrans   2428 KB-cwnd
    2.1250 MB /   0.10 sec =  178.2793 Mbps     0 retrans   2428 KB-cwnd
    1.8750 MB /   0.10 sec =  157.2644 Mbps     0 retrans   2428 KB-cwnd
    2.1875 MB /   0.10 sec =  183.5338 Mbps     0 retrans   2428 KB-cwnd
    2.1250 MB /   0.10 sec =  178.2579 Mbps     0 retrans   2429 KB-cwnd
    1.9375 MB /   0.10 sec =  162.5049 Mbps     0 retrans   2429 KB-cwnd
    1.8125 MB /   0.10 sec =  152.0222 Mbps     0 retrans   2429 KB-cwnd
    2.1250 MB /   0.10 sec =  178.3096 Mbps     0 retrans   2429 KB-cwnd
    1.8750 MB /   0.10 sec =  157.2722 Mbps     0 retrans   2429 KB-cwnd
    1.6250 MB /   0.10 sec =  135.5760 Mbps     0 retrans   2429 KB-cwnd
    2.0625 MB /   0.10 sec =  173.9474 Mbps     0 retrans   1957 KB-cwnd
    2.0000 MB /   0.10 sec =  167.7889 Mbps     0 retrans   1957 KB-cwnd
    1.9375 MB /   0.10 sec =  162.5163 Mbps     0 retrans   1957 KB-cwnd
    1.7500 MB /   0.10 sec =  146.7816 Mbps     0 retrans   1957 KB-cwnd
    0.0000 MB /   0.10 sec =    0.0000 Mbps     0 retrans   1957 KB-cwnd
    4.3750 MB /   0.10 sec =  367.5677 Mbps     0 retrans   2083 KB-cwnd
    2.1250 MB /   0.10 sec =  178.3810 Mbps     0 retrans   2083 KB-cwnd
    2.0625 MB /   0.10 sec =  173.0254 Mbps     0 retrans   2083 KB-cwnd
    1.9375 MB /   0.10 sec =  162.4399 Mbps     0 retrans   2083 KB-cwnd
    2.3125 MB /   0.10 sec =  194.0739 Mbps     0 retrans   2159 KB-cwnd
    2.0000 MB /   0.10 sec =  167.6816 Mbps     0 retrans   2159 KB-cwnd
    1.8750 MB /   0.10 sec =  157.3604 Mbps     0 retrans   2159 KB-cwnd
    2.1250 MB /   0.10 sec =  178.2740 Mbps     0 retrans   2159 KB-cwnd
    2.0625 MB /   0.10 sec =  173.0306 Mbps     0 retrans   2159 KB-cwnd
    1.8750 MB /   0.10 sec =  157.2833 Mbps     0 retrans   2159 KB-cwnd
    1.9375 MB /   0.10 sec =  162.4172 Mbps     0 retrans   2177 KB-cwnd
    1.9375 MB /   0.10 sec =  162.6431 Mbps     0 retrans   2177 KB-cwnd
    1.7500 MB /   0.10 sec =  146.8006 Mbps     0 retrans   2177 KB-cwnd
    1.8750 MB /   0.10 sec =  157.2597 Mbps     0 retrans   2177 KB-cwnd
    1.9375 MB /   0.10 sec =  162.5569 Mbps     0 retrans   2177 KB-cwnd
    1.9375 MB /   0.10 sec =  162.5260 Mbps     0 retrans   2177 KB-cwnd
    2.1250 MB /   0.10 sec =  178.2508 Mbps     0 retrans   2178 KB-cwnd
    2.0000 MB /   0.10 sec =  167.5092 Mbps     0 retrans   2178 KB-cwnd
    2.1250 MB /   0.10 sec =  178.5490 Mbps     0 retrans   2178 KB-cwnd
    2.0000 MB /   0.10 sec =  167.7654 Mbps     0 retrans   2178 KB-cwnd
    1.7500 MB /   0.10 sec =  146.8006 Mbps     0 retrans   2178 KB-cwnd
    2.0000 MB /   0.10 sec =  167.7722 Mbps     0 retrans   2178 KB-cwnd
    1.7500 MB /   0.10 sec =  146.8021 Mbps     0 retrans   2180 KB-cwnd
    2.0000 MB /   0.10 sec =  167.7705 Mbps     0 retrans   2180 KB-cwnd
    1.8125 MB /   0.10 sec =  152.0101 Mbps     0 retrans   2180 KB-cwnd
    1.8125 MB /   0.10 sec =  152.0496 Mbps     0 retrans   2180 KB-cwnd
    2.1250 MB /   0.10 sec =  178.2276 Mbps     0 retrans   2180 KB-cwnd
    2.0000 MB /   0.10 sec =  167.8040 Mbps     0 retrans   2181 KB-cwnd
    1.8125 MB /   0.10 sec =  151.9949 Mbps     0 retrans   2181 KB-cwnd
    1.6875 MB /   0.10 sec =  141.5309 Mbps     0 retrans   2181 KB-cwnd
    1.9375 MB /   0.10 sec =  162.4643 Mbps     0 retrans   2181 KB-cwnd
    1.7500 MB /   0.10 sec =  146.6774 Mbps     0 retrans   2181 KB-cwnd
    2.0000 MB /   0.10 sec =  168.0579 Mbps     0 retrans   2182 KB-cwnd
    1.8125 MB /   0.10 sec =  152.0298 Mbps     0 retrans   2182 KB-cwnd
    1.9375 MB /   0.10 sec =  162.5569 Mbps     0 retrans   2182 KB-cwnd
    2.0625 MB /   0.10 sec =  173.0393 Mbps     0 retrans   2182 KB-cwnd
    1.8750 MB /   0.10 sec =  157.2707 Mbps     0 retrans   2182 KB-cwnd
    1.6250 MB /   0.10 sec =  136.3299 Mbps     0 retrans   2182 KB-cwnd
    1.8750 MB /   0.10 sec =  157.0477 Mbps     0 retrans   1758 KB-cwnd
    1.9375 MB /   0.10 sec =  162.7620 Mbps     0 retrans   1758 KB-cwnd
    1.5000 MB /   0.10 sec =  125.8392 Mbps     0 retrans   1758 KB-cwnd
    1.8125 MB /   0.10 sec =  152.0420 Mbps     0 retrans   1758 KB-cwnd
    1.6250 MB /   0.10 sec =  136.2972 Mbps     0 retrans   1758 KB-cwnd
    0.0000 MB /   0.10 sec =    0.0000 Mbps     0 retrans   1758 KB-cwnd
    4.0000 MB /   0.10 sec =  335.5913 Mbps     0 retrans   1896 KB-cwnd
    1.8125 MB /   0.10 sec =  152.0770 Mbps     0 retrans   1896 KB-cwnd
    1.8750 MB /   0.10 sec =  157.2895 Mbps     0 retrans   1896 KB-cwnd
    1.7500 MB /   0.10 sec =  146.8006 Mbps     0 retrans   1896 KB-cwnd
    1.7500 MB /   0.10 sec =  146.3003 Mbps     0 retrans   1896 KB-cwnd
    1.6250 MB /   0.10 sec =  136.5949 Mbps     0 retrans   1896 KB-cwnd
    1.8750 MB /   0.10 sec =  157.4454 Mbps     0 retrans   1934 KB-cwnd
    1.8125 MB /   0.10 sec =  152.0800 Mbps     0 retrans   1934 KB-cwnd
    1.7500 MB /   0.10 sec =  146.8139 Mbps     0 retrans   1934 KB-cwnd
    1.9375 MB /   0.10 sec =  162.4757 Mbps     0 retrans   1938 KB-cwnd
    1.5000 MB /   0.10 sec =  125.8543 Mbps     0 retrans   1942 KB-cwnd
    1.6875 MB /   0.10 sec =  141.5379 Mbps     0 retrans   1945 KB-cwnd
    1.7500 MB /   0.10 sec =  146.8094 Mbps     0 retrans   1948 KB-cwnd
    1.7500 MB /   0.10 sec =  146.5427 Mbps     0 retrans   1950 KB-cwnd
    2.1250 MB /   0.10 sec =  178.6152 Mbps     0 retrans   1954 KB-cwnd
    2.0625 MB /   0.10 sec =  172.9856 Mbps     0 retrans   1954 KB-cwnd
    2.2500 MB /   0.10 sec =  188.7607 Mbps     0 retrans   1954 KB-cwnd
    1.9375 MB /   0.10 sec =  162.5374 Mbps     0 retrans   1954 KB-cwnd
    2.2500 MB /   0.10 sec =  188.7531 Mbps     0 retrans   1956 KB-cwnd
    2.1250 MB /   0.10 sec =  178.2472 Mbps     0 retrans   1956 KB-cwnd
    2.0000 MB /   0.10 sec =  167.7571 Mbps     0 retrans   1956 KB-cwnd
    2.1250 MB /   0.10 sec =  178.2633 Mbps     0 retrans   1956 KB-cwnd
    2.0625 MB /   0.10 sec =  173.0185 Mbps     0 retrans   1956 KB-cwnd
nuttcp-t: 613.7612 MB in 30.00 real seconds = 20949.63 KB/sec = 171.6194 Mbps
nuttcp-t: retrans = 0 cwnd = 1957 KB
nuttcp-t: 9821 I/O calls, msec/call = 3.13, calls/sec = 327.37
nuttcp-t: 0.0user 0.1sys 0:30real 0% 0i+0d 1226maxrss 0+1pf 56+15csw

nuttcp-r: 613.7612 MB in 31.27 real seconds = 20098.18 KB/sec = 164.6442 Mbps
nuttcp-r: 75592 I/O calls, msec/call = 0.42, calls/sec = 2417.31
nuttcp-r: 0.1user 0.8sys 0:31real 3% 0i+0d 100maxrss 0+15pf 64126+27csw
