1660436140728
nuttcp-r: v8.1.4: socket
nuttcp-r: buflen=65536, nstream=1, port=5003 tcp
nuttcp-r: interval reporting every 0.10 seconds
nuttcp-r: connect to 3.19.94.93 with RTT=129.580 ms af=inet
nuttcp-r: send window size = 2097152, receive window size = 52428800
nuttcp-r: available send window = 1572864, available receive window = 39321600
    0.0000 MB /   0.10 sec =    0.0000 Mbps    -1 retrans
    0.0000 MB /   0.10 sec =    0.0000 Mbps     0 retrans
    0.0625 MB /   0.10 sec =    5.2432 Mbps     1 retrans
    0.1250 MB /   0.10 sec =   10.4840 Mbps     0 retrans
    0.6250 MB /   0.10 sec =   52.4314 Mbps     0 retrans
    0.8125 MB /   0.10 sec =   68.1254 Mbps     0 retrans
    1.6875 MB /   0.10 sec =  141.6243 Mbps     0 retrans
    3.4375 MB /   0.10 sec =  288.3555 Mbps     0 retrans
   13.8125 MB /   0.10 sec = 1158.9199 Mbps     0 retrans
   19.7500 MB /   0.10 sec = 1654.8470 Mbps     0 retrans
   18.1250 MB /   0.10 sec = 1520.3744 Mbps     0 retrans
   17.0000 MB /   0.10 sec = 1427.5623 Mbps     0 retrans
   19.0625 MB /   0.10 sec = 1599.3503 Mbps     0 retrans
   18.1875 MB /   0.10 sec = 1525.4950 Mbps     0 retrans
   20.0000 MB /   0.10 sec = 1677.6042 Mbps     0 retrans
   20.8750 MB /   0.10 sec = 1751.1044 Mbps     0 retrans
   17.1875 MB /   0.10 sec = 1441.9506 Mbps     0 retrans
    0.0000 MB /   0.10 sec =    0.0000 Mbps     0 retrans
   24.9375 MB /   0.10 sec = 2091.9091 Mbps     0 retrans
   15.7500 MB /   0.10 sec = 1321.4172 Mbps     0 retrans
   18.2500 MB /   0.10 sec = 1530.8444 Mbps     0 retrans
   20.1250 MB /   0.10 sec = 1688.4606 Mbps     0 retrans
   16.6250 MB /   0.10 sec = 1394.1599 Mbps     0 retrans
   18.3750 MB /   0.10 sec = 1541.7767 Mbps     0 retrans
   20.5000 MB /   0.10 sec = 1719.5615 Mbps     0 retrans
   18.0000 MB /   0.10 sec = 1510.0551 Mbps     0 retrans
   16.4375 MB /   0.10 sec = 1378.8361 Mbps     0 retrans
   17.1875 MB /   0.10 sec = 1441.9074 Mbps     0 retrans
   19.1250 MB /   0.10 sec = 1604.3373 Mbps     0 retrans
   19.8125 MB /   0.10 sec = 1661.3783 Mbps     0 retrans
   17.7500 MB /   0.10 sec = 1489.5141 Mbps     0 retrans
   17.3125 MB /   0.10 sec = 1452.3649 Mbps     0 retrans
   17.5000 MB /   0.10 sec = 1467.8743 Mbps     0 retrans
   16.9375 MB /   0.10 sec = 1420.8773 Mbps     0 retrans
   15.5625 MB /   0.10 sec = 1305.4380 Mbps     0 retrans
   17.8750 MB /   0.10 sec = 1499.5836 Mbps     0 retrans
   16.3125 MB /   0.10 sec = 1368.3643 Mbps     0 retrans
    5.3125 MB /   0.10 sec =  445.4310 Mbps     0 retrans
    0.0625 MB /   0.10 sec =    5.2427 Mbps     0 retrans
   24.8750 MB /   0.10 sec = 2086.3533 Mbps     0 retrans
   14.1875 MB /   0.10 sec = 1190.5505 Mbps     0 retrans
   16.0000 MB /   0.10 sec = 1342.1907 Mbps     0 retrans
   17.2500 MB /   0.10 sec = 1447.0783 Mbps     0 retrans
   13.1875 MB /   0.10 sec = 1105.7390 Mbps     0 retrans
   14.4375 MB /   0.10 sec = 1211.3597 Mbps     0 retrans
   17.3750 MB /   0.10 sec = 1456.4138 Mbps     0 retrans
   16.3750 MB /   0.10 sec = 1374.2805 Mbps     0 retrans
   13.3125 MB /   0.10 sec = 1117.4710 Mbps     0 retrans
   14.1875 MB /   0.10 sec = 1189.8363 Mbps     0 retrans
   17.6250 MB /   0.10 sec = 1478.7731 Mbps     0 retrans
   16.8125 MB /   0.10 sec = 1410.1373 Mbps     0 retrans
   13.0625 MB /   0.10 sec = 1093.0839 Mbps     0 retrans
   14.7500 MB /   0.10 sec = 1240.6322 Mbps     0 retrans
   15.3125 MB /   0.10 sec = 1284.4542 Mbps     0 retrans
   18.0000 MB /   0.10 sec = 1508.5163 Mbps     0 retrans
   15.6250 MB /   0.10 sec = 1311.7694 Mbps     0 retrans
   16.7500 MB /   0.10 sec = 1405.4010 Mbps     0 retrans
   15.2500 MB /   0.10 sec = 1278.9813 Mbps     0 retrans
   17.8750 MB /   0.10 sec = 1499.6736 Mbps     0 retrans
   16.4375 MB /   0.10 sec = 1378.8637 Mbps     0 retrans
   15.6875 MB /   0.10 sec = 1315.8839 Mbps     0 retrans
   19.0625 MB /   0.10 sec = 1598.3911 Mbps     0 retrans
   15.5000 MB /   0.10 sec = 1300.8847 Mbps     0 retrans
   14.3125 MB /   0.10 sec = 1200.4755 Mbps     0 retrans
   18.5625 MB /   0.10 sec = 1557.2911 Mbps     0 retrans
   18.6875 MB /   0.10 sec = 1567.1510 Mbps     0 retrans
   18.6250 MB /   0.10 sec = 1562.1595 Mbps     0 retrans
   17.0625 MB /   0.10 sec = 1431.9506 Mbps     0 retrans
   17.6875 MB /   0.10 sec = 1483.7647 Mbps     0 retrans
   17.3125 MB /   0.10 sec = 1451.9874 Mbps     0 retrans
   16.6250 MB /   0.10 sec = 1394.3412 Mbps     0 retrans
   15.7500 MB /   0.10 sec = 1321.4965 Mbps     0 retrans
   17.1875 MB /   0.10 sec = 1441.8064 Mbps     0 retrans
   18.3750 MB /   0.10 sec = 1541.1139 Mbps     0 retrans
   20.0000 MB /   0.10 sec = 1678.1076 Mbps     0 retrans
   15.1875 MB /   0.10 sec = 1273.8925 Mbps     0 retrans
   18.5625 MB /   0.10 sec = 1557.2599 Mbps     0 retrans
   19.1875 MB /   0.10 sec = 1610.0633 Mbps     0 retrans
   16.1875 MB /   0.10 sec = 1357.4715 Mbps     0 retrans
   19.1875 MB /   0.10 sec = 1609.6929 Mbps     0 retrans
   16.0625 MB /   0.10 sec = 1347.2854 Mbps     0 retrans
   16.0625 MB /   0.10 sec = 1347.0834 Mbps     0 retrans
   18.1875 MB /   0.10 sec = 1526.5940 Mbps     0 retrans
   20.1250 MB /   0.10 sec = 1687.7348 Mbps     0 retrans
   17.7500 MB /   0.10 sec = 1488.9779 Mbps     0 retrans
   18.7500 MB /   0.10 sec = 1571.8423 Mbps     0 retrans
   18.4375 MB /   0.10 sec = 1547.7485 Mbps     0 retrans
   14.9375 MB /   0.10 sec = 1253.0734 Mbps     0 retrans
   14.6250 MB /   0.10 sec = 1226.6745 Mbps     0 retrans
   16.0625 MB /   0.10 sec = 1347.7436 Mbps     0 retrans
   19.5625 MB /   0.10 sec = 1640.8738 Mbps     0 retrans
   18.3750 MB /   0.10 sec = 1541.2218 Mbps     0 retrans
   18.2500 MB /   0.10 sec = 1530.9210 Mbps     0 retrans
   18.5625 MB /   0.10 sec = 1557.2444 Mbps     0 retrans
   17.4375 MB /   0.10 sec = 1462.4564 Mbps     0 retrans
   18.0000 MB /   0.10 sec = 1509.8890 Mbps     0 retrans
   19.3750 MB /   0.10 sec = 1625.5691 Mbps     0 retrans
   16.1250 MB /   0.10 sec = 1352.8524 Mbps     0 retrans
   15.5000 MB /   0.10 sec = 1297.7814 Mbps     0 retrans
   17.6250 MB /   0.10 sec = 1481.2770 Mbps     0 retrans
   17.1875 MB /   0.10 sec = 1441.8064 Mbps     0 retrans
   17.5625 MB /   0.10 sec = 1473.2640 Mbps     0 retrans
   15.7500 MB /   0.10 sec = 1321.2718 Mbps     0 retrans
   17.3125 MB /   0.10 sec = 1451.3779 Mbps     0 retrans
   19.5625 MB /   0.10 sec = 1641.8588 Mbps     0 retrans
   18.6875 MB /   0.10 sec = 1567.1980 Mbps     0 retrans
   18.3750 MB /   0.10 sec = 1541.5763 Mbps     0 retrans
   18.1250 MB /   0.10 sec = 1520.5264 Mbps     0 retrans
   18.8750 MB /   0.10 sec = 1583.6348 Mbps     0 retrans
   19.2500 MB /   0.10 sec = 1614.6779 Mbps     0 retrans
   20.8750 MB /   0.10 sec = 1749.8445 Mbps     0 retrans
   18.8125 MB /   0.10 sec = 1579.0859 Mbps     0 retrans
   22.0000 MB /   0.10 sec = 1845.4753 Mbps     0 retrans
   16.8750 MB /   0.10 sec = 1415.8041 Mbps     0 retrans
   18.3750 MB /   0.10 sec = 1541.6534 Mbps     0 retrans
   22.0625 MB /   0.10 sec = 1850.4776 Mbps     0 retrans
   17.1250 MB /   0.10 sec = 1436.6066 Mbps     0 retrans
   20.6250 MB /   0.10 sec = 1729.8044 Mbps     0 retrans
   13.5625 MB /   0.10 sec = 1137.7391 Mbps     0 retrans
   22.6875 MB /   0.10 sec = 1902.8610 Mbps     0 retrans
   17.1250 MB /   0.10 sec = 1436.6210 Mbps     0 retrans
   20.5625 MB /   0.10 sec = 1725.0800 Mbps     0 retrans
   19.2500 MB /   0.10 sec = 1614.9362 Mbps     0 retrans
   18.7500 MB /   0.10 sec = 1572.8325 Mbps     0 retrans
   18.5625 MB /   0.10 sec = 1556.9174 Mbps     0 retrans
   15.5625 MB /   0.10 sec = 1305.0334 Mbps     0 retrans
   17.1250 MB /   0.10 sec = 1436.0609 Mbps     0 retrans
   18.1875 MB /   0.10 sec = 1526.7162 Mbps     0 retrans
   18.2500 MB /   0.10 sec = 1531.2272 Mbps     0 retrans
   20.1875 MB /   0.10 sec = 1693.5010 Mbps     0 retrans
   16.8750 MB /   0.10 sec = 1415.2238 Mbps     0 retrans
   18.8750 MB /   0.10 sec = 1583.8408 Mbps     0 retrans
   21.5000 MB /   0.10 sec = 1803.3343 Mbps     0 retrans
   19.5000 MB /   0.10 sec = 1635.7949 Mbps     0 retrans
   20.3750 MB /   0.10 sec = 1708.4955 Mbps     0 retrans
   19.6250 MB /   0.10 sec = 1641.5040 Mbps     0 retrans
   20.0625 MB /   0.10 sec = 1687.8593 Mbps     0 retrans
   20.3125 MB /   0.10 sec = 1704.6178 Mbps     0 retrans
   20.3750 MB /   0.10 sec = 1708.8371 Mbps     0 retrans
   19.0625 MB /   0.10 sec = 1599.3823 Mbps     0 retrans
   18.7500 MB /   0.10 sec = 1572.1094 Mbps     0 retrans
   19.1875 MB /   0.10 sec = 1609.5159 Mbps     0 retrans
   19.9375 MB /   0.10 sec = 1673.1815 Mbps     0 retrans
   20.0625 MB /   0.10 sec = 1683.0150 Mbps     0 retrans
   20.4375 MB /   0.10 sec = 1714.4389 Mbps     0 retrans
   19.8750 MB /   0.10 sec = 1667.4693 Mbps     0 retrans
   19.6250 MB /   0.10 sec = 1645.9022 Mbps     0 retrans
   19.8750 MB /   0.10 sec = 1666.7025 Mbps     0 retrans
   21.6250 MB /   0.10 sec = 1815.0529 Mbps     0 retrans
   17.8125 MB /   0.10 sec = 1494.0116 Mbps     0 retrans
   15.0000 MB /   0.10 sec = 1258.2157 Mbps     0 retrans
   19.3125 MB /   0.10 sec = 1620.1471 Mbps     0 retrans
   20.0000 MB /   0.10 sec = 1678.0740 Mbps     0 retrans
   18.9375 MB /   0.10 sec = 1588.1003 Mbps     0 retrans
   17.1875 MB /   0.10 sec = 1442.2247 Mbps     0 retrans
   15.1875 MB /   0.10 sec = 1272.3149 Mbps     0 retrans
   17.5000 MB /   0.10 sec = 1469.8143 Mbps     0 retrans
   18.1250 MB /   0.10 sec = 1520.5264 Mbps     0 retrans
   18.2500 MB /   0.10 sec = 1530.5077 Mbps     0 retrans
   21.3750 MB /   0.10 sec = 1792.9753 Mbps     0 retrans
   19.3750 MB /   0.10 sec = 1625.5854 Mbps     0 retrans
   19.6250 MB /   0.10 sec = 1646.1162 Mbps     0 retrans
   19.5625 MB /   0.10 sec = 1640.8902 Mbps     0 retrans
   18.0625 MB /   0.10 sec = 1515.0711 Mbps     0 retrans
   18.0000 MB /   0.10 sec = 1510.3119 Mbps     0 retrans
   20.3750 MB /   0.10 sec = 1705.8865 Mbps     0 retrans
   18.6875 MB /   0.10 sec = 1570.5266 Mbps     0 retrans
   17.7500 MB /   0.10 sec = 1489.1715 Mbps     0 retrans
   19.6250 MB /   0.10 sec = 1645.8858 Mbps     0 retrans
   20.1875 MB /   0.10 sec = 1693.8059 Mbps     0 retrans
   18.0625 MB /   0.10 sec = 1514.4048 Mbps     0 retrans
   21.8750 MB /   0.10 sec = 1835.9260 Mbps     0 retrans
   18.4375 MB /   0.10 sec = 1545.7067 Mbps     0 retrans
   17.5625 MB /   0.10 sec = 1474.2075 Mbps     0 retrans
   21.9375 MB /   0.10 sec = 1840.5822 Mbps     0 retrans
   19.8750 MB /   0.10 sec = 1666.5692 Mbps     0 retrans
   17.5625 MB /   0.10 sec = 1473.6914 Mbps     0 retrans
   20.6250 MB /   0.10 sec = 1729.5623 Mbps     0 retrans
   19.5000 MB /   0.10 sec = 1635.8276 Mbps     0 retrans
    7.7500 MB /   0.10 sec =  650.1041 Mbps     0 retrans
   26.2500 MB /   0.10 sec = 2202.1417 Mbps     0 retrans
   14.5000 MB /   0.10 sec = 1216.6402 Mbps     0 retrans
   14.7500 MB /   0.10 sec = 1237.1341 Mbps     0 retrans
   10.2500 MB /   0.10 sec =  859.6690 Mbps     0 retrans
   15.5000 MB /   0.10 sec = 1300.4943 Mbps     0 retrans
   11.2500 MB /   0.10 sec =  943.7090 Mbps     0 retrans
   10.3750 MB /   0.10 sec =  870.5444 Mbps     0 retrans
   10.8750 MB /   0.10 sec =  912.1334 Mbps     0 retrans
   11.1250 MB /   0.10 sec =  932.9994 Mbps     0 retrans
    9.7500 MB /   0.10 sec =  818.0447 Mbps     0 retrans
   12.3125 MB /   0.10 sec = 1032.6512 Mbps     0 retrans
   10.2500 MB /   0.10 sec =  860.0387 Mbps     0 retrans
   12.1250 MB /   0.10 sec = 1017.0882 Mbps     0 retrans
   10.0000 MB /   0.10 sec =  838.7937 Mbps     0 retrans
   12.6250 MB /   0.10 sec = 1059.1147 Mbps     0 retrans
   10.3750 MB /   0.10 sec =  870.4312 Mbps     0 retrans
   12.4375 MB /   0.10 sec = 1043.0098 Mbps     0 retrans
   10.6875 MB /   0.10 sec =  896.8733 Mbps     0 retrans
   12.1875 MB /   0.10 sec = 1003.3186 Mbps     0 retrans
   10.0625 MB /   0.10 sec =  859.3310 Mbps     0 retrans
   12.7500 MB /   0.10 sec = 1070.5753 Mbps     0 retrans
   10.1250 MB /   0.10 sec =  849.4060 Mbps     0 retrans
   12.6875 MB /   0.10 sec = 1064.4324 Mbps     0 retrans
   10.3125 MB /   0.10 sec =  865.0752 Mbps     0 retrans
   13.3750 MB /   0.10 sec = 1121.7856 Mbps     0 retrans
   10.6250 MB /   0.10 sec =  883.2783 Mbps     0 retrans
   12.8125 MB /   0.10 sec = 1084.5842 Mbps     0 retrans
    7.8125 MB /   0.10 sec =  655.5698 Mbps     0 retrans
   10.0000 MB /   0.10 sec =  838.6847 Mbps     0 retrans
    9.9375 MB /   0.10 sec =  833.7013 Mbps     0 retrans
   13.8125 MB /   0.10 sec = 1158.6185 Mbps     0 retrans
   10.0625 MB /   0.10 sec =  844.2219 Mbps     0 retrans
   13.6875 MB /   0.10 sec = 1148.0185 Mbps     0 retrans
   10.0625 MB /   0.10 sec =  844.0784 Mbps     0 retrans
   13.8125 MB /   0.10 sec = 1158.7112 Mbps     0 retrans
   10.3750 MB /   0.10 sec =  870.2833 Mbps     0 retrans
   13.8125 MB /   0.10 sec = 1158.6765 Mbps     0 retrans
   10.3750 MB /   0.10 sec =  870.1963 Mbps     0 retrans
   14.0000 MB /   0.10 sec = 1166.8788 Mbps     0 retrans
   10.5625 MB /   0.10 sec =  891.9155 Mbps     0 retrans
   13.8125 MB /   0.10 sec = 1158.6649 Mbps     0 retrans
   10.3750 MB /   0.10 sec =  870.3442 Mbps     0 retrans
   14.0625 MB /   0.10 sec = 1179.6716 Mbps     0 retrans
   11.1875 MB /   0.10 sec =  938.4474 Mbps     0 retrans
   13.3750 MB /   0.10 sec = 1121.8641 Mbps     0 retrans
   11.1250 MB /   0.10 sec =  933.3540 Mbps     0 retrans
   12.9375 MB /   0.10 sec = 1085.4390 Mbps     0 retrans
   11.3750 MB /   0.10 sec =  954.1946 Mbps     0 retrans
   13.0000 MB /   0.10 sec = 1090.2247 Mbps     0 retrans
   11.5000 MB /   0.10 sec =  964.8057 Mbps     0 retrans
   13.1875 MB /   0.10 sec = 1106.4579 Mbps     0 retrans
   11.1250 MB /   0.10 sec =  933.2513 Mbps     0 retrans
   13.7500 MB /   0.10 sec = 1153.2030 Mbps     0 retrans
   10.8750 MB /   0.10 sec =  912.2155 Mbps     0 retrans
   13.8750 MB /   0.10 sec = 1163.5703 Mbps     0 retrans
   10.7500 MB /   0.10 sec =  902.0279 Mbps     0 retrans
   14.3750 MB /   0.10 sec = 1206.0554 Mbps     0 retrans
   10.5625 MB /   0.10 sec =  885.9315 Mbps     0 retrans
   13.5625 MB /   0.10 sec = 1137.9212 Mbps     0 retrans
   10.1250 MB /   0.10 sec =  849.2531 Mbps     0 retrans
   12.1250 MB /   0.10 sec = 1017.2815 Mbps     0 retrans
   13.2500 MB /   0.10 sec = 1111.4350 Mbps     0 retrans
   12.6250 MB /   0.10 sec = 1059.0194 Mbps     0 retrans
   12.5000 MB /   0.10 sec = 1048.3558 Mbps     0 retrans
   13.0000 MB /   0.10 sec = 1090.6063 Mbps     0 retrans
   12.2500 MB /   0.10 sec = 1027.7381 Mbps     0 retrans
   13.1875 MB /   0.10 sec = 1106.1924 Mbps     0 retrans
   12.0000 MB /   0.10 sec = 1006.7739 Mbps     0 retrans
    6.6250 MB /   0.10 sec =  555.6064 Mbps     0 retrans
   15.1875 MB /   0.10 sec = 1274.1473 Mbps     0 retrans
    8.0625 MB /   0.10 sec =  676.3586 Mbps     0 retrans
   10.0000 MB /   0.10 sec =  838.7434 Mbps     0 retrans
    8.4375 MB /   0.10 sec =  707.9162 Mbps     0 retrans
    9.6250 MB /   0.10 sec =  807.1452 Mbps     0 retrans
    9.0000 MB /   0.10 sec =  755.0427 Mbps     0 retrans
    9.0625 MB /   0.10 sec =  760.3088 Mbps     0 retrans
    9.3750 MB /   0.10 sec =  786.0076 Mbps     0 retrans
    9.5000 MB /   0.10 sec =  797.3324 Mbps     0 retrans
    9.8125 MB /   0.10 sec =  823.2392 Mbps     0 retrans
    8.8750 MB /   0.10 sec =  744.5560 Mbps     0 retrans
   10.0625 MB /   0.10 sec =  844.0952 Mbps     0 retrans
    8.7500 MB /   0.10 sec =  733.7757 Mbps     0 retrans
   10.5625 MB /   0.10 sec =  886.3126 Mbps     0 retrans
    8.4375 MB /   0.10 sec =  707.6473 Mbps     0 retrans
   10.4375 MB /   0.10 sec =  875.6573 Mbps     0 retrans
    8.5000 MB /   0.10 sec =  710.8848 Mbps     0 retrans
   10.5625 MB /   0.10 sec =  886.5166 Mbps     0 retrans
    8.6875 MB /   0.10 sec =  730.3525 Mbps     0 retrans
   10.8750 MB /   0.10 sec =  901.1588 Mbps     0 retrans
    8.8750 MB /   0.10 sec =  753.9587 Mbps     0 retrans
   10.4375 MB /   0.10 sec =  875.5347 Mbps     0 retrans
    9.4375 MB /   0.10 sec =  791.4612 Mbps     0 retrans
    9.9375 MB /   0.10 sec =  833.7180 Mbps     0 retrans
    9.3750 MB /   0.10 sec =  786.3927 Mbps     0 retrans
   10.3125 MB /   0.10 sec =  865.2742 Mbps     0 retrans
    9.5625 MB /   0.10 sec =  802.0323 Mbps     0 retrans
   10.3125 MB /   0.10 sec =  864.8590 Mbps     0 retrans
   10.0000 MB /   0.10 sec =  839.2636 Mbps     0 retrans
    9.9375 MB /   0.10 sec =  833.5429 Mbps     0 retrans
    9.8750 MB /   0.10 sec =  828.3088 Mbps     0 retrans
    9.7500 MB /   0.10 sec =  817.8647 Mbps     0 retrans
   10.3750 MB /   0.10 sec =  870.3616 Mbps     0 retrans
    9.3750 MB /   0.10 sec =  786.3141 Mbps     0 retrans
   10.7500 MB /   0.10 sec =  901.7303 Mbps     0 retrans
    9.0625 MB /   0.10 sec =  760.2708 Mbps     0 retrans
   11.1875 MB /   0.10 sec =  937.6223 Mbps     0 retrans
    9.0000 MB /   0.10 sec =  755.8591 Mbps     0 retrans
   11.1250 MB /   0.10 sec =  933.0833 Mbps     0 retrans
    9.1250 MB /   0.10 sec =  765.5523 Mbps     0 retrans
    8.8750 MB /   0.10 sec =  744.5411 Mbps     0 retrans
   11.6250 MB /   0.10 sec =  975.0099 Mbps     0 retrans
    8.1250 MB /   0.10 sec =  681.4994 Mbps     0 retrans
   12.0625 MB /   0.10 sec = 1011.9872 Mbps     0 retrans
    8.3125 MB /   0.10 sec =  697.3798 Mbps     0 retrans
   11.7500 MB /   0.10 sec =  985.5136 Mbps     0 retrans
    9.1875 MB /   0.10 sec =  770.7727 Mbps     0 retrans
   11.5000 MB /   0.10 sec =  964.6513 Mbps     0 retrans
    9.0625 MB /   0.10 sec =  760.3240 Mbps     0 retrans
   11.1875 MB /   0.10 sec =  938.3911 Mbps     0 retrans
   10.0000 MB /   0.10 sec =  838.8189 Mbps     0 retrans
   11.0000 MB /   0.10 sec =  922.7192 Mbps     0 retrans
    9.8750 MB /   0.10 sec =  828.2922 Mbps     0 retrans
   11.0625 MB /   0.10 sec =  928.3425 Mbps     0 retrans
    3.6875 MB /   0.10 sec =  309.1970 Mbps     0 retrans
nuttcp-r: 4434.1890 MB in 30.48 real seconds = 148971.99 KB/sec = 1220.3786 Mbps
nuttcp-r: 82676 I/O calls, msec/call = 0.38, calls/sec = 2712.50
nuttcp-r: 0.0user 1.2sys 0:30real 4% 0i+0d 1246maxrss 0+1pf 11953+414csw

nuttcp-t: Warning: send window size 25000000 < requested window size 26214400
nuttcp-t: v6.1.2: socket
nuttcp-t: buflen=65536, nstream=1, port=5003 tcp -> 166.194.157.161
nuttcp-t: time limit = 30.00 seconds
nuttcp-t: accept from 166.194.157.161 with mss=1378
nuttcp-t: send window size = 50000000, receive window size = 25000000
nuttcp-t: available send window = 25000000, available receive window = 12500000
nuttcp-t: 4434.1890 MB in 30.00 real seconds = 151353.17 KB/sec = 1239.8852 Mbps
nuttcp-t: retrans = 0
nuttcp-t: 70948 I/O calls, msec/call = 0.43, calls/sec = 2364.93
nuttcp-t: 0.0user 1.9sys 0:30real 6% 0i+0d 100maxrss 0+0pf 256+24csw
