1659975387980
nuttcp-r: v8.1.4: socket
nuttcp-r: buflen=65536, nstream=1, port=5003 tcp
nuttcp-r: interval reporting every 0.10 seconds
nuttcp-r: connect to 54.176.53.206 with RTT=45.403 ms af=inet
nuttcp-r: send window size = 1048576, receive window size = 52428800
nuttcp-r: available send window = 786432, available receive window = 39321600
    0.0000 MB /   0.10 sec =    0.0000 Mbps    -1 retrans
    0.1250 MB /   0.10 sec =   10.4859 Mbps     1 retrans
    0.0000 MB /   0.10 sec =    0.0000 Mbps     0 retrans
    0.1250 MB /   0.10 sec =   10.4763 Mbps     0 retrans
    0.1875 MB /   0.10 sec =   15.7356 Mbps     0 retrans
    0.7500 MB /   0.10 sec =   62.9744 Mbps     0 retrans
    0.9375 MB /   0.10 sec =   78.6644 Mbps     0 retrans
    1.1250 MB /   0.10 sec =   94.3332 Mbps     0 retrans
    1.3125 MB /   0.10 sec =  110.0873 Mbps     0 retrans
    1.4375 MB /   0.10 sec =  120.5296 Mbps     0 retrans
    1.1875 MB /   0.10 sec =   99.6107 Mbps     0 retrans
    1.1250 MB /   0.10 sec =   94.4190 Mbps     0 retrans
    1.3750 MB /   0.10 sec =  115.3895 Mbps     0 retrans
    1.1875 MB /   0.10 sec =   99.6107 Mbps     0 retrans
    1.3125 MB /   0.10 sec =  110.0873 Mbps     0 retrans
    1.3750 MB /   0.10 sec =  115.1580 Mbps     0 retrans
    1.3125 MB /   0.10 sec =  110.1820 Mbps     0 retrans
    1.4375 MB /   0.10 sec =  120.7142 Mbps     0 retrans
    1.0000 MB /   0.10 sec =   83.8810 Mbps     0 retrans
    1.4375 MB /   0.10 sec =  120.5899 Mbps     0 retrans
    1.3125 MB /   0.10 sec =  110.0972 Mbps     0 retrans
    1.0000 MB /   0.10 sec =   83.1774 Mbps     0 retrans
    1.3125 MB /   0.10 sec =  111.0197 Mbps     0 retrans
    1.4375 MB /   0.10 sec =  120.5959 Mbps     0 retrans
    1.2500 MB /   0.10 sec =  104.8943 Mbps     0 retrans
    1.5000 MB /   0.10 sec =  125.8090 Mbps     0 retrans
    1.3750 MB /   0.10 sec =  115.3503 Mbps     0 retrans
    1.5000 MB /   0.10 sec =  125.8052 Mbps     0 retrans
    1.3125 MB /   0.10 sec =  110.1027 Mbps     0 retrans
    1.3125 MB /   0.10 sec =  110.1280 Mbps     0 retrans
    1.3125 MB /   0.10 sec =  110.1016 Mbps     0 retrans
    1.3125 MB /   0.10 sec =  110.0906 Mbps     0 retrans
    1.3125 MB /   0.10 sec =  110.1060 Mbps     0 retrans
    1.4375 MB /   0.10 sec =  120.5669 Mbps     0 retrans
    1.1250 MB /   0.10 sec =   94.3747 Mbps     0 retrans
    1.6875 MB /   0.10 sec =  141.5450 Mbps     0 retrans
    1.1875 MB /   0.10 sec =   99.6097 Mbps     0 retrans
    1.4375 MB /   0.10 sec =  120.6055 Mbps     0 retrans
    1.4375 MB /   0.10 sec =  120.5802 Mbps     0 retrans
    1.2500 MB /   0.10 sec =  104.8503 Mbps     0 retrans
    1.5000 MB /   0.10 sec =  125.8555 Mbps     0 retrans
    1.3125 MB /   0.10 sec =  110.0829 Mbps     0 retrans
    1.2500 MB /   0.10 sec =  104.8555 Mbps     0 retrans
    1.5000 MB /   0.10 sec =  125.8253 Mbps     0 retrans
    1.5000 MB /   0.10 sec =  125.8392 Mbps     0 retrans
    1.2500 MB /   0.10 sec =  104.8534 Mbps     0 retrans
    1.3125 MB /   0.10 sec =  110.1115 Mbps     0 retrans
    1.3750 MB /   0.10 sec =  115.3387 Mbps     0 retrans
    1.2500 MB /   0.10 sec =  104.8524 Mbps     0 retrans
    1.4375 MB /   0.10 sec =  120.6019 Mbps     0 retrans
    1.2500 MB /   0.10 sec =  104.8545 Mbps     0 retrans
    1.3750 MB /   0.10 sec =  115.3468 Mbps     0 retrans
    1.1875 MB /   0.10 sec =   99.5868 Mbps     0 retrans
    1.0000 MB /   0.10 sec =   83.8458 Mbps     0 retrans
    1.3750 MB /   0.10 sec =  115.4045 Mbps     0 retrans
    1.1250 MB /   0.10 sec =   94.3803 Mbps     0 retrans
    1.0625 MB /   0.10 sec =   89.0702 Mbps     0 retrans
    1.2500 MB /   0.10 sec =  104.9563 Mbps     0 retrans
    1.4375 MB /   0.10 sec =  120.5645 Mbps     0 retrans
    1.1875 MB /   0.10 sec =   99.5729 Mbps     0 retrans
    1.5625 MB /   0.10 sec =  131.1140 Mbps     0 retrans
    1.2500 MB /   0.10 sec =  104.8241 Mbps     0 retrans
    1.3125 MB /   0.10 sec =  110.1379 Mbps     0 retrans
    1.3125 MB /   0.10 sec =  110.0675 Mbps     0 retrans
    0.8125 MB /   0.10 sec =   68.0805 Mbps     0 retrans
    1.1875 MB /   0.10 sec =   99.7194 Mbps     0 retrans
    1.5000 MB /   0.10 sec =  125.8316 Mbps     0 retrans
    1.3125 MB /   0.10 sec =  109.8961 Mbps     0 retrans
    1.4375 MB /   0.10 sec =  120.8388 Mbps     0 retrans
    1.2500 MB /   0.10 sec =  104.8618 Mbps     0 retrans
    1.2500 MB /   0.10 sec =  104.8199 Mbps     0 retrans
    1.5625 MB /   0.10 sec =  131.1074 Mbps     0 retrans
    1.2500 MB /   0.10 sec =  104.8754 Mbps     0 retrans
    1.2500 MB /   0.10 sec =  104.8691 Mbps     0 retrans
    1.5000 MB /   0.10 sec =  125.8102 Mbps     0 retrans
    1.5000 MB /   0.10 sec =  125.8279 Mbps     0 retrans
    1.2500 MB /   0.10 sec =  104.8345 Mbps     0 retrans
    1.3125 MB /   0.10 sec =  110.1104 Mbps     0 retrans
    1.4375 MB /   0.10 sec =  120.6055 Mbps     0 retrans
    1.4375 MB /   0.10 sec =  120.5838 Mbps     0 retrans
    1.4375 MB /   0.10 sec =  120.5862 Mbps     0 retrans
    1.3125 MB /   0.10 sec =  110.0774 Mbps     0 retrans
    1.4375 MB /   0.10 sec =  120.5862 Mbps     0 retrans
    1.3125 MB /   0.10 sec =  110.1280 Mbps     0 retrans
    1.3750 MB /   0.10 sec =  115.2466 Mbps     0 retrans
    1.0000 MB /   0.10 sec =   83.9591 Mbps     0 retrans
    1.5000 MB /   0.10 sec =  125.8316 Mbps     0 retrans
    1.3125 MB /   0.10 sec =  110.0851 Mbps     0 retrans
    1.0000 MB /   0.10 sec =   83.8886 Mbps     0 retrans
    1.5625 MB /   0.10 sec =  131.0904 Mbps     0 retrans
    1.1250 MB /   0.10 sec =   94.3586 Mbps     0 retrans
    1.4375 MB /   0.10 sec =  120.4549 Mbps     0 retrans
    1.4375 MB /   0.10 sec =  120.6912 Mbps     0 retrans
    1.4375 MB /   0.10 sec =  120.6043 Mbps     0 retrans
    1.2500 MB /   0.10 sec =  104.8681 Mbps     0 retrans
    1.2500 MB /   0.10 sec =  104.8545 Mbps     0 retrans
    1.4375 MB /   0.10 sec =  120.4935 Mbps     0 retrans
    1.3125 MB /   0.10 sec =  110.1655 Mbps     0 retrans
    1.3125 MB /   0.10 sec =  110.1170 Mbps     0 retrans
    1.3125 MB /   0.10 sec =  110.1302 Mbps     0 retrans
    1.3750 MB /   0.10 sec =  115.2949 Mbps     0 retrans
    1.5000 MB /   0.10 sec =  125.8379 Mbps     0 retrans
    1.3125 MB /   0.10 sec =  110.0950 Mbps     0 retrans
    1.4375 MB /   0.10 sec =  120.6007 Mbps     0 retrans
    1.3750 MB /   0.10 sec =  115.3641 Mbps     0 retrans
    1.3125 MB /   0.10 sec =  110.0708 Mbps     0 retrans
    1.3750 MB /   0.10 sec =  115.3411 Mbps     0 retrans
    1.5000 MB /   0.10 sec =  125.8404 Mbps     0 retrans
    1.2500 MB /   0.10 sec =  104.8566 Mbps     0 retrans
    1.4375 MB /   0.10 sec =  120.6007 Mbps     0 retrans
    1.3750 MB /   0.10 sec =  115.3214 Mbps     0 retrans
    1.6875 MB /   0.10 sec =  141.5578 Mbps     0 retrans
    1.3750 MB /   0.10 sec =  115.3399 Mbps     0 retrans
    1.4375 MB /   0.10 sec =  120.6079 Mbps     0 retrans
    1.5000 MB /   0.10 sec =  125.8241 Mbps     0 retrans
    1.5625 MB /   0.10 sec =  131.0759 Mbps     0 retrans
    1.3750 MB /   0.10 sec =  115.3745 Mbps     0 retrans
    1.3750 MB /   0.10 sec =  115.2972 Mbps     0 retrans
    1.5625 MB /   0.10 sec =  131.1218 Mbps     0 retrans
    1.3125 MB /   0.10 sec =  110.0444 Mbps     0 retrans
    1.5625 MB /   0.10 sec =  131.1126 Mbps     0 retrans
    1.1875 MB /   0.10 sec =   99.6147 Mbps     0 retrans
    1.0625 MB /   0.10 sec =   89.1441 Mbps     0 retrans
    1.3125 MB /   0.10 sec =  110.0950 Mbps     0 retrans
    1.3125 MB /   0.10 sec =  110.0774 Mbps     0 retrans
    1.5000 MB /   0.10 sec =  125.8165 Mbps     0 retrans
    1.3125 MB /   0.10 sec =  109.9696 Mbps     0 retrans
    1.3125 MB /   0.10 sec =  110.1809 Mbps     0 retrans
    1.2500 MB /   0.10 sec =  104.9195 Mbps     0 retrans
    1.6875 MB /   0.10 sec =  141.5493 Mbps     0 retrans
    0.8125 MB /   0.10 sec =   68.1588 Mbps     0 retrans
    1.1875 MB /   0.10 sec =   99.6008 Mbps     0 retrans
    1.3750 MB /   0.10 sec =  115.3560 Mbps     0 retrans
    1.1875 MB /   0.10 sec =   99.6177 Mbps     0 retrans
    1.5000 MB /   0.10 sec =  125.8555 Mbps     0 retrans
    1.3125 MB /   0.10 sec =  110.0884 Mbps     0 retrans
    1.4375 MB /   0.10 sec =  120.5802 Mbps     0 retrans
    1.4375 MB /   0.10 sec =  120.5766 Mbps     0 retrans
    1.1875 MB /   0.10 sec =   99.6048 Mbps     0 retrans
    1.2500 MB /   0.10 sec =  104.8796 Mbps     0 retrans
    1.4375 MB /   0.10 sec =  120.5730 Mbps     0 retrans
    1.0625 MB /   0.10 sec =   89.1290 Mbps     0 retrans
    1.1875 MB /   0.10 sec =   99.6297 Mbps     0 retrans
    1.2500 MB /   0.10 sec =  104.8335 Mbps     0 retrans
    1.3750 MB /   0.10 sec =  115.3491 Mbps     0 retrans
    1.2500 MB /   0.10 sec =  104.8775 Mbps     0 retrans
    1.2500 MB /   0.10 sec =  104.8041 Mbps     0 retrans
    1.2500 MB /   0.10 sec =  104.9038 Mbps     0 retrans
    1.5000 MB /   0.10 sec =  125.8430 Mbps     0 retrans
    1.4375 MB /   0.10 sec =  120.5754 Mbps     0 retrans
    1.1875 MB /   0.10 sec =   99.6107 Mbps     0 retrans
    1.5625 MB /   0.10 sec =  131.0890 Mbps     0 retrans
    1.1875 MB /   0.10 sec =   99.5978 Mbps     0 retrans
    1.4375 MB /   0.10 sec =  120.5718 Mbps     0 retrans
    1.3750 MB /   0.10 sec =  115.3480 Mbps     0 retrans
    1.3750 MB /   0.10 sec =  115.3445 Mbps     0 retrans
    1.1875 MB /   0.10 sec =   99.6327 Mbps     0 retrans
    0.9375 MB /   0.10 sec =   78.6432 Mbps     0 retrans
    1.2500 MB /   0.10 sec =  104.8660 Mbps     0 retrans
    1.4375 MB /   0.10 sec =  120.5609 Mbps     0 retrans
    1.4375 MB /   0.10 sec =  120.5887 Mbps     0 retrans
    1.2500 MB /   0.10 sec =  104.8765 Mbps     0 retrans
    1.3750 MB /   0.10 sec =  115.3284 Mbps     0 retrans
    1.3125 MB /   0.10 sec =  110.0972 Mbps     0 retrans
    1.3125 MB /   0.10 sec =  110.0807 Mbps     0 retrans
    1.3125 MB /   0.10 sec =  110.0829 Mbps     0 retrans
    1.5625 MB /   0.10 sec =  131.0956 Mbps     0 retrans
    1.1875 MB /   0.10 sec =   99.6386 Mbps     0 retrans
    1.3125 MB /   0.10 sec =  110.0895 Mbps     0 retrans
    1.3750 MB /   0.10 sec =  115.3584 Mbps     0 retrans
    1.2500 MB /   0.10 sec =  104.8492 Mbps     0 retrans
    1.4375 MB /   0.10 sec =  120.5874 Mbps     0 retrans
    1.3750 MB /   0.10 sec =  115.3549 Mbps     0 retrans
    1.4375 MB /   0.10 sec =  120.5573 Mbps     0 retrans
    1.4375 MB /   0.10 sec =  120.6092 Mbps     0 retrans
    1.3125 MB /   0.10 sec =  110.0796 Mbps     0 retrans
    1.5625 MB /   0.10 sec =  131.0838 Mbps     0 retrans
    1.3125 MB /   0.10 sec =  110.0994 Mbps     0 retrans
    1.3125 MB /   0.10 sec =  110.0774 Mbps     0 retrans
    1.4375 MB /   0.10 sec =  120.6260 Mbps     0 retrans
    1.0625 MB /   0.10 sec =   89.1111 Mbps     0 retrans
    1.4375 MB /   0.10 sec =  120.5778 Mbps     0 retrans
    1.0625 MB /   0.10 sec =   89.1539 Mbps     0 retrans
    1.0000 MB /   0.10 sec =   83.8475 Mbps     0 retrans
    1.6250 MB /   0.10 sec =  136.3708 Mbps     0 retrans
    1.3750 MB /   0.10 sec =  115.3549 Mbps     0 retrans
    1.3750 MB /   0.10 sec =  115.3042 Mbps     0 retrans
    1.3750 MB /   0.10 sec =  115.3630 Mbps     0 retrans
    1.0625 MB /   0.10 sec =   89.1200 Mbps     0 retrans
    1.5000 MB /   0.10 sec =  125.8543 Mbps     0 retrans
    1.4375 MB /   0.10 sec =  120.5633 Mbps     0 retrans
    1.2500 MB /   0.10 sec =  104.8775 Mbps     0 retrans
    1.3125 MB /   0.10 sec =  110.0807 Mbps     0 retrans
    1.2500 MB /   0.10 sec =  104.8954 Mbps     0 retrans
    1.2500 MB /   0.10 sec =  104.8377 Mbps     0 retrans
    1.2500 MB /   0.10 sec =  104.8807 Mbps     0 retrans
    1.4375 MB /   0.10 sec =  120.5561 Mbps     0 retrans
    1.1875 MB /   0.10 sec =   99.5958 Mbps     0 retrans
    1.5000 MB /   0.10 sec =  125.8593 Mbps     0 retrans
    1.3750 MB /   0.10 sec =  115.3238 Mbps     0 retrans
    1.4375 MB /   0.10 sec =  120.5899 Mbps     0 retrans
    1.0625 MB /   0.10 sec =   89.1468 Mbps     0 retrans
    1.1875 MB /   0.10 sec =   99.5988 Mbps     0 retrans
    1.2500 MB /   0.10 sec =  104.8775 Mbps     0 retrans
    1.3750 MB /   0.10 sec =  115.3422 Mbps     0 retrans
    1.3125 MB /   0.10 sec =  110.0840 Mbps     0 retrans
    1.1875 MB /   0.10 sec =   99.6267 Mbps     0 retrans
    1.1875 MB /   0.10 sec =   99.5948 Mbps     0 retrans
    1.1250 MB /   0.10 sec =   94.3756 Mbps     0 retrans
    1.1250 MB /   0.10 sec =   94.3473 Mbps     0 retrans
    1.1250 MB /   0.10 sec =   94.3464 Mbps     0 retrans
    1.4375 MB /   0.10 sec =  120.6683 Mbps     0 retrans
    1.1250 MB /   0.10 sec =   94.3341 Mbps     0 retrans
    1.1875 MB /   0.10 sec =   99.6456 Mbps     0 retrans
    1.3125 MB /   0.10 sec =  110.1071 Mbps     0 retrans
    1.3125 MB /   0.10 sec =  110.0796 Mbps     0 retrans
    1.2500 MB /   0.10 sec =  104.8765 Mbps     0 retrans
    1.3750 MB /   0.10 sec =  115.3364 Mbps     0 retrans
    1.3125 MB /   0.10 sec =  110.0763 Mbps     0 retrans
    1.5000 MB /   0.10 sec =  125.8719 Mbps     0 retrans
    1.2500 MB /   0.10 sec =  104.8492 Mbps     0 retrans
    1.2500 MB /   0.10 sec =  104.8670 Mbps     0 retrans
    1.2500 MB /   0.10 sec =  104.8440 Mbps     0 retrans
    1.3125 MB /   0.10 sec =  110.1181 Mbps     0 retrans
    1.5625 MB /   0.10 sec =  131.0707 Mbps     0 retrans
    1.1875 MB /   0.10 sec =   99.6068 Mbps     0 retrans
    1.3750 MB /   0.10 sec =  115.3468 Mbps     0 retrans
    1.4375 MB /   0.10 sec =  120.5766 Mbps     0 retrans
    1.3750 MB /   0.10 sec =  115.3272 Mbps     0 retrans
    1.3750 MB /   0.10 sec =  115.3411 Mbps     0 retrans
    1.2500 MB /   0.10 sec =  104.8807 Mbps     0 retrans
    1.2500 MB /   0.10 sec =  104.8293 Mbps     0 retrans
    1.6250 MB /   0.10 sec =  136.3476 Mbps     0 retrans
    1.2500 MB /   0.10 sec =  104.8398 Mbps     0 retrans
    1.0625 MB /   0.10 sec =   89.0408 Mbps     0 retrans
    1.1875 MB /   0.10 sec =   99.7204 Mbps     0 retrans
    1.5000 MB /   0.10 sec =  125.7851 Mbps     0 retrans
    1.3125 MB /   0.10 sec =  110.1423 Mbps     0 retrans
    1.5625 MB /   0.10 sec =  131.0681 Mbps     0 retrans
    1.3125 MB /   0.10 sec =  110.0994 Mbps     0 retrans
    1.2500 MB /   0.10 sec =  104.8660 Mbps     0 retrans
    1.3750 MB /   0.10 sec =  115.3180 Mbps     0 retrans
    1.4375 MB /   0.10 sec =  120.6212 Mbps     0 retrans
    1.0625 MB /   0.10 sec =   89.1227 Mbps     0 retrans
    1.4375 MB /   0.10 sec =  120.5826 Mbps     0 retrans
    1.4375 MB /   0.10 sec =  120.5887 Mbps     0 retrans
    1.1250 MB /   0.10 sec =   94.3624 Mbps     0 retrans
    1.0625 MB /   0.10 sec =   89.1263 Mbps     0 retrans
    1.2500 MB /   0.10 sec =  104.8482 Mbps     0 retrans
    1.0625 MB /   0.10 sec =   89.1129 Mbps     0 retrans
    1.4375 MB /   0.10 sec =  120.6490 Mbps     0 retrans
    1.5000 MB /   0.10 sec =  125.7926 Mbps     0 retrans
    1.1875 MB /   0.10 sec =   99.6337 Mbps     0 retrans
    1.5000 MB /   0.10 sec =  125.8291 Mbps     0 retrans
    1.3125 MB /   0.10 sec =  110.0785 Mbps     0 retrans
    1.3125 MB /   0.10 sec =  110.1093 Mbps     0 retrans
    1.1875 MB /   0.10 sec =   99.6097 Mbps     0 retrans
    1.0625 MB /   0.10 sec =   89.0631 Mbps     0 retrans
    1.4375 MB /   0.10 sec =  120.6900 Mbps     0 retrans
    1.1875 MB /   0.10 sec =   99.5639 Mbps     0 retrans
    1.1250 MB /   0.10 sec =   94.4257 Mbps     0 retrans
    1.5000 MB /   0.10 sec =  125.8077 Mbps     0 retrans
    1.1250 MB /   0.10 sec =   94.3945 Mbps     0 retrans
    1.4375 MB /   0.10 sec =  120.5200 Mbps     0 retrans
    1.4375 MB /   0.10 sec =  120.6345 Mbps     0 retrans
    1.3125 MB /   0.10 sec =  110.1093 Mbps     0 retrans
    1.5000 MB /   0.10 sec =  125.8266 Mbps     0 retrans
    1.3125 MB /   0.10 sec =  110.0895 Mbps     0 retrans
    1.1875 MB /   0.10 sec =   99.6346 Mbps     0 retrans
    1.6875 MB /   0.10 sec =  141.5054 Mbps     0 retrans
    1.0000 MB /   0.10 sec =   83.9188 Mbps     0 retrans
    1.5625 MB /   0.10 sec =  131.0314 Mbps     0 retrans
    1.0625 MB /   0.10 sec =   89.1450 Mbps     0 retrans
    1.4375 MB /   0.10 sec =  120.5947 Mbps     0 retrans
    1.1250 MB /   0.10 sec =   94.3426 Mbps     0 retrans
    1.1875 MB /   0.10 sec =   99.6058 Mbps     0 retrans
    1.5000 MB /   0.10 sec =  125.8732 Mbps     0 retrans
    1.1875 MB /   0.10 sec =   99.6187 Mbps     0 retrans
    1.5000 MB /   0.10 sec =  125.8316 Mbps     0 retrans
    1.3125 MB /   0.10 sec =  110.0752 Mbps     0 retrans
    1.1875 MB /   0.10 sec =   99.6337 Mbps     0 retrans
    1.3750 MB /   0.10 sec =  115.3572 Mbps     0 retrans
    1.3125 MB /   0.10 sec =  110.0158 Mbps     0 retrans
    1.0625 MB /   0.10 sec =   89.1807 Mbps     0 retrans
    1.3125 MB /   0.10 sec =  110.0818 Mbps     0 retrans
    1.3125 MB /   0.10 sec =  110.1181 Mbps     0 retrans
    1.1250 MB /   0.10 sec =   94.3756 Mbps     0 retrans
    1.0625 MB /   0.10 sec =   89.1423 Mbps     0 retrans
    1.3125 MB /   0.10 sec =  110.0664 Mbps     0 retrans
    1.2500 MB /   0.10 sec =  104.8817 Mbps     0 retrans
    1.1250 MB /   0.10 sec =   94.3417 Mbps     0 retrans
    1.4375 MB /   0.10 sec =  120.5874 Mbps     0 retrans
    1.3125 MB /   0.10 sec =  110.1467 Mbps     0 retrans
    1.5000 MB /   0.10 sec =  125.8027 Mbps     0 retrans
    1.2500 MB /   0.10 sec =  104.8513 Mbps     0 retrans
    1.3750 MB /   0.10 sec =  115.3076 Mbps     0 retrans
    1.3750 MB /   0.10 sec =  115.3734 Mbps     0 retrans
    1.2500 MB /   0.10 sec =  104.8555 Mbps     0 retrans
    1.3750 MB /   0.10 sec =  115.3560 Mbps     0 retrans
    1.3750 MB /   0.10 sec =  115.3353 Mbps     0 retrans
nuttcp-r: 389.3685 MB in 30.08 real seconds = 13256.00 KB/sec = 108.5932 Mbps
nuttcp-r: 17296 I/O calls, msec/call = 1.78, calls/sec = 575.04
nuttcp-r: 0.0user 0.6sys 0:30real 2% 0i+0d 1254maxrss 0+1pf 7015+49csw

nuttcp-t: Warning: send window size 212992 < requested window size 26214400
nuttcp-t: v6.1.2: socket
nuttcp-t: buflen=65536, nstream=1, port=5003 tcp -> 107.127.24.81
nuttcp-t: time limit = 30.00 seconds
nuttcp-t: accept from 107.127.24.81 with mss=1378
nuttcp-t: send window size = 425984, receive window size = 131072
nuttcp-t: available send window = 212992, available receive window = 65536
nuttcp-t: 389.3685 MB in 30.00 real seconds = 13290.43 KB/sec = 108.8752 Mbps
nuttcp-t: retrans = 0
nuttcp-t: 6230 I/O calls, msec/call = 4.93, calls/sec = 207.67
nuttcp-t: 0.0user 0.5sys 0:30real 1% 0i+0d 98maxrss 0+0pf 1815+5csw
