1659975463141
nuttcp-t: v8.1.4: socket
nuttcp-t: buflen=65536, nstream=1, port=5003 tcp -> 54.176.53.206
nuttcp-t: time limit = 30.00 seconds
nuttcp-t: connect to 54.176.53.206 with mss=1358, RTT=73.405 ms af=inet
nuttcp-t: send window size = 33554432, receive window size = 6291456
nuttcp-t: available send window = 25165824, available receive window = 4718592
nuttcp-t: initial congestion window = 13 KB (10 packets)
nuttcp-r: Warning: receive window size 212992 < requested window size 26214400
nuttcp-r: v6.1.2: socket
nuttcp-r: buflen=65536, nstream=1, port=5003 tcp
nuttcp-r: interval reporting every 0.10 seconds
nuttcp-r: accept from 107.127.24.81
nuttcp-r: send window size = 46080, receive window size = 425984
nuttcp-r: available send window = 23040, available receive window = 212992
    0.1250 MB /   0.10 sec =   10.4845 Mbps     0 retrans    401 KB-cwnd
    0.6875 MB /   0.10 sec =   57.6682 Mbps     0 retrans    401 KB-cwnd
    0.5000 MB /   0.10 sec =   41.9447 Mbps     0 retrans    401 KB-cwnd
    0.6875 MB /   0.10 sec =   57.6694 Mbps     0 retrans    401 KB-cwnd
    0.5625 MB /   0.10 sec =   47.1562 Mbps     0 retrans    401 KB-cwnd
    0.6875 MB /   0.10 sec =   57.7034 Mbps     0 retrans    401 KB-cwnd
    0.7500 MB /   0.10 sec =   62.9139 Mbps     0 retrans    401 KB-cwnd
    0.7500 MB /   0.10 sec =   62.9253 Mbps     0 retrans    401 KB-cwnd
    0.6875 MB /   0.10 sec =   57.6584 Mbps     0 retrans    401 KB-cwnd
    0.6250 MB /   0.10 sec =   52.4377 Mbps     0 retrans    401 KB-cwnd
    0.5625 MB /   0.10 sec =   47.1892 Mbps     0 retrans    401 KB-cwnd
    0.5625 MB /   0.10 sec =   47.1845 Mbps     0 retrans    401 KB-cwnd
    0.6250 MB /   0.10 sec =   52.4267 Mbps     0 retrans    401 KB-cwnd
    0.5625 MB /   0.10 sec =   47.1859 Mbps     0 retrans    401 KB-cwnd
    0.5000 MB /   0.10 sec =   41.5269 Mbps     0 retrans    401 KB-cwnd
    0.6250 MB /   0.10 sec =   52.9611 Mbps     0 retrans    401 KB-cwnd
    0.5000 MB /   0.10 sec =   41.9439 Mbps     0 retrans    401 KB-cwnd
    0.5625 MB /   0.10 sec =   47.1864 Mbps     0 retrans    401 KB-cwnd
    0.6250 MB /   0.10 sec =   52.4262 Mbps     0 retrans    401 KB-cwnd
    0.5625 MB /   0.10 sec =   47.1694 Mbps     0 retrans    401 KB-cwnd
    0.6250 MB /   0.10 sec =   52.4278 Mbps     0 retrans    401 KB-cwnd
    0.6875 MB /   0.10 sec =   57.6786 Mbps     0 retrans    401 KB-cwnd
    0.5000 MB /   0.10 sec =   41.9514 Mbps     0 retrans    401 KB-cwnd
    0.5625 MB /   0.10 sec =   47.1906 Mbps     0 retrans    401 KB-cwnd
    0.5625 MB /   0.10 sec =   47.1803 Mbps     0 retrans    401 KB-cwnd
    0.5625 MB /   0.10 sec =   46.6725 Mbps     0 retrans    401 KB-cwnd
    0.5625 MB /   0.10 sec =   47.7151 Mbps     0 retrans    401 KB-cwnd
    0.5625 MB /   0.10 sec =   47.1869 Mbps     0 retrans    401 KB-cwnd
    0.5625 MB /   0.10 sec =   47.1821 Mbps     0 retrans    401 KB-cwnd
    0.5625 MB /   0.10 sec =   47.1906 Mbps     0 retrans    401 KB-cwnd
    0.6250 MB /   0.10 sec =   52.4230 Mbps     0 retrans    401 KB-cwnd
    0.4375 MB /   0.10 sec =   36.7016 Mbps     0 retrans    401 KB-cwnd
    0.5625 MB /   0.10 sec =   47.1883 Mbps     0 retrans    401 KB-cwnd
    0.5000 MB /   0.10 sec =   41.9388 Mbps     0 retrans    401 KB-cwnd
    0.6250 MB /   0.10 sec =   52.4351 Mbps     0 retrans    401 KB-cwnd
    0.5625 MB /   0.10 sec =   47.1850 Mbps     0 retrans    401 KB-cwnd
    0.5625 MB /   0.10 sec =   47.1774 Mbps     0 retrans    401 KB-cwnd
    0.5000 MB /   0.10 sec =   41.9288 Mbps     0 retrans    401 KB-cwnd
    0.6250 MB /   0.10 sec =   52.4577 Mbps     0 retrans    401 KB-cwnd
    0.6250 MB /   0.10 sec =   52.4283 Mbps     0 retrans    401 KB-cwnd
    0.5625 MB /   0.10 sec =   47.1854 Mbps     0 retrans    401 KB-cwnd
    0.6250 MB /   0.10 sec =   52.4209 Mbps     0 retrans    401 KB-cwnd
    0.5000 MB /   0.10 sec =   41.8168 Mbps     0 retrans    401 KB-cwnd
    0.6250 MB /   0.10 sec =   52.5961 Mbps     0 retrans    401 KB-cwnd
    0.3125 MB /   0.10 sec =   26.2068 Mbps     0 retrans    401 KB-cwnd
    0.6875 MB /   0.10 sec =   57.6855 Mbps     0 retrans    401 KB-cwnd
    0.6250 MB /   0.10 sec =   52.4288 Mbps     0 retrans    401 KB-cwnd
    0.5625 MB /   0.10 sec =   47.1864 Mbps     0 retrans    401 KB-cwnd
    0.6250 MB /   0.10 sec =   52.4283 Mbps     0 retrans    401 KB-cwnd
    0.5000 MB /   0.10 sec =   41.9129 Mbps     0 retrans    401 KB-cwnd
    0.5000 MB /   0.10 sec =   41.9699 Mbps     0 retrans    401 KB-cwnd
    0.5625 MB /   0.10 sec =   47.1845 Mbps     0 retrans    401 KB-cwnd
    0.5625 MB /   0.10 sec =   47.1930 Mbps     0 retrans    401 KB-cwnd
    0.4375 MB /   0.10 sec =   36.6503 Mbps     0 retrans    401 KB-cwnd
    0.5000 MB /   0.10 sec =   42.0006 Mbps     0 retrans    401 KB-cwnd
    0.5625 MB /   0.10 sec =   47.1836 Mbps     0 retrans    401 KB-cwnd
    0.4375 MB /   0.10 sec =   36.6760 Mbps     0 retrans    401 KB-cwnd
    0.6250 MB /   0.10 sec =   52.4613 Mbps     0 retrans    401 KB-cwnd
    0.3750 MB /   0.10 sec =   31.4519 Mbps     0 retrans    401 KB-cwnd
    0.5000 MB /   0.10 sec =   41.9472 Mbps     0 retrans    401 KB-cwnd
    0.5000 MB /   0.10 sec =   41.9485 Mbps     0 retrans    401 KB-cwnd
    0.4375 MB /   0.10 sec =   36.6639 Mbps     0 retrans    401 KB-cwnd
    0.5000 MB /   0.10 sec =   41.9804 Mbps     0 retrans    401 KB-cwnd
    0.4375 MB /   0.10 sec =   36.7002 Mbps     0 retrans    401 KB-cwnd
    0.3125 MB /   0.10 sec =   26.2000 Mbps     0 retrans    401 KB-cwnd
    0.5000 MB /   0.10 sec =   41.9678 Mbps     0 retrans    401 KB-cwnd
    0.4375 MB /   0.10 sec =   36.7024 Mbps     0 retrans    401 KB-cwnd
    0.3750 MB /   0.10 sec =   31.4340 Mbps     0 retrans    401 KB-cwnd
    0.5625 MB /   0.10 sec =   47.2223 Mbps     0 retrans    401 KB-cwnd
    0.3750 MB /   0.10 sec =   31.4544 Mbps     0 retrans    401 KB-cwnd
    0.5625 MB /   0.10 sec =   47.1798 Mbps     0 retrans    401 KB-cwnd
    0.5625 MB /   0.10 sec =   47.1939 Mbps     0 retrans    401 KB-cwnd
    0.5625 MB /   0.10 sec =   47.1878 Mbps     0 retrans    401 KB-cwnd
    0.5625 MB /   0.10 sec =   47.1812 Mbps     0 retrans    401 KB-cwnd
    0.4375 MB /   0.10 sec =   36.7016 Mbps     0 retrans    401 KB-cwnd
    0.5000 MB /   0.10 sec =   41.9367 Mbps     0 retrans    401 KB-cwnd
    0.5625 MB /   0.10 sec =   47.1888 Mbps     0 retrans    401 KB-cwnd
    0.4375 MB /   0.10 sec =   36.7027 Mbps     0 retrans    401 KB-cwnd
    0.3750 MB /   0.10 sec =   31.4441 Mbps     0 retrans    401 KB-cwnd
    0.5000 MB /   0.10 sec =   41.9619 Mbps     0 retrans    401 KB-cwnd
    0.4375 MB /   0.10 sec =   36.6855 Mbps     0 retrans    401 KB-cwnd
    0.3750 MB /   0.10 sec =   31.4544 Mbps     0 retrans    401 KB-cwnd
    0.5000 MB /   0.10 sec =   41.9607 Mbps     0 retrans    401 KB-cwnd
    0.4375 MB /   0.10 sec =   36.7016 Mbps     0 retrans    401 KB-cwnd
    0.4375 MB /   0.10 sec =   36.6936 Mbps     0 retrans    401 KB-cwnd
    0.5000 MB /   0.10 sec =   41.9489 Mbps     0 retrans    401 KB-cwnd
    0.2500 MB /   0.10 sec =   20.9677 Mbps     0 retrans    401 KB-cwnd
    0.5000 MB /   0.10 sec =   41.9460 Mbps     0 retrans    401 KB-cwnd
    0.3125 MB /   0.10 sec =   26.2194 Mbps     0 retrans    401 KB-cwnd
    0.4375 MB /   0.10 sec =   36.7016 Mbps     0 retrans    401 KB-cwnd
    0.6250 MB /   0.10 sec =   52.4230 Mbps     0 retrans    401 KB-cwnd
    0.3125 MB /   0.10 sec =   26.1997 Mbps     0 retrans    401 KB-cwnd
    0.5000 MB /   0.10 sec =   41.9623 Mbps     0 retrans    401 KB-cwnd
    0.4375 MB /   0.10 sec =   36.7027 Mbps     0 retrans    401 KB-cwnd
    0.3125 MB /   0.10 sec =   26.2118 Mbps     0 retrans    401 KB-cwnd
    0.3750 MB /   0.10 sec =   31.4412 Mbps     0 retrans    401 KB-cwnd
    0.5625 MB /   0.10 sec =   47.2124 Mbps     0 retrans    401 KB-cwnd
    0.3125 MB /   0.10 sec =   26.2152 Mbps     0 retrans    401 KB-cwnd
    0.5000 MB /   0.10 sec =   41.9229 Mbps     0 retrans    401 KB-cwnd
    0.3750 MB /   0.10 sec =   31.4718 Mbps     0 retrans    401 KB-cwnd
    0.4375 MB /   0.10 sec =   36.6818 Mbps     0 retrans    320 KB-cwnd
    0.3750 MB /   0.10 sec =   31.4743 Mbps     0 retrans    320 KB-cwnd
    0.4375 MB /   0.10 sec =   36.7024 Mbps     0 retrans    320 KB-cwnd
    0.5625 MB /   0.10 sec =   47.1902 Mbps     0 retrans    320 KB-cwnd
    0.5625 MB /   0.10 sec =   46.5689 Mbps     0 retrans    320 KB-cwnd
    0.5000 MB /   0.10 sec =   42.4873 Mbps     0 retrans    320 KB-cwnd
    0.3125 MB /   0.10 sec =   26.2165 Mbps     0 retrans    320 KB-cwnd
    0.5625 MB /   0.10 sec =   47.1977 Mbps     0 retrans    320 KB-cwnd
    0.3750 MB /   0.10 sec =   31.4544 Mbps     0 retrans    320 KB-cwnd
    0.1875 MB /   0.10 sec =   15.7282 Mbps     0 retrans    320 KB-cwnd
    0.5000 MB /   0.10 sec =   41.9498 Mbps     0 retrans    320 KB-cwnd
    0.5000 MB /   0.10 sec =   41.9447 Mbps     0 retrans    320 KB-cwnd
    0.5000 MB /   0.10 sec =   41.9359 Mbps     0 retrans    320 KB-cwnd
    0.4375 MB /   0.10 sec =   36.7016 Mbps     0 retrans    320 KB-cwnd
    0.5625 MB /   0.10 sec =   47.1897 Mbps     0 retrans    320 KB-cwnd
    0.5625 MB /   0.10 sec =   47.1831 Mbps     0 retrans    320 KB-cwnd
    0.3125 MB /   0.10 sec =   26.2126 Mbps     0 retrans    320 KB-cwnd
    0.6250 MB /   0.10 sec =   52.4361 Mbps     0 retrans    320 KB-cwnd
    0.6250 MB /   0.10 sec =   52.4262 Mbps     0 retrans    320 KB-cwnd
    0.4375 MB /   0.10 sec =   36.7024 Mbps     0 retrans    320 KB-cwnd
    0.4375 MB /   0.10 sec =   36.6972 Mbps     0 retrans    320 KB-cwnd
    0.6250 MB /   0.10 sec =   52.4356 Mbps     0 retrans    320 KB-cwnd
    0.3750 MB /   0.10 sec =   31.4573 Mbps     0 retrans    320 KB-cwnd
    0.4375 MB /   0.10 sec =   36.6573 Mbps     0 retrans    320 KB-cwnd
    0.4375 MB /   0.10 sec =   36.7424 Mbps     0 retrans    320 KB-cwnd
    0.3750 MB /   0.10 sec =   31.4516 Mbps     0 retrans    320 KB-cwnd
    0.5000 MB /   0.10 sec =   41.9430 Mbps     0 retrans    320 KB-cwnd
    0.5625 MB /   0.10 sec =   47.1892 Mbps     0 retrans    320 KB-cwnd
    0.4375 MB /   0.10 sec =   36.6921 Mbps     0 retrans    320 KB-cwnd
    0.5000 MB /   0.10 sec =   41.9531 Mbps     0 retrans    320 KB-cwnd
    0.5625 MB /   0.10 sec =   47.1911 Mbps     0 retrans    320 KB-cwnd
    0.5000 MB /   0.10 sec =   41.9347 Mbps     0 retrans    320 KB-cwnd
    0.5000 MB /   0.10 sec =   41.9472 Mbps     0 retrans    320 KB-cwnd
    0.3750 MB /   0.10 sec =   31.4567 Mbps     0 retrans    320 KB-cwnd
    0.3125 MB /   0.10 sec =   26.2026 Mbps     0 retrans    320 KB-cwnd
    0.5000 MB /   0.10 sec =   41.9640 Mbps     0 retrans    320 KB-cwnd
    0.4375 MB /   0.10 sec =   36.6987 Mbps     0 retrans    320 KB-cwnd
    0.5000 MB /   0.10 sec =   41.9397 Mbps     0 retrans    320 KB-cwnd
    0.6250 MB /   0.10 sec =   52.4178 Mbps     0 retrans    320 KB-cwnd
    0.3125 MB /   0.10 sec =   26.2134 Mbps     0 retrans    320 KB-cwnd
    0.5625 MB /   0.10 sec =   47.2039 Mbps     0 retrans    320 KB-cwnd
    0.5625 MB /   0.10 sec =   47.1892 Mbps     0 retrans    320 KB-cwnd
    0.2500 MB /   0.10 sec =   20.9529 Mbps     0 retrans    320 KB-cwnd
    0.5000 MB /   0.10 sec =   41.9644 Mbps     0 retrans    320 KB-cwnd
    0.4375 MB /   0.10 sec =   36.7123 Mbps     0 retrans    320 KB-cwnd
    0.4375 MB /   0.10 sec =   36.6925 Mbps     0 retrans    320 KB-cwnd
    0.5000 MB /   0.10 sec =   41.9510 Mbps     0 retrans    320 KB-cwnd
    0.5625 MB /   0.10 sec =   47.1883 Mbps     0 retrans    320 KB-cwnd
    0.3125 MB /   0.10 sec =   26.2060 Mbps     0 retrans    320 KB-cwnd
    0.5000 MB /   0.10 sec =   41.9531 Mbps     0 retrans    320 KB-cwnd
    0.3750 MB /   0.10 sec =   30.7976 Mbps     0 retrans    320 KB-cwnd
    0.4375 MB /   0.10 sec =   37.4874 Mbps     0 retrans    320 KB-cwnd
    0.5000 MB /   0.10 sec =   41.9523 Mbps     0 retrans    320 KB-cwnd
    0.4375 MB /   0.10 sec =   36.7093 Mbps     0 retrans    320 KB-cwnd
    0.4375 MB /   0.10 sec =   36.6917 Mbps     0 retrans    320 KB-cwnd
    0.5000 MB /   0.10 sec =   41.9456 Mbps     0 retrans    320 KB-cwnd
    0.3750 MB /   0.10 sec =   31.4334 Mbps     0 retrans    320 KB-cwnd
    0.5000 MB /   0.10 sec =   41.9783 Mbps     0 retrans    320 KB-cwnd
    0.5000 MB /   0.10 sec =   41.9384 Mbps     0 retrans    320 KB-cwnd
    0.5000 MB /   0.10 sec =   41.9472 Mbps     0 retrans    320 KB-cwnd
    0.6250 MB /   0.10 sec =   52.4351 Mbps     0 retrans    320 KB-cwnd
    0.5625 MB /   0.10 sec =   47.1869 Mbps     0 retrans    320 KB-cwnd
    0.3750 MB /   0.10 sec =   31.4522 Mbps     0 retrans    320 KB-cwnd
    0.6250 MB /   0.10 sec =   52.4377 Mbps     0 retrans    320 KB-cwnd
    0.3750 MB /   0.10 sec =   31.4563 Mbps     0 retrans    320 KB-cwnd
    0.3750 MB /   0.10 sec =   31.4387 Mbps     0 retrans    320 KB-cwnd
    0.6250 MB /   0.10 sec =   52.4556 Mbps     0 retrans    320 KB-cwnd
    0.3125 MB /   0.10 sec =   26.2099 Mbps     0 retrans    320 KB-cwnd
    0.5000 MB /   0.10 sec =   41.9481 Mbps     0 retrans    320 KB-cwnd
    0.5000 MB /   0.10 sec =   41.9485 Mbps     0 retrans    320 KB-cwnd
    0.6250 MB /   0.10 sec =   52.4288 Mbps     0 retrans    320 KB-cwnd
    0.4375 MB /   0.10 sec =   36.6910 Mbps     0 retrans    320 KB-cwnd
    0.4375 MB /   0.10 sec =   36.7104 Mbps     0 retrans    320 KB-cwnd
    0.4375 MB /   0.10 sec =   36.6595 Mbps     0 retrans    320 KB-cwnd
    0.5000 MB /   0.10 sec =   41.9787 Mbps     0 retrans    320 KB-cwnd
    0.5625 MB /   0.10 sec =   47.1939 Mbps     0 retrans    320 KB-cwnd
    0.6250 MB /   0.10 sec =   52.4272 Mbps     0 retrans    320 KB-cwnd
    0.5625 MB /   0.10 sec =   47.1878 Mbps     0 retrans    320 KB-cwnd
    0.3750 MB /   0.10 sec =   31.4516 Mbps     0 retrans    320 KB-cwnd
    0.3750 MB /   0.10 sec =   31.4485 Mbps     0 retrans    320 KB-cwnd
    0.4375 MB /   0.10 sec =   36.7130 Mbps     0 retrans    320 KB-cwnd
    0.3125 MB /   0.10 sec =   26.2154 Mbps     0 retrans    320 KB-cwnd
    0.3750 MB /   0.10 sec =   31.4526 Mbps     0 retrans    320 KB-cwnd
    0.5000 MB /   0.10 sec =   41.9493 Mbps     0 retrans    320 KB-cwnd
    0.3125 MB /   0.10 sec =   26.2144 Mbps     0 retrans    320 KB-cwnd
    0.4375 MB /   0.10 sec =   36.6939 Mbps     0 retrans    320 KB-cwnd
    0.3750 MB /   0.10 sec =   31.4614 Mbps     0 retrans    320 KB-cwnd
    0.3125 MB /   0.10 sec =   26.2097 Mbps     0 retrans    320 KB-cwnd
    0.5000 MB /   0.10 sec =   41.9506 Mbps     0 retrans    320 KB-cwnd
    0.3750 MB /   0.10 sec =   31.4592 Mbps     0 retrans    320 KB-cwnd
    0.3125 MB /   0.10 sec =   26.2073 Mbps     0 retrans    320 KB-cwnd
    0.5000 MB /   0.10 sec =   41.9518 Mbps     0 retrans    320 KB-cwnd
    0.5625 MB /   0.10 sec =   47.1911 Mbps     0 retrans    320 KB-cwnd
    0.3750 MB /   0.10 sec =   31.4475 Mbps     0 retrans    320 KB-cwnd
    0.5000 MB /   0.10 sec =   41.9581 Mbps     0 retrans    320 KB-cwnd
    0.3125 MB /   0.10 sec =   26.2068 Mbps     0 retrans    320 KB-cwnd
    0.4375 MB /   0.10 sec =   36.6778 Mbps     0 retrans    320 KB-cwnd
    0.6250 MB /   0.10 sec =   52.4713 Mbps     0 retrans    320 KB-cwnd
    0.5625 MB /   0.10 sec =   47.1864 Mbps     0 retrans    320 KB-cwnd
    0.4375 MB /   0.10 sec =   36.6851 Mbps     0 retrans    320 KB-cwnd
    0.5000 MB /   0.10 sec =   41.9485 Mbps     0 retrans    320 KB-cwnd
    0.3750 MB /   0.10 sec =   31.4589 Mbps     0 retrans    320 KB-cwnd
    0.3750 MB /   0.10 sec =   31.4589 Mbps     0 retrans    320 KB-cwnd
    0.3125 MB /   0.10 sec =   26.2128 Mbps     0 retrans    320 KB-cwnd
    0.4375 MB /   0.10 sec =   36.7024 Mbps     0 retrans    320 KB-cwnd
    0.5000 MB /   0.10 sec =   41.9447 Mbps     0 retrans    320 KB-cwnd
    0.3125 MB /   0.10 sec =   25.8581 Mbps     0 retrans    320 KB-cwnd
    0.3750 MB /   0.10 sec =   31.9026 Mbps     0 retrans    320 KB-cwnd
    0.6250 MB /   0.10 sec =   52.4194 Mbps     0 retrans    320 KB-cwnd
    0.4375 MB /   0.10 sec =   36.7038 Mbps     0 retrans    320 KB-cwnd
    0.3750 MB /   0.10 sec =   31.4434 Mbps     0 retrans    320 KB-cwnd
    0.5000 MB /   0.10 sec =   41.9615 Mbps     0 retrans    320 KB-cwnd
    0.1875 MB /   0.10 sec =   15.7271 Mbps     0 retrans    320 KB-cwnd
    0.4375 MB /   0.10 sec =   36.6906 Mbps     0 retrans    320 KB-cwnd
    0.4375 MB /   0.10 sec =   36.7163 Mbps     0 retrans    320 KB-cwnd
    0.5625 MB /   0.10 sec =   47.1869 Mbps     0 retrans    320 KB-cwnd
    0.5000 MB /   0.10 sec =   41.9175 Mbps     0 retrans    320 KB-cwnd
    0.4375 MB /   0.10 sec =   36.7229 Mbps     0 retrans    320 KB-cwnd
    0.4375 MB /   0.10 sec =   36.6727 Mbps     0 retrans    320 KB-cwnd
    0.5000 MB /   0.10 sec =   41.9678 Mbps     0 retrans    320 KB-cwnd
    0.4375 MB /   0.10 sec =   36.7049 Mbps     0 retrans    320 KB-cwnd
    0.4375 MB /   0.10 sec =   36.6950 Mbps     0 retrans    320 KB-cwnd
    0.5000 MB /   0.10 sec =   41.9418 Mbps     0 retrans    320 KB-cwnd
    0.3125 MB /   0.10 sec =   26.2139 Mbps     0 retrans    320 KB-cwnd
    0.5625 MB /   0.10 sec =   47.1850 Mbps     0 retrans    320 KB-cwnd
    0.5000 MB /   0.10 sec =   41.9506 Mbps     0 retrans    320 KB-cwnd
    0.3750 MB /   0.10 sec =   31.4544 Mbps     0 retrans    320 KB-cwnd
    0.3750 MB /   0.10 sec =   31.4447 Mbps     0 retrans    320 KB-cwnd
    0.5625 MB /   0.10 sec =   47.2043 Mbps     0 retrans    320 KB-cwnd
    0.3750 MB /   0.10 sec =   31.4582 Mbps     0 retrans    320 KB-cwnd
    0.4375 MB /   0.10 sec =   36.6848 Mbps     0 retrans    320 KB-cwnd
    0.5000 MB /   0.10 sec =   41.9581 Mbps     0 retrans    320 KB-cwnd
    0.3125 MB /   0.10 sec =   26.2128 Mbps     0 retrans    320 KB-cwnd
    0.4375 MB /   0.10 sec =   36.6928 Mbps     0 retrans    320 KB-cwnd
    0.4375 MB /   0.10 sec =   36.7137 Mbps     0 retrans    320 KB-cwnd
    0.5625 MB /   0.10 sec =   47.1911 Mbps     0 retrans    320 KB-cwnd
    0.5625 MB /   0.10 sec =   47.1770 Mbps     0 retrans    320 KB-cwnd
    0.2500 MB /   0.10 sec =   20.9707 Mbps     0 retrans    320 KB-cwnd
    0.6250 MB /   0.10 sec =   52.4309 Mbps     0 retrans    320 KB-cwnd
    0.5625 MB /   0.10 sec =   47.1699 Mbps     0 retrans    320 KB-cwnd
    0.3750 MB /   0.10 sec =   31.4680 Mbps     0 retrans    320 KB-cwnd
    0.3750 MB /   0.10 sec =   31.4450 Mbps     0 retrans    320 KB-cwnd
    0.4375 MB /   0.10 sec =   36.7196 Mbps     0 retrans    320 KB-cwnd
    0.4375 MB /   0.10 sec =   36.6939 Mbps     0 retrans    320 KB-cwnd
    0.4375 MB /   0.10 sec =   36.6888 Mbps     0 retrans    320 KB-cwnd
    0.5000 MB /   0.10 sec =   41.9628 Mbps     0 retrans    320 KB-cwnd
    0.4375 MB /   0.10 sec =   36.7031 Mbps     0 retrans    320 KB-cwnd
    0.4375 MB /   0.10 sec =   36.6917 Mbps     0 retrans    320 KB-cwnd
    0.5625 MB /   0.10 sec =   47.1935 Mbps     0 retrans    320 KB-cwnd
    0.3750 MB /   0.10 sec =   31.4425 Mbps     0 retrans    320 KB-cwnd
    0.5625 MB /   0.10 sec =   47.2053 Mbps     0 retrans    320 KB-cwnd
    0.5625 MB /   0.10 sec =   47.1902 Mbps     0 retrans    320 KB-cwnd
    0.4375 MB /   0.10 sec =   36.6936 Mbps     0 retrans    320 KB-cwnd
    0.3750 MB /   0.10 sec =   31.4573 Mbps     0 retrans    320 KB-cwnd
    0.4375 MB /   0.10 sec =   36.5499 Mbps     0 retrans    320 KB-cwnd
    0.6250 MB /   0.10 sec =   52.6563 Mbps     0 retrans    320 KB-cwnd
    0.5625 MB /   0.10 sec =   47.1821 Mbps     0 retrans    320 KB-cwnd
    0.5625 MB /   0.10 sec =   47.1845 Mbps     0 retrans    320 KB-cwnd
    0.4375 MB /   0.10 sec =   36.6826 Mbps     0 retrans    320 KB-cwnd
    0.5000 MB /   0.10 sec =   41.9523 Mbps     0 retrans    320 KB-cwnd
    0.4375 MB /   0.10 sec =   36.7126 Mbps     0 retrans    320 KB-cwnd
    0.4375 MB /   0.10 sec =   36.6936 Mbps     0 retrans    320 KB-cwnd
    0.3750 MB /   0.10 sec =   31.3410 Mbps     0 retrans    320 KB-cwnd
    0.4375 MB /   0.10 sec =   36.8372 Mbps     0 retrans    320 KB-cwnd
    0.5000 MB /   0.10 sec =   41.9422 Mbps     0 retrans    320 KB-cwnd
    0.3750 MB /   0.10 sec =   31.4488 Mbps     0 retrans    320 KB-cwnd
    0.4375 MB /   0.10 sec =   36.6441 Mbps     0 retrans    320 KB-cwnd
    0.5625 MB /   0.10 sec =   47.2814 Mbps     0 retrans    320 KB-cwnd
    0.3750 MB /   0.10 sec =   31.4510 Mbps     0 retrans    320 KB-cwnd
    0.3125 MB /   0.10 sec =   26.2092 Mbps     0 retrans    320 KB-cwnd
    0.5000 MB /   0.10 sec =   41.9548 Mbps     0 retrans    320 KB-cwnd
    0.3750 MB /   0.10 sec =   31.4611 Mbps     0 retrans    320 KB-cwnd
    0.3750 MB /   0.10 sec =   31.4390 Mbps     0 retrans    320 KB-cwnd
    0.5625 MB /   0.10 sec =   47.1765 Mbps     0 retrans    320 KB-cwnd
    0.3125 MB /   0.10 sec =   26.2301 Mbps     0 retrans    320 KB-cwnd
    0.4375 MB /   0.10 sec =   36.6859 Mbps     0 retrans    320 KB-cwnd
    0.5000 MB /   0.10 sec =   41.9665 Mbps     0 retrans    320 KB-cwnd
    0.4375 MB /   0.10 sec =   36.6943 Mbps     0 retrans    320 KB-cwnd
    0.4375 MB /   0.10 sec =   36.6972 Mbps     0 retrans    320 KB-cwnd
    0.5625 MB /   0.10 sec =   47.1939 Mbps     0 retrans    320 KB-cwnd
    0.2500 MB /   0.10 sec =   20.9608 Mbps     0 retrans    320 KB-cwnd
    0.5625 MB /   0.10 sec =   47.2119 Mbps     0 retrans    320 KB-cwnd
    0.3750 MB /   0.10 sec =   31.4554 Mbps     0 retrans    320 KB-cwnd
    0.4375 MB /   0.10 sec =   36.7020 Mbps     0 retrans    320 KB-cwnd
    0.5000 MB /   0.10 sec =   41.9435 Mbps     0 retrans    320 KB-cwnd
    0.3125 MB /   0.10 sec =   26.2094 Mbps     0 retrans    320 KB-cwnd
    0.4375 MB /   0.10 sec =   36.6899 Mbps     0 retrans    320 KB-cwnd
    0.6250 MB /   0.10 sec =   52.4556 Mbps     0 retrans    320 KB-cwnd
    0.3125 MB /   0.10 sec =   26.2126 Mbps     0 retrans    320 KB-cwnd
    0.3750 MB /   0.10 sec =   31.4403 Mbps     0 retrans    320 KB-cwnd
    0.5625 MB /   0.10 sec =   47.1944 Mbps     0 retrans    320 KB-cwnd
    0.3750 MB /   0.10 sec =   31.4544 Mbps     0 retrans    320 KB-cwnd
    0.4375 MB /   0.10 sec =   36.7145 Mbps     0 retrans    320 KB-cwnd
    0.5625 MB /   0.10 sec =   47.1888 Mbps     0 retrans    320 KB-cwnd
    0.5000 MB /   0.10 sec =   41.9439 Mbps     0 retrans    320 KB-cwnd
    0.5625 MB /   0.10 sec =   47.1704 Mbps     0 retrans    320 KB-cwnd
    0.5000 MB /   0.10 sec =   41.9544 Mbps     0 retrans    320 KB-cwnd
    0.4375 MB /   0.10 sec =   36.6972 Mbps     0 retrans    320 KB-cwnd
    0.5000 MB /   0.10 sec =   41.9502 Mbps     0 retrans    320 KB-cwnd
    0.3125 MB /   0.10 sec =   26.2105 Mbps     0 retrans    320 KB-cwnd
    0.4375 MB /   0.10 sec =   36.6870 Mbps     0 retrans    320 KB-cwnd
    0.6250 MB /   0.10 sec =   52.4550 Mbps     0 retrans    320 KB-cwnd
    0.2500 MB /   0.10 sec =   20.9686 Mbps     0 retrans    320 KB-cwnd
    0.3750 MB /   0.10 sec =   31.4441 Mbps     0 retrans    320 KB-cwnd
    0.5625 MB /   0.10 sec =   47.2076 Mbps     0 retrans    320 KB-cwnd
    0.3750 MB /   0.10 sec =   31.4585 Mbps     0 retrans    320 KB-cwnd
    0.5000 MB /   0.10 sec =   41.9451 Mbps     0 retrans    320 KB-cwnd
    0.5625 MB /   0.10 sec =   47.1831 Mbps     0 retrans    320 KB-cwnd
    0.1875 MB /   0.10 sec =   15.7258 Mbps     0 retrans    320 KB-cwnd
    0.5000 MB /   0.10 sec =   41.9342 Mbps     0 retrans    320 KB-cwnd
    0.5000 MB /   0.10 sec =   41.9590 Mbps     0 retrans    320 KB-cwnd
    0.5625 MB /   0.10 sec =   47.1836 Mbps     0 retrans    320 KB-cwnd
    0.5625 MB /   0.10 sec =   47.1906 Mbps     0 retrans    320 KB-cwnd
    0.4375 MB /   0.10 sec =   36.6983 Mbps     0 retrans    320 KB-cwnd
    0.3125 MB /   0.10 sec =   26.2147 Mbps     0 retrans    320 KB-cwnd
    0.6250 MB /   0.10 sec =   52.4304 Mbps     0 retrans    320 KB-cwnd
    0.3750 MB /   0.10 sec =   31.4548 Mbps     0 retrans    320 KB-cwnd
    0.4375 MB /   0.10 sec =   36.6837 Mbps     0 retrans    320 KB-cwnd
    0.5000 MB /   0.10 sec =   41.9577 Mbps     0 retrans    320 KB-cwnd
    0.3750 MB /   0.10 sec =   31.4617 Mbps     0 retrans    320 KB-cwnd
    0.5000 MB /   0.10 sec =   41.9409 Mbps     0 retrans    320 KB-cwnd
    0.5000 MB /   0.10 sec =   41.9493 Mbps     0 retrans    320 KB-cwnd
    0.4375 MB /   0.10 sec =   36.6972 Mbps     0 retrans    320 KB-cwnd
    0.4375 MB /   0.10 sec =   36.6972 Mbps     0 retrans    320 KB-cwnd
    0.3750 MB /   0.10 sec =   31.4604 Mbps     0 retrans    320 KB-cwnd
    0.4375 MB /   0.10 sec =   36.6939 Mbps     0 retrans    320 KB-cwnd
    0.4375 MB /   0.10 sec =   36.7075 Mbps     0 retrans    320 KB-cwnd
    0.5625 MB /   0.10 sec =   47.0758 Mbps     0 retrans    320 KB-cwnd
    0.5000 MB /   0.10 sec =   42.0364 Mbps     0 retrans    320 KB-cwnd
    0.3750 MB /   0.10 sec =   31.4582 Mbps     0 retrans    320 KB-cwnd
    0.3125 MB /   0.10 sec =   26.2141 Mbps     0 retrans    320 KB-cwnd
    0.6250 MB /   0.10 sec =   52.4262 Mbps     0 retrans    320 KB-cwnd
    0.3750 MB /   0.10 sec =   31.3732 Mbps     0 retrans    320 KB-cwnd
    0.5625 MB /   0.10 sec =   47.3137 Mbps     0 retrans    320 KB-cwnd
    0.4375 MB /   0.10 sec =   36.6862 Mbps     0 retrans    320 KB-cwnd
    0.5000 MB /   0.10 sec =   41.9661 Mbps     0 retrans    320 KB-cwnd
    0.4375 MB /   0.10 sec =   36.6958 Mbps     0 retrans    320 KB-cwnd
    0.5000 MB /   0.10 sec =   41.9409 Mbps     0 retrans    320 KB-cwnd
    0.5000 MB /   0.10 sec =   41.9456 Mbps     0 retrans    320 KB-cwnd
    0.1875 MB /   0.10 sec =   15.7241 Mbps     0 retrans    320 KB-cwnd
    0.5625 MB /   0.10 sec =   47.1902 Mbps     0 retrans    320 KB-cwnd
    0.2500 MB /   0.10 sec =   20.9747 Mbps     0 retrans    320 KB-cwnd
    0.3125 MB /   0.10 sec =   26.2157 Mbps     0 retrans    320 KB-cwnd
    0.5625 MB /   0.10 sec =   47.1817 Mbps     0 retrans    320 KB-cwnd
    0.3750 MB /   0.10 sec =   31.4532 Mbps     0 retrans    320 KB-cwnd
    0.3125 MB /   0.10 sec =   26.2078 Mbps     0 retrans    320 KB-cwnd
    0.6250 MB /   0.10 sec =   52.2954 Mbps     0 retrans    320 KB-cwnd
    0.3125 MB /   0.10 sec =   26.2951 Mbps     0 retrans    320 KB-cwnd
    0.5000 MB /   0.10 sec =   41.9388 Mbps     0 retrans    320 KB-cwnd
    0.6250 MB /   0.10 sec =   52.4293 Mbps     0 retrans    320 KB-cwnd
    0.4375 MB /   0.10 sec =   36.7013 Mbps     0 retrans    320 KB-cwnd
    0.3750 MB /   0.10 sec =   31.4551 Mbps     0 retrans    320 KB-cwnd
    0.4375 MB /   0.10 sec =   36.7009 Mbps     0 retrans    320 KB-cwnd
    0.5000 MB /   0.10 sec =   41.9447 Mbps     0 retrans    320 KB-cwnd
nuttcp-t: 167.5458 MB in 30.00 real seconds = 5718.85 KB/sec = 46.8488 Mbps
nuttcp-t: retrans = 0 cwnd = 320 KB
nuttcp-t: 2681 I/O calls, msec/call = 11.46, calls/sec = 89.37
nuttcp-t: 0.0user 0.0sys 0:30real 0% 0i+0d 1284maxrss 0+1pf 14+0csw

nuttcp-r: 167.5458 MB in 35.47 real seconds = 4836.39 KB/sec = 39.6197 Mbps
nuttcp-r: 43083 I/O calls, msec/call = 0.84, calls/sec = 1214.49
nuttcp-r: 0.0user 0.5sys 0:35real 1% 0i+0d 98maxrss 0+15pf 40066+12csw
