nuttcp-r: v8.1.4: socket
nuttcp-r: buflen=65536, nstream=1, port=5003 tcp
nuttcp-r: interval reporting every 0.10 seconds
nuttcp-r: connect to 54.176.53.206 with RTT=71.149 ms af=inet
nuttcp-r: send window size = 524288, receive window size = 52428800
nuttcp-r: available send window = 393216, available receive window = 39321600
    0.0000 MB /   0.10 sec =    0.0000 Mbps    -1 retrans
    0.0000 MB /   0.10 sec =    0.0000 Mbps     0 retrans
    0.0625 MB /   0.10 sec =    5.2435 Mbps     1 retrans
    0.0625 MB /   0.10 sec =    5.2421 Mbps     0 retrans
    0.0000 MB /   0.10 sec =    0.0000 Mbps     0 retrans
    0.0000 MB /   0.10 sec =    0.0000 Mbps     0 retrans
    0.1250 MB /   0.10 sec =   10.4885 Mbps     0 retrans
    0.1250 MB /   0.10 sec =   10.4842 Mbps     0 retrans
    0.1250 MB /   0.10 sec =   10.4788 Mbps     0 retrans
    0.2500 MB /   0.10 sec =   20.9929 Mbps     0 retrans
    0.1250 MB /   0.10 sec =   10.4791 Mbps     0 retrans
    0.3125 MB /   0.10 sec =   26.2034 Mbps     0 retrans
    0.1875 MB /   0.10 sec =   15.7425 Mbps     0 retrans
    0.3750 MB /   0.10 sec =   31.4478 Mbps     0 retrans
    0.3750 MB /   0.10 sec =   31.4020 Mbps     0 retrans
    0.5000 MB /   0.10 sec =   42.0288 Mbps     0 retrans
    0.3125 MB /   0.10 sec =   26.2073 Mbps     0 retrans
    0.4375 MB /   0.10 sec =   36.6906 Mbps     0 retrans
    0.4375 MB /   0.10 sec =   36.7284 Mbps     0 retrans
    0.5000 MB /   0.10 sec =   41.9204 Mbps     0 retrans
    0.5625 MB /   0.10 sec =   47.1854 Mbps     0 retrans
    0.7500 MB /   0.10 sec =   62.9114 Mbps     0 retrans
    0.6250 MB /   0.10 sec =   52.4603 Mbps     0 retrans
    1.0625 MB /   0.10 sec =   89.1209 Mbps     0 retrans
    0.8125 MB /   0.10 sec =   68.1561 Mbps     0 retrans
    1.2500 MB /   0.10 sec =  104.8534 Mbps     0 retrans
    1.0000 MB /   0.10 sec =   83.8970 Mbps     0 retrans
    1.6875 MB /   0.10 sec =  141.5181 Mbps     0 retrans
    1.3125 MB /   0.10 sec =  110.1280 Mbps     0 retrans
    2.1875 MB /   0.10 sec =  183.5155 Mbps     0 retrans
    1.5000 MB /   0.10 sec =  125.8040 Mbps     0 retrans
    1.8750 MB /   0.10 sec =  157.2880 Mbps     0 retrans
    2.0625 MB /   0.10 sec =  173.0029 Mbps     0 retrans
    2.4375 MB /   0.10 sec =  204.5153 Mbps     0 retrans
    3.1250 MB /   0.10 sec =  262.1099 Mbps     0 retrans
    2.6875 MB /   0.10 sec =  225.4371 Mbps     0 retrans
    3.3750 MB /   0.10 sec =  283.1070 Mbps     0 retrans
    3.2500 MB /   0.10 sec =  272.6870 Mbps     0 retrans
    3.8750 MB /   0.10 sec =  324.9318 Mbps     0 retrans
    5.8750 MB /   0.10 sec =  493.0230 Mbps     0 retrans
    5.0625 MB /   0.10 sec =  424.5077 Mbps     0 retrans
    7.2500 MB /   0.10 sec =  608.2592 Mbps     0 retrans
    5.8125 MB /   0.10 sec =  487.5537 Mbps     0 retrans
    5.9375 MB /   0.10 sec =  498.0935 Mbps     0 retrans
    5.7500 MB /   0.10 sec =  482.0557 Mbps     0 retrans
    7.3125 MB /   0.10 sec =  609.6312 Mbps     0 retrans
    4.9375 MB /   0.10 sec =  416.9561 Mbps     0 retrans
    6.4375 MB /   0.10 sec =  540.2652 Mbps     0 retrans
    5.7500 MB /   0.10 sec =  482.2967 Mbps     0 retrans
    6.7500 MB /   0.10 sec =  566.3273 Mbps     0 retrans
    5.9375 MB /   0.10 sec =  497.7700 Mbps     0 retrans
    7.0625 MB /   0.10 sec =  592.7240 Mbps     0 retrans
    4.5625 MB /   0.10 sec =  382.4854 Mbps     0 retrans
    2.5625 MB /   0.10 sec =  215.0785 Mbps     0 retrans
    3.8750 MB /   0.10 sec =  325.0813 Mbps     0 retrans
    4.6250 MB /   0.10 sec =  387.9421 Mbps     0 retrans
    4.2500 MB /   0.10 sec =  356.5301 Mbps     0 retrans
    2.7500 MB /   0.10 sec =  230.6959 Mbps     0 retrans
    2.6250 MB /   0.10 sec =  219.6365 Mbps     0 retrans
    3.9375 MB /   0.10 sec =  331.1525 Mbps     0 retrans
    4.0000 MB /   0.10 sec =  335.5443 Mbps     0 retrans
    4.0000 MB /   0.10 sec =  335.5779 Mbps     0 retrans
    3.9375 MB /   0.10 sec =  330.3080 Mbps     0 retrans
    3.1875 MB /   0.10 sec =  267.2800 Mbps     0 retrans
    3.5625 MB /   0.10 sec =  298.8980 Mbps     0 retrans
    3.2500 MB /   0.10 sec =  272.6570 Mbps     0 retrans
    4.0000 MB /   0.10 sec =  335.5678 Mbps     0 retrans
    2.8750 MB /   0.10 sec =  241.0760 Mbps     0 retrans
    2.7500 MB /   0.10 sec =  230.7098 Mbps     0 retrans
    4.6875 MB /   0.10 sec =  393.3576 Mbps     0 retrans
    4.6250 MB /   0.10 sec =  386.6546 Mbps     0 retrans
    3.6875 MB /   0.10 sec =  310.3572 Mbps     0 retrans
    2.8750 MB /   0.10 sec =  240.5783 Mbps     0 retrans
    2.8125 MB /   0.10 sec =  236.4972 Mbps     0 retrans
    2.8750 MB /   0.10 sec =  241.1339 Mbps     0 retrans
    2.7500 MB /   0.10 sec =  230.7398 Mbps     0 retrans
    1.4375 MB /   0.10 sec =  120.5742 Mbps     0 retrans
    2.1875 MB /   0.10 sec =  183.5173 Mbps     0 retrans
    1.7500 MB /   0.10 sec =  146.7610 Mbps     0 retrans
    2.0000 MB /   0.10 sec =  167.4891 Mbps     0 retrans
    1.8750 MB /   0.10 sec =  157.5732 Mbps     0 retrans
    2.0000 MB /   0.10 sec =  167.7822 Mbps     0 retrans
    2.1250 MB /   0.10 sec =  178.2454 Mbps     0 retrans
    2.0625 MB /   0.10 sec =  173.0341 Mbps     0 retrans
    1.8125 MB /   0.10 sec =  151.9432 Mbps     0 retrans
    2.4375 MB /   0.10 sec =  204.6033 Mbps     0 retrans
    2.5000 MB /   0.10 sec =  209.7173 Mbps     0 retrans
    1.9375 MB /   0.10 sec =  162.5244 Mbps     0 retrans
    2.3125 MB /   0.10 sec =  193.9769 Mbps     0 retrans
    2.3125 MB /   0.10 sec =  193.9788 Mbps     0 retrans
    2.2500 MB /   0.10 sec =  188.7720 Mbps     0 retrans
    2.5000 MB /   0.10 sec =  209.6900 Mbps     0 retrans
    2.1250 MB /   0.10 sec =  178.2169 Mbps     0 retrans
    2.3125 MB /   0.10 sec =  193.9924 Mbps     0 retrans
    2.0000 MB /   0.10 sec =  167.7957 Mbps     0 retrans
    2.5000 MB /   0.10 sec =  209.7613 Mbps     0 retrans
    1.8750 MB /   0.10 sec =  157.2581 Mbps     0 retrans
    2.2500 MB /   0.10 sec =  188.7758 Mbps     0 retrans
    2.2500 MB /   0.10 sec =  188.5815 Mbps     0 retrans
    2.5000 MB /   0.10 sec =  209.8474 Mbps     0 retrans
    2.6250 MB /   0.10 sec =  220.1833 Mbps     0 retrans
    2.3125 MB /   0.10 sec =  194.0273 Mbps     0 retrans
    2.5625 MB /   0.10 sec =  214.9559 Mbps     0 retrans
    2.3125 MB /   0.10 sec =  193.9400 Mbps     0 retrans
    2.3750 MB /   0.10 sec =  199.0165 Mbps     0 retrans
    2.0000 MB /   0.10 sec =  167.9855 Mbps     0 retrans
    2.3125 MB /   0.10 sec =  193.9497 Mbps     0 retrans
    2.2500 MB /   0.10 sec =  188.7909 Mbps     0 retrans
    2.4375 MB /   0.10 sec =  204.4723 Mbps     0 retrans
    2.3125 MB /   0.10 sec =  193.9866 Mbps     0 retrans
    2.6250 MB /   0.10 sec =  220.2010 Mbps     0 retrans
    2.1250 MB /   0.10 sec =  178.2401 Mbps     0 retrans
    2.5625 MB /   0.10 sec =  214.9538 Mbps     0 retrans
    1.8750 MB /   0.10 sec =  157.3053 Mbps     0 retrans
    2.6875 MB /   0.10 sec =  225.4664 Mbps     0 retrans
    2.4375 MB /   0.10 sec =  204.4785 Mbps     0 retrans
    2.8125 MB /   0.10 sec =  235.9320 Mbps     0 retrans
    1.7500 MB /   0.10 sec =  146.7992 Mbps     0 retrans
    2.8125 MB /   0.10 sec =  235.9390 Mbps     0 retrans
    2.5000 MB /   0.10 sec =  209.6628 Mbps     0 retrans
    2.9375 MB /   0.10 sec =  246.4745 Mbps     0 retrans
    2.3750 MB /   0.10 sec =  199.2235 Mbps     0 retrans
    2.1250 MB /   0.10 sec =  178.2490 Mbps     0 retrans
    2.9375 MB /   0.10 sec =  246.4301 Mbps     0 retrans
    1.5625 MB /   0.10 sec =  131.0641 Mbps     0 retrans
    2.3750 MB /   0.10 sec =  199.2314 Mbps     0 retrans
    1.8125 MB /   0.10 sec =  152.0694 Mbps     0 retrans
    2.5000 MB /   0.10 sec =  209.7068 Mbps     0 retrans
    1.8750 MB /   0.10 sec =  157.2644 Mbps     0 retrans
    2.8125 MB /   0.10 sec =  235.9367 Mbps     0 retrans
    2.2500 MB /   0.10 sec =  188.7097 Mbps     0 retrans
    1.8750 MB /   0.10 sec =  157.2707 Mbps     0 retrans
    2.4375 MB /   0.10 sec =  204.5091 Mbps     0 retrans
    2.3750 MB /   0.10 sec =  199.2494 Mbps     0 retrans
    2.3125 MB /   0.10 sec =  193.8819 Mbps     0 retrans
    2.6250 MB /   0.10 sec =  220.2692 Mbps     0 retrans
    2.1250 MB /   0.10 sec =  178.2775 Mbps     0 retrans
    2.6250 MB /   0.10 sec =  220.2296 Mbps     0 retrans
    2.6250 MB /   0.10 sec =  220.1657 Mbps     0 retrans
    1.8125 MB /   0.10 sec =  152.0466 Mbps     0 retrans
    2.5625 MB /   0.10 sec =  214.9903 Mbps     0 retrans
    2.3750 MB /   0.10 sec =  199.1936 Mbps     0 retrans
    1.1875 MB /   0.10 sec =   99.6187 Mbps     0 retrans
    0.3750 MB /   0.10 sec =   31.4579 Mbps     0 retrans
    2.0000 MB /   0.10 sec =  167.7889 Mbps     0 retrans
    1.8125 MB /   0.10 sec =  152.0207 Mbps     0 retrans
    2.7500 MB /   0.10 sec =  230.6890 Mbps     0 retrans
    2.8125 MB /   0.10 sec =  235.9107 Mbps     0 retrans
    2.4375 MB /   0.10 sec =  204.4478 Mbps     0 retrans
    2.0000 MB /   0.10 sec =  167.7923 Mbps     0 retrans
    2.5000 MB /   0.10 sec =  209.6796 Mbps     0 retrans
    2.1875 MB /   0.10 sec =  183.5302 Mbps     0 retrans
    2.7500 MB /   0.10 sec =  230.6821 Mbps     0 retrans
    2.2500 MB /   0.10 sec =  188.7588 Mbps     0 retrans
    2.1875 MB /   0.10 sec =  183.4348 Mbps     0 retrans
    2.2500 MB /   0.10 sec =  188.8211 Mbps     0 retrans
    2.5000 MB /   0.10 sec =  209.7383 Mbps     0 retrans
    1.7500 MB /   0.10 sec =  146.7595 Mbps     0 retrans
    1.8125 MB /   0.10 sec =  152.0314 Mbps     0 retrans
    1.3125 MB /   0.10 sec =  110.1434 Mbps     0 retrans
    2.2500 MB /   0.10 sec =  188.7210 Mbps     0 retrans
    2.1875 MB /   0.10 sec =  183.4825 Mbps     0 retrans
    1.8750 MB /   0.10 sec =  157.3068 Mbps     0 retrans
    1.8750 MB /   0.10 sec =  157.2927 Mbps     0 retrans
    1.8750 MB /   0.10 sec =  157.3006 Mbps     0 retrans
    1.8750 MB /   0.10 sec =  157.2534 Mbps     0 retrans
    1.1875 MB /   0.10 sec =   99.6177 Mbps     0 retrans
    1.6875 MB /   0.10 sec =  141.5592 Mbps     0 retrans
    1.3125 MB /   0.10 sec =  110.0708 Mbps     0 retrans
    1.5625 MB /   0.10 sec =  131.0930 Mbps     0 retrans
    1.2500 MB /   0.10 sec =  104.8681 Mbps     0 retrans
    1.8750 MB /   0.10 sec =  157.2534 Mbps     0 retrans
    1.5625 MB /   0.10 sec =  131.0825 Mbps     0 retrans
    1.4375 MB /   0.10 sec =  120.5935 Mbps     0 retrans
    1.4375 MB /   0.10 sec =  120.5838 Mbps     0 retrans
    1.6875 MB /   0.10 sec =  141.5337 Mbps     0 retrans
    1.9375 MB /   0.10 sec =  162.5309 Mbps     0 retrans
    1.8125 MB /   0.10 sec =  152.0937 Mbps     0 retrans
    1.7500 MB /   0.10 sec =  146.8065 Mbps     0 retrans
    1.4375 MB /   0.10 sec =  120.5477 Mbps     0 retrans
    1.7500 MB /   0.10 sec =  146.8197 Mbps     0 retrans
    1.3750 MB /   0.10 sec =  115.3445 Mbps     0 retrans
    1.8750 MB /   0.10 sec =  157.2943 Mbps     0 retrans
    1.3750 MB /   0.10 sec =  115.3549 Mbps     0 retrans
    1.5000 MB /   0.10 sec =  125.7813 Mbps     0 retrans
    1.8125 MB /   0.10 sec =  152.0739 Mbps     0 retrans
    1.5625 MB /   0.10 sec =  131.0917 Mbps     0 retrans
    1.7500 MB /   0.10 sec =  146.7713 Mbps     0 retrans
    2.2500 MB /   0.10 sec =  188.7871 Mbps     0 retrans
    1.6875 MB /   0.10 sec =  141.5266 Mbps     0 retrans
    1.6875 MB /   0.10 sec =  141.5620 Mbps     0 retrans
    1.7500 MB /   0.10 sec =  146.8359 Mbps     0 retrans
    1.5625 MB /   0.10 sec =  131.0445 Mbps     0 retrans
    1.8125 MB /   0.10 sec =  152.0314 Mbps     0 retrans
    1.7500 MB /   0.10 sec =  146.8139 Mbps     0 retrans
    1.1250 MB /   0.10 sec =   94.3737 Mbps     0 retrans
    1.9375 MB /   0.10 sec =  162.5082 Mbps     0 retrans
    1.7500 MB /   0.10 sec =  146.8050 Mbps     0 retrans
    1.9375 MB /   0.10 sec =  162.5781 Mbps     0 retrans
    0.8125 MB /   0.10 sec =   68.1534 Mbps     0 retrans
    1.9375 MB /   0.10 sec =  162.5000 Mbps     0 retrans
    1.3750 MB /   0.10 sec =  115.3514 Mbps     0 retrans
    2.0000 MB /   0.10 sec =  167.7957 Mbps     0 retrans
    1.3125 MB /   0.10 sec =  110.0950 Mbps     0 retrans
    1.5625 MB /   0.10 sec =  131.0550 Mbps     0 retrans
    1.9375 MB /   0.10 sec =  162.5634 Mbps     0 retrans
    1.8125 MB /   0.10 sec =  152.0177 Mbps     0 retrans
    1.1875 MB /   0.10 sec =   99.6257 Mbps     0 retrans
    1.6875 MB /   0.10 sec =  141.5068 Mbps     0 retrans
    1.8125 MB /   0.10 sec =  152.1044 Mbps     0 retrans
    1.6250 MB /   0.10 sec =  136.2672 Mbps     0 retrans
    1.6875 MB /   0.10 sec =  141.4559 Mbps     0 retrans
    2.0625 MB /   0.10 sec =  173.1778 Mbps     0 retrans
    1.5000 MB /   0.10 sec =  125.8090 Mbps     0 retrans
    1.6250 MB /   0.10 sec =  136.3176 Mbps     0 retrans
    0.9375 MB /   0.10 sec =   78.6550 Mbps     0 retrans
    1.7500 MB /   0.10 sec =  146.8006 Mbps     0 retrans
    1.6250 MB /   0.10 sec =  136.3149 Mbps     0 retrans
    1.4375 MB /   0.10 sec =  120.6031 Mbps     0 retrans
    1.9375 MB /   0.10 sec =  162.5228 Mbps     0 retrans
    1.5625 MB /   0.10 sec =  131.0183 Mbps     0 retrans
    1.6250 MB /   0.10 sec =  136.3476 Mbps     0 retrans
    1.9375 MB /   0.10 sec =  162.5065 Mbps     0 retrans
    1.3125 MB /   0.10 sec =  110.1170 Mbps     0 retrans
    1.6875 MB /   0.10 sec =  141.5705 Mbps     0 retrans
    1.6250 MB /   0.10 sec =  136.2876 Mbps     0 retrans
    1.3125 MB /   0.10 sec =  110.0928 Mbps     0 retrans
    1.6250 MB /   0.10 sec =  136.3367 Mbps     0 retrans
    1.6250 MB /   0.10 sec =  136.2849 Mbps     0 retrans
    1.9375 MB /   0.10 sec =  162.5455 Mbps     0 retrans
    1.6875 MB /   0.10 sec =  141.5648 Mbps     0 retrans
    1.8750 MB /   0.10 sec =  157.2864 Mbps     0 retrans
    1.8750 MB /   0.10 sec =  157.2911 Mbps     0 retrans
    0.9375 MB /   0.10 sec =   78.6424 Mbps     0 retrans
    1.6250 MB /   0.10 sec =  136.3258 Mbps     0 retrans
    1.6250 MB /   0.10 sec =  136.2740 Mbps     0 retrans
    1.6250 MB /   0.10 sec =  136.3435 Mbps     0 retrans
    1.3750 MB /   0.10 sec =  115.2719 Mbps     0 retrans
    0.8750 MB /   0.10 sec =   73.4576 Mbps     0 retrans
    1.6250 MB /   0.10 sec =  136.2495 Mbps     0 retrans
    2.1250 MB /   0.10 sec =  178.3293 Mbps     0 retrans
    1.6875 MB /   0.10 sec =  141.5832 Mbps     0 retrans
    1.5625 MB /   0.10 sec =  131.0707 Mbps     0 retrans
    1.1250 MB /   0.10 sec =   94.3379 Mbps     0 retrans
    1.6250 MB /   0.10 sec =  136.3067 Mbps     0 retrans
    1.5625 MB /   0.10 sec =  131.1218 Mbps     0 retrans
    2.1875 MB /   0.10 sec =  183.5118 Mbps     0 retrans
    1.1875 MB /   0.10 sec =   99.6068 Mbps     0 retrans
    2.1250 MB /   0.10 sec =  178.2633 Mbps     0 retrans
    0.8125 MB /   0.10 sec =   68.1574 Mbps     0 retrans
    1.6250 MB /   0.10 sec =  136.2604 Mbps     0 retrans
    1.8750 MB /   0.10 sec =  157.3053 Mbps     0 retrans
    1.6875 MB /   0.10 sec =  141.5946 Mbps     0 retrans
    1.6875 MB /   0.10 sec =  141.5323 Mbps     0 retrans
    1.6875 MB /   0.10 sec =  141.5549 Mbps     0 retrans
    2.1250 MB /   0.10 sec =  178.3096 Mbps     0 retrans
    0.9375 MB /   0.10 sec =   78.6298 Mbps     0 retrans
    1.6250 MB /   0.10 sec =  136.3231 Mbps     0 retrans
    2.1250 MB /   0.10 sec =  178.2508 Mbps     0 retrans
    1.6875 MB /   0.10 sec =  141.5634 Mbps     0 retrans
    1.9375 MB /   0.10 sec =  162.5147 Mbps     0 retrans
    1.8125 MB /   0.10 sec =  152.0374 Mbps     0 retrans
    1.6875 MB /   0.10 sec =  141.5479 Mbps     0 retrans
    1.8750 MB /   0.10 sec =  157.2974 Mbps     0 retrans
    1.8125 MB /   0.10 sec =  152.0694 Mbps     0 retrans
    1.9375 MB /   0.10 sec =  162.5244 Mbps     0 retrans
    1.8125 MB /   0.10 sec =  152.0557 Mbps     0 retrans
    1.9375 MB /   0.10 sec =  162.5277 Mbps     0 retrans
    1.8125 MB /   0.10 sec =  152.0374 Mbps     0 retrans
    1.7500 MB /   0.10 sec =  146.7860 Mbps     0 retrans
    1.6875 MB /   0.10 sec =  141.5295 Mbps     0 retrans
    1.7500 MB /   0.10 sec =  146.8506 Mbps     0 retrans
    2.0000 MB /   0.10 sec =  167.7738 Mbps     0 retrans
    1.6250 MB /   0.10 sec =  136.3149 Mbps     0 retrans
    1.6875 MB /   0.10 sec =  141.5578 Mbps     0 retrans
    2.2500 MB /   0.10 sec =  188.7475 Mbps     0 retrans
    1.6875 MB /   0.10 sec =  141.5111 Mbps     0 retrans
    2.0625 MB /   0.10 sec =  173.0098 Mbps     0 retrans
    1.4375 MB /   0.10 sec =  120.5923 Mbps     0 retrans
    2.1250 MB /   0.10 sec =  178.2009 Mbps     0 retrans
    1.0000 MB /   0.10 sec =   83.9129 Mbps     0 retrans
    2.0000 MB /   0.10 sec =  167.7705 Mbps     0 retrans
    1.6875 MB /   0.10 sec =  141.5762 Mbps     0 retrans
    2.0625 MB /   0.10 sec =  172.9960 Mbps     0 retrans
    1.8125 MB /   0.10 sec =  152.0572 Mbps     0 retrans
    1.9375 MB /   0.10 sec =  162.5325 Mbps     0 retrans
    1.6875 MB /   0.10 sec =  141.5464 Mbps     0 retrans
    1.5000 MB /   0.10 sec =  125.8555 Mbps     0 retrans
    1.8125 MB /   0.10 sec =  151.9949 Mbps     0 retrans
    2.0625 MB /   0.10 sec =  173.0496 Mbps     0 retrans
    2.3750 MB /   0.10 sec =  199.2294 Mbps     0 retrans
    2.0625 MB /   0.10 sec =  172.9839 Mbps     0 retrans
    2.0625 MB /   0.10 sec =  173.0133 Mbps     0 retrans
    1.8750 MB /   0.10 sec =  157.3289 Mbps     0 retrans
    1.9375 MB /   0.10 sec =  162.4968 Mbps     0 retrans
    2.0000 MB /   0.10 sec =  167.7805 Mbps     0 retrans
    1.9375 MB /   0.10 sec =  162.5358 Mbps     0 retrans
    1.8125 MB /   0.10 sec =  152.0694 Mbps     0 retrans
    1.9375 MB /   0.10 sec =  162.5325 Mbps     0 retrans
    1.5625 MB /   0.10 sec =  131.0104 Mbps     0 retrans
    2.0000 MB /   0.10 sec =  167.8393 Mbps     0 retrans
    2.1875 MB /   0.10 sec =  183.5210 Mbps     0 retrans
    2.0000 MB /   0.10 sec =  167.7671 Mbps     0 retrans
    2.0000 MB /   0.10 sec =  167.7336 Mbps     0 retrans
    2.0625 MB /   0.10 sec =  173.0652 Mbps     0 retrans
    1.9375 MB /   0.10 sec =  162.4773 Mbps     0 retrans
    1.6875 MB /   0.10 sec =  141.5521 Mbps     0 retrans
    2.2500 MB /   0.10 sec =  188.7380 Mbps     0 retrans
    2.0000 MB /   0.10 sec =  167.7906 Mbps     0 retrans
    2.3125 MB /   0.10 sec =  193.9788 Mbps     0 retrans
    2.3750 MB /   0.10 sec =  199.2235 Mbps     0 retrans
    2.1250 MB /   0.10 sec =  178.2508 Mbps     0 retrans
    2.5625 MB /   0.10 sec =  214.9753 Mbps     0 retrans
    2.0625 MB /   0.10 sec =  173.0254 Mbps     0 retrans
    2.1875 MB /   0.10 sec =  183.4990 Mbps     0 retrans
    2.2500 MB /   0.10 sec =  188.7777 Mbps     0 retrans
    1.6875 MB /   0.10 sec =  141.5606 Mbps     0 retrans
    2.3750 MB /   0.10 sec =  199.2155 Mbps     0 retrans
    2.1875 MB /   0.10 sec =  183.5100 Mbps     0 retrans
nuttcp-r: 670.3744 MB in 31.93 real seconds = 21498.29 KB/sec = 176.1140 Mbps
nuttcp-r: 23978 I/O calls, msec/call = 1.36, calls/sec = 750.93
nuttcp-r: 0.0user 0.6sys 0:31real 1% 0i+0d 1240maxrss 0+1pf 8295+71csw

nuttcp-t: Warning: send window size 25000000 < requested window size 26214400
nuttcp-t: v6.1.2: socket
nuttcp-t: buflen=65536, nstream=1, port=5003 tcp -> 107.115.44.97
nuttcp-t: time limit = 30.00 seconds
nuttcp-t: accept from 107.115.44.97 with mss=1378
nuttcp-t: send window size = 50000000, receive window size = 25000000
nuttcp-t: available send window = 25000000, available receive window = 12500000
nuttcp-t: 670.3744 MB in 30.00 real seconds = 22882.05 KB/sec = 187.4497 Mbps
nuttcp-t: retrans = 0
nuttcp-t: 10726 I/O calls, msec/call = 2.86, calls/sec = 357.53
nuttcp-t: 0.0user 0.2sys 0:30real 0% 0i+0d 98maxrss 0+0pf 40+13csw
