1660069035314
nuttcp-r: v8.1.4: socket
nuttcp-r: buflen=65536, nstream=1, port=5003 tcp
nuttcp-r: interval reporting every 0.10 seconds
nuttcp-r: connect to 54.176.53.206 with RTT=39.281 ms af=inet
nuttcp-r: send window size = 524288, receive window size = 52428800
nuttcp-r: available send window = 393216, available receive window = 39321600
    0.0000 MB /   0.10 sec =    0.0000 Mbps    -1 retrans
    0.0625 MB /   0.10 sec =    5.2437 Mbps     1 retrans
    0.1250 MB /   0.10 sec =   10.4861 Mbps     0 retrans
    0.0625 MB /   0.10 sec =    5.2414 Mbps     0 retrans
    0.0000 MB /   0.10 sec =    0.0000 Mbps     0 retrans
    0.1250 MB /   0.10 sec =   10.4714 Mbps     0 retrans
    0.2500 MB /   0.10 sec =   20.9858 Mbps     0 retrans
    0.4375 MB /   0.10 sec =   36.2865 Mbps     0 retrans
    0.3750 MB /   0.10 sec =   31.8387 Mbps     0 retrans
    0.5000 MB /   0.10 sec =   41.9435 Mbps     0 retrans
    0.3750 MB /   0.10 sec =   31.4560 Mbps     0 retrans
    0.5000 MB /   0.10 sec =   41.9468 Mbps     0 retrans
    0.5625 MB /   0.10 sec =   47.0326 Mbps     0 retrans
    0.8125 MB /   0.10 sec =   68.3488 Mbps     0 retrans
    0.6250 MB /   0.10 sec =   52.2954 Mbps     0 retrans
    0.8750 MB /   0.10 sec =   73.6145 Mbps     0 retrans
    0.6875 MB /   0.10 sec =   57.6890 Mbps     0 retrans
    0.9375 MB /   0.10 sec =   78.6385 Mbps     0 retrans
    0.8750 MB /   0.10 sec =   73.3556 Mbps     0 retrans
    1.1875 MB /   0.10 sec =   99.6665 Mbps     0 retrans
    1.1875 MB /   0.10 sec =   99.6247 Mbps     0 retrans
    1.5000 MB /   0.10 sec =  125.8392 Mbps     0 retrans
    1.5625 MB /   0.10 sec =  130.5212 Mbps     0 retrans
    1.8125 MB /   0.10 sec =  152.6082 Mbps     0 retrans
    1.8750 MB /   0.10 sec =  156.1620 Mbps     0 retrans
    1.3750 MB /   0.10 sec =  116.2267 Mbps     0 retrans
    1.0000 MB /   0.10 sec =   83.8769 Mbps     0 retrans
    2.1875 MB /   0.10 sec =  183.5118 Mbps     0 retrans
    2.1875 MB /   0.10 sec =  183.1272 Mbps     0 retrans
    2.0625 MB /   0.10 sec =  173.3652 Mbps     0 retrans
    2.3125 MB /   0.10 sec =  193.8644 Mbps     0 retrans
    1.7500 MB /   0.10 sec =  146.8888 Mbps     0 retrans
    2.3125 MB /   0.10 sec =  194.0409 Mbps     0 retrans
    1.5000 MB /   0.10 sec =  125.8027 Mbps     0 retrans
    1.6875 MB /   0.10 sec =  141.5295 Mbps     0 retrans
    2.0000 MB /   0.10 sec =  167.7705 Mbps     0 retrans
    1.9375 MB /   0.10 sec =  162.5553 Mbps     0 retrans
    2.1875 MB /   0.10 sec =  183.5026 Mbps     0 retrans
    3.9375 MB /   0.10 sec =  330.2552 Mbps     0 retrans
    3.3125 MB /   0.10 sec =  276.3527 Mbps     0 retrans
    4.3125 MB /   0.10 sec =  363.7192 Mbps     0 retrans
    4.3750 MB /   0.10 sec =  367.0456 Mbps     0 retrans
    4.4375 MB /   0.10 sec =  372.2594 Mbps     0 retrans
    4.2500 MB /   0.10 sec =  356.5158 Mbps     0 retrans
    4.2500 MB /   0.10 sec =  356.2593 Mbps     0 retrans
    4.3125 MB /   0.10 sec =  361.5382 Mbps     0 retrans
    4.6875 MB /   0.10 sec =  393.7476 Mbps     0 retrans
    4.1250 MB /   0.10 sec =  345.9886 Mbps     0 retrans
    4.1875 MB /   0.10 sec =  350.8905 Mbps     0 retrans
    4.1875 MB /   0.10 sec =  351.7267 Mbps     0 retrans
    4.7500 MB /   0.10 sec =  398.4469 Mbps     0 retrans
    4.1875 MB /   0.10 sec =  351.2905 Mbps     0 retrans
    4.5000 MB /   0.10 sec =  377.4874 Mbps     0 retrans
    4.2500 MB /   0.10 sec =  356.5051 Mbps     0 retrans
    4.6250 MB /   0.10 sec =  388.0080 Mbps     0 retrans
    4.2500 MB /   0.10 sec =  356.4410 Mbps     0 retrans
    4.2500 MB /   0.10 sec =  356.4339 Mbps     0 retrans
    4.4375 MB /   0.10 sec =  371.2569 Mbps     0 retrans
    4.2500 MB /   0.10 sec =  357.5778 Mbps     0 retrans
    4.5625 MB /   0.10 sec =  382.6575 Mbps     0 retrans
    4.1875 MB /   0.10 sec =  351.3397 Mbps     0 retrans
    4.3125 MB /   0.10 sec =  361.6719 Mbps     0 retrans
    4.5000 MB /   0.10 sec =  377.2761 Mbps     0 retrans
    4.2500 MB /   0.10 sec =  356.3092 Mbps     0 retrans
    4.1250 MB /   0.10 sec =  346.2517 Mbps     0 retrans
    4.0000 MB /   0.10 sec =  335.7962 Mbps     0 retrans
    4.3125 MB /   0.10 sec =  361.7551 Mbps     0 retrans
    4.1250 MB /   0.10 sec =  346.0059 Mbps     0 retrans
    3.3125 MB /   0.10 sec =  277.8226 Mbps     0 retrans
    0.0000 MB /   0.10 sec =    0.0000 Mbps     0 retrans
    9.8125 MB /   0.10 sec =  824.8148 Mbps     0 retrans
    4.1875 MB /   0.10 sec =  351.2800 Mbps     0 retrans
    1.3125 MB /   0.10 sec =  110.0983 Mbps     0 retrans
    7.4375 MB /   0.10 sec =  623.6969 Mbps     0 retrans
    4.6250 MB /   0.10 sec =  388.1323 Mbps     0 retrans
    4.2500 MB /   0.10 sec =  356.5016 Mbps     0 retrans
    4.3750 MB /   0.10 sec =  367.0383 Mbps     0 retrans
    3.8750 MB /   0.10 sec =  324.8799 Mbps     0 retrans
    1.6875 MB /   0.10 sec =  141.5804 Mbps     0 retrans
    6.1875 MB /   0.10 sec =  507.8123 Mbps     0 retrans
    3.7500 MB /   0.10 sec =  321.6491 Mbps     0 retrans
    3.3125 MB /   0.10 sec =  278.0033 Mbps     0 retrans
    2.4375 MB /   0.10 sec =  204.4580 Mbps     0 retrans
    3.8125 MB /   0.10 sec =  319.8413 Mbps     0 retrans
    2.7500 MB /   0.10 sec =  230.6844 Mbps     0 retrans
    3.0625 MB /   0.10 sec =  256.8857 Mbps     0 retrans
    2.5000 MB /   0.10 sec =  209.7068 Mbps     0 retrans
    1.7500 MB /   0.10 sec =  146.7904 Mbps     0 retrans
    1.8125 MB /   0.10 sec =  152.0253 Mbps     0 retrans
    2.0625 MB /   0.10 sec =  173.0393 Mbps     0 retrans
    2.1875 MB /   0.10 sec =  183.5008 Mbps     0 retrans
    2.2500 MB /   0.10 sec =  188.6663 Mbps     0 retrans
    1.9375 MB /   0.10 sec =  162.5894 Mbps     0 retrans
    1.9375 MB /   0.10 sec =  162.5114 Mbps     0 retrans
    1.8750 MB /   0.10 sec =  157.3194 Mbps     0 retrans
    2.1250 MB /   0.10 sec =  178.3061 Mbps     0 retrans
    1.8750 MB /   0.10 sec =  157.2314 Mbps     0 retrans
    2.1250 MB /   0.10 sec =  178.2134 Mbps     0 retrans
    1.6250 MB /   0.10 sec =  136.3885 Mbps     0 retrans
    1.7500 MB /   0.10 sec =  146.7698 Mbps     0 retrans
    2.1250 MB /   0.10 sec =  178.2437 Mbps     0 retrans
    1.8125 MB /   0.10 sec =  152.0131 Mbps     0 retrans
    1.6250 MB /   0.10 sec =  136.3776 Mbps     0 retrans
    1.7500 MB /   0.10 sec =  146.7889 Mbps     0 retrans
    1.7500 MB /   0.10 sec =  146.7830 Mbps     0 retrans
    1.8750 MB /   0.10 sec =  157.3352 Mbps     0 retrans
    2.0625 MB /   0.10 sec =  172.9891 Mbps     0 retrans
    1.8750 MB /   0.10 sec =  157.2581 Mbps     0 retrans
    1.6250 MB /   0.10 sec =  136.3108 Mbps     0 retrans
    1.8125 MB /   0.10 sec =  152.0815 Mbps     0 retrans
    2.0625 MB /   0.10 sec =  172.9320 Mbps     0 retrans
    1.5625 MB /   0.10 sec =  131.1179 Mbps     0 retrans
    2.0625 MB /   0.10 sec =  173.0150 Mbps     0 retrans
    1.6250 MB /   0.10 sec =  136.2781 Mbps     0 retrans
    1.9375 MB /   0.10 sec =  162.5179 Mbps     0 retrans
    1.8125 MB /   0.10 sec =  152.0968 Mbps     0 retrans
    2.3125 MB /   0.10 sec =  194.0098 Mbps     0 retrans
    1.7500 MB /   0.10 sec =  146.8241 Mbps     0 retrans
    2.1250 MB /   0.10 sec =  178.2080 Mbps     0 retrans
    1.6875 MB /   0.10 sec =  141.5167 Mbps     0 retrans
    1.9375 MB /   0.10 sec =  162.5911 Mbps     0 retrans
    1.8125 MB /   0.10 sec =  152.0511 Mbps     0 retrans
    2.0000 MB /   0.10 sec =  167.7805 Mbps     0 retrans
    1.9375 MB /   0.10 sec =  162.4952 Mbps     0 retrans
    1.5625 MB /   0.10 sec =  131.0432 Mbps     0 retrans
    1.6875 MB /   0.10 sec =  141.6002 Mbps     0 retrans
    1.8750 MB /   0.10 sec =  157.1308 Mbps     0 retrans
    1.9375 MB /   0.10 sec =  162.6545 Mbps     0 retrans
    2.0625 MB /   0.10 sec =  173.0410 Mbps     0 retrans
    2.1875 MB /   0.10 sec =  183.4714 Mbps     0 retrans
    1.9375 MB /   0.10 sec =  162.5033 Mbps     0 retrans
    1.8750 MB /   0.10 sec =  157.3305 Mbps     0 retrans
    1.9375 MB /   0.10 sec =  162.5098 Mbps     0 retrans
    1.9375 MB /   0.10 sec =  162.5309 Mbps     0 retrans
    2.2500 MB /   0.10 sec =  188.7833 Mbps     0 retrans
    1.8750 MB /   0.10 sec =  157.1450 Mbps     0 retrans
    2.0000 MB /   0.10 sec =  167.9166 Mbps     0 retrans
    1.5000 MB /   0.10 sec =  125.7952 Mbps     0 retrans
    1.6875 MB /   0.10 sec =  141.6073 Mbps     0 retrans
    1.8750 MB /   0.10 sec =  157.2219 Mbps     0 retrans
    2.0625 MB /   0.10 sec =  173.0375 Mbps     0 retrans
    1.2500 MB /   0.10 sec =  104.8828 Mbps     0 retrans
    1.7500 MB /   0.10 sec =  146.7918 Mbps     0 retrans
    1.8125 MB /   0.10 sec =  152.0511 Mbps     0 retrans
    1.6250 MB /   0.10 sec =  136.3081 Mbps     0 retrans
    1.3750 MB /   0.10 sec =  115.3411 Mbps     0 retrans
    1.4375 MB /   0.10 sec =  120.5826 Mbps     0 retrans
    1.8125 MB /   0.10 sec =  152.0086 Mbps     0 retrans
    1.3125 MB /   0.10 sec =  110.0961 Mbps     0 retrans
    1.1875 MB /   0.10 sec =   99.6436 Mbps     0 retrans
    1.1875 MB /   0.10 sec =   99.6277 Mbps     0 retrans
    1.5000 MB /   0.10 sec =  125.8040 Mbps     0 retrans
    1.3125 MB /   0.10 sec =  110.1049 Mbps     0 retrans
    1.3750 MB /   0.10 sec =  115.3710 Mbps     0 retrans
    1.3750 MB /   0.10 sec =  115.3122 Mbps     0 retrans
    1.2500 MB /   0.10 sec =  104.8534 Mbps     0 retrans
    1.3750 MB /   0.10 sec =  115.3641 Mbps     0 retrans
    1.2500 MB /   0.10 sec =  104.7759 Mbps     0 retrans
    1.5000 MB /   0.10 sec =  125.9500 Mbps     0 retrans
    1.3125 MB /   0.10 sec =  110.0950 Mbps     0 retrans
    1.1250 MB /   0.10 sec =   94.3652 Mbps     0 retrans
    1.3750 MB /   0.10 sec =  115.3422 Mbps     0 retrans
    1.5625 MB /   0.10 sec =  131.0406 Mbps     0 retrans
    1.5625 MB /   0.10 sec =  131.0864 Mbps     0 retrans
    1.4375 MB /   0.10 sec =  120.5959 Mbps     0 retrans
    1.6250 MB /   0.10 sec =  136.3203 Mbps     0 retrans
    1.3125 MB /   0.10 sec =  110.0972 Mbps     0 retrans
    1.5625 MB /   0.10 sec =  131.0523 Mbps     0 retrans
    1.4375 MB /   0.10 sec =  120.6164 Mbps     0 retrans
    1.5000 MB /   0.10 sec =  125.7926 Mbps     0 retrans
    1.6250 MB /   0.10 sec =  136.3217 Mbps     0 retrans
    1.4375 MB /   0.10 sec =  120.5718 Mbps     0 retrans
    1.5000 MB /   0.10 sec =  125.8241 Mbps     0 retrans
    1.5625 MB /   0.10 sec =  131.1048 Mbps     0 retrans
    1.5000 MB /   0.10 sec =  125.8304 Mbps     0 retrans
    1.0625 MB /   0.10 sec =   89.1290 Mbps     0 retrans
    1.3125 MB /   0.10 sec =  110.0895 Mbps     0 retrans
    1.3750 MB /   0.10 sec =  114.4950 Mbps     0 retrans
    1.5625 MB /   0.10 sec =  132.0691 Mbps     0 retrans
    1.5000 MB /   0.10 sec =  125.8191 Mbps     0 retrans
    1.6250 MB /   0.10 sec =  136.1474 Mbps     0 retrans
    0.9375 MB /   0.10 sec =   78.7393 Mbps     0 retrans
    0.0000 MB /   0.10 sec =    0.0000 Mbps     0 retrans
    0.0000 MB /   0.10 sec =    0.0000 Mbps     0 retrans
    0.0000 MB /   0.10 sec =    0.0000 Mbps     0 retrans
    0.0000 MB /   0.10 sec =    0.0000 Mbps     0 retrans
    0.0000 MB /   0.10 sec =    0.0000 Mbps     0 retrans
    0.0000 MB /   0.10 sec =    0.0000 Mbps     0 retrans
    0.0000 MB /   0.10 sec =    0.0000 Mbps     0 retrans
    0.0000 MB /   0.10 sec =    0.0000 Mbps     0 retrans
    0.0000 MB /   0.10 sec =    0.0000 Mbps     0 retrans
    0.0000 MB /   0.10 sec =    0.0000 Mbps     0 retrans
    0.0000 MB /   0.10 sec =    0.0000 Mbps     0 retrans
    0.0000 MB /   0.10 sec =    0.0000 Mbps     0 retrans
    0.0000 MB /   0.10 sec =    0.0000 Mbps     0 retrans
    0.0000 MB /   0.10 sec =    0.0000 Mbps     0 retrans
    0.0000 MB /   0.10 sec =    0.0000 Mbps     0 retrans
    0.0000 MB /   0.10 sec =    0.0000 Mbps     0 retrans
    0.0000 MB /   0.10 sec =    0.0000 Mbps     0 retrans
    0.0000 MB /   0.10 sec =    0.0000 Mbps     0 retrans
    0.0000 MB /   0.10 sec =    0.0000 Mbps     0 retrans
    0.0000 MB /   0.10 sec =    0.0000 Mbps     0 retrans
    0.0000 MB /   0.10 sec =    0.0000 Mbps     0 retrans
    0.0000 MB /   0.10 sec =    0.0000 Mbps     0 retrans
    0.0000 MB /   0.10 sec =    0.0000 Mbps     0 retrans
    0.0000 MB /   0.10 sec =    0.0000 Mbps     0 retrans
    0.0000 MB /   0.10 sec =    0.0000 Mbps     0 retrans
    0.0000 MB /   0.10 sec =    0.0000 Mbps     0 retrans
    0.0000 MB /   0.10 sec =    0.0000 Mbps     0 retrans
    0.0000 MB /   0.10 sec =    0.0000 Mbps     0 retrans
    0.0625 MB /   0.10 sec =    5.2402 Mbps     0 retrans
    0.0625 MB /   0.10 sec =    5.2502 Mbps     0 retrans
    0.1875 MB /   0.10 sec =   15.7126 Mbps     0 retrans
    0.2500 MB /   0.10 sec =   20.9915 Mbps     0 retrans
    0.5625 MB /   0.10 sec =   47.1859 Mbps     0 retrans
    0.5000 MB /   0.10 sec =   41.9179 Mbps     0 retrans
    0.6250 MB /   0.10 sec =   52.4608 Mbps     0 retrans
    0.5625 MB /   0.10 sec =   47.1788 Mbps     0 retrans
    0.6875 MB /   0.10 sec =   57.6665 Mbps     0 retrans
    0.6250 MB /   0.10 sec =   52.3445 Mbps     0 retrans
    0.7500 MB /   0.10 sec =   63.0255 Mbps     0 retrans
    0.5625 MB /   0.10 sec =   47.1793 Mbps     0 retrans
    0.7500 MB /   0.10 sec =   62.9265 Mbps     0 retrans
    0.5625 MB /   0.10 sec =   47.1798 Mbps     0 retrans
    0.7500 MB /   0.10 sec =   62.9309 Mbps     0 retrans
    0.6875 MB /   0.10 sec =   57.6694 Mbps     0 retrans
    0.6875 MB /   0.10 sec =   57.6653 Mbps     0 retrans
    0.7500 MB /   0.10 sec =   62.8969 Mbps     0 retrans
    0.7500 MB /   0.10 sec =   62.9328 Mbps     0 retrans
    0.6250 MB /   0.10 sec =   52.4314 Mbps     0 retrans
    0.6250 MB /   0.10 sec =   52.4309 Mbps     0 retrans
    0.5000 MB /   0.10 sec =   41.9041 Mbps     0 retrans
    0.7500 MB /   0.10 sec =   62.9637 Mbps     0 retrans
    0.3750 MB /   0.10 sec =   31.4529 Mbps     0 retrans
    0.5625 MB /   0.10 sec =   47.1916 Mbps     0 retrans
    0.5625 MB /   0.10 sec =   47.1807 Mbps     0 retrans
    0.6875 MB /   0.10 sec =   57.6717 Mbps     0 retrans
    0.6875 MB /   0.10 sec =   57.6573 Mbps     0 retrans
    0.8125 MB /   0.10 sec =   68.1758 Mbps     0 retrans
    0.5625 MB /   0.10 sec =   47.2091 Mbps     0 retrans
    0.8750 MB /   0.10 sec =   73.3930 Mbps     0 retrans
    0.4375 MB /   0.10 sec =   36.6895 Mbps     0 retrans
    0.7500 MB /   0.10 sec =   62.9133 Mbps     0 retrans
    0.6250 MB /   0.10 sec =   52.4388 Mbps     0 retrans
    0.7500 MB /   0.10 sec =   62.9139 Mbps     0 retrans
    0.1250 MB /   0.10 sec =   10.4847 Mbps     0 retrans
    1.1250 MB /   0.10 sec =   94.3567 Mbps     0 retrans
    0.5625 MB /   0.10 sec =   47.1751 Mbps     0 retrans
    0.6875 MB /   0.10 sec =   57.6948 Mbps     0 retrans
    0.5625 MB /   0.10 sec =   47.1845 Mbps     0 retrans
    0.7500 MB /   0.10 sec =   62.8360 Mbps     0 retrans
    0.5625 MB /   0.10 sec =   47.2365 Mbps     0 retrans
    0.5000 MB /   0.10 sec =   41.9539 Mbps     0 retrans
    0.3750 MB /   0.10 sec =   31.4086 Mbps     0 retrans
    0.8125 MB /   0.10 sec =   68.2605 Mbps     0 retrans
    0.5000 MB /   0.10 sec =   41.8974 Mbps     0 retrans
    0.7500 MB /   0.10 sec =   62.8053 Mbps     0 retrans
    0.5000 MB /   0.10 sec =   41.2196 Mbps     0 retrans
    0.6875 MB /   0.10 sec =   58.8637 Mbps     0 retrans
    0.4375 MB /   0.10 sec =   36.3343 Mbps     0 retrans
    0.7500 MB /   0.10 sec =   63.5340 Mbps     0 retrans
    0.6250 MB /   0.10 sec =   52.4556 Mbps     0 retrans
    0.7500 MB /   0.10 sec =   62.9045 Mbps     0 retrans
    0.6250 MB /   0.10 sec =   52.4356 Mbps     0 retrans
    0.7500 MB /   0.10 sec =   62.6783 Mbps     0 retrans
    0.7500 MB /   0.10 sec =   63.1476 Mbps     0 retrans
    0.8125 MB /   0.10 sec =   67.9665 Mbps     0 retrans
    0.6875 MB /   0.10 sec =   57.8470 Mbps     0 retrans
    0.7500 MB /   0.10 sec =   62.9202 Mbps     0 retrans
    0.6875 MB /   0.10 sec =   57.6676 Mbps     0 retrans
    0.8750 MB /   0.10 sec =   73.4113 Mbps     0 retrans
    0.8125 MB /   0.10 sec =   68.1390 Mbps     0 retrans
    0.6875 MB /   0.10 sec =   57.6746 Mbps     0 retrans
    0.6875 MB /   0.10 sec =   57.6751 Mbps     0 retrans
    0.7500 MB /   0.10 sec =   62.8995 Mbps     0 retrans
    0.6250 MB /   0.10 sec =   52.4477 Mbps     0 retrans
    0.5625 MB /   0.10 sec =   47.1261 Mbps     0 retrans
    0.5625 MB /   0.10 sec =   47.2350 Mbps     0 retrans
    0.7500 MB /   0.10 sec =   62.9001 Mbps     0 retrans
    0.6250 MB /   0.10 sec =   52.4309 Mbps     0 retrans
    0.7500 MB /   0.10 sec =   62.9410 Mbps     0 retrans
    0.5625 MB /   0.10 sec =   47.1680 Mbps     0 retrans
    0.8125 MB /   0.10 sec =   68.1718 Mbps     0 retrans
    0.6875 MB /   0.10 sec =   57.6740 Mbps     0 retrans
    0.8125 MB /   0.10 sec =   68.1656 Mbps     0 retrans
    0.6250 MB /   0.10 sec =   52.4199 Mbps     0 retrans
    0.8125 MB /   0.10 sec =   68.1629 Mbps     0 retrans
    0.6250 MB /   0.10 sec =   52.4262 Mbps     0 retrans
    0.8750 MB /   0.10 sec =   73.4018 Mbps     0 retrans
    0.8125 MB /   0.10 sec =   68.1670 Mbps     0 retrans
    0.9375 MB /   0.10 sec =   78.6448 Mbps     0 retrans
    0.5625 MB /   0.10 sec =   47.1845 Mbps     0 retrans
    0.7500 MB /   0.10 sec =   62.8888 Mbps     0 retrans
    0.6250 MB /   0.10 sec =   51.9720 Mbps     0 retrans
    0.8750 MB /   0.10 sec =   74.0662 Mbps     0 retrans
    0.5625 MB /   0.10 sec =   47.1836 Mbps     0 retrans
    0.7500 MB /   0.10 sec =   62.9152 Mbps     0 retrans
    0.6250 MB /   0.10 sec =   52.4157 Mbps     0 retrans
    0.5625 MB /   0.10 sec =   47.1878 Mbps     0 retrans
    0.5625 MB /   0.10 sec =   47.1930 Mbps     0 retrans
    0.5000 MB /   0.10 sec =   41.9342 Mbps     0 retrans
    0.5000 MB /   0.10 sec =   41.9426 Mbps     0 retrans
    0.5000 MB /   0.10 sec =   41.9619 Mbps     0 retrans
    0.4375 MB /   0.10 sec =   36.6877 Mbps     0 retrans
    0.5000 MB /   0.10 sec =   41.9535 Mbps     0 retrans
    0.5000 MB /   0.10 sec =   41.9246 Mbps     0 retrans
    0.5625 MB /   0.10 sec =   47.1991 Mbps     0 retrans
    0.6875 MB /   0.10 sec =   57.6809 Mbps     0 retrans
    0.6875 MB /   0.10 sec =   57.6694 Mbps     0 retrans
    0.5000 MB /   0.10 sec =   41.9225 Mbps     0 retrans
    0.8125 MB /   0.10 sec =   68.1786 Mbps     0 retrans
    0.6250 MB /   0.10 sec =   52.4382 Mbps     0 retrans
    0.8125 MB /   0.10 sec =   68.1479 Mbps     0 retrans
    0.5625 MB /   0.10 sec =   47.1883 Mbps     0 retrans
    0.6875 MB /   0.10 sec =   57.6826 Mbps     0 retrans
    0.5625 MB /   0.10 sec =   47.1760 Mbps     0 retrans
    0.6875 MB /   0.10 sec =   57.6705 Mbps     0 retrans
    0.8750 MB /   0.10 sec =   73.4003 Mbps     0 retrans
    0.7500 MB /   0.10 sec =   62.8643 Mbps     0 retrans
    0.6250 MB /   0.10 sec =   52.4650 Mbps     0 retrans
    0.9375 MB /   0.10 sec =   78.5905 Mbps     0 retrans
    0.7500 MB /   0.10 sec =   62.9605 Mbps     0 retrans
    0.8125 MB /   0.10 sec =   68.1608 Mbps     0 retrans
    0.5625 MB /   0.10 sec =   47.1925 Mbps     0 retrans
    0.8750 MB /   0.10 sec =   73.3622 Mbps     0 retrans
    0.4375 MB /   0.10 sec =   36.7024 Mbps     0 retrans
    0.5000 MB /   0.10 sec =   41.9502 Mbps     0 retrans
    0.4375 MB /   0.10 sec =   36.6895 Mbps     0 retrans
    0.5000 MB /   0.10 sec =   41.9426 Mbps     0 retrans
    0.5000 MB /   0.10 sec =   41.9518 Mbps     0 retrans
    0.5625 MB /   0.10 sec =   47.1812 Mbps     0 retrans
    0.7500 MB /   0.10 sec =   62.9215 Mbps     0 retrans
    0.6875 MB /   0.10 sec =   57.6780 Mbps     0 retrans
    0.5625 MB /   0.10 sec =   47.1859 Mbps     0 retrans
    0.5000 MB /   0.10 sec =   41.9451 Mbps     0 retrans
    0.6875 MB /   0.10 sec =   57.6821 Mbps     0 retrans
    0.8125 MB /   0.10 sec =   68.1329 Mbps     0 retrans
    0.5000 MB /   0.10 sec =   41.9451 Mbps     0 retrans
    0.6250 MB /   0.10 sec =   52.4267 Mbps     0 retrans
    0.4375 MB /   0.10 sec =   36.6983 Mbps     0 retrans
    0.6875 MB /   0.10 sec =   57.6809 Mbps     0 retrans
    0.5000 MB /   0.10 sec =   41.9020 Mbps     0 retrans
    0.7500 MB /   0.10 sec =   62.9605 Mbps     0 retrans
    0.3750 MB /   0.10 sec =   31.4673 Mbps     0 retrans
    0.6875 MB /   0.10 sec =   57.6601 Mbps     0 retrans
    0.6250 MB /   0.10 sec =   52.4451 Mbps     0 retrans
    0.6875 MB /   0.10 sec =   57.6642 Mbps     0 retrans
    0.6250 MB /   0.10 sec =   52.4409 Mbps     0 retrans
    0.8125 MB /   0.10 sec =   68.1213 Mbps     0 retrans
    0.2500 MB /   0.10 sec =   20.9640 Mbps     0 retrans
    0.8125 MB /   0.10 sec =   68.2188 Mbps     0 retrans
    0.5625 MB /   0.10 sec =   47.1845 Mbps     0 retrans
    0.5000 MB /   0.10 sec =   41.9284 Mbps     0 retrans
    0.5000 MB /   0.10 sec =   41.9447 Mbps     0 retrans
    0.8750 MB /   0.10 sec =   73.3834 Mbps     0 retrans
    0.5625 MB /   0.10 sec =   47.0701 Mbps     0 retrans
    0.8125 MB /   0.10 sec =   68.3495 Mbps     0 retrans
    0.7500 MB /   0.10 sec =   62.9234 Mbps     0 retrans
nuttcp-r: 497.9246 MB in 35.87 real seconds = 14215.60 KB/sec = 116.4542 Mbps
nuttcp-r: 22136 I/O calls, msec/call = 1.66, calls/sec = 617.16
nuttcp-r: 0.0user 0.7sys 0:35real 2% 0i+0d 1262maxrss 0+1pf 8966+74csw

nuttcp-t: Warning: send window size 25000000 < requested window size 26214400
nuttcp-t: v6.1.2: socket
nuttcp-t: buflen=65536, nstream=1, port=5003 tcp -> 107.115.44.113
nuttcp-t: time limit = 30.00 seconds
nuttcp-t: accept from 107.115.44.113 with mss=1378
nuttcp-t: send window size = 50000000, receive window size = 25000000
nuttcp-t: available send window = 25000000, available receive window = 12500000
nuttcp-t: 497.9246 MB in 30.00 real seconds = 16995.76 KB/sec = 139.2293 Mbps
nuttcp-t: retrans = 0
nuttcp-t: 7967 I/O calls, msec/call = 3.86, calls/sec = 265.57
nuttcp-t: 0.0user 0.2sys 0:30real 0% 0i+0d 98maxrss 0+0pf 29+7csw
