1660069103469
nuttcp-t: v8.1.4: socket
nuttcp-t: buflen=65536, nstream=1, port=5003 tcp -> 54.176.53.206
nuttcp-t: time limit = 30.00 seconds
nuttcp-t: connect to 54.176.53.206 with mss=1358, RTT=37.373 ms af=inet
nuttcp-t: send window size = 33554432, receive window size = 4194304
nuttcp-t: available send window = 25165824, available receive window = 3145728
nuttcp-t: initial congestion window = 13 KB (10 packets)
nuttcp-r: Warning: receive window size 25000000 < requested window size 26214400
nuttcp-r: v6.1.2: socket
nuttcp-r: buflen=65536, nstream=1, port=5003 tcp
nuttcp-r: interval reporting every 0.10 seconds
nuttcp-r: accept from 107.115.44.113
nuttcp-r: send window size = 25000000, receive window size = 50000000
nuttcp-r: available send window = 12500000, available receive window = 25000000
    0.0000 MB /   0.10 sec =    0.0000 Mbps     0 retrans    869 KB-cwnd
    0.0625 MB /   0.10 sec =    5.2427 Mbps     0 retrans    869 KB-cwnd
    0.0625 MB /   0.10 sec =    5.2427 Mbps     0 retrans    869 KB-cwnd
    0.0000 MB /   0.10 sec =    0.0000 Mbps     0 retrans    869 KB-cwnd
    0.1250 MB /   0.10 sec =   10.4870 Mbps     0 retrans    869 KB-cwnd
    0.0625 MB /   0.10 sec =    5.2427 Mbps     0 retrans    869 KB-cwnd
    0.0625 MB /   0.10 sec =    5.2425 Mbps     0 retrans    869 KB-cwnd
    0.0625 MB /   0.10 sec =    5.2422 Mbps     0 retrans    869 KB-cwnd
    0.0000 MB /   0.10 sec =    0.0000 Mbps     0 retrans    869 KB-cwnd
    0.0625 MB /   0.10 sec =    5.2447 Mbps     0 retrans    869 KB-cwnd
    0.0000 MB /   0.10 sec =    0.0000 Mbps     0 retrans    869 KB-cwnd
    0.0625 MB /   0.10 sec =    5.2446 Mbps     0 retrans    869 KB-cwnd
    0.0625 MB /   0.10 sec =    5.2423 Mbps     0 retrans    869 KB-cwnd
    0.0000 MB /   0.10 sec =    0.0000 Mbps     0 retrans    869 KB-cwnd
    0.0625 MB /   0.10 sec =    5.2392 Mbps     0 retrans    869 KB-cwnd
    0.0625 MB /   0.10 sec =    5.2470 Mbps     0 retrans    869 KB-cwnd
    0.0625 MB /   0.10 sec =    5.2376 Mbps     0 retrans    869 KB-cwnd
    0.0000 MB /   0.10 sec =    0.0000 Mbps     0 retrans    869 KB-cwnd
    0.0625 MB /   0.10 sec =    5.2372 Mbps     0 retrans    869 KB-cwnd
    0.0625 MB /   0.10 sec =    5.2494 Mbps     0 retrans    869 KB-cwnd
    0.0000 MB /   0.10 sec =    0.0000 Mbps     0 retrans    869 KB-cwnd
    0.0625 MB /   0.10 sec =    5.2429 Mbps     0 retrans    869 KB-cwnd
    0.0625 MB /   0.10 sec =    5.2445 Mbps     0 retrans    869 KB-cwnd
    0.0000 MB /   0.10 sec =    0.0000 Mbps     0 retrans    869 KB-cwnd
    0.0625 MB /   0.10 sec =    5.2413 Mbps     0 retrans    869 KB-cwnd
    0.0625 MB /   0.10 sec =    5.2447 Mbps     0 retrans    869 KB-cwnd
    0.0000 MB /   0.10 sec =    0.0000 Mbps     0 retrans    869 KB-cwnd
    0.0625 MB /   0.10 sec =    5.2437 Mbps     0 retrans    869 KB-cwnd
    0.0000 MB /   0.10 sec =    0.0000 Mbps     0 retrans    869 KB-cwnd
    0.0625 MB /   0.10 sec =    5.2434 Mbps     0 retrans    869 KB-cwnd
    0.0625 MB /   0.10 sec =    5.2432 Mbps     0 retrans    869 KB-cwnd
    0.0625 MB /   0.10 sec =    5.2428 Mbps     0 retrans    869 KB-cwnd
    0.0625 MB /   0.10 sec =    5.2418 Mbps     0 retrans    869 KB-cwnd
    0.0625 MB /   0.10 sec =    5.2434 Mbps     0 retrans    869 KB-cwnd
    0.0625 MB /   0.10 sec =    5.2436 Mbps     0 retrans    869 KB-cwnd
    0.0625 MB /   0.10 sec =    5.2403 Mbps     0 retrans    869 KB-cwnd
    0.0000 MB /   0.10 sec =    0.0000 Mbps     0 retrans    869 KB-cwnd
    0.0625 MB /   0.10 sec =    5.1711 Mbps     0 retrans    869 KB-cwnd
    0.0625 MB /   0.10 sec =    5.3160 Mbps     0 retrans    869 KB-cwnd
    0.0625 MB /   0.10 sec =    5.2432 Mbps     0 retrans    869 KB-cwnd
    0.0625 MB /   0.10 sec =    5.2432 Mbps     0 retrans    869 KB-cwnd
    0.0625 MB /   0.10 sec =    5.2428 Mbps     0 retrans    869 KB-cwnd
    0.0625 MB /   0.10 sec =    5.2424 Mbps     0 retrans    869 KB-cwnd
    0.0625 MB /   0.10 sec =    5.2386 Mbps     0 retrans    869 KB-cwnd
    0.0625 MB /   0.10 sec =    5.2426 Mbps     0 retrans    869 KB-cwnd
    0.0625 MB /   0.10 sec =    5.2486 Mbps     0 retrans    869 KB-cwnd
    0.0625 MB /   0.10 sec =    5.2431 Mbps     0 retrans    869 KB-cwnd
    0.0625 MB /   0.10 sec =    5.2423 Mbps     0 retrans    869 KB-cwnd
    0.0625 MB /   0.10 sec =    5.2426 Mbps     0 retrans    869 KB-cwnd
    0.0625 MB /   0.10 sec =    5.2434 Mbps     0 retrans    869 KB-cwnd
    0.0000 MB /   0.10 sec =    0.0000 Mbps     0 retrans    869 KB-cwnd
    0.0625 MB /   0.10 sec =    5.2424 Mbps     0 retrans    869 KB-cwnd
    0.0000 MB /   0.10 sec =    0.0000 Mbps     0 retrans    869 KB-cwnd
    0.0625 MB /   0.10 sec =    5.2435 Mbps     0 retrans    869 KB-cwnd
    0.0625 MB /   0.10 sec =    5.2432 Mbps     0 retrans    869 KB-cwnd
    0.0625 MB /   0.10 sec =    5.2426 Mbps     0 retrans    869 KB-cwnd
    0.0625 MB /   0.10 sec =    5.2431 Mbps     0 retrans    869 KB-cwnd
    0.0625 MB /   0.10 sec =    5.2428 Mbps     0 retrans    869 KB-cwnd
    0.0000 MB /   0.10 sec =    0.0000 Mbps     0 retrans    869 KB-cwnd
    0.0625 MB /   0.10 sec =    5.2192 Mbps     0 retrans    869 KB-cwnd
    0.0000 MB /   0.10 sec =    0.0000 Mbps     0 retrans    869 KB-cwnd
    0.0625 MB /   0.10 sec =    5.2887 Mbps     0 retrans    869 KB-cwnd
    0.0000 MB /   0.10 sec =    0.0000 Mbps     0 retrans    869 KB-cwnd
    0.0625 MB /   0.10 sec =    5.2424 Mbps     0 retrans    869 KB-cwnd
    0.0625 MB /   0.10 sec =    5.2434 Mbps     0 retrans    869 KB-cwnd
    0.0625 MB /   0.10 sec =    5.2432 Mbps     0 retrans    869 KB-cwnd
    0.0625 MB /   0.10 sec =    5.2422 Mbps     0 retrans    869 KB-cwnd
    0.0000 MB /   0.10 sec =    0.0000 Mbps     0 retrans    869 KB-cwnd
    0.0625 MB /   0.10 sec =    5.2429 Mbps     0 retrans    869 KB-cwnd
    0.0625 MB /   0.10 sec =    5.2407 Mbps     0 retrans    869 KB-cwnd
    0.0625 MB /   0.10 sec =    5.2435 Mbps     0 retrans    869 KB-cwnd
    0.0000 MB /   0.10 sec =    0.0000 Mbps     0 retrans    869 KB-cwnd
    0.0625 MB /   0.10 sec =    5.2425 Mbps     0 retrans    869 KB-cwnd
    0.0625 MB /   0.10 sec =    5.2433 Mbps     0 retrans    869 KB-cwnd
    0.0000 MB /   0.10 sec =    0.0000 Mbps     0 retrans    869 KB-cwnd
    0.0625 MB /   0.10 sec =    5.2478 Mbps     0 retrans    869 KB-cwnd
    0.0625 MB /   0.10 sec =    5.2413 Mbps     0 retrans    869 KB-cwnd
    0.0625 MB /   0.10 sec =    5.2445 Mbps     0 retrans    869 KB-cwnd
    0.0625 MB /   0.10 sec =    5.2408 Mbps     0 retrans    869 KB-cwnd
    0.0000 MB /   0.10 sec =    0.0000 Mbps     0 retrans    869 KB-cwnd
    0.1250 MB /   0.10 sec =   10.4884 Mbps     0 retrans    869 KB-cwnd
    0.0625 MB /   0.10 sec =    5.2428 Mbps     0 retrans    869 KB-cwnd
    0.0625 MB /   0.10 sec =    5.2418 Mbps     0 retrans    869 KB-cwnd
    0.0625 MB /   0.10 sec =    5.2435 Mbps     0 retrans    869 KB-cwnd
    0.0625 MB /   0.10 sec =    5.2430 Mbps     0 retrans    869 KB-cwnd
    0.0625 MB /   0.10 sec =    5.2424 Mbps     0 retrans    869 KB-cwnd
    0.1250 MB /   0.10 sec =   10.4864 Mbps     0 retrans    869 KB-cwnd
    0.0625 MB /   0.10 sec =    5.2419 Mbps     0 retrans    869 KB-cwnd
    0.0625 MB /   0.10 sec =    5.2442 Mbps     0 retrans    869 KB-cwnd
    0.0625 MB /   0.10 sec =    5.2430 Mbps     0 retrans    869 KB-cwnd
    0.0625 MB /   0.10 sec =    5.2428 Mbps     0 retrans    869 KB-cwnd
    0.0625 MB /   0.10 sec =    5.2420 Mbps     0 retrans    869 KB-cwnd
    0.0625 MB /   0.10 sec =    5.2424 Mbps     0 retrans    869 KB-cwnd
    0.1250 MB /   0.10 sec =   10.4876 Mbps     0 retrans    869 KB-cwnd
    0.0625 MB /   0.10 sec =    5.2429 Mbps     0 retrans    869 KB-cwnd
    0.0625 MB /   0.10 sec =    5.2427 Mbps     0 retrans    869 KB-cwnd
    0.0625 MB /   0.10 sec =    5.2434 Mbps     0 retrans    869 KB-cwnd
    0.0625 MB /   0.10 sec =    5.2430 Mbps     0 retrans    869 KB-cwnd
    0.0625 MB /   0.10 sec =    5.2170 Mbps     0 retrans    869 KB-cwnd
    0.0625 MB /   0.10 sec =    5.2680 Mbps     0 retrans    869 KB-cwnd
    0.0625 MB /   0.10 sec =    5.2437 Mbps     0 retrans    869 KB-cwnd
    0.1250 MB /   0.10 sec =   10.4860 Mbps     0 retrans    869 KB-cwnd
    0.0625 MB /   0.10 sec =    5.2430 Mbps     0 retrans    869 KB-cwnd
    0.0625 MB /   0.10 sec =    5.2425 Mbps     0 retrans    869 KB-cwnd
    0.0625 MB /   0.10 sec =    5.2431 Mbps     0 retrans    869 KB-cwnd
    0.0625 MB /   0.10 sec =    5.2429 Mbps     0 retrans    869 KB-cwnd
    0.0625 MB /   0.10 sec =    5.2430 Mbps     0 retrans    869 KB-cwnd
    0.1250 MB /   0.10 sec =   10.4859 Mbps     0 retrans    869 KB-cwnd
    0.0625 MB /   0.10 sec =    5.2415 Mbps     0 retrans    869 KB-cwnd
    0.0000 MB /   0.10 sec =    0.0000 Mbps     0 retrans    869 KB-cwnd
    0.0625 MB /   0.10 sec =    5.2408 Mbps     0 retrans    869 KB-cwnd
    0.0625 MB /   0.10 sec =    5.2446 Mbps     0 retrans    869 KB-cwnd
    0.0000 MB /   0.10 sec =    0.0000 Mbps     0 retrans    869 KB-cwnd
    0.0625 MB /   0.10 sec =    5.2427 Mbps     0 retrans    869 KB-cwnd
    0.0625 MB /   0.10 sec =    5.2417 Mbps     0 retrans    869 KB-cwnd
    0.0000 MB /   0.10 sec =    0.0000 Mbps     0 retrans    869 KB-cwnd
    0.0625 MB /   0.10 sec =    5.2421 Mbps     0 retrans    869 KB-cwnd
    0.0625 MB /   0.10 sec =    5.2449 Mbps     0 retrans    869 KB-cwnd
    0.0000 MB /   0.10 sec =    0.0000 Mbps     0 retrans    869 KB-cwnd
    0.0625 MB /   0.10 sec =    5.2416 Mbps     0 retrans    869 KB-cwnd
    0.0000 MB /   0.10 sec =    0.0000 Mbps     0 retrans    869 KB-cwnd
    0.0625 MB /   0.10 sec =    5.2450 Mbps     0 retrans    869 KB-cwnd
    0.0625 MB /   0.10 sec =    5.2426 Mbps     0 retrans    869 KB-cwnd
    0.0625 MB /   0.10 sec =    5.2433 Mbps     0 retrans    869 KB-cwnd
    0.0625 MB /   0.10 sec =    5.2430 Mbps     0 retrans    869 KB-cwnd
    0.0000 MB /   0.10 sec =    0.0000 Mbps     0 retrans    869 KB-cwnd
    0.0625 MB /   0.10 sec =    5.2428 Mbps     0 retrans    869 KB-cwnd
    0.0625 MB /   0.10 sec =    5.2431 Mbps     0 retrans    869 KB-cwnd
    0.0000 MB /   0.10 sec =    0.0000 Mbps     0 retrans    869 KB-cwnd
    0.0625 MB /   0.10 sec =    5.2429 Mbps     0 retrans    869 KB-cwnd
    0.0625 MB /   0.10 sec =    5.2435 Mbps     0 retrans    869 KB-cwnd
    0.0625 MB /   0.10 sec =    5.2427 Mbps     0 retrans    869 KB-cwnd
    0.0625 MB /   0.10 sec =    5.2431 Mbps     0 retrans    869 KB-cwnd
    0.0625 MB /   0.10 sec =    5.2427 Mbps     0 retrans    869 KB-cwnd
    0.0000 MB /   0.10 sec =    0.0000 Mbps     0 retrans    869 KB-cwnd
    0.0625 MB /   0.10 sec =    5.2436 Mbps     0 retrans    869 KB-cwnd
    0.0625 MB /   0.10 sec =    5.2438 Mbps     0 retrans    869 KB-cwnd
    0.0625 MB /   0.10 sec =    5.2427 Mbps     0 retrans    869 KB-cwnd
    0.0625 MB /   0.10 sec =    5.2424 Mbps     0 retrans    869 KB-cwnd
    0.0000 MB /   0.10 sec =    0.0000 Mbps     0 retrans    869 KB-cwnd
    0.0625 MB /   0.10 sec =    5.2413 Mbps     0 retrans    869 KB-cwnd
    0.0000 MB /   0.10 sec =    0.0000 Mbps     0 retrans    869 KB-cwnd
    0.1250 MB /   0.10 sec =   10.4867 Mbps     0 retrans    869 KB-cwnd
    0.0000 MB /   0.10 sec =    0.0000 Mbps     0 retrans    869 KB-cwnd
    0.1250 MB /   0.10 sec =   10.4868 Mbps     0 retrans    869 KB-cwnd
    0.0625 MB /   0.10 sec =    5.2423 Mbps     0 retrans    869 KB-cwnd
    0.0625 MB /   0.10 sec =    5.2432 Mbps     0 retrans    869 KB-cwnd
    0.0625 MB /   0.10 sec =    5.2421 Mbps     0 retrans    869 KB-cwnd
    0.1250 MB /   0.10 sec =   10.4873 Mbps     0 retrans    869 KB-cwnd
    0.0625 MB /   0.10 sec =    5.2423 Mbps     0 retrans    869 KB-cwnd
    0.0000 MB /   0.10 sec =    0.0000 Mbps     0 retrans    869 KB-cwnd
    0.0625 MB /   0.10 sec =    5.2431 Mbps     0 retrans    869 KB-cwnd
    0.0000 MB /   0.10 sec =    0.0000 Mbps     0 retrans    869 KB-cwnd
    0.0625 MB /   0.10 sec =    5.2425 Mbps     0 retrans    869 KB-cwnd
    0.0000 MB /   0.10 sec =    0.0000 Mbps     0 retrans    869 KB-cwnd
    0.0625 MB /   0.10 sec =    5.2443 Mbps     0 retrans    869 KB-cwnd
    0.0625 MB /   0.10 sec =    5.2432 Mbps     0 retrans    869 KB-cwnd
    0.0625 MB /   0.10 sec =    5.2423 Mbps     0 retrans    869 KB-cwnd
    0.0000 MB /   0.10 sec =    0.0000 Mbps     0 retrans    869 KB-cwnd
    0.0625 MB /   0.10 sec =    5.2396 Mbps     0 retrans    869 KB-cwnd
    0.0000 MB /   0.10 sec =    0.0000 Mbps     0 retrans    869 KB-cwnd
    0.0625 MB /   0.10 sec =    5.2435 Mbps     0 retrans    869 KB-cwnd
    0.0000 MB /   0.10 sec =    0.0000 Mbps     0 retrans    869 KB-cwnd
    0.0625 MB /   0.10 sec =    5.2445 Mbps     0 retrans    869 KB-cwnd
    0.0000 MB /   0.10 sec =    0.0000 Mbps     0 retrans    869 KB-cwnd
    0.0625 MB /   0.10 sec =    5.2435 Mbps     0 retrans    869 KB-cwnd
    0.0000 MB /   0.10 sec =    0.0000 Mbps     0 retrans    869 KB-cwnd
    0.0000 MB /   0.10 sec =    0.0000 Mbps     0 retrans    869 KB-cwnd
    0.0625 MB /   0.10 sec =    5.2435 Mbps     0 retrans    869 KB-cwnd
    0.0000 MB /   0.10 sec =    0.0000 Mbps     0 retrans    869 KB-cwnd
    0.0625 MB /   0.10 sec =    5.2350 Mbps     0 retrans    869 KB-cwnd
    0.0000 MB /   0.10 sec =    0.0000 Mbps     0 retrans    869 KB-cwnd
    0.0625 MB /   0.10 sec =    5.2407 Mbps     0 retrans    869 KB-cwnd
    0.0000 MB /   0.10 sec =    0.0000 Mbps     0 retrans    869 KB-cwnd
    0.0000 MB /   0.10 sec =    0.0000 Mbps     0 retrans    869 KB-cwnd
    0.0000 MB /   0.10 sec =    0.0000 Mbps     0 retrans    869 KB-cwnd
    0.0000 MB /   0.10 sec =    0.0000 Mbps     0 retrans    869 KB-cwnd
    0.0000 MB /   0.10 sec =    0.0000 Mbps     0 retrans    869 KB-cwnd
    0.0000 MB /   0.10 sec =    0.0000 Mbps     0 retrans    869 KB-cwnd
    0.0000 MB /   0.10 sec =    0.0000 Mbps     0 retrans    869 KB-cwnd
    0.0000 MB /   0.10 sec =    0.0000 Mbps     0 retrans    869 KB-cwnd
    0.0000 MB /   0.10 sec =    0.0000 Mbps     0 retrans    869 KB-cwnd
    0.0000 MB /   0.10 sec =    0.0000 Mbps     0 retrans    869 KB-cwnd
    0.0000 MB /   0.10 sec =    0.0000 Mbps     0 retrans    869 KB-cwnd
    0.0625 MB /   0.10 sec =    5.2427 Mbps     0 retrans    869 KB-cwnd
    0.0000 MB /   0.10 sec =    0.0000 Mbps     0 retrans    869 KB-cwnd
    0.0625 MB /   0.10 sec =    5.2413 Mbps     0 retrans    869 KB-cwnd
    0.0000 MB /   0.10 sec =    0.0000 Mbps     0 retrans    869 KB-cwnd
    0.3125 MB /   0.10 sec =   26.2128 Mbps     0 retrans    869 KB-cwnd
    0.0625 MB /   0.10 sec =    5.2437 Mbps     0 retrans    869 KB-cwnd
    0.0625 MB /   0.10 sec =    5.2429 Mbps     0 retrans    869 KB-cwnd
    0.0000 MB /   0.10 sec =    0.0000 Mbps     0 retrans    869 KB-cwnd
    0.0625 MB /   0.10 sec =    5.2421 Mbps     0 retrans    869 KB-cwnd
    0.0625 MB /   0.10 sec =    5.2438 Mbps     0 retrans    869 KB-cwnd
    0.0625 MB /   0.10 sec =    5.2423 Mbps     0 retrans    869 KB-cwnd
    0.0625 MB /   0.10 sec =    5.2433 Mbps     0 retrans    869 KB-cwnd
    0.0625 MB /   0.10 sec =    5.2423 Mbps     0 retrans    869 KB-cwnd
    0.0625 MB /   0.10 sec =    5.2434 Mbps     0 retrans    869 KB-cwnd
    0.0000 MB /   0.10 sec =    0.0000 Mbps     0 retrans    869 KB-cwnd
    0.0625 MB /   0.10 sec =    5.2430 Mbps     0 retrans    869 KB-cwnd
    0.0000 MB /   0.10 sec =    0.0000 Mbps     0 retrans    869 KB-cwnd
    0.0625 MB /   0.10 sec =    5.2420 Mbps     0 retrans    869 KB-cwnd
    0.0625 MB /   0.10 sec =    5.2429 Mbps     0 retrans    869 KB-cwnd
    0.0000 MB /   0.10 sec =    0.0000 Mbps     0 retrans    869 KB-cwnd
    0.0625 MB /   0.10 sec =    5.2426 Mbps     0 retrans    869 KB-cwnd
    0.0625 MB /   0.10 sec =    5.2435 Mbps     0 retrans    869 KB-cwnd
    0.0000 MB /   0.10 sec =    0.0000 Mbps     0 retrans    869 KB-cwnd
    0.0625 MB /   0.10 sec =    5.2429 Mbps     0 retrans    869 KB-cwnd
    0.0625 MB /   0.10 sec =    5.2425 Mbps     0 retrans    869 KB-cwnd
    0.0000 MB /   0.10 sec =    0.0000 Mbps     0 retrans    869 KB-cwnd
    0.0625 MB /   0.10 sec =    5.2425 Mbps     0 retrans    869 KB-cwnd
    0.0000 MB /   0.10 sec =    0.0000 Mbps     0 retrans    869 KB-cwnd
    0.0000 MB /   0.10 sec =    0.0000 Mbps     0 retrans    869 KB-cwnd
    0.0625 MB /   0.10 sec =    5.2434 Mbps     0 retrans    869 KB-cwnd
    0.0000 MB /   0.10 sec =    0.0000 Mbps     0 retrans    869 KB-cwnd
    0.0625 MB /   0.10 sec =    5.2447 Mbps     0 retrans    869 KB-cwnd
    0.0625 MB /   0.10 sec =    5.2425 Mbps     0 retrans    869 KB-cwnd
    0.0000 MB /   0.10 sec =    0.0000 Mbps     0 retrans    869 KB-cwnd
    0.0625 MB /   0.10 sec =    5.2358 Mbps     0 retrans    869 KB-cwnd
    0.0000 MB /   0.10 sec =    0.0000 Mbps     0 retrans    869 KB-cwnd
    0.0625 MB /   0.10 sec =    5.2415 Mbps     0 retrans    869 KB-cwnd
    0.0625 MB /   0.10 sec =    5.2445 Mbps     0 retrans    869 KB-cwnd
    0.0000 MB /   0.10 sec =    0.0000 Mbps     0 retrans    869 KB-cwnd
    0.0625 MB /   0.10 sec =    5.2425 Mbps     0 retrans    869 KB-cwnd
    0.0000 MB /   0.10 sec =    0.0000 Mbps     0 retrans    869 KB-cwnd
    0.0625 MB /   0.10 sec =    5.2441 Mbps     0 retrans    869 KB-cwnd
    0.0000 MB /   0.10 sec =    0.0000 Mbps     0 retrans    869 KB-cwnd
    0.0625 MB /   0.10 sec =    5.2430 Mbps     0 retrans    869 KB-cwnd
    0.0000 MB /   0.10 sec =    0.0000 Mbps     0 retrans    869 KB-cwnd
    0.0625 MB /   0.10 sec =    5.2431 Mbps     0 retrans    869 KB-cwnd
    0.0000 MB /   0.10 sec =    0.0000 Mbps     0 retrans    869 KB-cwnd
    0.0625 MB /   0.10 sec =    5.2428 Mbps     0 retrans    869 KB-cwnd
    0.0625 MB /   0.10 sec =    5.2424 Mbps     0 retrans    869 KB-cwnd
    0.0625 MB /   0.10 sec =    5.2431 Mbps     0 retrans    869 KB-cwnd
    0.0625 MB /   0.11 sec =    4.9539 Mbps     0 retrans    869 KB-cwnd
    0.0625 MB /   0.09 sec =    5.5681 Mbps     0 retrans    869 KB-cwnd
    0.0625 MB /   0.10 sec =    5.2425 Mbps     0 retrans    869 KB-cwnd
    0.0625 MB /   0.10 sec =    5.2432 Mbps     0 retrans    869 KB-cwnd
    0.0000 MB /   0.10 sec =    0.0000 Mbps     0 retrans    869 KB-cwnd
    0.0625 MB /   0.10 sec =    5.2440 Mbps     0 retrans    869 KB-cwnd
    0.0625 MB /   0.10 sec =    5.2400 Mbps     0 retrans    869 KB-cwnd
    0.0625 MB /   0.10 sec =    5.2439 Mbps     0 retrans    869 KB-cwnd
    0.0625 MB /   0.10 sec =    5.2445 Mbps     0 retrans    869 KB-cwnd
    0.0625 MB /   0.10 sec =    5.2408 Mbps     0 retrans    869 KB-cwnd
    0.0000 MB /   0.10 sec =    0.0000 Mbps     0 retrans    869 KB-cwnd
    0.0625 MB /   0.10 sec =    5.2428 Mbps     0 retrans    869 KB-cwnd
    0.0625 MB /   0.10 sec =    5.2434 Mbps     0 retrans    869 KB-cwnd
    0.0625 MB /   0.10 sec =    5.2426 Mbps     0 retrans    869 KB-cwnd
    0.0625 MB /   0.10 sec =    5.2429 Mbps     0 retrans    869 KB-cwnd
    0.0625 MB /   0.10 sec =    5.2431 Mbps     0 retrans    869 KB-cwnd
    0.0000 MB /   0.10 sec =    0.0000 Mbps     0 retrans    869 KB-cwnd
    0.0625 MB /   0.10 sec =    5.2443 Mbps     0 retrans    869 KB-cwnd
    0.0000 MB /   0.10 sec =    0.0000 Mbps     0 retrans    869 KB-cwnd
    0.1250 MB /   0.10 sec =   10.4869 Mbps     0 retrans    869 KB-cwnd
    0.0625 MB /   0.10 sec =    5.2422 Mbps     0 retrans    869 KB-cwnd
    0.0625 MB /   0.10 sec =    5.2430 Mbps     0 retrans    869 KB-cwnd
    0.0625 MB /   0.10 sec =    5.2426 Mbps     0 retrans    869 KB-cwnd
    0.0625 MB /   0.10 sec =    5.2428 Mbps     0 retrans    869 KB-cwnd
    0.0625 MB /   0.10 sec =    5.2425 Mbps     0 retrans    869 KB-cwnd
    0.0625 MB /   0.10 sec =    5.2436 Mbps     0 retrans    869 KB-cwnd
    0.0000 MB /   0.10 sec =    0.0000 Mbps     0 retrans    869 KB-cwnd
    0.0000 MB /   0.10 sec =    0.0000 Mbps     0 retrans    869 KB-cwnd
    0.0625 MB /   0.10 sec =    5.2410 Mbps     0 retrans    869 KB-cwnd
    0.0000 MB /   0.10 sec =    0.0000 Mbps     0 retrans    869 KB-cwnd
    0.0625 MB /   0.10 sec =    5.2422 Mbps     0 retrans    869 KB-cwnd
    0.0000 MB /   0.10 sec =    0.0000 Mbps     0 retrans    869 KB-cwnd
    0.0625 MB /   0.10 sec =    5.2415 Mbps     0 retrans    869 KB-cwnd
    0.0625 MB /   0.10 sec =    5.2442 Mbps     0 retrans    869 KB-cwnd
    0.0000 MB /   0.10 sec =    0.0000 Mbps     0 retrans    869 KB-cwnd
    0.0625 MB /   0.10 sec =    5.2439 Mbps     0 retrans    869 KB-cwnd
    0.0000 MB /   0.10 sec =    0.0000 Mbps     0 retrans    869 KB-cwnd
    0.0625 MB /   0.10 sec =    5.2439 Mbps     0 retrans    869 KB-cwnd
    0.0000 MB /   0.10 sec =    0.0000 Mbps     0 retrans    869 KB-cwnd
    0.0625 MB /   0.10 sec =    5.2305 Mbps     0 retrans    869 KB-cwnd
    0.0000 MB /   0.10 sec =    0.0000 Mbps     0 retrans    869 KB-cwnd
    0.0625 MB /   0.10 sec =    5.2445 Mbps     0 retrans    869 KB-cwnd
    0.0625 MB /   0.10 sec =    5.2415 Mbps     0 retrans    869 KB-cwnd
    0.0000 MB /   0.10 sec =    0.0000 Mbps     0 retrans    869 KB-cwnd
    0.0625 MB /   0.10 sec =    5.2424 Mbps     0 retrans    869 KB-cwnd
    0.0625 MB /   0.10 sec =    5.2428 Mbps     0 retrans    869 KB-cwnd
    0.0000 MB /   0.10 sec =    0.0000 Mbps     0 retrans    869 KB-cwnd
    0.0625 MB /   0.10 sec =    5.2358 Mbps     0 retrans    869 KB-cwnd
    0.0625 MB /   0.10 sec =    5.2500 Mbps     0 retrans    869 KB-cwnd
    0.0000 MB /   0.10 sec =    0.0000 Mbps     0 retrans    869 KB-cwnd
    0.0625 MB /   0.10 sec =    5.2432 Mbps     0 retrans    869 KB-cwnd
    0.0625 MB /   0.10 sec =    5.2427 Mbps     0 retrans    869 KB-cwnd
    0.0625 MB /   0.10 sec =    5.2421 Mbps     0 retrans    869 KB-cwnd
    0.0625 MB /   0.10 sec =    5.2439 Mbps     0 retrans    869 KB-cwnd
    0.0000 MB /   0.10 sec =    0.0000 Mbps     0 retrans    869 KB-cwnd
    0.0625 MB /   0.10 sec =    5.2430 Mbps     0 retrans    869 KB-cwnd
    0.0625 MB /   0.10 sec =    5.2421 Mbps     0 retrans    869 KB-cwnd
    0.0625 MB /   0.10 sec =    5.2425 Mbps     0 retrans    869 KB-cwnd
    0.0625 MB /   0.10 sec =    5.2421 Mbps     0 retrans    869 KB-cwnd
    0.0000 MB /   0.10 sec =    0.0000 Mbps     0 retrans    869 KB-cwnd
    0.0625 MB /   0.10 sec =    5.2420 Mbps     0 retrans    869 KB-cwnd
    0.0625 MB /   0.10 sec =    5.2443 Mbps     0 retrans    869 KB-cwnd
    0.0625 MB /   0.10 sec =    5.2425 Mbps     0 retrans    869 KB-cwnd
    0.0625 MB /   0.10 sec =    5.2432 Mbps     0 retrans    869 KB-cwnd
    0.0625 MB /   0.10 sec =    5.2430 Mbps     0 retrans    869 KB-cwnd
    0.0625 MB /   0.10 sec =    5.2424 Mbps     0 retrans    869 KB-cwnd
    0.0625 MB /   0.10 sec =    5.2428 Mbps     0 retrans    869 KB-cwnd
    0.0625 MB /   0.10 sec =    5.2432 Mbps     0 retrans    869 KB-cwnd
    0.0625 MB /   0.10 sec =    5.2431 Mbps     0 retrans    869 KB-cwnd
    0.0625 MB /   0.10 sec =    5.2418 Mbps     0 retrans    869 KB-cwnd
    0.0625 MB /   0.10 sec =    5.2438 Mbps     0 retrans    869 KB-cwnd
    0.0625 MB /   0.10 sec =    5.2425 Mbps     0 retrans    869 KB-cwnd
    0.0625 MB /   0.10 sec =    5.2435 Mbps     0 retrans    869 KB-cwnd
    0.0625 MB /   0.10 sec =    5.2364 Mbps     0 retrans    869 KB-cwnd
    0.0625 MB /   0.10 sec =    5.2492 Mbps     0 retrans    869 KB-cwnd
    0.0625 MB /   0.10 sec =    5.2415 Mbps     0 retrans    869 KB-cwnd
    0.0000 MB /   0.10 sec =    0.0000 Mbps     0 retrans    869 KB-cwnd
    0.0625 MB /   0.10 sec =    5.2434 Mbps     0 retrans    869 KB-cwnd
    0.0625 MB /   0.10 sec =    5.2440 Mbps     0 retrans    869 KB-cwnd
    0.0000 MB /   0.10 sec =    0.0000 Mbps     0 retrans    869 KB-cwnd
    0.0625 MB /   0.10 sec =    5.2408 Mbps     0 retrans    869 KB-cwnd
    0.0625 MB /   0.10 sec =    5.2450 Mbps     0 retrans    869 KB-cwnd
    0.0625 MB /   0.10 sec =    5.2428 Mbps     0 retrans    869 KB-cwnd
    0.0625 MB /   0.10 sec =    5.2429 Mbps     0 retrans    869 KB-cwnd
    0.0625 MB /   0.10 sec =    5.2425 Mbps     0 retrans    869 KB-cwnd
    0.0625 MB /   0.10 sec =    5.2434 Mbps     0 retrans    869 KB-cwnd
    0.0000 MB /   0.10 sec =    0.0000 Mbps     0 retrans    869 KB-cwnd
    0.0625 MB /   0.10 sec =    5.2444 Mbps     0 retrans    869 KB-cwnd
    0.0625 MB /   0.10 sec =    5.2434 Mbps     0 retrans    869 KB-cwnd
    0.0625 MB /   0.10 sec =    5.2429 Mbps     0 retrans    869 KB-cwnd
    0.0625 MB /   0.10 sec =    5.2424 Mbps     0 retrans    869 KB-cwnd
    0.0625 MB /   0.10 sec =    5.2428 Mbps     0 retrans    869 KB-cwnd
    0.0625 MB /   0.10 sec =    5.2432 Mbps     0 retrans    869 KB-cwnd
    0.0000 MB /   0.10 sec =    0.0000 Mbps     0 retrans    869 KB-cwnd
    0.0625 MB /   0.10 sec =    5.2405 Mbps     0 retrans    869 KB-cwnd
    0.0000 MB /   0.10 sec =    0.0000 Mbps     0 retrans    869 KB-cwnd
    0.0625 MB /   0.10 sec =    5.2424 Mbps     0 retrans    869 KB-cwnd
    0.0625 MB /   0.10 sec =    5.2409 Mbps     0 retrans    869 KB-cwnd
    0.0625 MB /   0.10 sec =    5.2168 Mbps     0 retrans    869 KB-cwnd
    0.0625 MB /   0.10 sec =    5.2710 Mbps     0 retrans    869 KB-cwnd
    0.0000 MB /   0.10 sec =    0.0000 Mbps     0 retrans    869 KB-cwnd
    0.0625 MB /   0.10 sec =    5.2429 Mbps     0 retrans    869 KB-cwnd
    0.1250 MB /   0.10 sec =   10.4849 Mbps     0 retrans    869 KB-cwnd
    0.0625 MB /   0.10 sec =    5.2432 Mbps     0 retrans    869 KB-cwnd
    0.0625 MB /   0.10 sec =    5.2404 Mbps     0 retrans    869 KB-cwnd
    0.0625 MB /   0.10 sec =    5.2455 Mbps     0 retrans    869 KB-cwnd
    0.0625 MB /   0.10 sec =    5.2428 Mbps     0 retrans    869 KB-cwnd
    0.0625 MB /   0.10 sec =    5.2428 Mbps     0 retrans    869 KB-cwnd
    0.0625 MB /   0.10 sec =    5.2429 Mbps     0 retrans    869 KB-cwnd
    0.0625 MB /   0.10 sec =    5.2426 Mbps     0 retrans    869 KB-cwnd
    0.0000 MB /   0.10 sec =    0.0000 Mbps     0 retrans    869 KB-cwnd
    0.0625 MB /   0.10 sec =    5.2424 Mbps     0 retrans    869 KB-cwnd
    0.0625 MB /   0.10 sec =    5.2434 Mbps     0 retrans    869 KB-cwnd
    0.0625 MB /   0.10 sec =    5.2429 Mbps     0 retrans    869 KB-cwnd
    0.0000 MB /   0.10 sec =    0.0000 Mbps     0 retrans    869 KB-cwnd
    0.0625 MB /   0.10 sec =    5.2418 Mbps     0 retrans    869 KB-cwnd
    0.0625 MB /   0.10 sec =    5.2441 Mbps     0 retrans    869 KB-cwnd
    0.0625 MB /   0.10 sec =    5.2433 Mbps     0 retrans    869 KB-cwnd
    0.0625 MB /   0.10 sec =    5.2423 Mbps     0 retrans    869 KB-cwnd
    0.0625 MB /   0.10 sec =    5.2432 Mbps     0 retrans    869 KB-cwnd
    0.0625 MB /   0.10 sec =    5.2425 Mbps     0 retrans    869 KB-cwnd
    0.0625 MB /   0.10 sec =    5.2429 Mbps     0 retrans    869 KB-cwnd
    0.0625 MB /   0.10 sec =    5.2430 Mbps     0 retrans    869 KB-cwnd
    0.0625 MB /   0.10 sec =    5.2429 Mbps     0 retrans    869 KB-cwnd
    0.0625 MB /   0.10 sec =    5.2427 Mbps     0 retrans    869 KB-cwnd
    0.0625 MB /   0.10 sec =    5.2434 Mbps     0 retrans    869 KB-cwnd
    0.0625 MB /   0.10 sec =    5.2418 Mbps     0 retrans    869 KB-cwnd
    0.0625 MB /   0.10 sec =    5.2435 Mbps     0 retrans    869 KB-cwnd
    0.0000 MB /   0.10 sec =    0.0000 Mbps     0 retrans    869 KB-cwnd
    0.0625 MB /   0.10 sec =    5.2448 Mbps     0 retrans    869 KB-cwnd
    0.0000 MB /   0.10 sec =    0.0000 Mbps     0 retrans    869 KB-cwnd
    0.0625 MB /   0.10 sec =    5.2421 Mbps     0 retrans    869 KB-cwnd
    0.0625 MB /   0.10 sec =    5.2432 Mbps     0 retrans    869 KB-cwnd
    0.0000 MB /   0.10 sec =    0.0000 Mbps     0 retrans    869 KB-cwnd
    0.0625 MB /   0.10 sec =    5.2417 Mbps     0 retrans    869 KB-cwnd
    0.0000 MB /   0.10 sec =    0.0000 Mbps     0 retrans    869 KB-cwnd
    0.0625 MB /   0.10 sec =    5.2421 Mbps     0 retrans    869 KB-cwnd
    0.0000 MB /   0.10 sec =    0.0000 Mbps     0 retrans    869 KB-cwnd
    0.0625 MB /   0.10 sec =    5.2402 Mbps     0 retrans    869 KB-cwnd
    0.0625 MB /   0.10 sec =    5.2452 Mbps     0 retrans    869 KB-cwnd
    0.0000 MB /   0.10 sec =    0.0000 Mbps     0 retrans    869 KB-cwnd
    0.0000 MB /   0.10 sec =    0.0000 Mbps     0 retrans    869 KB-cwnd
    0.0625 MB /   0.10 sec =    5.2428 Mbps     0 retrans    869 KB-cwnd
    0.0000 MB /   0.10 sec =    0.0000 Mbps     0 retrans    869 KB-cwnd
    0.0000 MB /   0.10 sec =    0.0000 Mbps     0 retrans    869 KB-cwnd
    0.0625 MB /   0.10 sec =    5.2423 Mbps     0 retrans    474 KB-cwnd
    0.0000 MB /   0.10 sec =    0.0000 Mbps     0 retrans    446 KB-cwnd
    0.0000 MB /   0.10 sec =    0.0000 Mbps     0 retrans    438 KB-cwnd
    0.0000 MB /   0.10 sec =    0.0000 Mbps     0 retrans    428 KB-cwnd
    0.0000 MB /   0.10 sec =    0.0000 Mbps     0 retrans    423 KB-cwnd
    0.0000 MB /   0.10 sec =    0.0000 Mbps     0 retrans    419 KB-cwnd
    0.0000 MB /   0.10 sec =    0.0000 Mbps     0 retrans    413 KB-cwnd
    0.0000 MB /   0.10 sec =    0.0000 Mbps     0 retrans    411 KB-cwnd
    0.0000 MB /   0.10 sec =    0.0000 Mbps     0 retrans    408 KB-cwnd
    0.0000 MB /   0.10 sec =    0.0000 Mbps     0 retrans    400 KB-cwnd
    0.0000 MB /   0.10 sec =    0.0000 Mbps     0 retrans    399 KB-cwnd
    0.0000 MB /   0.10 sec =    0.0000 Mbps     0 retrans    389 KB-cwnd
    0.4375 MB /   0.10 sec =   36.7071 Mbps     0 retrans    694 KB-cwnd
    0.0625 MB /   0.11 sec =    4.9803 Mbps     0 retrans    696 KB-cwnd
    0.0625 MB /   0.09 sec =    5.5344 Mbps     0 retrans    698 KB-cwnd
    0.0000 MB /   0.10 sec =    0.0000 Mbps     0 retrans    700 KB-cwnd
    0.0625 MB /   0.10 sec =    5.2413 Mbps     0 retrans    702 KB-cwnd
    0.0625 MB /   0.10 sec =    5.2446 Mbps     0 retrans    704 KB-cwnd
    0.0625 MB /   0.10 sec =    5.2429 Mbps     0 retrans    705 KB-cwnd
    0.0000 MB /   0.10 sec =    0.0000 Mbps     0 retrans    708 KB-cwnd
    0.0625 MB /   0.10 sec =    5.2457 Mbps     0 retrans    709 KB-cwnd
    0.0000 MB /   0.10 sec =    0.0000 Mbps     0 retrans    710 KB-cwnd
    0.0625 MB /   0.10 sec =    5.2445 Mbps     0 retrans    712 KB-cwnd
    0.0625 MB /   0.10 sec =    5.2410 Mbps     0 retrans    713 KB-cwnd
    0.0000 MB /   0.10 sec =    0.0000 Mbps     0 retrans    714 KB-cwnd
    0.0625 MB /   0.10 sec =    5.2415 Mbps     0 retrans    716 KB-cwnd
    0.0000 MB /   0.10 sec =    0.0000 Mbps     0 retrans    717 KB-cwnd
    0.0625 MB /   0.10 sec =    5.2425 Mbps     0 retrans    718 KB-cwnd
    0.0625 MB /   0.10 sec =    5.2425 Mbps     0 retrans    718 KB-cwnd
    0.0000 MB /   0.10 sec =    0.0000 Mbps     0 retrans    718 KB-cwnd
    0.0000 MB /   0.10 sec =    0.0000 Mbps     0 retrans    718 KB-cwnd
    0.0625 MB /   0.10 sec =    5.2408 Mbps     0 retrans    718 KB-cwnd
    0.0000 MB /   0.10 sec =    0.0000 Mbps     0 retrans    718 KB-cwnd
    0.0625 MB /   0.10 sec =    5.2416 Mbps     0 retrans    718 KB-cwnd
    0.0000 MB /   0.10 sec =    0.0000 Mbps     0 retrans    718 KB-cwnd
    0.0625 MB /   0.10 sec =    5.2425 Mbps     0 retrans    718 KB-cwnd
    0.0000 MB /   0.10 sec =    0.0000 Mbps     0 retrans    718 KB-cwnd
    0.0625 MB /   0.10 sec =    5.2373 Mbps     0 retrans    718 KB-cwnd
    0.0000 MB /   0.10 sec =    0.0000 Mbps     0 retrans    718 KB-cwnd
    0.0625 MB /   0.10 sec =    5.2429 Mbps     0 retrans    718 KB-cwnd
    0.0000 MB /   0.10 sec =    0.0000 Mbps     0 retrans    718 KB-cwnd
    0.0625 MB /   0.10 sec =    5.2443 Mbps     0 retrans    718 KB-cwnd
    0.0000 MB /   0.10 sec =    0.0000 Mbps     0 retrans    718 KB-cwnd
    0.0625 MB /   0.10 sec =    5.2426 Mbps     0 retrans    718 KB-cwnd
    0.0625 MB /   0.10 sec =    5.2437 Mbps     0 retrans    718 KB-cwnd
    0.0625 MB /   0.10 sec =    5.2409 Mbps     0 retrans    718 KB-cwnd
    0.0000 MB /   0.10 sec =    0.0000 Mbps     0 retrans    718 KB-cwnd
    0.0625 MB /   0.10 sec =    5.2435 Mbps     0 retrans    718 KB-cwnd
    0.0625 MB /   0.10 sec =    5.2437 Mbps     0 retrans    718 KB-cwnd
    0.0000 MB /   0.10 sec =    0.0000 Mbps     0 retrans    718 KB-cwnd
    0.0625 MB /   0.10 sec =    5.2442 Mbps     0 retrans    718 KB-cwnd
    0.0625 MB /   0.10 sec =    5.2432 Mbps     0 retrans    718 KB-cwnd
    0.0000 MB /   0.10 sec =    0.0000 Mbps     0 retrans    718 KB-cwnd
    0.0625 MB /   0.10 sec =    5.2430 Mbps     0 retrans    718 KB-cwnd
    0.0625 MB /   0.10 sec =    5.2431 Mbps     0 retrans    718 KB-cwnd
    0.0000 MB /   0.10 sec =    0.0000 Mbps     0 retrans    718 KB-cwnd
    0.0625 MB /   0.10 sec =    5.2434 Mbps     0 retrans    718 KB-cwnd
    0.0625 MB /   0.10 sec =    5.2430 Mbps     0 retrans    718 KB-cwnd
    0.0000 MB /   0.10 sec =    0.0000 Mbps     0 retrans    718 KB-cwnd
    0.0625 MB /   0.10 sec =    5.2427 Mbps     0 retrans    718 KB-cwnd
    0.0000 MB /   0.10 sec =    0.0000 Mbps     0 retrans    718 KB-cwnd
    0.0625 MB /   0.10 sec =    5.2429 Mbps     0 retrans    718 KB-cwnd
    0.0000 MB /   0.10 sec =    0.0000 Mbps     0 retrans    718 KB-cwnd
    0.0625 MB /   0.10 sec =    5.2425 Mbps     0 retrans    718 KB-cwnd
    0.0000 MB /   0.10 sec =    0.0000 Mbps     0 retrans    718 KB-cwnd
    0.0625 MB /   0.10 sec =    5.2392 Mbps     0 retrans    718 KB-cwnd
    0.0625 MB /   0.10 sec =    5.2457 Mbps     0 retrans    718 KB-cwnd
    0.0000 MB /   0.10 sec =    0.0000 Mbps     0 retrans    718 KB-cwnd
    0.0625 MB /   0.10 sec =    5.2449 Mbps     0 retrans    718 KB-cwnd
    0.0000 MB /   0.10 sec =    0.0000 Mbps     0 retrans    718 KB-cwnd
    0.0625 MB /   0.10 sec =    5.2430 Mbps     0 retrans    718 KB-cwnd
    0.0000 MB /   0.10 sec =    0.0000 Mbps     0 retrans    718 KB-cwnd
    0.0000 MB /   0.10 sec =    0.0000 Mbps     0 retrans    718 KB-cwnd
    0.0625 MB /   0.10 sec =    5.2416 Mbps     0 retrans    718 KB-cwnd
    0.0000 MB /   0.10 sec =    0.0000 Mbps     0 retrans    718 KB-cwnd
    0.0000 MB /   0.10 sec =    0.0000 Mbps     0 retrans    480 KB-cwnd
    0.0000 MB /   0.10 sec =    0.0000 Mbps     0 retrans    456 KB-cwnd
    0.0000 MB /   0.10 sec =    0.0000 Mbps     0 retrans    437 KB-cwnd
    0.0000 MB /   0.10 sec =    0.0000 Mbps     0 retrans    419 KB-cwnd
    0.0000 MB /   0.10 sec =    0.0000 Mbps     0 retrans    393 KB-cwnd
    0.0000 MB /   0.10 sec =    0.0000 Mbps     0 retrans    375 KB-cwnd
    0.0000 MB /   0.10 sec =    0.0000 Mbps     0 retrans    344 KB-cwnd
    0.0000 MB /   0.10 sec =    0.0000 Mbps     0 retrans    323 KB-cwnd
    0.0000 MB /   0.10 sec =    0.0000 Mbps     0 retrans    318 KB-cwnd
    0.0000 MB /   0.10 sec =    0.0000 Mbps     0 retrans    307 KB-cwnd
    0.0000 MB /   0.10 sec =    0.0000 Mbps     0 retrans    305 KB-cwnd
    0.0000 MB /   0.10 sec =    0.0000 Mbps     0 retrans    303 KB-cwnd
    0.0000 MB /   0.10 sec =    0.0000 Mbps     0 retrans    295 KB-cwnd
    0.0000 MB /   0.10 sec =    0.0000 Mbps     0 retrans    293 KB-cwnd
    0.0000 MB /   0.10 sec =    0.0000 Mbps     0 retrans    412 KB-cwnd
    0.1875 MB /   0.10 sec =   15.7154 Mbps     0 retrans    411 KB-cwnd
    0.0000 MB /   0.10 sec =    0.0000 Mbps     0 retrans    425 KB-cwnd
    0.3750 MB /   0.10 sec =   31.4070 Mbps     0 retrans    574 KB-cwnd
    0.0000 MB /   0.10 sec =    0.0000 Mbps     0 retrans    576 KB-cwnd
    0.0625 MB /   0.10 sec =    5.2441 Mbps     0 retrans    578 KB-cwnd
    0.0000 MB /   0.10 sec =    0.0000 Mbps     0 retrans    579 KB-cwnd
    0.0625 MB /   0.10 sec =    5.2430 Mbps     0 retrans    580 KB-cwnd
    0.0000 MB /   0.10 sec =    0.0000 Mbps     0 retrans    582 KB-cwnd
    0.0625 MB /   0.10 sec =    5.2437 Mbps     0 retrans    584 KB-cwnd
    0.0625 MB /   0.10 sec =    5.2407 Mbps     0 retrans    587 KB-cwnd
    0.0625 MB /   0.10 sec =    5.2397 Mbps     0 retrans    588 KB-cwnd
    0.0625 MB /   0.10 sec =    5.2473 Mbps     0 retrans    590 KB-cwnd
    0.0000 MB /   0.10 sec =    0.0000 Mbps     0 retrans    591 KB-cwnd
    0.0625 MB /   0.10 sec =    5.2421 Mbps     0 retrans    591 KB-cwnd
    0.0625 MB /   0.10 sec =    5.2439 Mbps     0 retrans    591 KB-cwnd
    0.0000 MB /   0.10 sec =    0.0000 Mbps     0 retrans    591 KB-cwnd
    0.0625 MB /   0.10 sec =    5.2434 Mbps     0 retrans    591 KB-cwnd
    0.0000 MB /   0.10 sec =    0.0000 Mbps     0 retrans    591 KB-cwnd
    0.0625 MB /   0.10 sec =    5.2434 Mbps     0 retrans    591 KB-cwnd
    0.0625 MB /   0.10 sec =    5.2413 Mbps     0 retrans    591 KB-cwnd
    0.0000 MB /   0.10 sec =    0.0000 Mbps     0 retrans    591 KB-cwnd
    0.0625 MB /   0.10 sec =    5.2421 Mbps     0 retrans    591 KB-cwnd
    0.0625 MB /   0.10 sec =    5.2435 Mbps     0 retrans    591 KB-cwnd
    0.0000 MB /   0.10 sec =    0.0000 Mbps     0 retrans    591 KB-cwnd
    0.0625 MB /   0.10 sec =    5.2407 Mbps     0 retrans    591 KB-cwnd
    0.0000 MB /   0.10 sec =    0.0000 Mbps     0 retrans    591 KB-cwnd
    0.0000 MB /   0.10 sec =    0.0000 Mbps     0 retrans    591 KB-cwnd
    0.0625 MB /   0.10 sec =    5.2427 Mbps     0 retrans    591 KB-cwnd
    0.0625 MB /   0.10 sec =    5.0806 Mbps     0 retrans    591 KB-cwnd
    0.0000 MB /   0.10 sec =    0.0000 Mbps     0 retrans    591 KB-cwnd
    0.0000 MB /   0.10 sec =    0.0000 Mbps     0 retrans    591 KB-cwnd
    0.0625 MB /   0.10 sec =    5.2423 Mbps     0 retrans    591 KB-cwnd
    0.0625 MB /   0.10 sec =    5.2422 Mbps     0 retrans    591 KB-cwnd
    0.0000 MB /   0.10 sec =    0.0000 Mbps     0 retrans    591 KB-cwnd
    0.0000 MB /   0.10 sec =    0.0000 Mbps     0 retrans    591 KB-cwnd
    0.0625 MB /   0.10 sec =    5.2420 Mbps     0 retrans    591 KB-cwnd
    0.0000 MB /   0.10 sec =    0.0000 Mbps     0 retrans    591 KB-cwnd
    0.0000 MB /   0.10 sec =    0.0000 Mbps     0 retrans    377 KB-cwnd
    0.0000 MB /   0.10 sec =    0.0000 Mbps     0 retrans    375 KB-cwnd
    0.0000 MB /   0.10 sec =    0.0000 Mbps     0 retrans    373 KB-cwnd
    0.0000 MB /   0.10 sec =    0.0000 Mbps     0 retrans    372 KB-cwnd
    0.0000 MB /   0.10 sec =    0.0000 Mbps     0 retrans    364 KB-cwnd
    0.0000 MB /   0.10 sec =    0.0000 Mbps     0 retrans    362 KB-cwnd
    0.0000 MB /   0.10 sec =    0.0000 Mbps     0 retrans    359 KB-cwnd
    0.0000 MB /   0.10 sec =    0.0000 Mbps     0 retrans    355 KB-cwnd
    0.0000 MB /   0.10 sec =    0.0000 Mbps     0 retrans    347 KB-cwnd
    0.0000 MB /   0.10 sec =    0.0000 Mbps     0 retrans    347 KB-cwnd
    0.0625 MB /   0.10 sec =    5.2432 Mbps     0 retrans    400 KB-cwnd
    0.3750 MB /   0.10 sec =   31.4607 Mbps     0 retrans    472 KB-cwnd
    0.0625 MB /   0.10 sec =    5.2427 Mbps     0 retrans    473 KB-cwnd
    0.0000 MB /   0.10 sec =    0.0000 Mbps     0 retrans    476 KB-cwnd
    0.0625 MB /   0.10 sec =    5.2426 Mbps     0 retrans    477 KB-cwnd
    0.0000 MB /   0.10 sec =    0.0000 Mbps     0 retrans    477 KB-cwnd
    0.0625 MB /   0.10 sec =    5.2439 Mbps     0 retrans    478 KB-cwnd
    0.0000 MB /   0.10 sec =    0.0000 Mbps     0 retrans    481 KB-cwnd
    0.0625 MB /   0.10 sec =    5.2435 Mbps     0 retrans    481 KB-cwnd
    0.0000 MB /   0.10 sec =    0.0000 Mbps     0 retrans    482 KB-cwnd
    0.0000 MB /   0.10 sec =    0.0000 Mbps     0 retrans    482 KB-cwnd
    0.0625 MB /   0.10 sec =    5.2434 Mbps     0 retrans    484 KB-cwnd
    0.0000 MB /   0.10 sec =    0.0000 Mbps     0 retrans    485 KB-cwnd
    0.0625 MB /   0.10 sec =    5.2435 Mbps     0 retrans    486 KB-cwnd
    0.0625 MB /   0.10 sec =    5.2425 Mbps     0 retrans    488 KB-cwnd
    0.0000 MB /   0.10 sec =    0.0000 Mbps     0 retrans    489 KB-cwnd
    0.0625 MB /   0.10 sec =    5.2433 Mbps     0 retrans    490 KB-cwnd
    0.0000 MB /   0.10 sec =    0.0000 Mbps     0 retrans    492 KB-cwnd
    0.0625 MB /   0.10 sec =    5.2430 Mbps     0 retrans    493 KB-cwnd
    0.0625 MB /   0.10 sec =    5.2430 Mbps     0 retrans    494 KB-cwnd
    0.0000 MB /   0.10 sec =    0.0000 Mbps     0 retrans    494 KB-cwnd
    0.0625 MB /   0.10 sec =    5.2432 Mbps     0 retrans    495 KB-cwnd
    0.0000 MB /   0.10 sec =    0.0000 Mbps     0 retrans    495 KB-cwnd
    0.0000 MB /   0.10 sec =    0.0000 Mbps     0 retrans    495 KB-cwnd
    0.0625 MB /   0.10 sec =    5.2440 Mbps     0 retrans    497 KB-cwnd
    0.0000 MB /   0.10 sec =    0.0000 Mbps     0 retrans    497 KB-cwnd
    0.0625 MB /   0.10 sec =    5.2432 Mbps     0 retrans    498 KB-cwnd
    0.0000 MB /   0.10 sec =    0.0000 Mbps     0 retrans    499 KB-cwnd
    0.0625 MB /   0.10 sec =    5.2419 Mbps     0 retrans    499 KB-cwnd
    0.0000 MB /   0.10 sec =    0.0000 Mbps     0 retrans    501 KB-cwnd
    0.0625 MB /   0.10 sec =    5.2436 Mbps     0 retrans    501 KB-cwnd
    0.0000 MB /   0.10 sec =    0.0000 Mbps     0 retrans    442 KB-cwnd
    0.0000 MB /   0.10 sec =    0.0000 Mbps     0 retrans    438 KB-cwnd
    0.0000 MB /   0.10 sec =    0.0000 Mbps     0 retrans    433 KB-cwnd
    0.0000 MB /   0.10 sec =    0.0000 Mbps     0 retrans    427 KB-cwnd
    0.0000 MB /   0.10 sec =    0.0000 Mbps     0 retrans    399 KB-cwnd
    0.0000 MB /   0.10 sec =    0.0000 Mbps     0 retrans    381 KB-cwnd
    0.0000 MB /   0.10 sec =    0.0000 Mbps     0 retrans    377 KB-cwnd
    0.0000 MB /   0.10 sec =    0.0000 Mbps     0 retrans    377 KB-cwnd
    0.0000 MB /   0.10 sec =    0.0000 Mbps     0 retrans    377 KB-cwnd
    0.0000 MB /   0.10 sec =    0.0000 Mbps     0 retrans    377 KB-cwnd
    0.0000 MB /   0.10 sec =    0.0000 Mbps     0 retrans    373 KB-cwnd
    0.0000 MB /   0.10 sec =    0.0000 Mbps     0 retrans    373 KB-cwnd
    0.0000 MB /   0.10 sec =    0.0000 Mbps     0 retrans    370 KB-cwnd
    0.0000 MB /   0.10 sec =    0.0000 Mbps     0 retrans    368 KB-cwnd
    0.0000 MB /   0.10 sec =    0.0000 Mbps     0 retrans    400 KB-cwnd
    0.0000 MB /   0.10 sec =    0.0000 Mbps     0 retrans    400 KB-cwnd
    0.0000 MB /   0.10 sec =    0.0000 Mbps     0 retrans    400 KB-cwnd
    0.1250 MB /   0.10 sec =   10.4832 Mbps     0 retrans    400 KB-cwnd
    0.0000 MB /   0.10 sec =    0.0000 Mbps     0 retrans    399 KB-cwnd
    0.0000 MB /   0.10 sec =    0.0000 Mbps     0 retrans    397 KB-cwnd
    0.3750 MB /   0.10 sec =   31.4639 Mbps     0 retrans    400 KB-cwnd
    0.0625 MB /   0.10 sec =    5.2429 Mbps     0 retrans    401 KB-cwnd
    0.0625 MB /   0.10 sec =    5.2424 Mbps     0 retrans    404 KB-cwnd
    0.0000 MB /   0.10 sec =    0.0000 Mbps     0 retrans    405 KB-cwnd
    0.0625 MB /   0.10 sec =    5.2437 Mbps     0 retrans    407 KB-cwnd
    0.0000 MB /   0.10 sec =    0.0000 Mbps     0 retrans    408 KB-cwnd
    0.0625 MB /   0.10 sec =    5.2427 Mbps     0 retrans    409 KB-cwnd
    0.0000 MB /   0.10 sec =    0.0000 Mbps     0 retrans    411 KB-cwnd
    0.0000 MB /   0.10 sec =    0.0000 Mbps     0 retrans    411 KB-cwnd
    0.0625 MB /   0.10 sec =    5.2437 Mbps     0 retrans    412 KB-cwnd
    0.0000 MB /   0.10 sec =    0.0000 Mbps     0 retrans    412 KB-cwnd
    0.0000 MB /   0.10 sec =    0.0000 Mbps     0 retrans    413 KB-cwnd
    0.0000 MB /   0.10 sec =    0.0000 Mbps     0 retrans    413 KB-cwnd
    0.0625 MB /   0.10 sec =    5.2439 Mbps     0 retrans    413 KB-cwnd
    0.0000 MB /   0.10 sec =    0.0000 Mbps     0 retrans    415 KB-cwnd
    0.0000 MB /   0.10 sec =    0.0000 Mbps     0 retrans    415 KB-cwnd
    0.0000 MB /   0.10 sec =    0.0000 Mbps     0 retrans    379 KB-cwnd
    0.0000 MB /   0.10 sec =    0.0000 Mbps     0 retrans    359 KB-cwnd
    0.0000 MB /   0.10 sec =    0.0000 Mbps     0 retrans    323 KB-cwnd
    0.0000 MB /   0.10 sec =    0.0000 Mbps     0 retrans    319 KB-cwnd
    0.0000 MB /   0.10 sec =    0.0000 Mbps     0 retrans    316 KB-cwnd
    0.0000 MB /   0.10 sec =    0.0000 Mbps     0 retrans    311 KB-cwnd
    0.0000 MB /   0.10 sec =    0.0000 Mbps     0 retrans    286 KB-cwnd
    0.0000 MB /   0.10 sec =    0.0000 Mbps     0 retrans    273 KB-cwnd
    0.0000 MB /   0.10 sec =    0.0000 Mbps     0 retrans    270 KB-cwnd
    0.0000 MB /   0.10 sec =    0.0000 Mbps     0 retrans    267 KB-cwnd
    0.0000 MB /   0.10 sec =    0.0000 Mbps     0 retrans    261 KB-cwnd
    0.0625 MB /   0.10 sec =    5.2435 Mbps     0 retrans    315 KB-cwnd
    0.0625 MB /   0.10 sec =    5.2420 Mbps     0 retrans    326 KB-cwnd
    0.0000 MB /   0.10 sec =    0.0000 Mbps     0 retrans    331 KB-cwnd
    0.1250 MB /   0.10 sec =   10.4858 Mbps     0 retrans    330 KB-cwnd
    0.0000 MB /   0.10 sec =    0.0000 Mbps     0 retrans    331 KB-cwnd
    0.1875 MB /   0.10 sec =   15.7296 Mbps     0 retrans    331 KB-cwnd
    0.0000 MB /   0.10 sec =    0.0000 Mbps     0 retrans    331 KB-cwnd
    0.0625 MB /   0.10 sec =    5.2434 Mbps     0 retrans    332 KB-cwnd
    0.0000 MB /   0.10 sec =    0.0000 Mbps     0 retrans    332 KB-cwnd
    0.0000 MB /   0.10 sec =    0.0000 Mbps     0 retrans    334 KB-cwnd
    0.0625 MB /   0.10 sec =    5.2424 Mbps     0 retrans    335 KB-cwnd
    0.0000 MB /   0.10 sec =    0.0000 Mbps     0 retrans    336 KB-cwnd
    0.0625 MB /   0.10 sec =    5.2435 Mbps     0 retrans    336 KB-cwnd
    0.0000 MB /   0.10 sec =    0.0000 Mbps     0 retrans    338 KB-cwnd
    0.0000 MB /   0.10 sec =    0.0000 Mbps     0 retrans    339 KB-cwnd
    0.0625 MB /   0.10 sec =    5.2469 Mbps     0 retrans    340 KB-cwnd
    0.0000 MB /   0.10 sec =    0.0000 Mbps     0 retrans    340 KB-cwnd
    0.0625 MB /   0.10 sec =    5.2429 Mbps     0 retrans    342 KB-cwnd
    0.0000 MB /   0.10 sec =    0.0000 Mbps     0 retrans    342 KB-cwnd
    0.0625 MB /   0.10 sec =    5.2431 Mbps     0 retrans    343 KB-cwnd
    0.0000 MB /   0.10 sec =    0.0000 Mbps     0 retrans    344 KB-cwnd
    0.0625 MB /   0.10 sec =    5.2407 Mbps     0 retrans    346 KB-cwnd
    0.0000 MB /   0.10 sec =    0.0000 Mbps     0 retrans    346 KB-cwnd
    0.0625 MB /   0.10 sec =    5.2431 Mbps     0 retrans    347 KB-cwnd
    0.0000 MB /   0.10 sec =    0.0000 Mbps     0 retrans    347 KB-cwnd
    0.0000 MB /   0.10 sec =    0.0000 Mbps     0 retrans    348 KB-cwnd
    0.0625 MB /   0.10 sec =    5.2458 Mbps     0 retrans    348 KB-cwnd
    0.0000 MB /   0.10 sec =    0.0000 Mbps     0 retrans    348 KB-cwnd
    0.0000 MB /   0.10 sec =    0.0000 Mbps     0 retrans    350 KB-cwnd
    0.0625 MB /   0.10 sec =    5.2435 Mbps     0 retrans    350 KB-cwnd
    0.0000 MB /   0.10 sec =    0.0000 Mbps     0 retrans    350 KB-cwnd
    0.0000 MB /   0.10 sec =    0.0000 Mbps     0 retrans    351 KB-cwnd
    0.0000 MB /   0.10 sec =    0.0000 Mbps     0 retrans    351 KB-cwnd
    0.0625 MB /   0.10 sec =    5.2405 Mbps     0 retrans    351 KB-cwnd
    0.0000 MB /   0.10 sec =    0.0000 Mbps     0 retrans    351 KB-cwnd
    0.0000 MB /   0.10 sec =    0.0000 Mbps     0 retrans    352 KB-cwnd
    0.0000 MB /   0.10 sec =    0.0000 Mbps     0 retrans    327 KB-cwnd
    0.0000 MB /   0.10 sec =    0.0000 Mbps     0 retrans    298 KB-cwnd
    0.0000 MB /   0.10 sec =    0.0000 Mbps     0 retrans    291 KB-cwnd
    0.0000 MB /   0.10 sec =    0.0000 Mbps     0 retrans    271 KB-cwnd
    0.0000 MB /   0.10 sec =    0.0000 Mbps     0 retrans    271 KB-cwnd
    0.0000 MB /   0.10 sec =    0.0000 Mbps     0 retrans    271 KB-cwnd
    0.0000 MB /   0.10 sec =    0.0000 Mbps     0 retrans    270 KB-cwnd
    0.0000 MB /   0.10 sec =    0.0000 Mbps     0 retrans    270 KB-cwnd
    0.0000 MB /   0.10 sec =    0.0000 Mbps     0 retrans    265 KB-cwnd
    0.0000 MB /   0.10 sec =    0.0000 Mbps     0 retrans    265 KB-cwnd
    0.0000 MB /   0.10 sec =    0.0000 Mbps     0 retrans    265 KB-cwnd
    0.0000 MB /   0.10 sec =    0.0000 Mbps     0 retrans    265 KB-cwnd
    0.0000 MB /   0.10 sec =    0.0000 Mbps     0 retrans    278 KB-cwnd
    0.0625 MB /   0.10 sec =    5.2444 Mbps     0 retrans    281 KB-cwnd
    0.0625 MB /   0.10 sec =    5.2422 Mbps     0 retrans    281 KB-cwnd
    0.1250 MB /   0.10 sec =   10.4854 Mbps     0 retrans    277 KB-cwnd
    0.0000 MB /   0.10 sec =    0.0000 Mbps     0 retrans    274 KB-cwnd
    0.0000 MB /   0.10 sec =    0.0000 Mbps     0 retrans    274 KB-cwnd
    0.1875 MB /   0.10 sec =   15.7275 Mbps     0 retrans    281 KB-cwnd
    0.0000 MB /   0.10 sec =    0.0000 Mbps     0 retrans    281 KB-cwnd
    0.0000 MB /   0.10 sec =    0.0000 Mbps     0 retrans    282 KB-cwnd
    0.0625 MB /   0.10 sec =    5.2436 Mbps     0 retrans    282 KB-cwnd
    0.0000 MB /   0.10 sec =    0.0000 Mbps     0 retrans    282 KB-cwnd
    0.0000 MB /   0.10 sec =    0.0000 Mbps     0 retrans    283 KB-cwnd
    0.0625 MB /   0.10 sec =    5.2437 Mbps     0 retrans    285 KB-cwnd
    0.0000 MB /   0.10 sec =    0.0000 Mbps     0 retrans    285 KB-cwnd
    0.0000 MB /   0.10 sec =    0.0000 Mbps     0 retrans    285 KB-cwnd
    0.0000 MB /   0.10 sec =    0.0000 Mbps     0 retrans    285 KB-cwnd
    0.0000 MB /   0.10 sec =    0.0000 Mbps     0 retrans    286 KB-cwnd
    0.0000 MB /   0.10 sec =    0.0000 Mbps     0 retrans    279 KB-cwnd
    0.0000 MB /   0.10 sec =    0.0000 Mbps     0 retrans    262 KB-cwnd
    0.0000 MB /   0.10 sec =    0.0000 Mbps     0 retrans    233 KB-cwnd
    0.0000 MB /   0.10 sec =    0.0000 Mbps     0 retrans    228 KB-cwnd
    0.0000 MB /   0.10 sec =    0.0000 Mbps     0 retrans    228 KB-cwnd
    0.0000 MB /   0.10 sec =    0.0000 Mbps     0 retrans    220 KB-cwnd
    0.0000 MB /   0.10 sec =    0.0000 Mbps     0 retrans    218 KB-cwnd
    0.0000 MB /   0.10 sec =    0.0000 Mbps     0 retrans    218 KB-cwnd
    0.0000 MB /   0.10 sec =    0.0000 Mbps     0 retrans    214 KB-cwnd
    0.0000 MB /   0.10 sec =    0.0000 Mbps     0 retrans    209 KB-cwnd
    0.0000 MB /   0.10 sec =    0.0000 Mbps     0 retrans    209 KB-cwnd
    0.0000 MB /   0.10 sec =    0.0000 Mbps     0 retrans    209 KB-cwnd
    0.0625 MB /   0.10 sec =    5.2449 Mbps     0 retrans    228 KB-cwnd
    0.0625 MB /   0.10 sec =    5.2404 Mbps     0 retrans    228 KB-cwnd
    0.0625 MB /   0.10 sec =    5.2455 Mbps     0 retrans    226 KB-cwnd
    0.1875 MB /   0.10 sec =   15.7291 Mbps     0 retrans    228 KB-cwnd
    0.0000 MB /   0.10 sec =    0.0000 Mbps     0 retrans    228 KB-cwnd
    0.0000 MB /   0.10 sec =    0.0000 Mbps     0 retrans    229 KB-cwnd
    0.0625 MB /   0.10 sec =    5.2440 Mbps     0 retrans    229 KB-cwnd
    0.0000 MB /   0.10 sec =    0.0000 Mbps     0 retrans    229 KB-cwnd
    0.0000 MB /   0.10 sec =    0.0000 Mbps     0 retrans    230 KB-cwnd
    0.0625 MB /   0.10 sec =    5.3038 Mbps     0 retrans    232 KB-cwnd
    0.0000 MB /   0.10 sec =    0.0000 Mbps     0 retrans    232 KB-cwnd
    0.0000 MB /   0.10 sec =    0.0000 Mbps     0 retrans    232 KB-cwnd
    0.0000 MB /   0.10 sec =    0.0000 Mbps     0 retrans    233 KB-cwnd
    0.0625 MB /   0.10 sec =    5.2421 Mbps     0 retrans    233 KB-cwnd
    0.0000 MB /   0.10 sec =    0.0000 Mbps     0 retrans    234 KB-cwnd
    0.0625 MB /   0.10 sec =    5.2424 Mbps     0 retrans    236 KB-cwnd
    0.0625 MB /   0.10 sec =    5.2421 Mbps     0 retrans    236 KB-cwnd
    0.0000 MB /   0.10 sec =    0.0000 Mbps     0 retrans    237 KB-cwnd
    0.0000 MB /   0.10 sec =    0.0000 Mbps     0 retrans    237 KB-cwnd
    0.0000 MB /   0.10 sec =    0.0000 Mbps     0 retrans    237 KB-cwnd
    0.0625 MB /   0.10 sec =    5.2430 Mbps     0 retrans    238 KB-cwnd
    0.0000 MB /   0.10 sec =    0.0000 Mbps     0 retrans    238 KB-cwnd
    0.0625 MB /   0.10 sec =    5.2432 Mbps     0 retrans    240 KB-cwnd
    0.0625 MB /   0.10 sec =    5.2420 Mbps     0 retrans    240 KB-cwnd
    0.0000 MB /   0.10 sec =    0.0000 Mbps     0 retrans    241 KB-cwnd
    0.0625 MB /   0.10 sec =    5.2415 Mbps     0 retrans    241 KB-cwnd
    0.0000 MB /   0.10 sec =    0.0000 Mbps     0 retrans    242 KB-cwnd
    0.0000 MB /   0.10 sec =    0.0000 Mbps     0 retrans    242 KB-cwnd
    0.0625 MB /   0.10 sec =    5.2418 Mbps     0 retrans    242 KB-cwnd
    0.0625 MB /   0.10 sec =    5.2435 Mbps     0 retrans    244 KB-cwnd
    0.0000 MB /   0.10 sec =    0.0000 Mbps     0 retrans    244 KB-cwnd
    0.0000 MB /   0.10 sec =    0.0000 Mbps     0 retrans    244 KB-cwnd
    0.0625 MB /   0.10 sec =    5.2439 Mbps     0 retrans    245 KB-cwnd
    0.0625 MB /   0.10 sec =    5.2413 Mbps     0 retrans    245 KB-cwnd
    0.0000 MB /   0.10 sec =    0.0000 Mbps     0 retrans    245 KB-cwnd
    0.0625 MB /   0.10 sec =    5.2423 Mbps     0 retrans    246 KB-cwnd
    0.0000 MB /   0.10 sec =    0.0000 Mbps     0 retrans    246 KB-cwnd
    0.0625 MB /   0.10 sec =    5.2428 Mbps     0 retrans    246 KB-cwnd
    0.0000 MB /   0.10 sec =    0.0000 Mbps     0 retrans    247 KB-cwnd
    0.0625 MB /   0.10 sec =    5.2384 Mbps     0 retrans    247 KB-cwnd
    0.0625 MB /   0.10 sec =    5.2474 Mbps     0 retrans    247 KB-cwnd
    0.0000 MB /   0.10 sec =    0.0000 Mbps     0 retrans    247 KB-cwnd
    0.0625 MB /   0.10 sec =    5.2442 Mbps     0 retrans    247 KB-cwnd
    0.0000 MB /   0.10 sec =    0.0000 Mbps     0 retrans    247 KB-cwnd
    0.0625 MB /   0.10 sec =    5.2438 Mbps     0 retrans    247 KB-cwnd
    0.0000 MB /   0.10 sec =    0.0000 Mbps     0 retrans    247 KB-cwnd
    0.0625 MB /   0.10 sec =    5.2447 Mbps     0 retrans    247 KB-cwnd
    0.0000 MB /   0.10 sec =    0.0000 Mbps     0 retrans    247 KB-cwnd
    0.0625 MB /   0.10 sec =    5.2428 Mbps     0 retrans    247 KB-cwnd
    0.0000 MB /   0.10 sec =    0.0000 Mbps     0 retrans    247 KB-cwnd
    0.0625 MB /   0.10 sec =    5.2450 Mbps     0 retrans    247 KB-cwnd
    0.0625 MB /   0.10 sec =    5.2424 Mbps     0 retrans    247 KB-cwnd
    0.0000 MB /   0.10 sec =    0.0000 Mbps     0 retrans    247 KB-cwnd
    0.0625 MB /   0.10 sec =    5.2392 Mbps     0 retrans    247 KB-cwnd
    0.0625 MB /   0.10 sec =    5.2471 Mbps     0 retrans    247 KB-cwnd
    0.0000 MB /   0.10 sec =    0.0000 Mbps     0 retrans    247 KB-cwnd
    0.0000 MB /   0.10 sec =    0.0000 Mbps     0 retrans    247 KB-cwnd
    0.0625 MB /   0.10 sec =    5.2454 Mbps     0 retrans    247 KB-cwnd
    0.0000 MB /   0.10 sec =    0.0000 Mbps     0 retrans    247 KB-cwnd
    0.0625 MB /   0.10 sec =    5.2431 Mbps     0 retrans    247 KB-cwnd
    0.0000 MB /   0.10 sec =    0.0000 Mbps     0 retrans    247 KB-cwnd
    0.0625 MB /   0.10 sec =    5.2398 Mbps     0 retrans    247 KB-cwnd
    0.0000 MB /   0.10 sec =    0.0000 Mbps     0 retrans    247 KB-cwnd
    0.0000 MB /   0.10 sec =    0.0000 Mbps     0 retrans    247 KB-cwnd
    0.0625 MB /   0.10 sec =    5.2385 Mbps     0 retrans    247 KB-cwnd
    0.0000 MB /   0.10 sec =    0.0000 Mbps     0 retrans    247 KB-cwnd
    0.0625 MB /   0.10 sec =    5.2441 Mbps     0 retrans    247 KB-cwnd
    0.0000 MB /   0.10 sec =    0.0000 Mbps     0 retrans    247 KB-cwnd
    0.0625 MB /   0.10 sec =    5.2425 Mbps     0 retrans    247 KB-cwnd
    0.0000 MB /   0.10 sec =    0.0000 Mbps     0 retrans    247 KB-cwnd
    0.0625 MB /   0.10 sec =    5.2442 Mbps     0 retrans    247 KB-cwnd
    0.0000 MB /   0.10 sec =    0.0000 Mbps     0 retrans    249 KB-cwnd
    0.0625 MB /   0.10 sec =    5.2427 Mbps     0 retrans    249 KB-cwnd
    0.0625 MB /   0.10 sec =    5.2407 Mbps     0 retrans    249 KB-cwnd
    0.0625 MB /   0.10 sec =    5.2447 Mbps     0 retrans    249 KB-cwnd
    0.0000 MB /   0.10 sec =    0.0000 Mbps     0 retrans    249 KB-cwnd
    0.0625 MB /   0.10 sec =    5.2419 Mbps     0 retrans    249 KB-cwnd
    0.0625 MB /   0.10 sec =    5.2428 Mbps     0 retrans    249 KB-cwnd
    0.0000 MB /   0.10 sec =    0.0000 Mbps     0 retrans    249 KB-cwnd
    0.0000 MB /   0.10 sec =    0.0000 Mbps     0 retrans    249 KB-cwnd
    0.0000 MB /   0.10 sec =    0.0000 Mbps     0 retrans    249 KB-cwnd
    0.0625 MB /   0.10 sec =    5.2415 Mbps     0 retrans    249 KB-cwnd
    0.0000 MB /   0.10 sec =    0.0000 Mbps     0 retrans    249 KB-cwnd
    0.0000 MB /   0.10 sec =    0.0000 Mbps     0 retrans    249 KB-cwnd
    0.0625 MB /   0.10 sec =    5.2434 Mbps     0 retrans    249 KB-cwnd
    0.0000 MB /   0.10 sec =    0.0000 Mbps     0 retrans    249 KB-cwnd
    0.0000 MB /   0.10 sec =    0.0000 Mbps     0 retrans    249 KB-cwnd
    0.0000 MB /   0.10 sec =    0.0000 Mbps     0 retrans    249 KB-cwnd
    0.0625 MB /   0.10 sec =    5.2420 Mbps     0 retrans    249 KB-cwnd
    0.0000 MB /   0.10 sec =    0.0000 Mbps     0 retrans    249 KB-cwnd
    0.0000 MB /   0.10 sec =    0.0000 Mbps     0 retrans    249 KB-cwnd
    0.0000 MB /   0.10 sec =    0.0000 Mbps     0 retrans    249 KB-cwnd
    0.0625 MB /   0.10 sec =    5.2440 Mbps     0 retrans    249 KB-cwnd
    0.0000 MB /   0.10 sec =    0.0000 Mbps     0 retrans    249 KB-cwnd
    0.0625 MB /   0.10 sec =    5.2443 Mbps     0 retrans    249 KB-cwnd
    0.0000 MB /   0.10 sec =    0.0000 Mbps     0 retrans    249 KB-cwnd
    0.0625 MB /   0.10 sec =    5.2418 Mbps     0 retrans    249 KB-cwnd
    0.0000 MB /   0.10 sec =    0.0000 Mbps     0 retrans    249 KB-cwnd
    0.0000 MB /   0.10 sec =    0.0000 Mbps     0 retrans    249 KB-cwnd
    0.0625 MB /   0.10 sec =    5.2417 Mbps     0 retrans    249 KB-cwnd
    0.0000 MB /   0.10 sec =    0.0000 Mbps     0 retrans    249 KB-cwnd
    0.0000 MB /   0.10 sec =    0.0000 Mbps     0 retrans    249 KB-cwnd
    0.0625 MB /   0.10 sec =    5.2434 Mbps     0 retrans    249 KB-cwnd
    0.0000 MB /   0.10 sec =    0.0000 Mbps     0 retrans    249 KB-cwnd
    0.0625 MB /   0.10 sec =    5.2431 Mbps     0 retrans    249 KB-cwnd
    0.0625 MB /   0.10 sec =    5.2434 Mbps     0 retrans    249 KB-cwnd
    0.0625 MB /   0.10 sec =    5.2431 Mbps     0 retrans    249 KB-cwnd
    0.0625 MB /   0.10 sec =    5.2423 Mbps     0 retrans    249 KB-cwnd
    0.0000 MB /   0.10 sec =    0.0000 Mbps     0 retrans    250 KB-cwnd
    0.0625 MB /   0.10 sec =    5.2993 Mbps     0 retrans    250 KB-cwnd
    0.0000 MB /   0.10 sec =    0.0000 Mbps     0 retrans    250 KB-cwnd
    0.0625 MB /   0.10 sec =    5.1915 Mbps     0 retrans    250 KB-cwnd
    0.0625 MB /   0.10 sec =    5.2966 Mbps     0 retrans    250 KB-cwnd
    0.0000 MB /   0.10 sec =    0.0000 Mbps     0 retrans    250 KB-cwnd
    0.0625 MB /   0.10 sec =    5.2436 Mbps     0 retrans    250 KB-cwnd
    0.0000 MB /   0.10 sec =    0.0000 Mbps     0 retrans    250 KB-cwnd
    0.0625 MB /   0.10 sec =    5.2436 Mbps     0 retrans    250 KB-cwnd
    0.0000 MB /   0.10 sec =    0.0000 Mbps     0 retrans    250 KB-cwnd
    0.0625 MB /   0.10 sec =    5.2431 Mbps     0 retrans    250 KB-cwnd
    0.0000 MB /   0.10 sec =    0.0000 Mbps     0 retrans    250 KB-cwnd
    0.0625 MB /   0.10 sec =    5.2439 Mbps     0 retrans    250 KB-cwnd
    0.0000 MB /   0.10 sec =    0.0000 Mbps     0 retrans    250 KB-cwnd
    0.0625 MB /   0.10 sec =    5.2432 Mbps     0 retrans    250 KB-cwnd
    0.0000 MB /   0.10 sec =    0.0000 Mbps     0 retrans    250 KB-cwnd
    0.0625 MB /   0.10 sec =    5.2446 Mbps     0 retrans    250 KB-cwnd
    0.0000 MB /   0.10 sec =    0.0000 Mbps     0 retrans    250 KB-cwnd
    0.0625 MB /   0.10 sec =    5.2422 Mbps     0 retrans    250 KB-cwnd
    0.0000 MB /   0.10 sec =    0.0000 Mbps     0 retrans    250 KB-cwnd
    0.0625 MB /   0.10 sec =    5.2440 Mbps     0 retrans    250 KB-cwnd
    0.0625 MB /   0.10 sec =    5.2419 Mbps     0 retrans    250 KB-cwnd
    0.0000 MB /   0.10 sec =    0.0000 Mbps     0 retrans    250 KB-cwnd
    0.0625 MB /   0.10 sec =    5.2432 Mbps     0 retrans    250 KB-cwnd
    0.0625 MB /   0.10 sec =    5.2438 Mbps     0 retrans    250 KB-cwnd
    0.0000 MB /   0.10 sec =    0.0000 Mbps     0 retrans    250 KB-cwnd
    0.0625 MB /   0.10 sec =    5.2486 Mbps     0 retrans    250 KB-cwnd
    0.0000 MB /   0.10 sec =    0.0000 Mbps     0 retrans    250 KB-cwnd
    0.0625 MB /   0.10 sec =    5.2440 Mbps     0 retrans    250 KB-cwnd
    0.0000 MB /   0.10 sec =    0.0000 Mbps     0 retrans    250 KB-cwnd
    0.0625 MB /   0.10 sec =    5.2441 Mbps     0 retrans    250 KB-cwnd
    0.0625 MB /   0.10 sec =    5.2430 Mbps     0 retrans    251 KB-cwnd
    0.0625 MB /   0.10 sec =    5.2431 Mbps     0 retrans    251 KB-cwnd
    0.0625 MB /   0.10 sec =    5.2426 Mbps     0 retrans    251 KB-cwnd
    0.0000 MB /   0.10 sec =    0.0000 Mbps     0 retrans    251 KB-cwnd
    0.0625 MB /   0.10 sec =    5.2416 Mbps     0 retrans    251 KB-cwnd
    0.0625 MB /   0.10 sec =    5.2421 Mbps     0 retrans    251 KB-cwnd
    0.0000 MB /   0.10 sec =    0.0000 Mbps     0 retrans    251 KB-cwnd
    0.0625 MB /   0.10 sec =    5.2417 Mbps     0 retrans    251 KB-cwnd
    0.0000 MB /   0.10 sec =    0.0000 Mbps     0 retrans    251 KB-cwnd
    0.0625 MB /   0.10 sec =    5.2447 Mbps     0 retrans    251 KB-cwnd
    0.0000 MB /   0.10 sec =    0.0000 Mbps     0 retrans    251 KB-cwnd
    0.0625 MB /   0.10 sec =    5.2424 Mbps     0 retrans    251 KB-cwnd
    0.0000 MB /   0.10 sec =    0.0000 Mbps     0 retrans    251 KB-cwnd
    0.0000 MB /   0.10 sec =    0.0000 Mbps     0 retrans    251 KB-cwnd
    0.0000 MB /   0.10 sec =    0.0000 Mbps     0 retrans    251 KB-cwnd
    0.0625 MB /   0.10 sec =    5.2483 Mbps     0 retrans    251 KB-cwnd
    0.0000 MB /   0.10 sec =    0.0000 Mbps     0 retrans    251 KB-cwnd
    0.0625 MB /   0.10 sec =    5.2480 Mbps     0 retrans    251 KB-cwnd
    0.0000 MB /   0.10 sec =    0.0000 Mbps     0 retrans    251 KB-cwnd
    0.0625 MB /   0.10 sec =    5.2436 Mbps     0 retrans    251 KB-cwnd
    0.0000 MB /   0.10 sec =    0.0000 Mbps     0 retrans    251 KB-cwnd
    0.0625 MB /   0.10 sec =    5.2427 Mbps     0 retrans    251 KB-cwnd
    0.0000 MB /   0.10 sec =    0.0000 Mbps     0 retrans    251 KB-cwnd
    0.0625 MB /   0.10 sec =    5.2457 Mbps     0 retrans    251 KB-cwnd
    0.0625 MB /   0.10 sec =    5.2426 Mbps     0 retrans    251 KB-cwnd
    0.0625 MB /   0.10 sec =    5.2387 Mbps     0 retrans    251 KB-cwnd
    0.0625 MB /   0.10 sec =    5.2470 Mbps     0 retrans    251 KB-cwnd
    0.0000 MB /   0.10 sec =    0.0000 Mbps     0 retrans    251 KB-cwnd
    0.0625 MB /   0.10 sec =    5.2406 Mbps     0 retrans    251 KB-cwnd
    0.0000 MB /   0.10 sec =    0.0000 Mbps     0 retrans    253 KB-cwnd
    0.0625 MB /   0.10 sec =    5.2433 Mbps     0 retrans    253 KB-cwnd
    0.0000 MB /   0.10 sec =    0.0000 Mbps     0 retrans    253 KB-cwnd
    0.0625 MB /   0.10 sec =    5.2414 Mbps     0 retrans    253 KB-cwnd
    0.0625 MB /   0.10 sec =    5.2445 Mbps     0 retrans    253 KB-cwnd
    0.0625 MB /   0.10 sec =    5.2431 Mbps     0 retrans    253 KB-cwnd
    0.0000 MB /   0.10 sec =    0.0000 Mbps     0 retrans    253 KB-cwnd
    0.0625 MB /   0.10 sec =    5.2412 Mbps     0 retrans    253 KB-cwnd
    0.0625 MB /   0.10 sec =    5.2446 Mbps     0 retrans    253 KB-cwnd
    0.0000 MB /   0.10 sec =    0.0000 Mbps     0 retrans    253 KB-cwnd
    0.0625 MB /   0.10 sec =    5.2431 Mbps     0 retrans    253 KB-cwnd
    0.0625 MB /   0.10 sec =    5.2429 Mbps     0 retrans    253 KB-cwnd
    0.0000 MB /   0.10 sec =    0.0000 Mbps     0 retrans    253 KB-cwnd
    0.0625 MB /   0.10 sec =    5.2416 Mbps     0 retrans    253 KB-cwnd
    0.0000 MB /   0.10 sec =    0.0000 Mbps     0 retrans    253 KB-cwnd
    0.0000 MB /   0.10 sec =    0.0000 Mbps     0 retrans    253 KB-cwnd

*** transfer interrupted ***
    0.0625 MB /   0.10 sec =    5.0036 Mbps     0 retrans    253 KB-cwnd
    0.0000 MB /   0.10 sec =    0.0000 Mbps     0 retrans    253 KB-cwnd
    0.0000 MB /   0.10 sec =    0.0000 Mbps     0 retrans    253 KB-cwnd
    0.0625 MB /   0.10 sec =    5.2425 Mbps     0 retrans    253 KB-cwnd
    0.0000 MB /   0.10 sec =    0.0000 Mbps     0 retrans    253 KB-cwnd
    0.0000 MB /   0.10 sec =    0.0000 Mbps     0 retrans    253 KB-cwnd
    0.0000 MB /   0.10 sec =    0.0000 Mbps     0 retrans    253 KB-cwnd
    0.0625 MB /   0.10 sec =    5.2426 Mbps     0 retrans    253 KB-cwnd
    0.0000 MB /   0.10 sec =    0.0000 Mbps     0 retrans    253 KB-cwnd
    0.0000 MB /   0.10 sec =    0.0000 Mbps     0 retrans    253 KB-cwnd
    0.0625 MB /   0.10 sec =    5.2420 Mbps     0 retrans    253 KB-cwnd
    0.0000 MB /   0.10 sec =    0.0000 Mbps     0 retrans    253 KB-cwnd
    0.0625 MB /   0.10 sec =    5.2427 Mbps     0 retrans    253 KB-cwnd
    0.0000 MB /   0.10 sec =    0.0000 Mbps     0 retrans    253 KB-cwnd
    0.0625 MB /   0.10 sec =    5.2412 Mbps     0 retrans    253 KB-cwnd
