1660159183264
nuttcp-t: v8.1.4: socket
nuttcp-t: buflen=65536, nstream=1, port=5003 tcp -> 54.176.53.206
nuttcp-t: time limit = 30.00 seconds
nuttcp-t: connect to 54.176.53.206 with mss=1358, RTT=68.577 ms af=inet
nuttcp-t: send window size = 33554432, receive window size = 4194304
nuttcp-t: available send window = 25165824, available receive window = 3145728
nuttcp-t: initial congestion window = 13 KB (10 packets)
nuttcp-r: Warning: receive window size 25000000 < requested window size 26214400
nuttcp-r: v6.1.2: socket
nuttcp-r: buflen=65536, nstream=1, port=5003 tcp
nuttcp-r: interval reporting every 0.10 seconds
nuttcp-r: accept from 166.194.146.129
nuttcp-r: send window size = 25000000, receive window size = 50000000
nuttcp-r: available send window = 12500000, available receive window = 25000000
    0.0000 MB /   0.10 sec =    0.0000 Mbps     0 retrans   1034 KB-cwnd
    0.0000 MB /   0.10 sec =    0.0000 Mbps     0 retrans   1034 KB-cwnd
    0.0625 MB /   0.10 sec =    5.2432 Mbps     0 retrans   1034 KB-cwnd
    0.1250 MB /   0.10 sec =   10.4829 Mbps     0 retrans   1034 KB-cwnd
    0.1250 MB /   0.10 sec =   10.4894 Mbps     0 retrans   1034 KB-cwnd
    0.0625 MB /   0.10 sec =    5.2290 Mbps     0 retrans   1034 KB-cwnd
    0.1875 MB /   0.10 sec =   15.7712 Mbps     0 retrans   1034 KB-cwnd
    0.1250 MB /   0.10 sec =   10.4832 Mbps     0 retrans   1034 KB-cwnd
    0.1875 MB /   0.10 sec =   15.7321 Mbps     0 retrans   1034 KB-cwnd
    0.1250 MB /   0.10 sec =   10.4854 Mbps     0 retrans   1034 KB-cwnd
    0.1875 MB /   0.10 sec =   15.7285 Mbps     0 retrans   1034 KB-cwnd
    0.0625 MB /   0.10 sec =    5.2423 Mbps     0 retrans   1034 KB-cwnd
    0.1250 MB /   0.10 sec =   10.4858 Mbps     0 retrans   1034 KB-cwnd
    0.1250 MB /   0.10 sec =   10.4832 Mbps     0 retrans   1034 KB-cwnd
    0.0625 MB /   0.10 sec =    5.2412 Mbps     0 retrans   1034 KB-cwnd
    0.1250 MB /   0.10 sec =   10.4912 Mbps     0 retrans   1034 KB-cwnd
    0.1250 MB /   0.10 sec =   10.4875 Mbps     0 retrans   1034 KB-cwnd
    0.1875 MB /   0.10 sec =   15.7304 Mbps     0 retrans   1034 KB-cwnd
    0.1250 MB /   0.10 sec =   10.4703 Mbps     0 retrans   1034 KB-cwnd
    0.1250 MB /   0.10 sec =   10.5007 Mbps     0 retrans   1034 KB-cwnd
    0.1875 MB /   0.10 sec =   15.7253 Mbps     0 retrans   1034 KB-cwnd
    0.1250 MB /   0.10 sec =   10.4883 Mbps     0 retrans   1034 KB-cwnd
    0.1250 MB /   0.10 sec =   10.4849 Mbps     0 retrans   1034 KB-cwnd
    0.1250 MB /   0.10 sec =   10.4874 Mbps     0 retrans   1034 KB-cwnd
    0.1250 MB /   0.10 sec =   10.4839 Mbps     0 retrans   1034 KB-cwnd
    0.1250 MB /   0.10 sec =   10.4847 Mbps     0 retrans   1034 KB-cwnd
    0.1875 MB /   0.10 sec =   15.7308 Mbps     0 retrans   1034 KB-cwnd
    0.1250 MB /   0.10 sec =   10.4823 Mbps     0 retrans   1034 KB-cwnd
    0.1250 MB /   0.10 sec =   10.4882 Mbps     0 retrans   1034 KB-cwnd
    0.1250 MB /   0.10 sec =   10.4876 Mbps     0 retrans   1034 KB-cwnd
    0.1250 MB /   0.10 sec =   10.4843 Mbps     0 retrans   1034 KB-cwnd
    0.0625 MB /   0.10 sec =    5.2410 Mbps     0 retrans   1034 KB-cwnd
    0.1250 MB /   0.10 sec =   10.4909 Mbps     0 retrans   1034 KB-cwnd
    0.1875 MB /   0.10 sec =   15.7162 Mbps     0 retrans   1034 KB-cwnd
    0.1250 MB /   0.10 sec =   10.4914 Mbps     0 retrans   1034 KB-cwnd
    0.1250 MB /   0.10 sec =   10.4875 Mbps     0 retrans   1034 KB-cwnd
    0.1250 MB /   0.10 sec =   10.4846 Mbps     0 retrans   1034 KB-cwnd
    0.1875 MB /   0.10 sec =   15.7206 Mbps     0 retrans   1034 KB-cwnd
    0.1250 MB /   0.10 sec =   10.4908 Mbps     0 retrans   1034 KB-cwnd
    0.0000 MB /   0.10 sec =    0.0000 Mbps     0 retrans   1034 KB-cwnd
    0.0000 MB /   0.10 sec =    0.0000 Mbps     0 retrans   1034 KB-cwnd
    0.0000 MB /   0.10 sec =    0.0000 Mbps     0 retrans   1034 KB-cwnd
    0.6250 MB /   0.10 sec =   52.4445 Mbps     0 retrans   1034 KB-cwnd
    0.1250 MB /   0.10 sec =   10.4770 Mbps     0 retrans   1034 KB-cwnd
    0.0625 MB /   0.10 sec =    5.2472 Mbps     0 retrans   1034 KB-cwnd
    0.1250 MB /   0.10 sec =   10.4848 Mbps     0 retrans   1034 KB-cwnd
    0.1875 MB /   0.10 sec =   15.7301 Mbps     0 retrans   1034 KB-cwnd
    0.1250 MB /   0.10 sec =   10.4860 Mbps     0 retrans   1034 KB-cwnd
    0.1250 MB /   0.10 sec =   10.4842 Mbps     0 retrans   1034 KB-cwnd
    0.1250 MB /   0.10 sec =   10.4848 Mbps     0 retrans   1034 KB-cwnd
    0.1250 MB /   0.10 sec =   10.4879 Mbps     0 retrans   1034 KB-cwnd
    0.1250 MB /   0.10 sec =   10.4799 Mbps     0 retrans   1034 KB-cwnd
    0.1250 MB /   0.10 sec =   10.4906 Mbps     0 retrans   1034 KB-cwnd
    0.1250 MB /   0.10 sec =   10.4883 Mbps     0 retrans   1034 KB-cwnd
    0.1250 MB /   0.10 sec =   10.4838 Mbps     0 retrans   1034 KB-cwnd
    0.1250 MB /   0.10 sec =   10.4833 Mbps     0 retrans   1034 KB-cwnd
    0.1250 MB /   0.10 sec =   10.4873 Mbps     0 retrans   1034 KB-cwnd
    0.0625 MB /   0.10 sec =    5.2429 Mbps     0 retrans   1034 KB-cwnd
    0.1875 MB /   0.10 sec =   15.7324 Mbps     0 retrans   1034 KB-cwnd
    0.1250 MB /   0.10 sec =   10.4801 Mbps     0 retrans   1034 KB-cwnd
    0.1875 MB /   0.10 sec =   15.7371 Mbps     0 retrans   1034 KB-cwnd
    0.1250 MB /   0.10 sec =   10.4831 Mbps     0 retrans   1034 KB-cwnd
    0.1250 MB /   0.10 sec =   10.4875 Mbps     0 retrans   1034 KB-cwnd
    0.1250 MB /   0.10 sec =   10.4840 Mbps     0 retrans   1034 KB-cwnd
    0.1875 MB /   0.10 sec =   15.7305 Mbps     0 retrans   1034 KB-cwnd
    0.1875 MB /   0.10 sec =   15.7220 Mbps     0 retrans   1034 KB-cwnd
    0.1250 MB /   0.10 sec =   10.4914 Mbps     0 retrans   1034 KB-cwnd
    0.1250 MB /   0.10 sec =   10.4810 Mbps     0 retrans   1034 KB-cwnd
    0.1250 MB /   0.10 sec =   10.4870 Mbps     0 retrans   1034 KB-cwnd
    0.1250 MB /   0.10 sec =   10.4848 Mbps     0 retrans   1034 KB-cwnd
    0.1250 MB /   0.10 sec =   10.4905 Mbps     0 retrans   1034 KB-cwnd
    0.1250 MB /   0.10 sec =   10.4049 Mbps     0 retrans   1034 KB-cwnd
    0.1875 MB /   0.10 sec =   15.8496 Mbps     0 retrans   1034 KB-cwnd
    0.1250 MB /   0.10 sec =   10.4836 Mbps     0 retrans   1034 KB-cwnd
    0.1875 MB /   0.10 sec =   15.7323 Mbps     0 retrans   1034 KB-cwnd
    0.1250 MB /   0.10 sec =   10.4818 Mbps     0 retrans   1034 KB-cwnd
    0.1875 MB /   0.10 sec =   15.7302 Mbps     0 retrans   1034 KB-cwnd
    0.1875 MB /   0.10 sec =   15.7291 Mbps     0 retrans   1034 KB-cwnd
    0.1875 MB /   0.10 sec =   15.7337 Mbps     0 retrans   1034 KB-cwnd
    0.1250 MB /   0.10 sec =   10.4832 Mbps     0 retrans   1034 KB-cwnd
    0.1250 MB /   0.10 sec =   10.4850 Mbps     0 retrans   1034 KB-cwnd
    0.0625 MB /   0.10 sec =    5.2428 Mbps     0 retrans   1034 KB-cwnd
    0.0625 MB /   0.10 sec =    5.2419 Mbps     0 retrans   1034 KB-cwnd
    0.0625 MB /   0.10 sec =    5.2428 Mbps     0 retrans   1034 KB-cwnd
    0.0625 MB /   0.10 sec =    5.2450 Mbps     0 retrans   1034 KB-cwnd
    0.1250 MB /   0.10 sec =   10.4863 Mbps     0 retrans   1034 KB-cwnd
    0.1250 MB /   0.10 sec =   10.4850 Mbps     0 retrans   1034 KB-cwnd
    0.0625 MB /   0.10 sec =    5.2420 Mbps     0 retrans   1034 KB-cwnd
    0.1250 MB /   0.10 sec =   10.4894 Mbps     0 retrans   1034 KB-cwnd
    0.0625 MB /   0.10 sec =    5.2405 Mbps     0 retrans   1034 KB-cwnd
    0.1250 MB /   0.10 sec =   10.4881 Mbps     0 retrans   1034 KB-cwnd
    0.1250 MB /   0.10 sec =   10.4847 Mbps     0 retrans   1034 KB-cwnd
    0.0625 MB /   0.10 sec =    5.2380 Mbps     0 retrans   1034 KB-cwnd
    0.1250 MB /   0.10 sec =   10.4991 Mbps     0 retrans   1034 KB-cwnd
    0.1250 MB /   0.10 sec =   10.4846 Mbps     0 retrans   1034 KB-cwnd
    0.0625 MB /   0.10 sec =    5.2423 Mbps     0 retrans   1034 KB-cwnd
    0.1250 MB /   0.10 sec =   10.4865 Mbps     0 retrans   1034 KB-cwnd
    0.0625 MB /   0.10 sec =    5.2418 Mbps     0 retrans   1034 KB-cwnd
    0.1250 MB /   0.10 sec =   10.4863 Mbps     0 retrans   1034 KB-cwnd
    0.1250 MB /   0.10 sec =   10.4868 Mbps     0 retrans   1034 KB-cwnd
    0.0625 MB /   0.10 sec =    5.2421 Mbps     0 retrans   1034 KB-cwnd
    0.0625 MB /   0.10 sec =    5.2426 Mbps     0 retrans   1034 KB-cwnd
    0.1250 MB /   0.10 sec =   10.4894 Mbps     0 retrans   1034 KB-cwnd
    0.0625 MB /   0.10 sec =    5.2417 Mbps     0 retrans   1034 KB-cwnd
    0.1250 MB /   0.10 sec =   10.4883 Mbps     0 retrans   1034 KB-cwnd
    0.0625 MB /   0.10 sec =    5.2420 Mbps     0 retrans   1034 KB-cwnd
    0.1250 MB /   0.10 sec =   10.4822 Mbps     0 retrans   1034 KB-cwnd
    0.0625 MB /   0.10 sec =    5.2441 Mbps     0 retrans   1034 KB-cwnd
    0.0625 MB /   0.10 sec =    5.2438 Mbps     0 retrans   1034 KB-cwnd
    0.1250 MB /   0.10 sec =   10.4872 Mbps     0 retrans   1034 KB-cwnd
    0.0625 MB /   0.10 sec =    5.2424 Mbps     0 retrans   1034 KB-cwnd
    0.1875 MB /   0.10 sec =   15.7085 Mbps     0 retrans   1034 KB-cwnd
    0.1250 MB /   0.10 sec =   10.4172 Mbps     0 retrans   1034 KB-cwnd
    0.1875 MB /   0.10 sec =   15.8502 Mbps     0 retrans   1034 KB-cwnd
    0.1875 MB /   0.10 sec =   15.7321 Mbps     0 retrans   1034 KB-cwnd
    0.1250 MB /   0.10 sec =   10.4831 Mbps     0 retrans   1034 KB-cwnd
    0.1250 MB /   0.10 sec =   10.4891 Mbps     0 retrans   1034 KB-cwnd
    0.1250 MB /   0.10 sec =   10.4807 Mbps     0 retrans   1034 KB-cwnd
    0.1250 MB /   0.10 sec =   10.4882 Mbps     0 retrans   1034 KB-cwnd
    0.1250 MB /   0.10 sec =   10.4853 Mbps     0 retrans   1034 KB-cwnd
    0.1875 MB /   0.10 sec =   15.7310 Mbps     0 retrans   1034 KB-cwnd
    0.0625 MB /   0.10 sec =    5.2416 Mbps     0 retrans   1034 KB-cwnd
    0.1250 MB /   0.10 sec =   10.4881 Mbps     0 retrans   1034 KB-cwnd
    0.1250 MB /   0.10 sec =   10.4873 Mbps     0 retrans   1034 KB-cwnd
    0.1875 MB /   0.10 sec =   15.7280 Mbps     0 retrans   1034 KB-cwnd
    0.1250 MB /   0.10 sec =   10.4868 Mbps     0 retrans   1034 KB-cwnd
    0.1875 MB /   0.10 sec =   15.7280 Mbps     0 retrans   1034 KB-cwnd
    0.1250 MB /   0.10 sec =   10.4739 Mbps     0 retrans   1034 KB-cwnd
    0.1250 MB /   0.10 sec =   10.4963 Mbps     0 retrans   1034 KB-cwnd
    0.1250 MB /   0.10 sec =   10.4845 Mbps     0 retrans   1034 KB-cwnd
    0.1875 MB /   0.10 sec =   15.7329 Mbps     0 retrans   1034 KB-cwnd
    0.1250 MB /   0.10 sec =   10.4850 Mbps     0 retrans   1034 KB-cwnd
    0.1875 MB /   0.10 sec =   15.7280 Mbps     0 retrans   1034 KB-cwnd
    0.1250 MB /   0.10 sec =   10.4778 Mbps     0 retrans   1034 KB-cwnd
    0.0625 MB /   0.10 sec =    5.2468 Mbps     0 retrans   1034 KB-cwnd
    0.1250 MB /   0.10 sec =   10.4754 Mbps     0 retrans   1034 KB-cwnd
    0.1250 MB /   0.10 sec =   10.4948 Mbps     0 retrans   1034 KB-cwnd
    0.1250 MB /   0.10 sec =   10.4871 Mbps     0 retrans   1034 KB-cwnd
    0.1875 MB /   0.10 sec =   15.7294 Mbps     0 retrans   1034 KB-cwnd
    0.0625 MB /   0.10 sec =    5.2417 Mbps     0 retrans   1034 KB-cwnd
    0.1250 MB /   0.10 sec =   10.4504 Mbps     0 retrans   1034 KB-cwnd
    0.1250 MB /   0.10 sec =   10.5164 Mbps     0 retrans   1034 KB-cwnd
    0.1875 MB /   0.10 sec =   15.7395 Mbps     0 retrans   1034 KB-cwnd
    0.0625 MB /   0.10 sec =    5.2420 Mbps     0 retrans   1034 KB-cwnd
    0.1875 MB /   0.10 sec =   15.7286 Mbps     0 retrans   1034 KB-cwnd
    0.0625 MB /   0.10 sec =    5.2431 Mbps     0 retrans   1034 KB-cwnd
    0.1250 MB /   0.10 sec =   10.4827 Mbps     0 retrans   1034 KB-cwnd
    0.0000 MB /   0.10 sec =    0.0000 Mbps     0 retrans   1034 KB-cwnd
    0.2500 MB /   0.10 sec =   20.9835 Mbps     0 retrans   1034 KB-cwnd
    0.1250 MB /   0.10 sec =   10.4873 Mbps     0 retrans   1034 KB-cwnd
    0.1250 MB /   0.10 sec =   10.4847 Mbps     0 retrans   1034 KB-cwnd
    0.1250 MB /   0.10 sec =   10.4830 Mbps     0 retrans   1034 KB-cwnd
    0.0625 MB /   0.10 sec =    5.2444 Mbps     0 retrans   1034 KB-cwnd
    0.1250 MB /   0.10 sec =   10.4809 Mbps     0 retrans   1034 KB-cwnd
    0.1250 MB /   0.10 sec =   10.4911 Mbps     0 retrans   1034 KB-cwnd
    0.1250 MB /   0.10 sec =   10.4820 Mbps     0 retrans   1034 KB-cwnd
    0.1250 MB /   0.10 sec =   10.4889 Mbps     0 retrans   1034 KB-cwnd
    0.0625 MB /   0.10 sec =    5.2409 Mbps     0 retrans   1034 KB-cwnd
    0.1250 MB /   0.10 sec =   10.4890 Mbps     0 retrans   1034 KB-cwnd
    0.0625 MB /   0.10 sec =    5.2409 Mbps     0 retrans   1034 KB-cwnd
    0.0625 MB /   0.10 sec =    5.2442 Mbps     0 retrans   1034 KB-cwnd
    0.1250 MB /   0.10 sec =   10.4854 Mbps     0 retrans   1034 KB-cwnd
    0.0625 MB /   0.10 sec =    5.2438 Mbps     0 retrans   1034 KB-cwnd
    0.0625 MB /   0.10 sec =    5.2412 Mbps     0 retrans   1034 KB-cwnd
    0.1250 MB /   0.10 sec =   10.4891 Mbps     0 retrans   1034 KB-cwnd
    0.0625 MB /   0.10 sec =    5.2419 Mbps     0 retrans   1034 KB-cwnd
    0.1250 MB /   0.10 sec =   10.4875 Mbps     0 retrans   1034 KB-cwnd
    0.0625 MB /   0.10 sec =    5.2387 Mbps     0 retrans   1034 KB-cwnd
    0.1250 MB /   0.10 sec =   10.4941 Mbps     0 retrans   1034 KB-cwnd
    0.0625 MB /   0.10 sec =    5.2420 Mbps     0 retrans   1034 KB-cwnd
    0.1250 MB /   0.10 sec =   10.4878 Mbps     0 retrans   1034 KB-cwnd
    0.0625 MB /   0.10 sec =    5.2414 Mbps     0 retrans   1034 KB-cwnd
    0.0000 MB /   0.10 sec =    0.0000 Mbps     0 retrans   1034 KB-cwnd
    0.1250 MB /   0.10 sec =   10.4626 Mbps     0 retrans   1034 KB-cwnd
    0.0625 MB /   0.10 sec =    5.2542 Mbps     0 retrans   1034 KB-cwnd
    0.1250 MB /   0.10 sec =   10.4836 Mbps     0 retrans   1034 KB-cwnd
    0.0625 MB /   0.10 sec =    5.2440 Mbps     0 retrans   1034 KB-cwnd
    0.0625 MB /   0.10 sec =    5.2412 Mbps     0 retrans   1034 KB-cwnd
    0.1250 MB /   0.10 sec =   10.4892 Mbps     0 retrans   1034 KB-cwnd
    0.0625 MB /   0.10 sec =    5.2410 Mbps     0 retrans   1034 KB-cwnd
    0.0625 MB /   0.10 sec =    5.2448 Mbps     0 retrans   1034 KB-cwnd
    0.1250 MB /   0.10 sec =   10.4845 Mbps     0 retrans   1034 KB-cwnd
    0.0625 MB /   0.10 sec =    5.2440 Mbps     0 retrans   1034 KB-cwnd
    0.0625 MB /   0.10 sec =    5.2433 Mbps     0 retrans   1034 KB-cwnd
    0.1250 MB /   0.10 sec =   10.4830 Mbps     0 retrans   1034 KB-cwnd
    0.0000 MB /   0.10 sec =    0.0000 Mbps     0 retrans   1034 KB-cwnd
    0.1250 MB /   0.10 sec =   10.4935 Mbps     0 retrans   1034 KB-cwnd
    0.1250 MB /   0.10 sec =   10.4804 Mbps     0 retrans   1034 KB-cwnd
    0.0625 MB /   0.10 sec =    5.2456 Mbps     0 retrans   1034 KB-cwnd
    0.0625 MB /   0.10 sec =    5.2421 Mbps     0 retrans   1034 KB-cwnd
    0.1250 MB /   0.10 sec =   10.4857 Mbps     0 retrans   1034 KB-cwnd
    0.0625 MB /   0.10 sec =    5.2412 Mbps     0 retrans   1034 KB-cwnd
    0.0625 MB /   0.10 sec =    5.2447 Mbps     0 retrans   1034 KB-cwnd
    0.0625 MB /   0.10 sec =    5.2415 Mbps     0 retrans   1034 KB-cwnd
    0.0625 MB /   0.10 sec =    5.2432 Mbps     0 retrans   1034 KB-cwnd
    0.1250 MB /   0.10 sec =   10.4839 Mbps     0 retrans   1034 KB-cwnd
    0.0625 MB /   0.10 sec =    5.2449 Mbps     0 retrans   1034 KB-cwnd
    0.1250 MB /   0.10 sec =   10.4826 Mbps     0 retrans   1034 KB-cwnd
    0.1250 MB /   0.10 sec =   10.4881 Mbps     0 retrans   1034 KB-cwnd
    0.1250 MB /   0.10 sec =   10.4839 Mbps     0 retrans   1034 KB-cwnd
    0.1250 MB /   0.10 sec =   10.4865 Mbps     0 retrans   1034 KB-cwnd
    0.0625 MB /   0.10 sec =    5.2418 Mbps     0 retrans   1034 KB-cwnd
    0.1250 MB /   0.10 sec =   10.4875 Mbps     0 retrans   1034 KB-cwnd
    0.1250 MB /   0.10 sec =   10.4896 Mbps     0 retrans   1034 KB-cwnd
    0.1250 MB /   0.10 sec =   10.4837 Mbps     0 retrans   1034 KB-cwnd
    0.0625 MB /   0.10 sec =    5.2417 Mbps     0 retrans   1034 KB-cwnd
    0.1250 MB /   0.10 sec =   10.4884 Mbps     0 retrans   1034 KB-cwnd
    0.1250 MB /   0.10 sec =   10.4863 Mbps     0 retrans   1034 KB-cwnd
    0.1250 MB /   0.10 sec =   10.4835 Mbps     0 retrans   1034 KB-cwnd
    0.1250 MB /   0.10 sec =   10.4835 Mbps     0 retrans   1034 KB-cwnd
    0.0625 MB /   0.10 sec =    5.2437 Mbps     0 retrans   1034 KB-cwnd
    0.1250 MB /   0.10 sec =   10.4795 Mbps     0 retrans   1034 KB-cwnd
    0.1875 MB /   0.10 sec =   15.7401 Mbps     0 retrans   1034 KB-cwnd
    0.1250 MB /   0.10 sec =   10.4844 Mbps     0 retrans   1034 KB-cwnd
    0.1875 MB /   0.10 sec =   15.7291 Mbps     0 retrans   1034 KB-cwnd
    0.1875 MB /   0.10 sec =   15.7246 Mbps     0 retrans   1034 KB-cwnd
    0.1250 MB /   0.10 sec =   10.4896 Mbps     0 retrans   1034 KB-cwnd
    0.1250 MB /   0.10 sec =   10.4869 Mbps     0 retrans   1034 KB-cwnd
    0.1250 MB /   0.10 sec =   10.4858 Mbps     0 retrans   1034 KB-cwnd
    0.1250 MB /   0.10 sec =   10.4829 Mbps     0 retrans   1034 KB-cwnd
    0.1250 MB /   0.10 sec =   10.4875 Mbps     0 retrans   1034 KB-cwnd
    0.1250 MB /   0.10 sec =   10.4839 Mbps     0 retrans   1034 KB-cwnd
    0.1250 MB /   0.10 sec =   10.4888 Mbps     0 retrans   1034 KB-cwnd
    0.0625 MB /   0.10 sec =    5.2412 Mbps     0 retrans   1034 KB-cwnd
    0.1250 MB /   0.10 sec =   10.4864 Mbps     0 retrans   1034 KB-cwnd
    0.1250 MB /   0.10 sec =   10.4837 Mbps     0 retrans   1034 KB-cwnd
    0.1875 MB /   0.10 sec =   15.7340 Mbps     0 retrans   1034 KB-cwnd
    0.1250 MB /   0.10 sec =   10.4827 Mbps     0 retrans   1034 KB-cwnd
    0.1250 MB /   0.10 sec =   10.4901 Mbps     0 retrans   1034 KB-cwnd
    0.1250 MB /   0.10 sec =   10.4822 Mbps     0 retrans   1034 KB-cwnd
    0.1250 MB /   0.10 sec =   10.4868 Mbps     0 retrans   1034 KB-cwnd
    0.1250 MB /   0.10 sec =   10.4800 Mbps     0 retrans   1034 KB-cwnd
    0.1250 MB /   0.10 sec =   10.4941 Mbps     0 retrans   1034 KB-cwnd
    0.1250 MB /   0.10 sec =   10.4828 Mbps     0 retrans   1034 KB-cwnd
    0.1250 MB /   0.10 sec =   10.4888 Mbps     0 retrans   1034 KB-cwnd
    0.1250 MB /   0.10 sec =   10.4853 Mbps     0 retrans   1034 KB-cwnd
    0.0625 MB /   0.10 sec =    5.2407 Mbps     0 retrans   1034 KB-cwnd
    0.1875 MB /   0.10 sec =   15.7246 Mbps     0 retrans   1034 KB-cwnd
    0.1250 MB /   0.10 sec =   10.4929 Mbps     0 retrans   1034 KB-cwnd
    0.1250 MB /   0.10 sec =   10.4825 Mbps     0 retrans   1034 KB-cwnd
    0.1250 MB /   0.10 sec =   10.4889 Mbps     0 retrans   1034 KB-cwnd
    0.1250 MB /   0.10 sec =   10.4825 Mbps     0 retrans   1034 KB-cwnd
    0.1250 MB /   0.10 sec =   10.4871 Mbps     0 retrans   1034 KB-cwnd
    0.1250 MB /   0.10 sec =   10.4869 Mbps     0 retrans   1034 KB-cwnd
    0.1250 MB /   0.10 sec =   10.4858 Mbps     0 retrans   1034 KB-cwnd
    0.1875 MB /   0.10 sec =   15.7203 Mbps     0 retrans   1034 KB-cwnd
    0.1250 MB /   0.10 sec =   10.4921 Mbps     0 retrans   1034 KB-cwnd
    0.1250 MB /   0.10 sec =   10.4824 Mbps     0 retrans   1034 KB-cwnd
    0.1250 MB /   0.10 sec =   10.4901 Mbps     0 retrans   1034 KB-cwnd
    0.0625 MB /   0.10 sec =    5.2425 Mbps     0 retrans   1034 KB-cwnd
    0.1250 MB /   0.10 sec =   10.4718 Mbps     0 retrans   1034 KB-cwnd
    0.1250 MB /   0.10 sec =   10.4970 Mbps     0 retrans   1034 KB-cwnd
    0.1250 MB /   0.10 sec =   10.4878 Mbps     0 retrans   1034 KB-cwnd
    0.1250 MB /   0.10 sec =   10.4816 Mbps     0 retrans   1034 KB-cwnd
    0.1250 MB /   0.10 sec =   10.4905 Mbps     0 retrans   1034 KB-cwnd
    0.0625 MB /   0.10 sec =    5.2409 Mbps     0 retrans   1034 KB-cwnd
    0.0625 MB /   0.10 sec =    5.2401 Mbps     0 retrans   1034 KB-cwnd
    0.1250 MB /   0.10 sec =   10.4969 Mbps     0 retrans   1034 KB-cwnd
    0.1250 MB /   0.10 sec =   10.4837 Mbps     0 retrans   1034 KB-cwnd
    0.1875 MB /   0.10 sec =   15.7208 Mbps     0 retrans   1034 KB-cwnd
    0.1250 MB /   0.10 sec =   10.4924 Mbps     0 retrans   1034 KB-cwnd
    0.0625 MB /   0.10 sec =    5.2411 Mbps     0 retrans   1034 KB-cwnd
    0.1250 MB /   0.10 sec =   10.4852 Mbps     0 retrans   1034 KB-cwnd
    0.1250 MB /   0.10 sec =   10.4865 Mbps     0 retrans   1034 KB-cwnd
    0.1250 MB /   0.10 sec =   10.4889 Mbps     0 retrans   1034 KB-cwnd
    0.1250 MB /   0.10 sec =   10.4829 Mbps     0 retrans   1034 KB-cwnd
    0.1875 MB /   0.10 sec =   15.7327 Mbps     0 retrans   1034 KB-cwnd
    0.1250 MB /   0.10 sec =   10.4528 Mbps     0 retrans   1034 KB-cwnd
    0.1250 MB /   0.10 sec =   10.5186 Mbps     0 retrans   1034 KB-cwnd
    0.1250 MB /   0.10 sec =   10.4866 Mbps     0 retrans   1034 KB-cwnd
    0.0625 MB /   0.10 sec =    5.2422 Mbps     0 retrans   1034 KB-cwnd
    0.0625 MB /   0.10 sec =    5.2410 Mbps     0 retrans   1034 KB-cwnd
    0.1250 MB /   0.10 sec =   10.4891 Mbps     0 retrans   1034 KB-cwnd
    0.0625 MB /   0.10 sec =    5.2424 Mbps     0 retrans   1034 KB-cwnd
    0.0625 MB /   0.10 sec =    5.2409 Mbps     0 retrans   1034 KB-cwnd
    0.0625 MB /   0.10 sec =    5.2462 Mbps     0 retrans   1034 KB-cwnd
    0.1250 MB /   0.10 sec =   10.4846 Mbps     0 retrans   1034 KB-cwnd
    0.0625 MB /   0.10 sec =    5.2409 Mbps     0 retrans   1034 KB-cwnd
    0.1875 MB /   0.10 sec =   15.7373 Mbps     0 retrans   1034 KB-cwnd
    0.1250 MB /   0.10 sec =   10.4810 Mbps     0 retrans   1034 KB-cwnd
    0.1250 MB /   0.10 sec =   10.4886 Mbps     0 retrans   1034 KB-cwnd
    0.1250 MB /   0.10 sec =   10.4828 Mbps     0 retrans   1034 KB-cwnd
    0.0625 MB /   0.10 sec =    5.2443 Mbps     0 retrans   1034 KB-cwnd
    0.0625 MB /   0.10 sec =    5.2413 Mbps     0 retrans   1034 KB-cwnd
    0.0625 MB /   0.10 sec =    5.2449 Mbps     0 retrans   1034 KB-cwnd
    0.1250 MB /   0.10 sec =   10.4781 Mbps     0 retrans   1034 KB-cwnd
    0.0625 MB /   0.10 sec =    5.2464 Mbps     0 retrans   1034 KB-cwnd
    0.0625 MB /   0.10 sec =    5.2409 Mbps     0 retrans   1034 KB-cwnd
    0.0625 MB /   0.10 sec =    5.2445 Mbps     0 retrans   1034 KB-cwnd
    0.0625 MB /   0.10 sec =    5.2411 Mbps     0 retrans   1034 KB-cwnd
    0.1250 MB /   0.10 sec =   10.4905 Mbps     0 retrans   1034 KB-cwnd
    0.0625 MB /   0.10 sec =    5.2397 Mbps     0 retrans   1034 KB-cwnd
    0.1250 MB /   0.10 sec =   10.4928 Mbps     0 retrans   1034 KB-cwnd
    0.0625 MB /   0.10 sec =    5.2425 Mbps     0 retrans   1034 KB-cwnd
    0.1250 MB /   0.10 sec =   10.4856 Mbps     0 retrans   1034 KB-cwnd
    0.1250 MB /   0.10 sec =   10.4867 Mbps     0 retrans   1034 KB-cwnd
    0.1250 MB /   0.10 sec =   10.4847 Mbps     0 retrans   1034 KB-cwnd
    0.0625 MB /   0.10 sec =    5.2386 Mbps     0 retrans   1034 KB-cwnd
    0.1250 MB /   0.10 sec =   10.4930 Mbps     0 retrans   1034 KB-cwnd
    0.1250 MB /   0.10 sec =   10.4874 Mbps     0 retrans   1034 KB-cwnd
    0.0625 MB /   0.10 sec =    5.2408 Mbps     0 retrans   1034 KB-cwnd
    0.1250 MB /   0.10 sec =   10.4859 Mbps     0 retrans   1034 KB-cwnd
    0.0625 MB /   0.10 sec =    5.2443 Mbps     0 retrans   1034 KB-cwnd
    0.1250 MB /   0.10 sec =   10.4838 Mbps     0 retrans   1034 KB-cwnd
    0.1250 MB /   0.10 sec =   10.4847 Mbps     0 retrans   1034 KB-cwnd
    0.0625 MB /   0.10 sec =    5.2414 Mbps     0 retrans   1034 KB-cwnd
    0.1875 MB /   0.10 sec =   15.7384 Mbps     0 retrans   1034 KB-cwnd
    0.1250 MB /   0.10 sec =   10.4833 Mbps     0 retrans   1034 KB-cwnd
    0.1250 MB /   0.10 sec =   10.4865 Mbps     0 retrans   1034 KB-cwnd
    0.1250 MB /   0.10 sec =   10.4841 Mbps     0 retrans   1034 KB-cwnd
    0.1250 MB /   0.10 sec =   10.4901 Mbps     0 retrans   1034 KB-cwnd
    0.0625 MB /   0.10 sec =    5.2402 Mbps     0 retrans   1034 KB-cwnd
    0.1250 MB /   0.10 sec =   10.4903 Mbps     0 retrans   1034 KB-cwnd
    0.1250 MB /   0.10 sec =   10.4837 Mbps     0 retrans   1034 KB-cwnd
    0.1250 MB /   0.10 sec =   10.4894 Mbps     0 retrans   1034 KB-cwnd
    0.0625 MB /   0.10 sec =    5.2413 Mbps     0 retrans   1034 KB-cwnd
    0.1250 MB /   0.10 sec =   10.4875 Mbps     0 retrans   1034 KB-cwnd
    0.1250 MB /   0.10 sec =   10.4835 Mbps     0 retrans   1034 KB-cwnd
    0.1250 MB /   0.10 sec =   10.4882 Mbps     0 retrans   1034 KB-cwnd
    0.1250 MB /   0.10 sec =   10.4835 Mbps     0 retrans   1034 KB-cwnd
    0.1250 MB /   0.10 sec =   10.4893 Mbps     0 retrans   1034 KB-cwnd
    0.1250 MB /   0.10 sec =   10.4814 Mbps     0 retrans   1034 KB-cwnd
    0.0625 MB /   0.10 sec =    5.2442 Mbps     0 retrans   1034 KB-cwnd
    0.1250 MB /   0.10 sec =   10.4841 Mbps     0 retrans   1034 KB-cwnd
    0.0625 MB /   0.10 sec =    5.2438 Mbps     0 retrans   1034 KB-cwnd
    0.1250 MB /   0.10 sec =   10.4829 Mbps     0 retrans   1034 KB-cwnd
    0.1250 MB /   0.10 sec =   10.4889 Mbps     0 retrans   1034 KB-cwnd
    0.1250 MB /   0.10 sec =   10.4806 Mbps     0 retrans   1034 KB-cwnd
    0.1250 MB /   0.10 sec =   10.4920 Mbps     0 retrans   1034 KB-cwnd
    0.1250 MB /   0.10 sec =   10.4717 Mbps     0 retrans   1034 KB-cwnd
    0.1250 MB /   0.10 sec =   10.5003 Mbps     0 retrans   1034 KB-cwnd
    0.1250 MB /   0.10 sec =   10.4819 Mbps     0 retrans   1034 KB-cwnd
    0.1250 MB /   0.10 sec =   10.4890 Mbps     0 retrans   1034 KB-cwnd
    0.1250 MB /   0.10 sec =   10.4862 Mbps     0 retrans   1034 KB-cwnd
    0.1250 MB /   0.10 sec =   10.4798 Mbps     0 retrans   1034 KB-cwnd
    0.1250 MB /   0.10 sec =   10.4880 Mbps     0 retrans   1034 KB-cwnd
    0.1250 MB /   0.10 sec =   10.4891 Mbps     0 retrans   1034 KB-cwnd
    0.0625 MB /   0.10 sec =    5.2433 Mbps     0 retrans   1034 KB-cwnd
    0.0625 MB /   0.10 sec =    5.2402 Mbps     0 retrans   1034 KB-cwnd
    0.1250 MB /   0.10 sec =   10.4912 Mbps     0 retrans   1034 KB-cwnd
    0.0625 MB /   0.10 sec =    5.2417 Mbps     0 retrans   1034 KB-cwnd
    0.1250 MB /   0.10 sec =   10.4831 Mbps     0 retrans   1034 KB-cwnd
    0.1250 MB /   0.10 sec =   10.4895 Mbps     0 retrans   1034 KB-cwnd
    0.1250 MB /   0.10 sec =   10.4856 Mbps     0 retrans   1034 KB-cwnd
    0.1250 MB /   0.10 sec =   10.4859 Mbps     0 retrans   1034 KB-cwnd
    0.1250 MB /   0.10 sec =   10.4828 Mbps     0 retrans   1034 KB-cwnd
    0.1250 MB /   0.10 sec =   10.4897 Mbps     0 retrans   1034 KB-cwnd
    0.1250 MB /   0.10 sec =   10.4717 Mbps     0 retrans   1034 KB-cwnd
    0.1250 MB /   0.10 sec =   10.4989 Mbps     0 retrans   1034 KB-cwnd
    0.0625 MB /   0.10 sec =    5.2413 Mbps     0 retrans   1034 KB-cwnd
    0.1250 MB /   0.10 sec =   10.4744 Mbps     0 retrans   1034 KB-cwnd
    0.0625 MB /   0.10 sec =    5.2480 Mbps     0 retrans   1034 KB-cwnd
    0.1875 MB /   0.10 sec =   15.7364 Mbps     0 retrans   1034 KB-cwnd
    0.1250 MB /   0.10 sec =   10.4783 Mbps     0 retrans   1034 KB-cwnd
    0.1250 MB /   0.10 sec =   10.4923 Mbps     0 retrans   1034 KB-cwnd
    0.1250 MB /   0.10 sec =   10.4835 Mbps     0 retrans   1034 KB-cwnd
    0.1250 MB /   0.10 sec =   10.4867 Mbps     0 retrans   1034 KB-cwnd
    0.0625 MB /   0.10 sec =    5.2424 Mbps     0 retrans   1034 KB-cwnd
    0.0625 MB /   0.10 sec =    5.2434 Mbps     0 retrans   1034 KB-cwnd
    0.1250 MB /   0.10 sec =   10.4838 Mbps     0 retrans   1034 KB-cwnd
    0.0625 MB /   0.10 sec =    5.2444 Mbps     0 retrans   1034 KB-cwnd
    0.1250 MB /   0.10 sec =   10.2385 Mbps     0 retrans   1034 KB-cwnd
    0.1250 MB /   0.10 sec =   10.7467 Mbps     0 retrans   1034 KB-cwnd
    0.1250 MB /   0.10 sec =   10.4809 Mbps     0 retrans   1034 KB-cwnd
    0.0625 MB /   0.10 sec =    5.2437 Mbps     0 retrans   1034 KB-cwnd
    0.1250 MB /   0.10 sec =   10.4894 Mbps     0 retrans   1034 KB-cwnd
    0.1875 MB /   0.10 sec =   15.7247 Mbps     0 retrans   1034 KB-cwnd
    0.1250 MB /   0.10 sec =   10.4846 Mbps     0 retrans   1034 KB-cwnd
    0.1250 MB /   0.10 sec =   10.4876 Mbps     0 retrans   1034 KB-cwnd
    0.1250 MB /   0.10 sec =   10.4832 Mbps     0 retrans   1034 KB-cwnd
    0.1250 MB /   0.10 sec =   10.4878 Mbps     0 retrans   1034 KB-cwnd
    0.0625 MB /   0.10 sec =    5.2433 Mbps     0 retrans   1034 KB-cwnd
    0.1250 MB /   0.10 sec =   10.4852 Mbps     0 retrans   1034 KB-cwnd
    0.0625 MB /   0.10 sec =    5.2415 Mbps     0 retrans   1034 KB-cwnd
    0.0625 MB /   0.10 sec =    5.2441 Mbps     0 retrans   1034 KB-cwnd
    0.0625 MB /   0.10 sec =    5.2422 Mbps     0 retrans   1034 KB-cwnd
    0.1250 MB /   0.10 sec =   10.4872 Mbps     0 retrans   1034 KB-cwnd
    0.0625 MB /   0.10 sec =    5.2424 Mbps     0 retrans   1034 KB-cwnd
    0.0625 MB /   0.10 sec =    5.2375 Mbps     0 retrans   1034 KB-cwnd
    0.1875 MB /   0.10 sec =   15.7056 Mbps     0 retrans   1034 KB-cwnd
    0.0625 MB /   0.10 sec =    5.2556 Mbps     0 retrans   1034 KB-cwnd
    0.1250 MB /   0.10 sec =   10.4807 Mbps     0 retrans   1034 KB-cwnd
    0.1250 MB /   0.10 sec =   10.4922 Mbps     0 retrans   1034 KB-cwnd
    0.1250 MB /   0.10 sec =   10.4838 Mbps     0 retrans   1034 KB-cwnd
    0.1250 MB /   0.10 sec =   10.4894 Mbps     0 retrans   1034 KB-cwnd
    0.0625 MB /   0.10 sec =    5.2413 Mbps     0 retrans   1034 KB-cwnd
    0.1250 MB /   0.10 sec =   10.4887 Mbps     0 retrans   1034 KB-cwnd
    0.1250 MB /   0.10 sec =   10.4828 Mbps     0 retrans   1034 KB-cwnd
    0.1250 MB /   0.10 sec =   10.4886 Mbps     0 retrans   1034 KB-cwnd
    0.0625 MB /   0.10 sec =    5.2417 Mbps     0 retrans   1034 KB-cwnd
    0.0625 MB /   0.10 sec =    5.2440 Mbps     0 retrans   1034 KB-cwnd
    0.0625 MB /   0.10 sec =    5.2387 Mbps     0 retrans   1034 KB-cwnd
    0.1250 MB /   0.10 sec =   10.4938 Mbps     0 retrans   1034 KB-cwnd
    0.1250 MB /   0.10 sec =   10.4823 Mbps     0 retrans   1034 KB-cwnd
    0.1250 MB /   0.10 sec =   10.4891 Mbps     0 retrans   1034 KB-cwnd
    0.0625 MB /   0.10 sec =    5.2410 Mbps     0 retrans   1034 KB-cwnd
    0.1250 MB /   0.10 sec =   10.4902 Mbps     0 retrans   1034 KB-cwnd
    0.1250 MB /   0.10 sec =   10.4829 Mbps     0 retrans   1034 KB-cwnd
    0.0625 MB /   0.10 sec =    5.2447 Mbps     0 retrans   1034 KB-cwnd
    0.1250 MB /   0.10 sec =   10.4825 Mbps     0 retrans   1034 KB-cwnd
    0.1250 MB /   0.10 sec =   10.4878 Mbps     0 retrans   1034 KB-cwnd
    0.1250 MB /   0.10 sec =   10.4835 Mbps     0 retrans   1034 KB-cwnd
    0.0625 MB /   0.10 sec =    5.2408 Mbps     0 retrans   1034 KB-cwnd
    0.0625 MB /   0.10 sec =    5.2447 Mbps     0 retrans   1034 KB-cwnd
    0.1250 MB /   0.10 sec =   10.4887 Mbps     0 retrans   1034 KB-cwnd
    0.0625 MB /   0.10 sec =    5.2409 Mbps     0 retrans   1034 KB-cwnd
    0.0625 MB /   0.10 sec =    5.2441 Mbps     0 retrans   1034 KB-cwnd
    0.0000 MB /   0.10 sec =    0.0000 Mbps     0 retrans   1034 KB-cwnd
    0.0625 MB /   0.10 sec =    5.2454 Mbps     0 retrans   1034 KB-cwnd
    0.0625 MB /   0.10 sec =    5.2416 Mbps     0 retrans   1034 KB-cwnd
    0.0625 MB /   0.10 sec =    5.2432 Mbps     0 retrans   1034 KB-cwnd
    0.0625 MB /   0.10 sec =    5.2378 Mbps     0 retrans   1034 KB-cwnd
    0.1250 MB /   0.10 sec =   10.4962 Mbps     0 retrans   1034 KB-cwnd
    0.0625 MB /   0.10 sec =    5.2410 Mbps     0 retrans   1034 KB-cwnd
    0.0625 MB /   0.10 sec =    5.2448 Mbps     0 retrans   1034 KB-cwnd
    0.0625 MB /   0.10 sec =    5.2410 Mbps     0 retrans   1034 KB-cwnd
    0.0625 MB /   0.10 sec =    5.2454 Mbps     0 retrans   1034 KB-cwnd
    0.0625 MB /   0.10 sec =    5.2413 Mbps     0 retrans   1034 KB-cwnd
    0.1250 MB /   0.10 sec =   10.4882 Mbps     0 retrans   1034 KB-cwnd
    0.0625 MB /   0.10 sec =    5.2412 Mbps     0 retrans   1034 KB-cwnd
    0.0625 MB /   0.10 sec =    5.2448 Mbps     0 retrans   1034 KB-cwnd
    0.0625 MB /   0.10 sec =    5.2415 Mbps     0 retrans   1034 KB-cwnd
    0.0625 MB /   0.10 sec =    5.2441 Mbps     0 retrans   1034 KB-cwnd
    0.1250 MB /   0.10 sec =   10.4827 Mbps     0 retrans   1034 KB-cwnd
    0.0625 MB /   0.10 sec =    5.2442 Mbps     0 retrans   1034 KB-cwnd
    0.0625 MB /   0.10 sec =    5.2412 Mbps     0 retrans   1034 KB-cwnd
    0.0625 MB /   0.10 sec =    5.2448 Mbps     0 retrans   1034 KB-cwnd
    0.0625 MB /   0.10 sec =    5.2435 Mbps     0 retrans   1034 KB-cwnd
    0.0625 MB /   0.10 sec =    5.2402 Mbps     0 retrans   1034 KB-cwnd
    0.0625 MB /   0.10 sec =    5.2449 Mbps     0 retrans   1034 KB-cwnd
    0.1250 MB /   0.10 sec =   10.4859 Mbps     0 retrans   1034 KB-cwnd
    0.0625 MB /   0.10 sec =    5.2420 Mbps     0 retrans   1034 KB-cwnd
    0.0625 MB /   0.10 sec =    5.2436 Mbps     0 retrans   1034 KB-cwnd
    0.0625 MB /   0.10 sec =    5.2412 Mbps     0 retrans   1034 KB-cwnd
    0.0625 MB /   0.10 sec =    5.2452 Mbps     0 retrans   1034 KB-cwnd
    0.0625 MB /   0.10 sec =    5.2409 Mbps     0 retrans   1034 KB-cwnd
    0.0625 MB /   0.10 sec =    5.2449 Mbps     0 retrans   1034 KB-cwnd
    0.0625 MB /   0.10 sec =    5.2420 Mbps     0 retrans   1034 KB-cwnd
    0.0625 MB /   0.10 sec =    5.2430 Mbps     0 retrans   1034 KB-cwnd
    0.1250 MB /   0.10 sec =   10.4818 Mbps     0 retrans   1034 KB-cwnd
    0.0625 MB /   0.10 sec =    5.2449 Mbps     0 retrans   1034 KB-cwnd
    0.0625 MB /   0.10 sec =    5.2431 Mbps     0 retrans   1034 KB-cwnd
    0.0625 MB /   0.10 sec =    5.2425 Mbps     0 retrans   1034 KB-cwnd
    0.1250 MB /   0.10 sec =   10.4846 Mbps     0 retrans   1034 KB-cwnd
    0.0625 MB /   0.10 sec =    5.2443 Mbps     0 retrans   1034 KB-cwnd
    0.0625 MB /   0.10 sec =    5.2411 Mbps     0 retrans   1034 KB-cwnd
    0.0625 MB /   0.10 sec =    5.2441 Mbps     0 retrans   1034 KB-cwnd
    0.1250 MB /   0.10 sec =   10.4814 Mbps     0 retrans   1034 KB-cwnd
    0.0625 MB /   0.10 sec =    5.2446 Mbps     0 retrans   1034 KB-cwnd
    0.1250 MB /   0.10 sec =   10.4828 Mbps     0 retrans   1034 KB-cwnd
    0.0625 MB /   0.10 sec =    5.2401 Mbps     0 retrans   1034 KB-cwnd
    0.0625 MB /   0.10 sec =    5.2431 Mbps     0 retrans   1034 KB-cwnd
    0.1250 MB /   0.10 sec =   10.4951 Mbps     0 retrans   1034 KB-cwnd
    0.0625 MB /   0.10 sec =    5.2416 Mbps     0 retrans   1034 KB-cwnd
    0.0625 MB /   0.10 sec =    5.2437 Mbps     0 retrans   1034 KB-cwnd
    0.1250 MB /   0.10 sec =   10.4839 Mbps     0 retrans   1034 KB-cwnd
    0.0625 MB /   0.10 sec =    5.2441 Mbps     0 retrans   1034 KB-cwnd
    0.0625 MB /   0.10 sec =    5.2406 Mbps     0 retrans   1034 KB-cwnd
    0.1250 MB /   0.10 sec =   10.4889 Mbps     0 retrans   1034 KB-cwnd
    0.0625 MB /   0.10 sec =    5.2421 Mbps     0 retrans   1034 KB-cwnd
    0.1250 MB /   0.10 sec =   10.4888 Mbps     0 retrans   1034 KB-cwnd
    0.0625 MB /   0.10 sec =    5.2410 Mbps     0 retrans   1034 KB-cwnd
    0.0625 MB /   0.10 sec =    5.2446 Mbps     0 retrans   1034 KB-cwnd
    0.0625 MB /   0.10 sec =    5.2424 Mbps     0 retrans   1034 KB-cwnd
    0.1250 MB /   0.10 sec =   10.4868 Mbps     0 retrans   1034 KB-cwnd
    0.0625 MB /   0.10 sec =    5.2411 Mbps     0 retrans   1034 KB-cwnd
    0.1250 MB /   0.10 sec =   10.4903 Mbps     0 retrans   1034 KB-cwnd
    0.0625 MB /   0.10 sec =    5.2429 Mbps     0 retrans   1034 KB-cwnd
    0.0625 MB /   0.10 sec =    5.2425 Mbps     0 retrans   1034 KB-cwnd
    0.1250 MB /   0.10 sec =   10.4843 Mbps     0 retrans   1034 KB-cwnd
    0.0625 MB /   0.10 sec =    5.2437 Mbps     0 retrans   1034 KB-cwnd
    0.0625 MB /   0.10 sec =    5.2413 Mbps     0 retrans   1034 KB-cwnd
    0.1250 MB /   0.10 sec =   10.4878 Mbps     0 retrans   1034 KB-cwnd
    0.0625 MB /   0.10 sec =    5.2421 Mbps     0 retrans   1034 KB-cwnd
    0.0625 MB /   0.10 sec =    5.2435 Mbps     0 retrans   1034 KB-cwnd
    0.0625 MB /   0.10 sec =    5.2409 Mbps     0 retrans   1034 KB-cwnd
    0.1250 MB /   0.10 sec =   10.4910 Mbps     0 retrans   1034 KB-cwnd
    0.0625 MB /   0.10 sec =    5.2416 Mbps     0 retrans   1034 KB-cwnd
    0.1250 MB /   0.10 sec =   10.4887 Mbps     0 retrans   1034 KB-cwnd
    0.0000 MB /   0.10 sec =    0.0000 Mbps     0 retrans   1034 KB-cwnd
    0.1250 MB /   0.10 sec =   10.4888 Mbps     0 retrans   1034 KB-cwnd
    0.0625 MB /   0.10 sec =    5.2422 Mbps     0 retrans   1034 KB-cwnd
    0.0625 MB /   0.10 sec =    5.2430 Mbps     0 retrans   1034 KB-cwnd
    0.0625 MB /   0.10 sec =    5.2432 Mbps     0 retrans   1034 KB-cwnd
    0.0625 MB /   0.10 sec =    5.2434 Mbps     0 retrans   1034 KB-cwnd
    0.0625 MB /   0.10 sec =    5.2417 Mbps     0 retrans   1034 KB-cwnd
    0.1250 MB /   0.10 sec =   10.4888 Mbps     0 retrans   1034 KB-cwnd
    0.0625 MB /   0.10 sec =    5.2419 Mbps     0 retrans   1034 KB-cwnd
    0.1250 MB /   0.10 sec =   10.4873 Mbps     0 retrans   1034 KB-cwnd
    0.1250 MB /   0.10 sec =   10.4814 Mbps     0 retrans   1034 KB-cwnd
    0.0625 MB /   0.10 sec =    5.2449 Mbps     0 retrans   1034 KB-cwnd
    0.1250 MB /   0.10 sec =   10.4734 Mbps     0 retrans   1034 KB-cwnd
    0.0625 MB /   0.10 sec =    5.2492 Mbps     0 retrans   1034 KB-cwnd
    0.0625 MB /   0.10 sec =    5.2410 Mbps     0 retrans   1034 KB-cwnd
    0.1250 MB /   0.10 sec =   10.4890 Mbps     0 retrans   1034 KB-cwnd
    0.0625 MB /   0.10 sec =    5.2390 Mbps     0 retrans   1034 KB-cwnd
    0.1250 MB /   0.10 sec =   10.4943 Mbps     0 retrans   1034 KB-cwnd
    0.0625 MB /   0.10 sec =    5.2420 Mbps     0 retrans   1034 KB-cwnd
    0.1250 MB /   0.10 sec =   10.4862 Mbps     0 retrans   1034 KB-cwnd
    0.0625 MB /   0.10 sec =    5.2428 Mbps     0 retrans   1034 KB-cwnd
    0.1250 MB /   0.10 sec =   10.4866 Mbps     0 retrans   1034 KB-cwnd
    0.0625 MB /   0.10 sec =    5.2419 Mbps     0 retrans   1034 KB-cwnd
    0.1875 MB /   0.10 sec =   15.7335 Mbps     0 retrans   1034 KB-cwnd
    0.0000 MB /   0.10 sec =    0.0000 Mbps     0 retrans   1034 KB-cwnd
    0.2500 MB /   0.10 sec =   20.9782 Mbps     0 retrans   1034 KB-cwnd
    0.0625 MB /   0.10 sec =    5.2381 Mbps     0 retrans   1034 KB-cwnd
    0.1250 MB /   0.10 sec =   10.4951 Mbps     0 retrans   1034 KB-cwnd
    0.1250 MB /   0.10 sec =   10.4775 Mbps     0 retrans   1034 KB-cwnd
    0.0625 MB /   0.10 sec =    5.2473 Mbps     0 retrans   1034 KB-cwnd
    0.1250 MB /   0.10 sec =   10.4854 Mbps     0 retrans   1034 KB-cwnd
    0.1250 MB /   0.10 sec =   10.4856 Mbps     0 retrans   1034 KB-cwnd
    0.1250 MB /   0.10 sec =   10.4828 Mbps     0 retrans   1034 KB-cwnd
    0.1250 MB /   0.10 sec =   10.4803 Mbps     0 retrans   1034 KB-cwnd
    0.1250 MB /   0.10 sec =   10.4904 Mbps     0 retrans   1034 KB-cwnd
    0.1250 MB /   0.10 sec =   10.4897 Mbps     0 retrans   1034 KB-cwnd
    0.0625 MB /   0.10 sec =    5.2392 Mbps     0 retrans   1034 KB-cwnd
    0.1250 MB /   0.10 sec =   10.4933 Mbps     0 retrans   1034 KB-cwnd
    0.0625 MB /   0.10 sec =    5.2417 Mbps     0 retrans   1034 KB-cwnd
    0.0625 MB /   0.10 sec =    5.2420 Mbps     0 retrans   1034 KB-cwnd
    0.1250 MB /   0.10 sec =   10.4867 Mbps     0 retrans   1034 KB-cwnd
    0.1250 MB /   0.10 sec =   10.4888 Mbps     0 retrans   1034 KB-cwnd
    0.0625 MB /   0.10 sec =    5.2408 Mbps     0 retrans   1034 KB-cwnd
    0.1250 MB /   0.10 sec =   10.4894 Mbps     0 retrans   1034 KB-cwnd
    0.0625 MB /   0.10 sec =    5.2431 Mbps     0 retrans   1034 KB-cwnd
    0.1250 MB /   0.10 sec =   10.4854 Mbps     0 retrans   1034 KB-cwnd
    0.0625 MB /   0.10 sec =    5.2427 Mbps     0 retrans   1034 KB-cwnd
    0.1250 MB /   0.10 sec =   10.4862 Mbps     0 retrans   1034 KB-cwnd
    0.0625 MB /   0.10 sec =    5.2435 Mbps     0 retrans   1034 KB-cwnd
    0.1250 MB /   0.10 sec =   10.4849 Mbps     0 retrans   1034 KB-cwnd
    0.0625 MB /   0.10 sec =    5.2435 Mbps     0 retrans   1034 KB-cwnd
    0.0625 MB /   0.10 sec =    5.2403 Mbps     0 retrans   1034 KB-cwnd
    0.0625 MB /   0.10 sec =    5.2421 Mbps     0 retrans   1034 KB-cwnd
    0.1875 MB /   0.10 sec =   15.7381 Mbps     0 retrans   1034 KB-cwnd
    0.1250 MB /   0.10 sec =   10.4830 Mbps     0 retrans   1034 KB-cwnd
    0.1250 MB /   0.10 sec =   10.4874 Mbps     0 retrans   1034 KB-cwnd
    0.1250 MB /   0.10 sec =   10.4839 Mbps     0 retrans   1034 KB-cwnd
    0.1250 MB /   0.10 sec =   10.4860 Mbps     0 retrans   1034 KB-cwnd
    0.1250 MB /   0.10 sec =   10.4829 Mbps     0 retrans   1034 KB-cwnd
    0.1250 MB /   0.10 sec =   10.4902 Mbps     0 retrans   1034 KB-cwnd
    0.0625 MB /   0.10 sec =    5.2425 Mbps     0 retrans   1034 KB-cwnd
    0.1250 MB /   0.10 sec =   10.4854 Mbps     0 retrans   1034 KB-cwnd
    0.1250 MB /   0.10 sec =   10.4841 Mbps     0 retrans   1034 KB-cwnd
    0.1250 MB /   0.10 sec =   10.4888 Mbps     0 retrans   1034 KB-cwnd
    0.0625 MB /   0.10 sec =    5.2414 Mbps     0 retrans   1034 KB-cwnd
    0.1250 MB /   0.10 sec =   10.4887 Mbps     0 retrans   1034 KB-cwnd
    0.1250 MB /   0.10 sec =   10.4831 Mbps     0 retrans   1034 KB-cwnd
    0.1875 MB /   0.10 sec =   15.7332 Mbps     0 retrans   1034 KB-cwnd
    0.0625 MB /   0.10 sec =    5.2413 Mbps     0 retrans   1034 KB-cwnd
    0.1250 MB /   0.10 sec =   10.4838 Mbps     0 retrans   1034 KB-cwnd
    0.0625 MB /   0.10 sec =    5.2436 Mbps     0 retrans   1034 KB-cwnd
    0.1250 MB /   0.10 sec =   10.4895 Mbps     0 retrans   1034 KB-cwnd
    0.0625 MB /   0.10 sec =    5.2410 Mbps     0 retrans   1034 KB-cwnd
    0.1875 MB /   0.10 sec =   15.7345 Mbps     0 retrans   1034 KB-cwnd
    0.1250 MB /   0.10 sec =   10.4817 Mbps     0 retrans   1034 KB-cwnd
    0.1250 MB /   0.10 sec =   10.4904 Mbps     0 retrans   1034 KB-cwnd
    0.0625 MB /   0.10 sec =    5.2409 Mbps     0 retrans   1034 KB-cwnd
    0.1250 MB /   0.10 sec =   10.4884 Mbps     0 retrans   1034 KB-cwnd
    0.0625 MB /   0.10 sec =    5.2413 Mbps     0 retrans   1034 KB-cwnd
    0.1875 MB /   0.10 sec =   15.7359 Mbps     0 retrans   1034 KB-cwnd
    0.0625 MB /   0.10 sec =    5.2412 Mbps     0 retrans   1034 KB-cwnd
    0.1250 MB /   0.10 sec =   10.4851 Mbps     0 retrans   1034 KB-cwnd
    0.1250 MB /   0.10 sec =   10.4896 Mbps     0 retrans   1034 KB-cwnd
    0.0625 MB /   0.10 sec =    5.2424 Mbps     0 retrans   1034 KB-cwnd
    0.1250 MB /   0.10 sec =   10.4839 Mbps     0 retrans   1034 KB-cwnd
    0.0625 MB /   0.10 sec =    5.2436 Mbps     0 retrans   1034 KB-cwnd
    0.1250 MB /   0.10 sec =   10.4861 Mbps     0 retrans   1034 KB-cwnd
    0.1250 MB /   0.10 sec =   10.4845 Mbps     0 retrans   1034 KB-cwnd
    0.1250 MB /   0.10 sec =   10.4847 Mbps     0 retrans   1034 KB-cwnd
    0.0625 MB /   0.10 sec =    5.2442 Mbps     0 retrans   1034 KB-cwnd
    0.1250 MB /   0.10 sec =   10.4860 Mbps     0 retrans   1034 KB-cwnd
    0.0625 MB /   0.10 sec =    5.2424 Mbps     0 retrans   1034 KB-cwnd
    0.1250 MB /   0.10 sec =   10.4776 Mbps     0 retrans   1034 KB-cwnd
    0.0625 MB /   0.10 sec =    5.2471 Mbps     0 retrans   1034 KB-cwnd
    0.0625 MB /   0.10 sec =    5.2398 Mbps     0 retrans   1034 KB-cwnd
    0.1250 MB /   0.10 sec =   10.4910 Mbps     0 retrans   1034 KB-cwnd
    0.0625 MB /   0.10 sec =    5.2439 Mbps     0 retrans   1034 KB-cwnd
    0.0625 MB /   0.10 sec =    5.2417 Mbps     0 retrans   1034 KB-cwnd
    0.1250 MB /   0.10 sec =   10.4823 Mbps     0 retrans   1034 KB-cwnd
    0.0625 MB /   0.10 sec =    5.2455 Mbps     0 retrans   1034 KB-cwnd
    0.0625 MB /   0.10 sec =    5.2416 Mbps     0 retrans   1034 KB-cwnd
    0.0625 MB /   0.10 sec =    5.2437 Mbps     0 retrans   1034 KB-cwnd
    0.0625 MB /   0.10 sec =    5.2425 Mbps     0 retrans   1034 KB-cwnd
    0.0000 MB /   0.10 sec =    0.0000 Mbps     0 retrans   1034 KB-cwnd
    0.1875 MB /   0.10 sec =   15.7308 Mbps     0 retrans   1034 KB-cwnd
    0.0000 MB /   0.10 sec =    0.0000 Mbps     0 retrans   1034 KB-cwnd
nuttcp-t: 62.3016 MB in 30.00 real seconds = 2126.55 KB/sec = 17.4207 Mbps
nuttcp-t: retrans = 0 cwnd = 1034 KB
nuttcp-t: 997 I/O calls, msec/call = 30.81, calls/sec = 33.23
nuttcp-t: 0.0user 0.0sys 0:30real 0% 0i+0d 1248maxrss 0+1pf 4+2csw

nuttcp-r: 62.3016 MB in 58.52 real seconds = 1090.17 KB/sec = 8.9307 Mbps
nuttcp-r: 30747 I/O calls, msec/call = 1.95, calls/sec = 525.41
nuttcp-r: 0.0user 0.6sys 0:58real 1% 0i+0d 98maxrss 0+15pf 30061+6csw
