1660159128490
nuttcp-r: v8.1.4: socket
nuttcp-r: buflen=65536, nstream=1, port=5003 tcp
nuttcp-r: interval reporting every 0.10 seconds
nuttcp-r: connect to 54.176.53.206 with RTT=88.731 ms af=inet
nuttcp-r: send window size = 524288, receive window size = 52428800
nuttcp-r: available send window = 393216, available receive window = 39321600
    0.0000 MB /   0.10 sec =    0.0000 Mbps    -1 retrans
    0.0000 MB /   0.10 sec =    0.0000 Mbps     0 retrans
    0.0625 MB /   0.10 sec =    5.2426 Mbps     1 retrans
    0.0625 MB /   0.10 sec =    5.2430 Mbps     0 retrans
    0.1250 MB /   0.10 sec =   10.4918 Mbps     0 retrans
    0.1250 MB /   0.10 sec =   10.4876 Mbps     0 retrans
    0.1250 MB /   0.10 sec =   10.4854 Mbps     0 retrans
    0.0625 MB /   0.10 sec =    5.2427 Mbps     0 retrans
    0.1250 MB /   0.10 sec =   10.4853 Mbps     0 retrans
    0.1250 MB /   0.10 sec =   10.4864 Mbps     0 retrans
    0.1250 MB /   0.10 sec =   10.4838 Mbps     0 retrans
    0.1875 MB /   0.10 sec =   15.7341 Mbps     0 retrans
    0.1875 MB /   0.10 sec =   15.7242 Mbps     0 retrans
    0.1875 MB /   0.10 sec =   15.7285 Mbps     0 retrans
    0.1875 MB /   0.10 sec =   15.7330 Mbps     0 retrans
    0.1250 MB /   0.10 sec =   10.4849 Mbps     0 retrans
    0.1250 MB /   0.10 sec =   10.4838 Mbps     0 retrans
    0.0625 MB /   0.10 sec =    5.2437 Mbps     0 retrans
    0.1250 MB /   0.10 sec =   10.4856 Mbps     0 retrans
    0.3125 MB /   0.10 sec =   26.2152 Mbps     0 retrans
    0.1875 MB /   0.10 sec =   15.7257 Mbps     0 retrans
    0.1250 MB /   0.10 sec =   10.4869 Mbps     0 retrans
    0.1875 MB /   0.10 sec =   15.7258 Mbps     0 retrans
    0.1875 MB /   0.10 sec =   15.7346 Mbps     0 retrans
    0.1875 MB /   0.10 sec =   15.7233 Mbps     0 retrans
    0.1875 MB /   0.10 sec =   15.7294 Mbps     0 retrans
    0.1875 MB /   0.10 sec =   15.7260 Mbps     0 retrans
    0.2500 MB /   0.10 sec =   20.9782 Mbps     0 retrans
    0.1875 MB /   0.10 sec =   15.7170 Mbps     0 retrans
    0.1875 MB /   0.10 sec =   15.7302 Mbps     0 retrans
    0.2500 MB /   0.10 sec =   20.9757 Mbps     0 retrans
    0.1875 MB /   0.10 sec =   15.7318 Mbps     0 retrans
    0.1875 MB /   0.10 sec =   15.7238 Mbps     0 retrans
    0.3125 MB /   0.10 sec =   26.1968 Mbps     0 retrans
    0.1875 MB /   0.10 sec =   15.7316 Mbps     0 retrans
    0.1875 MB /   0.10 sec =   15.7406 Mbps     0 retrans
    0.3125 MB /   0.10 sec =   26.2199 Mbps     0 retrans
    0.1875 MB /   0.10 sec =   15.7294 Mbps     0 retrans
    0.2500 MB /   0.10 sec =   20.9673 Mbps     0 retrans
    0.1875 MB /   0.10 sec =   15.7167 Mbps     0 retrans
    0.1875 MB /   0.10 sec =   15.7308 Mbps     0 retrans
    0.2500 MB /   0.10 sec =   20.9717 Mbps     0 retrans
    0.2500 MB /   0.10 sec =   20.9902 Mbps     0 retrans
    0.2500 MB /   0.10 sec =   20.9391 Mbps     0 retrans
    0.1875 MB /   0.10 sec =   15.7397 Mbps     0 retrans
    0.2500 MB /   0.10 sec =   20.9780 Mbps     0 retrans
    0.2500 MB /   0.10 sec =   20.9682 Mbps     0 retrans
    0.1875 MB /   0.10 sec =   15.7260 Mbps     0 retrans
    0.1875 MB /   0.10 sec =   15.7244 Mbps     0 retrans
    0.3125 MB /   0.10 sec =   26.2139 Mbps     0 retrans
    0.1875 MB /   0.10 sec =   15.7444 Mbps     0 retrans
    0.2500 MB /   0.10 sec =   20.9583 Mbps     0 retrans
    0.2500 MB /   0.10 sec =   20.9617 Mbps     0 retrans
    0.1875 MB /   0.10 sec =   15.7389 Mbps     0 retrans
    0.2500 MB /   0.10 sec =   20.9686 Mbps     0 retrans
    0.2500 MB /   0.10 sec =   20.9774 Mbps     0 retrans
    0.2500 MB /   0.10 sec =   20.9594 Mbps     0 retrans
    0.2500 MB /   0.10 sec =   20.9816 Mbps     0 retrans
    0.1875 MB /   0.10 sec =   15.7228 Mbps     0 retrans
    0.2500 MB /   0.10 sec =   20.9839 Mbps     0 retrans
    0.2500 MB /   0.10 sec =   20.9759 Mbps     0 retrans
    0.1875 MB /   0.10 sec =   15.7264 Mbps     0 retrans
    0.2500 MB /   0.10 sec =   20.9701 Mbps     0 retrans
    0.2500 MB /   0.10 sec =   20.9726 Mbps     0 retrans
    0.2500 MB /   0.10 sec =   20.9644 Mbps     0 retrans
    0.2500 MB /   0.10 sec =   20.9745 Mbps     0 retrans
    0.1875 MB /   0.10 sec =   15.7269 Mbps     0 retrans
    0.2500 MB /   0.10 sec =   20.9749 Mbps     0 retrans
    0.1875 MB /   0.10 sec =   15.7272 Mbps     0 retrans
    0.3125 MB /   0.10 sec =   26.2162 Mbps     0 retrans
    0.2500 MB /   0.10 sec =   20.9766 Mbps     0 retrans
    0.1875 MB /   0.10 sec =   15.7224 Mbps     0 retrans
    0.2500 MB /   0.10 sec =   20.9778 Mbps     0 retrans
    0.2500 MB /   0.10 sec =   20.9740 Mbps     0 retrans
    0.1875 MB /   0.10 sec =   15.7286 Mbps     0 retrans
    0.2500 MB /   0.10 sec =   20.9612 Mbps     0 retrans
    0.3125 MB /   0.10 sec =   26.2165 Mbps     0 retrans
    0.1875 MB /   0.10 sec =   15.7151 Mbps     0 retrans
    0.2500 MB /   0.10 sec =   20.9934 Mbps     0 retrans
    0.2500 MB /   0.10 sec =   20.9669 Mbps     0 retrans
    0.2500 MB /   0.10 sec =   20.9761 Mbps     0 retrans
    0.2500 MB /   0.10 sec =   20.9709 Mbps     0 retrans
    0.2500 MB /   0.10 sec =   20.9724 Mbps     0 retrans
    0.2500 MB /   0.10 sec =   20.9768 Mbps     0 retrans
    0.2500 MB /   0.10 sec =   20.9646 Mbps     0 retrans
    0.2500 MB /   0.10 sec =   20.9770 Mbps     0 retrans
    0.1875 MB /   0.10 sec =   15.7310 Mbps     0 retrans
    0.2500 MB /   0.10 sec =   20.9617 Mbps     0 retrans
    0.2500 MB /   0.10 sec =   20.9740 Mbps     0 retrans
    0.3125 MB /   0.10 sec =   26.2207 Mbps     0 retrans
    0.1875 MB /   0.10 sec =   15.7291 Mbps     0 retrans
    0.1875 MB /   0.10 sec =   15.7213 Mbps     0 retrans
    0.2500 MB /   0.10 sec =   20.9497 Mbps     0 retrans
    0.1875 MB /   0.10 sec =   15.6916 Mbps     0 retrans
    0.2500 MB /   0.10 sec =   21.0439 Mbps     0 retrans
    0.2500 MB /   0.10 sec =   20.9719 Mbps     0 retrans
    0.1875 MB /   0.10 sec =   15.7315 Mbps     0 retrans
    0.1875 MB /   0.10 sec =   15.7302 Mbps     0 retrans
    0.2500 MB /   0.10 sec =   20.9759 Mbps     0 retrans
    0.3125 MB /   0.10 sec =   26.1843 Mbps     0 retrans
    0.1875 MB /   0.10 sec =   15.7488 Mbps     0 retrans
    0.2500 MB /   0.10 sec =   20.9598 Mbps     0 retrans
    0.3125 MB /   0.10 sec =   26.2131 Mbps     0 retrans
    0.2500 MB /   0.10 sec =   20.9728 Mbps     0 retrans
    0.1875 MB /   0.10 sec =   15.7268 Mbps     0 retrans
    0.3125 MB /   0.10 sec =   26.2280 Mbps     0 retrans
    0.3125 MB /   0.10 sec =   26.2039 Mbps     0 retrans
    0.2500 MB /   0.10 sec =   20.9793 Mbps     0 retrans
    0.3125 MB /   0.10 sec =   26.2157 Mbps     0 retrans
    0.3125 MB /   0.10 sec =   26.2081 Mbps     0 retrans
    0.2500 MB /   0.10 sec =   20.9738 Mbps     0 retrans
    0.3125 MB /   0.10 sec =   26.2110 Mbps     0 retrans
    0.3125 MB /   0.10 sec =   26.2107 Mbps     0 retrans
    0.3125 MB /   0.10 sec =   26.2196 Mbps     0 retrans
    0.2500 MB /   0.10 sec =   20.9573 Mbps     0 retrans
    0.3125 MB /   0.10 sec =   26.2325 Mbps     0 retrans
    0.2500 MB /   0.10 sec =   20.9742 Mbps     0 retrans
    0.3125 MB /   0.10 sec =   26.2165 Mbps     0 retrans
    0.3125 MB /   0.10 sec =   26.2120 Mbps     0 retrans
    0.3125 MB /   0.10 sec =   26.2152 Mbps     0 retrans
    0.2500 MB /   0.10 sec =   20.9701 Mbps     0 retrans
    0.3125 MB /   0.10 sec =   26.2136 Mbps     0 retrans
    0.3125 MB /   0.10 sec =   26.2165 Mbps     0 retrans
    0.3125 MB /   0.10 sec =   26.2097 Mbps     0 retrans
    0.3750 MB /   0.10 sec =   31.4664 Mbps     0 retrans
    0.3125 MB /   0.10 sec =   26.2128 Mbps     0 retrans
    0.3125 MB /   0.10 sec =   26.2118 Mbps     0 retrans
    0.3125 MB /   0.10 sec =   26.2173 Mbps     0 retrans
    0.3750 MB /   0.10 sec =   31.4551 Mbps     0 retrans
    0.3125 MB /   0.10 sec =   26.2120 Mbps     0 retrans
    0.3125 MB /   0.10 sec =   26.2191 Mbps     0 retrans
    0.3750 MB /   0.10 sec =   31.4504 Mbps     0 retrans
    0.3750 MB /   0.10 sec =   31.4620 Mbps     0 retrans
    0.3750 MB /   0.10 sec =   31.4409 Mbps     0 retrans
    0.3750 MB /   0.10 sec =   31.4727 Mbps     0 retrans
    0.4375 MB /   0.10 sec =   36.6961 Mbps     0 retrans
    0.4375 MB /   0.10 sec =   36.7009 Mbps     0 retrans
    0.4375 MB /   0.10 sec =   36.6987 Mbps     0 retrans
    0.5000 MB /   0.10 sec =   41.9439 Mbps     0 retrans
    0.2500 MB /   0.10 sec =   20.9577 Mbps     0 retrans
    0.5000 MB /   0.10 sec =   41.9796 Mbps     0 retrans
    0.4375 MB /   0.10 sec =   36.6862 Mbps     0 retrans
    0.5000 MB /   0.10 sec =   41.9435 Mbps     0 retrans
    0.4375 MB /   0.10 sec =   36.7123 Mbps     0 retrans
    0.4375 MB /   0.10 sec =   36.6057 Mbps     0 retrans
    0.5000 MB /   0.10 sec =   42.0503 Mbps     0 retrans
    0.5000 MB /   0.10 sec =   41.9456 Mbps     0 retrans
    0.5000 MB /   0.10 sec =   41.9405 Mbps     0 retrans
    0.4375 MB /   0.10 sec =   36.6870 Mbps     0 retrans
    0.5000 MB /   0.10 sec =   41.9414 Mbps     0 retrans
    0.5625 MB /   0.10 sec =   47.2029 Mbps     0 retrans
    0.5625 MB /   0.10 sec =   47.1826 Mbps     0 retrans
    0.6250 MB /   0.10 sec =   52.4330 Mbps     0 retrans
    0.6250 MB /   0.10 sec =   52.4351 Mbps     0 retrans
    0.3750 MB /   0.10 sec =   31.4510 Mbps     0 retrans
    0.6250 MB /   0.10 sec =   52.4325 Mbps     0 retrans
    0.5625 MB /   0.10 sec =   47.1732 Mbps     0 retrans
    0.6250 MB /   0.10 sec =   52.4419 Mbps     0 retrans
    0.5625 MB /   0.10 sec =   47.1746 Mbps     0 retrans
    0.5625 MB /   0.10 sec =   47.1869 Mbps     0 retrans
    0.7500 MB /   0.10 sec =   62.9246 Mbps     0 retrans
    0.7500 MB /   0.10 sec =   62.9076 Mbps     0 retrans
    0.6875 MB /   0.10 sec =   57.6475 Mbps     0 retrans
    0.6875 MB /   0.10 sec =   57.6936 Mbps     0 retrans
    0.6250 MB /   0.10 sec =   52.4435 Mbps     0 retrans
    0.7500 MB /   0.10 sec =   62.9133 Mbps     0 retrans
    0.6875 MB /   0.10 sec =   57.6734 Mbps     0 retrans
    0.6875 MB /   0.10 sec =   57.6717 Mbps     0 retrans
    0.5625 MB /   0.10 sec =   47.1765 Mbps     0 retrans
    0.8125 MB /   0.10 sec =   68.1663 Mbps     0 retrans
    0.7500 MB /   0.10 sec =   62.9095 Mbps     0 retrans
    0.8125 MB /   0.10 sec =   68.1424 Mbps     0 retrans
    0.7500 MB /   0.10 sec =   62.9259 Mbps     0 retrans
    0.6875 MB /   0.10 sec =   57.6642 Mbps     0 retrans
    0.7500 MB /   0.10 sec =   62.9391 Mbps     0 retrans
    0.7500 MB /   0.10 sec =   62.8932 Mbps     0 retrans
    0.8125 MB /   0.10 sec =   68.1622 Mbps     0 retrans
    0.8750 MB /   0.10 sec =   73.3989 Mbps     0 retrans
    0.6875 MB /   0.10 sec =   57.6780 Mbps     0 retrans
    0.9375 MB /   0.10 sec =   78.6346 Mbps     0 retrans
    0.9375 MB /   0.10 sec =   78.6424 Mbps     0 retrans
    0.9375 MB /   0.10 sec =   78.6377 Mbps     0 retrans
    0.9375 MB /   0.10 sec =   78.6542 Mbps     0 retrans
    0.9375 MB /   0.10 sec =   78.6471 Mbps     0 retrans
    0.7500 MB /   0.10 sec =   62.9089 Mbps     0 retrans
    0.9375 MB /   0.10 sec =   78.6581 Mbps     0 retrans
    0.9375 MB /   0.10 sec =   78.6267 Mbps     0 retrans
    1.0000 MB /   0.10 sec =   83.8894 Mbps     0 retrans
    1.0000 MB /   0.10 sec =   83.8844 Mbps     0 retrans
    0.9375 MB /   0.10 sec =   78.6448 Mbps     0 retrans
    0.9375 MB /   0.10 sec =   78.6605 Mbps     0 retrans
    1.1875 MB /   0.10 sec =   99.6038 Mbps     0 retrans
    1.2500 MB /   0.10 sec =  104.8607 Mbps     0 retrans
    1.2500 MB /   0.10 sec =  104.8366 Mbps     0 retrans
    1.0000 MB /   0.10 sec =   83.8936 Mbps     0 retrans
    1.3125 MB /   0.10 sec =  110.0961 Mbps     0 retrans
    1.1875 MB /   0.10 sec =   99.6327 Mbps     0 retrans
    1.3125 MB /   0.10 sec =  110.0576 Mbps     0 retrans
    0.6875 MB /   0.10 sec =   57.6930 Mbps     0 retrans
    1.5000 MB /   0.10 sec =  125.8002 Mbps     0 retrans
    1.3750 MB /   0.10 sec =  115.3849 Mbps     0 retrans
    1.1250 MB /   0.10 sec =   94.3605 Mbps     0 retrans
    1.5000 MB /   0.10 sec =  125.8253 Mbps     0 retrans
    1.5000 MB /   0.10 sec =  125.7977 Mbps     0 retrans
    1.5000 MB /   0.10 sec =  125.7373 Mbps     0 retrans
    0.5000 MB /   0.10 sec =   41.9749 Mbps     0 retrans
    1.6875 MB /   0.10 sec =  141.5889 Mbps     0 retrans
    0.7500 MB /   0.10 sec =   62.9076 Mbps     0 retrans
    1.3125 MB /   0.10 sec =  110.1005 Mbps     0 retrans
    1.3125 MB /   0.10 sec =  110.1104 Mbps     0 retrans
    1.6875 MB /   0.10 sec =  141.0289 Mbps     0 retrans
    1.3125 MB /   0.10 sec =  110.5027 Mbps     0 retrans
    1.8750 MB /   0.10 sec =  157.3242 Mbps     0 retrans
    1.2500 MB /   0.10 sec =  104.8073 Mbps     0 retrans
    1.8750 MB /   0.10 sec =  157.2927 Mbps     0 retrans
    0.8750 MB /   0.10 sec =   73.4179 Mbps     0 retrans
    2.0000 MB /   0.10 sec =  167.7940 Mbps     0 retrans
    1.3125 MB /   0.10 sec =  110.0862 Mbps     0 retrans
    1.5625 MB /   0.10 sec =  131.0838 Mbps     0 retrans
    1.5000 MB /   0.10 sec =  125.8102 Mbps     0 retrans
    1.5625 MB /   0.10 sec =  131.0799 Mbps     0 retrans
    1.5625 MB /   0.10 sec =  131.0877 Mbps     0 retrans
    1.3750 MB /   0.10 sec =  115.3203 Mbps     0 retrans
    1.6875 MB /   0.10 sec =  141.5648 Mbps     0 retrans
    2.0625 MB /   0.10 sec =  173.0168 Mbps     0 retrans
    1.3125 MB /   0.10 sec =  110.1027 Mbps     0 retrans
    2.1875 MB /   0.10 sec =  183.5338 Mbps     0 retrans
    1.5625 MB /   0.10 sec =  131.0314 Mbps     0 retrans
    1.8125 MB /   0.10 sec =  152.0755 Mbps     0 retrans
    1.5625 MB /   0.10 sec =  131.0786 Mbps     0 retrans
    1.8125 MB /   0.10 sec =  152.0298 Mbps     0 retrans
    1.5625 MB /   0.10 sec =  131.0864 Mbps     0 retrans
    1.0000 MB /   0.10 sec =   83.8785 Mbps     0 retrans
    1.3750 MB /   0.10 sec =  115.2800 Mbps     0 retrans
    0.9375 MB /   0.10 sec =   78.6841 Mbps     0 retrans
    0.7500 MB /   0.10 sec =   62.9133 Mbps     0 retrans
    0.7500 MB /   0.10 sec =   62.8932 Mbps     0 retrans
    0.6875 MB /   0.10 sec =   56.7909 Mbps     0 retrans
    1.0625 MB /   0.10 sec =   90.5497 Mbps     0 retrans
    1.1250 MB /   0.10 sec =   94.3936 Mbps     0 retrans
    1.1875 MB /   0.10 sec =   99.5958 Mbps     0 retrans
    1.4375 MB /   0.10 sec =  120.5814 Mbps     0 retrans
    1.5000 MB /   0.10 sec =  125.8316 Mbps     0 retrans
    2.0000 MB /   0.10 sec =  167.8007 Mbps     0 retrans
    2.0000 MB /   0.10 sec =  167.7151 Mbps     0 retrans
    1.9375 MB /   0.10 sec =  162.5179 Mbps     0 retrans
    1.8125 MB /   0.10 sec =  151.9478 Mbps     0 retrans
    1.9375 MB /   0.10 sec =  162.5829 Mbps     0 retrans
    2.2500 MB /   0.10 sec =  188.8721 Mbps     0 retrans
    1.8750 MB /   0.10 sec =  157.2927 Mbps     0 retrans
    2.2500 MB /   0.10 sec =  188.7324 Mbps     0 retrans
    1.6875 MB /   0.10 sec =  141.4672 Mbps     0 retrans
    2.0000 MB /   0.10 sec =  167.5460 Mbps     0 retrans
    2.1875 MB /   0.10 sec =  183.8925 Mbps     0 retrans
    2.1875 MB /   0.10 sec =  183.4403 Mbps     0 retrans
    2.1875 MB /   0.10 sec =  183.5669 Mbps     0 retrans
    1.8750 MB /   0.10 sec =  157.2675 Mbps     0 retrans
    1.8750 MB /   0.10 sec =  157.2785 Mbps     0 retrans
    2.0000 MB /   0.10 sec =  167.7520 Mbps     0 retrans
    1.9375 MB /   0.10 sec =  162.3685 Mbps     0 retrans
    2.1250 MB /   0.10 sec =  178.4828 Mbps     0 retrans
    2.1875 MB /   0.10 sec =  183.4604 Mbps     0 retrans
    2.2500 MB /   0.10 sec =  188.7644 Mbps     0 retrans
    2.2500 MB /   0.10 sec =  188.7418 Mbps     0 retrans
    2.0000 MB /   0.10 sec =  167.7722 Mbps     0 retrans
    2.3125 MB /   0.10 sec =  193.9827 Mbps     0 retrans
    1.4375 MB /   0.10 sec =  120.6055 Mbps     0 retrans
    1.9375 MB /   0.10 sec =  162.5260 Mbps     0 retrans
    2.0625 MB /   0.10 sec =  173.0012 Mbps     0 retrans
    2.3125 MB /   0.10 sec =  193.9924 Mbps     0 retrans
    2.1250 MB /   0.10 sec =  178.2651 Mbps     0 retrans
    2.0000 MB /   0.10 sec =  167.7621 Mbps     0 retrans
    2.0000 MB /   0.10 sec =  167.7839 Mbps     0 retrans
    1.6875 MB /   0.10 sec =  141.5238 Mbps     0 retrans
    2.0000 MB /   0.10 sec =  167.7722 Mbps     0 retrans
    1.8750 MB /   0.10 sec =  157.2880 Mbps     0 retrans
    2.1250 MB /   0.10 sec =  178.2971 Mbps     0 retrans
    2.1875 MB /   0.10 sec =  183.4659 Mbps     0 retrans
    2.1250 MB /   0.10 sec =  178.2419 Mbps     0 retrans
    2.1875 MB /   0.10 sec =  183.5118 Mbps     0 retrans
    1.6250 MB /   0.10 sec =  136.3285 Mbps     0 retrans
    1.1875 MB /   0.10 sec =   99.6207 Mbps     0 retrans
    2.1250 MB /   0.10 sec =  178.2205 Mbps     0 retrans
    1.8750 MB /   0.10 sec =  157.3084 Mbps     0 retrans
    2.0625 MB /   0.10 sec =  173.0289 Mbps     0 retrans
    2.0625 MB /   0.10 sec =  173.0272 Mbps     0 retrans
    2.3750 MB /   0.10 sec =  199.2135 Mbps     0 retrans
    1.5000 MB /   0.10 sec =  125.8404 Mbps     0 retrans
    1.5625 MB /   0.10 sec =  131.0523 Mbps     0 retrans
    1.8750 MB /   0.10 sec =  157.3084 Mbps     0 retrans
    2.1250 MB /   0.10 sec =  178.2775 Mbps     0 retrans
    2.0000 MB /   0.10 sec =  167.7571 Mbps     0 retrans
    2.2500 MB /   0.10 sec =  188.7173 Mbps     0 retrans
    1.7500 MB /   0.10 sec =  146.7904 Mbps     0 retrans
    2.1250 MB /   0.10 sec =  178.2490 Mbps     0 retrans
    1.8125 MB /   0.10 sec =  152.0694 Mbps     0 retrans
    1.8125 MB /   0.10 sec =  152.0450 Mbps     0 retrans
    2.1875 MB /   0.10 sec =  183.5136 Mbps     0 retrans
    1.8125 MB /   0.10 sec =  151.9858 Mbps     0 retrans
    1.6250 MB /   0.10 sec =  136.3558 Mbps     0 retrans
    1.8750 MB /   0.10 sec =  157.2612 Mbps     0 retrans
    2.0625 MB /   0.10 sec =  173.0150 Mbps     0 retrans
    1.8125 MB /   0.10 sec =  152.0314 Mbps     0 retrans
    1.9375 MB /   0.10 sec =  162.5829 Mbps     0 retrans
    2.1875 MB /   0.10 sec =  183.5118 Mbps     0 retrans
    1.9375 MB /   0.10 sec =  162.4822 Mbps     0 retrans
    1.8750 MB /   0.10 sec =  157.2817 Mbps     0 retrans
    2.0000 MB /   0.10 sec =  167.7873 Mbps     0 retrans
    1.8750 MB /   0.10 sec =  157.2864 Mbps     0 retrans
    1.4375 MB /   0.10 sec =  120.5633 Mbps     0 retrans
    1.7500 MB /   0.10 sec =  146.8021 Mbps     0 retrans
    1.4375 MB /   0.10 sec =  120.6152 Mbps     0 retrans
    2.4375 MB /   0.10 sec =  204.4703 Mbps     0 retrans
    2.0000 MB /   0.10 sec =  167.7923 Mbps     0 retrans
    1.3750 MB /   0.10 sec =  115.2938 Mbps     0 retrans
    2.4375 MB /   0.10 sec =  204.4764 Mbps     0 retrans
    1.8125 MB /   0.10 sec =  152.0861 Mbps     0 retrans
    2.0000 MB /   0.10 sec =  167.2337 Mbps     0 retrans
    1.9375 MB /   0.10 sec =  163.0396 Mbps     0 retrans
    2.0625 MB /   0.10 sec =  173.0150 Mbps     0 retrans
    2.6250 MB /   0.10 sec =  220.0469 Mbps     0 retrans
    2.1250 MB /   0.10 sec =  178.4274 Mbps     0 retrans
    1.8750 MB /   0.10 sec =  157.2612 Mbps     0 retrans
    1.1250 MB /   0.10 sec =   94.3624 Mbps     0 retrans
nuttcp-r: 298.2362 MB in 32.43 real seconds = 9417.67 KB/sec = 77.1496 Mbps
nuttcp-r: 21772 I/O calls, msec/call = 1.53, calls/sec = 671.40
nuttcp-r: 0.0user 0.8sys 0:32real 2% 0i+0d 1220maxrss 0+1pf 10606+57csw

nuttcp-t: Warning: send window size 25000000 < requested window size 26214400
nuttcp-t: v6.1.2: socket
nuttcp-t: buflen=65536, nstream=1, port=5003 tcp -> 166.194.146.129
nuttcp-t: time limit = 30.00 seconds
nuttcp-t: accept from 166.194.146.129 with mss=1378
nuttcp-t: send window size = 50000000, receive window size = 25000000
nuttcp-t: available send window = 25000000, available receive window = 12500000
nuttcp-t: 298.2362 MB in 30.00 real seconds = 10179.77 KB/sec = 83.3927 Mbps
nuttcp-t: retrans = 0
nuttcp-t: 4772 I/O calls, msec/call = 6.44, calls/sec = 159.07
nuttcp-t: 0.0user 0.1sys 0:30real 0% 0i+0d 98maxrss 0+0pf 17+1csw
