[2022-08-12 22:14:20] Streaming started to Samsung SM-G998U1 Android 12 at 0.0.0.0:0, audio channels = 2, MTU = 1472
[2022-08-12 22:14:20] Streaming quality: k_EStreamQualityBeautiful
[2022-08-12 22:14:20] Streaming bitrate: Unlimited
[2022-08-12 22:14:20] Device form factor: phone
[2022-08-12 22:14:20] Maximum capture: 3840x2160 60.00 FPS
[2022-08-12 22:14:20] Video Streaming: enabled
[2022-08-12 22:14:20] Audio Streaming: enabled
[2022-08-12 22:14:20] Input Streaming: enabled
[2022-08-12 22:14:20] =====================================================================
[2022-08-12 22:14:20] Game: Counter-Strike: Global Offensive (730)
[2022-08-12 22:14:20] Setting target bitrate to 100000 Kbit/s, burst bitrate is 500000 Kbit/s
[2022-08-12 22:14:20] Streamed game has created a window
[2022-08-12 22:14:20] SynchronizeClientState(): setting capture size 1280x800
[2022-08-12 22:14:20] SynchronizeClientState(): setting title to Counter-Strike: Global Offensive - Direct3D 9
[2022-08-12 22:14:20] SynchronizeClientState(): setting icon 32x32
[2022-08-12 22:14:20] SynchronizeClientState(): setting cursor hidden
[2022-08-12 22:14:20] SynchronizeClientState(): setting keymap
[2022-08-12 22:14:20] SynchronizeClientState(): setting activity to k_EStreamActivityGame: Counter-Strike: Global Offensive
[2022-08-12 22:14:20] Recording system audio
[2022-08-12 22:14:20] Audio recording init failed, couldn't get the default audio endpoint: 0x80070490
[2022-08-12 22:14:20] Failed to init system audio recording: 1
[2022-08-12 22:14:20] Audio mix: start=44433009433, returned=0
[2022-08-12 22:14:21] >>> Switching video stream from NONE to GameOverlay_MovieStream_5048
[2022-08-12 22:14:21] CLIENT: Got control packet k_EStreamControlSetQoS
[2022-08-12 22:14:21] CLIENT: Got control packet k_EStreamControlSetTargetBitrate
[2022-08-12 22:14:21] CLIENT: Starting audio stream: frequency=48000, channels=2
[2022-08-12 22:14:21] CLIENT: Opened audio device: format=2, channels=2, frequency=48000
[2022-08-12 22:14:21] CLIENT: Initialized audio decoder: codec=3, sample rate=48000, channels=2
[2022-08-12 22:14:21] CLIENT: Got control packet k_EStreamControlStartAudioData
[2022-08-12 22:14:21] CLIENT: Got control packet k_EStreamControlSetSpectatorMode
[2022-08-12 22:14:21] CLIENT: Got control packet k_EStreamControlSetCaptureSize
[2022-08-12 22:14:21] CLIENT: Got control packet k_EStreamControlSetTitle
[2022-08-12 22:14:21] CLIENT: Got control packet k_EStreamControlSetIcon
[2022-08-12 22:14:21] CLIENT: Got control packet k_EStreamControlHideCursor
[2022-08-12 22:14:21] CLIENT: Got control packet k_EStreamControlSetKeymap
[2022-08-12 22:14:21] CLIENT: Got control packet k_EStreamControlSetActivity
[2022-08-12 22:14:21] >>> Capture method set to Game threaded D3D9 NV12 + NVENC H264
[2022-08-12 22:14:21] >>> Capture resolution set to 1280x800
[2022-08-12 22:14:21] >>> Capture colorspace set to BT.601 limited range
[2022-08-12 22:14:21] >>> Client video decoder set to Android texture hardware decoding
[2022-08-12 22:14:21] CLIENT: Android texture hardware decoding
[2022-08-12 22:14:21] CLIENT: Got control packet k_EStreamControlStartVideoData
[2022-08-12 22:14:21] CLIENT: Got control packet k_EStreamControlVideoEncoderInfo
[2022-08-12 22:14:22] CLIENT: BSubmitFrame(): No input buffer available
[2022-08-12 22:14:22] CLIENT: Marking frame 24 complete with status k_EStreamFrameResultDroppedReset
[2022-08-12 22:14:22] CLIENT: BSubmitFrame(): No input buffer available
[2022-08-12 22:14:22] CLIENT: Marking frame 25 complete with status k_EStreamFrameResultDroppedReset
[2022-08-12 22:14:22] CLIENT: Video overflow (216.34ms queued), requesting keyframe synchronization
[2022-08-12 22:14:22] CLIENT: Android texture hardware decoding
[2022-08-12 22:14:22] CLIENT: Marking frame 26 complete with status k_EStreamFrameResultDroppedReset
[2022-08-12 22:14:22] CLIENT: Marking frame 27 complete with status k_EStreamFrameResultDroppedReset
[2022-08-12 22:14:22] CLIENT: Marking frame 28 complete with status k_EStreamFrameResultDroppedReset
[2022-08-12 22:14:22] CLIENT: Marking frame 29 complete with status k_EStreamFrameResultDroppedReset
[2022-08-12 22:14:22] CLIENT: Marking frame 30 complete with status k_EStreamFrameResultDroppedReset
[2022-08-12 22:14:22] CLIENT: Marking frame 31 complete with status k_EStreamFrameResultDroppedReset
[2022-08-12 22:14:22] CLIENT: Marking frame 32 complete with status k_EStreamFrameResultDroppedReset
[2022-08-12 22:14:22] CLIENT: Marking frame 33 complete with status k_EStreamFrameResultDroppedReset
[2022-08-12 22:14:22] CLIENT: Marking frame 34 complete with status k_EStreamFrameResultDroppedReset
[2022-08-12 22:14:22] CLIENT: Marking frame 35 complete with status k_EStreamFrameResultDroppedReset
[2022-08-12 22:14:22] CLIENT: Marking frame 36 complete with status k_EStreamFrameResultDroppedReset
[2022-08-12 22:14:22] CLIENT: Marking frame 37 complete with status k_EStreamFrameResultDroppedReset
[2022-08-12 22:14:22] CLIENT: Marking frame 38 complete with status k_EStreamFrameResultDroppedReset
[2022-08-12 22:14:22] CLIENT: Marking frame 39 complete with status k_EStreamFrameResultDroppedReset
[2022-08-12 22:14:22] CLIENT: Marking frame 40 complete with status k_EStreamFrameResultDroppedReset
[2022-08-12 22:14:22] CLIENT: Marking frame 41 complete with status k_EStreamFrameResultDroppedReset
[2022-08-12 22:14:22] CLIENT: Marking frame 42 complete with status k_EStreamFrameResultDroppedReset
[2022-08-12 22:14:22] CLIENT: Marking frame 43 complete with status k_EStreamFrameResultDroppedReset
[2022-08-12 22:14:22] CLIENT: Marking frame 44 complete with status k_EStreamFrameResultDroppedReset
[2022-08-12 22:14:22] CLIENT: Marking frame 45 complete with status k_EStreamFrameResultDroppedReset
[2022-08-12 22:14:22] CLIENT: Marking frame 46 complete with status k_EStreamFrameResultDroppedReset
[2022-08-12 22:14:22] CLIENT: Marking frame 47 complete with status k_EStreamFrameResultDroppedReset
[2022-08-12 22:14:22] CLIENT: Marking frame 48 complete with status k_EStreamFrameResultDroppedReset
[2022-08-12 22:14:22] CLIENT: Marking frame 49 complete with status k_EStreamFrameResultDroppedReset
[2022-08-12 22:14:22] CLIENT: Marking frame 50 complete with status k_EStreamFrameResultDroppedReset
[2022-08-12 22:14:22] CLIENT: Marking frame 51 complete with status k_EStreamFrameResultDroppedReset
[2022-08-12 22:14:22] CLIENT: Marking frame 52 complete with status k_EStreamFrameResultDroppedReset
[2022-08-12 22:14:22] CLIENT: Marking frame 53 complete with status k_EStreamFrameResultDroppedReset
[2022-08-12 22:14:22] CLIENT: Marking frame 54 complete with status k_EStreamFrameResultDroppedReset
[2022-08-12 22:14:22] CLIENT: Marking frame 55 complete with status k_EStreamFrameResultDroppedReset
[2022-08-12 22:14:22] CLIENT: Marking frame 56 complete with status k_EStreamFrameResultDroppedReset
[2022-08-12 22:14:22] CLIENT: Marking frame 57 complete with status k_EStreamFrameResultDroppedReset
[2022-08-12 22:14:23] Bitrate adapter: state = 1, minRTT = 24, maxRTT = 46, gain = 2.00, bitrate = 5000
[2022-08-12 22:14:23] CLIENT: BSubmitFrame(): No input buffer available
[2022-08-12 22:14:23] CLIENT: Marking frame 82 complete with status k_EStreamFrameResultDroppedReset
[2022-08-12 22:14:23] CLIENT: BSubmitFrame(): No input buffer available
[2022-08-12 22:14:23] CLIENT: Marking frame 83 complete with status k_EStreamFrameResultDroppedReset
[2022-08-12 22:14:23] CLIENT: Video overflow (216.03ms queued), requesting keyframe synchronization
[2022-08-12 22:14:23] CLIENT: Android texture hardware decoding
[2022-08-12 22:14:23] CLIENT: Marking frame 84 complete with status k_EStreamFrameResultDroppedReset
[2022-08-12 22:14:23] CLIENT: Marking frame 85 complete with status k_EStreamFrameResultDroppedReset
[2022-08-12 22:14:23] CLIENT: Marking frame 86 complete with status k_EStreamFrameResultDroppedReset
[2022-08-12 22:14:23] CLIENT: Marking frame 87 complete with status k_EStreamFrameResultDroppedReset
[2022-08-12 22:14:23] CLIENT: Marking frame 88 complete with status k_EStreamFrameResultDroppedReset
[2022-08-12 22:14:23] CLIENT: Marking frame 89 complete with status k_EStreamFrameResultDroppedReset
[2022-08-12 22:14:23] CLIENT: Marking frame 90 complete with status k_EStreamFrameResultDroppedReset
[2022-08-12 22:14:23] CLIENT: Marking frame 91 complete with status k_EStreamFrameResultDroppedReset
[2022-08-12 22:14:23] CLIENT: Marking frame 92 complete with status k_EStreamFrameResultDroppedReset
[2022-08-12 22:14:23] CLIENT: Marking frame 93 complete with status k_EStreamFrameResultDroppedReset
[2022-08-12 22:14:23] CLIENT: Marking frame 94 complete with status k_EStreamFrameResultDroppedReset
[2022-08-12 22:14:23] CLIENT: Marking frame 95 complete with status k_EStreamFrameResultDroppedReset
[2022-08-12 22:14:23] CLIENT: Marking frame 96 complete with status k_EStreamFrameResultDroppedReset
[2022-08-12 22:14:23] CLIENT: Marking frame 97 complete with status k_EStreamFrameResultDroppedReset
[2022-08-12 22:14:23] CLIENT: Marking frame 98 complete with status k_EStreamFrameResultDroppedReset
[2022-08-12 22:14:23] CLIENT: Marking frame 99 complete with status k_EStreamFrameResultDroppedReset
[2022-08-12 22:14:23] CLIENT: Marking frame 100 complete with status k_EStreamFrameResultDroppedReset
[2022-08-12 22:14:23] CLIENT: Marking frame 101 complete with status k_EStreamFrameResultDroppedReset
[2022-08-12 22:14:23] CLIENT: Marking frame 102 complete with status k_EStreamFrameResultDroppedReset
[2022-08-12 22:14:23] CLIENT: Marking frame 103 complete with status k_EStreamFrameResultDroppedReset
[2022-08-12 22:14:23] CLIENT: Marking frame 104 complete with status k_EStreamFrameResultDroppedReset
[2022-08-12 22:14:23] CLIENT: Marking frame 105 complete with status k_EStreamFrameResultDroppedReset
[2022-08-12 22:14:23] CLIENT: Marking frame 106 complete with status k_EStreamFrameResultDroppedReset
[2022-08-12 22:14:23] CLIENT: Marking frame 107 complete with status k_EStreamFrameResultDroppedReset
[2022-08-12 22:14:23] CLIENT: Marking frame 108 complete with status k_EStreamFrameResultDroppedReset
[2022-08-12 22:14:23] CLIENT: Marking frame 109 complete with status k_EStreamFrameResultDroppedReset
[2022-08-12 22:14:23] CLIENT: Marking frame 110 complete with status k_EStreamFrameResultDroppedReset
[2022-08-12 22:14:23] CLIENT: Marking frame 111 complete with status k_EStreamFrameResultDroppedReset
[2022-08-12 22:14:23] CLIENT: Marking frame 112 complete with status k_EStreamFrameResultDroppedReset
[2022-08-12 22:14:23] CLIENT: Marking frame 113 complete with status k_EStreamFrameResultDroppedReset
[2022-08-12 22:14:23] CLIENT: Marking frame 114 complete with status k_EStreamFrameResultDroppedReset
[2022-08-12 22:14:23] CLIENT: Marking frame 115 complete with status k_EStreamFrameResultDroppedReset
[2022-08-12 22:14:23] Slow framerate: game 4.19, capture 0.35, convert 0.00, encode 3.46, network 19.45, decode 34.72, display 0.00 (decode)
[2022-08-12 22:14:23] Setting target framerate: 60.00 [timing: game 4.19, capture 0.35, convert 0.00, encode 3.46, network 19.45, decode 34.72, display 0.00 (decode)]
[2022-08-12 22:14:23] CLIENT: Targeting 60.00 FPS
[2022-08-12 22:14:23] CLIENT: Got control packet k_EStreamControlSetTargetFramerate
[2022-08-12 22:14:23] CLIENT: Got control packet k_EStreamControlControllerConfigMsg
[2022-08-12 22:14:23] CLIENT: Got control packet k_EStreamControlControllerConfigMsg
[2022-08-12 22:14:23] CLIENT: Got control packet k_EStreamControlControllerConfigMsg
[2022-08-12 22:14:23] Bitrate adapter: state = 1, minRTT = 24, maxRTT = 50, gain = 2.00, bitrate = 10000
[2022-08-12 22:14:23] CLIENT: Got control packet k_EStreamControlTouchActionSetActive
[2022-08-12 22:14:23] CLIENT: Got control packet k_EStreamControlTouchActionSetActive
[2022-08-12 22:14:23] CLIENT: Got control packet k_EStreamControlTouchConfigActive
[2022-08-12 22:14:23] CLIENT: Got control packet k_EStreamControlTouchActionSetActive
[2022-08-12 22:14:23] CLIENT: Got control packet k_EStreamControlTouchConfigActive
[2022-08-12 22:14:23] CLIENT: Video rect: 2325x1046 at 0,17
[2022-08-12 22:14:23] CLIENT: Texture rect: 2400x1080 at 0,0
[2022-08-12 22:14:23] CLIENT: Got control packet k_EStreamControlSetTouchConfigData
[2022-08-12 22:14:23] CLIENT: Ignoring duplicate controller configuration for 730, revision 428
[2022-08-12 22:14:23] CLIENT: Got control packet k_EStreamControlSetTouchConfigData
[2022-08-12 22:14:24] Bitrate adapter: state = 1, minRTT = 23, maxRTT = 44, gain = 2.00, bitrate = 20000
[2022-08-12 22:14:24] CLIENT: BSubmitFrame(): No input buffer available
[2022-08-12 22:14:24] CLIENT: Marking frame 140 complete with status k_EStreamFrameResultDroppedReset
[2022-08-12 22:14:24] CLIENT: BSubmitFrame(): No input buffer available
[2022-08-12 22:14:24] CLIENT: Marking frame 141 complete with status k_EStreamFrameResultDroppedReset
[2022-08-12 22:14:24] CLIENT: Video overflow (200.94ms queued), requesting keyframe synchronization
[2022-08-12 22:14:24] CLIENT: Android texture hardware decoding
[2022-08-12 22:14:24] CLIENT: Got control packet k_EStreamControlControllerConfigMsg
[2022-08-12 22:14:24] CLIENT: Marking frame 142 complete with status k_EStreamFrameResultDroppedReset
[2022-08-12 22:14:24] CLIENT: Marking frame 143 complete with status k_EStreamFrameResultDroppedReset
[2022-08-12 22:14:24] CLIENT: Marking frame 144 complete with status k_EStreamFrameResultDroppedReset
[2022-08-12 22:14:24] CLIENT: Marking frame 145 complete with status k_EStreamFrameResultDroppedReset
[2022-08-12 22:14:24] CLIENT: Marking frame 146 complete with status k_EStreamFrameResultDroppedReset
[2022-08-12 22:14:24] CLIENT: Marking frame 147 complete with status k_EStreamFrameResultDroppedReset
[2022-08-12 22:14:24] CLIENT: Marking frame 148 complete with status k_EStreamFrameResultDroppedReset
[2022-08-12 22:14:24] CLIENT: Marking frame 149 complete with status k_EStreamFrameResultDroppedReset
[2022-08-12 22:14:24] CLIENT: Marking frame 150 complete with status k_EStreamFrameResultDroppedReset
[2022-08-12 22:14:24] CLIENT: Marking frame 151 complete with status k_EStreamFrameResultDroppedReset
[2022-08-12 22:14:24] CLIENT: Marking frame 152 complete with status k_EStreamFrameResultDroppedReset
[2022-08-12 22:14:24] CLIENT: Marking frame 153 complete with status k_EStreamFrameResultDroppedReset
[2022-08-12 22:14:24] CLIENT: Marking frame 154 complete with status k_EStreamFrameResultDroppedReset
[2022-08-12 22:14:24] CLIENT: Marking frame 155 complete with status k_EStreamFrameResultDroppedReset
[2022-08-12 22:14:24] CLIENT: Marking frame 156 complete with status k_EStreamFrameResultDroppedReset
[2022-08-12 22:14:24] CLIENT: Marking frame 157 complete with status k_EStreamFrameResultDroppedReset
[2022-08-12 22:14:24] CLIENT: Marking frame 158 complete with status k_EStreamFrameResultDroppedReset
[2022-08-12 22:14:24] CLIENT: Marking frame 159 complete with status k_EStreamFrameResultDroppedReset
[2022-08-12 22:14:24] CLIENT: Marking frame 160 complete with status k_EStreamFrameResultDroppedReset
[2022-08-12 22:14:24] CLIENT: Marking frame 161 complete with status k_EStreamFrameResultDroppedReset
[2022-08-12 22:14:24] CLIENT: Marking frame 162 complete with status k_EStreamFrameResultDroppedReset
[2022-08-12 22:14:24] CLIENT: Marking frame 163 complete with status k_EStreamFrameResultDroppedReset
[2022-08-12 22:14:24] CLIENT: Marking frame 164 complete with status k_EStreamFrameResultDroppedReset
[2022-08-12 22:14:24] CLIENT: Marking frame 165 complete with status k_EStreamFrameResultDroppedReset
[2022-08-12 22:14:24] CLIENT: Marking frame 166 complete with status k_EStreamFrameResultDroppedReset
[2022-08-12 22:14:24] CLIENT: Marking frame 167 complete with status k_EStreamFrameResultDroppedReset
[2022-08-12 22:14:24] CLIENT: Marking frame 168 complete with status k_EStreamFrameResultDroppedReset
[2022-08-12 22:14:24] CLIENT: Marking frame 169 complete with status k_EStreamFrameResultDroppedReset
[2022-08-12 22:14:24] CLIENT: Marking frame 170 complete with status k_EStreamFrameResultDroppedReset
[2022-08-12 22:14:24] CLIENT: Marking frame 171 complete with status k_EStreamFrameResultDroppedReset
[2022-08-12 22:14:24] CLIENT: Marking frame 172 complete with status k_EStreamFrameResultDroppedReset
[2022-08-12 22:14:24] CLIENT: Got control packet k_EStreamControlControllerConfigMsg
[2022-08-12 22:14:24] CLIENT: Got control packet k_EStreamControlTouchActionSetActive
[2022-08-12 22:14:24] CLIENT: Got control packet k_EStreamControlTouchConfigActive
[2022-08-12 22:14:24] CLIENT: Got control packet k_EStreamControlTouchActionSetActive
[2022-08-12 22:14:24] CLIENT: Got control packet k_EStreamControlTouchActionSetActive
[2022-08-12 22:14:24] CLIENT: Got control packet k_EStreamControlTouchConfigActive
[2022-08-12 22:14:24] CLIENT: Got control packet k_EStreamControlTouchConfigActive
[2022-08-12 22:14:24] CLIENT: Video rect: 2325x1046 at 0,17
[2022-08-12 22:14:24] CLIENT: Texture rect: 1280x800 at 0,0
[2022-08-12 22:14:24] CLIENT: Video size: 1280x800, output size: 2325x1080, overlay size: 2325x1080
[2022-08-12 22:14:24] CLIENT: Video rect: 1728x1080 at 298,0
[2022-08-12 22:14:24] CLIENT: Texture rect: 1280x800 at 0,0
[2022-08-12 22:14:24] CLIENT: Video rect: 1728x1080 at 298,0
[2022-08-12 22:14:24] CLIENT: Texture rect: 1280x800 at 0,0
[2022-08-12 22:14:24] Setting target framerate: 60.00 [timing: game 4.49, capture 0.36, convert 0.01, encode 4.96, network 18.51, decode 18.92, display 0.00]
[2022-08-12 22:14:24] CLIENT: Got control packet k_EStreamControlTouchConfigActive
[2022-08-12 22:14:24] CLIENT: Targeting 60.00 FPS
[2022-08-12 22:14:24] CLIENT: Got control packet k_EStreamControlSetTargetFramerate
[2022-08-12 22:14:24] Bitrate adapter: state = 1, minRTT = 23, maxRTT = 47, gain = 2.00, bitrate = 40000
[2022-08-12 22:14:25] Bitrate adapter: state = 2, minRTT = 23, maxRTT = 97, gain = 0.50, bitrate = 20000
[2022-08-12 22:14:25] Slow framerate: game 4.51, capture 0.36, convert 0.01, encode 6.10, network 53.03, decode 0.88, display 7.85 (network)
[2022-08-12 22:14:25] Setting target framerate: 60.00 [timing: game 4.51, capture 0.36, convert 0.01, encode 6.10, network 53.03, decode 0.88, display 7.85 (network)]
[2022-08-12 22:14:25] CLIENT: Targeting 60.00 FPS
[2022-08-12 22:14:25] CLIENT: Got control packet k_EStreamControlSetTargetFramerate
[2022-08-12 22:14:25] CLIENT: SteamNetworkingSockets connection: Connected SDR->ord->ord  Ping: 36ms IN: 8760.1kbit 1090.1 pkt/s qual 99.0OUT: 90.6kbit 113.9 pkt/s qual 100.0
[2022-08-12 22:14:26] Setting target framerate: 60.00 [timing: game 4.54, capture 0.35, convert 0.00, encode 5.97, network 21.98, decode 1.21, display 3.14]
[2022-08-12 22:14:26] CLIENT: Targeting 60.00 FPS
[2022-08-12 22:14:26] CLIENT: Got control packet k_EStreamControlSetTargetFramerate
[2022-08-12 22:14:29] Bitrate adapter: state = 2, minRTT = 23, maxRTT = 450, gain = 0.75, bitrate = 15000
[2022-08-12 22:14:29] CLIENT: Video overflow (166.53ms queued), requesting keyframe synchronization
[2022-08-12 22:14:29] CLIENT: Flushing audio, 350 ms queued, 156 ms maximum, delivery delay = 28
[2022-08-12 22:14:29] Slow framerate: game 4.10, capture 0.34, convert 0.00, encode 7.84, network 142.78, decode 1.13, display 16.04 (network)
[2022-08-12 22:14:29] Setting target framerate: 60.00 [timing: game 4.10, capture 0.34, convert 0.00, encode 7.84, network 142.78, decode 1.13, display 16.04 (network)]
[2022-08-12 22:14:29] CLIENT: Targeting 60.00 FPS
[2022-08-12 22:14:29] CLIENT: Got control packet k_EStreamControlSetTargetFramerate
[2022-08-12 22:14:30] Setting target framerate: 60.00 [timing: game 3.82, capture 0.34, convert 0.00, encode 7.46, network 18.66, decode 1.16, display 3.06]
[2022-08-12 22:14:30] CLIENT: Targeting 60.00 FPS
[2022-08-12 22:14:30] CLIENT: Got control packet k_EStreamControlSetTargetFramerate
[2022-08-12 22:14:30] CLIENT: SteamNetworkingSockets connection: Connected SDR->ord->ord  Ping: 31ms IN: 17626.3kbit 2065.7 pkt/s qual 100.0OUT: 145.9kbit 180.0 pkt/s qual 100.0
[2022-08-12 22:14:33] Bitrate adapter: state = 2, minRTT = 22, maxRTT = 47, gain = 1.25, bitrate = 18750
[2022-08-12 22:14:35] CLIENT: SteamNetworkingSockets connection: Connected SDR->ord->ord  Ping: 34ms IN: 15766.3kbit 1867.9 pkt/s qual 100.0OUT: 116.3kbit 167.4 pkt/s qual 100.0
[2022-08-12 22:14:35] CLIENT: [SteamNetworkingSockets] ICE: ICE completed
[2022-08-12 22:14:37] CLIENT: Video overflow (200.52ms queued), requesting keyframe synchronization
[2022-08-12 22:14:37] CLIENT: Flushing audio, 250 ms queued, 148 ms maximum, delivery delay = 24
[2022-08-12 22:14:37] Slow framerate: game 4.27, capture 0.34, convert 0.00, encode 7.79, network 84.11, decode 1.32, display 4.31 (network)
[2022-08-12 22:14:37] Setting target framerate: 60.00 [timing: game 4.27, capture 0.34, convert 0.00, encode 7.79, network 84.11, decode 1.32, display 4.31 (network)]
[2022-08-12 22:14:37] Bitrate adapter: state = 2, minRTT = 22, maxRTT = 234, gain = 0.75, bitrate = 14062
[2022-08-12 22:14:37] CLIENT: Targeting 60.00 FPS
[2022-08-12 22:14:37] CLIENT: Got control packet k_EStreamControlSetTargetFramerate
[2022-08-12 22:14:38] Setting target framerate: 60.00 [timing: game 4.26, capture 0.34, convert 0.00, encode 7.72, network 18.68, decode 1.45, display 3.68]
[2022-08-12 22:14:38] CLIENT: Targeting 60.00 FPS
[2022-08-12 22:14:38] CLIENT: Got control packet k_EStreamControlSetTargetFramerate
[2022-08-12 22:14:40] CLIENT: SteamNetworkingSockets connection: Connected SDR->ord->ord  Ping: 29ms IN: 15233.8kbit 1812.5 pkt/s qual 100.0OUT: 140.0kbit 174.4 pkt/s qual 100.0
[2022-08-12 22:14:41] Bitrate adapter: state = 2, minRTT = 22, maxRTT = 54, gain = 1.25, bitrate = 17577
[2022-08-12 22:14:45] Bitrate adapter: state = 2, minRTT = 26, maxRTT = 52, gain = 1.25, bitrate = 21971
[2022-08-12 22:14:45] CLIENT: SteamNetworkingSockets connection: Connected SDR->ord->ord  Ping: 30ms IN: 16075.3kbit 1911.6 pkt/s qual 100.0OUT: 122.4kbit 172.2 pkt/s qual 100.0
[2022-08-12 22:14:46] Bitrate adapter: state = 2, minRTT = 24, maxRTT = 247, gain = 0.75, bitrate = 16478
[2022-08-12 22:14:47] CLIENT: Video overflow (167.53ms queued), requesting keyframe synchronization
[2022-08-12 22:14:47] CLIENT: Flushing audio, 190 ms queued, 150 ms maximum, delivery delay = 25
[2022-08-12 22:14:47] Slow framerate: game 4.04, capture 0.34, convert 0.00, encode 7.88, network 70.35, decode 1.36, display 4.41 (network)
[2022-08-12 22:14:47] Setting target framerate: 60.00 [timing: game 4.04, capture 0.34, convert 0.00, encode 7.88, network 70.35, decode 1.36, display 4.41 (network)]
[2022-08-12 22:14:47] CLIENT: Targeting 60.00 FPS
[2022-08-12 22:14:47] CLIENT: Got control packet k_EStreamControlSetTargetFramerate
[2022-08-12 22:14:47] Bitrate adapter: state = 2, minRTT = 24, maxRTT = 125, gain = 0.75, bitrate = 12358
[2022-08-12 22:14:48] Setting target framerate: 60.00 [timing: game 3.66, capture 0.33, convert 0.00, encode 7.77, network 29.24, decode 1.28, display 3.35]
[2022-08-12 22:14:48] CLIENT: Targeting 60.00 FPS
[2022-08-12 22:14:48] CLIENT: Got control packet k_EStreamControlSetTargetFramerate
[2022-08-12 22:14:50] CLIENT: SteamNetworkingSockets connection: Connected SDR->ord->ord  Ping: 29ms IN: 15170.0kbit 1826.8 pkt/s qual 100.0OUT: 124.5kbit 164.0 pkt/s qual 100.0
[2022-08-12 22:14:51] Bitrate adapter: state = 2, minRTT = 24, maxRTT = 166, gain = 0.75, bitrate = 9268
[2022-08-12 22:14:51] Slow framerate: game 3.20, capture 0.33, convert 0.00, encode 7.57, network 48.51, decode 1.26, display 14.44 (network)
[2022-08-12 22:14:51] Setting target framerate: 60.00 [timing: game 3.20, capture 0.33, convert 0.00, encode 7.57, network 48.51, decode 1.26, display 14.44 (network)]
[2022-08-12 22:14:51] CLIENT: Targeting 60.00 FPS
[2022-08-12 22:14:51] CLIENT: Got control packet k_EStreamControlSetTargetFramerate
[2022-08-12 22:14:52] Setting target framerate: 60.00 [timing: game 3.21, capture 0.33, convert 0.00, encode 7.66, network 22.63, decode 1.41, display 4.11]
[2022-08-12 22:14:52] CLIENT: Targeting 60.00 FPS
[2022-08-12 22:14:52] CLIENT: Got control packet k_EStreamControlSetTargetFramerate
[2022-08-12 22:14:54] Bitrate adapter: state = 2, minRTT = 24, maxRTT = 118, gain = 0.75, bitrate = 6951
[2022-08-12 22:14:54] Slow framerate: game 3.44, capture 0.33, convert 0.00, encode 7.20, network 36.56, decode 1.17, display 6.26 (network)
[2022-08-12 22:14:54] Setting target framerate: 60.00 [timing: game 3.44, capture 0.33, convert 0.00, encode 7.20, network 36.56, decode 1.17, display 6.26 (network)]
[2022-08-12 22:14:54] CLIENT: Targeting 60.00 FPS
[2022-08-12 22:14:54] CLIENT: Got control packet k_EStreamControlSetTargetFramerate
[2022-08-12 22:14:55] Setting target framerate: 60.00 [timing: game 3.48, capture 0.33, convert 0.00, encode 6.99, network 17.57, decode 1.30, display 2.98]
[2022-08-12 22:14:55] CLIENT: Targeting 60.00 FPS
[2022-08-12 22:14:55] CLIENT: Got control packet k_EStreamControlSetTargetFramerate
[2022-08-12 22:14:55] CLIENT: SteamNetworkingSockets connection: Connected SDR->ord->ord  Ping: 32ms IN: 8644.5kbit 1165.4 pkt/s qual 100.0OUT: 126.2kbit 169.2 pkt/s qual 100.0
[2022-08-12 22:14:57] Bitrate adapter: state = 2, minRTT = 24, maxRTT = 93, gain = 0.75, bitrate = 5213
[2022-08-12 22:15:00] CLIENT: SteamNetworkingSockets connection: Connected SDR->ord->ord  Ping: 31ms IN: 5640.4kbit 838.1 pkt/s qual 100.0OUT: 118.9kbit 168.7 pkt/s qual 100.0
[2022-08-12 22:15:01] Bitrate adapter: state = 2, minRTT = 24, maxRTT = 47, gain = 1.25, bitrate = 6516
[2022-08-12 22:15:05] CLIENT: SteamNetworkingSockets connection: Connected SDR->ord->ord  Ping: 29ms IN: 5833.1kbit 851.9 pkt/s qual 100.0OUT: 113.0kbit 167.0 pkt/s qual 100.0
[2022-08-12 22:15:05] Bitrate adapter: state = 2, minRTT = 24, maxRTT = 37, gain = 1.25, bitrate = 8145
[2022-08-12 22:15:09] Bitrate adapter: state = 2, minRTT = 23, maxRTT = 57, gain = 1.25, bitrate = 10181
[2022-08-12 22:15:10] CLIENT: SteamNetworkingSockets connection: Connected SDR->ord->ord  Ping: 26ms IN: 7721.9kbit 1044.5 pkt/s qual 100.0OUT: 106.4kbit 158.8 pkt/s qual 100.0
[2022-08-12 22:15:13] Bitrate adapter: state = 2, minRTT = 24, maxRTT = 43, gain = 1.25, bitrate = 12726
[2022-08-12 22:15:15] CLIENT: SteamNetworkingSockets connection: Connected SDR->ord->ord  Ping: 27ms IN: 10366.0kbit 1318.1 pkt/s qual 100.0OUT: 111.0kbit 167.6 pkt/s qual 100.0
[2022-08-12 22:15:17] Bitrate adapter: state = 2, minRTT = 23, maxRTT = 85, gain = 0.75, bitrate = 9544
[2022-08-12 22:15:20] CLIENT: SteamNetworkingSockets connection: Connected SDR->ord->ord  Ping: 34ms IN: 10351.3kbit 1309.5 pkt/s qual 100.0OUT: 103.4kbit 154.9 pkt/s qual 100.0
[2022-08-12 22:15:21] Audio mix: start=44433009433, returned=2876160
[2022-08-12 22:15:21] Bitrate adapter: state = 2, minRTT = 23, maxRTT = 41, gain = 1.25, bitrate = 11930
[2022-08-12 22:15:25] Bitrate adapter: state = 2, minRTT = 23, maxRTT = 48, gain = 1.25, bitrate = 14912
[2022-08-12 22:15:25] CLIENT: SteamNetworkingSockets connection: Connected SDR->ord->ord  Ping: 36ms IN: 10733.2kbit 1355.4 pkt/s qual 100.0OUT: 102.0kbit 153.0 pkt/s qual 100.0
[2022-08-12 22:15:29] Bitrate adapter: state = 2, minRTT = 24, maxRTT = 41, gain = 1.25, bitrate = 18640
[2022-08-12 22:15:30] CLIENT: SteamNetworkingSockets connection: Connected SDR->ord->ord  Ping: 33ms IN: 14217.3kbit 1723.0 pkt/s qual 100.0OUT: 122.4kbit 175.0 pkt/s qual 100.0
[2022-08-12 22:15:33] Bitrate adapter: state = 2, minRTT = 24, maxRTT = 51, gain = 1.25, bitrate = 23300
[2022-08-12 22:15:35] CLIENT: SteamNetworkingSockets connection: Connected SDR->ord->ord  Ping: 30ms IN: 19406.8kbit 2254.2 pkt/s qual 100.0OUT: 108.2kbit 162.7 pkt/s qual 100.0
[2022-08-12 22:15:36] Bitrate adapter: state = 2, minRTT = 24, maxRTT = 76, gain = 0.75, bitrate = 17475
[2022-08-12 22:15:40] Bitrate adapter: state = 2, minRTT = 22, maxRTT = 75, gain = 0.75, bitrate = 13106
[2022-08-12 22:15:40] CLIENT: Video overflow (150.48ms queued), requesting keyframe synchronization
[2022-08-12 22:15:40] Slow framerate: game 4.09, capture 0.35, convert 0.00, encode 7.36, network 36.94, decode 1.22, display 4.27 (network)
[2022-08-12 22:15:40] Setting target framerate: 60.00 [timing: game 4.09, capture 0.35, convert 0.00, encode 7.36, network 36.94, decode 1.22, display 4.27 (network)]
[2022-08-12 22:15:40] CLIENT: Targeting 60.00 FPS
[2022-08-12 22:15:40] CLIENT: Got control packet k_EStreamControlSetTargetFramerate
[2022-08-12 22:15:40] CLIENT: SteamNetworkingSockets connection: Connected SDR->ord->ord  Ping: 31ms IN: 17188.0kbit 2006.5 pkt/s qual 100.0OUT: 113.1kbit 161.0 pkt/s qual 100.0
[2022-08-12 22:15:41] Setting target framerate: 60.00 [timing: game 4.26, capture 0.35, convert 0.00, encode 7.28, network 17.72, decode 1.22, display 3.78]
[2022-08-12 22:15:41] CLIENT: Targeting 60.00 FPS
[2022-08-12 22:15:41] CLIENT: Got control packet k_EStreamControlSetTargetFramerate
[2022-08-12 22:15:44] Bitrate adapter: state = 2, minRTT = 23, maxRTT = 50, gain = 1.25, bitrate = 16382
[2022-08-12 22:15:45] CLIENT: SteamNetworkingSockets connection: Connected SDR->ord->ord  Ping: 32ms IN: 13749.8kbit 1666.6 pkt/s qual 100.0OUT: 111.8kbit 162.5 pkt/s qual 100.0
[2022-08-12 22:15:46] CLIENT: Video rect: 1728x1080 at 298,0
[2022-08-12 22:15:46] CLIENT: Texture rect: 1280x800 at 0,0
[2022-08-12 22:15:48] Bitrate adapter: state = 2, minRTT = 23, maxRTT = 46, gain = 1.25, bitrate = 20477
[2022-08-12 22:15:49] "SessionStats"
[2022-08-13 10:53:48] CLIENT: SteamNetworkingSockets connection: Connected SDR->ord->ord  Ping: 26ms IN: 93220.5kbit 9933.0 pkt/s qual 100.0OUT: 81.6kbit 133.1 pkt/s qual 100.0
[2022-08-13 10:53:53] CLIENT: SteamNetworkingSockets connection: Connected SDR->ord->ord  Ping: 26ms IN: 94105.5kbit 10020.5 pkt/s qual 100.0OUT: 83.8kbit 137.4 pkt/s qual 100.0
[2022-08-13 10:53:58] CLIENT: SteamNetworkingSockets connection: Connected SDR->ord->ord  Ping: 29ms IN: 96027.1kbit 10232.5 pkt/s qual 100.0OUT: 91.5kbit 144.9 pkt/s qual 100.0
[2022-08-13 10:54:03] CLIENT: SteamNetworkingSockets connection: Connected SDR->ord->ord  Ping: 27ms IN: 96632.3kbit 10283.0 pkt/s qual 100.0OUT: 85.7kbit 139.7 pkt/s qual 100.0
[2022-08-13 10:54:08] CLIENT: SteamNetworkingSockets connection: Connected SDR->ord->ord  Ping: 29ms IN: 96933.6kbit 10304.2 pkt/s qual 100.0OUT: 73.6kbit 123.2 pkt/s qual 100.0
[2022-08-13 10:54:13] CLIENT: SteamNetworkingSockets connection: Connected SDR->ord->ord  Ping: 26ms IN: 96083.3kbit 10224.3 pkt/s qual 100.0OUT: 83.2kbit 135.1 pkt/s qual 100.0
[2022-08-13 10:54:18] CLIENT: SteamNetworkingSockets connection: Connected SDR->ord->ord  Ping: 27ms IN: 84398.3kbit 9003.6 pkt/s qual 100.0OUT: 73.6kbit 122.8 pkt/s qual 100.0
[2022-08-13 10:54:23] CLIENT: SteamNetworkingSockets connection: Connected SDR->ord->ord  Ping: 28ms IN: 53586.2kbit 5801.1 pkt/s qual 100.0OUT: 68.5kbit 118.7 pkt/s qual 100.0
[2022-08-13 10:54:28] CLIENT: SteamNetworkingSockets connection: Connected SDR->ord->ord  Ping: 30ms IN: 68363.8kbit 7337.9 pkt/s qual 100.0OUT: 69.3kbit 118.6 pkt/s qual 100.0
[2022-08-13 10:54:33] CLIENT: SteamNetworkingSockets connection: Connected SDR->ord->ord  Ping: 28ms IN: 55162.9kbit 5968.2 pkt/s qual 100.0OUT: 67.8kbit 117.5 pkt/s qual 100.0
[2022-08-13 10:54:38] CLIENT: SteamNetworkingSockets connection: Connected SDR->ord->ord  Ping: 29ms IN: 43496.4kbit 4754.7 pkt/s qual 100.0OUT: 69.6kbit 118.3 pkt/s qual 100.0
[2022-08-13 10:54:38] Audio mix: start=89930679457, returned=5756160
[2022-08-13 10:54:43] CLIENT: SteamNetworkingSockets connection: Connected SDR->ord->ord  Ping: 24ms IN: 41997.2kbit 4599.0 pkt/s qual 100.0OUT: 68.8kbit 119.0 pkt/s qual 100.0
[2022-08-13 10:54:48] CLIENT: SteamNetworkingSockets connection: Connected SDR->ord->ord  Ping: 25ms IN: 44919.0kbit 4902.5 pkt/s qual 100.0OUT: 67.2kbit 117.7 pkt/s qual 100.0
[2022-08-13 10:54:53] CLIENT: SteamNetworkingSockets connection: Connected SDR->ord->ord  Ping: 27ms IN: 96292.9kbit 10246.0 pkt/s qual 100.0OUT: 79.6kbit 130.6 pkt/s qual 100.0
[2022-08-13 10:54:58] CLIENT: SteamNetworkingSockets connection: Connected SDR->ord->ord  Ping: 26ms IN: 96796.7kbit 10305.9 pkt/s qual 100.0OUT: 80.6kbit 132.4 pkt/s qual 100.0
[2022-08-13 10:55:03] CLIENT: SteamNetworkingSockets connection: Connected SDR->ord->ord  Ping: 28ms IN: 96594.9kbit 10287.4 pkt/s qual 100.0OUT: 83.5kbit 134.8 pkt/s qual 100.0
[2022-08-13 10:55:08] CLIENT: SteamNetworkingSockets connection: Connected SDR->ord->ord  Ping: 28ms IN: 96793.0kbit 10307.9 pkt/s qual 100.0OUT: 89.4kbit 142.8 pkt/s qual 100.0
[2022-08-13 10:55:13] CLIENT: SteamNetworkingSockets connection: Connected SDR->ord->ord  Ping: 26ms IN: 97106.9kbit 10323.7 pkt/s qual 100.0OUT: 69.5kbit 118.2 pkt/s qual 100.0
[2022-08-13 10:55:18] CLIENT: SteamNetworkingSockets connection: Connected SDR->ord->ord  Ping: 26ms IN: 96107.6kbit 10218.5 pkt/s qual 100.0OUT: 73.1kbit 123.2 pkt/s qual 100.0
[2022-08-13 10:55:23] CLIENT: SteamNetworkingSockets connection: Connected SDR->ord->ord  Ping: 26ms IN: 95458.7kbit 10176.3 pkt/s qual 100.0OUT: 89.4kbit 142.4 pkt/s qual 100.0
[2022-08-13 10:55:28] CLIENT: SteamNetworkingSockets connection: Connected SDR->ord->ord  Ping: 26ms IN: 83249.9kbit 8893.1 pkt/s qual 100.0OUT: 81.1kbit 131.3 pkt/s qual 100.0
[2022-08-13 10:55:33] CLIENT: SteamNetworkingSockets connection: Connected SDR->ord->ord  Ping: 29ms IN: 50188.2kbit 5448.6 pkt/s qual 100.0OUT: 67.2kbit 118.4 pkt/s qual 100.0
[2022-08-13 10:55:38] CLIENT: SteamNetworkingSockets connection: Connected SDR->ord->ord  Ping: 26ms IN: 51923.8kbit 5630.9 pkt/s qual 100.0OUT: 67.5kbit 117.9 pkt/s qual 100.0
[2022-08-13 10:55:38] Audio mix: start=89930679457, returned=8636160
[2022-08-13 10:55:43] CLIENT: SteamNetworkingSockets connection: Connected SDR->ord->ord  Ping: 25ms IN: 67612.4kbit 7261.8 pkt/s qual 100.0OUT: 67.6kbit 118.5 pkt/s qual 100.0
[2022-08-13 10:55:48] CLIENT: SteamNetworkingSockets connection: Connected SDR->ord->ord  Ping: 27ms IN: 70004.0kbit 7508.6 pkt/s qual 100.0OUT: 67.8kbit 118.3 pkt/s qual 100.0
[2022-08-13 10:55:53] CLIENT: SteamNetworkingSockets connection: Connected SDR->ord->ord  Ping: 27ms IN: 58087.4kbit 6268.2 pkt/s qual 100.0OUT: 67.3kbit 117.1 pkt/s qual 100.0
[2022-08-13 10:55:56] CLIENT: Video rect: 1728x1080 at 298,0
[2022-08-13 10:55:56] CLIENT: Texture rect: 1280x800 at 0,0
[2022-08-13 10:55:57] "SessionStats"
[2022-08-13 11:41:42] Streaming initialized and listening on port 0
[2022-08-13 11:42:25] Streaming initialized and listening on port 0
[2022-08-13 11:42:30] CLIENT: Sending HID device 0000/11fb/-1  Mobile Touch Control at touch://0
