1660408133513
nuttcp-t: v8.1.4: socket
nuttcp-t: buflen=65536, nstream=1, port=5005 tcp -> 3.19.94.93
nuttcp-t: time limit = 30.00 seconds
nuttcp-t: connect to 3.19.94.93 with mss=1384, RTT=52.954 ms af=inet
nuttcp-t: send window size = 33554432, receive window size = 6291456
nuttcp-t: available send window = 25165824, available receive window = 4718592
nuttcp-t: initial congestion window = 13 KB (10 packets)
nuttcp-r: Warning: receive window size 25000000 < requested window size 26214400
nuttcp-r: v6.1.2: socket
nuttcp-r: buflen=65536, nstream=1, port=5005 tcp
nuttcp-r: interval reporting every 0.10 seconds
nuttcp-r: accept from 172.58.143.94
nuttcp-r: send window size = 25000000, receive window size = 50000000
nuttcp-r: available send window = 12500000, available receive window = 25000000
    0.0000 MB /   0.10 sec =    0.0000 Mbps     0 retrans   1797 KB-cwnd
    0.0000 MB /   0.10 sec =    0.0000 Mbps     0 retrans   1797 KB-cwnd
    0.1250 MB /   0.10 sec =   10.4893 Mbps     0 retrans   1797 KB-cwnd
    0.3125 MB /   0.10 sec =   26.2181 Mbps     0 retrans   1797 KB-cwnd
    0.1250 MB /   0.10 sec =   10.4702 Mbps     0 retrans   1797 KB-cwnd
    0.2500 MB /   0.10 sec =   20.9940 Mbps     0 retrans   1797 KB-cwnd
    0.3750 MB /   0.10 sec =   31.4699 Mbps     0 retrans   1797 KB-cwnd
    0.3750 MB /   0.10 sec =   31.4576 Mbps     0 retrans   1797 KB-cwnd
    0.3750 MB /   0.10 sec =   31.4548 Mbps     0 retrans   1797 KB-cwnd
    0.3125 MB /   0.10 sec =   26.2162 Mbps     0 retrans   1797 KB-cwnd
    0.3125 MB /   0.10 sec =   26.2147 Mbps     0 retrans   1797 KB-cwnd
    0.3125 MB /   0.10 sec =   26.2131 Mbps     0 retrans   1797 KB-cwnd
    0.3750 MB /   0.10 sec =   31.4576 Mbps     0 retrans   1797 KB-cwnd
    0.3750 MB /   0.10 sec =   31.4544 Mbps     0 retrans   1797 KB-cwnd
    0.4375 MB /   0.10 sec =   36.6958 Mbps     0 retrans   1797 KB-cwnd
    0.3125 MB /   0.10 sec =   26.2204 Mbps     0 retrans   1797 KB-cwnd
    0.3125 MB /   0.10 sec =   26.2123 Mbps     0 retrans   1797 KB-cwnd
    0.4375 MB /   0.10 sec =   36.7027 Mbps     0 retrans   1797 KB-cwnd
    0.4375 MB /   0.10 sec =   36.6980 Mbps     0 retrans   1797 KB-cwnd
    0.4375 MB /   0.10 sec =   36.7031 Mbps     0 retrans   1797 KB-cwnd
    0.4375 MB /   0.10 sec =   36.7002 Mbps     0 retrans   1797 KB-cwnd
    0.3750 MB /   0.10 sec =   31.4557 Mbps     0 retrans   1797 KB-cwnd
    0.3125 MB /   0.10 sec =   26.2162 Mbps     0 retrans   1797 KB-cwnd
    0.4375 MB /   0.10 sec =   36.7002 Mbps     0 retrans   1797 KB-cwnd
    0.4375 MB /   0.10 sec =   36.6976 Mbps     0 retrans   1797 KB-cwnd
    0.4375 MB /   0.10 sec =   36.7016 Mbps     0 retrans   1797 KB-cwnd
    0.3750 MB /   0.10 sec =   31.4570 Mbps     0 retrans   1797 KB-cwnd
    0.4375 MB /   0.10 sec =   36.6983 Mbps     0 retrans   1797 KB-cwnd
    0.4375 MB /   0.10 sec =   36.7009 Mbps     0 retrans   1797 KB-cwnd
    0.3750 MB /   0.10 sec =   31.4570 Mbps     0 retrans   1835 KB-cwnd
    0.5625 MB /   0.10 sec =   47.1897 Mbps     0 retrans   1835 KB-cwnd
    0.4375 MB /   0.10 sec =   36.6954 Mbps     0 retrans   1835 KB-cwnd
    0.3750 MB /   0.10 sec =   31.4598 Mbps     0 retrans   1835 KB-cwnd
    0.3750 MB /   0.10 sec =   31.4573 Mbps     0 retrans   1835 KB-cwnd
    0.3750 MB /   0.10 sec =   31.4576 Mbps     0 retrans   1835 KB-cwnd
    0.4375 MB /   0.10 sec =   36.7013 Mbps     0 retrans   1835 KB-cwnd
    0.3125 MB /   0.10 sec =   26.2144 Mbps     0 retrans   1835 KB-cwnd
    0.3125 MB /   0.10 sec =   26.2147 Mbps     0 retrans   1835 KB-cwnd
    0.3125 MB /   0.10 sec =   26.2097 Mbps     0 retrans   1835 KB-cwnd
    0.4375 MB /   0.10 sec =   36.7053 Mbps     0 retrans   1835 KB-cwnd
    0.3125 MB /   0.10 sec =   26.2126 Mbps     0 retrans   1835 KB-cwnd
    0.4375 MB /   0.10 sec =   36.7042 Mbps     0 retrans   1835 KB-cwnd
    0.3750 MB /   0.10 sec =   31.4573 Mbps     0 retrans   1835 KB-cwnd
    0.3750 MB /   0.10 sec =   31.4548 Mbps     0 retrans   1835 KB-cwnd
    0.3125 MB /   0.10 sec =   26.2149 Mbps     0 retrans   1835 KB-cwnd
    0.3750 MB /   0.10 sec =   31.4589 Mbps     0 retrans   1835 KB-cwnd
    0.3750 MB /   0.10 sec =   31.4570 Mbps     0 retrans   1835 KB-cwnd
    0.5000 MB /   0.10 sec =   41.9426 Mbps     0 retrans   1835 KB-cwnd
    0.4375 MB /   0.10 sec =   36.7005 Mbps     0 retrans   1835 KB-cwnd
    0.4375 MB /   0.10 sec =   36.6991 Mbps     0 retrans   1835 KB-cwnd
    0.2500 MB /   0.10 sec =   20.9719 Mbps     0 retrans   1835 KB-cwnd
    0.4375 MB /   0.10 sec =   36.7009 Mbps     0 retrans   1835 KB-cwnd
    0.3750 MB /   0.10 sec =   31.4573 Mbps     0 retrans   1835 KB-cwnd
    0.3125 MB /   0.10 sec =   26.2131 Mbps     0 retrans   1835 KB-cwnd
    0.3750 MB /   0.10 sec =   31.4567 Mbps     0 retrans   1835 KB-cwnd
    0.2500 MB /   0.10 sec =   20.9732 Mbps     0 retrans   1835 KB-cwnd
    0.2500 MB /   0.10 sec =   20.9711 Mbps     0 retrans   1835 KB-cwnd
    0.3125 MB /   0.10 sec =   26.2147 Mbps     0 retrans   1835 KB-cwnd
    0.2500 MB /   0.10 sec =   20.9715 Mbps     0 retrans   1835 KB-cwnd
    0.3125 MB /   0.10 sec =   26.2141 Mbps     0 retrans   1835 KB-cwnd
    0.3125 MB /   0.10 sec =   26.2128 Mbps     0 retrans   1835 KB-cwnd
    0.2500 MB /   0.10 sec =   20.9728 Mbps     0 retrans   1835 KB-cwnd
    0.2500 MB /   0.10 sec =   20.9717 Mbps     0 retrans   1835 KB-cwnd
    0.3750 MB /   0.10 sec =   31.4563 Mbps     0 retrans   1835 KB-cwnd
    0.3750 MB /   0.10 sec =   31.4567 Mbps     0 retrans   1835 KB-cwnd
    0.3750 MB /   0.10 sec =   31.4541 Mbps     0 retrans   1835 KB-cwnd
    0.4375 MB /   0.10 sec =   36.7042 Mbps     0 retrans   1835 KB-cwnd
    0.3125 MB /   0.10 sec =   26.2128 Mbps     0 retrans   1835 KB-cwnd
    0.1875 MB /   0.10 sec =   15.7279 Mbps     0 retrans   1835 KB-cwnd
    0.3125 MB /   0.10 sec =   26.2149 Mbps     0 retrans   1835 KB-cwnd
    0.3750 MB /   0.10 sec =   31.4585 Mbps     0 retrans   1835 KB-cwnd
    0.3125 MB /   0.10 sec =   26.2154 Mbps     0 retrans   1835 KB-cwnd
    0.2500 MB /   0.10 sec =   20.9711 Mbps     0 retrans   1835 KB-cwnd
    0.2500 MB /   0.10 sec =   20.9707 Mbps     0 retrans   1835 KB-cwnd
    0.2500 MB /   0.10 sec =   20.9721 Mbps     0 retrans   1835 KB-cwnd
    0.2500 MB /   0.10 sec =   20.9711 Mbps     0 retrans   1835 KB-cwnd
    0.3750 MB /   0.10 sec =   31.4554 Mbps     0 retrans   1835 KB-cwnd
    0.3125 MB /   0.10 sec =   26.2147 Mbps     0 retrans   1835 KB-cwnd
    0.2500 MB /   0.10 sec =   20.9707 Mbps     0 retrans   1835 KB-cwnd
    0.2500 MB /   0.10 sec =   20.9740 Mbps     0 retrans   1835 KB-cwnd
    0.3125 MB /   0.10 sec =   26.2113 Mbps     0 retrans   1835 KB-cwnd
    0.3750 MB /   0.10 sec =   31.4607 Mbps     0 retrans   1835 KB-cwnd
    0.3750 MB /   0.10 sec =   31.4582 Mbps     0 retrans   1835 KB-cwnd
    0.4375 MB /   0.10 sec =   36.6994 Mbps     0 retrans   1835 KB-cwnd
    0.4375 MB /   0.10 sec =   36.7013 Mbps     0 retrans   1835 KB-cwnd
    0.3750 MB /   0.10 sec =   31.4551 Mbps     0 retrans   1835 KB-cwnd
    0.3125 MB /   0.10 sec =   26.2168 Mbps     0 retrans   1835 KB-cwnd
    0.3750 MB /   0.10 sec =   31.4551 Mbps     0 retrans   1835 KB-cwnd
    0.3125 MB /   0.10 sec =   26.2149 Mbps     0 retrans   1835 KB-cwnd
    0.2500 MB /   0.10 sec =   20.9698 Mbps     0 retrans   1985 KB-cwnd
    0.3750 MB /   0.10 sec =   31.4620 Mbps     0 retrans   1985 KB-cwnd
    0.2500 MB /   0.10 sec =   20.9701 Mbps     0 retrans   1985 KB-cwnd
    0.4375 MB /   0.10 sec =   36.7024 Mbps     0 retrans   1985 KB-cwnd
    0.3750 MB /   0.10 sec =   31.4535 Mbps     0 retrans   1985 KB-cwnd
    0.3750 MB /   0.10 sec =   31.4598 Mbps     0 retrans   1985 KB-cwnd
    0.2500 MB /   0.10 sec =   20.9701 Mbps     0 retrans   1985 KB-cwnd
    0.4375 MB /   0.10 sec =   36.7035 Mbps     0 retrans   1985 KB-cwnd
    0.3750 MB /   0.10 sec =   31.4557 Mbps     0 retrans   1985 KB-cwnd
    0.3125 MB /   0.10 sec =   26.2152 Mbps     0 retrans   1985 KB-cwnd
    0.3125 MB /   0.10 sec =   26.2149 Mbps     0 retrans   1985 KB-cwnd
    0.3125 MB /   0.10 sec =   26.2144 Mbps     0 retrans   1985 KB-cwnd
    0.3125 MB /   0.10 sec =   26.2139 Mbps     0 retrans   1985 KB-cwnd
    0.3125 MB /   0.10 sec =   26.2141 Mbps     0 retrans   1985 KB-cwnd
    0.2500 MB /   0.10 sec =   20.9724 Mbps     0 retrans   1985 KB-cwnd
    0.1875 MB /   0.10 sec =   15.7290 Mbps     0 retrans   1985 KB-cwnd
    0.3750 MB /   0.10 sec =   31.4554 Mbps     0 retrans   1985 KB-cwnd
    0.3750 MB /   0.10 sec =   31.4592 Mbps     0 retrans   1985 KB-cwnd
    0.3125 MB /   0.10 sec =   26.2134 Mbps     0 retrans   1985 KB-cwnd
    0.3750 MB /   0.10 sec =   31.4570 Mbps     0 retrans   1985 KB-cwnd
    0.4375 MB /   0.10 sec =   36.7016 Mbps     0 retrans   1985 KB-cwnd
    0.3750 MB /   0.10 sec =   31.4573 Mbps     0 retrans   1985 KB-cwnd
    0.3125 MB /   0.10 sec =   26.2134 Mbps     0 retrans   1985 KB-cwnd
    0.4375 MB /   0.10 sec =   36.7002 Mbps     0 retrans   1985 KB-cwnd
    0.3750 MB /   0.10 sec =   31.4585 Mbps     0 retrans   1985 KB-cwnd
    0.3125 MB /   0.10 sec =   26.2144 Mbps     0 retrans   1985 KB-cwnd
    0.3750 MB /   0.10 sec =   31.4573 Mbps     0 retrans   1985 KB-cwnd
    0.3125 MB /   0.10 sec =   26.2144 Mbps     0 retrans   1985 KB-cwnd
    0.3125 MB /   0.10 sec =   26.2149 Mbps     0 retrans   1985 KB-cwnd
    0.3750 MB /   0.10 sec =   31.4570 Mbps     0 retrans   1985 KB-cwnd
    0.4375 MB /   0.10 sec =   36.7002 Mbps     0 retrans   1985 KB-cwnd
    0.3125 MB /   0.10 sec =   26.2128 Mbps     0 retrans   1985 KB-cwnd
    0.3750 MB /   0.10 sec =   31.4595 Mbps     0 retrans   1985 KB-cwnd
    0.2500 MB /   0.10 sec =   20.9696 Mbps     0 retrans   1985 KB-cwnd
    0.2500 MB /   0.10 sec =   20.9703 Mbps     0 retrans   1985 KB-cwnd
    0.3125 MB /   0.10 sec =   26.2160 Mbps     0 retrans   1985 KB-cwnd
    0.3125 MB /   0.10 sec =   26.2162 Mbps     0 retrans   1985 KB-cwnd
    0.3125 MB /   0.10 sec =   26.2131 Mbps     0 retrans   1985 KB-cwnd
    0.3750 MB /   0.10 sec =   31.4595 Mbps     0 retrans   1985 KB-cwnd
    0.2500 MB /   0.10 sec =   20.9692 Mbps     0 retrans   1985 KB-cwnd
    0.2500 MB /   0.10 sec =   20.9721 Mbps     0 retrans   1985 KB-cwnd
    0.2500 MB /   0.10 sec =   20.9732 Mbps     0 retrans   1985 KB-cwnd
    0.1875 MB /   0.10 sec =   15.7279 Mbps     0 retrans   1985 KB-cwnd
    0.2500 MB /   0.10 sec =   20.9707 Mbps     0 retrans   1985 KB-cwnd
    0.1250 MB /   0.10 sec =   10.4850 Mbps     0 retrans   1985 KB-cwnd
    0.1875 MB /   0.10 sec =   15.7275 Mbps     0 retrans   1985 KB-cwnd
    0.0625 MB /   0.10 sec =    5.2430 Mbps     0 retrans   1985 KB-cwnd
    0.1875 MB /   0.10 sec =   15.7318 Mbps     0 retrans   1985 KB-cwnd
    0.2500 MB /   0.10 sec =   20.9711 Mbps     0 retrans   1985 KB-cwnd
    0.2500 MB /   0.10 sec =   20.9705 Mbps     0 retrans   1985 KB-cwnd
    0.2500 MB /   0.10 sec =   20.9715 Mbps     0 retrans   1985 KB-cwnd
    0.2500 MB /   0.10 sec =   20.9724 Mbps     0 retrans   1985 KB-cwnd
    0.2500 MB /   0.10 sec =   20.9715 Mbps     0 retrans   1985 KB-cwnd
    0.1875 MB /   0.10 sec =   15.7285 Mbps     0 retrans   1985 KB-cwnd
    0.2500 MB /   0.10 sec =   20.9721 Mbps     0 retrans   1985 KB-cwnd
    0.1875 MB /   0.10 sec =   15.7285 Mbps     0 retrans   1985 KB-cwnd
    0.2500 MB /   0.10 sec =   20.9719 Mbps     0 retrans   1985 KB-cwnd
    0.1875 MB /   0.10 sec =   15.7277 Mbps     0 retrans   1985 KB-cwnd
    0.2500 MB /   0.10 sec =   20.9717 Mbps     0 retrans   1985 KB-cwnd
    0.2500 MB /   0.10 sec =   20.9671 Mbps     0 retrans   1985 KB-cwnd
    0.2500 MB /   0.10 sec =   20.9757 Mbps     0 retrans   1985 KB-cwnd
    0.1875 MB /   0.10 sec =   15.7290 Mbps     0 retrans   1985 KB-cwnd
    0.1875 MB /   0.10 sec =   15.7288 Mbps     0 retrans   1985 KB-cwnd
    0.2500 MB /   0.10 sec =   20.9715 Mbps     0 retrans   1985 KB-cwnd
    0.2500 MB /   0.10 sec =   20.9707 Mbps     0 retrans   1985 KB-cwnd
    0.2500 MB /   0.10 sec =   20.9717 Mbps     0 retrans   1985 KB-cwnd
    0.1250 MB /   0.10 sec =   10.4860 Mbps     0 retrans   1985 KB-cwnd
    0.1875 MB /   0.10 sec =   15.7286 Mbps     0 retrans   1985 KB-cwnd
    0.1875 MB /   0.10 sec =   15.7288 Mbps     0 retrans   1985 KB-cwnd
    0.1875 MB /   0.10 sec =   15.7286 Mbps     0 retrans   1985 KB-cwnd
    0.1875 MB /   0.10 sec =   15.7288 Mbps     0 retrans   1985 KB-cwnd
    0.1875 MB /   0.10 sec =   15.7285 Mbps     0 retrans   1985 KB-cwnd
    0.2500 MB /   0.10 sec =   20.9688 Mbps     0 retrans   1985 KB-cwnd
    0.1875 MB /   0.10 sec =   15.7220 Mbps     0 retrans   1985 KB-cwnd
    0.2500 MB /   0.10 sec =   20.9826 Mbps     0 retrans   1985 KB-cwnd
    0.2500 MB /   0.10 sec =   20.9721 Mbps     0 retrans   1985 KB-cwnd
    0.1875 MB /   0.10 sec =   15.7288 Mbps     0 retrans   1985 KB-cwnd
    0.1875 MB /   0.10 sec =   15.7290 Mbps     0 retrans   1985 KB-cwnd
    0.1875 MB /   0.10 sec =   15.7279 Mbps     0 retrans   1985 KB-cwnd
    0.1250 MB /   0.10 sec =   10.4862 Mbps     0 retrans   1985 KB-cwnd
    0.1875 MB /   0.10 sec =   15.7264 Mbps     0 retrans   1985 KB-cwnd
    0.1875 MB /   0.10 sec =   15.7302 Mbps     0 retrans   1985 KB-cwnd
    0.1250 MB /   0.10 sec =   10.4854 Mbps     0 retrans   1985 KB-cwnd
    0.2500 MB /   0.10 sec =   20.9682 Mbps     0 retrans   1985 KB-cwnd
    0.1250 MB /   0.10 sec =   10.4842 Mbps     0 retrans   1985 KB-cwnd
    0.1875 MB /   0.10 sec =   15.7343 Mbps     0 retrans   1985 KB-cwnd
    0.1250 MB /   0.10 sec =   10.4861 Mbps     0 retrans   1985 KB-cwnd
    0.1875 MB /   0.10 sec =   15.7285 Mbps     0 retrans   1985 KB-cwnd
    0.1875 MB /   0.10 sec =   15.7257 Mbps     0 retrans   1985 KB-cwnd
    0.1875 MB /   0.10 sec =   15.7307 Mbps     0 retrans   1985 KB-cwnd
    0.2500 MB /   0.10 sec =   20.9715 Mbps     0 retrans   1985 KB-cwnd
    0.3125 MB /   0.10 sec =   26.2144 Mbps     0 retrans   1985 KB-cwnd
    0.2500 MB /   0.10 sec =   20.9724 Mbps     0 retrans   1985 KB-cwnd
    0.3125 MB /   0.10 sec =   26.2152 Mbps     0 retrans   1985 KB-cwnd
    0.3125 MB /   0.10 sec =   26.2136 Mbps     0 retrans   1985 KB-cwnd
    0.3125 MB /   0.10 sec =   26.2139 Mbps     0 retrans   1985 KB-cwnd
    0.3125 MB /   0.10 sec =   26.2144 Mbps     0 retrans   1985 KB-cwnd
    0.1875 MB /   0.10 sec =   15.7290 Mbps     0 retrans   1985 KB-cwnd
    0.2500 MB /   0.10 sec =   20.9707 Mbps     0 retrans   1985 KB-cwnd
    0.3750 MB /   0.10 sec =   31.4573 Mbps     0 retrans   1985 KB-cwnd
    0.2500 MB /   0.10 sec =   20.9711 Mbps     0 retrans   1985 KB-cwnd
    0.1875 MB /   0.10 sec =   15.7169 Mbps     0 retrans   1985 KB-cwnd
    0.2500 MB /   0.10 sec =   20.9887 Mbps     0 retrans   1985 KB-cwnd
    0.3125 MB /   0.10 sec =   26.2141 Mbps     0 retrans   1985 KB-cwnd
    0.2500 MB /   0.10 sec =   20.9713 Mbps     0 retrans   1985 KB-cwnd
    0.3125 MB /   0.10 sec =   26.2144 Mbps     0 retrans   1985 KB-cwnd
    0.2500 MB /   0.10 sec =   20.9701 Mbps     0 retrans   1985 KB-cwnd
    0.3125 MB /   0.10 sec =   26.2170 Mbps     0 retrans   1985 KB-cwnd
    0.3125 MB /   0.10 sec =   26.2115 Mbps     0 retrans   1985 KB-cwnd
    0.2500 MB /   0.10 sec =   20.9740 Mbps     0 retrans   1985 KB-cwnd
    0.2500 MB /   0.10 sec =   20.9711 Mbps     0 retrans   1985 KB-cwnd
    0.1875 MB /   0.10 sec =   15.7285 Mbps     0 retrans   1985 KB-cwnd
    0.3125 MB /   0.10 sec =   26.1890 Mbps     0 retrans   1985 KB-cwnd
    0.5000 MB /   0.10 sec =   41.9850 Mbps     0 retrans   1985 KB-cwnd
    0.3750 MB /   0.10 sec =   31.4557 Mbps     0 retrans   1985 KB-cwnd
    0.3750 MB /   0.10 sec =   31.4589 Mbps     0 retrans   1985 KB-cwnd
    0.3750 MB /   0.10 sec =   31.4563 Mbps     0 retrans   1985 KB-cwnd
    0.3125 MB /   0.10 sec =   26.2144 Mbps     0 retrans   1985 KB-cwnd
    0.3750 MB /   0.10 sec =   31.4529 Mbps     0 retrans   1985 KB-cwnd
    0.3125 MB /   0.10 sec =   26.2181 Mbps     0 retrans   1985 KB-cwnd
    0.3125 MB /   0.10 sec =   26.2139 Mbps     0 retrans   1985 KB-cwnd
    0.3125 MB /   0.10 sec =   26.2144 Mbps     0 retrans   1985 KB-cwnd
    0.3750 MB /   0.10 sec =   31.4570 Mbps     0 retrans   1985 KB-cwnd
    0.3125 MB /   0.10 sec =   26.2136 Mbps     0 retrans   1985 KB-cwnd
    0.1875 MB /   0.10 sec =   15.7271 Mbps     0 retrans   1985 KB-cwnd
    0.3125 MB /   0.10 sec =   26.2175 Mbps     0 retrans   1985 KB-cwnd
    0.3750 MB /   0.10 sec =   31.4513 Mbps     0 retrans   1985 KB-cwnd
    0.3125 MB /   0.10 sec =   26.2202 Mbps     0 retrans   1985 KB-cwnd
    0.3125 MB /   0.10 sec =   26.2120 Mbps     0 retrans   1985 KB-cwnd
    0.3750 MB /   0.10 sec =   31.4538 Mbps     0 retrans   1985 KB-cwnd
    0.3750 MB /   0.10 sec =   31.4642 Mbps     0 retrans   1985 KB-cwnd
    0.3125 MB /   0.10 sec =   26.2141 Mbps     0 retrans   1985 KB-cwnd
    0.3125 MB /   0.10 sec =   26.2139 Mbps     0 retrans   1985 KB-cwnd
    0.3125 MB /   0.10 sec =   26.2126 Mbps     0 retrans   1985 KB-cwnd
    0.3125 MB /   0.10 sec =   26.2160 Mbps     0 retrans   1985 KB-cwnd
    0.3750 MB /   0.10 sec =   31.4573 Mbps     0 retrans   1985 KB-cwnd
    0.3125 MB /   0.10 sec =   26.2131 Mbps     0 retrans   1985 KB-cwnd
    0.3125 MB /   0.10 sec =   26.2154 Mbps     0 retrans   1985 KB-cwnd
    0.3125 MB /   0.10 sec =   26.2147 Mbps     0 retrans   1985 KB-cwnd
    0.4375 MB /   0.10 sec =   36.7002 Mbps     0 retrans   1985 KB-cwnd
    0.3125 MB /   0.10 sec =   26.2144 Mbps     0 retrans   1985 KB-cwnd
    0.3125 MB /   0.10 sec =   26.2152 Mbps     0 retrans   1985 KB-cwnd
    0.3125 MB /   0.10 sec =   26.2136 Mbps     0 retrans   1985 KB-cwnd
    0.3125 MB /   0.10 sec =   26.2147 Mbps     0 retrans   1985 KB-cwnd
    0.3750 MB /   0.10 sec =   31.4585 Mbps     0 retrans   1985 KB-cwnd
    0.3125 MB /   0.10 sec =   26.2131 Mbps     0 retrans   1985 KB-cwnd
    0.3125 MB /   0.10 sec =   26.2147 Mbps     0 retrans   1985 KB-cwnd
    0.2500 MB /   0.10 sec =   20.9694 Mbps     0 retrans   1985 KB-cwnd
    0.2500 MB /   0.10 sec =   20.9669 Mbps     0 retrans   1985 KB-cwnd
    0.3125 MB /   0.10 sec =   26.2238 Mbps     0 retrans   1985 KB-cwnd
    0.2500 MB /   0.10 sec =   20.9715 Mbps     0 retrans   2144 KB-cwnd
    0.3125 MB /   0.10 sec =   26.2144 Mbps     0 retrans   2144 KB-cwnd
    0.3125 MB /   0.10 sec =   26.2144 Mbps     0 retrans   2144 KB-cwnd
    0.2500 MB /   0.10 sec =   20.9636 Mbps     0 retrans   2144 KB-cwnd
    0.3750 MB /   0.10 sec =   31.4658 Mbps     0 retrans   2144 KB-cwnd
    0.3125 MB /   0.10 sec =   26.2170 Mbps     0 retrans   2144 KB-cwnd
    0.1875 MB /   0.10 sec =   15.7274 Mbps     0 retrans   2144 KB-cwnd
    0.2500 MB /   0.10 sec =   20.9728 Mbps     0 retrans   2144 KB-cwnd
    0.3125 MB /   0.10 sec =   26.2131 Mbps     0 retrans   2144 KB-cwnd
    0.2500 MB /   0.10 sec =   20.9694 Mbps     0 retrans   2144 KB-cwnd
    0.2500 MB /   0.10 sec =   20.9724 Mbps     0 retrans   2144 KB-cwnd
    0.3125 MB /   0.10 sec =   26.2105 Mbps     0 retrans   2144 KB-cwnd
    0.3750 MB /   0.10 sec =   31.4614 Mbps     0 retrans   2144 KB-cwnd
    0.2500 MB /   0.10 sec =   20.9730 Mbps     0 retrans   2144 KB-cwnd
    0.3750 MB /   0.10 sec =   31.4595 Mbps     0 retrans   2144 KB-cwnd
    0.2500 MB /   0.10 sec =   20.9701 Mbps     0 retrans   2144 KB-cwnd
    0.3750 MB /   0.10 sec =   31.4592 Mbps     0 retrans   2144 KB-cwnd
    0.2500 MB /   0.10 sec =   20.9719 Mbps     0 retrans   2144 KB-cwnd
    0.1875 MB /   0.10 sec =   15.7250 Mbps     0 retrans   2144 KB-cwnd
    0.2500 MB /   0.10 sec =   20.9665 Mbps     0 retrans   2144 KB-cwnd
    0.1875 MB /   0.10 sec =   15.7321 Mbps     0 retrans   2144 KB-cwnd
    0.5000 MB /   0.10 sec =   41.9435 Mbps     0 retrans   2144 KB-cwnd
    0.4375 MB /   0.10 sec =   36.7086 Mbps     0 retrans   2144 KB-cwnd
    0.2500 MB /   0.10 sec =   20.9686 Mbps     0 retrans   2144 KB-cwnd
    0.3125 MB /   0.10 sec =   26.2178 Mbps     0 retrans   2144 KB-cwnd
    0.2500 MB /   0.10 sec =   20.9675 Mbps     0 retrans   2144 KB-cwnd
    0.3750 MB /   0.10 sec =   31.4620 Mbps     0 retrans   2144 KB-cwnd
    0.3750 MB /   0.10 sec =   31.4548 Mbps     0 retrans   2144 KB-cwnd
    0.3750 MB /   0.10 sec =   31.4532 Mbps     0 retrans   2144 KB-cwnd
    0.3750 MB /   0.10 sec =   31.4658 Mbps     0 retrans   2144 KB-cwnd
    0.3125 MB /   0.10 sec =   26.2136 Mbps     0 retrans   2144 KB-cwnd
    0.3125 MB /   0.10 sec =   26.2139 Mbps     0 retrans   2144 KB-cwnd
    0.2500 MB /   0.10 sec =   20.9719 Mbps     0 retrans   2144 KB-cwnd
    0.3750 MB /   0.10 sec =   31.4529 Mbps     0 retrans   2144 KB-cwnd
    0.4375 MB /   0.10 sec =   36.7068 Mbps     0 retrans   2144 KB-cwnd
    0.5000 MB /   0.10 sec =   41.9409 Mbps     0 retrans   2144 KB-cwnd
    0.5000 MB /   0.10 sec =   41.9443 Mbps     0 retrans   2144 KB-cwnd
    0.4375 MB /   0.10 sec =   36.6983 Mbps     0 retrans   2144 KB-cwnd
    0.4375 MB /   0.10 sec =   36.6866 Mbps     0 retrans   2144 KB-cwnd
    0.4375 MB /   0.10 sec =   36.7134 Mbps     0 retrans   2144 KB-cwnd
    0.5000 MB /   0.10 sec =   41.9409 Mbps     0 retrans   2144 KB-cwnd
    0.3125 MB /   0.10 sec =   26.2113 Mbps     0 retrans   2144 KB-cwnd
    0.3750 MB /   0.10 sec =   31.4620 Mbps     0 retrans   2144 KB-cwnd
    0.3125 MB /   0.10 sec =   26.2168 Mbps     0 retrans   2144 KB-cwnd
    0.3125 MB /   0.10 sec =   26.2139 Mbps     0 retrans   2144 KB-cwnd
    0.3750 MB /   0.10 sec =   31.4579 Mbps     0 retrans   2144 KB-cwnd
    0.3750 MB /   0.10 sec =   31.4567 Mbps     0 retrans   2144 KB-cwnd
    0.4375 MB /   0.10 sec =   36.7013 Mbps     0 retrans   2144 KB-cwnd
    0.3750 MB /   0.10 sec =   31.4570 Mbps     0 retrans   2144 KB-cwnd
    0.4375 MB /   0.10 sec =   36.6950 Mbps     0 retrans   2144 KB-cwnd
    0.3750 MB /   0.10 sec =   31.4607 Mbps     0 retrans   2144 KB-cwnd
    0.4375 MB /   0.10 sec =   36.6961 Mbps     0 retrans   2144 KB-cwnd
    0.5000 MB /   0.10 sec =   41.9485 Mbps     0 retrans   2144 KB-cwnd
    0.4375 MB /   0.10 sec =   36.6991 Mbps     0 retrans   2144 KB-cwnd
    0.3750 MB /   0.10 sec =   31.4573 Mbps     0 retrans   2144 KB-cwnd
    0.3125 MB /   0.10 sec =   26.2147 Mbps     0 retrans   2144 KB-cwnd
    0.4375 MB /   0.10 sec =   36.7009 Mbps     0 retrans   2144 KB-cwnd
    0.4375 MB /   0.10 sec =   36.6998 Mbps     0 retrans   2144 KB-cwnd
    0.3125 MB /   0.10 sec =   26.2152 Mbps     0 retrans   2144 KB-cwnd
    0.3125 MB /   0.10 sec =   26.2139 Mbps     0 retrans   2144 KB-cwnd
    0.3125 MB /   0.10 sec =   26.2149 Mbps     0 retrans   2144 KB-cwnd
    0.3750 MB /   0.10 sec =   31.4557 Mbps     0 retrans   2144 KB-cwnd
    0.3750 MB /   0.10 sec =   31.4290 Mbps     0 retrans   2144 KB-cwnd
    0.3125 MB /   0.10 sec =   26.2385 Mbps     0 retrans   2144 KB-cwnd
    0.3125 MB /   0.10 sec =   26.2154 Mbps     0 retrans   2144 KB-cwnd
    0.3750 MB /   0.10 sec =   31.4557 Mbps     0 retrans   2144 KB-cwnd
    0.4375 MB /   0.10 sec =   36.7013 Mbps     0 retrans   2144 KB-cwnd
    0.3125 MB /   0.10 sec =   26.2149 Mbps     0 retrans   2144 KB-cwnd
    0.4375 MB /   0.10 sec =   36.6994 Mbps     0 retrans   2144 KB-cwnd
    0.4375 MB /   0.10 sec =   36.6998 Mbps     0 retrans   2144 KB-cwnd
    0.3125 MB /   0.10 sec =   26.2162 Mbps     0 retrans   2144 KB-cwnd
    0.3125 MB /   0.10 sec =   26.2128 Mbps     0 retrans   2144 KB-cwnd
    0.2500 MB /   0.10 sec =   20.9713 Mbps     0 retrans   2144 KB-cwnd
    0.3125 MB /   0.10 sec =   26.2141 Mbps     0 retrans   2144 KB-cwnd
    0.2500 MB /   0.10 sec =   20.9719 Mbps     0 retrans   2144 KB-cwnd
    0.2500 MB /   0.10 sec =   20.9711 Mbps     0 retrans   2144 KB-cwnd
    0.3125 MB /   0.10 sec =   26.2149 Mbps     0 retrans   2144 KB-cwnd
    0.3125 MB /   0.10 sec =   26.2136 Mbps     0 retrans   2144 KB-cwnd
    0.3125 MB /   0.10 sec =   26.2071 Mbps     0 retrans   2144 KB-cwnd
    0.3750 MB /   0.10 sec =   31.4664 Mbps     0 retrans   2144 KB-cwnd
    0.3125 MB /   0.10 sec =   26.2141 Mbps     0 retrans   2144 KB-cwnd
    0.2500 MB /   0.10 sec =   20.9717 Mbps     0 retrans   2144 KB-cwnd
    0.4375 MB /   0.10 sec =   36.6994 Mbps     0 retrans   2144 KB-cwnd
    0.3750 MB /   0.10 sec =   31.4563 Mbps     0 retrans   2144 KB-cwnd
    0.3125 MB /   0.10 sec =   26.2123 Mbps     0 retrans   2144 KB-cwnd
    0.3750 MB /   0.10 sec =   31.4617 Mbps     0 retrans   2144 KB-cwnd
    0.5000 MB /   0.10 sec =   41.9418 Mbps     0 retrans   2144 KB-cwnd
    0.4375 MB /   0.10 sec =   36.7016 Mbps     0 retrans   2144 KB-cwnd
    0.4375 MB /   0.10 sec =   36.6987 Mbps     0 retrans    479 KB-cwnd
    0.0625 MB /   0.10 sec =    5.2408 Mbps     0 retrans   1715 KB-cwnd
    0.0625 MB /   0.10 sec =    5.2438 Mbps     0 retrans   1715 KB-cwnd
    0.3125 MB /   0.10 sec =   26.2191 Mbps     0 retrans   1715 KB-cwnd
    0.3750 MB /   0.10 sec =   31.4541 Mbps     0 retrans   1715 KB-cwnd
    0.3750 MB /   0.10 sec =   31.4579 Mbps     0 retrans   1715 KB-cwnd
    0.3125 MB /   0.10 sec =   26.2162 Mbps     0 retrans   1715 KB-cwnd
    0.3750 MB /   0.10 sec =   31.4595 Mbps     0 retrans   1715 KB-cwnd
    0.2500 MB /   0.10 sec =   20.9719 Mbps     0 retrans   1715 KB-cwnd
    0.2500 MB /   0.10 sec =   20.9707 Mbps     0 retrans   1715 KB-cwnd
    0.1875 MB /   0.10 sec =   15.7238 Mbps     0 retrans   1715 KB-cwnd
    0.1250 MB /   0.10 sec =   10.4850 Mbps     0 retrans   1715 KB-cwnd
    0.2500 MB /   0.10 sec =   20.9793 Mbps     0 retrans   1715 KB-cwnd
    0.3750 MB /   0.10 sec =   31.4541 Mbps     0 retrans   1715 KB-cwnd
    0.1875 MB /   0.10 sec =   15.7302 Mbps     0 retrans   1715 KB-cwnd
    0.1250 MB /   0.10 sec =   10.4860 Mbps     0 retrans   1715 KB-cwnd
    0.1875 MB /   0.10 sec =   15.7285 Mbps     0 retrans   1715 KB-cwnd
    0.1875 MB /   0.10 sec =   15.7293 Mbps     0 retrans   1715 KB-cwnd
    0.2500 MB /   0.10 sec =   20.9713 Mbps     0 retrans   1715 KB-cwnd
    0.1875 MB /   0.10 sec =   15.7279 Mbps     0 retrans   1715 KB-cwnd
    0.3750 MB /   0.10 sec =   31.4582 Mbps     0 retrans   1715 KB-cwnd
    0.2500 MB /   0.10 sec =   20.9719 Mbps     0 retrans   1715 KB-cwnd
    0.1875 MB /   0.10 sec =   15.7283 Mbps     0 retrans   1715 KB-cwnd
    0.3125 MB /   0.10 sec =   26.2157 Mbps     0 retrans   1715 KB-cwnd
    0.2500 MB /   0.10 sec =   20.9711 Mbps     0 retrans   1715 KB-cwnd
    0.2500 MB /   0.10 sec =   20.9709 Mbps     0 retrans   1715 KB-cwnd
    0.2500 MB /   0.10 sec =   20.9713 Mbps     0 retrans   1715 KB-cwnd
    0.3750 MB /   0.10 sec =   31.4589 Mbps     0 retrans   1715 KB-cwnd
    0.3750 MB /   0.10 sec =   31.4567 Mbps     0 retrans   1715 KB-cwnd
    0.3125 MB /   0.10 sec =   26.2134 Mbps     0 retrans   1715 KB-cwnd
    0.3125 MB /   0.10 sec =   26.2152 Mbps     0 retrans   1715 KB-cwnd
    0.3750 MB /   0.10 sec =   31.4560 Mbps     0 retrans   1715 KB-cwnd
    0.3125 MB /   0.10 sec =   26.2134 Mbps     0 retrans   1715 KB-cwnd
    0.3125 MB /   0.10 sec =   26.2144 Mbps     0 retrans   1715 KB-cwnd
    0.2500 MB /   0.10 sec =   20.9705 Mbps     0 retrans   1715 KB-cwnd
    0.3125 MB /   0.10 sec =   26.2170 Mbps     0 retrans   1715 KB-cwnd
    0.3125 MB /   0.10 sec =   26.2134 Mbps     0 retrans   1715 KB-cwnd
    0.3750 MB /   0.10 sec =   31.4585 Mbps     0 retrans   1715 KB-cwnd
    0.2500 MB /   0.10 sec =   20.9721 Mbps     0 retrans   1715 KB-cwnd
    0.4375 MB /   0.10 sec =   36.7002 Mbps     0 retrans   1715 KB-cwnd
    0.3750 MB /   0.10 sec =   31.4548 Mbps     0 retrans   1715 KB-cwnd
    0.2500 MB /   0.10 sec =   20.9734 Mbps     0 retrans   1715 KB-cwnd
    0.0625 MB /   0.10 sec =    5.2412 Mbps     0 retrans   1715 KB-cwnd
nuttcp-t: 114.8538 MB in 30.00 real seconds = 3920.32 KB/sec = 32.1153 Mbps
nuttcp-t: retrans = 0 cwnd = 1715 KB
nuttcp-t: 1838 I/O calls, msec/call = 16.71, calls/sec = 61.27
nuttcp-t: 0.0user 0.0sys 0:30real 0% 0i+0d 1350maxrss 0+1pf 9+1csw

nuttcp-r: 114.8538 MB in 37.03 real seconds = 3176.10 KB/sec = 26.0186 Mbps
nuttcp-r: 21293 I/O calls, msec/call = 1.78, calls/sec = 575.02
nuttcp-r: 0.0user 0.4sys 0:37real 1% 0i+0d 100maxrss 0+15pf 19604+2csw
