1660407970100
nuttcp-r: v8.1.4: socket
nuttcp-r: buflen=65536, nstream=1, port=5005 tcp
nuttcp-r: interval reporting every 0.10 seconds
nuttcp-r: connect to 3.19.94.93 with RTT=77.940 ms af=inet
nuttcp-r: send window size = 2097152, receive window size = 52428800
nuttcp-r: available send window = 1572864, available receive window = 39321600
    0.0000 MB /   0.10 sec =    0.0000 Mbps    -1 retrans
    0.0625 MB /   0.10 sec =    5.2428 Mbps     1 retrans
    0.1250 MB /   0.10 sec =   10.4869 Mbps     0 retrans
    0.2500 MB /   0.10 sec =   20.9759 Mbps     0 retrans
    0.2500 MB /   0.10 sec =   20.9740 Mbps     0 retrans
    0.3125 MB /   0.10 sec =   26.2018 Mbps     0 retrans
    0.3125 MB /   0.10 sec =   26.2212 Mbps     0 retrans
    0.1875 MB /   0.10 sec =   15.7253 Mbps     0 retrans
    0.3750 MB /   0.10 sec =   31.4598 Mbps     0 retrans
    0.3750 MB /   0.10 sec =   31.4645 Mbps     0 retrans
    0.1875 MB /   0.10 sec =   15.7280 Mbps     0 retrans
    0.3750 MB /   0.10 sec =   31.3701 Mbps     0 retrans
    0.0000 MB /   0.10 sec =    0.0000 Mbps     0 retrans
    0.0000 MB /   0.10 sec =    0.0000 Mbps     0 retrans
    0.3125 MB /   0.10 sec =   26.2173 Mbps     0 retrans
    0.2500 MB /   0.10 sec =   20.9726 Mbps     0 retrans
    0.3125 MB /   0.10 sec =   26.2105 Mbps     0 retrans
    0.2500 MB /   0.10 sec =   20.9738 Mbps     0 retrans
    0.1875 MB /   0.10 sec =   15.7274 Mbps     0 retrans
    0.1875 MB /   0.10 sec =   15.7321 Mbps     0 retrans
    0.1875 MB /   0.10 sec =   15.7264 Mbps     0 retrans
    0.2500 MB /   0.10 sec =   20.9650 Mbps     0 retrans
    0.3750 MB /   0.10 sec =   31.4714 Mbps     0 retrans
    0.2500 MB /   0.10 sec =   20.9633 Mbps     0 retrans
    0.3750 MB /   0.10 sec =   31.4620 Mbps     0 retrans
    0.3125 MB /   0.10 sec =   26.2118 Mbps     0 retrans
    0.3750 MB /   0.10 sec =   31.4567 Mbps     0 retrans
    0.3125 MB /   0.10 sec =   26.2241 Mbps     0 retrans
    0.3750 MB /   0.10 sec =   31.4500 Mbps     0 retrans
    0.4375 MB /   0.10 sec =   36.6866 Mbps     0 retrans
    0.2500 MB /   0.10 sec =   20.9638 Mbps     0 retrans
    0.2500 MB /   0.10 sec =   20.9824 Mbps     0 retrans
    0.1875 MB /   0.10 sec =   15.7269 Mbps     0 retrans
    0.5000 MB /   0.10 sec =   41.9502 Mbps     0 retrans
    0.3125 MB /   0.10 sec =   26.2105 Mbps     0 retrans
    0.3125 MB /   0.10 sec =   26.2149 Mbps     0 retrans
    0.4375 MB /   0.10 sec =   36.6061 Mbps     0 retrans
    0.3125 MB /   0.10 sec =   26.2746 Mbps     0 retrans
    0.3125 MB /   0.10 sec =   26.2099 Mbps     0 retrans
    0.4375 MB /   0.10 sec =   36.7075 Mbps     0 retrans
    0.3750 MB /   0.10 sec =   31.4759 Mbps     0 retrans
    0.4375 MB /   0.10 sec =   36.6921 Mbps     0 retrans
    0.3750 MB /   0.10 sec =   31.4189 Mbps     0 retrans
    0.3750 MB /   0.10 sec =   31.4916 Mbps     0 retrans
    0.2500 MB /   0.10 sec =   20.9719 Mbps     0 retrans
    0.4375 MB /   0.10 sec =   36.7167 Mbps     0 retrans
    0.4375 MB /   0.10 sec =   36.6950 Mbps     0 retrans
    0.3750 MB /   0.10 sec =   31.4538 Mbps     0 retrans
    0.5000 MB /   0.10 sec =   41.9468 Mbps     0 retrans
    0.3750 MB /   0.10 sec =   31.4400 Mbps     0 retrans
    0.4375 MB /   0.10 sec =   36.7277 Mbps     0 retrans
    0.4375 MB /   0.10 sec =   36.6943 Mbps     0 retrans
    0.4375 MB /   0.10 sec =   36.7016 Mbps     0 retrans
    0.3125 MB /   0.10 sec =   26.2092 Mbps     0 retrans
    0.5000 MB /   0.10 sec =   41.9456 Mbps     0 retrans
    0.3750 MB /   0.10 sec =   31.4620 Mbps     0 retrans
    0.4375 MB /   0.10 sec =   36.6859 Mbps     0 retrans
    0.3125 MB /   0.10 sec =   26.2238 Mbps     0 retrans
    0.5000 MB /   0.10 sec =   41.9460 Mbps     0 retrans
    0.1875 MB /   0.10 sec =   15.7219 Mbps     0 retrans
    0.0000 MB /   0.10 sec =    0.0000 Mbps     0 retrans
    0.0000 MB /   0.10 sec =    0.0000 Mbps     0 retrans
    0.4375 MB /   0.10 sec =   36.7148 Mbps     0 retrans
    0.3125 MB /   0.10 sec =   26.2191 Mbps     0 retrans
    0.2500 MB /   0.10 sec =   20.9717 Mbps     0 retrans
    0.3750 MB /   0.10 sec =   31.4516 Mbps     0 retrans
    0.3125 MB /   0.10 sec =   26.2107 Mbps     0 retrans
    0.2500 MB /   0.10 sec =   20.9738 Mbps     0 retrans
    0.4375 MB /   0.10 sec =   36.6778 Mbps     0 retrans
    0.3125 MB /   0.10 sec =   26.2254 Mbps     0 retrans
    0.3750 MB /   0.10 sec =   31.4598 Mbps     0 retrans
    0.4375 MB /   0.10 sec =   36.6972 Mbps     0 retrans
    0.3125 MB /   0.10 sec =   26.2160 Mbps     0 retrans
    0.4375 MB /   0.10 sec =   36.7009 Mbps     0 retrans
    0.3750 MB /   0.10 sec =   31.4567 Mbps     0 retrans
    0.2500 MB /   0.10 sec =   20.9625 Mbps     0 retrans
    0.4375 MB /   0.10 sec =   36.7288 Mbps     0 retrans
    0.3125 MB /   0.10 sec =   26.2102 Mbps     0 retrans
    0.4375 MB /   0.10 sec =   36.6950 Mbps     0 retrans
    0.3125 MB /   0.10 sec =   26.2147 Mbps     0 retrans
    0.5000 MB /   0.10 sec =   41.9443 Mbps     0 retrans
    0.3125 MB /   0.10 sec =   26.2170 Mbps     0 retrans
    0.5000 MB /   0.10 sec =   41.9506 Mbps     0 retrans
    0.3125 MB /   0.10 sec =   26.2003 Mbps     0 retrans
    0.5000 MB /   0.10 sec =   41.9510 Mbps     0 retrans
    0.3125 MB /   0.10 sec =   26.1801 Mbps     0 retrans
    0.3750 MB /   0.10 sec =   31.4985 Mbps     0 retrans
    0.3750 MB /   0.10 sec =   31.4271 Mbps     0 retrans
    0.1875 MB /   0.10 sec =   15.7479 Mbps     0 retrans
    0.0000 MB /   0.10 sec =    0.0000 Mbps     0 retrans
    0.0000 MB /   0.10 sec =    0.0000 Mbps     0 retrans
    0.4375 MB /   0.10 sec =   36.6804 Mbps     0 retrans
    0.2500 MB /   0.10 sec =   20.9784 Mbps     0 retrans
    0.2500 MB /   0.10 sec =   20.9598 Mbps     0 retrans
    0.1875 MB /   0.10 sec =   15.7340 Mbps     0 retrans
    0.2500 MB /   0.10 sec =   20.9745 Mbps     0 retrans
    0.2500 MB /   0.10 sec =   20.9709 Mbps     0 retrans
    0.2500 MB /   0.10 sec =   20.9669 Mbps     0 retrans
    0.2500 MB /   0.10 sec =   20.9742 Mbps     0 retrans
    0.3125 MB /   0.10 sec =   26.2236 Mbps     0 retrans
    0.2500 MB /   0.10 sec =   20.9717 Mbps     0 retrans
    0.2500 MB /   0.10 sec =   20.9625 Mbps     0 retrans
    0.1875 MB /   0.10 sec =   15.7118 Mbps     0 retrans
    0.3750 MB /   0.10 sec =   31.4409 Mbps     0 retrans
    0.3125 MB /   0.10 sec =   26.2619 Mbps     0 retrans
    0.2500 MB /   0.10 sec =   20.9612 Mbps     0 retrans
    0.3750 MB /   0.10 sec =   31.3954 Mbps     0 retrans
    0.3125 MB /   0.10 sec =   26.2835 Mbps     0 retrans
    0.3125 MB /   0.10 sec =   26.2052 Mbps     0 retrans
    0.3750 MB /   0.10 sec =   31.1990 Mbps     0 retrans
    0.3125 MB /   0.10 sec =   26.4287 Mbps     0 retrans
    0.3125 MB /   0.10 sec =   26.2304 Mbps     0 retrans
    0.1875 MB /   0.10 sec =   15.7290 Mbps     0 retrans
    0.3125 MB /   0.10 sec =   26.2107 Mbps     0 retrans
    0.3750 MB /   0.10 sec =   31.4589 Mbps     0 retrans
    0.2500 MB /   0.10 sec =   20.9696 Mbps     0 retrans
    0.4375 MB /   0.10 sec =   36.6833 Mbps     0 retrans
    0.2500 MB /   0.10 sec =   20.9755 Mbps     0 retrans
    0.3750 MB /   0.10 sec =   31.4721 Mbps     0 retrans
    0.4375 MB /   0.10 sec =   36.6994 Mbps     0 retrans
    0.2500 MB /   0.10 sec =   20.9701 Mbps     0 retrans
    0.3750 MB /   0.10 sec =   31.4579 Mbps     0 retrans
    0.3125 MB /   0.10 sec =   26.2126 Mbps     0 retrans
    0.4375 MB /   0.10 sec =   36.7027 Mbps     0 retrans
    0.1875 MB /   0.10 sec =   15.7297 Mbps     0 retrans
    0.3750 MB /   0.10 sec =   31.4482 Mbps     0 retrans
    0.3125 MB /   0.10 sec =   26.2173 Mbps     0 retrans
    0.4375 MB /   0.10 sec =   36.7049 Mbps     0 retrans
    0.4375 MB /   0.10 sec =   36.6998 Mbps     0 retrans
    0.1875 MB /   0.10 sec =   15.7274 Mbps     0 retrans
    0.2500 MB /   0.10 sec =   20.9763 Mbps     0 retrans
    0.4375 MB /   0.10 sec =   36.6837 Mbps     0 retrans
    0.3125 MB /   0.10 sec =   26.2202 Mbps     0 retrans
    0.4375 MB /   0.10 sec =   36.6980 Mbps     0 retrans
    0.3125 MB /   0.10 sec =   26.2233 Mbps     0 retrans
    0.3750 MB /   0.10 sec =   31.4551 Mbps     0 retrans
    0.3750 MB /   0.10 sec =   31.4573 Mbps     0 retrans
    0.4375 MB /   0.10 sec =   36.7024 Mbps     0 retrans
    0.3125 MB /   0.10 sec =   26.1906 Mbps     0 retrans
    0.3750 MB /   0.10 sec =   31.4834 Mbps     0 retrans
    0.3125 MB /   0.10 sec =   26.2126 Mbps     0 retrans
    0.4375 MB /   0.10 sec =   36.7053 Mbps     0 retrans
    0.3750 MB /   0.10 sec =   31.4544 Mbps     0 retrans
    0.3750 MB /   0.10 sec =   31.4535 Mbps     0 retrans
    0.4375 MB /   0.10 sec =   36.6983 Mbps     0 retrans
    0.4375 MB /   0.10 sec =   36.7024 Mbps     0 retrans
    0.3125 MB /   0.10 sec =   26.2186 Mbps     0 retrans
    0.5000 MB /   0.10 sec =   41.9472 Mbps     0 retrans
    0.3125 MB /   0.10 sec =   26.2078 Mbps     0 retrans
    0.3750 MB /   0.10 sec =   31.4614 Mbps     0 retrans
    0.4375 MB /   0.10 sec =   36.6925 Mbps     0 retrans
    0.3125 MB /   0.10 sec =   26.2157 Mbps     0 retrans
    0.3750 MB /   0.10 sec =   31.4563 Mbps     0 retrans
    0.4375 MB /   0.10 sec =   36.7002 Mbps     0 retrans
    0.5000 MB /   0.10 sec =   41.9468 Mbps     0 retrans
    0.4375 MB /   0.10 sec =   36.6991 Mbps     0 retrans
    0.3750 MB /   0.10 sec =   31.4519 Mbps     0 retrans
    0.2500 MB /   0.10 sec =   20.9684 Mbps     0 retrans
    0.4375 MB /   0.10 sec =   36.6998 Mbps     0 retrans
    0.3750 MB /   0.10 sec =   31.4692 Mbps     0 retrans
    0.4375 MB /   0.10 sec =   36.7057 Mbps     0 retrans
    0.2500 MB /   0.10 sec =   20.9671 Mbps     0 retrans
    0.3125 MB /   0.10 sec =   26.2202 Mbps     0 retrans
    0.2500 MB /   0.10 sec =   20.9654 Mbps     0 retrans
    0.5000 MB /   0.10 sec =   41.9447 Mbps     0 retrans
    0.2500 MB /   0.10 sec =   20.9713 Mbps     0 retrans
    0.3125 MB /   0.10 sec =   26.2073 Mbps     0 retrans
    0.2500 MB /   0.10 sec =   20.9768 Mbps     0 retrans
    0.3125 MB /   0.10 sec =   26.2089 Mbps     0 retrans
    0.2500 MB /   0.10 sec =   20.9736 Mbps     0 retrans
    0.5000 MB /   0.10 sec =   41.9430 Mbps     0 retrans
    0.3750 MB /   0.10 sec =   31.4500 Mbps     0 retrans
    0.5000 MB /   0.10 sec =   41.9615 Mbps     0 retrans
    0.5000 MB /   0.10 sec =   41.9380 Mbps     0 retrans
    0.3750 MB /   0.10 sec =   31.4592 Mbps     0 retrans
    0.5000 MB /   0.10 sec =   41.9489 Mbps     0 retrans
    0.3750 MB /   0.10 sec =   31.4601 Mbps     0 retrans
    0.3125 MB /   0.10 sec =   26.2113 Mbps     0 retrans
    0.3125 MB /   0.10 sec =   26.2094 Mbps     0 retrans
    0.2500 MB /   0.10 sec =   20.9688 Mbps     0 retrans
    0.3125 MB /   0.10 sec =   26.2149 Mbps     0 retrans
    0.5000 MB /   0.10 sec =   41.9535 Mbps     0 retrans
    0.0000 MB /   0.10 sec =    0.0000 Mbps     0 retrans
    0.0000 MB /   0.10 sec =    0.0000 Mbps     0 retrans
    0.2500 MB /   0.10 sec =   20.9721 Mbps     0 retrans
    0.1875 MB /   0.10 sec =   15.7319 Mbps     0 retrans
    0.2500 MB /   0.10 sec =   20.9667 Mbps     0 retrans
    0.3125 MB /   0.10 sec =   26.2165 Mbps     0 retrans
    0.3750 MB /   0.10 sec =   31.4482 Mbps     0 retrans
    0.2500 MB /   0.10 sec =   20.9673 Mbps     0 retrans
    0.3125 MB /   0.10 sec =   26.2254 Mbps     0 retrans
    0.4375 MB /   0.10 sec =   36.6976 Mbps     0 retrans
    0.3125 MB /   0.10 sec =   26.2189 Mbps     0 retrans
    0.3750 MB /   0.10 sec =   31.4321 Mbps     0 retrans
    0.4375 MB /   0.10 sec =   36.7398 Mbps     0 retrans
    0.3750 MB /   0.10 sec =   31.4510 Mbps     0 retrans
    0.4375 MB /   0.10 sec =   36.7005 Mbps     0 retrans
    0.2500 MB /   0.10 sec =   20.9721 Mbps     0 retrans
    0.5000 MB /   0.10 sec =   41.9355 Mbps     0 retrans
    0.4375 MB /   0.10 sec =   36.7005 Mbps     0 retrans
    0.3125 MB /   0.10 sec =   26.2183 Mbps     0 retrans
    0.4375 MB /   0.10 sec =   36.6972 Mbps     0 retrans
    0.4375 MB /   0.10 sec =   36.6969 Mbps     0 retrans
    0.3125 MB /   0.10 sec =   26.2191 Mbps     0 retrans
    0.5000 MB /   0.10 sec =   41.9401 Mbps     0 retrans
    0.5000 MB /   0.10 sec =   41.9485 Mbps     0 retrans
    0.3750 MB /   0.10 sec =   31.4453 Mbps     0 retrans
    0.5625 MB /   0.10 sec =   47.1911 Mbps     0 retrans
    0.3125 MB /   0.10 sec =   26.2178 Mbps     0 retrans
    0.5000 MB /   0.10 sec =   41.9380 Mbps     0 retrans
    0.2500 MB /   0.10 sec =   20.9709 Mbps     0 retrans
    0.5625 MB /   0.10 sec =   47.1831 Mbps     0 retrans
    0.2500 MB /   0.10 sec =   20.9751 Mbps     0 retrans
    0.3750 MB /   0.10 sec =   31.4541 Mbps     0 retrans
    0.4375 MB /   0.10 sec =   36.7020 Mbps     0 retrans
    0.3750 MB /   0.10 sec =   31.4639 Mbps     0 retrans
    0.5625 MB /   0.10 sec =   47.1793 Mbps     0 retrans
    0.4375 MB /   0.10 sec =   36.7005 Mbps     0 retrans
    0.4375 MB /   0.10 sec =   36.7057 Mbps     0 retrans
    0.4375 MB /   0.10 sec =   36.6939 Mbps     0 retrans
    0.5625 MB /   0.10 sec =   47.1930 Mbps     0 retrans
    0.4375 MB /   0.10 sec =   36.7071 Mbps     0 retrans
    0.3750 MB /   0.10 sec =   31.4444 Mbps     0 retrans
    0.5000 MB /   0.10 sec =   41.9372 Mbps     0 retrans
    0.4375 MB /   0.10 sec =   36.7196 Mbps     0 retrans
    0.3750 MB /   0.10 sec =   31.4453 Mbps     0 retrans
    0.5000 MB /   0.10 sec =   41.9401 Mbps     0 retrans
    0.3750 MB /   0.10 sec =   31.4595 Mbps     0 retrans
    0.4375 MB /   0.10 sec =   36.6965 Mbps     0 retrans
    0.3125 MB /   0.10 sec =   26.2086 Mbps     0 retrans
    0.2500 MB /   0.10 sec =   20.9747 Mbps     0 retrans
    0.5625 MB /   0.10 sec =   47.1982 Mbps     0 retrans
    0.3750 MB /   0.10 sec =   31.4582 Mbps     0 retrans
    0.5000 MB /   0.10 sec =   41.9506 Mbps     0 retrans
    0.3125 MB /   0.10 sec =   26.2123 Mbps     0 retrans
    0.5625 MB /   0.10 sec =   47.1873 Mbps     0 retrans
    0.3750 MB /   0.10 sec =   31.4472 Mbps     0 retrans
    0.5000 MB /   0.10 sec =   41.9456 Mbps     0 retrans
    0.5000 MB /   0.10 sec =   41.9439 Mbps     0 retrans
    0.5000 MB /   0.10 sec =   41.9351 Mbps     0 retrans
    0.3750 MB /   0.10 sec =   31.4582 Mbps     0 retrans
    0.5000 MB /   0.10 sec =   41.9355 Mbps     0 retrans
    0.4375 MB /   0.10 sec =   36.6866 Mbps     0 retrans
    0.3750 MB /   0.10 sec =   31.4840 Mbps     0 retrans
    0.2500 MB /   0.10 sec =   20.9726 Mbps     0 retrans
    0.3750 MB /   0.10 sec =   31.4601 Mbps     0 retrans
    0.2500 MB /   0.10 sec =   20.9661 Mbps     0 retrans
    0.5625 MB /   0.10 sec =   47.1732 Mbps     0 retrans
    0.3750 MB /   0.10 sec =   31.4699 Mbps     0 retrans
    0.4375 MB /   0.10 sec =   36.6987 Mbps     0 retrans
    0.4375 MB /   0.10 sec =   36.7079 Mbps     0 retrans
    0.4375 MB /   0.10 sec =   36.6917 Mbps     0 retrans
    0.4375 MB /   0.10 sec =   36.6899 Mbps     0 retrans
    0.5000 MB /   0.10 sec =   41.9418 Mbps     0 retrans
    0.1875 MB /   0.10 sec =   15.7318 Mbps     0 retrans
    0.5625 MB /   0.10 sec =   47.1850 Mbps     0 retrans
    0.3750 MB /   0.10 sec =   31.4475 Mbps     0 retrans
    0.4375 MB /   0.10 sec =   36.6525 Mbps     0 retrans
    0.3125 MB /   0.10 sec =   26.2575 Mbps     0 retrans
    0.5625 MB /   0.10 sec =   47.1916 Mbps     0 retrans
    0.3750 MB /   0.10 sec =   31.4526 Mbps     0 retrans
    0.3125 MB /   0.10 sec =   26.2126 Mbps     0 retrans
    0.0625 MB /   0.10 sec =    5.2437 Mbps     0 retrans
    0.2500 MB /   0.10 sec =   20.9646 Mbps     0 retrans
    0.4375 MB /   0.11 sec =   33.7836 Mbps     0 retrans
    0.3125 MB /   0.09 sec =   28.6992 Mbps     0 retrans
    0.5625 MB /   0.10 sec =   47.1869 Mbps     0 retrans
    0.5000 MB /   0.10 sec =   41.9359 Mbps     0 retrans
    0.5000 MB /   0.10 sec =   41.9439 Mbps     0 retrans
    0.3750 MB /   0.10 sec =   31.4579 Mbps     0 retrans
    0.6250 MB /   0.10 sec =   52.3022 Mbps     0 retrans
    0.3125 MB /   0.10 sec =   26.2538 Mbps     0 retrans
    0.4375 MB /   0.10 sec =   36.7306 Mbps     0 retrans
    0.5000 MB /   0.10 sec =   41.9158 Mbps     0 retrans
    0.3125 MB /   0.10 sec =   26.2362 Mbps     0 retrans
    0.5625 MB /   0.10 sec =   46.1914 Mbps     0 retrans
    0.4375 MB /   0.10 sec =   37.5016 Mbps     0 retrans
    0.5000 MB /   0.10 sec =   41.9477 Mbps     0 retrans
    0.5000 MB /   0.10 sec =   40.9600 Mbps     0 retrans
    0.1875 MB /   0.10 sec =   16.1095 Mbps     0 retrans
    0.6250 MB /   0.10 sec =   52.4461 Mbps     0 retrans
    0.6250 MB /   0.10 sec =   52.4388 Mbps     0 retrans
    0.3750 MB /   0.10 sec =   31.2955 Mbps     0 retrans
    0.6250 MB /   0.10 sec =   52.6568 Mbps     0 retrans
    0.5000 MB /   0.10 sec =   41.6755 Mbps     0 retrans
    0.5000 MB /   0.10 sec =   42.2430 Mbps     0 retrans
    0.6250 MB /   0.10 sec =   52.4304 Mbps     0 retrans
    0.4375 MB /   0.10 sec =   36.7064 Mbps     0 retrans
    0.3125 MB /   0.10 sec =   26.2071 Mbps     0 retrans
    0.6875 MB /   0.10 sec =   57.6688 Mbps     0 retrans
    0.5000 MB /   0.10 sec =   41.9565 Mbps     0 retrans
    0.5625 MB /   0.10 sec =   47.1699 Mbps     0 retrans
    0.4375 MB /   0.10 sec =   36.7101 Mbps     0 retrans
    0.6875 MB /   0.10 sec =   57.6694 Mbps     0 retrans
    0.5625 MB /   0.10 sec =   47.1878 Mbps     0 retrans
    0.6250 MB /   0.10 sec =   52.4283 Mbps     0 retrans
    0.4375 MB /   0.10 sec =   36.6745 Mbps     0 retrans
    0.6875 MB /   0.10 sec =   57.7040 Mbps     0 retrans
    0.2500 MB /   0.10 sec =   20.5720 Mbps     0 retrans
    0.6875 MB /   0.10 sec =   58.8025 Mbps     0 retrans
    0.5000 MB /   0.10 sec =   41.9472 Mbps     0 retrans
    0.6875 MB /   0.10 sec =   57.6901 Mbps     0 retrans
    0.2500 MB /   0.10 sec =   20.9675 Mbps     0 retrans
    0.3750 MB /   0.10 sec =   31.4595 Mbps     0 retrans
    0.5000 MB /   0.10 sec =   41.9317 Mbps     0 retrans
    0.5625 MB /   0.10 sec =   47.2062 Mbps     0 retrans
    0.3750 MB /   0.10 sec =   31.4510 Mbps     0 retrans
    0.8125 MB /   0.10 sec =   68.1125 Mbps     0 retrans
    0.8125 MB /   0.10 sec =   68.2031 Mbps     0 retrans
    0.6250 MB /   0.10 sec =   52.4340 Mbps     0 retrans
    0.8750 MB /   0.10 sec =   73.4062 Mbps     0 retrans
    0.7500 MB /   0.10 sec =   62.8907 Mbps     0 retrans
    0.6250 MB /   0.10 sec =   52.4409 Mbps     0 retrans
    0.8750 MB /   0.10 sec =   73.4062 Mbps     0 retrans
    0.6875 MB /   0.10 sec =   57.3152 Mbps     0 retrans
    0.8125 MB /   0.10 sec =   68.5854 Mbps     0 retrans
    1.0000 MB /   0.10 sec =   83.8869 Mbps     0 retrans
    0.6875 MB /   0.10 sec =   57.6751 Mbps     0 retrans
    1.0000 MB /   0.10 sec =   81.9328 Mbps     0 retrans
    0.8125 MB /   0.10 sec =   69.8156 Mbps     0 retrans
    1.0000 MB /   0.10 sec =   83.8903 Mbps     0 retrans
    0.6875 MB /   0.10 sec =   57.6492 Mbps     0 retrans
    0.8750 MB /   0.10 sec =   73.4069 Mbps     0 retrans
    0.6875 MB /   0.10 sec =   57.6699 Mbps     0 retrans
    0.6250 MB /   0.10 sec =   52.4340 Mbps     0 retrans
    1.0625 MB /   0.10 sec =   89.1512 Mbps     0 retrans
    0.8125 MB /   0.10 sec =   68.1431 Mbps     0 retrans
    0.8750 MB /   0.10 sec =   71.9315 Mbps     0 retrans
    0.9375 MB /   0.10 sec =   80.2285 Mbps     0 retrans
    0.7500 MB /   0.10 sec =   62.9523 Mbps     0 retrans
    0.7500 MB /   0.10 sec =   62.9404 Mbps     0 retrans
    1.0000 MB /   0.10 sec =   83.8836 Mbps     0 retrans
    1.0625 MB /   0.10 sec =   89.1138 Mbps     0 retrans
    0.7500 MB /   0.10 sec =   62.9139 Mbps     0 retrans
    1.4375 MB /   0.10 sec =  120.6031 Mbps     0 retrans
    0.7500 MB /   0.10 sec =   62.9064 Mbps     0 retrans
    0.7500 MB /   0.10 sec =   62.8611 Mbps     0 retrans
    0.7500 MB /   0.10 sec =   62.9511 Mbps     0 retrans
    1.0000 MB /   0.10 sec =   82.2792 Mbps     0 retrans
    1.3750 MB /   0.10 sec =  117.6721 Mbps     0 retrans
    0.8125 MB /   0.10 sec =   68.1329 Mbps     0 retrans
    0.8750 MB /   0.10 sec =   73.3343 Mbps     0 retrans
    1.0625 MB /   0.10 sec =   89.2226 Mbps     0 retrans
    1.5000 MB /   0.10 sec =  125.8165 Mbps     0 retrans
    0.9375 MB /   0.10 sec =   78.6487 Mbps     0 retrans
    1.5000 MB /   0.10 sec =  125.8493 Mbps     0 retrans
    0.9375 MB /   0.10 sec =   78.6133 Mbps     0 retrans
    1.0625 MB /   0.10 sec =   87.2923 Mbps     0 retrans
    1.8750 MB /   0.10 sec =  160.7112 Mbps     0 retrans
    1.0625 MB /   0.10 sec =   89.1183 Mbps     0 retrans
    1.0625 MB /   0.10 sec =   89.1334 Mbps     0 retrans
    1.3750 MB /   0.10 sec =  115.3191 Mbps     0 retrans
nuttcp-r: 155.3065 MB in 35.28 real seconds = 4507.57 KB/sec = 36.9260 Mbps
nuttcp-r: 28831 I/O calls, msec/call = 1.25, calls/sec = 817.17
nuttcp-r: 0.0user 0.8sys 0:35real 2% 0i+0d 1420maxrss 0+1pf 20945+42csw

nuttcp-t: Warning: send window size 25000000 < requested window size 26214400
nuttcp-t: v6.1.2: socket
nuttcp-t: buflen=65536, nstream=1, port=5005 tcp -> 172.58.143.94
nuttcp-t: time limit = 30.00 seconds
nuttcp-t: accept from 172.58.143.178 with mss=1364
nuttcp-t: send window size = 50000000, receive window size = 25000000
nuttcp-t: available send window = 25000000, available receive window = 12500000
nuttcp-t: 155.3065 MB in 30.00 real seconds = 5301.12 KB/sec = 43.4268 Mbps
nuttcp-t: retrans = 0
nuttcp-t: 2485 I/O calls, msec/call = 12.36, calls/sec = 82.83
nuttcp-t: 0.0user 0.0sys 0:30real 0% 0i+0d 100maxrss 0+0pf 8+2csw
