1660408022550
nuttcp-t: v8.1.4: socket
nuttcp-t: buflen=65536, nstream=1, port=5005 tcp -> 3.19.94.93
nuttcp-t: time limit = 30.00 seconds
nuttcp-t: connect to 3.19.94.93 with mss=1384, RTT=174.208 ms af=inet
nuttcp-t: send window size = 33554432, receive window size = 4194304
nuttcp-t: available send window = 25165824, available receive window = 3145728
nuttcp-t: initial congestion window = 13 KB (10 packets)
nuttcp-r: Warning: receive window size 25000000 < requested window size 26214400
nuttcp-r: v6.1.2: socket
nuttcp-r: buflen=65536, nstream=1, port=5005 tcp
nuttcp-r: interval reporting every 0.10 seconds
nuttcp-r: accept from 172.58.143.94
nuttcp-r: send window size = 25000000, receive window size = 50000000
nuttcp-r: available send window = 12500000, available receive window = 25000000
    0.0000 MB /   0.10 sec =    0.0000 Mbps     0 retrans   1682 KB-cwnd
    0.0625 MB /   0.10 sec =    5.2423 Mbps     0 retrans   1682 KB-cwnd
    0.1250 MB /   0.10 sec =   10.4859 Mbps     0 retrans   1682 KB-cwnd
    0.0625 MB /   0.10 sec =    5.2432 Mbps     0 retrans   1682 KB-cwnd
    0.2500 MB /   0.10 sec =   20.9671 Mbps     0 retrans   1682 KB-cwnd
    0.3750 MB /   0.10 sec =   31.4350 Mbps     0 retrans   1682 KB-cwnd
    0.2500 MB /   0.10 sec =   20.9604 Mbps     0 retrans   1682 KB-cwnd
    0.3125 MB /   0.10 sec =   26.2540 Mbps     0 retrans   1682 KB-cwnd
    0.1875 MB /   0.10 sec =   15.7260 Mbps     0 retrans   1682 KB-cwnd
    0.3125 MB /   0.10 sec =   26.2194 Mbps     0 retrans   1682 KB-cwnd
    0.2500 MB /   0.10 sec =   20.9721 Mbps     0 retrans   1682 KB-cwnd
    0.3125 MB /   0.10 sec =   26.1730 Mbps     0 retrans   1682 KB-cwnd
    0.2500 MB /   0.10 sec =   21.0037 Mbps     0 retrans   1682 KB-cwnd
    0.1875 MB /   0.10 sec =   15.7282 Mbps     0 retrans   1682 KB-cwnd
    0.1875 MB /   0.10 sec =   15.7293 Mbps     0 retrans   1682 KB-cwnd
    0.1250 MB /   0.10 sec =   10.4833 Mbps     0 retrans   1682 KB-cwnd
    0.1875 MB /   0.10 sec =   15.7318 Mbps     0 retrans   1682 KB-cwnd
    0.1875 MB /   0.10 sec =   15.7288 Mbps     0 retrans   1682 KB-cwnd
    0.1875 MB /   0.10 sec =   15.7297 Mbps     0 retrans   1682 KB-cwnd
    0.1250 MB /   0.10 sec =   10.4832 Mbps     0 retrans   1682 KB-cwnd
    0.1250 MB /   0.10 sec =   10.4866 Mbps     0 retrans   1682 KB-cwnd
    0.1875 MB /   0.10 sec =   15.7302 Mbps     0 retrans   1682 KB-cwnd
    0.1250 MB /   0.10 sec =   10.4864 Mbps     0 retrans   1682 KB-cwnd
    0.0625 MB /   0.10 sec =    5.2428 Mbps     0 retrans   1682 KB-cwnd
    0.2500 MB /   0.10 sec =   20.9715 Mbps     0 retrans   1682 KB-cwnd
    0.1875 MB /   0.10 sec =   15.7283 Mbps     0 retrans   1682 KB-cwnd
    0.2500 MB /   0.10 sec =   20.9717 Mbps     0 retrans   1682 KB-cwnd
    0.1875 MB /   0.10 sec =   15.7286 Mbps     0 retrans   1682 KB-cwnd
    0.3125 MB /   0.10 sec =   26.2092 Mbps     0 retrans   1682 KB-cwnd
    0.1875 MB /   0.10 sec =   15.7313 Mbps     0 retrans   1682 KB-cwnd
    0.1875 MB /   0.10 sec =   15.7277 Mbps     0 retrans   1682 KB-cwnd
    0.1875 MB /   0.10 sec =   15.7285 Mbps     0 retrans   1682 KB-cwnd
    0.1875 MB /   0.10 sec =   15.7305 Mbps     0 retrans   1682 KB-cwnd
    0.1250 MB /   0.10 sec =   10.4860 Mbps     0 retrans   1682 KB-cwnd
    0.1875 MB /   0.10 sec =   15.6987 Mbps     0 retrans   1682 KB-cwnd
    0.1250 MB /   0.10 sec =   10.5045 Mbps     0 retrans   1682 KB-cwnd
    0.1250 MB /   0.10 sec =   10.4868 Mbps     0 retrans   1682 KB-cwnd
    0.1875 MB /   0.10 sec =   15.7282 Mbps     0 retrans   1682 KB-cwnd
    0.1250 MB /   0.10 sec =   10.4860 Mbps     0 retrans   1682 KB-cwnd
    0.1250 MB /   0.10 sec =   10.4850 Mbps     0 retrans   1682 KB-cwnd
    0.2500 MB /   0.10 sec =   20.9734 Mbps     0 retrans   1682 KB-cwnd
    0.1250 MB /   0.10 sec =   10.4851 Mbps     0 retrans   1682 KB-cwnd
    0.1875 MB /   0.10 sec =   15.7261 Mbps     0 retrans   1682 KB-cwnd
    0.1250 MB /   0.10 sec =   10.4866 Mbps     0 retrans   1682 KB-cwnd
    0.0625 MB /   0.10 sec =    5.2432 Mbps     0 retrans   1682 KB-cwnd
    0.3750 MB /   0.10 sec =   31.4541 Mbps     0 retrans   1682 KB-cwnd
    0.1875 MB /   0.10 sec =   15.7305 Mbps     0 retrans   1682 KB-cwnd
    0.2500 MB /   0.10 sec =   20.9724 Mbps     0 retrans   1682 KB-cwnd
    0.1250 MB /   0.10 sec =   10.4837 Mbps     0 retrans   1682 KB-cwnd
    0.1875 MB /   0.10 sec =   15.7282 Mbps     0 retrans   1682 KB-cwnd
    0.1250 MB /   0.10 sec =   10.4875 Mbps     0 retrans   1682 KB-cwnd
    0.1875 MB /   0.10 sec =   15.7286 Mbps     0 retrans   1682 KB-cwnd
    0.1875 MB /   0.10 sec =   15.7296 Mbps     0 retrans   1682 KB-cwnd
    0.1250 MB /   0.10 sec =   10.4829 Mbps     0 retrans   1682 KB-cwnd
    0.1250 MB /   0.10 sec =   10.4885 Mbps     0 retrans   1717 KB-cwnd
    0.1875 MB /   0.10 sec =   15.7280 Mbps     0 retrans   1717 KB-cwnd
    0.1250 MB /   0.10 sec =   10.4862 Mbps     0 retrans   1717 KB-cwnd
    0.1875 MB /   0.10 sec =   15.7283 Mbps     0 retrans   1717 KB-cwnd
    0.1250 MB /   0.10 sec =   10.4854 Mbps     0 retrans   1717 KB-cwnd
    0.3125 MB /   0.10 sec =   26.2157 Mbps     0 retrans   1717 KB-cwnd
    0.4375 MB /   0.10 sec =   36.7005 Mbps     0 retrans   1717 KB-cwnd
    0.3125 MB /   0.10 sec =   26.2128 Mbps     0 retrans   1717 KB-cwnd
    0.3750 MB /   0.10 sec =   31.4570 Mbps     0 retrans   1717 KB-cwnd
    0.3750 MB /   0.10 sec =   31.4570 Mbps     0 retrans   1717 KB-cwnd
    0.2500 MB /   0.10 sec =   20.9698 Mbps     0 retrans   1717 KB-cwnd
    0.4375 MB /   0.10 sec =   36.7049 Mbps     0 retrans   1717 KB-cwnd
    0.3125 MB /   0.10 sec =   26.2139 Mbps     0 retrans   1717 KB-cwnd
    0.1250 MB /   0.10 sec =   10.4856 Mbps     0 retrans   1717 KB-cwnd
    0.4375 MB /   0.10 sec =   36.6991 Mbps     0 retrans   1717 KB-cwnd
    0.2500 MB /   0.10 sec =   20.9677 Mbps     0 retrans   1717 KB-cwnd
    0.3125 MB /   0.10 sec =   26.2152 Mbps     0 retrans   1717 KB-cwnd
    0.3750 MB /   0.10 sec =   31.4642 Mbps     0 retrans   1717 KB-cwnd
    0.4375 MB /   0.10 sec =   36.7013 Mbps     0 retrans   1717 KB-cwnd
    0.4375 MB /   0.10 sec =   36.6991 Mbps     0 retrans   1717 KB-cwnd
    0.3750 MB /   0.10 sec =   31.4573 Mbps     0 retrans   1717 KB-cwnd
    0.4375 MB /   0.10 sec =   36.6954 Mbps     0 retrans   1717 KB-cwnd
    0.3750 MB /   0.10 sec =   31.4617 Mbps     0 retrans   1717 KB-cwnd
    0.3750 MB /   0.10 sec =   31.4579 Mbps     0 retrans   1717 KB-cwnd
    0.3125 MB /   0.10 sec =   26.2141 Mbps     0 retrans   1717 KB-cwnd
    0.3125 MB /   0.10 sec =   26.2115 Mbps     0 retrans   1717 KB-cwnd
    0.3125 MB /   0.10 sec =   26.1934 Mbps     0 retrans   1717 KB-cwnd
    0.3750 MB /   0.10 sec =   31.4859 Mbps     0 retrans   1717 KB-cwnd
    0.3125 MB /   0.10 sec =   26.1602 Mbps     0 retrans   1717 KB-cwnd
    0.3750 MB /   0.10 sec =   31.5203 Mbps     0 retrans   1717 KB-cwnd
    0.3750 MB /   0.10 sec =   31.4554 Mbps     0 retrans   1717 KB-cwnd
    0.3750 MB /   0.10 sec =   31.4620 Mbps     0 retrans   1717 KB-cwnd
    0.3750 MB /   0.10 sec =   31.4551 Mbps     0 retrans   1717 KB-cwnd
    0.3125 MB /   0.10 sec =   26.2123 Mbps     0 retrans   1717 KB-cwnd
    0.3125 MB /   0.10 sec =   26.2141 Mbps     0 retrans   1717 KB-cwnd
    0.2500 MB /   0.10 sec =   20.9455 Mbps     0 retrans   1717 KB-cwnd
    0.2500 MB /   0.10 sec =   20.9999 Mbps     0 retrans   1717 KB-cwnd
    0.2500 MB /   0.10 sec =   20.9715 Mbps     0 retrans   1717 KB-cwnd
    0.3125 MB /   0.10 sec =   26.2141 Mbps     0 retrans   1717 KB-cwnd
    0.2500 MB /   0.10 sec =   20.9721 Mbps     0 retrans   1717 KB-cwnd
    0.3125 MB /   0.10 sec =   26.2147 Mbps     0 retrans   1717 KB-cwnd
    0.1875 MB /   0.10 sec =   15.7164 Mbps     0 retrans   1717 KB-cwnd
    0.3750 MB /   0.10 sec =   31.4799 Mbps     0 retrans   1717 KB-cwnd
    0.3125 MB /   0.10 sec =   26.2144 Mbps     0 retrans   1717 KB-cwnd
    0.3125 MB /   0.10 sec =   26.2149 Mbps     0 retrans   1717 KB-cwnd
    0.1875 MB /   0.10 sec =   15.7291 Mbps     0 retrans   1717 KB-cwnd
    0.3125 MB /   0.10 sec =   26.2094 Mbps     0 retrans   1717 KB-cwnd
    0.3125 MB /   0.10 sec =   26.2194 Mbps     0 retrans   1717 KB-cwnd
    0.3125 MB /   0.10 sec =   26.2147 Mbps     0 retrans   1717 KB-cwnd
    0.1250 MB /   0.10 sec =   10.4847 Mbps     0 retrans   1717 KB-cwnd
    0.2500 MB /   0.10 sec =   20.9745 Mbps     0 retrans   1717 KB-cwnd
    0.3125 MB /   0.10 sec =   26.2134 Mbps     0 retrans   1717 KB-cwnd
    0.2500 MB /   0.10 sec =   20.9709 Mbps     0 retrans   1717 KB-cwnd
    0.1875 MB /   0.10 sec =   15.7293 Mbps     0 retrans   1717 KB-cwnd
    0.3125 MB /   0.10 sec =   26.2147 Mbps     0 retrans   1717 KB-cwnd
    0.1875 MB /   0.10 sec =   15.7283 Mbps     0 retrans   1717 KB-cwnd
    0.2500 MB /   0.10 sec =   20.9690 Mbps     0 retrans   1717 KB-cwnd
    0.3125 MB /   0.10 sec =   26.2175 Mbps     0 retrans   1717 KB-cwnd
    0.4375 MB /   0.10 sec =   36.7009 Mbps     0 retrans   1717 KB-cwnd
    0.3125 MB /   0.10 sec =   26.2144 Mbps     0 retrans   1717 KB-cwnd
    0.3750 MB /   0.10 sec =   31.4589 Mbps     0 retrans   1717 KB-cwnd
    0.1250 MB /   0.10 sec =   10.4852 Mbps     0 retrans   1717 KB-cwnd
    0.1875 MB /   0.10 sec =   15.7286 Mbps     0 retrans   1717 KB-cwnd
    0.1250 MB /   0.10 sec =   10.4854 Mbps     0 retrans   1717 KB-cwnd
    0.1250 MB /   0.10 sec =   10.4854 Mbps     0 retrans   1717 KB-cwnd
    0.1250 MB /   0.10 sec =   10.4861 Mbps     0 retrans   1717 KB-cwnd
    0.1250 MB /   0.10 sec =   10.4864 Mbps     0 retrans   1717 KB-cwnd
    0.2500 MB /   0.10 sec =   20.9659 Mbps     0 retrans   1717 KB-cwnd
    0.1875 MB /   0.10 sec =   15.7299 Mbps     0 retrans   1717 KB-cwnd
    0.1250 MB /   0.10 sec =   10.4871 Mbps     0 retrans   1717 KB-cwnd
    0.1875 MB /   0.10 sec =   15.7285 Mbps     0 retrans   1717 KB-cwnd
    0.1875 MB /   0.10 sec =   15.7286 Mbps     0 retrans   1717 KB-cwnd
    0.1875 MB /   0.10 sec =   15.7291 Mbps     0 retrans   1717 KB-cwnd
    0.1875 MB /   0.10 sec =   15.7279 Mbps     0 retrans   1717 KB-cwnd
    0.1875 MB /   0.10 sec =   15.7290 Mbps     0 retrans   1717 KB-cwnd
    0.1250 MB /   0.10 sec =   10.4853 Mbps     0 retrans   1717 KB-cwnd
    0.1250 MB /   0.10 sec =   10.4857 Mbps     0 retrans   1717 KB-cwnd
    0.1250 MB /   0.10 sec =   10.4862 Mbps     0 retrans   1717 KB-cwnd
    0.2500 MB /   0.10 sec =   20.9669 Mbps     0 retrans   1717 KB-cwnd
    0.3125 MB /   0.10 sec =   26.2144 Mbps     0 retrans   1717 KB-cwnd
    0.2500 MB /   0.10 sec =   20.9753 Mbps     0 retrans   1717 KB-cwnd
    0.1875 MB /   0.10 sec =   15.7291 Mbps     0 retrans   1717 KB-cwnd
    0.1875 MB /   0.10 sec =   15.7275 Mbps     0 retrans   1717 KB-cwnd
    0.1875 MB /   0.10 sec =   15.7304 Mbps     0 retrans   1717 KB-cwnd
    0.1875 MB /   0.10 sec =   15.7220 Mbps     0 retrans   1717 KB-cwnd
    0.1875 MB /   0.10 sec =   15.7349 Mbps     0 retrans   1717 KB-cwnd
    0.1875 MB /   0.10 sec =   15.7283 Mbps     0 retrans   1717 KB-cwnd
    0.1250 MB /   0.10 sec =   10.4787 Mbps     0 retrans   1717 KB-cwnd
    0.1250 MB /   0.10 sec =   10.4851 Mbps     0 retrans   1717 KB-cwnd
    0.3750 MB /   0.10 sec =   31.4809 Mbps     0 retrans   1717 KB-cwnd
    0.3750 MB /   0.10 sec =   31.4589 Mbps     0 retrans   1717 KB-cwnd
    0.4375 MB /   0.10 sec =   36.6965 Mbps     0 retrans   1717 KB-cwnd
    0.1875 MB /   0.10 sec =   15.7228 Mbps     0 retrans   1717 KB-cwnd
    0.1875 MB /   0.10 sec =   15.7340 Mbps     0 retrans   1717 KB-cwnd
    0.1250 MB /   0.10 sec =   10.4867 Mbps     0 retrans   1717 KB-cwnd
    0.1875 MB /   0.10 sec =   15.7293 Mbps     0 retrans   1717 KB-cwnd
    0.3125 MB /   0.10 sec =   26.2128 Mbps     0 retrans   1717 KB-cwnd
    0.1250 MB /   0.10 sec =   10.4864 Mbps     0 retrans   1717 KB-cwnd
    0.0625 MB /   0.10 sec =    5.2412 Mbps     0 retrans   1717 KB-cwnd
    0.1875 MB /   0.10 sec =   15.7330 Mbps     0 retrans   1717 KB-cwnd
    0.1875 MB /   0.10 sec =   15.7286 Mbps     0 retrans   1717 KB-cwnd
    0.1250 MB /   0.10 sec =   10.4853 Mbps     0 retrans   1717 KB-cwnd
    0.1875 MB /   0.10 sec =   15.7290 Mbps     0 retrans   1717 KB-cwnd
    0.2500 MB /   0.10 sec =   20.9719 Mbps     0 retrans   1717 KB-cwnd
    0.2500 MB /   0.10 sec =   20.9694 Mbps     0 retrans   1717 KB-cwnd
    0.1875 MB /   0.10 sec =   15.7291 Mbps     0 retrans   1717 KB-cwnd
    0.3125 MB /   0.10 sec =   26.2154 Mbps     0 retrans   1717 KB-cwnd
    0.1875 MB /   0.10 sec =   15.7288 Mbps     0 retrans   1717 KB-cwnd
    0.3125 MB /   0.10 sec =   26.2154 Mbps     0 retrans   1717 KB-cwnd
    0.2500 MB /   0.10 sec =   20.9654 Mbps     0 retrans   1717 KB-cwnd
    0.1250 MB /   0.10 sec =   10.4876 Mbps     0 retrans   1717 KB-cwnd
    0.1875 MB /   0.10 sec =   15.7283 Mbps     0 retrans   1717 KB-cwnd
    0.1875 MB /   0.10 sec =   15.7305 Mbps     0 retrans   1717 KB-cwnd
    0.2500 MB /   0.10 sec =   20.9713 Mbps     0 retrans   1717 KB-cwnd
    0.1875 MB /   0.10 sec =   15.7277 Mbps     0 retrans   1717 KB-cwnd
    0.2500 MB /   0.10 sec =   20.9703 Mbps     0 retrans   1717 KB-cwnd
    0.2500 MB /   0.10 sec =   20.9736 Mbps     0 retrans   1717 KB-cwnd
    0.3125 MB /   0.10 sec =   26.2089 Mbps     0 retrans   1717 KB-cwnd
    0.3125 MB /   0.10 sec =   26.2207 Mbps     0 retrans   1717 KB-cwnd
    0.3125 MB /   0.10 sec =   26.2139 Mbps     0 retrans   1717 KB-cwnd
    0.2500 MB /   0.10 sec =   20.9696 Mbps     0 retrans   1717 KB-cwnd
    0.3125 MB /   0.10 sec =   26.2173 Mbps     0 retrans   1717 KB-cwnd
    0.3125 MB /   0.10 sec =   26.2141 Mbps     0 retrans   1717 KB-cwnd
    0.2500 MB /   0.10 sec =   20.9713 Mbps     0 retrans   1717 KB-cwnd
    0.3125 MB /   0.10 sec =   26.2128 Mbps     0 retrans   1717 KB-cwnd
    0.2500 MB /   0.10 sec =   20.9724 Mbps     0 retrans   1717 KB-cwnd
    0.1250 MB /   0.10 sec =   10.4863 Mbps     0 retrans   1717 KB-cwnd
    0.1250 MB /   0.10 sec =   10.4856 Mbps     0 retrans   1717 KB-cwnd
    0.1875 MB /   0.10 sec =   15.7288 Mbps     0 retrans   1717 KB-cwnd
    0.1875 MB /   0.10 sec =   15.7277 Mbps     0 retrans   1717 KB-cwnd
    0.2500 MB /   0.10 sec =   20.9728 Mbps     0 retrans   1717 KB-cwnd
    0.1875 MB /   0.10 sec =   15.7286 Mbps     0 retrans   1717 KB-cwnd
    0.1875 MB /   0.10 sec =   15.7283 Mbps     0 retrans   1717 KB-cwnd
    0.1250 MB /   0.10 sec =   10.4859 Mbps     0 retrans   1717 KB-cwnd
    0.2500 MB /   0.10 sec =   20.9669 Mbps     0 retrans   1717 KB-cwnd
    0.1875 MB /   0.10 sec =   15.7323 Mbps     0 retrans   1717 KB-cwnd
    0.1250 MB /   0.10 sec =   10.4842 Mbps     0 retrans   1717 KB-cwnd
    0.1250 MB /   0.10 sec =   10.4783 Mbps     0 retrans   1717 KB-cwnd
    0.1875 MB /   0.10 sec =   15.7415 Mbps     0 retrans   1717 KB-cwnd
    0.1875 MB /   0.10 sec =   15.7285 Mbps     0 retrans   1717 KB-cwnd
    0.1875 MB /   0.10 sec =   15.7279 Mbps     0 retrans   1717 KB-cwnd
    0.2500 MB /   0.10 sec =   20.9696 Mbps     0 retrans   1717 KB-cwnd
    0.1250 MB /   0.10 sec =   10.4865 Mbps     0 retrans   1717 KB-cwnd
    0.1250 MB /   0.10 sec =   10.4867 Mbps     0 retrans   1717 KB-cwnd
    0.1250 MB /   0.10 sec =   10.4816 Mbps     0 retrans   1717 KB-cwnd
    0.2500 MB /   0.10 sec =   20.9797 Mbps     0 retrans   1717 KB-cwnd
    0.1250 MB /   0.10 sec =   10.4858 Mbps     0 retrans   1717 KB-cwnd
    0.1250 MB /   0.10 sec =   10.4849 Mbps     0 retrans   1717 KB-cwnd
    0.1875 MB /   0.10 sec =   15.7307 Mbps     0 retrans   1717 KB-cwnd
    0.1250 MB /   0.10 sec =   10.4846 Mbps     0 retrans   1717 KB-cwnd
    0.1875 MB /   0.10 sec =   15.7290 Mbps     0 retrans   1717 KB-cwnd
    0.1875 MB /   0.10 sec =   15.7285 Mbps     0 retrans   1717 KB-cwnd
    0.1875 MB /   0.10 sec =   15.7297 Mbps     0 retrans   1717 KB-cwnd
    0.1875 MB /   0.10 sec =   15.7290 Mbps     0 retrans   1717 KB-cwnd
    0.1875 MB /   0.10 sec =   15.7288 Mbps     0 retrans   1717 KB-cwnd
    0.1250 MB /   0.10 sec =   10.4856 Mbps     0 retrans   1717 KB-cwnd
    0.1250 MB /   0.10 sec =   10.4861 Mbps     0 retrans   1717 KB-cwnd
    0.1250 MB /   0.10 sec =   10.4853 Mbps     0 retrans   1717 KB-cwnd
    0.1250 MB /   0.10 sec =   10.4844 Mbps     0 retrans   1717 KB-cwnd
    0.1875 MB /   0.10 sec =   15.7305 Mbps     0 retrans   1717 KB-cwnd
    0.1250 MB /   0.10 sec =   10.4865 Mbps     0 retrans   1717 KB-cwnd
    0.1250 MB /   0.10 sec =   10.4725 Mbps     0 retrans   1717 KB-cwnd
    0.0625 MB /   0.10 sec =    5.2483 Mbps     0 retrans   1717 KB-cwnd
    0.1250 MB /   0.10 sec =   10.4874 Mbps     0 retrans   1717 KB-cwnd
    0.1875 MB /   0.10 sec =   15.7294 Mbps     0 retrans   1717 KB-cwnd
    0.0625 MB /   0.10 sec =    5.2427 Mbps     0 retrans   1717 KB-cwnd
    0.1250 MB /   0.10 sec =   10.4863 Mbps     0 retrans   1717 KB-cwnd
    0.1250 MB /   0.10 sec =   10.4841 Mbps     0 retrans   1717 KB-cwnd
    0.1875 MB /   0.10 sec =   15.7305 Mbps     0 retrans   1717 KB-cwnd
    0.1250 MB /   0.10 sec =   10.4862 Mbps     0 retrans   1717 KB-cwnd
    0.1875 MB /   0.10 sec =   15.7282 Mbps     0 retrans   1717 KB-cwnd
    0.1875 MB /   0.10 sec =   15.7283 Mbps     0 retrans   1717 KB-cwnd
    0.1875 MB /   0.10 sec =   15.7279 Mbps     0 retrans   1717 KB-cwnd
    0.1250 MB /   0.10 sec =   10.4859 Mbps     0 retrans   1717 KB-cwnd
    0.1250 MB /   0.10 sec =   10.4851 Mbps     0 retrans   1717 KB-cwnd
    0.0625 MB /   0.10 sec =    5.2434 Mbps     0 retrans   1717 KB-cwnd
    0.1250 MB /   0.10 sec =   10.4844 Mbps     0 retrans   1717 KB-cwnd
    0.1250 MB /   0.10 sec =   10.4868 Mbps     0 retrans   1717 KB-cwnd
    0.1250 MB /   0.10 sec =   10.4863 Mbps     0 retrans   1717 KB-cwnd
    0.1250 MB /   0.10 sec =   10.4858 Mbps     0 retrans   1717 KB-cwnd
    0.1875 MB /   0.10 sec =   15.7280 Mbps     0 retrans   1717 KB-cwnd
    0.1875 MB /   0.10 sec =   15.7272 Mbps     0 retrans   1717 KB-cwnd
    0.3125 MB /   0.10 sec =   26.2152 Mbps     0 retrans   1717 KB-cwnd
    0.2500 MB /   0.10 sec =   20.9736 Mbps     0 retrans   1717 KB-cwnd
    0.3750 MB /   0.10 sec =   31.4494 Mbps     0 retrans   1717 KB-cwnd
    0.1250 MB /   0.10 sec =   10.4800 Mbps     0 retrans   1742 KB-cwnd
    0.1875 MB /   0.10 sec =   15.7393 Mbps     0 retrans   1742 KB-cwnd
    0.2500 MB /   0.10 sec =   20.9734 Mbps     0 retrans   1742 KB-cwnd
    0.3125 MB /   0.10 sec =   26.2157 Mbps     0 retrans   1742 KB-cwnd
    0.2500 MB /   0.10 sec =   20.9711 Mbps     0 retrans   1742 KB-cwnd
    0.2500 MB /   0.10 sec =   20.9709 Mbps     0 retrans   1742 KB-cwnd
    0.1875 MB /   0.10 sec =   15.7290 Mbps     0 retrans   1742 KB-cwnd
    0.3125 MB /   0.10 sec =   26.2128 Mbps     0 retrans   1742 KB-cwnd
    0.2500 MB /   0.10 sec =   20.9726 Mbps     0 retrans   1742 KB-cwnd
    0.2500 MB /   0.10 sec =   20.9721 Mbps     0 retrans   1742 KB-cwnd
    0.2500 MB /   0.10 sec =   20.9711 Mbps     0 retrans   1742 KB-cwnd
    0.1875 MB /   0.10 sec =   15.7244 Mbps     0 retrans   1742 KB-cwnd
    0.2500 MB /   0.10 sec =   20.9774 Mbps     0 retrans   1742 KB-cwnd
    0.2500 MB /   0.10 sec =   20.9688 Mbps     0 retrans   1742 KB-cwnd
    0.0625 MB /   0.10 sec =    5.2405 Mbps     0 retrans   1742 KB-cwnd
    0.0625 MB /   0.10 sec =    5.2451 Mbps     0 retrans   1742 KB-cwnd
    0.2500 MB /   0.10 sec =   20.9755 Mbps     0 retrans   1742 KB-cwnd
    0.3125 MB /   0.10 sec =   26.2113 Mbps     0 retrans   1742 KB-cwnd
    0.1875 MB /   0.10 sec =   15.7272 Mbps     0 retrans   1742 KB-cwnd
    0.3125 MB /   0.10 sec =   26.2173 Mbps     0 retrans   1742 KB-cwnd
    0.1875 MB /   0.10 sec =   15.7301 Mbps     0 retrans   1742 KB-cwnd
    0.1875 MB /   0.10 sec =   15.7200 Mbps     0 retrans   1742 KB-cwnd
    0.3125 MB /   0.10 sec =   26.2275 Mbps     0 retrans   1742 KB-cwnd
    0.2500 MB /   0.10 sec =   20.9709 Mbps     0 retrans   1742 KB-cwnd
    0.3125 MB /   0.10 sec =   26.2162 Mbps     0 retrans   1742 KB-cwnd
    0.1875 MB /   0.10 sec =   15.7274 Mbps     0 retrans   1742 KB-cwnd
    0.1875 MB /   0.10 sec =   15.7183 Mbps     0 retrans   1742 KB-cwnd
    0.1875 MB /   0.10 sec =   15.7393 Mbps     0 retrans   1742 KB-cwnd
    0.1875 MB /   0.10 sec =   15.7293 Mbps     0 retrans   1742 KB-cwnd
    0.1875 MB /   0.10 sec =   15.7286 Mbps     0 retrans   1742 KB-cwnd
    0.1875 MB /   0.10 sec =   15.7283 Mbps     0 retrans   1742 KB-cwnd
    0.1875 MB /   0.10 sec =   15.7269 Mbps     0 retrans   1742 KB-cwnd
    0.1875 MB /   0.10 sec =   15.7272 Mbps     0 retrans   1742 KB-cwnd
    0.2500 MB /   0.10 sec =   20.9745 Mbps     0 retrans   1742 KB-cwnd
    0.2500 MB /   0.10 sec =   20.9437 Mbps     0 retrans   1742 KB-cwnd
    0.2500 MB /   0.10 sec =   21.0007 Mbps     0 retrans   1742 KB-cwnd
    0.1875 MB /   0.10 sec =   15.7291 Mbps     0 retrans   1742 KB-cwnd
    0.2500 MB /   0.10 sec =   20.9690 Mbps     0 retrans   1742 KB-cwnd
    0.3125 MB /   0.10 sec =   26.2144 Mbps     0 retrans   1742 KB-cwnd
    0.3125 MB /   0.10 sec =   26.2157 Mbps     0 retrans   1742 KB-cwnd
    0.3125 MB /   0.10 sec =   26.2162 Mbps     0 retrans   1742 KB-cwnd
    0.3750 MB /   0.10 sec =   31.4538 Mbps     0 retrans   1742 KB-cwnd
    0.4375 MB /   0.10 sec =   36.7009 Mbps     0 retrans   1755 KB-cwnd
    0.3750 MB /   0.10 sec =   31.4544 Mbps     0 retrans   1755 KB-cwnd
    0.3750 MB /   0.10 sec =   31.4617 Mbps     0 retrans   1755 KB-cwnd
    0.3750 MB /   0.10 sec =   31.4570 Mbps     0 retrans   1755 KB-cwnd
    0.3750 MB /   0.10 sec =   31.4535 Mbps     0 retrans   1755 KB-cwnd
    0.2500 MB /   0.10 sec =   20.9745 Mbps     0 retrans   1755 KB-cwnd
    0.2500 MB /   0.10 sec =   20.9705 Mbps     0 retrans   1755 KB-cwnd
    0.3750 MB /   0.10 sec =   31.4579 Mbps     0 retrans   1755 KB-cwnd
    0.4375 MB /   0.10 sec =   36.7024 Mbps     0 retrans   1755 KB-cwnd
    0.2500 MB /   0.10 sec =   20.9703 Mbps     0 retrans   1755 KB-cwnd
    0.2500 MB /   0.10 sec =   20.9726 Mbps     0 retrans   1755 KB-cwnd
    0.2500 MB /   0.10 sec =   20.9703 Mbps     0 retrans   1755 KB-cwnd
    0.2500 MB /   0.10 sec =   20.9696 Mbps     0 retrans   1755 KB-cwnd
    0.3125 MB /   0.10 sec =   26.2194 Mbps     0 retrans   1755 KB-cwnd
    0.2500 MB /   0.10 sec =   20.9707 Mbps     0 retrans   1755 KB-cwnd
    0.2500 MB /   0.10 sec =   20.9713 Mbps     0 retrans   1755 KB-cwnd
    0.3125 MB /   0.10 sec =   26.2141 Mbps     0 retrans   1755 KB-cwnd
    0.2500 MB /   0.10 sec =   20.9713 Mbps     0 retrans   1755 KB-cwnd
    0.1875 MB /   0.10 sec =   15.7283 Mbps     0 retrans   1755 KB-cwnd
    0.1875 MB /   0.10 sec =   15.7277 Mbps     0 retrans   1755 KB-cwnd
    0.2500 MB /   0.10 sec =   20.9726 Mbps     0 retrans   1755 KB-cwnd
    0.1250 MB /   0.10 sec =   10.4850 Mbps     0 retrans   1755 KB-cwnd
    0.3125 MB /   0.10 sec =   26.2165 Mbps     0 retrans   1755 KB-cwnd
    0.2500 MB /   0.10 sec =   20.9726 Mbps     0 retrans   1755 KB-cwnd
    0.1875 MB /   0.10 sec =   15.7293 Mbps     0 retrans   1755 KB-cwnd
    0.1875 MB /   0.10 sec =   15.7282 Mbps     0 retrans   1755 KB-cwnd
    0.2500 MB /   0.10 sec =   20.9703 Mbps     0 retrans   1755 KB-cwnd
    0.3125 MB /   0.10 sec =   26.2170 Mbps     0 retrans   1755 KB-cwnd
    0.1875 MB /   0.10 sec =   15.7274 Mbps     0 retrans   1755 KB-cwnd
    0.3125 MB /   0.10 sec =   26.2141 Mbps     0 retrans   1755 KB-cwnd
    0.3125 MB /   0.10 sec =   26.2141 Mbps     0 retrans   1755 KB-cwnd
    0.2500 MB /   0.10 sec =   20.9721 Mbps     0 retrans   1755 KB-cwnd
    0.2500 MB /   0.10 sec =   20.9721 Mbps     0 retrans   1755 KB-cwnd
    0.3125 MB /   0.10 sec =   26.2118 Mbps     0 retrans   1755 KB-cwnd
    0.1875 MB /   0.10 sec =   15.7304 Mbps     0 retrans   1755 KB-cwnd
    0.3125 MB /   0.10 sec =   26.2102 Mbps     0 retrans   1755 KB-cwnd
    0.1875 MB /   0.10 sec =   15.7315 Mbps     0 retrans   1755 KB-cwnd
    0.1250 MB /   0.10 sec =   10.4858 Mbps     0 retrans   1755 KB-cwnd
    0.1250 MB /   0.10 sec =   10.4797 Mbps     0 retrans   1755 KB-cwnd
    0.1250 MB /   0.10 sec =   10.4858 Mbps     0 retrans   1755 KB-cwnd
    0.1250 MB /   0.10 sec =   10.4909 Mbps     0 retrans   1755 KB-cwnd
    0.0625 MB /   0.10 sec =    5.2381 Mbps     0 retrans   1755 KB-cwnd
    0.1250 MB /   0.10 sec =   10.4957 Mbps     0 retrans   1755 KB-cwnd
    0.0625 MB /   0.10 sec =    5.2428 Mbps     0 retrans   1755 KB-cwnd
    0.1250 MB /   0.10 sec =   10.4845 Mbps     0 retrans   1755 KB-cwnd
    0.0625 MB /   0.10 sec =    5.2429 Mbps     0 retrans   1755 KB-cwnd
    0.1250 MB /   0.10 sec =   10.4868 Mbps     0 retrans   1755 KB-cwnd
    0.0625 MB /   0.10 sec =    5.2430 Mbps     0 retrans   1755 KB-cwnd
    0.1875 MB /   0.10 sec =   15.7286 Mbps     0 retrans   1755 KB-cwnd
    0.0625 MB /   0.10 sec =    5.2431 Mbps     0 retrans   1755 KB-cwnd
    0.1250 MB /   0.10 sec =   10.4852 Mbps     0 retrans   1755 KB-cwnd
    0.2500 MB /   0.10 sec =   20.9703 Mbps     0 retrans   1755 KB-cwnd
    0.1250 MB /   0.10 sec =   10.4868 Mbps     0 retrans   1755 KB-cwnd
    0.0625 MB /   0.10 sec =    5.2427 Mbps     0 retrans   1755 KB-cwnd
    0.1250 MB /   0.10 sec =   10.4862 Mbps     0 retrans   1755 KB-cwnd
    0.1250 MB /   0.10 sec =   10.4829 Mbps     0 retrans   1755 KB-cwnd
    0.1875 MB /   0.10 sec =   15.7316 Mbps     0 retrans   1755 KB-cwnd
    0.1250 MB /   0.10 sec =   10.4862 Mbps     0 retrans   1755 KB-cwnd
    0.1875 MB /   0.10 sec =   15.7263 Mbps     0 retrans   1755 KB-cwnd
    0.2500 MB /   0.10 sec =   20.9717 Mbps     0 retrans   1755 KB-cwnd
    0.1250 MB /   0.10 sec =   10.4863 Mbps     0 retrans   1755 KB-cwnd
    0.1250 MB /   0.10 sec =   10.4818 Mbps     0 retrans   1755 KB-cwnd
    0.2500 MB /   0.10 sec =   20.9761 Mbps     0 retrans   1755 KB-cwnd
    0.0625 MB /   0.10 sec =    5.2435 Mbps     0 retrans   1755 KB-cwnd
    0.1250 MB /   0.10 sec =   10.4854 Mbps     0 retrans   1755 KB-cwnd
    0.0625 MB /   0.10 sec =    5.2429 Mbps     0 retrans   1755 KB-cwnd
    0.1875 MB /   0.10 sec =   15.7312 Mbps     0 retrans   1755 KB-cwnd
    0.1250 MB /   0.10 sec =   10.4858 Mbps     0 retrans   1755 KB-cwnd
    0.1875 MB /   0.10 sec =   15.7286 Mbps     0 retrans   1755 KB-cwnd
    0.1250 MB /   0.10 sec =   10.4848 Mbps     0 retrans   1755 KB-cwnd
    0.1875 MB /   0.10 sec =   15.7293 Mbps     0 retrans   1755 KB-cwnd
    0.1875 MB /   0.10 sec =   15.7291 Mbps     0 retrans   1755 KB-cwnd
    0.1250 MB /   0.10 sec =   10.4858 Mbps     0 retrans   1755 KB-cwnd
    0.1250 MB /   0.10 sec =   10.4836 Mbps     0 retrans   1755 KB-cwnd
    0.1875 MB /   0.10 sec =   15.7323 Mbps     0 retrans   1755 KB-cwnd
    0.1875 MB /   0.10 sec =   15.7286 Mbps     0 retrans   1755 KB-cwnd
    0.1875 MB /   0.10 sec =   15.7302 Mbps     0 retrans   1755 KB-cwnd
    0.1250 MB /   0.10 sec =   10.4848 Mbps     0 retrans   1755 KB-cwnd
    0.0625 MB /   0.10 sec =    5.2420 Mbps     0 retrans   1755 KB-cwnd
    0.2500 MB /   0.10 sec =   20.9745 Mbps     0 retrans   1755 KB-cwnd
    0.1875 MB /   0.10 sec =   15.7274 Mbps     0 retrans   1755 KB-cwnd
    0.1250 MB /   0.10 sec =   10.4859 Mbps     0 retrans   1755 KB-cwnd
    0.1250 MB /   0.10 sec =   10.4857 Mbps     0 retrans   1755 KB-cwnd
    0.1250 MB /   0.10 sec =   10.4868 Mbps     0 retrans   1755 KB-cwnd
    0.1875 MB /   0.10 sec =   15.7286 Mbps     0 retrans   1755 KB-cwnd
    0.1875 MB /   0.10 sec =   15.7293 Mbps     0 retrans   1755 KB-cwnd
    0.3125 MB /   0.10 sec =   26.2123 Mbps     0 retrans   1755 KB-cwnd
    0.3125 MB /   0.10 sec =   26.2107 Mbps     0 retrans   1755 KB-cwnd
    0.2500 MB /   0.10 sec =   20.9753 Mbps     0 retrans   1755 KB-cwnd
    0.2500 MB /   0.10 sec =   20.9717 Mbps     0 retrans   1755 KB-cwnd
    0.1875 MB /   0.10 sec =   15.7290 Mbps     0 retrans   1755 KB-cwnd
    0.2500 MB /   0.10 sec =   20.9696 Mbps     0 retrans   1755 KB-cwnd
    0.1875 MB /   0.10 sec =   15.7299 Mbps     0 retrans   1755 KB-cwnd
    0.1875 MB /   0.10 sec =   15.7261 Mbps     0 retrans   1755 KB-cwnd
    0.0625 MB /   0.10 sec =    5.2414 Mbps     0 retrans   1755 KB-cwnd
    0.1875 MB /   0.10 sec =   15.7359 Mbps     0 retrans   1755 KB-cwnd
    0.1250 MB /   0.10 sec =   10.4856 Mbps     0 retrans   1755 KB-cwnd
    0.1875 MB /   0.10 sec =   15.7263 Mbps     0 retrans   1755 KB-cwnd
    0.1250 MB /   0.10 sec =   10.4831 Mbps     0 retrans   1755 KB-cwnd
    0.1250 MB /   0.10 sec =   10.4881 Mbps     0 retrans   1755 KB-cwnd
    0.1250 MB /   0.10 sec =   10.4866 Mbps     0 retrans   1755 KB-cwnd
    0.1250 MB /   0.10 sec =   10.4683 Mbps     0 retrans   1755 KB-cwnd
    0.1250 MB /   0.10 sec =   10.5044 Mbps     0 retrans   1755 KB-cwnd
    0.1250 MB /   0.10 sec =   10.4835 Mbps     0 retrans   1755 KB-cwnd
    0.1250 MB /   0.10 sec =   10.4881 Mbps     0 retrans   1755 KB-cwnd
    0.1875 MB /   0.10 sec =   15.7271 Mbps     0 retrans   1755 KB-cwnd
    0.1250 MB /   0.10 sec =   10.4867 Mbps     0 retrans   1755 KB-cwnd
    0.1875 MB /   0.10 sec =   15.7266 Mbps     0 retrans   1755 KB-cwnd
    0.1250 MB /   0.10 sec =   10.4872 Mbps     0 retrans   1755 KB-cwnd
    0.0625 MB /   0.10 sec =    5.2423 Mbps     0 retrans   1755 KB-cwnd
    0.1250 MB /   0.10 sec =   10.4854 Mbps     0 retrans   1755 KB-cwnd
    0.2500 MB /   0.10 sec =   20.9747 Mbps     0 retrans   1755 KB-cwnd
    0.1875 MB /   0.10 sec =   15.7290 Mbps     0 retrans   1755 KB-cwnd
    0.1875 MB /   0.10 sec =   15.7260 Mbps     0 retrans   1755 KB-cwnd
    0.0625 MB /   0.10 sec =    5.2407 Mbps     0 retrans   1755 KB-cwnd
    0.1875 MB /   0.10 sec =   15.7373 Mbps     0 retrans   1755 KB-cwnd
    0.1250 MB /   0.10 sec =   10.4848 Mbps     0 retrans   1755 KB-cwnd
    0.1250 MB /   0.10 sec =   10.4794 Mbps     0 retrans   1755 KB-cwnd
    0.0625 MB /   0.10 sec =    5.2467 Mbps     0 retrans   1755 KB-cwnd
    0.1250 MB /   0.10 sec =   10.4860 Mbps     0 retrans   1755 KB-cwnd
    0.1250 MB /   0.10 sec =   10.4846 Mbps     0 retrans   1755 KB-cwnd
    0.1250 MB /   0.10 sec =   10.4863 Mbps     0 retrans   1755 KB-cwnd
    0.1250 MB /   0.10 sec =   10.4846 Mbps     0 retrans   1755 KB-cwnd
    0.1875 MB /   0.10 sec =   15.7301 Mbps     0 retrans   1755 KB-cwnd
    0.1250 MB /   0.10 sec =   10.4857 Mbps     0 retrans   1755 KB-cwnd
    0.1250 MB /   0.10 sec =   10.4789 Mbps     0 retrans   1755 KB-cwnd
    0.1250 MB /   0.10 sec =   10.4928 Mbps     0 retrans   1755 KB-cwnd
    0.1875 MB /   0.10 sec =   15.7296 Mbps     0 retrans   1755 KB-cwnd
    0.1875 MB /   0.10 sec =   15.7288 Mbps     0 retrans   1755 KB-cwnd
    0.1250 MB /   0.10 sec =   10.4853 Mbps     0 retrans   1755 KB-cwnd
    0.1250 MB /   0.10 sec =   10.4856 Mbps     0 retrans   1755 KB-cwnd
    0.1875 MB /   0.10 sec =   15.7293 Mbps     0 retrans   1755 KB-cwnd
    0.1875 MB /   0.10 sec =   15.7288 Mbps     0 retrans   1755 KB-cwnd
    0.1250 MB /   0.10 sec =   10.4861 Mbps     0 retrans   1755 KB-cwnd
    0.1875 MB /   0.10 sec =   15.7283 Mbps     0 retrans   1755 KB-cwnd
    0.1875 MB /   0.10 sec =   15.7290 Mbps     0 retrans   1755 KB-cwnd
    0.1875 MB /   0.10 sec =   15.7264 Mbps     0 retrans   1755 KB-cwnd
    0.1250 MB /   0.10 sec =   10.4863 Mbps     0 retrans   1755 KB-cwnd
    0.1250 MB /   0.10 sec =   10.4856 Mbps     0 retrans   1755 KB-cwnd
    0.1875 MB /   0.10 sec =   15.7290 Mbps     0 retrans   1755 KB-cwnd
    0.1875 MB /   0.10 sec =   15.7272 Mbps     0 retrans   1755 KB-cwnd
    0.1875 MB /   0.10 sec =   15.7297 Mbps     0 retrans   1755 KB-cwnd
    0.1250 MB /   0.10 sec =   10.4847 Mbps     0 retrans   1755 KB-cwnd
    0.2500 MB /   0.10 sec =   20.9749 Mbps     0 retrans   1755 KB-cwnd
    0.1250 MB /   0.10 sec =   10.4864 Mbps     0 retrans   1755 KB-cwnd
    0.3125 MB /   0.10 sec =   26.2147 Mbps     0 retrans   1755 KB-cwnd
    0.1875 MB /   0.10 sec =   15.7272 Mbps     0 retrans   1755 KB-cwnd
    0.2500 MB /   0.10 sec =   20.9730 Mbps     0 retrans   1755 KB-cwnd
    0.0000 MB /   0.10 sec =    0.0000 Mbps     0 retrans   1755 KB-cwnd
    0.3750 MB /   0.10 sec =   31.4513 Mbps     0 retrans   1755 KB-cwnd
    0.1875 MB /   0.10 sec =   15.7310 Mbps     0 retrans   1755 KB-cwnd
    0.1250 MB /   0.10 sec =   10.4861 Mbps     0 retrans   1755 KB-cwnd
    0.1875 MB /   0.10 sec =   15.7285 Mbps     0 retrans   1755 KB-cwnd
    0.0625 MB /   0.10 sec =    5.2428 Mbps     0 retrans   1755 KB-cwnd
    0.2500 MB /   0.10 sec =   20.9719 Mbps     0 retrans   1755 KB-cwnd
    0.1250 MB /   0.10 sec =   10.4849 Mbps     0 retrans   1755 KB-cwnd
    0.2500 MB /   0.10 sec =   20.9738 Mbps     0 retrans   1755 KB-cwnd
    0.1875 MB /   0.10 sec =   15.7279 Mbps     0 retrans   1755 KB-cwnd
    0.1250 MB /   0.10 sec =   10.4859 Mbps     0 retrans   1755 KB-cwnd
    0.1250 MB /   0.10 sec =   10.4841 Mbps     0 retrans   1755 KB-cwnd
    0.1250 MB /   0.10 sec =   10.4873 Mbps     0 retrans   1755 KB-cwnd
    0.1250 MB /   0.10 sec =   10.4839 Mbps     0 retrans   1755 KB-cwnd
    0.1250 MB /   0.10 sec =   10.4868 Mbps     0 retrans   1755 KB-cwnd
    0.1875 MB /   0.10 sec =   15.7294 Mbps     0 retrans   1755 KB-cwnd
    0.1250 MB /   0.10 sec =   10.4849 Mbps     0 retrans   1755 KB-cwnd
    0.1250 MB /   0.10 sec =   10.4862 Mbps     0 retrans   1755 KB-cwnd
    0.1250 MB /   0.10 sec =   10.4856 Mbps     0 retrans   1755 KB-cwnd
    0.1250 MB /   0.10 sec =   10.4870 Mbps     0 retrans   1755 KB-cwnd
    0.1875 MB /   0.10 sec =   15.7282 Mbps     0 retrans   1755 KB-cwnd
    0.1250 MB /   0.10 sec =   10.4858 Mbps     0 retrans   1755 KB-cwnd
    0.1250 MB /   0.10 sec =   10.4837 Mbps     0 retrans   1755 KB-cwnd
    0.1250 MB /   0.10 sec =   10.4875 Mbps     0 retrans   1755 KB-cwnd
    0.1875 MB /   0.10 sec =   15.7285 Mbps     0 retrans   1755 KB-cwnd
    0.1875 MB /   0.10 sec =   15.7279 Mbps     0 retrans   1755 KB-cwnd
    0.1875 MB /   0.10 sec =   15.7296 Mbps     0 retrans   1755 KB-cwnd
    0.0625 MB /   0.10 sec =    5.2420 Mbps     0 retrans   1755 KB-cwnd
    0.1875 MB /   0.10 sec =   15.7304 Mbps     0 retrans   1755 KB-cwnd
    0.2500 MB /   0.10 sec =   20.9692 Mbps     0 retrans   1755 KB-cwnd
    0.1875 MB /   0.10 sec =   15.7326 Mbps     0 retrans   1755 KB-cwnd
    0.1250 MB /   0.10 sec =   10.4796 Mbps     0 retrans   1755 KB-cwnd
nuttcp-t: 93.7620 MB in 30.00 real seconds = 3200.39 KB/sec = 26.2176 Mbps
nuttcp-t: retrans = 0 cwnd = 1755 KB
nuttcp-t: 1501 I/O calls, msec/call = 20.47, calls/sec = 50.03
nuttcp-t: 0.0user 0.0sys 0:30real 0% 0i+0d 1328maxrss 0+1pf 7+4csw

nuttcp-r: 93.7620 MB in 46.13 real seconds = 2081.14 KB/sec = 17.0487 Mbps
nuttcp-r: 20746 I/O calls, msec/call = 2.28, calls/sec = 449.69
nuttcp-r: 0.1user 0.2sys 0:46real 0% 0i+0d 100maxrss 0+15pf 19353+10csw
