1660408195063
nuttcp-r: v8.1.4: socket
nuttcp-r: buflen=65536, nstream=1, port=5005 tcp
nuttcp-r: interval reporting every 0.10 seconds
nuttcp-r: connect to 3.19.94.93 with RTT=54.208 ms af=inet
nuttcp-r: send window size = 2097152, receive window size = 52428800
nuttcp-r: available send window = 1572864, available receive window = 39321600
    0.0000 MB /   0.10 sec =    0.0000 Mbps    -1 retrans
    0.0625 MB /   0.10 sec =    5.2501 Mbps     1 retrans
    0.2500 MB /   0.10 sec =   20.9533 Mbps     0 retrans
    0.3125 MB /   0.10 sec =   26.2283 Mbps     0 retrans
    0.1875 MB /   0.10 sec =   15.7346 Mbps     0 retrans
    0.3125 MB /   0.10 sec =   26.2042 Mbps     0 retrans
    0.2500 MB /   0.10 sec =   20.9608 Mbps     0 retrans
    0.4375 MB /   0.10 sec =   36.6877 Mbps     0 retrans
    0.3750 MB /   0.10 sec =   31.4913 Mbps     0 retrans
    0.4375 MB /   0.10 sec =   36.6818 Mbps     0 retrans
    0.4375 MB /   0.10 sec =   36.6774 Mbps     0 retrans
    0.5000 MB /   0.10 sec =   41.9867 Mbps     0 retrans
    0.4375 MB /   0.10 sec =   36.6884 Mbps     0 retrans
    0.5625 MB /   0.10 sec =   47.2006 Mbps     0 retrans
    0.6875 MB /   0.10 sec =   57.6694 Mbps     0 retrans
    0.5625 MB /   0.10 sec =   47.1873 Mbps     0 retrans
    0.8125 MB /   0.10 sec =   68.1588 Mbps     0 retrans
    0.7500 MB /   0.10 sec =   62.9164 Mbps     0 retrans
    0.8750 MB /   0.10 sec =   73.3981 Mbps     0 retrans
    0.9375 MB /   0.10 sec =   78.6550 Mbps     0 retrans
    0.8125 MB /   0.10 sec =   68.1452 Mbps     0 retrans
    1.0625 MB /   0.10 sec =   89.1192 Mbps     0 retrans
    1.3125 MB /   0.10 sec =  110.1082 Mbps     0 retrans
    0.9375 MB /   0.10 sec =   78.6416 Mbps     0 retrans
    1.3750 MB /   0.10 sec =  115.3214 Mbps     0 retrans
    0.4375 MB /   0.10 sec =   36.7038 Mbps     0 retrans
    0.2500 MB /   0.10 sec =   20.9724 Mbps     0 retrans
    0.6250 MB /   0.10 sec =   52.4199 Mbps     0 retrans
    0.0000 MB /   0.10 sec =    0.0000 Mbps     0 retrans
    0.9375 MB /   0.10 sec =   78.6330 Mbps     0 retrans
    1.0625 MB /   0.10 sec =   89.1637 Mbps     0 retrans
    1.4375 MB /   0.10 sec =  120.5766 Mbps     0 retrans
    1.6250 MB /   0.10 sec =  136.3408 Mbps     0 retrans
    2.0625 MB /   0.10 sec =  173.0064 Mbps     0 retrans
    1.6250 MB /   0.10 sec =  136.2972 Mbps     0 retrans
    2.0625 MB /   0.10 sec =  173.0133 Mbps     0 retrans
    1.9375 MB /   0.10 sec =  162.5244 Mbps     0 retrans
    2.5625 MB /   0.10 sec =  214.9688 Mbps     0 retrans
    1.8750 MB /   0.10 sec =  157.2597 Mbps     0 retrans
    2.6875 MB /   0.10 sec =  225.5318 Mbps     0 retrans
    2.2500 MB /   0.10 sec =  188.6965 Mbps     0 retrans
    2.8750 MB /   0.10 sec =  241.1942 Mbps     0 retrans
    3.5000 MB /   0.10 sec =  293.5954 Mbps     0 retrans
    1.9375 MB /   0.10 sec =  162.5195 Mbps     0 retrans
    3.6250 MB /   0.10 sec =  304.0840 Mbps     0 retrans
    3.6875 MB /   0.10 sec =  309.2681 Mbps     0 retrans
    3.8750 MB /   0.10 sec =  325.1333 Mbps     0 retrans
    3.5000 MB /   0.10 sec =  293.6101 Mbps     0 retrans
    3.9375 MB /   0.10 sec =  330.2057 Mbps     0 retrans
    3.5625 MB /   0.10 sec =  298.9578 Mbps     0 retrans
    3.8750 MB /   0.10 sec =  324.9871 Mbps     0 retrans
    3.8750 MB /   0.10 sec =  325.0131 Mbps     0 retrans
    0.8750 MB /   0.10 sec =   73.4062 Mbps     0 retrans
    4.6250 MB /   0.10 sec =  387.9925 Mbps     0 retrans
    4.5000 MB /   0.10 sec =  377.5931 Mbps     0 retrans
    4.4375 MB /   0.10 sec =  372.1142 Mbps     0 retrans
    4.5625 MB /   0.10 sec =  382.8604 Mbps     0 retrans
    5.1875 MB /   0.10 sec =  435.1025 Mbps     0 retrans
    4.3750 MB /   0.10 sec =  366.9759 Mbps     0 retrans
    3.1875 MB /   0.10 sec =  267.3869 Mbps     0 retrans
    4.7500 MB /   0.10 sec =  398.5346 Mbps     0 retrans
    4.8125 MB /   0.10 sec =  403.6089 Mbps     0 retrans
    4.5000 MB /   0.10 sec =  377.4911 Mbps     0 retrans
    3.5625 MB /   0.10 sec =  298.8711 Mbps     0 retrans
    3.1875 MB /   0.10 sec =  267.3762 Mbps     0 retrans
    5.5625 MB /   0.10 sec =  466.6163 Mbps     0 retrans
    3.2500 MB /   0.10 sec =  272.6707 Mbps     0 retrans
    5.1875 MB /   0.10 sec =  435.0807 Mbps     0 retrans
    1.0625 MB /   0.10 sec =   89.1388 Mbps     0 retrans
    0.3125 MB /   0.10 sec =   26.2134 Mbps     0 retrans
    0.0000 MB /   0.10 sec =    0.0000 Mbps     0 retrans
    0.0000 MB /   0.10 sec =    0.0000 Mbps     0 retrans
   11.5625 MB /   0.10 sec =  970.1462 Mbps     0 retrans
    4.1875 MB /   0.10 sec =  351.3749 Mbps     0 retrans
    4.1250 MB /   0.10 sec =  346.0128 Mbps     0 retrans
    4.8125 MB /   0.10 sec =  403.6412 Mbps     0 retrans
    5.1250 MB /   0.10 sec =  429.8990 Mbps     0 retrans
    3.8750 MB /   0.10 sec =  325.1041 Mbps     0 retrans
    4.6875 MB /   0.10 sec =  393.1845 Mbps     0 retrans
    4.1875 MB /   0.10 sec =  351.3643 Mbps     0 retrans
    3.5625 MB /   0.10 sec =  298.7515 Mbps     0 retrans
    4.8750 MB /   0.10 sec =  408.8424 Mbps     0 retrans
    4.8125 MB /   0.10 sec =  403.8350 Mbps     0 retrans
    4.0625 MB /   0.10 sec =  340.6986 Mbps     0 retrans
    4.6250 MB /   0.10 sec =  388.0663 Mbps     0 retrans
    2.5625 MB /   0.10 sec =  214.9473 Mbps     0 retrans
    4.9375 MB /   0.10 sec =  414.2082 Mbps     0 retrans
    4.2500 MB /   0.10 sec =  356.5087 Mbps     0 retrans
    3.8125 MB /   0.10 sec =  318.6018 Mbps     0 retrans
    5.4375 MB /   0.10 sec =  457.6270 Mbps     0 retrans
    2.0625 MB /   0.10 sec =  172.4872 Mbps     0 retrans
    1.8750 MB /   0.10 sec =  157.8674 Mbps     0 retrans
    3.6875 MB /   0.10 sec =  309.3609 Mbps     0 retrans
    5.2500 MB /   0.10 sec =  440.2874 Mbps     0 retrans
    1.5000 MB /   0.10 sec =  124.0050 Mbps     0 retrans
    3.0625 MB /   0.10 sec =  260.7974 Mbps     0 retrans
    5.6250 MB /   0.10 sec =  471.8403 Mbps     0 retrans
    4.6875 MB /   0.10 sec =  393.2239 Mbps     0 retrans
    5.1250 MB /   0.10 sec =  429.9205 Mbps     0 retrans
    3.6875 MB /   0.10 sec =  309.3732 Mbps     0 retrans
    4.8125 MB /   0.10 sec =  403.5888 Mbps     0 retrans
    3.3750 MB /   0.10 sec =  283.1268 Mbps     0 retrans
    5.4375 MB /   0.10 sec =  456.1032 Mbps     0 retrans
    5.0625 MB /   0.10 sec =  424.6563 Mbps     0 retrans
    4.8125 MB /   0.10 sec =  403.6856 Mbps     0 retrans
    4.7500 MB /   0.10 sec =  398.5944 Mbps     0 retrans
    4.9375 MB /   0.10 sec =  414.0716 Mbps     0 retrans
    5.3750 MB /   0.10 sec =  450.9057 Mbps     0 retrans
    4.6250 MB /   0.10 sec =  387.9421 Mbps     0 retrans
    4.6250 MB /   0.10 sec =  388.0003 Mbps     0 retrans
    4.6250 MB /   0.10 sec =  388.0274 Mbps     0 retrans
    4.3750 MB /   0.10 sec =  366.9759 Mbps     0 retrans
    4.7500 MB /   0.10 sec =  398.5226 Mbps     0 retrans
    4.0000 MB /   0.10 sec =  335.5376 Mbps     0 retrans
    5.1875 MB /   0.10 sec =  435.1286 Mbps     0 retrans
    5.1875 MB /   0.10 sec =  435.1634 Mbps     0 retrans
    5.0625 MB /   0.10 sec =  424.6988 Mbps     0 retrans
    5.5625 MB /   0.10 sec =  466.5323 Mbps     0 retrans
    1.7500 MB /   0.10 sec =  146.8271 Mbps     0 retrans
    6.3125 MB /   0.10 sec =  529.3827 Mbps     0 retrans
    4.9375 MB /   0.10 sec =  414.1751 Mbps     0 retrans
    4.5000 MB /   0.10 sec =  377.5440 Mbps     0 retrans
    3.1875 MB /   0.10 sec =  267.3227 Mbps     0 retrans
    4.8125 MB /   0.10 sec =  403.7825 Mbps     0 retrans
    2.7500 MB /   0.10 sec =  230.6037 Mbps     0 retrans
    5.1875 MB /   0.10 sec =  435.3332 Mbps     0 retrans
    4.8750 MB /   0.10 sec =  408.9406 Mbps     0 retrans
    5.3125 MB /   0.10 sec =  445.6493 Mbps     0 retrans
    4.3750 MB /   0.10 sec =  366.9722 Mbps     0 retrans
    1.8750 MB /   0.10 sec =  157.2848 Mbps     0 retrans
    2.2500 MB /   0.10 sec =  188.6871 Mbps     0 retrans
    6.0000 MB /   0.10 sec =  503.3416 Mbps     0 retrans
    4.0000 MB /   0.10 sec =  335.6417 Mbps     0 retrans
    2.3750 MB /   0.10 sec =  199.1816 Mbps     0 retrans
    5.1250 MB /   0.10 sec =  429.9979 Mbps     0 retrans
    4.9375 MB /   0.10 sec =  414.2248 Mbps     0 retrans
    3.0000 MB /   0.10 sec =  251.6180 Mbps     0 retrans
    5.1250 MB /   0.10 sec =  429.9721 Mbps     0 retrans
    4.9375 MB /   0.10 sec =  413.9888 Mbps     0 retrans
    5.0000 MB /   0.10 sec =  419.6024 Mbps     0 retrans
    5.2500 MB /   0.10 sec =  431.0355 Mbps     0 retrans
    4.8125 MB /   0.10 sec =  412.7197 Mbps     0 retrans
    1.0000 MB /   0.10 sec =   83.8794 Mbps     0 retrans
    4.9375 MB /   0.10 sec =  414.2289 Mbps     0 retrans
    4.9375 MB /   0.10 sec =  414.0840 Mbps     0 retrans
    3.6875 MB /   0.10 sec =  309.3206 Mbps     0 retrans
    3.9375 MB /   0.10 sec =  330.3609 Mbps     0 retrans
    5.3125 MB /   0.10 sec =  445.6671 Mbps     0 retrans
    5.3750 MB /   0.10 sec =  450.8426 Mbps     0 retrans
    3.3750 MB /   0.10 sec =  283.1240 Mbps     0 retrans
    5.2500 MB /   0.10 sec =  440.4107 Mbps     0 retrans
    4.7500 MB /   0.10 sec =  398.4549 Mbps     0 retrans
    2.0000 MB /   0.10 sec =  167.8074 Mbps     0 retrans
    4.8750 MB /   0.10 sec =  408.9610 Mbps     0 retrans
    5.5000 MB /   0.10 sec =  461.2443 Mbps     0 retrans
    5.3125 MB /   0.10 sec =  445.6938 Mbps     0 retrans
    5.1250 MB /   0.10 sec =  429.7228 Mbps     0 retrans
    5.0000 MB /   0.10 sec =  419.6276 Mbps     0 retrans
    4.3750 MB /   0.10 sec =  366.5910 Mbps     0 retrans
    5.1875 MB /   0.10 sec =  435.5990 Mbps     0 retrans
    4.4375 MB /   0.10 sec =  372.2631 Mbps     0 retrans
    4.7500 MB /   0.10 sec =  398.3991 Mbps     0 retrans
    4.7500 MB /   0.10 sec =  398.4788 Mbps     0 retrans
    2.0000 MB /   0.10 sec =  167.7856 Mbps     0 retrans
    5.3125 MB /   0.10 sec =  445.6715 Mbps     0 retrans
    4.9375 MB /   0.10 sec =  414.1668 Mbps     0 retrans
    4.6875 MB /   0.10 sec =  393.2317 Mbps     0 retrans
    3.0000 MB /   0.10 sec =  251.6482 Mbps     0 retrans
    0.0000 MB /   0.10 sec =    0.0000 Mbps     0 retrans
    0.0000 MB /   0.10 sec =    0.0000 Mbps     0 retrans
   10.7500 MB /   0.10 sec =  902.0099 Mbps     0 retrans
    4.8125 MB /   0.10 sec =  403.7744 Mbps     0 retrans
    4.0625 MB /   0.10 sec =  340.6714 Mbps     0 retrans
    4.5000 MB /   0.10 sec =  377.5213 Mbps     0 retrans
    3.0625 MB /   0.10 sec =  256.8883 Mbps     0 retrans
    5.0000 MB /   0.10 sec =  419.4723 Mbps     0 retrans
    5.5625 MB /   0.10 sec =  466.6630 Mbps     0 retrans
    2.3125 MB /   0.10 sec =  193.9749 Mbps     0 retrans
    3.8750 MB /   0.10 sec =  324.9903 Mbps     0 retrans
    4.8125 MB /   0.10 sec =  403.8512 Mbps     0 retrans
    5.1250 MB /   0.10 sec =  429.8216 Mbps     0 retrans
    3.0625 MB /   0.10 sec =  256.9114 Mbps     0 retrans
    3.5000 MB /   0.10 sec =  293.6189 Mbps     0 retrans
    4.6875 MB /   0.10 sec =  393.1806 Mbps     0 retrans
    0.3750 MB /   0.10 sec =   31.4516 Mbps     0 retrans
    0.0000 MB /   0.10 sec =    0.0000 Mbps     0 retrans
    5.5000 MB /   0.10 sec =  461.4842 Mbps     0 retrans
    3.8750 MB /   0.10 sec =  325.0196 Mbps     0 retrans
    4.3125 MB /   0.10 sec =  361.6719 Mbps     0 retrans
    3.6250 MB /   0.10 sec =  304.0870 Mbps     0 retrans
    4.0625 MB /   0.10 sec =  340.6952 Mbps     0 retrans
    4.1875 MB /   0.10 sec =  351.3538 Mbps     0 retrans
    4.6875 MB /   0.10 sec =  393.3025 Mbps     0 retrans
    3.9375 MB /   0.10 sec =  330.3279 Mbps     0 retrans
    4.3125 MB /   0.10 sec =  361.5129 Mbps     0 retrans
    4.0625 MB /   0.10 sec =  340.3108 Mbps     0 retrans
    2.3750 MB /   0.10 sec =  199.6427 Mbps     0 retrans
    1.1250 MB /   0.10 sec =   94.3407 Mbps     0 retrans
    4.5000 MB /   0.10 sec =  377.5440 Mbps     0 retrans
    1.9375 MB /   0.10 sec =  162.5342 Mbps     0 retrans
    5.8125 MB /   0.10 sec =  487.5830 Mbps     0 retrans
    4.4375 MB /   0.10 sec =  372.2631 Mbps     0 retrans
    4.4375 MB /   0.10 sec =  372.3189 Mbps     0 retrans
    4.6250 MB /   0.10 sec =  387.9227 Mbps     0 retrans
    4.8750 MB /   0.10 sec =  408.8956 Mbps     0 retrans
    3.3125 MB /   0.10 sec =  277.1355 Mbps     0 retrans
    1.1250 MB /   0.10 sec =   94.6216 Mbps     0 retrans
    0.0000 MB /   0.10 sec =    0.0000 Mbps     0 retrans
    4.9375 MB /   0.10 sec =  414.3740 Mbps     0 retrans
    3.6250 MB /   0.10 sec =  303.5134 Mbps     0 retrans
    3.6875 MB /   0.10 sec =  309.8412 Mbps     0 retrans
    3.5000 MB /   0.10 sec =  293.6718 Mbps     0 retrans
    3.4375 MB /   0.10 sec =  288.3007 Mbps     0 retrans
    3.1875 MB /   0.10 sec =  267.3682 Mbps     0 retrans
    3.8750 MB /   0.10 sec =  324.9188 Mbps     0 retrans
    4.0000 MB /   0.10 sec =  335.7390 Mbps     0 retrans
    3.4375 MB /   0.10 sec =  288.2604 Mbps     0 retrans
    4.0000 MB /   0.10 sec =  335.5678 Mbps     0 retrans
    3.4375 MB /   0.10 sec =  288.3180 Mbps     0 retrans
    4.3750 MB /   0.10 sec =  367.1889 Mbps     0 retrans
    4.0625 MB /   0.10 sec =  340.7974 Mbps     0 retrans
    3.3125 MB /   0.10 sec =  277.8893 Mbps     0 retrans
    4.1250 MB /   0.10 sec =  345.9678 Mbps     0 retrans
    3.0625 MB /   0.10 sec =  256.8883 Mbps     0 retrans
    3.3750 MB /   0.10 sec =  283.1240 Mbps     0 retrans
    2.8125 MB /   0.10 sec =  235.9249 Mbps     0 retrans
    3.6875 MB /   0.10 sec =  309.3825 Mbps     0 retrans
    4.2500 MB /   0.10 sec =  356.3911 Mbps     0 retrans
    3.8750 MB /   0.10 sec =  324.9643 Mbps     0 retrans
    3.8125 MB /   0.10 sec =  319.9757 Mbps     0 retrans
    2.1875 MB /   0.10 sec =  183.5045 Mbps     0 retrans
    0.6250 MB /   0.10 sec =   52.4230 Mbps     0 retrans
    0.0000 MB /   0.10 sec =    0.0000 Mbps     0 retrans
    3.0625 MB /   0.10 sec =  257.1711 Mbps     0 retrans
    3.2500 MB /   0.10 sec =  272.6352 Mbps     0 retrans
    3.2500 MB /   0.10 sec =  272.6652 Mbps     0 retrans
    2.8750 MB /   0.10 sec =  241.1267 Mbps     0 retrans
    3.2500 MB /   0.10 sec =  272.6707 Mbps     0 retrans
    2.7500 MB /   0.10 sec =  230.6706 Mbps     0 retrans
    2.6875 MB /   0.10 sec =  225.4393 Mbps     0 retrans
    3.0625 MB /   0.10 sec =  256.6983 Mbps     0 retrans
    3.6250 MB /   0.10 sec =  304.3366 Mbps     0 retrans
    3.0000 MB /   0.10 sec =  251.6532 Mbps     0 retrans
    2.8750 MB /   0.10 sec =  241.1291 Mbps     0 retrans
    3.1875 MB /   0.10 sec =  267.4056 Mbps     0 retrans
    3.0625 MB /   0.10 sec =  256.9602 Mbps     0 retrans
    2.5625 MB /   0.10 sec =  214.7777 Mbps     0 retrans
    3.6875 MB /   0.10 sec =  309.5807 Mbps     0 retrans
    3.3750 MB /   0.10 sec =  283.0221 Mbps     0 retrans
    3.1250 MB /   0.10 sec =  262.1886 Mbps     0 retrans
    3.6250 MB /   0.10 sec =  304.0414 Mbps     0 retrans
    2.3125 MB /   0.10 sec =  194.0098 Mbps     0 retrans
    1.5000 MB /   0.10 sec =  125.7977 Mbps     0 retrans
    2.1250 MB /   0.10 sec =  178.3150 Mbps     0 retrans
    2.5625 MB /   0.10 sec =  214.8764 Mbps     0 retrans
    2.4375 MB /   0.10 sec =  204.0113 Mbps     0 retrans
    3.0000 MB /   0.10 sec =  252.3421 Mbps     0 retrans
    3.5625 MB /   0.10 sec =  298.8173 Mbps     0 retrans
    3.3750 MB /   0.10 sec =  283.0872 Mbps     0 retrans
    3.3125 MB /   0.10 sec =  277.9143 Mbps     0 retrans
    3.5000 MB /   0.10 sec =  293.5807 Mbps     0 retrans
    3.1875 MB /   0.10 sec =  267.3869 Mbps     0 retrans
    3.0000 MB /   0.10 sec =  251.6331 Mbps     0 retrans
    3.8125 MB /   0.10 sec =  319.8925 Mbps     0 retrans
    3.2500 MB /   0.10 sec =  272.6216 Mbps     0 retrans
    3.5000 MB /   0.10 sec =  293.5308 Mbps     0 retrans
    3.5625 MB /   0.10 sec =  298.8651 Mbps     0 retrans
    3.4375 MB /   0.10 sec =  288.3728 Mbps     0 retrans
    3.2500 MB /   0.10 sec =  272.6270 Mbps     0 retrans
    2.7500 MB /   0.10 sec =  230.7098 Mbps     0 retrans
    3.3750 MB /   0.10 sec =  283.0872 Mbps     0 retrans
    3.5625 MB /   0.10 sec =  298.8412 Mbps     0 retrans
    3.1250 MB /   0.10 sec =  262.1597 Mbps     0 retrans
    3.5000 MB /   0.10 sec =  293.6013 Mbps     0 retrans
    3.1250 MB /   0.10 sec =  262.2017 Mbps     0 retrans
    1.9375 MB /   0.10 sec =  162.5098 Mbps     0 retrans
    2.5625 MB /   0.10 sec =  214.9645 Mbps     0 retrans
    2.6875 MB /   0.10 sec =  225.4664 Mbps     0 retrans
    2.8125 MB /   0.10 sec =  235.5174 Mbps     0 retrans
    2.3125 MB /   0.10 sec =  194.2430 Mbps     0 retrans
    2.0000 MB /   0.10 sec =  167.7856 Mbps     0 retrans
    3.0000 MB /   0.10 sec =  251.7589 Mbps     0 retrans
    3.2500 MB /   0.10 sec =  272.6325 Mbps     0 retrans
    3.2500 MB /   0.10 sec =  272.6216 Mbps     0 retrans
    2.9375 MB /   0.10 sec =  245.9849 Mbps     0 retrans
    2.6250 MB /   0.10 sec =  220.4986 Mbps     0 retrans
    2.9375 MB /   0.10 sec =  246.4844 Mbps     0 retrans
    2.9375 MB /   0.10 sec =  246.3538 Mbps     0 retrans
    3.4375 MB /   0.10 sec =  288.4161 Mbps     0 retrans
    2.5000 MB /   0.10 sec =  209.6754 Mbps     0 retrans
    3.6875 MB /   0.10 sec =  309.3794 Mbps     0 retrans
    3.1875 MB /   0.10 sec =  267.4270 Mbps     0 retrans
    3.6250 MB /   0.10 sec =  304.0688 Mbps     0 retrans
    3.5625 MB /   0.10 sec =  298.8442 Mbps     0 retrans
    1.8125 MB /   0.10 sec =  152.0390 Mbps     0 retrans
    3.3125 MB /   0.10 sec =  277.8393 Mbps     0 retrans
    3.0625 MB /   0.10 sec =  256.8986 Mbps     0 retrans
    3.6250 MB /   0.10 sec =  304.0354 Mbps     0 retrans
    1.3125 MB /   0.10 sec =  109.9136 Mbps     0 retrans
    1.6875 MB /   0.10 sec =  141.8613 Mbps     0 retrans
    3.2500 MB /   0.10 sec =  272.5998 Mbps     0 retrans
    2.6250 MB /   0.10 sec =  220.1745 Mbps     0 retrans
    1.7500 MB /   0.10 sec =  146.8050 Mbps     0 retrans
    2.2500 MB /   0.10 sec =  188.7569 Mbps     0 retrans
    1.5625 MB /   0.10 sec =  131.0484 Mbps     0 retrans
    2.4375 MB /   0.10 sec =  204.5132 Mbps     0 retrans
    1.4375 MB /   0.10 sec =  120.5525 Mbps     0 retrans
    2.1875 MB /   0.10 sec =  183.3779 Mbps     0 retrans
    1.6250 MB /   0.10 sec =  136.4349 Mbps     0 retrans
    3.1250 MB /   0.10 sec =  262.1125 Mbps     0 retrans
    3.6250 MB /   0.10 sec =  304.1722 Mbps     0 retrans
    2.6250 MB /   0.10 sec =  220.1988 Mbps     0 retrans
    3.5000 MB /   0.10 sec =  293.5426 Mbps     0 retrans
    3.2500 MB /   0.10 sec =  272.6952 Mbps     0 retrans
    3.1250 MB /   0.10 sec =  262.0916 Mbps     0 retrans
    3.0625 MB /   0.10 sec =  256.8652 Mbps     0 retrans
nuttcp-r: 1042.7268 MB in 31.67 real seconds = 33720.10 KB/sec = 276.2350 Mbps
nuttcp-r: 36118 I/O calls, msec/call = 0.90, calls/sec = 1140.62
nuttcp-r: 0.0user 1.0sys 0:31real 3% 0i+0d 1360maxrss 0+1pf 13879+52csw

nuttcp-t: Warning: send window size 25000000 < requested window size 26214400
nuttcp-t: v6.1.2: socket
nuttcp-t: buflen=65536, nstream=1, port=5005 tcp -> 172.58.143.94
nuttcp-t: time limit = 30.00 seconds
nuttcp-t: accept from 172.58.143.178 with mss=1364
nuttcp-t: send window size = 50000000, receive window size = 25000000
nuttcp-t: available send window = 25000000, available receive window = 12500000
nuttcp-t: 1042.7268 MB in 30.00 real seconds = 35591.70 KB/sec = 291.5672 Mbps
nuttcp-t: retrans = 0
nuttcp-t: 16684 I/O calls, msec/call = 1.84, calls/sec = 556.13
nuttcp-t: 0.0user 0.3sys 0:30real 1% 0i+0d 100maxrss 0+0pf 63+15csw
