1660408239179
nuttcp-t: v8.1.4: socket
nuttcp-t: buflen=65536, nstream=1, port=5005 tcp -> 3.19.94.93
nuttcp-t: time limit = 30.00 seconds
nuttcp-t: connect to 3.19.94.93 with mss=1384, RTT=176.828 ms af=inet
nuttcp-t: send window size = 33554432, receive window size = 4194304
nuttcp-t: available send window = 25165824, available receive window = 3145728
nuttcp-t: initial congestion window = 13 KB (10 packets)
nuttcp-r: Warning: receive window size 25000000 < requested window size 26214400
nuttcp-r: v6.1.2: socket
nuttcp-r: buflen=65536, nstream=1, port=5005 tcp
nuttcp-r: interval reporting every 0.10 seconds
nuttcp-r: accept from 172.58.143.94
nuttcp-r: send window size = 25000000, receive window size = 50000000
nuttcp-r: available send window = 12500000, available receive window = 25000000
    0.0000 MB /   0.10 sec =    0.0000 Mbps     0 retrans   1715 KB-cwnd
    0.0625 MB /   0.10 sec =    5.2419 Mbps     0 retrans   1715 KB-cwnd
    0.1250 MB /   0.10 sec =   10.4854 Mbps     0 retrans   1715 KB-cwnd
    0.1875 MB /   0.10 sec =   15.7324 Mbps     0 retrans   1715 KB-cwnd
    0.2500 MB /   0.10 sec =   20.9732 Mbps     0 retrans   1715 KB-cwnd
    0.3125 MB /   0.10 sec =   26.2144 Mbps     0 retrans   1715 KB-cwnd
    0.3750 MB /   0.10 sec =   31.4567 Mbps     0 retrans   1715 KB-cwnd
    0.3750 MB /   0.10 sec =   31.4585 Mbps     0 retrans   1715 KB-cwnd
    0.3125 MB /   0.10 sec =   26.2144 Mbps     0 retrans   1715 KB-cwnd
    0.4375 MB /   0.10 sec =   36.6994 Mbps     0 retrans   1715 KB-cwnd
    0.2500 MB /   0.10 sec =   20.9659 Mbps     0 retrans   1715 KB-cwnd
    0.1250 MB /   0.10 sec =   10.4873 Mbps     0 retrans   1715 KB-cwnd
    0.3750 MB /   0.10 sec =   31.4617 Mbps     0 retrans   1715 KB-cwnd
    0.2500 MB /   0.10 sec =   20.9625 Mbps     0 retrans   1715 KB-cwnd
    0.3750 MB /   0.10 sec =   31.4699 Mbps     0 retrans   1715 KB-cwnd
    0.3125 MB /   0.10 sec =   26.2107 Mbps     0 retrans   1715 KB-cwnd
    0.2500 MB /   0.10 sec =   20.9745 Mbps     0 retrans   1715 KB-cwnd
    0.3750 MB /   0.10 sec =   31.4579 Mbps     0 retrans   1715 KB-cwnd
    0.2500 MB /   0.10 sec =   20.9715 Mbps     0 retrans   1715 KB-cwnd
    0.4375 MB /   0.10 sec =   36.7009 Mbps     0 retrans   1715 KB-cwnd
    0.3125 MB /   0.10 sec =   26.2141 Mbps     0 retrans   1715 KB-cwnd
    0.2500 MB /   0.10 sec =   20.9717 Mbps     0 retrans   1715 KB-cwnd
    0.3750 MB /   0.10 sec =   31.4538 Mbps     0 retrans   1715 KB-cwnd
    0.3750 MB /   0.10 sec =   31.4579 Mbps     0 retrans   1715 KB-cwnd
    0.2500 MB /   0.10 sec =   20.9709 Mbps     0 retrans   1715 KB-cwnd
    0.3125 MB /   0.10 sec =   26.2173 Mbps     0 retrans   1715 KB-cwnd
    0.3750 MB /   0.10 sec =   31.4570 Mbps     0 retrans   1715 KB-cwnd
    0.3750 MB /   0.10 sec =   31.4567 Mbps     0 retrans   1715 KB-cwnd
    0.2500 MB /   0.10 sec =   20.9726 Mbps     0 retrans   1715 KB-cwnd
    0.3125 MB /   0.10 sec =   26.2131 Mbps     0 retrans   1715 KB-cwnd
    0.2500 MB /   0.10 sec =   20.9728 Mbps     0 retrans   1715 KB-cwnd
    0.3125 MB /   0.10 sec =   26.2126 Mbps     0 retrans   1715 KB-cwnd
    0.3125 MB /   0.10 sec =   26.2136 Mbps     0 retrans   1715 KB-cwnd
    0.2500 MB /   0.10 sec =   20.9682 Mbps     0 retrans   1715 KB-cwnd
    0.2500 MB /   0.10 sec =   20.9766 Mbps     0 retrans   1715 KB-cwnd
    0.3125 MB /   0.10 sec =   26.2152 Mbps     0 retrans   1715 KB-cwnd
    0.2500 MB /   0.10 sec =   20.9701 Mbps     0 retrans   1715 KB-cwnd
    0.3125 MB /   0.10 sec =   26.2089 Mbps     0 retrans   1715 KB-cwnd
    0.2500 MB /   0.10 sec =   20.9724 Mbps     0 retrans   1715 KB-cwnd
    0.2500 MB /   0.10 sec =   20.9742 Mbps     0 retrans   1715 KB-cwnd
    0.1875 MB /   0.10 sec =   15.7274 Mbps     0 retrans   1715 KB-cwnd
    0.1875 MB /   0.10 sec =   15.7260 Mbps     0 retrans   1715 KB-cwnd
    0.2500 MB /   0.10 sec =   20.9789 Mbps     0 retrans   1715 KB-cwnd
    0.1875 MB /   0.10 sec =   15.7288 Mbps     0 retrans   1715 KB-cwnd
    0.1875 MB /   0.10 sec =   15.7279 Mbps     0 retrans   1715 KB-cwnd
    0.3125 MB /   0.10 sec =   26.2149 Mbps     0 retrans   1715 KB-cwnd
    0.2500 MB /   0.10 sec =   20.9717 Mbps     0 retrans   1715 KB-cwnd
    0.1875 MB /   0.10 sec =   15.7269 Mbps     0 retrans   1715 KB-cwnd
    0.2500 MB /   0.10 sec =   20.9721 Mbps     0 retrans   1715 KB-cwnd
    0.3125 MB /   0.10 sec =   26.2168 Mbps     0 retrans   1715 KB-cwnd
    0.2500 MB /   0.10 sec =   20.9701 Mbps     0 retrans   1715 KB-cwnd
    0.2500 MB /   0.10 sec =   20.9715 Mbps     0 retrans   1715 KB-cwnd
    0.3125 MB /   0.10 sec =   26.2160 Mbps     0 retrans   1715 KB-cwnd
    0.2500 MB /   0.10 sec =   20.9696 Mbps     0 retrans   1715 KB-cwnd
    0.2500 MB /   0.10 sec =   20.9732 Mbps     0 retrans   1715 KB-cwnd
    0.3125 MB /   0.10 sec =   26.2154 Mbps     0 retrans   1715 KB-cwnd
    0.1875 MB /   0.10 sec =   15.7274 Mbps     0 retrans   1715 KB-cwnd
    0.2500 MB /   0.10 sec =   20.9709 Mbps     0 retrans   1715 KB-cwnd
    0.3125 MB /   0.10 sec =   26.2160 Mbps     0 retrans   1715 KB-cwnd
    0.1875 MB /   0.10 sec =   15.7269 Mbps     0 retrans   1715 KB-cwnd
    0.3125 MB /   0.10 sec =   26.2186 Mbps     0 retrans   1715 KB-cwnd
    0.2500 MB /   0.10 sec =   20.9696 Mbps     0 retrans   1715 KB-cwnd
    0.1875 MB /   0.10 sec =   15.7293 Mbps     0 retrans   1715 KB-cwnd
    0.3125 MB /   0.10 sec =   26.2144 Mbps     0 retrans   1715 KB-cwnd
    0.1875 MB /   0.10 sec =   15.7288 Mbps     0 retrans   1715 KB-cwnd
    0.2500 MB /   0.10 sec =   20.9721 Mbps     0 retrans   1715 KB-cwnd
    0.2500 MB /   0.10 sec =   20.9715 Mbps     0 retrans   1715 KB-cwnd
    0.1875 MB /   0.10 sec =   15.7283 Mbps     0 retrans   1715 KB-cwnd
    0.1875 MB /   0.10 sec =   15.7247 Mbps     0 retrans   1715 KB-cwnd
    0.3750 MB /   0.10 sec =   31.4645 Mbps     0 retrans   1715 KB-cwnd
    0.2500 MB /   0.10 sec =   20.9715 Mbps     0 retrans   1715 KB-cwnd
    0.3750 MB /   0.10 sec =   31.4576 Mbps     0 retrans   1715 KB-cwnd
    0.3125 MB /   0.10 sec =   26.2084 Mbps     0 retrans   1715 KB-cwnd
    0.1875 MB /   0.10 sec =   15.7329 Mbps     0 retrans   1715 KB-cwnd
    0.1875 MB /   0.10 sec =   15.7257 Mbps     0 retrans   1715 KB-cwnd
    0.3750 MB /   0.10 sec =   31.4620 Mbps     0 retrans   1715 KB-cwnd
    0.3125 MB /   0.10 sec =   26.2139 Mbps     0 retrans   1715 KB-cwnd
    0.2500 MB /   0.10 sec =   20.9711 Mbps     0 retrans   1715 KB-cwnd
    0.2500 MB /   0.10 sec =   20.9719 Mbps     0 retrans   1715 KB-cwnd
    0.3125 MB /   0.10 sec =   26.2113 Mbps     0 retrans   1715 KB-cwnd
    0.3125 MB /   0.10 sec =   26.2178 Mbps     0 retrans   1715 KB-cwnd
    0.3125 MB /   0.10 sec =   26.2118 Mbps     0 retrans   1715 KB-cwnd
    0.2500 MB /   0.10 sec =   20.9717 Mbps     0 retrans   1715 KB-cwnd
    0.2500 MB /   0.10 sec =   20.9719 Mbps     0 retrans   1715 KB-cwnd
    0.3125 MB /   0.10 sec =   26.2157 Mbps     0 retrans   1715 KB-cwnd
    0.3125 MB /   0.10 sec =   26.2139 Mbps     0 retrans   1715 KB-cwnd
    0.3125 MB /   0.10 sec =   26.2139 Mbps     0 retrans   1715 KB-cwnd
    0.3125 MB /   0.10 sec =   26.2144 Mbps     0 retrans   1715 KB-cwnd
    0.2500 MB /   0.10 sec =   20.9713 Mbps     0 retrans   1715 KB-cwnd
    0.3125 MB /   0.10 sec =   26.2162 Mbps     0 retrans   1715 KB-cwnd
    0.2500 MB /   0.10 sec =   20.9627 Mbps     0 retrans   1715 KB-cwnd
    0.3750 MB /   0.10 sec =   31.4686 Mbps     0 retrans   1715 KB-cwnd
    0.1875 MB /   0.10 sec =   15.7219 Mbps     0 retrans   1715 KB-cwnd
    0.2500 MB /   0.10 sec =   20.9753 Mbps     0 retrans   1715 KB-cwnd
    0.3750 MB /   0.10 sec =   31.4651 Mbps     0 retrans   1715 KB-cwnd
    0.3125 MB /   0.10 sec =   26.2118 Mbps     0 retrans   1715 KB-cwnd
    0.3125 MB /   0.10 sec =   26.2144 Mbps     0 retrans   1715 KB-cwnd
    0.2500 MB /   0.10 sec =   20.9745 Mbps     0 retrans   1715 KB-cwnd
    0.2500 MB /   0.10 sec =   20.9719 Mbps     0 retrans   1715 KB-cwnd
    0.1875 MB /   0.10 sec =   15.7260 Mbps     0 retrans   1715 KB-cwnd
    0.1875 MB /   0.10 sec =   15.7313 Mbps     0 retrans   1715 KB-cwnd
    0.1875 MB /   0.10 sec =   15.7203 Mbps     0 retrans   1715 KB-cwnd
    0.1875 MB /   0.10 sec =   15.7345 Mbps     0 retrans   1715 KB-cwnd
    0.2500 MB /   0.10 sec =   20.9715 Mbps     0 retrans   1715 KB-cwnd
    0.1875 MB /   0.10 sec =   15.7312 Mbps     0 retrans   1715 KB-cwnd
    0.1250 MB /   0.10 sec =   10.4854 Mbps     0 retrans   1715 KB-cwnd
    0.2500 MB /   0.10 sec =   20.9721 Mbps     0 retrans   1715 KB-cwnd
    0.2500 MB /   0.10 sec =   20.9696 Mbps     0 retrans   1715 KB-cwnd
    0.3125 MB /   0.10 sec =   26.2157 Mbps     0 retrans   1715 KB-cwnd
    0.3125 MB /   0.10 sec =   26.2136 Mbps     0 retrans   1715 KB-cwnd
    0.2500 MB /   0.10 sec =   20.9719 Mbps     0 retrans   1715 KB-cwnd
    0.3125 MB /   0.10 sec =   26.2162 Mbps     0 retrans   1715 KB-cwnd
    0.2500 MB /   0.10 sec =   20.9696 Mbps     0 retrans   1715 KB-cwnd
    0.3750 MB /   0.10 sec =   31.4544 Mbps     0 retrans   1715 KB-cwnd
    0.3125 MB /   0.10 sec =   26.2131 Mbps     0 retrans   1715 KB-cwnd
    0.3750 MB /   0.10 sec =   31.4636 Mbps     0 retrans   1715 KB-cwnd
    0.3750 MB /   0.10 sec =   31.4425 Mbps     0 retrans   1715 KB-cwnd
    0.3750 MB /   0.10 sec =   31.4721 Mbps     0 retrans   1715 KB-cwnd
    0.3125 MB /   0.10 sec =   26.2144 Mbps     0 retrans   1715 KB-cwnd
    0.3750 MB /   0.10 sec =   31.4544 Mbps     0 retrans   1715 KB-cwnd
    0.3750 MB /   0.10 sec =   31.4497 Mbps     0 retrans   1715 KB-cwnd
    0.3750 MB /   0.10 sec =   31.4673 Mbps     0 retrans   1715 KB-cwnd
    0.3750 MB /   0.10 sec =   31.4579 Mbps     0 retrans   1715 KB-cwnd
    0.3125 MB /   0.10 sec =   26.2141 Mbps     0 retrans   1715 KB-cwnd
    0.3750 MB /   0.10 sec =   31.4526 Mbps     0 retrans   1715 KB-cwnd
    0.3750 MB /   0.10 sec =   31.4620 Mbps     0 retrans   1715 KB-cwnd
    0.3750 MB /   0.10 sec =   31.4573 Mbps     0 retrans   1715 KB-cwnd
    0.3750 MB /   0.10 sec =   31.4563 Mbps     0 retrans   1715 KB-cwnd
    0.3750 MB /   0.10 sec =   31.4557 Mbps     0 retrans   1715 KB-cwnd
    0.4375 MB /   0.10 sec =   36.7035 Mbps     0 retrans   1715 KB-cwnd
    0.3750 MB /   0.10 sec =   31.4560 Mbps     0 retrans   1715 KB-cwnd
    0.3750 MB /   0.10 sec =   31.4532 Mbps     0 retrans   1715 KB-cwnd
    0.4375 MB /   0.10 sec =   36.7035 Mbps     0 retrans   1715 KB-cwnd
    0.5000 MB /   0.10 sec =   41.9451 Mbps     0 retrans   1715 KB-cwnd
    0.4375 MB /   0.10 sec =   36.6991 Mbps     0 retrans   1715 KB-cwnd
    0.3750 MB /   0.10 sec =   31.4548 Mbps     0 retrans   1715 KB-cwnd
    0.5000 MB /   0.10 sec =   41.9489 Mbps     0 retrans   1715 KB-cwnd
    0.4375 MB /   0.10 sec =   36.7013 Mbps     0 retrans   1715 KB-cwnd
    0.4375 MB /   0.10 sec =   36.6976 Mbps     0 retrans   1715 KB-cwnd
    0.3750 MB /   0.10 sec =   31.4598 Mbps     0 retrans   1715 KB-cwnd
    0.4375 MB /   0.10 sec =   36.6954 Mbps     0 retrans   1715 KB-cwnd
    0.4375 MB /   0.10 sec =   36.7035 Mbps     0 retrans   1715 KB-cwnd
    0.3750 MB /   0.10 sec =   31.4507 Mbps     0 retrans   1715 KB-cwnd
    0.4375 MB /   0.10 sec =   36.7049 Mbps     0 retrans   1715 KB-cwnd
    0.4375 MB /   0.10 sec =   36.7020 Mbps     0 retrans   1715 KB-cwnd
    0.4375 MB /   0.10 sec =   36.7016 Mbps     0 retrans   1715 KB-cwnd
    0.3125 MB /   0.10 sec =   26.2115 Mbps     0 retrans   1715 KB-cwnd
    0.3125 MB /   0.10 sec =   26.2147 Mbps     0 retrans   1715 KB-cwnd
    0.3750 MB /   0.10 sec =   31.4611 Mbps     0 retrans   1715 KB-cwnd
    0.3125 MB /   0.10 sec =   26.2115 Mbps     0 retrans   1715 KB-cwnd
    0.3125 MB /   0.10 sec =   26.2134 Mbps     0 retrans   1715 KB-cwnd
    0.3125 MB /   0.10 sec =   26.2178 Mbps     0 retrans   1715 KB-cwnd
    0.3750 MB /   0.10 sec =   31.4573 Mbps     0 retrans   1715 KB-cwnd
    0.4375 MB /   0.10 sec =   36.6991 Mbps     0 retrans   1715 KB-cwnd
    0.3125 MB /   0.10 sec =   26.2099 Mbps     0 retrans   1715 KB-cwnd
    0.3750 MB /   0.10 sec =   31.4617 Mbps     0 retrans   1715 KB-cwnd
    0.3750 MB /   0.10 sec =   31.4585 Mbps     0 retrans   1715 KB-cwnd
    0.3125 MB /   0.10 sec =   26.2134 Mbps     0 retrans   1715 KB-cwnd
    0.4375 MB /   0.10 sec =   36.6910 Mbps     0 retrans   1715 KB-cwnd
    0.3750 MB /   0.10 sec =   31.4617 Mbps     0 retrans   1715 KB-cwnd
    0.4375 MB /   0.10 sec =   36.7060 Mbps     0 retrans   1715 KB-cwnd
    0.3750 MB /   0.10 sec =   31.4513 Mbps     0 retrans   1715 KB-cwnd
    0.4375 MB /   0.10 sec =   36.7064 Mbps     0 retrans   1715 KB-cwnd
    0.3125 MB /   0.10 sec =   26.2147 Mbps     0 retrans   1715 KB-cwnd
    0.3125 MB /   0.10 sec =   26.2097 Mbps     0 retrans   1715 KB-cwnd
    0.3125 MB /   0.10 sec =   26.2189 Mbps     0 retrans   1715 KB-cwnd
    0.2500 MB /   0.10 sec =   20.9730 Mbps     0 retrans   1715 KB-cwnd
    0.3125 MB /   0.10 sec =   26.2120 Mbps     0 retrans   1715 KB-cwnd
    0.3125 MB /   0.10 sec =   26.2118 Mbps     0 retrans   1715 KB-cwnd
    0.3125 MB /   0.10 sec =   26.2178 Mbps     0 retrans   1715 KB-cwnd
    0.2500 MB /   0.10 sec =   20.9717 Mbps     0 retrans   1715 KB-cwnd
    0.3750 MB /   0.10 sec =   31.4567 Mbps     0 retrans   1715 KB-cwnd
    0.2500 MB /   0.10 sec =   20.9667 Mbps     0 retrans   1715 KB-cwnd
    0.4375 MB /   0.10 sec =   36.7093 Mbps     0 retrans   1715 KB-cwnd
    0.3125 MB /   0.10 sec =   26.2134 Mbps     0 retrans   1715 KB-cwnd
    0.3125 MB /   0.10 sec =   26.2123 Mbps     0 retrans   1715 KB-cwnd
    0.3125 MB /   0.10 sec =   26.2175 Mbps     0 retrans   1715 KB-cwnd
    0.3750 MB /   0.10 sec =   31.4563 Mbps     0 retrans   1715 KB-cwnd
    0.3125 MB /   0.10 sec =   26.2149 Mbps     0 retrans   1715 KB-cwnd
    0.3125 MB /   0.10 sec =   26.2120 Mbps     0 retrans   1715 KB-cwnd
    0.3125 MB /   0.10 sec =   26.2170 Mbps     0 retrans   1715 KB-cwnd
    0.4375 MB /   0.10 sec =   36.6983 Mbps     0 retrans   1715 KB-cwnd
    0.3750 MB /   0.10 sec =   31.4526 Mbps     0 retrans   1715 KB-cwnd
    0.3125 MB /   0.10 sec =   26.2189 Mbps     0 retrans   1715 KB-cwnd
    0.3750 MB /   0.10 sec =   31.4262 Mbps     0 retrans   1715 KB-cwnd
    0.3750 MB /   0.10 sec =   31.4885 Mbps     0 retrans   1715 KB-cwnd
    0.3750 MB /   0.10 sec =   31.4585 Mbps     0 retrans   1715 KB-cwnd
    0.4375 MB /   0.10 sec =   36.6987 Mbps     0 retrans   1715 KB-cwnd
    0.3750 MB /   0.10 sec =   31.4560 Mbps     0 retrans   1715 KB-cwnd
    0.3750 MB /   0.10 sec =   31.4544 Mbps     0 retrans   1715 KB-cwnd
    0.4375 MB /   0.10 sec =   36.7053 Mbps     0 retrans   1715 KB-cwnd
    0.3125 MB /   0.10 sec =   26.2141 Mbps     0 retrans   1715 KB-cwnd
    0.3750 MB /   0.10 sec =   31.4570 Mbps     0 retrans   1715 KB-cwnd
    0.3750 MB /   0.10 sec =   31.4526 Mbps     0 retrans   1715 KB-cwnd
    0.3125 MB /   0.10 sec =   26.2157 Mbps     0 retrans   1715 KB-cwnd
    0.3125 MB /   0.10 sec =   26.2126 Mbps     0 retrans   1715 KB-cwnd
    0.4375 MB /   0.10 sec =   36.7082 Mbps     0 retrans   1715 KB-cwnd
    0.3750 MB /   0.10 sec =   31.4573 Mbps     0 retrans   1715 KB-cwnd
    0.3750 MB /   0.10 sec =   31.4582 Mbps     0 retrans   1715 KB-cwnd
    0.4375 MB /   0.10 sec =   36.6980 Mbps     0 retrans   1715 KB-cwnd
    0.3125 MB /   0.10 sec =   26.2136 Mbps     0 retrans   1715 KB-cwnd
    0.4375 MB /   0.10 sec =   36.7035 Mbps     0 retrans   1715 KB-cwnd
    0.2500 MB /   0.10 sec =   20.9701 Mbps     0 retrans   1715 KB-cwnd
    0.1875 MB /   0.10 sec =   15.7299 Mbps     0 retrans   1715 KB-cwnd
    0.2500 MB /   0.10 sec =   20.9669 Mbps     0 retrans   1715 KB-cwnd
    0.3750 MB /   0.10 sec =   31.4639 Mbps     0 retrans   1715 KB-cwnd
    0.1250 MB /   0.10 sec =   10.4807 Mbps     0 retrans   1715 KB-cwnd
    0.0625 MB /   0.10 sec =    5.2451 Mbps     0 retrans   1715 KB-cwnd
    0.6250 MB /   0.10 sec =   52.4194 Mbps     0 retrans   1715 KB-cwnd
    0.3125 MB /   0.10 sec =   26.2194 Mbps     0 retrans   1715 KB-cwnd
    0.3750 MB /   0.10 sec =   31.4563 Mbps     0 retrans   1715 KB-cwnd
    0.3125 MB /   0.10 sec =   26.2110 Mbps     0 retrans   1715 KB-cwnd
    0.3750 MB /   0.10 sec =   31.4629 Mbps     0 retrans   1715 KB-cwnd
    0.3125 MB /   0.10 sec =   26.2123 Mbps     0 retrans   1715 KB-cwnd
    0.3750 MB /   0.10 sec =   31.4551 Mbps     0 retrans   1715 KB-cwnd
    0.3750 MB /   0.10 sec =   31.4617 Mbps     0 retrans   1715 KB-cwnd
    0.3125 MB /   0.10 sec =   26.2154 Mbps     0 retrans   1715 KB-cwnd
    0.4375 MB /   0.10 sec =   36.7002 Mbps     0 retrans   1715 KB-cwnd
    0.3125 MB /   0.10 sec =   26.2115 Mbps     0 retrans   1715 KB-cwnd
    0.3125 MB /   0.10 sec =   26.2173 Mbps     0 retrans   1715 KB-cwnd
    0.3125 MB /   0.10 sec =   26.2123 Mbps     0 retrans   1715 KB-cwnd
    0.2500 MB /   0.10 sec =   20.9698 Mbps     0 retrans   1715 KB-cwnd
    0.3125 MB /   0.10 sec =   26.2149 Mbps     0 retrans   1715 KB-cwnd
    0.2500 MB /   0.10 sec =   20.9707 Mbps     0 retrans   1715 KB-cwnd
    0.3125 MB /   0.10 sec =   26.2126 Mbps     0 retrans   1715 KB-cwnd
    0.3125 MB /   0.10 sec =   26.2196 Mbps     0 retrans   1715 KB-cwnd
    0.2500 MB /   0.10 sec =   20.9707 Mbps     0 retrans   1715 KB-cwnd
    0.3125 MB /   0.10 sec =   26.2152 Mbps     0 retrans   1715 KB-cwnd
    0.3125 MB /   0.10 sec =   26.2141 Mbps     0 retrans   1715 KB-cwnd
    0.3125 MB /   0.10 sec =   26.2149 Mbps     0 retrans   1715 KB-cwnd
    0.3125 MB /   0.10 sec =   26.2144 Mbps     0 retrans   1715 KB-cwnd
    0.2500 MB /   0.10 sec =   20.9713 Mbps     0 retrans   1715 KB-cwnd
    0.2500 MB /   0.10 sec =   20.9717 Mbps     0 retrans   1715 KB-cwnd
    0.3125 MB /   0.10 sec =   26.2141 Mbps     0 retrans   1715 KB-cwnd
    0.2500 MB /   0.10 sec =   20.9719 Mbps     0 retrans   1715 KB-cwnd
    0.1875 MB /   0.10 sec =   15.7285 Mbps     0 retrans   1715 KB-cwnd
    0.3125 MB /   0.10 sec =   26.2139 Mbps     0 retrans   1715 KB-cwnd
    0.1875 MB /   0.10 sec =   15.7264 Mbps     0 retrans   1715 KB-cwnd
    0.2500 MB /   0.10 sec =   20.9742 Mbps     0 retrans   1715 KB-cwnd
    0.1875 MB /   0.10 sec =   15.7285 Mbps     0 retrans   1715 KB-cwnd
    0.2500 MB /   0.10 sec =   20.9713 Mbps     0 retrans   1715 KB-cwnd
    0.3125 MB /   0.10 sec =   26.2134 Mbps     0 retrans   1715 KB-cwnd
    0.2500 MB /   0.10 sec =   20.9692 Mbps     0 retrans   1715 KB-cwnd
    0.3125 MB /   0.10 sec =   26.2189 Mbps     0 retrans   1715 KB-cwnd
    0.2500 MB /   0.10 sec =   20.9713 Mbps     0 retrans   1715 KB-cwnd
    0.2500 MB /   0.10 sec =   20.9719 Mbps     0 retrans   1715 KB-cwnd
    0.3125 MB /   0.10 sec =   26.2068 Mbps     0 retrans   1715 KB-cwnd
    0.1875 MB /   0.10 sec =   15.7324 Mbps     0 retrans   1715 KB-cwnd
    0.3125 MB /   0.10 sec =   26.2162 Mbps     0 retrans   1715 KB-cwnd
    0.3125 MB /   0.10 sec =   26.2102 Mbps     0 retrans   1715 KB-cwnd
    0.3125 MB /   0.10 sec =   26.2160 Mbps     0 retrans   1715 KB-cwnd
    0.3125 MB /   0.10 sec =   26.2147 Mbps     0 retrans   1715 KB-cwnd
    0.3125 MB /   0.10 sec =   26.2160 Mbps     0 retrans   1715 KB-cwnd
    0.3750 MB /   0.10 sec =   31.4522 Mbps     0 retrans   1715 KB-cwnd
    0.3125 MB /   0.10 sec =   26.1822 Mbps     0 retrans   1715 KB-cwnd
    0.2500 MB /   0.10 sec =   20.9976 Mbps     0 retrans   1715 KB-cwnd
    0.3125 MB /   0.10 sec =   26.2186 Mbps     0 retrans   1715 KB-cwnd
    0.3750 MB /   0.10 sec =   31.4576 Mbps     0 retrans   1715 KB-cwnd
    0.1875 MB /   0.10 sec =   15.7269 Mbps     0 retrans   1715 KB-cwnd
    0.3125 MB /   0.10 sec =   26.2165 Mbps     0 retrans   1715 KB-cwnd
    0.2500 MB /   0.10 sec =   20.9719 Mbps     0 retrans   1715 KB-cwnd
    0.3125 MB /   0.10 sec =   26.2136 Mbps     0 retrans   1715 KB-cwnd
    0.1875 MB /   0.10 sec =   15.7286 Mbps     0 retrans   1715 KB-cwnd
    0.1250 MB /   0.10 sec =   10.4856 Mbps     0 retrans   1715 KB-cwnd
    0.1875 MB /   0.10 sec =   15.7297 Mbps     0 retrans   1715 KB-cwnd
    0.3750 MB /   0.10 sec =   31.4576 Mbps     0 retrans   1715 KB-cwnd
    0.2500 MB /   0.10 sec =   20.9701 Mbps     0 retrans   1715 KB-cwnd
    0.1875 MB /   0.10 sec =   15.7283 Mbps     0 retrans   1715 KB-cwnd
    0.3125 MB /   0.10 sec =   26.2168 Mbps     0 retrans   1715 KB-cwnd
    0.3125 MB /   0.10 sec =   26.2139 Mbps     0 retrans   1715 KB-cwnd
    0.1250 MB /   0.10 sec =   10.4813 Mbps     0 retrans   1715 KB-cwnd
    0.3750 MB /   0.10 sec =   31.4686 Mbps     0 retrans   1715 KB-cwnd
    0.2500 MB /   0.10 sec =   20.9724 Mbps     0 retrans   1715 KB-cwnd
    0.3125 MB /   0.10 sec =   26.2094 Mbps     0 retrans   1715 KB-cwnd
    0.2500 MB /   0.10 sec =   20.9759 Mbps     0 retrans   1715 KB-cwnd
    0.3125 MB /   0.10 sec =   26.2141 Mbps     0 retrans   1715 KB-cwnd
    0.2500 MB /   0.10 sec =   20.9694 Mbps     0 retrans   1715 KB-cwnd
    0.3125 MB /   0.10 sec =   26.2115 Mbps     0 retrans   1715 KB-cwnd
    0.1250 MB /   0.10 sec =   10.4876 Mbps     0 retrans   1715 KB-cwnd
    0.4375 MB /   0.10 sec =   36.6954 Mbps     0 retrans   1715 KB-cwnd
    0.0625 MB /   0.10 sec =    5.2424 Mbps     0 retrans   1715 KB-cwnd
    0.4375 MB /   0.10 sec =   36.7086 Mbps     0 retrans   1715 KB-cwnd
    0.1250 MB /   0.10 sec =   10.4819 Mbps     0 retrans   1715 KB-cwnd
    0.0000 MB /   0.10 sec =    0.0000 Mbps     0 retrans   1715 KB-cwnd
    0.6875 MB /   0.10 sec =   57.6601 Mbps     0 retrans   1715 KB-cwnd
    0.4375 MB /   0.10 sec =   36.7079 Mbps     0 retrans   1715 KB-cwnd
    0.2500 MB /   0.10 sec =   20.9680 Mbps     0 retrans   1715 KB-cwnd
    0.3125 MB /   0.10 sec =   26.2165 Mbps     0 retrans   1715 KB-cwnd
    0.1875 MB /   0.10 sec =   15.7299 Mbps     0 retrans   1715 KB-cwnd
    0.1875 MB /   0.10 sec =   15.7290 Mbps     0 retrans   1715 KB-cwnd
    0.1875 MB /   0.10 sec =   15.7279 Mbps     0 retrans   1715 KB-cwnd
    0.2500 MB /   0.10 sec =   20.9726 Mbps     0 retrans   1715 KB-cwnd
    0.1875 MB /   0.10 sec =   15.7282 Mbps     0 retrans   1715 KB-cwnd
    0.1250 MB /   0.10 sec =   10.4854 Mbps     0 retrans   1715 KB-cwnd
    0.1875 MB /   0.10 sec =   15.7296 Mbps     0 retrans   1715 KB-cwnd
    0.1875 MB /   0.10 sec =   15.7266 Mbps     0 retrans   1715 KB-cwnd
    0.2500 MB /   0.10 sec =   20.9738 Mbps     0 retrans   1715 KB-cwnd
    0.2500 MB /   0.10 sec =   20.9719 Mbps     0 retrans   1715 KB-cwnd
    0.3125 MB /   0.10 sec =   26.2102 Mbps     0 retrans   1715 KB-cwnd
    0.1875 MB /   0.10 sec =   15.7290 Mbps     0 retrans   1715 KB-cwnd
    0.1250 MB /   0.10 sec =   10.4869 Mbps     0 retrans   1715 KB-cwnd
    0.1875 MB /   0.10 sec =   15.7280 Mbps     0 retrans   1715 KB-cwnd
    0.1250 MB /   0.10 sec =   10.4866 Mbps     0 retrans   1715 KB-cwnd
    0.1875 MB /   0.10 sec =   15.7274 Mbps     0 retrans   1715 KB-cwnd
    0.1250 MB /   0.10 sec =   10.4860 Mbps     0 retrans   1715 KB-cwnd
    0.2500 MB /   0.10 sec =   20.9677 Mbps     0 retrans   1715 KB-cwnd
    0.3125 MB /   0.10 sec =   26.2175 Mbps     0 retrans   1715 KB-cwnd
    0.5000 MB /   0.10 sec =   41.9485 Mbps     0 retrans   1715 KB-cwnd
    0.3750 MB /   0.10 sec =   31.4557 Mbps     0 retrans   1715 KB-cwnd
    0.3750 MB /   0.10 sec =   31.4589 Mbps     0 retrans   1715 KB-cwnd
    0.4375 MB /   0.10 sec =   36.6958 Mbps     0 retrans   1715 KB-cwnd
    0.3750 MB /   0.10 sec =   31.4601 Mbps     0 retrans   1715 KB-cwnd
    0.4375 MB /   0.10 sec =   36.7013 Mbps     0 retrans   1715 KB-cwnd
    0.3750 MB /   0.10 sec =   31.4513 Mbps     0 retrans   1715 KB-cwnd
    0.3125 MB /   0.10 sec =   26.2162 Mbps     0 retrans   1715 KB-cwnd
    0.2500 MB /   0.10 sec =   20.9673 Mbps     0 retrans   1715 KB-cwnd
    0.3125 MB /   0.10 sec =   26.2223 Mbps     0 retrans   1715 KB-cwnd
    0.2500 MB /   0.10 sec =   20.9721 Mbps     0 retrans   1715 KB-cwnd
    0.3125 MB /   0.10 sec =   26.2123 Mbps     0 retrans   1715 KB-cwnd
    0.3750 MB /   0.10 sec =   31.4570 Mbps     0 retrans   1715 KB-cwnd
    0.4375 MB /   0.10 sec =   36.7020 Mbps     0 retrans   1715 KB-cwnd
    0.4375 MB /   0.10 sec =   36.6976 Mbps     0 retrans   1715 KB-cwnd
    0.4375 MB /   0.10 sec =   36.7020 Mbps     0 retrans   1715 KB-cwnd
    0.3750 MB /   0.10 sec =   31.4554 Mbps     0 retrans   1715 KB-cwnd
    0.2500 MB /   0.10 sec =   20.9728 Mbps     0 retrans   1715 KB-cwnd
    0.5000 MB /   0.10 sec =   41.9451 Mbps     0 retrans   1715 KB-cwnd
    0.3750 MB /   0.10 sec =   31.4500 Mbps     0 retrans   1715 KB-cwnd
    0.2500 MB /   0.10 sec =   20.9707 Mbps     0 retrans   1715 KB-cwnd
    0.3750 MB /   0.10 sec =   31.4629 Mbps     0 retrans   1715 KB-cwnd
    0.3125 MB /   0.10 sec =   26.2141 Mbps     0 retrans   1715 KB-cwnd
    0.2500 MB /   0.10 sec =   20.9709 Mbps     0 retrans   1715 KB-cwnd
    0.4375 MB /   0.10 sec =   36.7024 Mbps     0 retrans   1715 KB-cwnd
    0.3750 MB /   0.10 sec =   31.4554 Mbps     0 retrans   1715 KB-cwnd
    0.3750 MB /   0.10 sec =   31.4607 Mbps     0 retrans   1715 KB-cwnd
    0.3125 MB /   0.10 sec =   26.2139 Mbps     0 retrans   1715 KB-cwnd
    0.2500 MB /   0.10 sec =   20.9709 Mbps     0 retrans   1715 KB-cwnd
    0.5000 MB /   0.10 sec =   41.9397 Mbps     0 retrans   1715 KB-cwnd
    0.4375 MB /   0.10 sec =   36.7046 Mbps     0 retrans   1715 KB-cwnd
    0.3125 MB /   0.10 sec =   26.2128 Mbps     0 retrans   1715 KB-cwnd
    0.4375 MB /   0.10 sec =   36.7009 Mbps     0 retrans   1715 KB-cwnd
    0.4375 MB /   0.10 sec =   36.7009 Mbps     0 retrans   1715 KB-cwnd
    0.3750 MB /   0.10 sec =   31.4557 Mbps     0 retrans   1715 KB-cwnd
    0.4375 MB /   0.10 sec =   36.7024 Mbps     0 retrans   1715 KB-cwnd
    0.5000 MB /   0.10 sec =   41.9388 Mbps     0 retrans   1715 KB-cwnd
    0.4375 MB /   0.10 sec =   36.6884 Mbps     0 retrans   1715 KB-cwnd
    0.3125 MB /   0.10 sec =   26.2212 Mbps     0 retrans   1715 KB-cwnd
    0.4375 MB /   0.10 sec =   36.7064 Mbps     0 retrans   1715 KB-cwnd
    0.5000 MB /   0.10 sec =   41.9401 Mbps     0 retrans   1715 KB-cwnd
    0.5000 MB /   0.10 sec =   41.9468 Mbps     0 retrans   1715 KB-cwnd
    0.5000 MB /   0.10 sec =   41.9426 Mbps     0 retrans   1715 KB-cwnd
    0.4375 MB /   0.10 sec =   36.6925 Mbps     0 retrans   1715 KB-cwnd
    0.5000 MB /   0.10 sec =   41.9502 Mbps     0 retrans   1715 KB-cwnd
    0.3750 MB /   0.10 sec =   31.4582 Mbps     0 retrans   1715 KB-cwnd
    0.3750 MB /   0.10 sec =   31.4557 Mbps     0 retrans   1715 KB-cwnd
    0.3125 MB /   0.10 sec =   26.2144 Mbps     0 retrans   1715 KB-cwnd
    0.4375 MB /   0.10 sec =   36.6943 Mbps     0 retrans   1715 KB-cwnd
    0.3125 MB /   0.10 sec =   26.2154 Mbps     0 retrans   1715 KB-cwnd
    0.3750 MB /   0.10 sec =   31.4626 Mbps     0 retrans   1715 KB-cwnd
    0.3125 MB /   0.10 sec =   26.2139 Mbps     0 retrans   1715 KB-cwnd
    0.1250 MB /   0.10 sec =   10.4665 Mbps     0 retrans   1715 KB-cwnd
    0.5000 MB /   0.10 sec =   42.0090 Mbps     0 retrans   1715 KB-cwnd
    0.5000 MB /   0.10 sec =   41.9539 Mbps     0 retrans   1715 KB-cwnd
    0.3125 MB /   0.10 sec =   26.2128 Mbps     0 retrans   1715 KB-cwnd
    0.5000 MB /   0.10 sec =   41.9468 Mbps     0 retrans   1715 KB-cwnd
    0.4375 MB /   0.10 sec =   36.6987 Mbps     0 retrans   1715 KB-cwnd
    0.3750 MB /   0.10 sec =   31.4585 Mbps     0 retrans   1715 KB-cwnd
    0.3750 MB /   0.10 sec =   31.4567 Mbps     0 retrans   1715 KB-cwnd
    0.0625 MB /   0.10 sec =    5.2406 Mbps     0 retrans   1715 KB-cwnd
nuttcp-t: 114.7297 MB in 30.00 real seconds = 3916.09 KB/sec = 32.0806 Mbps
nuttcp-t: retrans = 0 cwnd = 1715 KB
nuttcp-t: 1836 I/O calls, msec/call = 16.73, calls/sec = 61.20
nuttcp-t: 0.0user 0.0sys 0:30real 0% 0i+0d 1352maxrss 0+1pf 9+0csw

nuttcp-r: 114.7297 MB in 36.81 real seconds = 3192.01 KB/sec = 26.1490 Mbps
nuttcp-r: 22649 I/O calls, msec/call = 1.66, calls/sec = 615.37
nuttcp-r: 0.0user 0.3sys 0:36real 1% 0i+0d 100maxrss 0+15pf 20839+4csw
