1660513484605
nuttcp-t: v8.1.4: socket
nuttcp-t: buflen=65536, nstream=1, port=5005 tcp -> 3.19.94.93
nuttcp-t: time limit = 30.00 seconds
nuttcp-t: connect to 3.19.94.93 with mss=1384, RTT=55.908 ms af=inet
nuttcp-t: send window size = 33554432, receive window size = 4194304
nuttcp-t: available send window = 25165824, available receive window = 3145728
nuttcp-t: initial congestion window = 13 KB (10 packets)
nuttcp-r: Warning: receive window size 25000000 < requested window size 26214400
nuttcp-r: v6.1.2: socket
nuttcp-r: buflen=65536, nstream=1, port=5005 tcp
nuttcp-r: interval reporting every 0.10 seconds
nuttcp-r: accept from 172.58.123.134
nuttcp-r: send window size = 25000000, receive window size = 50000000
nuttcp-r: available send window = 12500000, available receive window = 25000000
    0.0000 MB /   0.10 sec =    0.0000 Mbps     0 retrans   2831 KB-cwnd
    0.0625 MB /   0.10 sec =    5.2450 Mbps     0 retrans   2831 KB-cwnd
    0.1250 MB /   0.10 sec =   10.4833 Mbps     0 retrans   2831 KB-cwnd
    0.3125 MB /   0.10 sec =   26.2210 Mbps     0 retrans   2831 KB-cwnd
    0.3750 MB /   0.10 sec =   31.4557 Mbps     0 retrans   2831 KB-cwnd
    0.3125 MB /   0.10 sec =   26.2154 Mbps     0 retrans   2831 KB-cwnd
    0.1875 MB /   0.10 sec =   15.7279 Mbps     0 retrans   2831 KB-cwnd
    0.2500 MB /   0.10 sec =   20.9730 Mbps     0 retrans   2831 KB-cwnd
    0.2500 MB /   0.10 sec =   20.9659 Mbps     0 retrans   2831 KB-cwnd
    0.3125 MB /   0.10 sec =   26.2204 Mbps     0 retrans   2831 KB-cwnd
    0.0625 MB /   0.10 sec =    5.2405 Mbps     0 retrans   2831 KB-cwnd
    0.2500 MB /   0.10 sec =   20.9814 Mbps     0 retrans   2831 KB-cwnd
    1.1250 MB /   0.10 sec =   94.3728 Mbps     0 retrans   2831 KB-cwnd
    1.0625 MB /   0.10 sec =   89.1138 Mbps     0 retrans   2831 KB-cwnd
    1.2500 MB /   0.10 sec =  104.8702 Mbps     0 retrans   2831 KB-cwnd
    0.6250 MB /   0.10 sec =   52.4136 Mbps     0 retrans   2831 KB-cwnd
    1.1250 MB /   0.10 sec =   94.3681 Mbps     0 retrans   2831 KB-cwnd
    1.0625 MB /   0.10 sec =   89.1611 Mbps     0 retrans   2831 KB-cwnd
    1.0625 MB /   0.10 sec =   89.1290 Mbps     0 retrans   2831 KB-cwnd
    1.1875 MB /   0.10 sec =   99.6177 Mbps     0 retrans   2831 KB-cwnd
    1.0625 MB /   0.10 sec =   89.1227 Mbps     0 retrans   2831 KB-cwnd
    0.9375 MB /   0.10 sec =   78.6479 Mbps     0 retrans   2831 KB-cwnd
    1.0625 MB /   0.10 sec =   89.1281 Mbps     0 retrans   2831 KB-cwnd
    1.0625 MB /   0.10 sec =   89.1245 Mbps     0 retrans   2831 KB-cwnd
    1.0625 MB /   0.10 sec =   89.1361 Mbps     0 retrans   2831 KB-cwnd
    1.0625 MB /   0.10 sec =   89.1245 Mbps     0 retrans   2831 KB-cwnd
    1.1875 MB /   0.10 sec =   99.6197 Mbps     0 retrans   2831 KB-cwnd
    1.1250 MB /   0.10 sec =   94.3709 Mbps     0 retrans   2831 KB-cwnd
    1.1875 MB /   0.10 sec =   99.6157 Mbps     0 retrans   2831 KB-cwnd
    1.1875 MB /   0.10 sec =   99.6127 Mbps     0 retrans   2831 KB-cwnd
    1.0625 MB /   0.10 sec =   89.1299 Mbps     0 retrans   2831 KB-cwnd
    1.1875 MB /   0.10 sec =   99.6157 Mbps     0 retrans   2831 KB-cwnd
    1.0625 MB /   0.10 sec =   89.1281 Mbps     0 retrans   2831 KB-cwnd
    1.1250 MB /   0.10 sec =   94.3690 Mbps     0 retrans   2831 KB-cwnd
    1.2500 MB /   0.10 sec =  104.8576 Mbps     0 retrans   2831 KB-cwnd
    1.0625 MB /   0.10 sec =   89.0898 Mbps     0 retrans   2831 KB-cwnd
    1.2500 MB /   0.10 sec =  104.9069 Mbps     0 retrans   2831 KB-cwnd
    1.1250 MB /   0.10 sec =   94.3700 Mbps     0 retrans   2831 KB-cwnd
    1.1875 MB /   0.10 sec =   97.2724 Mbps     0 retrans   2831 KB-cwnd
    1.1875 MB /   0.10 sec =  101.4345 Mbps     0 retrans   2831 KB-cwnd
    1.1250 MB /   0.10 sec =   94.9558 Mbps     0 retrans   2831 KB-cwnd
    1.1250 MB /   0.10 sec =   94.3681 Mbps     0 retrans   2831 KB-cwnd
    1.1875 MB /   0.10 sec =   99.6197 Mbps     0 retrans   2831 KB-cwnd
    1.0625 MB /   0.10 sec =   89.1281 Mbps     0 retrans   2831 KB-cwnd
    1.0000 MB /   0.10 sec =   83.8911 Mbps     0 retrans   2831 KB-cwnd
    1.0000 MB /   0.10 sec =   83.8819 Mbps     0 retrans   2831 KB-cwnd
    1.0000 MB /   0.10 sec =   83.8567 Mbps     0 retrans   2831 KB-cwnd
    1.0625 MB /   0.10 sec =   89.1290 Mbps     0 retrans   2831 KB-cwnd
    1.2500 MB /   0.10 sec =  104.8691 Mbps     0 retrans   2831 KB-cwnd
    1.1875 MB /   0.10 sec =   99.6366 Mbps     0 retrans   2831 KB-cwnd
    1.1875 MB /   0.10 sec =   99.6127 Mbps     0 retrans   2831 KB-cwnd
    1.2500 MB /   0.10 sec =  104.8576 Mbps     0 retrans   2831 KB-cwnd
    1.1875 MB /   0.10 sec =   99.5968 Mbps     0 retrans   2831 KB-cwnd
    1.1875 MB /   0.10 sec =   99.6297 Mbps     0 retrans   2831 KB-cwnd
    1.0000 MB /   0.10 sec =   83.8400 Mbps     0 retrans   2831 KB-cwnd
    1.2500 MB /   0.10 sec =  104.9206 Mbps     0 retrans   2831 KB-cwnd
    1.0625 MB /   0.10 sec =   89.1316 Mbps     0 retrans   2831 KB-cwnd
    1.1250 MB /   0.10 sec =   94.3700 Mbps     0 retrans   2831 KB-cwnd
    1.1875 MB /   0.10 sec =   99.6167 Mbps     0 retrans   2831 KB-cwnd
    0.9375 MB /   0.10 sec =   78.6393 Mbps     0 retrans   2831 KB-cwnd
    1.2500 MB /   0.10 sec =  104.8534 Mbps     0 retrans   2831 KB-cwnd
    1.0625 MB /   0.10 sec =   89.1316 Mbps     0 retrans   2831 KB-cwnd
    1.0625 MB /   0.10 sec =   89.1325 Mbps     0 retrans   2831 KB-cwnd
    1.1875 MB /   0.10 sec =   99.4834 Mbps     0 retrans   2831 KB-cwnd
    0.8750 MB /   0.10 sec =   73.4834 Mbps     0 retrans   2831 KB-cwnd
    1.0000 MB /   0.10 sec =   83.8970 Mbps     0 retrans   2831 KB-cwnd
    1.0000 MB /   0.10 sec =   83.8945 Mbps     0 retrans   2831 KB-cwnd
    1.1875 MB /   0.10 sec =   99.6127 Mbps     0 retrans   2831 KB-cwnd
    1.0625 MB /   0.10 sec =   89.1254 Mbps     0 retrans   2831 KB-cwnd
    1.0625 MB /   0.10 sec =   89.1299 Mbps     0 retrans   2831 KB-cwnd
    1.1250 MB /   0.10 sec =   94.3520 Mbps     0 retrans   2831 KB-cwnd
    1.0625 MB /   0.10 sec =   89.1459 Mbps     0 retrans   2831 KB-cwnd
    1.1875 MB /   0.10 sec =   99.6207 Mbps     0 retrans   2831 KB-cwnd
    0.9375 MB /   0.10 sec =   78.6408 Mbps     0 retrans   2831 KB-cwnd
    1.0000 MB /   0.10 sec =   83.8065 Mbps     0 retrans   2831 KB-cwnd
    1.1250 MB /   0.10 sec =   94.4578 Mbps     0 retrans   2831 KB-cwnd
    1.0000 MB /   0.10 sec =   83.8920 Mbps     0 retrans   2831 KB-cwnd
    1.1875 MB /   0.10 sec =   99.5938 Mbps     0 retrans   2831 KB-cwnd
    1.1250 MB /   0.10 sec =   94.3888 Mbps     0 retrans   2831 KB-cwnd
    0.9375 MB /   0.10 sec =   78.6243 Mbps     0 retrans   2831 KB-cwnd
    1.3125 MB /   0.10 sec =  110.1247 Mbps     0 retrans   2831 KB-cwnd
    1.0000 MB /   0.10 sec =   83.8861 Mbps     0 retrans   2831 KB-cwnd
    1.1875 MB /   0.10 sec =   99.6147 Mbps     0 retrans   2831 KB-cwnd
    1.1875 MB /   0.10 sec =   99.6147 Mbps     0 retrans   2831 KB-cwnd
    1.1875 MB /   0.10 sec =   99.5082 Mbps     0 retrans   2831 KB-cwnd
    1.0000 MB /   0.10 sec =   83.9776 Mbps     0 retrans   2831 KB-cwnd
    0.9375 MB /   0.10 sec =   78.6180 Mbps     0 retrans   2831 KB-cwnd
    1.0625 MB /   0.10 sec =   89.1254 Mbps     0 retrans   2831 KB-cwnd
    1.1875 MB /   0.10 sec =   99.6506 Mbps     0 retrans   2831 KB-cwnd
    1.0625 MB /   0.10 sec =   89.1299 Mbps     0 retrans   2831 KB-cwnd
    1.2500 MB /   0.10 sec =  104.8566 Mbps     0 retrans   2831 KB-cwnd
    1.2500 MB /   0.10 sec =  104.8586 Mbps     0 retrans   2831 KB-cwnd
    1.1875 MB /   0.10 sec =   99.6077 Mbps     0 retrans   2831 KB-cwnd
    1.1250 MB /   0.10 sec =   94.3737 Mbps     0 retrans   2831 KB-cwnd
    1.1250 MB /   0.10 sec =   94.3747 Mbps     0 retrans   2831 KB-cwnd
    1.1250 MB /   0.10 sec =   94.3728 Mbps     0 retrans   2831 KB-cwnd
    1.1250 MB /   0.10 sec =   94.3709 Mbps     0 retrans   2831 KB-cwnd
    1.1875 MB /   0.10 sec =   99.6097 Mbps     0 retrans   2831 KB-cwnd
    1.2500 MB /   0.10 sec =  104.8649 Mbps     0 retrans   2831 KB-cwnd
    1.1250 MB /   0.10 sec =   94.3709 Mbps     0 retrans   2831 KB-cwnd
    1.1250 MB /   0.10 sec =   94.3662 Mbps     0 retrans   2831 KB-cwnd
    1.1250 MB /   0.10 sec =   94.3813 Mbps     0 retrans   2831 KB-cwnd
    0.8750 MB /   0.10 sec =   73.3600 Mbps     0 retrans   2831 KB-cwnd
    1.1250 MB /   0.10 sec =   94.4200 Mbps     0 retrans   2831 KB-cwnd
    0.8750 MB /   0.10 sec =   73.3856 Mbps     0 retrans   2831 KB-cwnd
    1.1250 MB /   0.10 sec =   94.3087 Mbps     0 retrans   2831 KB-cwnd
    1.0625 MB /   0.10 sec =   89.1218 Mbps     0 retrans   2831 KB-cwnd
    1.1250 MB /   0.10 sec =   94.4427 Mbps     0 retrans   2831 KB-cwnd
    1.0000 MB /   0.10 sec =   83.9029 Mbps     0 retrans   2831 KB-cwnd
    1.0000 MB /   0.10 sec =   83.8685 Mbps     0 retrans   2831 KB-cwnd
    1.0000 MB /   0.10 sec =   83.8810 Mbps     0 retrans   2831 KB-cwnd
    1.0000 MB /   0.10 sec =   83.9121 Mbps     0 retrans   2831 KB-cwnd
    0.9375 MB /   0.10 sec =   78.6235 Mbps     0 retrans   2831 KB-cwnd
    1.0625 MB /   0.10 sec =   89.1423 Mbps     0 retrans   2831 KB-cwnd
    1.0625 MB /   0.10 sec =   89.1334 Mbps     0 retrans   2831 KB-cwnd
    0.8125 MB /   0.10 sec =   68.1595 Mbps     0 retrans   2831 KB-cwnd
    1.0625 MB /   0.10 sec =   89.1236 Mbps     0 retrans   2831 KB-cwnd
    0.6250 MB /   0.10 sec =   52.4209 Mbps     0 retrans   2831 KB-cwnd
    0.8125 MB /   0.10 sec =   68.1677 Mbps     0 retrans   2831 KB-cwnd
    0.8750 MB /   0.10 sec =   73.3856 Mbps     0 retrans   2831 KB-cwnd
    0.9375 MB /   0.10 sec =   78.6401 Mbps     0 retrans   2831 KB-cwnd
    1.0000 MB /   0.10 sec =   83.9071 Mbps     0 retrans   2831 KB-cwnd
    0.8125 MB /   0.10 sec =   68.1424 Mbps     0 retrans   2831 KB-cwnd
    0.9375 MB /   0.10 sec =   78.6589 Mbps     0 retrans   2831 KB-cwnd
    1.0000 MB /   0.10 sec =   83.8878 Mbps     0 retrans   2831 KB-cwnd
    0.7500 MB /   0.10 sec =   62.8969 Mbps     0 retrans   2831 KB-cwnd
    0.8750 MB /   0.10 sec =   73.4216 Mbps     0 retrans   2831 KB-cwnd
    1.0000 MB /   0.10 sec =   83.8584 Mbps     0 retrans   2831 KB-cwnd
    1.0625 MB /   0.10 sec =   89.1611 Mbps     0 retrans   2831 KB-cwnd
    0.9375 MB /   0.10 sec =   78.6188 Mbps     0 retrans   2831 KB-cwnd
    1.0625 MB /   0.10 sec =   89.1299 Mbps     0 retrans   2831 KB-cwnd
    1.0000 MB /   0.10 sec =   83.9062 Mbps     0 retrans   2831 KB-cwnd
    1.0000 MB /   0.10 sec =   83.8920 Mbps     0 retrans   2831 KB-cwnd
    1.0000 MB /   0.10 sec =   83.8819 Mbps     0 retrans   2831 KB-cwnd
    0.8750 MB /   0.10 sec =   73.4040 Mbps     0 retrans   2831 KB-cwnd
    0.8125 MB /   0.10 sec =   68.1390 Mbps     0 retrans   2831 KB-cwnd
    0.8125 MB /   0.10 sec =   68.1758 Mbps     0 retrans   2831 KB-cwnd
    0.8125 MB /   0.10 sec =   68.1384 Mbps     0 retrans   2831 KB-cwnd
    1.0000 MB /   0.10 sec =   83.9062 Mbps     0 retrans   2831 KB-cwnd
    0.8125 MB /   0.10 sec =   68.1356 Mbps     0 retrans   2831 KB-cwnd
    1.0000 MB /   0.10 sec =   83.6919 Mbps     0 retrans   2831 KB-cwnd
    0.9375 MB /   0.10 sec =   78.8537 Mbps     0 retrans   2831 KB-cwnd
    0.9375 MB /   0.10 sec =   78.5796 Mbps     0 retrans   2831 KB-cwnd
    1.1250 MB /   0.10 sec =   94.1825 Mbps     0 retrans   2831 KB-cwnd
    1.1250 MB /   0.10 sec =   94.6368 Mbps     0 retrans   2831 KB-cwnd
    0.8125 MB /   0.10 sec =   68.1554 Mbps     0 retrans   2831 KB-cwnd
    0.8750 MB /   0.10 sec =   73.4033 Mbps     0 retrans   2831 KB-cwnd
    0.9375 MB /   0.10 sec =   78.6180 Mbps     0 retrans   2831 KB-cwnd
    1.1250 MB /   0.10 sec =   94.4058 Mbps     0 retrans   2831 KB-cwnd
    0.9375 MB /   0.10 sec =   78.6251 Mbps     0 retrans   2831 KB-cwnd
    1.0000 MB /   0.10 sec =   83.8978 Mbps     0 retrans   2831 KB-cwnd
    1.0625 MB /   0.10 sec =   89.1022 Mbps     0 retrans   2831 KB-cwnd
    0.9375 MB /   0.10 sec =   78.6699 Mbps     0 retrans   2831 KB-cwnd
    0.8750 MB /   0.10 sec =   73.3974 Mbps     0 retrans   2831 KB-cwnd
    1.0000 MB /   0.10 sec =   83.8886 Mbps     0 retrans   2831 KB-cwnd
    1.0000 MB /   0.10 sec =   83.8869 Mbps     0 retrans   2831 KB-cwnd
    0.7500 MB /   0.10 sec =   62.8932 Mbps     0 retrans   2831 KB-cwnd
    0.8750 MB /   0.10 sec =   73.4231 Mbps     0 retrans   2831 KB-cwnd
    0.7500 MB /   0.10 sec =   62.8812 Mbps     0 retrans   2831 KB-cwnd
    1.0000 MB /   0.10 sec =   83.9331 Mbps     0 retrans   2831 KB-cwnd
    1.0000 MB /   0.10 sec =   83.8861 Mbps     0 retrans   2831 KB-cwnd
    0.6875 MB /   0.10 sec =   57.6711 Mbps     0 retrans   2831 KB-cwnd
    0.8125 MB /   0.10 sec =   68.1588 Mbps     0 retrans   2831 KB-cwnd
    0.8125 MB /   0.10 sec =   68.1534 Mbps     0 retrans   2831 KB-cwnd
    0.8125 MB /   0.10 sec =   68.1486 Mbps     0 retrans   2831 KB-cwnd
    0.8125 MB /   0.10 sec =   68.1663 Mbps     0 retrans   2831 KB-cwnd
    1.0000 MB /   0.10 sec =   83.8911 Mbps     0 retrans   2831 KB-cwnd
    0.8750 MB /   0.10 sec =   73.3827 Mbps     0 retrans   2831 KB-cwnd
    1.0625 MB /   0.10 sec =   89.1468 Mbps     0 retrans   2831 KB-cwnd
    1.0000 MB /   0.10 sec =   83.8634 Mbps     0 retrans   2831 KB-cwnd
    0.7500 MB /   0.10 sec =   62.9183 Mbps     0 retrans   2831 KB-cwnd
    0.9375 MB /   0.10 sec =   78.5529 Mbps     0 retrans   2831 KB-cwnd
    0.7500 MB /   0.10 sec =   62.9895 Mbps     0 retrans   2831 KB-cwnd
    0.9375 MB /   0.10 sec =   78.6597 Mbps     0 retrans   2831 KB-cwnd
    0.8125 MB /   0.10 sec =   68.1588 Mbps     0 retrans   2831 KB-cwnd
    0.8125 MB /   0.10 sec =   68.1336 Mbps     0 retrans   2831 KB-cwnd
    0.8125 MB /   0.10 sec =   68.1786 Mbps     0 retrans   2831 KB-cwnd
    0.9375 MB /   0.10 sec =   78.6432 Mbps     0 retrans   2831 KB-cwnd
    1.0625 MB /   0.10 sec =   89.1138 Mbps     0 retrans   2831 KB-cwnd
    0.7500 MB /   0.10 sec =   62.9246 Mbps     0 retrans   2831 KB-cwnd
    0.8125 MB /   0.10 sec =   68.1336 Mbps     0 retrans   2831 KB-cwnd
    0.8750 MB /   0.10 sec =   73.4260 Mbps     0 retrans   2831 KB-cwnd
    0.6250 MB /   0.10 sec =   52.4162 Mbps     0 retrans   2831 KB-cwnd
    0.9375 MB /   0.10 sec =   78.6613 Mbps     0 retrans   2831 KB-cwnd
    0.7500 MB /   0.10 sec =   62.9177 Mbps     0 retrans   2831 KB-cwnd
    0.9375 MB /   0.10 sec =   78.6385 Mbps     0 retrans   2831 KB-cwnd
    1.1250 MB /   0.10 sec =   94.2559 Mbps     0 retrans   2831 KB-cwnd
    1.0000 MB /   0.10 sec =   83.9600 Mbps     0 retrans   2831 KB-cwnd
    1.0625 MB /   0.10 sec =   89.1628 Mbps     0 retrans   2831 KB-cwnd
    1.0625 MB /   0.10 sec =   89.0907 Mbps     0 retrans   2831 KB-cwnd
    0.9375 MB /   0.10 sec =   78.6550 Mbps     0 retrans   2831 KB-cwnd
    1.0625 MB /   0.10 sec =   88.9457 Mbps     0 retrans   2831 KB-cwnd
    1.0000 MB /   0.10 sec =   84.0677 Mbps     0 retrans   2831 KB-cwnd
    1.0000 MB /   0.10 sec =   83.9062 Mbps     0 retrans   2831 KB-cwnd
    0.9375 MB /   0.10 sec =   78.6408 Mbps     0 retrans   2831 KB-cwnd
    0.8750 MB /   0.10 sec =   73.3761 Mbps     0 retrans   2831 KB-cwnd
    1.0000 MB /   0.10 sec =   83.8961 Mbps     0 retrans   2831 KB-cwnd
    1.0000 MB /   0.10 sec =   83.8978 Mbps     0 retrans   2831 KB-cwnd
    0.9375 MB /   0.10 sec =   78.6338 Mbps     0 retrans   2831 KB-cwnd
    1.0625 MB /   0.10 sec =   89.1245 Mbps     0 retrans   2831 KB-cwnd
    1.0625 MB /   0.10 sec =   89.0381 Mbps     0 retrans   2831 KB-cwnd
    1.0000 MB /   0.10 sec =   83.9885 Mbps     0 retrans   2831 KB-cwnd
    0.8750 MB /   0.10 sec =   73.4047 Mbps     0 retrans   2831 KB-cwnd
    1.0000 MB /   0.10 sec =   83.8668 Mbps     0 retrans   2831 KB-cwnd
    0.9375 MB /   0.10 sec =   78.6605 Mbps     0 retrans   2831 KB-cwnd
    0.8750 MB /   0.10 sec =   73.3996 Mbps     0 retrans   2831 KB-cwnd
    0.9375 MB /   0.10 sec =   78.6401 Mbps     0 retrans   2831 KB-cwnd
    0.8750 MB /   0.10 sec =   73.4003 Mbps     0 retrans   2831 KB-cwnd
    1.0000 MB /   0.10 sec =   83.8416 Mbps     0 retrans   2831 KB-cwnd
    1.0000 MB /   0.10 sec =   83.9339 Mbps     0 retrans   2831 KB-cwnd
    1.0000 MB /   0.10 sec =   83.8869 Mbps     0 retrans   2831 KB-cwnd
    0.6875 MB /   0.10 sec =   57.6682 Mbps     0 retrans   2831 KB-cwnd
    1.0000 MB /   0.10 sec =   83.8383 Mbps     0 retrans   2831 KB-cwnd
    0.8750 MB /   0.10 sec =   73.4451 Mbps     0 retrans   2831 KB-cwnd
    1.0625 MB /   0.10 sec =   89.1272 Mbps     0 retrans   2831 KB-cwnd
    0.9375 MB /   0.10 sec =   78.6463 Mbps     0 retrans   2831 KB-cwnd
    1.0625 MB /   0.10 sec =   89.1263 Mbps     0 retrans   2831 KB-cwnd
    0.9375 MB /   0.10 sec =   78.6448 Mbps     0 retrans   2831 KB-cwnd
    1.0625 MB /   0.10 sec =   89.1245 Mbps     0 retrans   2831 KB-cwnd
    0.9375 MB /   0.10 sec =   78.6424 Mbps     0 retrans   2831 KB-cwnd
    0.9375 MB /   0.10 sec =   78.6463 Mbps     0 retrans   2831 KB-cwnd
    0.7500 MB /   0.10 sec =   62.8938 Mbps     0 retrans   2831 KB-cwnd
    1.0000 MB /   0.10 sec =   83.8785 Mbps     0 retrans   2831 KB-cwnd
    0.8750 MB /   0.10 sec =   73.4297 Mbps     0 retrans   2831 KB-cwnd
    0.9375 MB /   0.10 sec =   78.6463 Mbps     0 retrans   2831 KB-cwnd
    0.8750 MB /   0.10 sec =   73.3798 Mbps     0 retrans   2831 KB-cwnd
    1.0625 MB /   0.10 sec =   89.1316 Mbps     0 retrans   2831 KB-cwnd
    1.0000 MB /   0.10 sec =   83.2872 Mbps     0 retrans   2831 KB-cwnd
    1.0000 MB /   0.10 sec =   84.5132 Mbps     0 retrans   2831 KB-cwnd
    0.8750 MB /   0.10 sec =   73.4011 Mbps     0 retrans   2831 KB-cwnd
    0.9375 MB /   0.10 sec =   78.6424 Mbps     0 retrans   2831 KB-cwnd
    1.0000 MB /   0.10 sec =   81.9913 Mbps     0 retrans   2831 KB-cwnd
    0.8750 MB /   0.10 sec =   75.1052 Mbps     0 retrans   2831 KB-cwnd
    1.0000 MB /   0.10 sec =   83.9180 Mbps     0 retrans   2831 KB-cwnd
    1.0625 MB /   0.10 sec =   89.1343 Mbps     0 retrans   2831 KB-cwnd
    1.0000 MB /   0.10 sec =   83.8802 Mbps     0 retrans   2831 KB-cwnd
    1.0000 MB /   0.10 sec =   83.8852 Mbps     0 retrans   2831 KB-cwnd
    0.8750 MB /   0.10 sec =   73.4011 Mbps     0 retrans   2831 KB-cwnd
    1.0000 MB /   0.10 sec =   83.8735 Mbps     0 retrans   2831 KB-cwnd
    1.0000 MB /   0.10 sec =   83.8802 Mbps     0 retrans   2831 KB-cwnd
    1.0000 MB /   0.10 sec =   83.9087 Mbps     0 retrans   2831 KB-cwnd
    0.8750 MB /   0.10 sec =   73.3974 Mbps     0 retrans   2831 KB-cwnd
    1.2500 MB /   0.10 sec =  104.8282 Mbps     0 retrans   2831 KB-cwnd
    1.0000 MB /   0.10 sec =   83.9096 Mbps     0 retrans   2831 KB-cwnd
    1.2500 MB /   0.10 sec =  104.8576 Mbps     0 retrans   2831 KB-cwnd
    1.1875 MB /   0.10 sec =   99.6187 Mbps     0 retrans   2831 KB-cwnd
    1.1875 MB /   0.10 sec =   99.6137 Mbps     0 retrans   2831 KB-cwnd
    1.1250 MB /   0.10 sec =   94.3718 Mbps     0 retrans   2831 KB-cwnd
    0.9375 MB /   0.10 sec =   78.6220 Mbps     0 retrans   2831 KB-cwnd
    1.0625 MB /   0.10 sec =   89.1486 Mbps     0 retrans   2831 KB-cwnd
    1.1875 MB /   0.10 sec =   99.5968 Mbps     0 retrans   2831 KB-cwnd
    1.0625 MB /   0.10 sec =   89.1263 Mbps     0 retrans   2831 KB-cwnd
    1.2500 MB /   0.10 sec =  104.8859 Mbps     0 retrans   2831 KB-cwnd
    1.0000 MB /   0.10 sec =   83.8693 Mbps     0 retrans   2831 KB-cwnd
    1.0625 MB /   0.10 sec =   89.0791 Mbps     0 retrans   2831 KB-cwnd
    1.0000 MB /   0.10 sec =   83.9222 Mbps     0 retrans   2831 KB-cwnd
    1.1250 MB /   0.10 sec =   94.4002 Mbps     0 retrans   2831 KB-cwnd
    1.0625 MB /   0.10 sec =   89.0773 Mbps     0 retrans   2831 KB-cwnd
    1.1250 MB /   0.10 sec =   94.4304 Mbps     0 retrans   2831 KB-cwnd
    1.1250 MB /   0.10 sec =   94.3652 Mbps     0 retrans   2831 KB-cwnd
    0.9375 MB /   0.10 sec =   78.6463 Mbps     0 retrans   2831 KB-cwnd
    1.0000 MB /   0.10 sec =   83.8861 Mbps     0 retrans   2831 KB-cwnd
    1.0000 MB /   0.10 sec =   83.8836 Mbps     0 retrans   2831 KB-cwnd
    1.0625 MB /   0.10 sec =   89.0720 Mbps     0 retrans   2831 KB-cwnd
    0.9375 MB /   0.10 sec =   78.6944 Mbps     0 retrans   2831 KB-cwnd
    1.0625 MB /   0.10 sec =   89.1334 Mbps     0 retrans   2831 KB-cwnd
    1.0625 MB /   0.10 sec =   89.1272 Mbps     0 retrans   2831 KB-cwnd
    0.8750 MB /   0.10 sec =   73.3842 Mbps     0 retrans   2831 KB-cwnd
    1.1250 MB /   0.10 sec =   94.3926 Mbps     0 retrans   2831 KB-cwnd
    1.0625 MB /   0.10 sec =   89.1299 Mbps     0 retrans   2831 KB-cwnd
    1.1250 MB /   0.10 sec =   94.3558 Mbps     0 retrans   2831 KB-cwnd
    1.1250 MB /   0.10 sec =   94.3662 Mbps     0 retrans   2831 KB-cwnd
    1.1250 MB /   0.10 sec =   94.3690 Mbps     0 retrans   2831 KB-cwnd
    0.8750 MB /   0.10 sec =   73.3409 Mbps     0 retrans   2831 KB-cwnd
    1.1250 MB /   0.10 sec =   94.4209 Mbps     0 retrans   2831 KB-cwnd
    1.0000 MB /   0.10 sec =   83.9163 Mbps     0 retrans   2831 KB-cwnd
    0.9375 MB /   0.10 sec =   78.6526 Mbps     0 retrans   2831 KB-cwnd
    0.9375 MB /   0.10 sec =   78.6228 Mbps     0 retrans   2831 KB-cwnd
    1.1875 MB /   0.10 sec =   99.6486 Mbps     0 retrans   2831 KB-cwnd
    1.0000 MB /   0.10 sec =   83.8852 Mbps     0 retrans   2831 KB-cwnd
    1.0625 MB /   0.10 sec =   89.1281 Mbps     0 retrans   2831 KB-cwnd
    1.1250 MB /   0.10 sec =   94.2889 Mbps     0 retrans   2831 KB-cwnd
    1.1250 MB /   0.10 sec =   94.4550 Mbps     0 retrans   2831 KB-cwnd
    1.0000 MB /   0.10 sec =   83.8492 Mbps     0 retrans   2831 KB-cwnd
    1.1250 MB /   0.10 sec =   94.4134 Mbps     0 retrans   2831 KB-cwnd
    1.0625 MB /   0.10 sec =   89.1290 Mbps     0 retrans   2831 KB-cwnd
    1.0625 MB /   0.10 sec =   89.1263 Mbps     0 retrans   2831 KB-cwnd
    1.0625 MB /   0.10 sec =   89.0978 Mbps     0 retrans   2831 KB-cwnd
    1.0625 MB /   0.10 sec =   89.1584 Mbps     0 retrans   2831 KB-cwnd
    1.0000 MB /   0.10 sec =   83.8693 Mbps     0 retrans   2831 KB-cwnd
    1.1875 MB /   0.10 sec =   99.6356 Mbps     0 retrans   2831 KB-cwnd
    1.0000 MB /   0.10 sec =   83.8752 Mbps     0 retrans   2831 KB-cwnd
    1.0625 MB /   0.10 sec =   89.1405 Mbps     0 retrans   2831 KB-cwnd
    1.0000 MB /   0.10 sec =   83.8920 Mbps     0 retrans   2831 KB-cwnd
    1.0000 MB /   0.10 sec =   83.8685 Mbps     0 retrans   2831 KB-cwnd
    0.8750 MB /   0.10 sec =   73.4150 Mbps     0 retrans   2831 KB-cwnd
    0.8125 MB /   0.10 sec =   68.1534 Mbps     0 retrans   2831 KB-cwnd
    0.8750 MB /   0.10 sec =   73.3827 Mbps     0 retrans   2831 KB-cwnd
    1.2500 MB /   0.10 sec =  104.8891 Mbps     0 retrans   2831 KB-cwnd
    0.8125 MB /   0.10 sec =   68.1568 Mbps     0 retrans   2831 KB-cwnd
    1.0625 MB /   0.10 sec =   89.1245 Mbps     0 retrans   2831 KB-cwnd
    0.9375 MB /   0.10 sec =   78.6479 Mbps     0 retrans   2831 KB-cwnd
    1.0000 MB /   0.10 sec =   83.8861 Mbps     0 retrans   2831 KB-cwnd
    0.9375 MB /   0.10 sec =   78.6243 Mbps     0 retrans   2831 KB-cwnd
    1.0625 MB /   0.10 sec =   89.1495 Mbps     0 retrans   2831 KB-cwnd
    0.8750 MB /   0.10 sec =   73.3856 Mbps     0 retrans   2831 KB-cwnd
    0.8750 MB /   0.10 sec =   73.3989 Mbps     0 retrans   2831 KB-cwnd
    1.0625 MB /   0.10 sec =   89.1486 Mbps     0 retrans   2831 KB-cwnd
    1.1250 MB /   0.10 sec =   94.3718 Mbps     0 retrans   2831 KB-cwnd
    1.1250 MB /   0.10 sec =   94.3718 Mbps     0 retrans   2831 KB-cwnd
    1.1875 MB /   0.10 sec =   99.5938 Mbps     0 retrans   2831 KB-cwnd
    1.1875 MB /   0.10 sec =   99.6346 Mbps     0 retrans   2831 KB-cwnd
    1.1875 MB /   0.10 sec =   99.6177 Mbps     0 retrans   2831 KB-cwnd
    1.0625 MB /   0.10 sec =   89.1254 Mbps     0 retrans   2831 KB-cwnd
    1.1875 MB /   0.10 sec =   99.5898 Mbps     0 retrans   2831 KB-cwnd
    1.1875 MB /   0.10 sec =   99.6406 Mbps     0 retrans   2831 KB-cwnd
    1.3125 MB /   0.10 sec =  110.1005 Mbps     0 retrans   2831 KB-cwnd
    1.2500 MB /   0.10 sec =  104.8398 Mbps     0 retrans   2831 KB-cwnd
    1.2500 MB /   0.10 sec =  104.8775 Mbps     0 retrans   2831 KB-cwnd
    1.2500 MB /   0.10 sec =  104.8545 Mbps     0 retrans   2831 KB-cwnd
    1.1875 MB /   0.10 sec =   99.4983 Mbps     0 retrans   2831 KB-cwnd
    1.2500 MB /   0.10 sec =  104.9773 Mbps     0 retrans   2831 KB-cwnd
    1.1875 MB /   0.10 sec =   99.5689 Mbps     0 retrans   2831 KB-cwnd
    1.3125 MB /   0.10 sec =  110.0763 Mbps     0 retrans   2831 KB-cwnd
    1.0625 MB /   0.10 sec =   89.1753 Mbps     0 retrans   2831 KB-cwnd
    1.1875 MB /   0.10 sec =   99.6356 Mbps     0 retrans   2831 KB-cwnd
    1.1250 MB /   0.10 sec =   94.2832 Mbps     0 retrans   2831 KB-cwnd
nuttcp-t: 325.7714 MB in 30.00 real seconds = 11119.62 KB/sec = 91.0919 Mbps
nuttcp-t: retrans = 0 cwnd = 2831 KB
nuttcp-t: 5213 I/O calls, msec/call = 5.89, calls/sec = 173.77
nuttcp-t: 0.0user 0.0sys 0:30real 0% 0i+0d 1270maxrss 0+1pf 29+4csw

nuttcp-r: 325.7714 MB in 32.76 real seconds = 10182.98 KB/sec = 83.4190 Mbps
nuttcp-r: 45432 I/O calls, msec/call = 0.74, calls/sec = 1386.83
nuttcp-r: 0.3user 0.3sys 0:32real 1% 0i+0d 100maxrss 0+15pf 39608+41csw
