1660513436921
nuttcp-r: v8.1.4: socket
nuttcp-r: buflen=65536, nstream=1, port=5005 tcp
nuttcp-r: interval reporting every 0.10 seconds
nuttcp-r: connect to 3.19.94.93 with RTT=32.654 ms af=inet
nuttcp-r: send window size = 2097152, receive window size = 52428800
nuttcp-r: available send window = 1572864, available receive window = 39321600
    0.0000 MB /   0.10 sec =    0.0000 Mbps    -1 retrans
    0.1875 MB /   0.10 sec =   15.7345 Mbps     1 retrans
    0.3125 MB /   0.10 sec =   26.2107 Mbps     0 retrans
    0.3125 MB /   0.10 sec =   26.2202 Mbps     0 retrans
    0.3125 MB /   0.10 sec =   26.2073 Mbps     0 retrans
    0.3125 MB /   0.10 sec =   26.1480 Mbps     0 retrans
    0.4375 MB /   0.10 sec =   36.7951 Mbps     0 retrans
    0.4375 MB /   0.10 sec =   36.7222 Mbps     0 retrans
    0.5000 MB /   0.10 sec =   41.8748 Mbps     0 retrans
    0.6250 MB /   0.10 sec =   52.5112 Mbps     0 retrans
    0.4375 MB /   0.10 sec =   36.6730 Mbps     0 retrans
    0.8750 MB /   0.10 sec =   73.4150 Mbps     0 retrans
    0.6875 MB /   0.10 sec =   57.6296 Mbps     0 retrans
    0.8125 MB /   0.10 sec =   68.2284 Mbps     0 retrans
    0.6250 MB /   0.10 sec =   52.4288 Mbps     0 retrans
    0.9375 MB /   0.10 sec =   78.6314 Mbps     0 retrans
    0.9375 MB /   0.10 sec =   78.6424 Mbps     0 retrans
    1.0625 MB /   0.10 sec =   89.1254 Mbps     0 retrans
    1.5625 MB /   0.10 sec =  131.0877 Mbps     0 retrans
    1.4375 MB /   0.10 sec =  120.5694 Mbps     0 retrans
    1.4375 MB /   0.10 sec =  120.6381 Mbps     0 retrans
    1.6250 MB /   0.10 sec =  136.2808 Mbps     0 retrans
    1.8125 MB /   0.10 sec =  152.0907 Mbps     0 retrans
    1.9375 MB /   0.10 sec =  162.4497 Mbps     0 retrans
    2.1250 MB /   0.10 sec =  178.3293 Mbps     0 retrans
    2.3125 MB /   0.10 sec =  193.9381 Mbps     0 retrans
    2.5625 MB /   0.10 sec =  214.9602 Mbps     0 retrans
    2.3125 MB /   0.10 sec =  193.8819 Mbps     0 retrans
    3.1875 MB /   0.10 sec =  267.5822 Mbps     0 retrans
    3.3750 MB /   0.10 sec =  283.0674 Mbps     0 retrans
    4.2500 MB /   0.10 sec =  356.5693 Mbps     0 retrans
    3.1875 MB /   0.10 sec =  267.3789 Mbps     0 retrans
    4.8750 MB /   0.10 sec =  408.9569 Mbps     0 retrans
    4.2500 MB /   0.10 sec =  356.5551 Mbps     0 retrans
    4.6875 MB /   0.10 sec =  393.2042 Mbps     0 retrans
    5.6250 MB /   0.10 sec =  471.8875 Mbps     0 retrans
    4.7500 MB /   0.10 sec =  398.2080 Mbps     0 retrans
    5.1875 MB /   0.10 sec =  435.3506 Mbps     0 retrans
    3.5000 MB /   0.10 sec =  293.6130 Mbps     0 retrans
    2.6875 MB /   0.10 sec =  225.4348 Mbps     0 retrans
    4.8125 MB /   0.10 sec =  403.7583 Mbps     0 retrans
    4.5625 MB /   0.10 sec =  382.6958 Mbps     0 retrans
    4.3750 MB /   0.10 sec =  367.0456 Mbps     0 retrans
    4.0000 MB /   0.10 sec =  335.4336 Mbps     0 retrans
    4.5625 MB /   0.10 sec =  379.4969 Mbps     0 retrans
    4.5000 MB /   0.10 sec =  380.6698 Mbps     0 retrans
    4.4375 MB /   0.10 sec =  372.4158 Mbps     0 retrans
    4.0000 MB /   0.10 sec =  335.5108 Mbps     0 retrans
    4.3125 MB /   0.10 sec =  361.7298 Mbps     0 retrans
    4.2500 MB /   0.10 sec =  356.5230 Mbps     0 retrans
    4.2500 MB /   0.10 sec =  356.5016 Mbps     0 retrans
    4.6875 MB /   0.10 sec =  393.1767 Mbps     0 retrans
    4.4375 MB /   0.10 sec =  372.2966 Mbps     0 retrans
    4.3125 MB /   0.10 sec =  361.7732 Mbps     0 retrans
    4.0000 MB /   0.10 sec =  335.4940 Mbps     0 retrans
    4.3125 MB /   0.10 sec =  361.8021 Mbps     0 retrans
    3.9375 MB /   0.10 sec =  330.2948 Mbps     0 retrans
    4.0625 MB /   0.10 sec =  340.8179 Mbps     0 retrans
    4.3125 MB /   0.10 sec =  361.7696 Mbps     0 retrans
    4.0000 MB /   0.10 sec =  335.5577 Mbps     0 retrans
    4.3750 MB /   0.10 sec =  366.9906 Mbps     0 retrans
    4.5625 MB /   0.10 sec =  382.7494 Mbps     0 retrans
    4.2500 MB /   0.10 sec =  356.5087 Mbps     0 retrans
    4.3750 MB /   0.10 sec =  366.8989 Mbps     0 retrans
    3.9375 MB /   0.10 sec =  330.2882 Mbps     0 retrans
    4.5000 MB /   0.10 sec =  377.5629 Mbps     0 retrans
    4.1875 MB /   0.10 sec =  351.2413 Mbps     0 retrans
    4.2500 MB /   0.10 sec =  356.5551 Mbps     0 retrans
    3.7500 MB /   0.10 sec =  314.5256 Mbps     0 retrans
    4.2500 MB /   0.10 sec =  356.6300 Mbps     0 retrans
    4.0625 MB /   0.10 sec =  340.7804 Mbps     0 retrans
    4.5000 MB /   0.10 sec =  377.4987 Mbps     0 retrans
    4.4375 MB /   0.10 sec =  372.1440 Mbps     0 retrans
    4.7500 MB /   0.10 sec =  398.4828 Mbps     0 retrans
    4.1250 MB /   0.10 sec =  346.0855 Mbps     0 retrans
    4.9375 MB /   0.10 sec =  414.1461 Mbps     0 retrans
    4.3750 MB /   0.10 sec =  367.0273 Mbps     0 retrans
    4.5625 MB /   0.10 sec =  382.7149 Mbps     0 retrans
    5.0625 MB /   0.10 sec =  424.7455 Mbps     0 retrans
    4.3750 MB /   0.10 sec =  366.9833 Mbps     0 retrans
    4.4375 MB /   0.10 sec =  372.2445 Mbps     0 retrans
    4.5000 MB /   0.10 sec =  377.5251 Mbps     0 retrans
    4.4375 MB /   0.10 sec =  372.1849 Mbps     0 retrans
    4.3750 MB /   0.10 sec =  367.0016 Mbps     0 retrans
    5.1875 MB /   0.10 sec =  435.1373 Mbps     0 retrans
    4.8125 MB /   0.10 sec =  403.7260 Mbps     0 retrans
    4.3750 MB /   0.10 sec =  366.9869 Mbps     0 retrans
    4.3125 MB /   0.10 sec =  361.7262 Mbps     0 retrans
    4.5625 MB /   0.10 sec =  382.8030 Mbps     0 retrans
    5.1250 MB /   0.10 sec =  429.9592 Mbps     0 retrans
    4.6875 MB /   0.10 sec =  393.0195 Mbps     0 retrans
    4.3750 MB /   0.10 sec =  367.0787 Mbps     0 retrans
    4.3750 MB /   0.10 sec =  367.0530 Mbps     0 retrans
    4.8125 MB /   0.10 sec =  403.6574 Mbps     0 retrans
    4.4375 MB /   0.10 sec =  372.3040 Mbps     0 retrans
    4.5625 MB /   0.10 sec =  382.7494 Mbps     0 retrans
    4.1875 MB /   0.10 sec =  351.0272 Mbps     0 retrans
    4.5000 MB /   0.10 sec =  377.6233 Mbps     0 retrans
    4.0000 MB /   0.10 sec =  335.5913 Mbps     0 retrans
    4.9375 MB /   0.10 sec =  414.1461 Mbps     0 retrans
    4.8125 MB /   0.10 sec =  403.7098 Mbps     0 retrans
    4.9375 MB /   0.10 sec =  414.2621 Mbps     0 retrans
    4.6875 MB /   0.10 sec =  393.2042 Mbps     0 retrans
    4.7500 MB /   0.10 sec =  398.2996 Mbps     0 retrans
    5.0625 MB /   0.10 sec =  424.7242 Mbps     0 retrans
    4.1250 MB /   0.10 sec =  346.0855 Mbps     0 retrans
    4.2500 MB /   0.10 sec =  356.5158 Mbps     0 retrans
    4.2500 MB /   0.10 sec =  356.5586 Mbps     0 retrans
    5.0625 MB /   0.10 sec =  424.7540 Mbps     0 retrans
    5.3125 MB /   0.10 sec =  445.6181 Mbps     0 retrans
    4.7500 MB /   0.10 sec =  398.4748 Mbps     0 retrans
    4.1875 MB /   0.10 sec =  351.2730 Mbps     0 retrans
    5.8125 MB /   0.10 sec =  487.4026 Mbps     0 retrans
    3.8125 MB /   0.10 sec =  319.8925 Mbps     0 retrans
    0.0000 MB /   0.10 sec =    0.0000 Mbps     0 retrans
    0.0000 MB /   0.10 sec =    0.0000 Mbps     0 retrans
    0.0000 MB /   0.10 sec =    0.0000 Mbps     0 retrans
   18.0000 MB /   0.10 sec = 1510.2515 Mbps     0 retrans
    4.3125 MB /   0.10 sec =  361.7732 Mbps     0 retrans
    5.0000 MB /   0.10 sec =  419.4472 Mbps     0 retrans
    4.6875 MB /   0.10 sec =  393.1374 Mbps     0 retrans
    4.9375 MB /   0.10 sec =  414.2662 Mbps     0 retrans
    4.3750 MB /   0.10 sec =  366.9319 Mbps     0 retrans
    4.8750 MB /   0.10 sec =  408.9733 Mbps     0 retrans
    5.6875 MB /   0.10 sec =  477.1403 Mbps     0 retrans
    5.0000 MB /   0.10 sec =  419.4178 Mbps     0 retrans
    5.6875 MB /   0.10 sec =  477.0067 Mbps     0 retrans
    5.0000 MB /   0.10 sec =  419.5311 Mbps     0 retrans
    4.3125 MB /   0.10 sec =  361.5888 Mbps     0 retrans
    4.3750 MB /   0.10 sec =  367.0567 Mbps     0 retrans
    5.1250 MB /   0.10 sec =  429.9377 Mbps     0 retrans
    4.5625 MB /   0.10 sec =  382.7417 Mbps     0 retrans
    3.9375 MB /   0.10 sec =  330.2717 Mbps     0 retrans
    4.1875 MB /   0.10 sec =  351.3432 Mbps     0 retrans
    4.5625 MB /   0.10 sec =  382.7035 Mbps     0 retrans
    4.3750 MB /   0.10 sec =  367.0383 Mbps     0 retrans
    4.1875 MB /   0.10 sec =  351.2659 Mbps     0 retrans
    4.4375 MB /   0.10 sec =  372.1440 Mbps     0 retrans
    4.3750 MB /   0.10 sec =  367.1191 Mbps     0 retrans
    3.6875 MB /   0.10 sec =  309.1630 Mbps     0 retrans
    4.0625 MB /   0.10 sec =  340.9270 Mbps     0 retrans
    4.6875 MB /   0.10 sec =  393.1531 Mbps     0 retrans
    4.1875 MB /   0.10 sec =  351.3327 Mbps     0 retrans
    4.3125 MB /   0.10 sec =  361.6538 Mbps     0 retrans
    4.6875 MB /   0.10 sec =  393.1885 Mbps     0 retrans
    4.3750 MB /   0.10 sec =  367.1007 Mbps     0 retrans
    4.1875 MB /   0.10 sec =  351.2413 Mbps     0 retrans
    4.3125 MB /   0.10 sec =  361.7877 Mbps     0 retrans
    4.4375 MB /   0.10 sec =  372.2259 Mbps     0 retrans
    4.1875 MB /   0.10 sec =  351.2589 Mbps     0 retrans
    4.1875 MB /   0.10 sec =  351.0343 Mbps     0 retrans
    4.7500 MB /   0.10 sec =  398.7021 Mbps     0 retrans
    4.6875 MB /   0.10 sec =  393.3025 Mbps     0 retrans
    4.5000 MB /   0.10 sec =  377.4232 Mbps     0 retrans
    4.2500 MB /   0.10 sec =  356.5586 Mbps     0 retrans
    4.4375 MB /   0.10 sec =  372.2259 Mbps     0 retrans
    4.1875 MB /   0.10 sec =  351.3257 Mbps     0 retrans
    4.3125 MB /   0.10 sec =  361.6647 Mbps     0 retrans
    4.3125 MB /   0.10 sec =  361.8709 Mbps     0 retrans
    4.4375 MB /   0.10 sec =  372.1626 Mbps     0 retrans
    4.2500 MB /   0.10 sec =  346.1756 Mbps     0 retrans
    4.6250 MB /   0.10 sec =  399.9888 Mbps     0 retrans
    4.3125 MB /   0.10 sec =  361.7298 Mbps     0 retrans
    4.7500 MB /   0.10 sec =  398.3872 Mbps     0 retrans
    4.3125 MB /   0.10 sec =  361.8347 Mbps     0 retrans
    4.4375 MB /   0.10 sec =  372.2966 Mbps     0 retrans
    4.5000 MB /   0.10 sec =  377.3025 Mbps     0 retrans
    4.3750 MB /   0.10 sec =  367.1117 Mbps     0 retrans
    4.0000 MB /   0.10 sec =  335.4906 Mbps     0 retrans
    4.1875 MB /   0.10 sec =  351.2870 Mbps     0 retrans
    3.8750 MB /   0.10 sec =  325.1008 Mbps     0 retrans
    4.2500 MB /   0.10 sec =  356.4802 Mbps     0 retrans
    7.7500 MB /   0.10 sec =  650.1301 Mbps     0 retrans
    5.1250 MB /   0.10 sec =  429.9463 Mbps     0 retrans
    4.8125 MB /   0.10 sec =  403.6816 Mbps     0 retrans
    4.6250 MB /   0.10 sec =  387.6204 Mbps     0 retrans
    4.1250 MB /   0.10 sec =  346.4215 Mbps     0 retrans
    4.6250 MB /   0.10 sec =  387.9615 Mbps     0 retrans
    4.0000 MB /   0.10 sec =  335.4605 Mbps     0 retrans
    0.0000 MB /   0.10 sec =    0.0000 Mbps     0 retrans
    0.0000 MB /   0.10 sec =    0.0000 Mbps     0 retrans
   15.5625 MB /   0.10 sec = 1305.2813 Mbps     0 retrans
    5.0000 MB /   0.10 sec =  419.6276 Mbps     0 retrans
    4.6250 MB /   0.10 sec =  387.9770 Mbps     0 retrans
    5.1250 MB /   0.10 sec =  429.8689 Mbps     0 retrans
    4.2500 MB /   0.10 sec =  356.4695 Mbps     0 retrans
    4.1875 MB /   0.10 sec =  351.3503 Mbps     0 retrans
    4.4375 MB /   0.10 sec =  372.2556 Mbps     0 retrans
    4.6250 MB /   0.10 sec =  387.9654 Mbps     0 retrans
    4.2500 MB /   0.10 sec =  356.5194 Mbps     0 retrans
    4.1875 MB /   0.10 sec =  351.2659 Mbps     0 retrans
    4.5625 MB /   0.10 sec =  382.7302 Mbps     0 retrans
    4.6875 MB /   0.10 sec =  393.2593 Mbps     0 retrans
    4.3125 MB /   0.10 sec =  361.5924 Mbps     0 retrans
    4.5625 MB /   0.10 sec =  382.8298 Mbps     0 retrans
    4.0625 MB /   0.10 sec =  340.7940 Mbps     0 retrans
    4.2500 MB /   0.10 sec =  356.4873 Mbps     0 retrans
    4.5625 MB /   0.10 sec =  382.7685 Mbps     0 retrans
    4.1875 MB /   0.10 sec =  351.2273 Mbps     0 retrans
    4.5000 MB /   0.10 sec =  377.6120 Mbps     0 retrans
    4.0625 MB /   0.10 sec =  340.7668 Mbps     0 retrans
    4.7500 MB /   0.10 sec =  398.3673 Mbps     0 retrans
    4.5625 MB /   0.10 sec =  382.8259 Mbps     0 retrans
    4.6250 MB /   0.10 sec =  387.9809 Mbps     0 retrans
    4.0000 MB /   0.10 sec =  335.4169 Mbps     0 retrans
    4.3125 MB /   0.10 sec =  361.8202 Mbps     0 retrans
    4.3125 MB /   0.10 sec =  361.7732 Mbps     0 retrans
    4.3750 MB /   0.10 sec =  366.9979 Mbps     0 retrans
    4.3750 MB /   0.10 sec =  366.9869 Mbps     0 retrans
    4.3125 MB /   0.10 sec =  361.8094 Mbps     0 retrans
    5.0625 MB /   0.10 sec =  424.6138 Mbps     0 retrans
    4.6250 MB /   0.10 sec =  388.0119 Mbps     0 retrans
    4.6250 MB /   0.10 sec =  387.9033 Mbps     0 retrans
    4.0625 MB /   0.10 sec =  340.7599 Mbps     0 retrans
    4.6875 MB /   0.10 sec =  393.2317 Mbps     0 retrans
    4.8125 MB /   0.10 sec =  403.8108 Mbps     0 retrans
    4.3125 MB /   0.10 sec =  361.6249 Mbps     0 retrans
    4.7500 MB /   0.10 sec =  398.5505 Mbps     0 retrans
    4.8125 MB /   0.10 sec =  403.7664 Mbps     0 retrans
    4.8125 MB /   0.10 sec =  403.7139 Mbps     0 retrans
    4.3125 MB /   0.10 sec =  361.7008 Mbps     0 retrans
    4.8750 MB /   0.10 sec =  408.8833 Mbps     0 retrans
    5.1250 MB /   0.10 sec =  429.7529 Mbps     0 retrans
    4.6875 MB /   0.10 sec =  393.4403 Mbps     0 retrans
    4.8125 MB /   0.10 sec =  403.6251 Mbps     0 retrans
    4.6875 MB /   0.10 sec =  393.2671 Mbps     0 retrans
    4.8125 MB /   0.10 sec =  403.6695 Mbps     0 retrans
    4.5625 MB /   0.10 sec =  382.7341 Mbps     0 retrans
    4.8750 MB /   0.10 sec =  409.0224 Mbps     0 retrans
    5.1875 MB /   0.10 sec =  432.3531 Mbps     0 retrans
    4.7500 MB /   0.10 sec =  401.1466 Mbps     0 retrans
    5.2500 MB /   0.10 sec =  437.1452 Mbps     0 retrans
    5.5000 MB /   0.10 sec =  464.3312 Mbps     0 retrans
    5.1250 MB /   0.10 sec =  430.1786 Mbps     0 retrans
    5.3125 MB /   0.10 sec =  445.7161 Mbps     0 retrans
    5.1875 MB /   0.10 sec =  435.2374 Mbps     0 retrans
    5.0625 MB /   0.10 sec =  424.6138 Mbps     0 retrans
    5.1875 MB /   0.10 sec =  435.2766 Mbps     0 retrans
    5.4375 MB /   0.10 sec =  456.1260 Mbps     0 retrans
    5.1875 MB /   0.10 sec =  435.1634 Mbps     0 retrans
    5.1875 MB /   0.10 sec =  435.0677 Mbps     0 retrans
    5.9375 MB /   0.10 sec =  498.0885 Mbps     0 retrans
    5.2500 MB /   0.10 sec =  440.3139 Mbps     0 retrans
    5.1250 MB /   0.10 sec =  430.0796 Mbps     0 retrans
    5.6250 MB /   0.10 sec =  471.8026 Mbps     0 retrans
    5.5000 MB /   0.10 sec =  461.3089 Mbps     0 retrans
    5.1875 MB /   0.10 sec =  435.0981 Mbps     0 retrans
    4.6875 MB /   0.10 sec =  393.2750 Mbps     0 retrans
    5.2500 MB /   0.10 sec =  440.2830 Mbps     0 retrans
    5.5625 MB /   0.10 sec =  466.6350 Mbps     0 retrans
    4.6875 MB /   0.10 sec =  393.2475 Mbps     0 retrans
    5.6875 MB /   0.10 sec =  477.1403 Mbps     0 retrans
    5.4375 MB /   0.10 sec =  456.0941 Mbps     0 retrans
    4.8750 MB /   0.10 sec =  408.9896 Mbps     0 retrans
    4.9375 MB /   0.10 sec =  414.0840 Mbps     0 retrans
    5.2500 MB /   0.10 sec =  440.5649 Mbps     0 retrans
    5.5000 MB /   0.10 sec =  461.2996 Mbps     0 retrans
    4.9375 MB /   0.10 sec =  414.2455 Mbps     0 retrans
    5.3750 MB /   0.10 sec =  450.8967 Mbps     0 retrans
    4.7500 MB /   0.10 sec =  398.4429 Mbps     0 retrans
    4.8125 MB /   0.10 sec =  403.6574 Mbps     0 retrans
    4.3750 MB /   0.10 sec =  367.0603 Mbps     0 retrans
    4.5000 MB /   0.10 sec =  377.4534 Mbps     0 retrans
    4.8750 MB /   0.10 sec =  408.8710 Mbps     0 retrans
    5.8125 MB /   0.10 sec =  487.7342 Mbps     0 retrans
    4.6250 MB /   0.10 sec =  387.8839 Mbps     0 retrans
    5.2500 MB /   0.10 sec =  440.5341 Mbps     0 retrans
    5.7500 MB /   0.10 sec =  482.3546 Mbps     0 retrans
    5.2500 MB /   0.10 sec =  440.2786 Mbps     0 retrans
    5.1875 MB /   0.10 sec =  435.1286 Mbps     0 retrans
    5.0000 MB /   0.10 sec =  419.5059 Mbps     0 retrans
    4.8125 MB /   0.10 sec =  403.2461 Mbps     0 retrans
    5.1875 MB /   0.10 sec =  435.6426 Mbps     0 retrans
    4.9375 MB /   0.10 sec =  414.0343 Mbps     0 retrans
    5.0000 MB /   0.10 sec =  419.0533 Mbps     0 retrans
    5.5000 MB /   0.10 sec =  461.8538 Mbps     0 retrans
    5.5000 MB /   0.10 sec =  461.5027 Mbps     0 retrans
    5.3750 MB /   0.10 sec =  450.8787 Mbps     0 retrans
    5.4375 MB /   0.10 sec =  456.1990 Mbps     0 retrans
    5.0625 MB /   0.10 sec =  424.5841 Mbps     0 retrans
    5.6250 MB /   0.10 sec =  471.9489 Mbps     0 retrans
    5.5625 MB /   0.10 sec =  466.4437 Mbps     0 retrans
    5.1875 MB /   0.10 sec =  435.1199 Mbps     0 retrans
    5.5000 MB /   0.10 sec =  461.5442 Mbps     0 retrans
    6.0000 MB /   0.10 sec =  503.2913 Mbps     0 retrans
    5.3125 MB /   0.10 sec =  445.6715 Mbps     0 retrans
    5.4375 MB /   0.10 sec =  456.0576 Mbps     0 retrans
    5.8750 MB /   0.10 sec =  492.8751 Mbps     0 retrans
    5.8125 MB /   0.10 sec =  487.4221 Mbps     0 retrans
    5.8125 MB /   0.10 sec =  487.7732 Mbps     0 retrans
    5.1250 MB /   0.10 sec =  429.9076 Mbps     0 retrans
    5.6875 MB /   0.10 sec =  477.1212 Mbps     0 retrans
    5.4375 MB /   0.10 sec =  456.0257 Mbps     0 retrans
    5.5000 MB /   0.10 sec =  461.4334 Mbps     0 retrans
    5.3750 MB /   0.10 sec =  450.9418 Mbps     0 retrans
    5.1875 MB /   0.10 sec =  435.1808 Mbps     0 retrans
    4.7500 MB /   0.10 sec =  397.9535 Mbps     0 retrans
    5.5000 MB /   0.10 sec =  461.9278 Mbps     0 retrans
    5.6875 MB /   0.10 sec =  477.0639 Mbps     0 retrans
    5.1875 MB /   0.10 sec =  434.8764 Mbps     0 retrans
    5.1250 MB /   0.10 sec =  430.0968 Mbps     0 retrans
    5.3125 MB /   0.10 sec =  445.7696 Mbps     0 retrans
    4.8125 MB /   0.10 sec =  403.6856 Mbps     0 retrans
    5.3125 MB /   0.10 sec =  445.5067 Mbps     0 retrans
    5.0000 MB /   0.10 sec =  419.5059 Mbps     0 retrans
    4.8750 MB /   0.10 sec =  409.0633 Mbps     0 retrans
nuttcp-r: 1338.0852 MB in 30.67 real seconds = 44676.84 KB/sec = 365.9927 Mbps
nuttcp-r: 49363 I/O calls, msec/call = 0.64, calls/sec = 1609.53
nuttcp-r: 0.0user 1.2sys 0:30real 4% 0i+0d 1292maxrss 0+1pf 20494+74csw

nuttcp-t: Warning: send window size 25000000 < requested window size 26214400
nuttcp-t: v6.1.2: socket
nuttcp-t: buflen=65536, nstream=1, port=5005 tcp -> 172.58.122.20
nuttcp-t: time limit = 30.00 seconds
nuttcp-t: accept from 172.58.122.20 with mss=1364
nuttcp-t: send window size = 50000000, receive window size = 25000000
nuttcp-t: available send window = 25000000, available receive window = 12500000
nuttcp-t: 1338.0852 MB in 30.00 real seconds = 45673.25 KB/sec = 374.1552 Mbps
nuttcp-t: retrans = 0
nuttcp-t: 21410 I/O calls, msec/call = 1.43, calls/sec = 713.67
nuttcp-t: 0.0user 0.4sys 0:30real 1% 0i+0d 100maxrss 0+0pf 81+20csw
