1660512206941
nuttcp-t: v8.1.4: socket
nuttcp-t: buflen=65536, nstream=1, port=5005 tcp -> 3.19.94.93
nuttcp-t: time limit = 30.00 seconds
nuttcp-t: connect to 3.19.94.93 with mss=1384, RTT=41.648 ms af=inet
nuttcp-t: send window size = 33554432, receive window size = 4194304
nuttcp-t: available send window = 25165824, available receive window = 3145728
nuttcp-t: initial congestion window = 13 KB (10 packets)
nuttcp-r: Warning: receive window size 25000000 < requested window size 26214400
nuttcp-r: v6.1.2: socket
nuttcp-r: buflen=65536, nstream=1, port=5005 tcp
nuttcp-r: interval reporting every 0.10 seconds
nuttcp-r: accept from 172.58.123.212
nuttcp-r: send window size = 25000000, receive window size = 50000000
nuttcp-r: available send window = 12500000, available receive window = 25000000
    0.0000 MB /   0.10 sec =    0.0000 Mbps     0 retrans   2988 KB-cwnd
    0.1250 MB /   0.10 sec =   10.4943 Mbps     0 retrans   2988 KB-cwnd
    0.2500 MB /   0.10 sec =   20.9711 Mbps     0 retrans   2988 KB-cwnd
    0.3750 MB /   0.10 sec =   31.4579 Mbps     0 retrans   2988 KB-cwnd
    0.5000 MB /   0.10 sec =   41.9414 Mbps     0 retrans   2988 KB-cwnd
    0.3125 MB /   0.10 sec =   26.2147 Mbps     0 retrans   2988 KB-cwnd
    0.4375 MB /   0.10 sec =   36.6987 Mbps     0 retrans   2988 KB-cwnd
    0.5625 MB /   0.10 sec =   47.1906 Mbps     0 retrans   2988 KB-cwnd
    0.4375 MB /   0.10 sec =   36.6983 Mbps     0 retrans   2988 KB-cwnd
    0.2500 MB /   0.10 sec =   20.9726 Mbps     0 retrans   2988 KB-cwnd
    0.8750 MB /   0.10 sec =   73.3967 Mbps     0 retrans   2988 KB-cwnd
    1.1250 MB /   0.10 sec =   94.3596 Mbps     0 retrans   2988 KB-cwnd
    1.4375 MB /   0.10 sec =  120.5935 Mbps     0 retrans   2988 KB-cwnd
    1.3750 MB /   0.10 sec =  115.3134 Mbps     0 retrans   2988 KB-cwnd
    0.7500 MB /   0.10 sec =   62.9341 Mbps     0 retrans   2988 KB-cwnd
    1.3750 MB /   0.10 sec =  115.3214 Mbps     0 retrans   2988 KB-cwnd
    1.3125 MB /   0.10 sec =  110.1225 Mbps     0 retrans   2988 KB-cwnd
    1.3750 MB /   0.10 sec =  115.3134 Mbps     0 retrans   2988 KB-cwnd
    1.4375 MB /   0.10 sec =  120.6188 Mbps     0 retrans   2988 KB-cwnd
    1.3125 MB /   0.10 sec =  110.1038 Mbps     0 retrans   2988 KB-cwnd
    1.3750 MB /   0.10 sec =  115.3168 Mbps     0 retrans   2988 KB-cwnd
    1.4375 MB /   0.10 sec =  120.6140 Mbps     0 retrans   2988 KB-cwnd
    1.3750 MB /   0.10 sec =  115.3364 Mbps     0 retrans   2988 KB-cwnd
    1.3750 MB /   0.10 sec =  115.3457 Mbps     0 retrans   2988 KB-cwnd
    1.4375 MB /   0.10 sec =  120.5766 Mbps     0 retrans   2988 KB-cwnd
    1.3125 MB /   0.10 sec =  110.0961 Mbps     0 retrans   2988 KB-cwnd
    1.3750 MB /   0.10 sec =  115.3618 Mbps     0 retrans   2988 KB-cwnd
    1.3750 MB /   0.10 sec =  115.3168 Mbps     0 retrans   2988 KB-cwnd
    1.4375 MB /   0.10 sec =  120.6067 Mbps     0 retrans   2988 KB-cwnd
    1.2500 MB /   0.10 sec =  104.8282 Mbps     0 retrans   2988 KB-cwnd
    1.3125 MB /   0.10 sec =  110.1225 Mbps     0 retrans   2988 KB-cwnd
    1.3125 MB /   0.10 sec =  110.1005 Mbps     0 retrans   2988 KB-cwnd
    1.1875 MB /   0.10 sec =   99.6157 Mbps     0 retrans   2988 KB-cwnd
    1.1875 MB /   0.10 sec =   99.6048 Mbps     0 retrans   2988 KB-cwnd
    1.0625 MB /   0.10 sec =   89.0657 Mbps     0 retrans   2988 KB-cwnd
    1.2500 MB /   0.10 sec =  104.9531 Mbps     0 retrans   2988 KB-cwnd
    1.2500 MB /   0.10 sec =  104.8125 Mbps     0 retrans   2988 KB-cwnd
    1.2500 MB /   0.10 sec =  104.8933 Mbps     0 retrans   2988 KB-cwnd
    1.3125 MB /   0.10 sec =  110.1082 Mbps     0 retrans   2988 KB-cwnd
    1.4375 MB /   0.10 sec =  120.4874 Mbps     0 retrans   2988 KB-cwnd
    1.3750 MB /   0.10 sec =  115.4380 Mbps     0 retrans   2988 KB-cwnd
    1.3750 MB /   0.10 sec =  115.3445 Mbps     0 retrans   2988 KB-cwnd
    1.4375 MB /   0.10 sec =  120.5814 Mbps     0 retrans   2988 KB-cwnd
    1.3125 MB /   0.10 sec =  110.1093 Mbps     0 retrans   2988 KB-cwnd
    1.3750 MB /   0.10 sec =  115.3376 Mbps     0 retrans   2988 KB-cwnd
    1.4375 MB /   0.10 sec =  120.5862 Mbps     0 retrans   2988 KB-cwnd
    1.3750 MB /   0.10 sec =  115.3295 Mbps     0 retrans   2988 KB-cwnd
    1.3750 MB /   0.10 sec =  115.3411 Mbps     0 retrans   2988 KB-cwnd
    1.3125 MB /   0.10 sec =  110.0587 Mbps     0 retrans   2988 KB-cwnd
    1.4375 MB /   0.10 sec =  120.6550 Mbps     0 retrans   2988 KB-cwnd
    1.4375 MB /   0.10 sec =  120.5585 Mbps     0 retrans   2988 KB-cwnd
    1.3125 MB /   0.10 sec =  110.1258 Mbps     0 retrans   2988 KB-cwnd
    1.3125 MB /   0.10 sec =  110.1016 Mbps     0 retrans   2988 KB-cwnd
    1.3750 MB /   0.10 sec =  115.3168 Mbps     0 retrans   2988 KB-cwnd
    1.4375 MB /   0.10 sec =  120.6092 Mbps     0 retrans   2988 KB-cwnd
    1.3750 MB /   0.10 sec =  115.3111 Mbps     0 retrans   2988 KB-cwnd
    1.2500 MB /   0.10 sec =  104.8618 Mbps     0 retrans   2988 KB-cwnd
    1.1875 MB /   0.10 sec =   99.6436 Mbps     0 retrans   2988 KB-cwnd
    1.2500 MB /   0.10 sec =  104.8471 Mbps     0 retrans   2988 KB-cwnd
    1.1875 MB /   0.10 sec =   99.6127 Mbps     0 retrans   2988 KB-cwnd
    1.2500 MB /   0.10 sec =  104.8398 Mbps     0 retrans   2988 KB-cwnd
    1.3125 MB /   0.10 sec =  110.1269 Mbps     0 retrans   2988 KB-cwnd
    1.1875 MB /   0.10 sec =   99.6077 Mbps     0 retrans   2988 KB-cwnd
    1.3125 MB /   0.10 sec =  110.1049 Mbps     0 retrans   2988 KB-cwnd
    1.2500 MB /   0.10 sec =  104.8586 Mbps     0 retrans   2988 KB-cwnd
    1.3125 MB /   0.10 sec =  110.0950 Mbps     0 retrans   2988 KB-cwnd
    1.3750 MB /   0.10 sec =  115.3491 Mbps     0 retrans   2988 KB-cwnd
    1.2500 MB /   0.10 sec =  104.8576 Mbps     0 retrans   2988 KB-cwnd
    1.2500 MB /   0.10 sec =  104.8576 Mbps     0 retrans   2988 KB-cwnd
    1.2500 MB /   0.10 sec =  104.8628 Mbps     0 retrans   2988 KB-cwnd
    1.1875 MB /   0.10 sec =   99.6068 Mbps     0 retrans   2988 KB-cwnd
    1.2500 MB /   0.10 sec =  104.8649 Mbps     0 retrans   2988 KB-cwnd
    1.3125 MB /   0.10 sec =  110.0972 Mbps     0 retrans   2988 KB-cwnd
    1.3750 MB /   0.10 sec =  115.3468 Mbps     0 retrans   2988 KB-cwnd
    1.0625 MB /   0.10 sec =   89.1227 Mbps     0 retrans   2988 KB-cwnd
    1.1875 MB /   0.10 sec =   99.6147 Mbps     0 retrans   2988 KB-cwnd
    1.1250 MB /   0.10 sec =   94.3794 Mbps     0 retrans   2988 KB-cwnd
    1.3750 MB /   0.10 sec =  115.3457 Mbps     0 retrans   2988 KB-cwnd
    1.2500 MB /   0.10 sec =  104.8555 Mbps     0 retrans   2988 KB-cwnd
    1.1875 MB /   0.10 sec =   99.6157 Mbps     0 retrans   2988 KB-cwnd
    1.2500 MB /   0.10 sec =  104.8566 Mbps     0 retrans   2988 KB-cwnd
    1.2500 MB /   0.10 sec =  104.8534 Mbps     0 retrans   2988 KB-cwnd
    1.3750 MB /   0.10 sec =  115.3445 Mbps     0 retrans   2988 KB-cwnd
    1.1250 MB /   0.10 sec =   94.3671 Mbps     0 retrans   2988 KB-cwnd
    1.3750 MB /   0.10 sec =  115.3053 Mbps     0 retrans   2988 KB-cwnd
    1.2500 MB /   0.10 sec =  104.8901 Mbps     0 retrans   2988 KB-cwnd
    1.2500 MB /   0.10 sec =  104.8566 Mbps     0 retrans   2988 KB-cwnd
    1.3750 MB /   0.10 sec =  115.3503 Mbps     0 retrans   2988 KB-cwnd
    1.3750 MB /   0.10 sec =  115.3445 Mbps     0 retrans   2988 KB-cwnd
    1.3750 MB /   0.10 sec =  115.3376 Mbps     0 retrans   2988 KB-cwnd
    1.3125 MB /   0.10 sec =  110.0840 Mbps     0 retrans   2988 KB-cwnd
    1.3750 MB /   0.10 sec =  115.3676 Mbps     0 retrans   2988 KB-cwnd
    1.3125 MB /   0.10 sec =  110.0950 Mbps     0 retrans   2988 KB-cwnd
    1.3750 MB /   0.10 sec =  115.3399 Mbps     0 retrans   2988 KB-cwnd
    1.2500 MB /   0.10 sec =  104.8492 Mbps     0 retrans   2988 KB-cwnd
    1.3125 MB /   0.10 sec =  110.1170 Mbps     0 retrans   2988 KB-cwnd
    1.3750 MB /   0.10 sec =  115.3411 Mbps     0 retrans   2988 KB-cwnd
    1.3750 MB /   0.10 sec =  115.3514 Mbps     0 retrans   2988 KB-cwnd
    1.3125 MB /   0.10 sec =  110.0686 Mbps     0 retrans   2988 KB-cwnd
    1.2500 MB /   0.10 sec =  104.8880 Mbps     0 retrans   2988 KB-cwnd
    1.1875 MB /   0.10 sec =   99.5838 Mbps     0 retrans   2988 KB-cwnd
    1.3750 MB /   0.10 sec =  115.3514 Mbps     0 retrans   2988 KB-cwnd
    1.2500 MB /   0.10 sec =  104.8628 Mbps     0 retrans   2988 KB-cwnd
    1.3750 MB /   0.10 sec =  115.3503 Mbps     0 retrans   2988 KB-cwnd
    1.3125 MB /   0.10 sec =  110.0796 Mbps     0 retrans   2988 KB-cwnd
    1.4375 MB /   0.10 sec =  120.6224 Mbps     0 retrans   2988 KB-cwnd
    1.3750 MB /   0.10 sec =  115.3468 Mbps     0 retrans   2988 KB-cwnd
    1.3750 MB /   0.10 sec =  115.3411 Mbps     0 retrans   2988 KB-cwnd
    1.3125 MB /   0.10 sec =  110.0763 Mbps     0 retrans   2988 KB-cwnd
    1.5000 MB /   0.10 sec =  125.8568 Mbps     0 retrans   2988 KB-cwnd
    1.2500 MB /   0.10 sec =  104.8555 Mbps     0 retrans   2988 KB-cwnd
    1.1250 MB /   0.10 sec =   94.3567 Mbps     0 retrans   2988 KB-cwnd
    1.1875 MB /   0.10 sec =   99.6317 Mbps     0 retrans   2988 KB-cwnd
    1.1875 MB /   0.10 sec =   99.6087 Mbps     0 retrans   2988 KB-cwnd
    1.0000 MB /   0.10 sec =   83.8810 Mbps     0 retrans   2988 KB-cwnd
    1.1875 MB /   0.10 sec =   99.6247 Mbps     0 retrans   2988 KB-cwnd
    1.1875 MB /   0.10 sec =   99.6177 Mbps     0 retrans   2988 KB-cwnd
    1.2500 MB /   0.10 sec =  104.8607 Mbps     0 retrans   2988 KB-cwnd
    1.2500 MB /   0.10 sec =  104.8503 Mbps     0 retrans   2988 KB-cwnd
    1.3125 MB /   0.10 sec =  110.0048 Mbps     0 retrans   2988 KB-cwnd
    1.1875 MB /   0.10 sec =   99.6965 Mbps     0 retrans   2988 KB-cwnd
    1.3125 MB /   0.10 sec =  110.0972 Mbps     0 retrans   2988 KB-cwnd
    1.3750 MB /   0.10 sec =  115.3526 Mbps     0 retrans   2988 KB-cwnd
    1.3750 MB /   0.10 sec =  115.3468 Mbps     0 retrans   2988 KB-cwnd
    1.3125 MB /   0.10 sec =  110.0807 Mbps     0 retrans   2988 KB-cwnd
    1.3750 MB /   0.10 sec =  115.3641 Mbps     0 retrans   2988 KB-cwnd
    1.3750 MB /   0.10 sec =  115.3457 Mbps     0 retrans   2988 KB-cwnd
    1.3125 MB /   0.10 sec =  110.0862 Mbps     0 retrans   2988 KB-cwnd
    1.2500 MB /   0.10 sec =  104.8345 Mbps     0 retrans   2988 KB-cwnd
    1.5000 MB /   0.10 sec =  125.8455 Mbps     0 retrans   2988 KB-cwnd
    1.2500 MB /   0.10 sec =  104.8450 Mbps     0 retrans   2988 KB-cwnd
    1.3125 MB /   0.10 sec =  110.1324 Mbps     0 retrans   2988 KB-cwnd
    1.2500 MB /   0.10 sec =  104.7968 Mbps     0 retrans   2988 KB-cwnd
    1.3125 MB /   0.10 sec =  110.1545 Mbps     0 retrans   2988 KB-cwnd
    1.5000 MB /   0.10 sec =  125.8316 Mbps     0 retrans   2988 KB-cwnd
    1.1875 MB /   0.10 sec =   99.6207 Mbps     0 retrans   2988 KB-cwnd
    1.1875 MB /   0.10 sec =   99.6137 Mbps     0 retrans   2988 KB-cwnd
    1.3125 MB /   0.10 sec =  110.0928 Mbps     0 retrans   2988 KB-cwnd
    1.3750 MB /   0.10 sec =  115.3526 Mbps     0 retrans   2988 KB-cwnd
    1.3750 MB /   0.10 sec =  115.3157 Mbps     0 retrans   2988 KB-cwnd
    1.1250 MB /   0.10 sec =   94.3520 Mbps     0 retrans   2988 KB-cwnd
    1.3125 MB /   0.10 sec =  110.1500 Mbps     0 retrans   2988 KB-cwnd
    1.3125 MB /   0.10 sec =  110.0994 Mbps     0 retrans   2988 KB-cwnd
    1.3125 MB /   0.10 sec =  110.1016 Mbps     0 retrans   2988 KB-cwnd
    1.1875 MB /   0.10 sec =   99.5858 Mbps     0 retrans   2988 KB-cwnd
    1.2500 MB /   0.10 sec =  104.8859 Mbps     0 retrans   2988 KB-cwnd
    0.9375 MB /   0.10 sec =   78.6448 Mbps     0 retrans   2988 KB-cwnd
    1.0625 MB /   0.10 sec =   89.1281 Mbps     0 retrans   2988 KB-cwnd
    1.0000 MB /   0.10 sec =   83.8852 Mbps     0 retrans   2988 KB-cwnd
    1.2500 MB /   0.10 sec =  104.7989 Mbps     0 retrans   2988 KB-cwnd
    1.1875 MB /   0.10 sec =   99.6616 Mbps     0 retrans   2988 KB-cwnd
    1.2500 MB /   0.10 sec =  104.8733 Mbps     0 retrans   2988 KB-cwnd
    1.2500 MB /   0.10 sec =  104.7958 Mbps     0 retrans   2988 KB-cwnd
    1.3125 MB /   0.10 sec =  110.1600 Mbps     0 retrans   2988 KB-cwnd
    1.1875 MB /   0.10 sec =   99.6087 Mbps     0 retrans   2988 KB-cwnd
    1.2500 MB /   0.10 sec =  104.8639 Mbps     0 retrans   2988 KB-cwnd
    1.0625 MB /   0.10 sec =   89.1272 Mbps     0 retrans   2988 KB-cwnd
    1.1250 MB /   0.10 sec =   94.2766 Mbps     0 retrans   2988 KB-cwnd
    1.1250 MB /   0.10 sec =   94.4465 Mbps     0 retrans   2988 KB-cwnd
    1.1250 MB /   0.10 sec =   94.3973 Mbps     0 retrans   2988 KB-cwnd
    1.0625 MB /   0.10 sec =   89.1200 Mbps     0 retrans   2988 KB-cwnd
    1.1250 MB /   0.10 sec =   94.3709 Mbps     0 retrans   2988 KB-cwnd
    1.1250 MB /   0.10 sec =   94.3747 Mbps     0 retrans   2988 KB-cwnd
    1.0625 MB /   0.10 sec =   89.1218 Mbps     0 retrans   2988 KB-cwnd
    1.1875 MB /   0.10 sec =   99.6207 Mbps     0 retrans   2988 KB-cwnd
    1.2500 MB /   0.10 sec =  104.8691 Mbps     0 retrans   2988 KB-cwnd
    1.0625 MB /   0.10 sec =   89.1174 Mbps     0 retrans   2988 KB-cwnd
    1.1250 MB /   0.10 sec =   94.3718 Mbps     0 retrans   2988 KB-cwnd
    1.2500 MB /   0.10 sec =  104.8408 Mbps     0 retrans   2988 KB-cwnd
    1.0000 MB /   0.10 sec =   83.9054 Mbps     0 retrans   2988 KB-cwnd
    1.0625 MB /   0.10 sec =   88.9972 Mbps     0 retrans   2988 KB-cwnd
    1.1875 MB /   0.10 sec =   99.7704 Mbps     0 retrans   2988 KB-cwnd
    1.1250 MB /   0.10 sec =   94.3662 Mbps     0 retrans   2988 KB-cwnd
    1.1875 MB /   0.10 sec =   99.6077 Mbps     0 retrans   2988 KB-cwnd
    1.0625 MB /   0.10 sec =   89.1334 Mbps     0 retrans   2988 KB-cwnd
    1.0625 MB /   0.10 sec =   89.1316 Mbps     0 retrans   2988 KB-cwnd
    1.1250 MB /   0.10 sec =   94.2606 Mbps     0 retrans   2988 KB-cwnd
    1.1875 MB /   0.10 sec =   99.7314 Mbps     0 retrans   2988 KB-cwnd
    1.1250 MB /   0.10 sec =   94.3624 Mbps     0 retrans   2988 KB-cwnd
    1.0625 MB /   0.10 sec =   89.1370 Mbps     0 retrans   2988 KB-cwnd
    1.1875 MB /   0.10 sec =   99.6137 Mbps     0 retrans   2988 KB-cwnd
    1.2500 MB /   0.10 sec =  104.8167 Mbps     0 retrans   2988 KB-cwnd
    1.0625 MB /   0.10 sec =   89.1539 Mbps     0 retrans   2988 KB-cwnd
    1.1250 MB /   0.10 sec =   94.3879 Mbps     0 retrans   2988 KB-cwnd
    1.1250 MB /   0.10 sec =   94.3549 Mbps     0 retrans   2988 KB-cwnd
    1.2500 MB /   0.10 sec =  104.8723 Mbps     0 retrans   2988 KB-cwnd
    1.0625 MB /   0.10 sec =   89.1263 Mbps     0 retrans   2988 KB-cwnd
    1.0625 MB /   0.10 sec =   89.1370 Mbps     0 retrans   2988 KB-cwnd
    1.1250 MB /   0.10 sec =   94.3624 Mbps     0 retrans   2988 KB-cwnd
    1.1875 MB /   0.10 sec =   99.6087 Mbps     0 retrans   2988 KB-cwnd
    1.0625 MB /   0.10 sec =   89.1370 Mbps     0 retrans   2988 KB-cwnd
    1.1875 MB /   0.10 sec =   99.6068 Mbps     0 retrans   2988 KB-cwnd
    1.0625 MB /   0.10 sec =   89.1352 Mbps     0 retrans   2988 KB-cwnd
    1.0000 MB /   0.10 sec =   83.8852 Mbps     0 retrans   2988 KB-cwnd
    1.0625 MB /   0.10 sec =   89.1299 Mbps     0 retrans   2988 KB-cwnd
    1.1250 MB /   0.10 sec =   94.3794 Mbps     0 retrans   2988 KB-cwnd
    1.3125 MB /   0.10 sec =  110.0950 Mbps     0 retrans   2988 KB-cwnd
    1.1250 MB /   0.10 sec =   94.3700 Mbps     0 retrans   2988 KB-cwnd
    1.0625 MB /   0.10 sec =   89.1147 Mbps     0 retrans   2988 KB-cwnd
    1.1250 MB /   0.10 sec =   94.3841 Mbps     0 retrans   2988 KB-cwnd
    1.1250 MB /   0.10 sec =   94.3775 Mbps     0 retrans   2988 KB-cwnd
    1.1875 MB /   0.10 sec =   99.6008 Mbps     0 retrans   2988 KB-cwnd
    1.1875 MB /   0.10 sec =   99.6237 Mbps     0 retrans   2988 KB-cwnd
    1.3125 MB /   0.10 sec =  110.1104 Mbps     0 retrans   2988 KB-cwnd
    1.2500 MB /   0.10 sec =  104.8293 Mbps     0 retrans   2988 KB-cwnd
    1.1875 MB /   0.10 sec =   99.5958 Mbps     0 retrans   2988 KB-cwnd
    1.1250 MB /   0.10 sec =   94.3615 Mbps     0 retrans   2988 KB-cwnd
    1.1875 MB /   0.10 sec =   99.6466 Mbps     0 retrans   2988 KB-cwnd
    1.0625 MB /   0.10 sec =   89.1085 Mbps     0 retrans   2988 KB-cwnd
    1.3125 MB /   0.10 sec =  110.1523 Mbps     0 retrans   2988 KB-cwnd
    1.2500 MB /   0.10 sec =  104.8398 Mbps     0 retrans   2988 KB-cwnd
    1.3750 MB /   0.10 sec =  115.3653 Mbps     0 retrans   2988 KB-cwnd
    1.1875 MB /   0.10 sec =   99.5918 Mbps     0 retrans   2988 KB-cwnd
    1.3750 MB /   0.10 sec =  115.3514 Mbps     0 retrans   2988 KB-cwnd
    1.2500 MB /   0.10 sec =  104.8545 Mbps     0 retrans   2988 KB-cwnd
    1.3750 MB /   0.10 sec =  115.3595 Mbps     0 retrans   2988 KB-cwnd
    1.3750 MB /   0.10 sec =  115.3434 Mbps     0 retrans   2988 KB-cwnd
    1.3750 MB /   0.10 sec =  115.3457 Mbps     0 retrans   2988 KB-cwnd
    1.2500 MB /   0.10 sec =  104.8566 Mbps     0 retrans   2988 KB-cwnd
    1.1875 MB /   0.10 sec =   99.6127 Mbps     0 retrans   2988 KB-cwnd
    1.1875 MB /   0.10 sec =   99.5301 Mbps     0 retrans   2988 KB-cwnd
    1.1250 MB /   0.10 sec =   94.4408 Mbps     0 retrans   2988 KB-cwnd
    1.1875 MB /   0.10 sec =   99.6097 Mbps     0 retrans   2988 KB-cwnd
    1.2500 MB /   0.10 sec =  104.8754 Mbps     0 retrans   2988 KB-cwnd
    1.1250 MB /   0.10 sec =   94.3718 Mbps     0 retrans   2988 KB-cwnd
    1.2500 MB /   0.10 sec =  104.8555 Mbps     0 retrans   2988 KB-cwnd
    1.1875 MB /   0.10 sec =   99.6187 Mbps     0 retrans   2988 KB-cwnd
    1.0625 MB /   0.10 sec =   89.1076 Mbps     0 retrans   2988 KB-cwnd
    1.1250 MB /   0.10 sec =   94.3917 Mbps     0 retrans   2988 KB-cwnd
    1.1250 MB /   0.10 sec =   94.3690 Mbps     0 retrans   2988 KB-cwnd
    1.1875 MB /   0.10 sec =   99.6167 Mbps     0 retrans   2988 KB-cwnd
    1.0625 MB /   0.10 sec =   89.1209 Mbps     0 retrans   2988 KB-cwnd
    1.1875 MB /   0.10 sec =   99.6267 Mbps     0 retrans   2988 KB-cwnd
    0.9375 MB /   0.10 sec =   78.6369 Mbps     0 retrans   2988 KB-cwnd
    1.0000 MB /   0.10 sec =   83.8777 Mbps     0 retrans   2988 KB-cwnd
    1.0000 MB /   0.10 sec =   83.8987 Mbps     0 retrans   2988 KB-cwnd
    1.0000 MB /   0.10 sec =   83.8727 Mbps     0 retrans   2988 KB-cwnd
    1.1875 MB /   0.10 sec =   99.6267 Mbps     0 retrans   2988 KB-cwnd
    0.8750 MB /   0.10 sec =   73.3922 Mbps     0 retrans   2988 KB-cwnd
    1.0625 MB /   0.10 sec =   89.1361 Mbps     0 retrans   2988 KB-cwnd
    1.0625 MB /   0.10 sec =   89.1405 Mbps     0 retrans   2988 KB-cwnd
    1.0625 MB /   0.10 sec =   89.1299 Mbps     0 retrans   2988 KB-cwnd
    1.0625 MB /   0.10 sec =   89.1236 Mbps     0 retrans   2988 KB-cwnd
    1.0000 MB /   0.10 sec =   83.8911 Mbps     0 retrans   2988 KB-cwnd
    1.0625 MB /   0.10 sec =   89.1156 Mbps     0 retrans   2988 KB-cwnd
    1.1250 MB /   0.10 sec =   94.3775 Mbps     0 retrans   2988 KB-cwnd
    1.0000 MB /   0.10 sec =   83.8936 Mbps     0 retrans   2988 KB-cwnd
    1.0000 MB /   0.10 sec =   83.8878 Mbps     0 retrans   2988 KB-cwnd
    1.0000 MB /   0.10 sec =   83.8660 Mbps     0 retrans   2988 KB-cwnd
    1.1875 MB /   0.10 sec =   99.6327 Mbps     0 retrans   2988 KB-cwnd
    1.2500 MB /   0.10 sec =  104.8576 Mbps     0 retrans   2988 KB-cwnd
    1.3750 MB /   0.10 sec =  115.3053 Mbps     0 retrans   2988 KB-cwnd
    1.1875 MB /   0.10 sec =   99.6327 Mbps     0 retrans   2988 KB-cwnd
    1.3125 MB /   0.10 sec =  110.1082 Mbps     0 retrans   2988 KB-cwnd
    1.3750 MB /   0.10 sec =  115.3514 Mbps     0 retrans   2988 KB-cwnd
    1.0000 MB /   0.10 sec =   83.8769 Mbps     0 retrans   2988 KB-cwnd
    1.1875 MB /   0.10 sec =   99.6217 Mbps     0 retrans   2988 KB-cwnd
    1.1875 MB /   0.10 sec =   99.6237 Mbps     0 retrans   2988 KB-cwnd
    1.1250 MB /   0.10 sec =   94.3633 Mbps     0 retrans   2988 KB-cwnd
    1.2500 MB /   0.10 sec =  104.8649 Mbps     0 retrans   2988 KB-cwnd
    1.2500 MB /   0.10 sec =  104.7508 Mbps     0 retrans   2988 KB-cwnd
    1.4375 MB /   0.10 sec =  120.7094 Mbps     0 retrans   2988 KB-cwnd
    1.1250 MB /   0.10 sec =   94.3633 Mbps     0 retrans   2988 KB-cwnd
    1.1875 MB /   0.10 sec =   99.5809 Mbps     0 retrans   2988 KB-cwnd
    1.3750 MB /   0.10 sec =  115.3618 Mbps     0 retrans   2988 KB-cwnd
    1.1875 MB /   0.10 sec =   99.5311 Mbps     0 retrans   2988 KB-cwnd
    1.3750 MB /   0.10 sec =  115.4727 Mbps     0 retrans   2988 KB-cwnd
    1.1875 MB /   0.10 sec =   99.6127 Mbps     0 retrans   2988 KB-cwnd
    1.0625 MB /   0.10 sec =   89.1272 Mbps     0 retrans   2988 KB-cwnd
    1.1875 MB /   0.10 sec =   99.6147 Mbps     0 retrans   2988 KB-cwnd
    1.2500 MB /   0.10 sec =  104.8639 Mbps     0 retrans   2988 KB-cwnd
    1.0625 MB /   0.10 sec =   89.1254 Mbps     0 retrans   2988 KB-cwnd
    1.0000 MB /   0.10 sec =   83.8844 Mbps     0 retrans   2988 KB-cwnd
    1.1250 MB /   0.10 sec =   94.3766 Mbps     0 retrans   2988 KB-cwnd
    1.0000 MB /   0.10 sec =   83.8836 Mbps     0 retrans   2988 KB-cwnd
    0.8125 MB /   0.10 sec =   68.1424 Mbps     0 retrans   2988 KB-cwnd
    0.8750 MB /   0.10 sec =   73.4011 Mbps     0 retrans   2988 KB-cwnd
    0.9375 MB /   0.10 sec =   78.6613 Mbps     0 retrans   2988 KB-cwnd
    0.6250 MB /   0.10 sec =   52.4236 Mbps     0 retrans   2988 KB-cwnd
    0.5625 MB /   0.10 sec =   47.1883 Mbps     0 retrans   2988 KB-cwnd
    0.6250 MB /   0.10 sec =   52.4236 Mbps     0 retrans   2988 KB-cwnd
    0.6250 MB /   0.10 sec =   52.4304 Mbps     0 retrans   2988 KB-cwnd
    0.9375 MB /   0.10 sec =   78.5395 Mbps     0 retrans   2988 KB-cwnd
    1.3750 MB /   0.10 sec =  115.5062 Mbps     0 retrans   2988 KB-cwnd
    1.2500 MB /   0.10 sec =  104.8461 Mbps     0 retrans   2988 KB-cwnd
    1.0625 MB /   0.10 sec =   89.1218 Mbps     0 retrans   2988 KB-cwnd
    1.4375 MB /   0.10 sec =  120.6007 Mbps     0 retrans   2988 KB-cwnd
    1.2500 MB /   0.10 sec =  104.8660 Mbps     0 retrans   2988 KB-cwnd
    1.1250 MB /   0.10 sec =   94.3662 Mbps     0 retrans   2988 KB-cwnd
    1.1875 MB /   0.10 sec =   99.6207 Mbps     0 retrans   2988 KB-cwnd
    1.2500 MB /   0.10 sec =  104.8513 Mbps     0 retrans   2988 KB-cwnd
    1.1250 MB /   0.10 sec =   94.3794 Mbps     0 retrans   2988 KB-cwnd
    1.0625 MB /   0.10 sec =   89.1281 Mbps     0 retrans   2988 KB-cwnd
    1.1875 MB /   0.10 sec =   99.5898 Mbps     0 retrans   2988 KB-cwnd
    1.0000 MB /   0.10 sec =   83.8852 Mbps     0 retrans   2988 KB-cwnd
    1.1875 MB /   0.10 sec =   99.6416 Mbps     0 retrans   2988 KB-cwnd
    1.3750 MB /   0.10 sec =  115.3376 Mbps     0 retrans   2988 KB-cwnd
    1.1875 MB /   0.10 sec =   99.6197 Mbps     0 retrans   2988 KB-cwnd
    1.0625 MB /   0.10 sec =   89.1299 Mbps     0 retrans   2988 KB-cwnd
    1.1875 MB /   0.10 sec =   99.6157 Mbps     0 retrans   2988 KB-cwnd
    1.1250 MB /   0.10 sec =   94.3681 Mbps     0 retrans   2988 KB-cwnd
    1.1250 MB /   0.10 sec =   94.3567 Mbps     0 retrans   2988 KB-cwnd
    1.0625 MB /   0.10 sec =   89.1236 Mbps     0 retrans   2988 KB-cwnd
    1.0000 MB /   0.10 sec =   83.8936 Mbps     0 retrans   2988 KB-cwnd
    1.0625 MB /   0.10 sec =   89.1379 Mbps     0 retrans   2988 KB-cwnd
    1.0000 MB /   0.10 sec =   83.8274 Mbps     0 retrans   2988 KB-cwnd
    1.0625 MB /   0.10 sec =   89.1932 Mbps     0 retrans   2988 KB-cwnd
    1.1250 MB /   0.10 sec =   94.3718 Mbps     0 retrans   2988 KB-cwnd
    1.0625 MB /   0.10 sec =   89.1316 Mbps     0 retrans   2988 KB-cwnd
    1.2500 MB /   0.10 sec =  104.8566 Mbps     0 retrans   2988 KB-cwnd
    1.1250 MB /   0.10 sec =   94.3681 Mbps     0 retrans   2988 KB-cwnd
    1.1875 MB /   0.10 sec =   99.6197 Mbps     0 retrans   2988 KB-cwnd
    1.1875 MB /   0.10 sec =   99.6137 Mbps     0 retrans   2988 KB-cwnd
    1.1875 MB /   0.10 sec =   99.6117 Mbps     0 retrans   2988 KB-cwnd
    1.1875 MB /   0.10 sec =   99.6187 Mbps     0 retrans   2988 KB-cwnd
    1.1875 MB /   0.10 sec =   99.6187 Mbps     0 retrans   2988 KB-cwnd
    1.3125 MB /   0.10 sec =  110.0939 Mbps     0 retrans   2988 KB-cwnd
    1.1875 MB /   0.10 sec =   99.5789 Mbps     0 retrans   2988 KB-cwnd
    1.1250 MB /   0.10 sec =   94.4077 Mbps     0 retrans   2988 KB-cwnd
    1.3750 MB /   0.10 sec =  115.3445 Mbps     0 retrans   2988 KB-cwnd
nuttcp-t: 378.4388 MB in 30.00 real seconds = 12917.34 KB/sec = 105.8188 Mbps
nuttcp-t: retrans = 0 cwnd = 2988 KB
nuttcp-t: 6056 I/O calls, msec/call = 5.07, calls/sec = 201.87
nuttcp-t: 0.0user 0.0sys 0:30real 0% 0i+0d 1290maxrss 0+1pf 34+3csw

nuttcp-r: 378.4388 MB in 32.10 real seconds = 12073.67 KB/sec = 98.9075 Mbps
nuttcp-r: 56798 I/O calls, msec/call = 0.58, calls/sec = 1769.61
nuttcp-r: 0.0user 0.5sys 0:32real 1% 0i+0d 100maxrss 0+15pf 49835+20csw
