1660513392668
nuttcp-t: v8.1.4: socket
nuttcp-t: buflen=65536, nstream=1, port=5005 tcp -> 3.19.94.93
nuttcp-t: time limit = 30.00 seconds
nuttcp-t: connect to 3.19.94.93 with mss=1384, RTT=49.117 ms af=inet
nuttcp-t: send window size = 33554432, receive window size = 4194304
nuttcp-t: available send window = 25165824, available receive window = 3145728
nuttcp-t: initial congestion window = 13 KB (10 packets)
nuttcp-r: Warning: receive window size 25000000 < requested window size 26214400
nuttcp-r: v6.1.2: socket
nuttcp-r: buflen=65536, nstream=1, port=5005 tcp
nuttcp-r: interval reporting every 0.10 seconds
nuttcp-r: accept from 172.58.123.228
nuttcp-r: send window size = 25000000, receive window size = 50000000
nuttcp-r: available send window = 12500000, available receive window = 25000000
    0.0000 MB /   0.10 sec =    0.0000 Mbps     0 retrans   2057 KB-cwnd
    0.0625 MB /   0.10 sec =    5.2433 Mbps     0 retrans   2057 KB-cwnd
    0.1250 MB /   0.10 sec =   10.4865 Mbps     0 retrans   2057 KB-cwnd
    0.1875 MB /   0.10 sec =   15.7228 Mbps     0 retrans   2057 KB-cwnd
    0.3125 MB /   0.10 sec =   26.2254 Mbps     0 retrans   2057 KB-cwnd
    0.1875 MB /   0.10 sec =   15.7285 Mbps     0 retrans   2057 KB-cwnd
    0.3125 MB /   0.10 sec =   26.2149 Mbps     0 retrans   2057 KB-cwnd
    0.1875 MB /   0.10 sec =   15.7288 Mbps     0 retrans   2057 KB-cwnd
    0.2500 MB /   0.10 sec =   20.9694 Mbps     0 retrans   2057 KB-cwnd
    0.1875 MB /   0.10 sec =   15.7297 Mbps     0 retrans   2057 KB-cwnd
    0.6875 MB /   0.10 sec =   57.6717 Mbps     0 retrans   2057 KB-cwnd
    0.9375 MB /   0.10 sec =   78.6401 Mbps     0 retrans   2057 KB-cwnd
    1.0000 MB /   0.10 sec =   83.8894 Mbps     0 retrans   2057 KB-cwnd
    0.6875 MB /   0.10 sec =   57.6665 Mbps     0 retrans   2057 KB-cwnd
    0.5000 MB /   0.10 sec =   41.9477 Mbps     0 retrans   2057 KB-cwnd
    0.9375 MB /   0.10 sec =   78.6424 Mbps     0 retrans   2057 KB-cwnd
    0.9375 MB /   0.10 sec =   78.6385 Mbps     0 retrans   2057 KB-cwnd
    0.9375 MB /   0.10 sec =   78.6487 Mbps     0 retrans   2057 KB-cwnd
    0.8750 MB /   0.10 sec =   73.4033 Mbps     0 retrans   2057 KB-cwnd
    0.9375 MB /   0.10 sec =   78.5819 Mbps     0 retrans   2057 KB-cwnd
    0.8750 MB /   0.10 sec =   73.4561 Mbps     0 retrans   2057 KB-cwnd
    0.7500 MB /   0.10 sec =   62.9164 Mbps     0 retrans   2057 KB-cwnd
    1.0000 MB /   0.10 sec =   83.8785 Mbps     0 retrans   2057 KB-cwnd
    0.8750 MB /   0.10 sec =   73.4018 Mbps     0 retrans   2057 KB-cwnd
    0.8750 MB /   0.10 sec =   73.4018 Mbps     0 retrans   2057 KB-cwnd
    0.8125 MB /   0.10 sec =   68.1568 Mbps     0 retrans   2057 KB-cwnd
    0.6875 MB /   0.10 sec =   57.6717 Mbps     0 retrans   2057 KB-cwnd
    0.8125 MB /   0.10 sec =   68.1595 Mbps     0 retrans   2057 KB-cwnd
    0.6875 MB /   0.10 sec =   57.6740 Mbps     0 retrans   2057 KB-cwnd
    0.7500 MB /   0.10 sec =   62.9114 Mbps     0 retrans   2057 KB-cwnd
    0.8125 MB /   0.10 sec =   68.1411 Mbps     0 retrans   2057 KB-cwnd
    0.6875 MB /   0.10 sec =   57.6832 Mbps     0 retrans   2057 KB-cwnd
    0.7500 MB /   0.10 sec =   62.9152 Mbps     0 retrans   2176 KB-cwnd
    0.6875 MB /   0.10 sec =   57.6636 Mbps     0 retrans   2176 KB-cwnd
    0.6875 MB /   0.10 sec =   57.6757 Mbps     0 retrans   2176 KB-cwnd
    0.8750 MB /   0.10 sec =   73.4084 Mbps     0 retrans   2176 KB-cwnd
    0.6250 MB /   0.10 sec =   52.4272 Mbps     0 retrans   2176 KB-cwnd
    0.7500 MB /   0.10 sec =   62.9177 Mbps     0 retrans   2176 KB-cwnd
    0.7500 MB /   0.10 sec =   62.9076 Mbps     0 retrans   2176 KB-cwnd
    0.8125 MB /   0.10 sec =   68.1547 Mbps     0 retrans   2176 KB-cwnd
    0.7500 MB /   0.10 sec =   62.9051 Mbps     0 retrans   2176 KB-cwnd
    1.0000 MB /   0.10 sec =   83.9079 Mbps     0 retrans   2176 KB-cwnd
    0.9375 MB /   0.10 sec =   78.6133 Mbps     0 retrans   2176 KB-cwnd
    0.9375 MB /   0.10 sec =   78.6715 Mbps     0 retrans   2176 KB-cwnd
    0.8125 MB /   0.10 sec =   68.1615 Mbps     0 retrans   2176 KB-cwnd
    1.0000 MB /   0.10 sec =   83.8634 Mbps     0 retrans   2242 KB-cwnd
    0.9375 MB /   0.10 sec =   78.6589 Mbps     0 retrans   2242 KB-cwnd
    0.8750 MB /   0.10 sec =   73.4040 Mbps     0 retrans   2242 KB-cwnd
    1.0000 MB /   0.10 sec =   83.8844 Mbps     0 retrans   2242 KB-cwnd
    1.0000 MB /   0.10 sec =   83.8836 Mbps     0 retrans   2242 KB-cwnd
    0.9375 MB /   0.10 sec =   78.6471 Mbps     0 retrans   2242 KB-cwnd
    1.0000 MB /   0.10 sec =   83.8752 Mbps     0 retrans   2242 KB-cwnd
    0.9375 MB /   0.10 sec =   78.6503 Mbps     0 retrans   2242 KB-cwnd
    0.8750 MB /   0.10 sec =   73.4011 Mbps     0 retrans   2242 KB-cwnd
    0.7500 MB /   0.10 sec =   62.9146 Mbps     0 retrans   2242 KB-cwnd
    0.8750 MB /   0.10 sec =   73.3981 Mbps     0 retrans   2242 KB-cwnd
    0.8750 MB /   0.10 sec =   73.3812 Mbps     0 retrans   2242 KB-cwnd
    1.0625 MB /   0.10 sec =   89.1477 Mbps     0 retrans   2242 KB-cwnd
    0.8125 MB /   0.10 sec =   68.1608 Mbps     0 retrans   2242 KB-cwnd
    0.9375 MB /   0.10 sec =   78.6408 Mbps     0 retrans   2242 KB-cwnd
    1.0000 MB /   0.10 sec =   83.8953 Mbps     0 retrans   2242 KB-cwnd
    0.9375 MB /   0.10 sec =   78.6424 Mbps     0 retrans   2242 KB-cwnd
    0.9375 MB /   0.10 sec =   78.6314 Mbps     0 retrans   2242 KB-cwnd
    0.9375 MB /   0.10 sec =   78.6558 Mbps     0 retrans   2242 KB-cwnd
    0.8750 MB /   0.10 sec =   73.3930 Mbps     0 retrans   2242 KB-cwnd
    0.8750 MB /   0.10 sec =   73.4084 Mbps     0 retrans   2242 KB-cwnd
    0.7500 MB /   0.10 sec =   62.9083 Mbps     0 retrans   2242 KB-cwnd
    0.8750 MB /   0.10 sec =   73.4055 Mbps     0 retrans   2242 KB-cwnd
    0.6875 MB /   0.10 sec =   57.6607 Mbps     0 retrans   2242 KB-cwnd
    0.8750 MB /   0.10 sec =   73.4150 Mbps     0 retrans   2242 KB-cwnd
    1.0000 MB /   0.10 sec =   83.8836 Mbps     0 retrans   2242 KB-cwnd
    1.0000 MB /   0.10 sec =   83.8626 Mbps     0 retrans   2242 KB-cwnd
    0.8750 MB /   0.10 sec =   73.4216 Mbps     0 retrans   2242 KB-cwnd
    0.9375 MB /   0.10 sec =   78.6401 Mbps     0 retrans   2242 KB-cwnd
    0.9375 MB /   0.10 sec =   78.6448 Mbps     0 retrans   2242 KB-cwnd
    0.8750 MB /   0.10 sec =   73.4025 Mbps     0 retrans   2242 KB-cwnd
    0.9375 MB /   0.10 sec =   78.6369 Mbps     0 retrans   2242 KB-cwnd
    0.8750 MB /   0.10 sec =   73.4055 Mbps     0 retrans   2242 KB-cwnd
    0.9375 MB /   0.10 sec =   78.6346 Mbps     0 retrans   2242 KB-cwnd
    0.8125 MB /   0.10 sec =   68.1629 Mbps     0 retrans   2242 KB-cwnd
    0.5625 MB /   0.10 sec =   47.1864 Mbps     0 retrans   2242 KB-cwnd
    0.8125 MB /   0.10 sec =   68.1527 Mbps     0 retrans   2242 KB-cwnd
    0.8125 MB /   0.10 sec =   68.1534 Mbps     0 retrans   2242 KB-cwnd
    0.9375 MB /   0.10 sec =   78.6385 Mbps     0 retrans   2242 KB-cwnd
    0.8125 MB /   0.10 sec =   68.1731 Mbps     0 retrans   2242 KB-cwnd
    0.8750 MB /   0.10 sec =   73.3944 Mbps     0 retrans   2242 KB-cwnd
    0.8750 MB /   0.10 sec =   73.3460 Mbps     0 retrans   2242 KB-cwnd
    0.7500 MB /   0.10 sec =   62.9580 Mbps     0 retrans   2242 KB-cwnd
    0.9375 MB /   0.10 sec =   78.6526 Mbps     0 retrans   2242 KB-cwnd
    0.9375 MB /   0.10 sec =   78.6432 Mbps     0 retrans   2242 KB-cwnd
    0.8750 MB /   0.10 sec =   73.3989 Mbps     0 retrans   2242 KB-cwnd
    1.0000 MB /   0.10 sec =   83.8810 Mbps     0 retrans   2242 KB-cwnd
    0.9375 MB /   0.10 sec =   78.6463 Mbps     0 retrans   2242 KB-cwnd
    0.8125 MB /   0.10 sec =   68.1574 Mbps     0 retrans   2242 KB-cwnd
    0.8750 MB /   0.10 sec =   73.3989 Mbps     0 retrans   2242 KB-cwnd
    0.8750 MB /   0.10 sec =   73.4077 Mbps     0 retrans   2242 KB-cwnd
    0.7500 MB /   0.10 sec =   62.9108 Mbps     0 retrans   2242 KB-cwnd
    0.7500 MB /   0.10 sec =   62.9127 Mbps     0 retrans   2242 KB-cwnd
    0.8125 MB /   0.10 sec =   68.1581 Mbps     0 retrans   2242 KB-cwnd
    0.7500 MB /   0.10 sec =   62.9183 Mbps     0 retrans   2242 KB-cwnd
    0.7500 MB /   0.10 sec =   62.9045 Mbps     0 retrans   2242 KB-cwnd
    0.8125 MB /   0.10 sec =   68.1677 Mbps     0 retrans   2242 KB-cwnd
    0.8125 MB /   0.10 sec =   68.1513 Mbps     0 retrans   2242 KB-cwnd
    0.8125 MB /   0.10 sec =   68.1643 Mbps     0 retrans   2242 KB-cwnd
    0.7500 MB /   0.10 sec =   62.9102 Mbps     0 retrans   2242 KB-cwnd
    0.7500 MB /   0.10 sec =   62.9152 Mbps     0 retrans   2242 KB-cwnd
    0.6875 MB /   0.10 sec =   57.6751 Mbps     0 retrans   2242 KB-cwnd
    0.6875 MB /   0.10 sec =   57.6642 Mbps     0 retrans   2242 KB-cwnd
    0.8750 MB /   0.10 sec =   73.4077 Mbps     0 retrans   2242 KB-cwnd
    0.7500 MB /   0.10 sec =   62.9152 Mbps     0 retrans   2242 KB-cwnd
    0.6875 MB /   0.10 sec =   57.6723 Mbps     0 retrans   2242 KB-cwnd
    0.6875 MB /   0.10 sec =   57.6694 Mbps     0 retrans   2242 KB-cwnd
    0.8125 MB /   0.10 sec =   68.1636 Mbps     0 retrans   2242 KB-cwnd
    0.8750 MB /   0.10 sec =   73.3944 Mbps     0 retrans   2242 KB-cwnd
    0.7500 MB /   0.10 sec =   62.9064 Mbps     0 retrans   2242 KB-cwnd
    0.8750 MB /   0.10 sec =   73.4106 Mbps     0 retrans   2242 KB-cwnd
    0.7500 MB /   0.10 sec =   62.9083 Mbps     0 retrans   2242 KB-cwnd
    0.8125 MB /   0.10 sec =   68.1649 Mbps     0 retrans   2242 KB-cwnd
    0.8125 MB /   0.10 sec =   68.1568 Mbps     0 retrans   2242 KB-cwnd
    0.7500 MB /   0.10 sec =   62.9133 Mbps     0 retrans   2242 KB-cwnd
    0.8750 MB /   0.10 sec =   73.4025 Mbps     0 retrans   2242 KB-cwnd
    1.0000 MB /   0.10 sec =   83.8844 Mbps     0 retrans   2242 KB-cwnd
    1.0000 MB /   0.10 sec =   83.8852 Mbps     0 retrans   2242 KB-cwnd
    0.8750 MB /   0.10 sec =   73.4003 Mbps     0 retrans   2242 KB-cwnd
    0.8750 MB /   0.10 sec =   73.4040 Mbps     0 retrans   2242 KB-cwnd
    0.8125 MB /   0.10 sec =   68.1540 Mbps     0 retrans   2242 KB-cwnd
    0.9375 MB /   0.10 sec =   78.6456 Mbps     0 retrans   2242 KB-cwnd
    0.6875 MB /   0.10 sec =   57.6688 Mbps     0 retrans   2242 KB-cwnd
    0.8125 MB /   0.10 sec =   68.1622 Mbps     0 retrans   2242 KB-cwnd
    0.8125 MB /   0.10 sec =   68.1540 Mbps     0 retrans   2242 KB-cwnd
    0.8750 MB /   0.10 sec =   73.4003 Mbps     0 retrans   2242 KB-cwnd
    1.0000 MB /   0.10 sec =   83.8861 Mbps     0 retrans   2242 KB-cwnd
    0.6875 MB /   0.10 sec =   57.6665 Mbps     0 retrans   2242 KB-cwnd
    0.9375 MB /   0.10 sec =   78.6463 Mbps     0 retrans   2242 KB-cwnd
    0.9375 MB /   0.10 sec =   78.6259 Mbps     0 retrans   2242 KB-cwnd
    0.8750 MB /   0.10 sec =   73.4172 Mbps     0 retrans   2242 KB-cwnd
    0.8125 MB /   0.10 sec =   68.1547 Mbps     0 retrans   2242 KB-cwnd
    0.8125 MB /   0.10 sec =   68.1588 Mbps     0 retrans   2242 KB-cwnd
    0.6250 MB /   0.10 sec =   52.4283 Mbps     0 retrans   2242 KB-cwnd
    0.6250 MB /   0.10 sec =   52.4335 Mbps     0 retrans   2242 KB-cwnd
    0.7500 MB /   0.10 sec =   62.9070 Mbps     0 retrans   2242 KB-cwnd
    0.7500 MB /   0.10 sec =   62.9234 Mbps     0 retrans   2242 KB-cwnd
    0.6875 MB /   0.10 sec =   57.6711 Mbps     0 retrans   2242 KB-cwnd
    0.8750 MB /   0.10 sec =   73.3981 Mbps     0 retrans   2242 KB-cwnd
    0.6250 MB /   0.10 sec =   52.4225 Mbps     0 retrans   2242 KB-cwnd
    0.7500 MB /   0.10 sec =   62.8825 Mbps     0 retrans   2242 KB-cwnd
    0.6250 MB /   0.10 sec =   52.4409 Mbps     0 retrans   2242 KB-cwnd
    0.6875 MB /   0.10 sec =   57.6930 Mbps     0 retrans   2242 KB-cwnd
    0.7500 MB /   0.10 sec =   62.9146 Mbps     0 retrans   2242 KB-cwnd
    0.7500 MB /   0.10 sec =   62.9114 Mbps     0 retrans   2242 KB-cwnd
    0.8125 MB /   0.10 sec =   68.1643 Mbps     0 retrans   2242 KB-cwnd
    0.8750 MB /   0.10 sec =   73.3900 Mbps     0 retrans   2242 KB-cwnd
    0.7500 MB /   0.10 sec =   62.9190 Mbps     0 retrans   2242 KB-cwnd
    0.8125 MB /   0.10 sec =   68.1608 Mbps     0 retrans   2242 KB-cwnd
    0.7500 MB /   0.10 sec =   62.9133 Mbps     0 retrans   2242 KB-cwnd
    0.8750 MB /   0.10 sec =   73.4055 Mbps     0 retrans   2242 KB-cwnd
    0.7500 MB /   0.10 sec =   62.9120 Mbps     0 retrans   2242 KB-cwnd
    0.7500 MB /   0.10 sec =   62.9127 Mbps     0 retrans   2242 KB-cwnd
    0.5000 MB /   0.10 sec =   41.9426 Mbps     0 retrans   2242 KB-cwnd
    0.8750 MB /   0.10 sec =   73.3878 Mbps     0 retrans   2242 KB-cwnd
    0.6875 MB /   0.10 sec =   57.6815 Mbps     0 retrans   2242 KB-cwnd
    0.8125 MB /   0.10 sec =   68.1568 Mbps     0 retrans   2242 KB-cwnd
    0.6875 MB /   0.10 sec =   57.6676 Mbps     0 retrans   2242 KB-cwnd
    0.8750 MB /   0.10 sec =   73.4128 Mbps     0 retrans   2242 KB-cwnd
    0.7500 MB /   0.10 sec =   62.9127 Mbps     0 retrans   2242 KB-cwnd
    0.8125 MB /   0.10 sec =   68.1513 Mbps     0 retrans   2242 KB-cwnd
    0.5625 MB /   0.10 sec =   47.1902 Mbps     0 retrans   2242 KB-cwnd
    0.9375 MB /   0.10 sec =   78.6393 Mbps     0 retrans   2242 KB-cwnd
    0.8125 MB /   0.10 sec =   68.1125 Mbps     0 retrans   2242 KB-cwnd
    0.6875 MB /   0.10 sec =   57.7063 Mbps     0 retrans   2242 KB-cwnd
    0.4375 MB /   0.10 sec =   36.6947 Mbps     0 retrans   2242 KB-cwnd
    0.7500 MB /   0.10 sec =   62.9334 Mbps     0 retrans   2242 KB-cwnd
    0.6875 MB /   0.10 sec =   57.6561 Mbps     0 retrans   2242 KB-cwnd
    0.6875 MB /   0.10 sec =   57.6861 Mbps     0 retrans   2242 KB-cwnd
    0.6875 MB /   0.10 sec =   57.6711 Mbps     0 retrans   2242 KB-cwnd
    0.8125 MB /   0.10 sec =   68.1568 Mbps     0 retrans   2242 KB-cwnd
    0.6250 MB /   0.10 sec =   52.4288 Mbps     0 retrans   2242 KB-cwnd
    0.8125 MB /   0.10 sec =   68.1588 Mbps     0 retrans   2242 KB-cwnd
    0.7500 MB /   0.10 sec =   62.9070 Mbps     0 retrans   2242 KB-cwnd
    0.6875 MB /   0.10 sec =   57.6786 Mbps     0 retrans   2242 KB-cwnd
    0.7500 MB /   0.10 sec =   62.9133 Mbps     0 retrans   2242 KB-cwnd
    0.6875 MB /   0.10 sec =   57.6688 Mbps     0 retrans   2242 KB-cwnd
    0.8125 MB /   0.10 sec =   68.1595 Mbps     0 retrans   2242 KB-cwnd
    0.7500 MB /   0.10 sec =   62.9120 Mbps     0 retrans   2242 KB-cwnd
    0.6875 MB /   0.10 sec =   57.6699 Mbps     0 retrans   2242 KB-cwnd
    0.6875 MB /   0.10 sec =   57.6757 Mbps     0 retrans   2242 KB-cwnd
    0.5625 MB /   0.10 sec =   47.1755 Mbps     0 retrans   2242 KB-cwnd
    0.7500 MB /   0.10 sec =   62.9297 Mbps     0 retrans   2242 KB-cwnd
    0.6875 MB /   0.10 sec =   57.6682 Mbps     0 retrans   2242 KB-cwnd
    0.7500 MB /   0.10 sec =   62.9183 Mbps     0 retrans   2242 KB-cwnd
    0.6875 MB /   0.10 sec =   57.6734 Mbps     0 retrans   2242 KB-cwnd
    0.8125 MB /   0.10 sec =   68.1540 Mbps     0 retrans   2242 KB-cwnd
    0.6250 MB /   0.10 sec =   52.4278 Mbps     0 retrans   2242 KB-cwnd
    0.6875 MB /   0.10 sec =   57.6723 Mbps     0 retrans   2242 KB-cwnd
    0.6875 MB /   0.10 sec =   57.6711 Mbps     0 retrans   2242 KB-cwnd
    0.8750 MB /   0.10 sec =   73.4018 Mbps     0 retrans   2242 KB-cwnd
    0.8125 MB /   0.10 sec =   68.1574 Mbps     0 retrans   2242 KB-cwnd
    0.8125 MB /   0.10 sec =   68.1561 Mbps     0 retrans   2242 KB-cwnd
    0.7500 MB /   0.10 sec =   62.9102 Mbps     0 retrans   2242 KB-cwnd
    0.7500 MB /   0.10 sec =   62.8059 Mbps     0 retrans   2242 KB-cwnd
    0.8125 MB /   0.10 sec =   68.2735 Mbps     0 retrans   2242 KB-cwnd
    0.6875 MB /   0.10 sec =   57.6734 Mbps     0 retrans   2242 KB-cwnd
    0.6875 MB /   0.10 sec =   57.6705 Mbps     0 retrans   2242 KB-cwnd
    0.6250 MB /   0.10 sec =   52.4346 Mbps     0 retrans   2242 KB-cwnd
    0.6875 MB /   0.10 sec =   57.6723 Mbps     0 retrans   2242 KB-cwnd
    0.8125 MB /   0.10 sec =   68.1574 Mbps     0 retrans   2242 KB-cwnd
    0.7500 MB /   0.10 sec =   62.9146 Mbps     0 retrans   2242 KB-cwnd
    0.6875 MB /   0.10 sec =   57.6740 Mbps     0 retrans   2242 KB-cwnd
    0.8125 MB /   0.10 sec =   68.1459 Mbps     0 retrans   2242 KB-cwnd
    0.8125 MB /   0.10 sec =   68.1629 Mbps     0 retrans   2242 KB-cwnd
    0.7500 MB /   0.10 sec =   62.9152 Mbps     0 retrans   2242 KB-cwnd
    0.8750 MB /   0.10 sec =   73.4040 Mbps     0 retrans   2242 KB-cwnd
    0.8125 MB /   0.10 sec =   68.1520 Mbps     0 retrans   2242 KB-cwnd
    0.8125 MB /   0.10 sec =   68.1615 Mbps     0 retrans   2242 KB-cwnd
    0.7500 MB /   0.10 sec =   62.9127 Mbps     0 retrans   2242 KB-cwnd
    0.6875 MB /   0.10 sec =   57.6740 Mbps     0 retrans   2242 KB-cwnd
    0.6250 MB /   0.10 sec =   52.4278 Mbps     0 retrans   2242 KB-cwnd
    0.5625 MB /   0.10 sec =   47.1826 Mbps     0 retrans   2242 KB-cwnd
    0.6875 MB /   0.10 sec =   57.6786 Mbps     0 retrans   2242 KB-cwnd
    0.7500 MB /   0.10 sec =   62.9139 Mbps     0 retrans   2242 KB-cwnd
    0.7500 MB /   0.10 sec =   62.9146 Mbps     0 retrans   2242 KB-cwnd
    0.6250 MB /   0.10 sec =   52.4241 Mbps     0 retrans   2242 KB-cwnd
    0.5625 MB /   0.10 sec =   47.1888 Mbps     0 retrans   2242 KB-cwnd
    0.7500 MB /   0.10 sec =   62.9152 Mbps     0 retrans   2242 KB-cwnd
    0.8125 MB /   0.10 sec =   68.1561 Mbps     0 retrans   2242 KB-cwnd
    0.8125 MB /   0.10 sec =   68.1527 Mbps     0 retrans   2242 KB-cwnd
    0.8125 MB /   0.10 sec =   68.1629 Mbps     0 retrans   2242 KB-cwnd
    0.8750 MB /   0.10 sec =   73.3996 Mbps     0 retrans   2242 KB-cwnd
    0.8750 MB /   0.10 sec =   73.3871 Mbps     0 retrans   2242 KB-cwnd
    0.8125 MB /   0.10 sec =   68.1663 Mbps     0 retrans   2242 KB-cwnd
    0.8750 MB /   0.10 sec =   73.4069 Mbps     0 retrans   2242 KB-cwnd
    0.5625 MB /   0.10 sec =   47.1774 Mbps     0 retrans   2242 KB-cwnd
    0.7500 MB /   0.10 sec =   62.9240 Mbps     0 retrans   2242 KB-cwnd
    0.8125 MB /   0.10 sec =   68.1547 Mbps     0 retrans   2242 KB-cwnd
    0.6875 MB /   0.10 sec =   57.6740 Mbps     0 retrans   2242 KB-cwnd
    0.7500 MB /   0.10 sec =   62.9164 Mbps     0 retrans   2242 KB-cwnd
    0.5625 MB /   0.10 sec =   47.1845 Mbps     0 retrans   2242 KB-cwnd
    0.8125 MB /   0.10 sec =   68.1595 Mbps     0 retrans   2242 KB-cwnd
    0.7500 MB /   0.10 sec =   62.9127 Mbps     0 retrans   2242 KB-cwnd
    0.6250 MB /   0.10 sec =   52.4131 Mbps     0 retrans   2242 KB-cwnd
    0.6250 MB /   0.10 sec =   52.4388 Mbps     0 retrans   2242 KB-cwnd
    0.6875 MB /   0.10 sec =   57.6798 Mbps     0 retrans   2242 KB-cwnd
    0.7500 MB /   0.10 sec =   62.9146 Mbps     0 retrans   2242 KB-cwnd
    0.7500 MB /   0.10 sec =   62.9133 Mbps     0 retrans   2242 KB-cwnd
    0.6875 MB /   0.10 sec =   57.6705 Mbps     0 retrans   2242 KB-cwnd
    0.6875 MB /   0.10 sec =   57.6763 Mbps     0 retrans   2242 KB-cwnd
    0.8125 MB /   0.10 sec =   68.0771 Mbps     0 retrans   2242 KB-cwnd
    0.7500 MB /   0.10 sec =   62.9820 Mbps     0 retrans   2242 KB-cwnd
    0.6875 MB /   0.10 sec =   57.6728 Mbps     0 retrans   2242 KB-cwnd
    0.8750 MB /   0.10 sec =   73.3974 Mbps     0 retrans   2242 KB-cwnd
    0.7500 MB /   0.10 sec =   62.9190 Mbps     0 retrans   2242 KB-cwnd
    0.8750 MB /   0.10 sec =   73.3937 Mbps     0 retrans   2242 KB-cwnd
    0.7500 MB /   0.10 sec =   62.9209 Mbps     0 retrans   2242 KB-cwnd
    0.7500 MB /   0.10 sec =   62.9158 Mbps     0 retrans   2242 KB-cwnd
    0.6875 MB /   0.10 sec =   57.6648 Mbps     0 retrans   2242 KB-cwnd
    0.8125 MB /   0.10 sec =   68.1663 Mbps     0 retrans   2242 KB-cwnd
    0.6250 MB /   0.10 sec =   52.4246 Mbps     0 retrans   2242 KB-cwnd
    0.6250 MB /   0.10 sec =   52.4241 Mbps     0 retrans   2242 KB-cwnd
    0.6250 MB /   0.10 sec =   52.4304 Mbps     0 retrans   2242 KB-cwnd
    0.7500 MB /   0.10 sec =   62.9215 Mbps     0 retrans   2242 KB-cwnd
    0.5625 MB /   0.10 sec =   47.1628 Mbps     0 retrans   2242 KB-cwnd
    0.6250 MB /   0.10 sec =   52.4524 Mbps     0 retrans   2242 KB-cwnd
    0.7500 MB /   0.10 sec =   62.9177 Mbps     0 retrans   2242 KB-cwnd
    0.6875 MB /   0.10 sec =   57.6711 Mbps     0 retrans   2242 KB-cwnd
    0.6875 MB /   0.10 sec =   57.6717 Mbps     0 retrans   2242 KB-cwnd
    0.6875 MB /   0.10 sec =   57.6694 Mbps     0 retrans   2242 KB-cwnd
    0.6250 MB /   0.10 sec =   52.4246 Mbps     0 retrans   2242 KB-cwnd
    0.8125 MB /   0.10 sec =   68.1574 Mbps     0 retrans   2242 KB-cwnd
    0.5625 MB /   0.10 sec =   47.1878 Mbps     0 retrans   2242 KB-cwnd
    0.6875 MB /   0.10 sec =   57.6769 Mbps     0 retrans   2242 KB-cwnd
    0.6250 MB /   0.10 sec =   52.4262 Mbps     0 retrans   2242 KB-cwnd
    0.7500 MB /   0.10 sec =   62.9152 Mbps     0 retrans   2242 KB-cwnd
    0.6250 MB /   0.10 sec =   52.4236 Mbps     0 retrans   2242 KB-cwnd
    0.7500 MB /   0.10 sec =   62.9089 Mbps     0 retrans   2242 KB-cwnd
    0.6250 MB /   0.10 sec =   52.4403 Mbps     0 retrans   2242 KB-cwnd
    0.7500 MB /   0.10 sec =   62.9045 Mbps     0 retrans   2242 KB-cwnd
    0.6250 MB /   0.10 sec =   52.4377 Mbps     0 retrans   2242 KB-cwnd
    0.6250 MB /   0.10 sec =   52.4047 Mbps     0 retrans   2242 KB-cwnd
    0.6250 MB /   0.10 sec =   52.4419 Mbps     0 retrans   2242 KB-cwnd
    0.8125 MB /   0.10 sec =   68.1656 Mbps     0 retrans   2242 KB-cwnd
    0.5625 MB /   0.10 sec =   47.1869 Mbps     0 retrans   2242 KB-cwnd
    0.6875 MB /   0.10 sec =   57.6659 Mbps     0 retrans   2242 KB-cwnd
    0.5625 MB /   0.10 sec =   47.1906 Mbps     0 retrans   2242 KB-cwnd
    0.7500 MB /   0.10 sec =   62.9076 Mbps     0 retrans   2242 KB-cwnd
    0.6875 MB /   0.10 sec =   57.6734 Mbps     0 retrans   2242 KB-cwnd
    0.7500 MB /   0.10 sec =   62.9221 Mbps     0 retrans   2242 KB-cwnd
    0.3750 MB /   0.10 sec =   31.4478 Mbps     0 retrans   2242 KB-cwnd
    0.6875 MB /   0.10 sec =   57.6844 Mbps     0 retrans   2242 KB-cwnd
    0.7500 MB /   0.10 sec =   62.9177 Mbps     0 retrans   2242 KB-cwnd
    0.8125 MB /   0.10 sec =   68.1588 Mbps     0 retrans   2242 KB-cwnd
    0.6250 MB /   0.10 sec =   52.4309 Mbps     0 retrans   2242 KB-cwnd
    0.6250 MB /   0.10 sec =   52.4257 Mbps     0 retrans   2242 KB-cwnd
    0.8125 MB /   0.10 sec =   68.1513 Mbps     0 retrans   2242 KB-cwnd
    0.6875 MB /   0.10 sec =   57.6774 Mbps     0 retrans   2242 KB-cwnd
    0.6875 MB /   0.10 sec =   57.6705 Mbps     0 retrans   2242 KB-cwnd
    0.5625 MB /   0.10 sec =   47.1850 Mbps     0 retrans   2242 KB-cwnd
    0.5000 MB /   0.10 sec =   41.9405 Mbps     0 retrans   2242 KB-cwnd
    0.5000 MB /   0.10 sec =   41.9477 Mbps     0 retrans   2242 KB-cwnd
    0.3125 MB /   0.10 sec =   26.2052 Mbps     0 retrans   2242 KB-cwnd
    0.7500 MB /   0.10 sec =   62.9347 Mbps     0 retrans   2242 KB-cwnd
    0.6875 MB /   0.10 sec =   57.6740 Mbps     0 retrans   2242 KB-cwnd
    0.6875 MB /   0.10 sec =   57.6694 Mbps     0 retrans   2242 KB-cwnd
    0.6875 MB /   0.10 sec =   57.6699 Mbps     0 retrans   2242 KB-cwnd
    0.7500 MB /   0.10 sec =   62.9146 Mbps     0 retrans   2242 KB-cwnd
    0.6250 MB /   0.10 sec =   52.3979 Mbps     0 retrans   2242 KB-cwnd
    0.7500 MB /   0.10 sec =   62.9549 Mbps     0 retrans   2242 KB-cwnd
    0.7500 MB /   0.10 sec =   62.9183 Mbps     0 retrans   2242 KB-cwnd
    0.7500 MB /   0.10 sec =   62.9152 Mbps     0 retrans   2242 KB-cwnd
    0.6875 MB /   0.10 sec =   57.6711 Mbps     0 retrans   2242 KB-cwnd
    0.5625 MB /   0.10 sec =   47.1765 Mbps     0 retrans   2242 KB-cwnd
    0.8125 MB /   0.10 sec =   68.1636 Mbps     0 retrans   2242 KB-cwnd
    0.8750 MB /   0.10 sec =   73.4033 Mbps     0 retrans   2242 KB-cwnd
    0.5625 MB /   0.10 sec =   47.1850 Mbps     0 retrans   2242 KB-cwnd
    0.6250 MB /   0.10 sec =   52.4325 Mbps     0 retrans   2242 KB-cwnd
    0.8125 MB /   0.10 sec =   68.1486 Mbps     0 retrans   2242 KB-cwnd
    0.7500 MB /   0.10 sec =   62.9221 Mbps     0 retrans   2242 KB-cwnd
    0.6875 MB /   0.10 sec =   57.6682 Mbps     0 retrans   2242 KB-cwnd
    0.6875 MB /   0.10 sec =   57.6440 Mbps     0 retrans   2242 KB-cwnd
    0.7500 MB /   0.10 sec =   62.9265 Mbps     0 retrans   2242 KB-cwnd
    0.6875 MB /   0.10 sec =   57.6907 Mbps     0 retrans   2242 KB-cwnd
    0.5625 MB /   0.10 sec =   47.1826 Mbps     0 retrans   2242 KB-cwnd
    0.6875 MB /   0.10 sec =   57.6659 Mbps     0 retrans   2242 KB-cwnd
    0.5625 MB /   0.10 sec =   47.1902 Mbps     0 retrans   2242 KB-cwnd
    0.6875 MB /   0.10 sec =   57.6751 Mbps     0 retrans   2242 KB-cwnd
    0.6250 MB /   0.10 sec =   52.4293 Mbps     0 retrans   2242 KB-cwnd
    0.6875 MB /   0.10 sec =   57.6723 Mbps     0 retrans   2242 KB-cwnd
    0.6250 MB /   0.10 sec =   52.4057 Mbps     0 retrans   2242 KB-cwnd
    0.6250 MB /   0.10 sec =   52.4482 Mbps     0 retrans   2242 KB-cwnd
    0.5625 MB /   0.10 sec =   47.1831 Mbps     0 retrans   2242 KB-cwnd
    0.5625 MB /   0.10 sec =   47.1906 Mbps     0 retrans   2242 KB-cwnd
    0.6250 MB /   0.10 sec =   52.4267 Mbps     0 retrans   2242 KB-cwnd
    0.6250 MB /   0.10 sec =   52.4257 Mbps     0 retrans   2242 KB-cwnd
    0.7500 MB /   0.10 sec =   62.9183 Mbps     0 retrans   2242 KB-cwnd
    0.6250 MB /   0.10 sec =   52.4314 Mbps     0 retrans   2242 KB-cwnd
    0.5625 MB /   0.10 sec =   47.1840 Mbps     0 retrans   2242 KB-cwnd
    0.6250 MB /   0.10 sec =   52.4251 Mbps     0 retrans   2242 KB-cwnd
    0.8125 MB /   0.10 sec =   68.1697 Mbps     0 retrans   2242 KB-cwnd
    0.7500 MB /   0.10 sec =   62.9051 Mbps     0 retrans   2242 KB-cwnd
nuttcp-t: 251.8262 MB in 30.00 real seconds = 8595.64 KB/sec = 70.4155 Mbps
nuttcp-t: retrans = 0 cwnd = 2242 KB
nuttcp-t: 4030 I/O calls, msec/call = 7.62, calls/sec = 134.33
nuttcp-t: 0.0user 0.0sys 0:30real 0% 0i+0d 1308maxrss 0+1pf 22+1csw

nuttcp-r: 251.8262 MB in 33.89 real seconds = 7609.29 KB/sec = 62.3353 Mbps
nuttcp-r: 37476 I/O calls, msec/call = 0.93, calls/sec = 1105.85
nuttcp-r: 0.0user 0.4sys 0:33real 1% 0i+0d 100maxrss 0+15pf 33118+33csw
