1660513340786
nuttcp-r: v8.1.4: socket
nuttcp-r: buflen=65536, nstream=1, port=5005 tcp
nuttcp-r: interval reporting every 0.10 seconds
nuttcp-r: connect to 3.19.94.93 with RTT=33.347 ms af=inet
nuttcp-r: send window size = 2097152, receive window size = 52428800
nuttcp-r: available send window = 1572864, available receive window = 39321600
    0.0000 MB /   0.10 sec =    0.0000 Mbps    -1 retrans
    0.1875 MB /   0.10 sec =   15.7293 Mbps     1 retrans
    0.1250 MB /   0.10 sec =   10.4838 Mbps     0 retrans
    0.1250 MB /   0.10 sec =   10.4879 Mbps     0 retrans
    0.2500 MB /   0.10 sec =   20.9439 Mbps     0 retrans
    0.1875 MB /   0.10 sec =   15.7472 Mbps     0 retrans
    0.1875 MB /   0.10 sec =   15.7266 Mbps     0 retrans
    0.2500 MB /   0.10 sec =   20.9675 Mbps     0 retrans
    0.3125 MB /   0.10 sec =   26.2233 Mbps     0 retrans
    0.3125 MB /   0.10 sec =   26.2175 Mbps     0 retrans
    0.3125 MB /   0.10 sec =   26.2186 Mbps     0 retrans
    0.4375 MB /   0.10 sec =   36.6804 Mbps     0 retrans
    0.4375 MB /   0.10 sec =   36.6888 Mbps     0 retrans
    0.4375 MB /   0.10 sec =   36.6903 Mbps     0 retrans
    0.6250 MB /   0.10 sec =   52.4435 Mbps     0 retrans
    0.5000 MB /   0.10 sec =   41.9737 Mbps     0 retrans
    0.6250 MB /   0.10 sec =   52.3968 Mbps     0 retrans
    0.6875 MB /   0.10 sec =   57.6873 Mbps     0 retrans
    0.8125 MB /   0.10 sec =   68.1731 Mbps     0 retrans
    0.8750 MB /   0.10 sec =   73.4040 Mbps     0 retrans
    1.0000 MB /   0.10 sec =   83.8785 Mbps     0 retrans
    1.1250 MB /   0.10 sec =   94.3596 Mbps     0 retrans
    1.0625 MB /   0.10 sec =   89.1414 Mbps     0 retrans
    1.3750 MB /   0.10 sec =  115.3411 Mbps     0 retrans
    1.1250 MB /   0.10 sec =   94.3643 Mbps     0 retrans
    1.4375 MB /   0.10 sec =  120.5525 Mbps     0 retrans
    0.6250 MB /   0.10 sec =   52.4493 Mbps     0 retrans
    0.0000 MB /   0.10 sec =    0.0000 Mbps     0 retrans
    0.7500 MB /   0.10 sec =   62.9039 Mbps     0 retrans
    1.7500 MB /   0.10 sec =  146.8197 Mbps     0 retrans
    1.8750 MB /   0.10 sec =  157.3021 Mbps     0 retrans
    2.0625 MB /   0.10 sec =  173.0064 Mbps     0 retrans
    1.6250 MB /   0.10 sec =  136.2985 Mbps     0 retrans
    2.4375 MB /   0.10 sec =  204.4969 Mbps     0 retrans
    2.8750 MB /   0.10 sec =  241.1484 Mbps     0 retrans
    2.9375 MB /   0.10 sec =  246.3735 Mbps     0 retrans
    2.7500 MB /   0.10 sec =  230.7421 Mbps     0 retrans
    3.4375 MB /   0.10 sec =  288.3440 Mbps     0 retrans
    3.7500 MB /   0.10 sec =  314.5759 Mbps     0 retrans
    4.5000 MB /   0.10 sec =  377.5553 Mbps     0 retrans
    4.2500 MB /   0.10 sec =  356.4410 Mbps     0 retrans
    5.1875 MB /   0.10 sec =  435.1764 Mbps     0 retrans
    5.3125 MB /   0.10 sec =  445.6805 Mbps     0 retrans
    5.4375 MB /   0.10 sec =  456.2401 Mbps     0 retrans
    6.2500 MB /   0.10 sec =  524.2251 Mbps     0 retrans
    6.5000 MB /   0.10 sec =  545.2813 Mbps     0 retrans
    6.6250 MB /   0.10 sec =  555.6953 Mbps     0 retrans
    6.3125 MB /   0.10 sec =  529.5256 Mbps     0 retrans
    5.4375 MB /   0.10 sec =  456.1306 Mbps     0 retrans
    5.6875 MB /   0.10 sec =  477.0782 Mbps     0 retrans
    5.6250 MB /   0.10 sec =  471.8592 Mbps     0 retrans
    5.4375 MB /   0.10 sec =  456.1169 Mbps     0 retrans
    5.6875 MB /   0.10 sec =  477.1403 Mbps     0 retrans
    5.9375 MB /   0.10 sec =  498.0786 Mbps     0 retrans
    5.6250 MB /   0.10 sec =  471.9630 Mbps     0 retrans
    5.3750 MB /   0.10 sec =  450.3563 Mbps     0 retrans
    5.6250 MB /   0.10 sec =  472.3032 Mbps     0 retrans
    5.5625 MB /   0.10 sec =  466.6303 Mbps     0 retrans
    5.4375 MB /   0.10 sec =  451.7978 Mbps     0 retrans
    5.7500 MB /   0.10 sec =  487.0548 Mbps     0 retrans
    5.3125 MB /   0.10 sec =  445.6671 Mbps     0 retrans
    6.0625 MB /   0.10 sec =  507.7875 Mbps     0 retrans
    6.3125 MB /   0.10 sec =  530.3529 Mbps     0 retrans
    5.5000 MB /   0.10 sec =  461.3458 Mbps     0 retrans
    5.8125 MB /   0.10 sec =  487.5488 Mbps     0 retrans
    5.5625 MB /   0.10 sec =  466.6117 Mbps     0 retrans
    5.3750 MB /   0.10 sec =  450.7479 Mbps     0 retrans
    5.8750 MB /   0.10 sec =  493.0131 Mbps     0 retrans
    6.0625 MB /   0.10 sec =  508.6153 Mbps     0 retrans
    5.3750 MB /   0.10 sec =  450.8561 Mbps     0 retrans
    5.5625 MB /   0.10 sec =  466.6443 Mbps     0 retrans
    5.2500 MB /   0.10 sec =  440.3271 Mbps     0 retrans
    5.4375 MB /   0.10 sec =  456.2081 Mbps     0 retrans
    5.9375 MB /   0.10 sec =  498.0587 Mbps     0 retrans
    6.1875 MB /   0.10 sec =  518.9361 Mbps     0 retrans
    5.4375 MB /   0.10 sec =  456.1944 Mbps     0 retrans
    5.8125 MB /   0.10 sec =  487.4806 Mbps     0 retrans
    5.5625 MB /   0.10 sec =  466.6210 Mbps     0 retrans
    5.0625 MB /   0.10 sec =  424.6945 Mbps     0 retrans
    5.5000 MB /   0.10 sec =  461.2950 Mbps     0 retrans
    4.6250 MB /   0.10 sec =  388.0895 Mbps     0 retrans
    5.7500 MB /   0.10 sec =  482.3257 Mbps     0 retrans
    5.1875 MB /   0.10 sec =  435.1416 Mbps     0 retrans
    4.6875 MB /   0.10 sec =  393.1413 Mbps     0 retrans
    5.1250 MB /   0.10 sec =  429.9420 Mbps     0 retrans
    4.6875 MB /   0.10 sec =  393.1924 Mbps     0 retrans
    5.9375 MB /   0.10 sec =  498.2380 Mbps     0 retrans
    4.0625 MB /   0.10 sec =  340.7463 Mbps     0 retrans
    0.0000 MB /   0.10 sec =    0.0000 Mbps     0 retrans
    1.3125 MB /   0.10 sec =  110.1104 Mbps     0 retrans
   17.8750 MB /   0.10 sec = 1499.0140 Mbps     0 retrans
    5.0625 MB /   0.10 sec =  424.8687 Mbps     0 retrans
    6.0000 MB /   0.10 sec =  503.3064 Mbps     0 retrans
    5.1250 MB /   0.10 sec =  429.8216 Mbps     0 retrans
    5.8125 MB /   0.10 sec =  487.5342 Mbps     0 retrans
    5.5000 MB /   0.10 sec =  461.4427 Mbps     0 retrans
    5.7500 MB /   0.10 sec =  482.3208 Mbps     0 retrans
    5.6250 MB /   0.10 sec =  471.9064 Mbps     0 retrans
    6.0000 MB /   0.10 sec =  503.3165 Mbps     0 retrans
    5.4375 MB /   0.10 sec =  456.0576 Mbps     0 retrans
    5.3750 MB /   0.10 sec =  450.9418 Mbps     0 retrans
    5.3750 MB /   0.10 sec =  450.7975 Mbps     0 retrans
    5.5625 MB /   0.10 sec =  466.7097 Mbps     0 retrans
    5.0625 MB /   0.10 sec =  424.6223 Mbps     0 retrans
    5.5625 MB /   0.10 sec =  466.6303 Mbps     0 retrans
    5.6250 MB /   0.10 sec =  471.9300 Mbps     0 retrans
    5.6875 MB /   0.10 sec =  477.0639 Mbps     0 retrans
    5.3750 MB /   0.10 sec =  450.8110 Mbps     0 retrans
    2.9375 MB /   0.10 sec =  246.4499 Mbps     0 retrans
    0.0000 MB /   0.10 sec =    0.0000 Mbps     0 retrans
   11.8750 MB /   0.10 sec =  996.0177 Mbps     0 retrans
    5.0625 MB /   0.10 sec =  424.7073 Mbps     0 retrans
    4.8125 MB /   0.10 sec =  403.7623 Mbps     0 retrans
    5.1250 MB /   0.10 sec =  429.8302 Mbps     0 retrans
    5.5625 MB /   0.10 sec =  466.5510 Mbps     0 retrans
    5.1250 MB /   0.10 sec =  429.9721 Mbps     0 retrans
    5.1250 MB /   0.10 sec =  430.0237 Mbps     0 retrans
    4.7500 MB /   0.10 sec =  398.3274 Mbps     0 retrans
    4.6875 MB /   0.10 sec =  393.0627 Mbps     0 retrans
    5.3125 MB /   0.10 sec =  445.7785 Mbps     0 retrans
    5.1875 MB /   0.10 sec =  435.3462 Mbps     0 retrans
    5.2500 MB /   0.10 sec =  440.2918 Mbps     0 retrans
    5.3750 MB /   0.10 sec =  450.9689 Mbps     0 retrans
    5.2500 MB /   0.10 sec =  440.3271 Mbps     0 retrans
    5.4375 MB /   0.10 sec =  456.2036 Mbps     0 retrans
    4.9375 MB /   0.10 sec =  414.1834 Mbps     0 retrans
    5.6875 MB /   0.10 sec =  477.0639 Mbps     0 retrans
    5.0625 MB /   0.10 sec =  424.7030 Mbps     0 retrans
    4.8125 MB /   0.10 sec =  403.5565 Mbps     0 retrans
    5.1250 MB /   0.10 sec =  430.0753 Mbps     0 retrans
    4.9375 MB /   0.10 sec =  414.2207 Mbps     0 retrans
    4.8750 MB /   0.10 sec =  408.9324 Mbps     0 retrans
    4.9375 MB /   0.10 sec =  414.1585 Mbps     0 retrans
    5.5000 MB /   0.10 sec =  461.3089 Mbps     0 retrans
    5.9375 MB /   0.10 sec =  498.1981 Mbps     0 retrans
    5.2500 MB /   0.10 sec =  440.2478 Mbps     0 retrans
    5.8125 MB /   0.10 sec =  487.3052 Mbps     0 retrans
    5.3125 MB /   0.10 sec =  445.6671 Mbps     0 retrans
    5.6875 MB /   0.10 sec =  477.4745 Mbps     0 retrans
    5.3125 MB /   0.10 sec =  445.6671 Mbps     0 retrans
    5.5625 MB /   0.10 sec =  466.6350 Mbps     0 retrans
    5.3750 MB /   0.10 sec =  450.8696 Mbps     0 retrans
    5.5625 MB /   0.10 sec =  466.6490 Mbps     0 retrans
    5.3750 MB /   0.10 sec =  450.8020 Mbps     0 retrans
    4.8750 MB /   0.10 sec =  408.9896 Mbps     0 retrans
    5.1250 MB /   0.10 sec =  429.8173 Mbps     0 retrans
    5.7500 MB /   0.10 sec =  482.3836 Mbps     0 retrans
    5.7500 MB /   0.10 sec =  482.3305 Mbps     0 retrans
    5.1250 MB /   0.10 sec =  429.8517 Mbps     0 retrans
    5.6250 MB /   0.10 sec =  471.7648 Mbps     0 retrans
    5.8125 MB /   0.10 sec =  487.7634 Mbps     0 retrans
    5.6875 MB /   0.10 sec =  477.1212 Mbps     0 retrans
    4.7500 MB /   0.10 sec =  398.3752 Mbps     0 retrans
    5.6250 MB /   0.10 sec =  471.8403 Mbps     0 retrans
    5.1875 MB /   0.10 sec =  435.2548 Mbps     0 retrans
    5.3125 MB /   0.10 sec =  445.5780 Mbps     0 retrans
    5.5625 MB /   0.10 sec =  466.6023 Mbps     0 retrans
    5.2500 MB /   0.10 sec =  440.4416 Mbps     0 retrans
    5.0000 MB /   0.10 sec =  419.5605 Mbps     0 retrans
    4.7500 MB /   0.10 sec =  398.4190 Mbps     0 retrans
    5.1875 MB /   0.10 sec =  435.1460 Mbps     0 retrans
    5.2500 MB /   0.10 sec =  440.4239 Mbps     0 retrans
    5.2500 MB /   0.10 sec =  440.3843 Mbps     0 retrans
    5.5000 MB /   0.10 sec =  461.2720 Mbps     0 retrans
    5.7500 MB /   0.10 sec =  482.3691 Mbps     0 retrans
    5.1875 MB /   0.10 sec =  435.2548 Mbps     0 retrans
    5.3125 MB /   0.10 sec =  445.5735 Mbps     0 retrans
    5.3125 MB /   0.10 sec =  445.7295 Mbps     0 retrans
    5.5625 MB /   0.10 sec =  466.6117 Mbps     0 retrans
    5.5000 MB /   0.10 sec =  461.3873 Mbps     0 retrans
    5.7500 MB /   0.10 sec =  482.2871 Mbps     0 retrans
    5.5625 MB /   0.10 sec =  466.6303 Mbps     0 retrans
    5.5625 MB /   0.10 sec =  466.5370 Mbps     0 retrans
    5.8750 MB /   0.10 sec =  492.8948 Mbps     0 retrans
    5.1875 MB /   0.10 sec =  435.1895 Mbps     0 retrans
    6.0000 MB /   0.10 sec =  503.2712 Mbps     0 retrans
    5.1875 MB /   0.10 sec =  435.2679 Mbps     0 retrans
    5.0000 MB /   0.10 sec =  419.2292 Mbps     0 retrans
    6.6250 MB /   0.10 sec =  555.9621 Mbps     0 retrans
    5.9375 MB /   0.10 sec =  498.1433 Mbps     0 retrans
    5.3750 MB /   0.10 sec =  450.8336 Mbps     0 retrans
    5.6875 MB /   0.10 sec =  477.0448 Mbps     0 retrans
    5.4375 MB /   0.10 sec =  456.0804 Mbps     0 retrans
    5.6875 MB /   0.10 sec =  477.1927 Mbps     0 retrans
    5.1875 MB /   0.10 sec =  435.1068 Mbps     0 retrans
    5.3125 MB /   0.10 sec =  445.4666 Mbps     0 retrans
    5.7500 MB /   0.10 sec =  482.4125 Mbps     0 retrans
    4.9375 MB /   0.10 sec =  414.2952 Mbps     0 retrans
    5.3750 MB /   0.10 sec =  450.8561 Mbps     0 retrans
    5.0625 MB /   0.10 sec =  424.5969 Mbps     0 retrans
    5.4375 MB /   0.10 sec =  456.1990 Mbps     0 retrans
    5.5625 MB /   0.10 sec =  466.5883 Mbps     0 retrans
    5.3125 MB /   0.10 sec =  445.5022 Mbps     0 retrans
    5.2500 MB /   0.10 sec =  440.5826 Mbps     0 retrans
    5.9375 MB /   0.10 sec =  498.0885 Mbps     0 retrans
    5.6250 MB /   0.10 sec =  471.8262 Mbps     0 retrans
    6.1250 MB /   0.10 sec =  513.8177 Mbps     0 retrans
    6.5000 MB /   0.10 sec =  545.2868 Mbps     0 retrans
    5.4375 MB /   0.10 sec =  456.1625 Mbps     0 retrans
    5.6875 MB /   0.10 sec =  477.0973 Mbps     0 retrans
    6.3750 MB /   0.10 sec =  534.7898 Mbps     0 retrans
    6.8750 MB /   0.10 sec =  576.6649 Mbps     0 retrans
    4.8750 MB /   0.10 sec =  408.9896 Mbps     0 retrans
    5.3125 MB /   0.10 sec =  445.6047 Mbps     0 retrans
    6.1250 MB /   0.10 sec =  513.7149 Mbps     0 retrans
    5.6250 MB /   0.10 sec =  471.7130 Mbps     0 retrans
    6.4375 MB /   0.10 sec =  540.2814 Mbps     0 retrans
    5.3750 MB /   0.10 sec =  450.8922 Mbps     0 retrans
    6.6875 MB /   0.10 sec =  560.9601 Mbps     0 retrans
    7.8750 MB /   0.10 sec =  660.6359 Mbps     0 retrans
    6.5000 MB /   0.10 sec =  545.3250 Mbps     0 retrans
    6.0000 MB /   0.10 sec =  502.7032 Mbps     0 retrans
    6.2500 MB /   0.10 sec =  524.8443 Mbps     0 retrans
    6.3750 MB /   0.10 sec =  534.7363 Mbps     0 retrans
    5.5000 MB /   0.10 sec =  461.3642 Mbps     0 retrans
    5.4375 MB /   0.10 sec =  456.2309 Mbps     0 retrans
    5.3750 MB /   0.10 sec =  450.8651 Mbps     0 retrans
    6.2500 MB /   0.10 sec =  524.1727 Mbps     0 retrans
    6.0000 MB /   0.10 sec =  503.4222 Mbps     0 retrans
    6.5000 MB /   0.10 sec =  545.2214 Mbps     0 retrans
    5.5625 MB /   0.10 sec =  466.6770 Mbps     0 retrans
    5.3125 MB /   0.10 sec =  445.6715 Mbps     0 retrans
    5.8125 MB /   0.10 sec =  487.5927 Mbps     0 retrans
    6.4375 MB /   0.10 sec =  539.8925 Mbps     0 retrans
    6.2500 MB /   0.10 sec =  524.4086 Mbps     0 retrans
    5.4375 MB /   0.10 sec =  456.1169 Mbps     0 retrans
    5.8125 MB /   0.10 sec =  487.5001 Mbps     0 retrans
    6.0000 MB /   0.10 sec =  503.3366 Mbps     0 retrans
    5.2500 MB /   0.10 sec =  440.4856 Mbps     0 retrans
    5.1875 MB /   0.10 sec =  435.1025 Mbps     0 retrans
    5.3750 MB /   0.10 sec =  450.7930 Mbps     0 retrans
    5.6250 MB /   0.10 sec =  471.9205 Mbps     0 retrans
    5.1875 MB /   0.10 sec =  435.2417 Mbps     0 retrans
    5.4375 MB /   0.10 sec =  456.0667 Mbps     0 retrans
    6.3750 MB /   0.10 sec =  534.8005 Mbps     0 retrans
    6.0625 MB /   0.10 sec =  508.5644 Mbps     0 retrans
    5.8125 MB /   0.10 sec =  487.5293 Mbps     0 retrans
    6.1875 MB /   0.10 sec =  518.9984 Mbps     0 retrans
    6.3750 MB /   0.10 sec =  534.8593 Mbps     0 retrans
    5.5000 MB /   0.10 sec =  461.3550 Mbps     0 retrans
    5.6250 MB /   0.10 sec =  471.9253 Mbps     0 retrans
    5.4375 MB /   0.10 sec =  455.9573 Mbps     0 retrans
    5.7500 MB /   0.10 sec =  482.3401 Mbps     0 retrans
    5.3750 MB /   0.10 sec =  450.9689 Mbps     0 retrans
    7.1875 MB /   0.10 sec =  602.9915 Mbps     0 retrans
    5.7500 MB /   0.10 sec =  482.2148 Mbps     0 retrans
    5.5625 MB /   0.10 sec =  466.7610 Mbps     0 retrans
    5.2500 MB /   0.10 sec =  440.3975 Mbps     0 retrans
    5.1875 MB /   0.10 sec =  435.1329 Mbps     0 retrans
    5.7500 MB /   0.10 sec =  481.6802 Mbps     0 retrans
    6.0000 MB /   0.10 sec =  503.9969 Mbps     0 retrans
    4.8125 MB /   0.10 sec =  403.7542 Mbps     0 retrans
    5.2500 MB /   0.10 sec =  440.4460 Mbps     0 retrans
    4.8125 MB /   0.10 sec =  403.5847 Mbps     0 retrans
    5.7500 MB /   0.10 sec =  482.4366 Mbps     0 retrans
    5.4375 MB /   0.10 sec =  456.0302 Mbps     0 retrans
    5.6875 MB /   0.10 sec =  477.1593 Mbps     0 retrans
    5.4375 MB /   0.10 sec =  456.0394 Mbps     0 retrans
    5.8750 MB /   0.10 sec =  492.8948 Mbps     0 retrans
    5.3125 MB /   0.10 sec =  445.6805 Mbps     0 retrans
    5.3750 MB /   0.10 sec =  450.9373 Mbps     0 retrans
    5.9375 MB /   0.10 sec =  498.0089 Mbps     0 retrans
    6.1250 MB /   0.10 sec =  513.6995 Mbps     0 retrans
    5.6250 MB /   0.10 sec =  471.9583 Mbps     0 retrans
    5.4375 MB /   0.10 sec =  456.0895 Mbps     0 retrans
    5.9375 MB /   0.10 sec =  498.0786 Mbps     0 retrans
    5.5625 MB /   0.10 sec =  466.6537 Mbps     0 retrans
    5.1250 MB /   0.10 sec =  429.8904 Mbps     0 retrans
    4.9375 MB /   0.10 sec =  414.0716 Mbps     0 retrans
    5.3125 MB /   0.10 sec =  445.5601 Mbps     0 retrans
    5.6875 MB /   0.10 sec =  477.4793 Mbps     0 retrans
    6.3750 MB /   0.10 sec =  534.6241 Mbps     0 retrans
    5.5000 MB /   0.10 sec =  461.4750 Mbps     0 retrans
    5.5625 MB /   0.10 sec =  466.5603 Mbps     0 retrans
    5.7500 MB /   0.10 sec =  482.3546 Mbps     0 retrans
    5.0000 MB /   0.10 sec =  419.3088 Mbps     0 retrans
    4.7500 MB /   0.10 sec =  398.3792 Mbps     0 retrans
    5.9375 MB /   0.10 sec =  498.3327 Mbps     0 retrans
    6.0000 MB /   0.10 sec =  503.2360 Mbps     0 retrans
    5.0625 MB /   0.10 sec =  424.7285 Mbps     0 retrans
    4.5000 MB /   0.10 sec =  377.5025 Mbps     0 retrans
    4.6875 MB /   0.10 sec =  393.2671 Mbps     0 retrans
    5.1250 MB /   0.10 sec =  429.7185 Mbps     0 retrans
    5.7500 MB /   0.10 sec =  482.3305 Mbps     0 retrans
    6.0625 MB /   0.10 sec =  504.4081 Mbps     0 retrans
    5.5625 MB /   0.10 sec =  470.6118 Mbps     0 retrans
    5.3125 MB /   0.10 sec =  445.7250 Mbps     0 retrans
    5.9375 MB /   0.10 sec =  498.0686 Mbps     0 retrans
    5.3125 MB /   0.10 sec =  445.5290 Mbps     0 retrans
    5.0000 MB /   0.10 sec =  419.4472 Mbps     0 retrans
    5.6875 MB /   0.10 sec =  477.2357 Mbps     0 retrans
    5.5625 MB /   0.10 sec =  466.5370 Mbps     0 retrans
    5.0000 MB /   0.10 sec =  419.3172 Mbps     0 retrans
    5.7500 MB /   0.10 sec =  482.4463 Mbps     0 retrans
    5.3750 MB /   0.10 sec =  450.8922 Mbps     0 retrans
    6.5000 MB /   0.10 sec =  545.2159 Mbps     0 retrans
    7.4375 MB /   0.10 sec =  623.8715 Mbps     0 retrans
    5.8750 MB /   0.10 sec =  492.9244 Mbps     0 retrans
    5.5000 MB /   0.10 sec =  461.3135 Mbps     0 retrans
    5.1250 MB /   0.10 sec =  429.9334 Mbps     0 retrans
    4.8125 MB /   0.10 sec =  403.7179 Mbps     0 retrans
    5.1875 MB /   0.10 sec =  435.1590 Mbps     0 retrans
    5.1250 MB /   0.10 sec =  429.9334 Mbps     0 retrans
    5.5625 MB /   0.10 sec =  466.6163 Mbps     0 retrans
    5.4375 MB /   0.10 sec =  456.1306 Mbps     0 retrans
    5.5000 MB /   0.10 sec =  461.3181 Mbps     0 retrans
    5.0000 MB /   0.10 sec =  419.4598 Mbps     0 retrans
nuttcp-r: 1526.4519 MB in 30.72 real seconds = 50874.42 KB/sec = 416.7632 Mbps
nuttcp-r: 40766 I/O calls, msec/call = 0.77, calls/sec = 1326.83
nuttcp-r: 0.0user 1.0sys 0:30real 3% 0i+0d 1268maxrss 0+1pf 12824+65csw

nuttcp-t: Warning: send window size 25000000 < requested window size 26214400
nuttcp-t: v6.1.2: socket
nuttcp-t: buflen=65536, nstream=1, port=5005 tcp -> 172.58.122.162
nuttcp-t: time limit = 30.00 seconds
nuttcp-t: accept from 172.58.122.162 with mss=1364
nuttcp-t: send window size = 50000000, receive window size = 25000000
nuttcp-t: available send window = 25000000, available receive window = 12500000
nuttcp-t: 1526.4519 MB in 30.00 real seconds = 52102.75 KB/sec = 426.8257 Mbps
nuttcp-t: retrans = 0
nuttcp-t: 24424 I/O calls, msec/call = 1.26, calls/sec = 814.13
nuttcp-t: 0.0user 0.5sys 0:30real 1% 0i+0d 100maxrss 0+0pf 93+11csw
