1660512261008
nuttcp-r: v8.1.4: socket
nuttcp-r: buflen=65536, nstream=1, port=5005 tcp
nuttcp-r: interval reporting every 0.10 seconds
nuttcp-r: connect to 3.19.94.93 with RTT=34.186 ms af=inet
nuttcp-r: send window size = 2097152, receive window size = 52428800
nuttcp-r: available send window = 1572864, available receive window = 39321600
    0.0000 MB /   0.10 sec =    0.0000 Mbps    -1 retrans
    0.1875 MB /   0.10 sec =   15.7436 Mbps     1 retrans
    0.3125 MB /   0.10 sec =   26.1861 Mbps     0 retrans
    0.2500 MB /   0.10 sec =   20.9927 Mbps     0 retrans
    0.2500 MB /   0.10 sec =   20.9545 Mbps     0 retrans
    0.3750 MB /   0.10 sec =   31.4705 Mbps     0 retrans
    0.3750 MB /   0.10 sec =   31.4651 Mbps     0 retrans
    0.4375 MB /   0.10 sec =   36.6712 Mbps     0 retrans
    0.5000 MB /   0.10 sec =   41.9451 Mbps     0 retrans
    0.5000 MB /   0.10 sec =   41.9481 Mbps     0 retrans
    0.6250 MB /   0.10 sec =   52.4278 Mbps     0 retrans
    0.5625 MB /   0.10 sec =   47.2228 Mbps     0 retrans
    0.6875 MB /   0.10 sec =   57.6279 Mbps     0 retrans
    0.7500 MB /   0.10 sec =   62.9253 Mbps     0 retrans
    0.8125 MB /   0.10 sec =   68.1881 Mbps     0 retrans
    0.9375 MB /   0.10 sec =   78.5748 Mbps     0 retrans
    0.6250 MB /   0.10 sec =   52.4808 Mbps     0 retrans
    1.3125 MB /   0.10 sec =  110.1280 Mbps     0 retrans
    0.8125 MB /   0.10 sec =   68.0962 Mbps     0 retrans
    1.0625 MB /   0.10 sec =   89.2003 Mbps     0 retrans
    1.0625 MB /   0.10 sec =   89.1183 Mbps     0 retrans
    0.9375 MB /   0.10 sec =   78.6581 Mbps     0 retrans
    1.3750 MB /   0.10 sec =  115.3157 Mbps     0 retrans
    1.5625 MB /   0.10 sec =  131.0694 Mbps     0 retrans
    1.6875 MB /   0.10 sec =  141.6158 Mbps     0 retrans
    1.8750 MB /   0.10 sec =  157.2361 Mbps     0 retrans
    2.3125 MB /   0.10 sec =  194.0409 Mbps     0 retrans
    1.8125 MB /   0.10 sec =  152.0374 Mbps     0 retrans
    0.0000 MB /   0.10 sec =    0.0000 Mbps     0 retrans
    0.0000 MB /   0.10 sec =    0.0000 Mbps     0 retrans
    2.5625 MB /   0.10 sec =  214.9151 Mbps     0 retrans
    2.7500 MB /   0.10 sec =  230.7583 Mbps     0 retrans
    3.0625 MB /   0.10 sec =  256.8934 Mbps     0 retrans
    3.1250 MB /   0.10 sec =  262.1309 Mbps     0 retrans
    3.4375 MB /   0.10 sec =  288.3007 Mbps     0 retrans
    3.3750 MB /   0.10 sec =  283.1665 Mbps     0 retrans
    3.9375 MB /   0.10 sec =  330.3113 Mbps     0 retrans
    4.1250 MB /   0.10 sec =  346.0578 Mbps     0 retrans
    4.6250 MB /   0.10 sec =  387.9421 Mbps     0 retrans
    4.6250 MB /   0.10 sec =  387.9615 Mbps     0 retrans
    5.6250 MB /   0.10 sec =  471.7224 Mbps     0 retrans
    5.0000 MB /   0.10 sec =  419.6612 Mbps     0 retrans
    4.8125 MB /   0.10 sec =  403.5807 Mbps     0 retrans
    5.3125 MB /   0.10 sec =  445.7339 Mbps     0 retrans
    5.3750 MB /   0.10 sec =  450.8606 Mbps     0 retrans
    5.7500 MB /   0.10 sec =  482.3016 Mbps     0 retrans
    5.0625 MB /   0.10 sec =  424.6351 Mbps     0 retrans
    5.9375 MB /   0.10 sec =  498.1583 Mbps     0 retrans
    4.6875 MB /   0.10 sec =  393.1452 Mbps     0 retrans
    5.1875 MB /   0.10 sec =  435.1199 Mbps     0 retrans
    4.6250 MB /   0.10 sec =  388.0352 Mbps     0 retrans
    5.5625 MB /   0.10 sec =  466.6443 Mbps     0 retrans
    5.4375 MB /   0.10 sec =  456.0439 Mbps     0 retrans
    6.0625 MB /   0.10 sec =  508.7069 Mbps     0 retrans
    5.3750 MB /   0.10 sec =  450.9598 Mbps     0 retrans
    5.5625 MB /   0.10 sec =  466.5790 Mbps     0 retrans
    5.5000 MB /   0.10 sec =  461.3965 Mbps     0 retrans
    5.9375 MB /   0.10 sec =  498.0288 Mbps     0 retrans
    5.8750 MB /   0.10 sec =  492.7667 Mbps     0 retrans
    7.4375 MB /   0.10 sec =  623.9589 Mbps     0 retrans
    6.7500 MB /   0.10 sec =  566.2707 Mbps     0 retrans
    8.0000 MB /   0.10 sec =  671.1155 Mbps     0 retrans
    6.8750 MB /   0.10 sec =  576.7687 Mbps     0 retrans
    5.1875 MB /   0.10 sec =  435.0285 Mbps     0 retrans
    6.0000 MB /   0.10 sec =  503.4524 Mbps     0 retrans
    5.3125 MB /   0.10 sec =  445.6403 Mbps     0 retrans
    5.3750 MB /   0.10 sec =  450.7795 Mbps     0 retrans
    5.8125 MB /   0.10 sec =  487.6122 Mbps     0 retrans
    5.3125 MB /   0.10 sec =  445.7027 Mbps     0 retrans
    5.4375 MB /   0.10 sec =  455.8434 Mbps     0 retrans
    5.1875 MB /   0.10 sec =  435.2853 Mbps     0 retrans
    5.3125 MB /   0.10 sec =  445.7875 Mbps     0 retrans
    5.6875 MB /   0.10 sec =  477.1116 Mbps     0 retrans
    5.6250 MB /   0.10 sec =  471.8120 Mbps     0 retrans
    6.3125 MB /   0.10 sec =  529.4356 Mbps     0 retrans
    5.6875 MB /   0.10 sec =  476.3970 Mbps     0 retrans
    5.8125 MB /   0.10 sec =  488.3399 Mbps     0 retrans
    5.6250 MB /   0.10 sec =  471.8356 Mbps     0 retrans
    5.7500 MB /   0.10 sec =  482.4608 Mbps     0 retrans
    5.0000 MB /   0.10 sec =  419.4556 Mbps     0 retrans
    5.6875 MB /   0.10 sec =  476.9304 Mbps     0 retrans
    5.6875 MB /   0.10 sec =  477.2357 Mbps     0 retrans
    4.9375 MB /   0.10 sec =  414.1585 Mbps     0 retrans
    5.1875 MB /   0.10 sec =  435.1808 Mbps     0 retrans
    0.0000 MB /   0.10 sec =    0.0000 Mbps     0 retrans
    0.0000 MB /   0.10 sec =    0.0000 Mbps     0 retrans
   18.5625 MB /   0.10 sec = 1557.4936 Mbps     0 retrans
    5.3125 MB /   0.10 sec =  445.5913 Mbps     0 retrans
    6.3750 MB /   0.10 sec =  534.6936 Mbps     0 retrans
    5.3750 MB /   0.10 sec =  450.9553 Mbps     0 retrans
    7.3750 MB /   0.10 sec =  618.5980 Mbps     0 retrans
    5.1875 MB /   0.10 sec =  435.1677 Mbps     0 retrans
    5.8750 MB /   0.10 sec =  492.9490 Mbps     0 retrans
    5.1250 MB /   0.10 sec =  429.6798 Mbps     0 retrans
    5.5625 MB /   0.10 sec =  466.7143 Mbps     0 retrans
    5.5000 MB /   0.10 sec =  461.5350 Mbps     0 retrans
    4.8125 MB /   0.10 sec =  403.6009 Mbps     0 retrans
    5.2500 MB /   0.10 sec =  440.3887 Mbps     0 retrans
    4.8125 MB /   0.10 sec =  403.7946 Mbps     0 retrans
    5.1875 MB /   0.10 sec =  435.0851 Mbps     0 retrans
    5.2500 MB /   0.10 sec =  440.4548 Mbps     0 retrans
    5.3125 MB /   0.10 sec =  445.4844 Mbps     0 retrans
    4.6875 MB /   0.10 sec =  393.1728 Mbps     0 retrans
    5.2500 MB /   0.10 sec =  440.4460 Mbps     0 retrans
    5.0625 MB /   0.10 sec =  424.7158 Mbps     0 retrans
    5.6250 MB /   0.10 sec =  471.8875 Mbps     0 retrans
    5.6250 MB /   0.10 sec =  471.9914 Mbps     0 retrans
    5.3750 MB /   0.10 sec =  450.8201 Mbps     0 retrans
    5.5625 MB /   0.10 sec =  466.5790 Mbps     0 retrans
    5.1250 MB /   0.10 sec =  429.9635 Mbps     0 retrans
    5.5625 MB /   0.10 sec =  466.4018 Mbps     0 retrans
    6.4375 MB /   0.10 sec =  540.2003 Mbps     0 retrans
    5.6875 MB /   0.10 sec =  476.9018 Mbps     0 retrans
    5.0625 MB /   0.10 sec =  424.8857 Mbps     0 retrans
    5.1250 MB /   0.10 sec =  429.9033 Mbps     0 retrans
    5.0625 MB /   0.10 sec =  424.6733 Mbps     0 retrans
    5.2500 MB /   0.10 sec =  440.2918 Mbps     0 retrans
    4.5000 MB /   0.10 sec =  377.6157 Mbps     0 retrans
    5.1875 MB /   0.10 sec =  435.1199 Mbps     0 retrans
    5.1875 MB /   0.10 sec =  434.9763 Mbps     0 retrans
    5.0625 MB /   0.10 sec =  424.8347 Mbps     0 retrans
    5.5000 MB /   0.10 sec =  461.3596 Mbps     0 retrans
    5.5000 MB /   0.10 sec =  461.3504 Mbps     0 retrans
    4.8125 MB /   0.10 sec =  403.6896 Mbps     0 retrans
    5.3750 MB /   0.10 sec =  450.7254 Mbps     0 retrans
    5.0625 MB /   0.10 sec =  424.8772 Mbps     0 retrans
    6.5000 MB /   0.10 sec =  545.3413 Mbps     0 retrans
    5.3125 MB /   0.10 sec =  445.5913 Mbps     0 retrans
    5.2500 MB /   0.10 sec =  440.4592 Mbps     0 retrans
    5.6250 MB /   0.10 sec =  471.8450 Mbps     0 retrans
    5.3750 MB /   0.10 sec =  450.8471 Mbps     0 retrans
    5.1250 MB /   0.10 sec =  429.8775 Mbps     0 retrans
    4.8750 MB /   0.10 sec =  409.0019 Mbps     0 retrans
    4.8125 MB /   0.10 sec =  403.6937 Mbps     0 retrans
    4.6875 MB /   0.10 sec =  393.0902 Mbps     0 retrans
    5.3750 MB /   0.10 sec =  450.8561 Mbps     0 retrans
    4.8750 MB /   0.10 sec =  409.1247 Mbps     0 retrans
    5.3125 MB /   0.10 sec =  445.5334 Mbps     0 retrans
    4.8750 MB /   0.10 sec =  409.0387 Mbps     0 retrans
    4.3125 MB /   0.10 sec =  361.6936 Mbps     0 retrans
    4.6250 MB /   0.10 sec =  388.0042 Mbps     0 retrans
    4.4375 MB /   0.10 sec =  372.3189 Mbps     0 retrans
    4.6250 MB /   0.10 sec =  387.8723 Mbps     0 retrans
    4.6250 MB /   0.10 sec =  387.9925 Mbps     0 retrans
    4.8125 MB /   0.10 sec =  403.7704 Mbps     0 retrans
    5.0625 MB /   0.10 sec =  424.6563 Mbps     0 retrans
    6.3125 MB /   0.10 sec =  529.4620 Mbps     0 retrans
    5.3125 MB /   0.10 sec =  445.6270 Mbps     0 retrans
    4.7500 MB /   0.10 sec =  398.4230 Mbps     0 retrans
    5.0625 MB /   0.10 sec =  424.6988 Mbps     0 retrans
    5.7500 MB /   0.10 sec =  482.3160 Mbps     0 retrans
    5.0625 MB /   0.10 sec =  424.8092 Mbps     0 retrans
    4.7500 MB /   0.10 sec =  398.3155 Mbps     0 retrans
    5.3125 MB /   0.10 sec =  445.7741 Mbps     0 retrans
    4.5625 MB /   0.10 sec =  382.6537 Mbps     0 retrans
    4.7500 MB /   0.10 sec =  398.4230 Mbps     0 retrans
    4.8750 MB /   0.10 sec =  408.1569 Mbps     0 retrans
    5.3125 MB /   0.10 sec =  446.6453 Mbps     0 retrans
    5.6250 MB /   0.10 sec =  471.9158 Mbps     0 retrans
    5.0000 MB /   0.10 sec =  419.3968 Mbps     0 retrans
    5.3750 MB /   0.10 sec =  450.7795 Mbps     0 retrans
    5.4375 MB /   0.10 sec =  456.1351 Mbps     0 retrans
    5.2500 MB /   0.10 sec =  440.2830 Mbps     0 retrans
    5.2500 MB /   0.10 sec =  440.4548 Mbps     0 retrans
    5.9375 MB /   0.10 sec =  498.1732 Mbps     0 retrans
    6.2500 MB /   0.10 sec =  524.1727 Mbps     0 retrans
    6.1250 MB /   0.10 sec =  513.8690 Mbps     0 retrans
    5.5625 MB /   0.10 sec =  466.6957 Mbps     0 retrans
    4.7500 MB /   0.10 sec =  398.4629 Mbps     0 retrans
    5.5625 MB /   0.10 sec =  466.6490 Mbps     0 retrans
    4.6250 MB /   0.10 sec =  387.8257 Mbps     0 retrans
    5.1250 MB /   0.10 sec =  430.0452 Mbps     0 retrans
    5.0000 MB /   0.10 sec =  419.3885 Mbps     0 retrans
    5.8750 MB /   0.10 sec =  492.9342 Mbps     0 retrans
    5.4375 MB /   0.10 sec =  456.1078 Mbps     0 retrans
    5.5000 MB /   0.10 sec =  461.2351 Mbps     0 retrans
    5.1875 MB /   0.10 sec =  435.2069 Mbps     0 retrans
    5.1250 MB /   0.10 sec =  429.9205 Mbps     0 retrans
    4.7500 MB /   0.10 sec =  398.4390 Mbps     0 retrans
    4.8750 MB /   0.10 sec =  408.9774 Mbps     0 retrans
    4.8750 MB /   0.10 sec =  408.7607 Mbps     0 retrans
    4.8750 MB /   0.10 sec =  409.2024 Mbps     0 retrans
    5.0625 MB /   0.10 sec =  424.7030 Mbps     0 retrans
    4.6875 MB /   0.10 sec =  393.1649 Mbps     0 retrans
    5.2500 MB /   0.10 sec =  440.4195 Mbps     0 retrans
    5.0000 MB /   0.10 sec =  419.2669 Mbps     0 retrans
    4.5000 MB /   0.10 sec =  377.6157 Mbps     0 retrans
    4.8125 MB /   0.10 sec =  403.6331 Mbps     0 retrans
    4.7500 MB /   0.10 sec =  398.4310 Mbps     0 retrans
    5.0625 MB /   0.10 sec =  424.7370 Mbps     0 retrans
    5.2500 MB /   0.10 sec =  440.3403 Mbps     0 retrans
    5.0625 MB /   0.10 sec =  424.7030 Mbps     0 retrans
    5.0000 MB /   0.10 sec =  419.4346 Mbps     0 retrans
    4.9375 MB /   0.10 sec =  414.1420 Mbps     0 retrans
    4.6875 MB /   0.10 sec =  393.0313 Mbps     0 retrans
    4.7500 MB /   0.10 sec =  398.4788 Mbps     0 retrans
    4.7500 MB /   0.10 sec =  398.4908 Mbps     0 retrans
    4.4375 MB /   0.10 sec =  372.4307 Mbps     0 retrans
    4.3125 MB /   0.10 sec =  361.6900 Mbps     0 retrans
    6.1875 MB /   0.10 sec =  519.1126 Mbps     0 retrans
    5.4375 MB /   0.10 sec =  456.0485 Mbps     0 retrans
    5.0000 MB /   0.10 sec =  419.5395 Mbps     0 retrans
    4.6875 MB /   0.10 sec =  393.1256 Mbps     0 retrans
    4.8750 MB /   0.10 sec =  408.9855 Mbps     0 retrans
    4.8125 MB /   0.10 sec =  403.6654 Mbps     0 retrans
    3.5000 MB /   0.10 sec =  293.5220 Mbps     0 retrans
    0.0000 MB /   0.10 sec =    0.0000 Mbps     0 retrans
    0.0000 MB /   0.10 sec =    0.0000 Mbps     0 retrans
   14.0625 MB /   0.10 sec = 1180.4389 Mbps     0 retrans
    7.6250 MB /   0.10 sec =  639.6186 Mbps     0 retrans
    5.6875 MB /   0.10 sec =  477.0735 Mbps     0 retrans
    5.2500 MB /   0.10 sec =  440.4328 Mbps     0 retrans
    5.1875 MB /   0.10 sec =  435.1895 Mbps     0 retrans
    5.0625 MB /   0.10 sec =  424.6351 Mbps     0 retrans
    5.3750 MB /   0.10 sec =  450.9463 Mbps     0 retrans
    5.6250 MB /   0.10 sec =  471.0819 Mbps     0 retrans
    5.6250 MB /   0.10 sec =  471.7224 Mbps     0 retrans
    5.2500 MB /   0.10 sec =  441.1917 Mbps     0 retrans
    5.0000 MB /   0.10 sec =  419.3214 Mbps     0 retrans
    5.2500 MB /   0.10 sec =  440.5693 Mbps     0 retrans
    5.2500 MB /   0.10 sec =  439.9839 Mbps     0 retrans
    5.1875 MB /   0.10 sec =  435.6208 Mbps     0 retrans
    4.3750 MB /   0.10 sec =  366.8255 Mbps     0 retrans
    5.4375 MB /   0.10 sec =  456.2081 Mbps     0 retrans
    5.4375 MB /   0.10 sec =  456.1351 Mbps     0 retrans
    5.0000 MB /   0.10 sec =  419.3549 Mbps     0 retrans
    5.0000 MB /   0.10 sec =  407.2575 Mbps     0 retrans
    5.1875 MB /   0.10 sec =  448.7378 Mbps     0 retrans
    4.8125 MB /   0.10 sec =  403.3791 Mbps     0 retrans
    5.0625 MB /   0.10 sec =  425.0388 Mbps     0 retrans
    4.4375 MB /   0.10 sec =  372.1366 Mbps     0 retrans
    5.0000 MB /   0.10 sec =  419.5437 Mbps     0 retrans
    4.6250 MB /   0.10 sec =  387.8684 Mbps     0 retrans
    5.2500 MB /   0.10 sec =  440.5693 Mbps     0 retrans
    5.1250 MB /   0.10 sec =  429.7486 Mbps     0 retrans
    5.0000 MB /   0.10 sec =  419.3423 Mbps     0 retrans
    5.2500 MB /   0.10 sec =  440.5120 Mbps     0 retrans
    4.4375 MB /   0.10 sec =  372.3376 Mbps     0 retrans
    4.5625 MB /   0.10 sec =  382.3899 Mbps     0 retrans
    4.3750 MB /   0.10 sec =  367.2991 Mbps     0 retrans
    4.6250 MB /   0.10 sec =  387.8064 Mbps     0 retrans
    4.8750 MB /   0.10 sec =  409.0878 Mbps     0 retrans
    5.2500 MB /   0.10 sec =  440.4328 Mbps     0 retrans
    4.9375 MB /   0.10 sec =  414.1917 Mbps     0 retrans
    5.0625 MB /   0.10 sec =  424.5884 Mbps     0 retrans
    4.6250 MB /   0.10 sec =  387.5778 Mbps     0 retrans
    4.6875 MB /   0.10 sec =  393.6096 Mbps     0 retrans
    5.5625 MB /   0.10 sec =  466.5510 Mbps     0 retrans
    5.6250 MB /   0.10 sec =  471.8309 Mbps     0 retrans
    5.1250 MB /   0.10 sec =  430.1398 Mbps     0 retrans
    5.2500 MB /   0.10 sec =  440.2830 Mbps     0 retrans
    5.1250 MB /   0.10 sec =  430.0409 Mbps     0 retrans
    5.2500 MB /   0.10 sec =  440.3887 Mbps     0 retrans
    5.7500 MB /   0.10 sec =  482.2678 Mbps     0 retrans
    4.6250 MB /   0.10 sec =  387.7754 Mbps     0 retrans
    4.9375 MB /   0.10 sec =  414.3118 Mbps     0 retrans
    4.9375 MB /   0.10 sec =  414.2497 Mbps     0 retrans
    5.4375 MB /   0.10 sec =  456.2994 Mbps     0 retrans
    5.3750 MB /   0.10 sec =  450.8201 Mbps     0 retrans
    5.7500 MB /   0.10 sec =  481.0221 Mbps     0 retrans
    5.8750 MB /   0.10 sec =  494.1600 Mbps     0 retrans
    6.6250 MB /   0.10 sec =  555.4842 Mbps     0 retrans
    5.5000 MB /   0.10 sec =  461.4519 Mbps     0 retrans
    5.7500 MB /   0.10 sec =  482.4028 Mbps     0 retrans
    5.5000 MB /   0.10 sec =  460.5674 Mbps     0 retrans
    5.0000 MB /   0.10 sec =  420.0268 Mbps     0 retrans
    5.4375 MB /   0.10 sec =  456.2674 Mbps     0 retrans
    6.1250 MB /   0.10 sec =  513.8896 Mbps     0 retrans
    4.7500 MB /   0.10 sec =  398.4549 Mbps     0 retrans
    5.2500 MB /   0.10 sec =  440.1114 Mbps     0 retrans
    5.0000 MB /   0.10 sec =  419.6990 Mbps     0 retrans
    5.1875 MB /   0.10 sec =  434.7895 Mbps     0 retrans
    5.0000 MB /   0.10 sec =  419.7452 Mbps     0 retrans
    5.2500 MB /   0.10 sec =  440.4856 Mbps     0 retrans
    5.1875 MB /   0.10 sec =  435.0677 Mbps     0 retrans
    4.7500 MB /   0.10 sec =  398.4589 Mbps     0 retrans
    5.2500 MB /   0.10 sec =  440.3403 Mbps     0 retrans
    5.0625 MB /   0.10 sec =  424.8092 Mbps     0 retrans
    5.2500 MB /   0.10 sec =  440.3403 Mbps     0 retrans
    5.3750 MB /   0.10 sec =  450.7705 Mbps     0 retrans
    5.1875 MB /   0.10 sec =  435.0546 Mbps     0 retrans
    5.4375 MB /   0.10 sec =  456.3177 Mbps     0 retrans
    5.0000 MB /   0.10 sec =  419.2711 Mbps     0 retrans
    5.2500 MB /   0.10 sec =  440.4768 Mbps     0 retrans
    5.2500 MB /   0.10 sec =  440.5253 Mbps     0 retrans
    5.3125 MB /   0.10 sec =  445.6225 Mbps     0 retrans
    5.0625 MB /   0.10 sec =  424.2660 Mbps     0 retrans
    5.1250 MB /   0.10 sec =  429.9549 Mbps     0 retrans
    5.1875 MB /   0.10 sec =  435.6164 Mbps     0 retrans
    4.7500 MB /   0.10 sec =  398.4270 Mbps     0 retrans
    5.3125 MB /   0.10 sec =  445.5334 Mbps     0 retrans
    5.1875 MB /   0.10 sec =  435.2983 Mbps     0 retrans
    5.1250 MB /   0.10 sec =  429.9807 Mbps     0 retrans
    4.8125 MB /   0.10 sec =  403.6412 Mbps     0 retrans
    5.1250 MB /   0.10 sec =  429.9463 Mbps     0 retrans
    4.8125 MB /   0.10 sec =  402.4261 Mbps     0 retrans
    4.8125 MB /   0.10 sec =  404.9449 Mbps     0 retrans
    5.0625 MB /   0.10 sec =  424.6223 Mbps     0 retrans
    5.0000 MB /   0.10 sec =  419.5563 Mbps     0 retrans
    5.6875 MB /   0.10 sec =  477.0878 Mbps     0 retrans
    5.0000 MB /   0.10 sec =  419.3633 Mbps     0 retrans
    5.1875 MB /   0.10 sec =  435.0764 Mbps     0 retrans
    5.5000 MB /   0.10 sec =  461.3873 Mbps     0 retrans
    5.5000 MB /   0.10 sec =  461.4011 Mbps     0 retrans
    4.4375 MB /   0.10 sec =  372.0882 Mbps     0 retrans
    5.2500 MB /   0.10 sec =  440.4504 Mbps     0 retrans
    5.0625 MB /   0.10 sec =  424.8432 Mbps     0 retrans
    2.0000 MB /   0.10 sec =  167.7671 Mbps     0 retrans
nuttcp-r: 1465.6194 MB in 30.83 real seconds = 48684.23 KB/sec = 398.8212 Mbps
nuttcp-r: 41222 I/O calls, msec/call = 0.77, calls/sec = 1337.20
nuttcp-r: 0.0user 1.1sys 0:30real 3% 0i+0d 1276maxrss 0+1pf 12807+66csw

nuttcp-t: Warning: send window size 25000000 < requested window size 26214400
nuttcp-t: v6.1.2: socket
nuttcp-t: buflen=65536, nstream=1, port=5005 tcp -> 172.58.123.212
nuttcp-t: time limit = 30.00 seconds
nuttcp-t: accept from 172.58.123.212 with mss=1364
nuttcp-t: send window size = 50000000, receive window size = 25000000
nuttcp-t: available send window = 25000000, available receive window = 12500000
nuttcp-t: 1465.6194 MB in 30.00 real seconds = 50026.41 KB/sec = 409.8163 Mbps
nuttcp-t: retrans = 0
nuttcp-t: 23450 I/O calls, msec/call = 1.31, calls/sec = 781.67
nuttcp-t: 0.0user 0.5sys 0:30real 1% 0i+0d 100maxrss 0+0pf 89+17csw
