1660512302824
nuttcp-t: v8.1.4: socket
nuttcp-t: buflen=65536, nstream=1, port=5005 tcp -> 3.19.94.93
nuttcp-t: time limit = 30.00 seconds
nuttcp-t: connect to 3.19.94.93 with mss=1384, RTT=28.627 ms af=inet
nuttcp-t: send window size = 33554432, receive window size = 6291456
nuttcp-t: available send window = 25165824, available receive window = 4718592
nuttcp-t: initial congestion window = 13 KB (10 packets)
nuttcp-r: Warning: receive window size 25000000 < requested window size 26214400
nuttcp-r: v6.1.2: socket
nuttcp-r: buflen=65536, nstream=1, port=5005 tcp
nuttcp-r: interval reporting every 0.10 seconds
nuttcp-r: accept from 172.58.123.212
nuttcp-r: send window size = 25000000, receive window size = 50000000
nuttcp-r: available send window = 12500000, available receive window = 25000000
    0.0000 MB /   0.10 sec =    0.0000 Mbps     0 retrans   2508 KB-cwnd
    0.1875 MB /   0.10 sec =   15.7294 Mbps     0 retrans   2508 KB-cwnd
    0.7500 MB /   0.10 sec =   62.9183 Mbps     0 retrans   2508 KB-cwnd
    1.0000 MB /   0.10 sec =   83.8852 Mbps     0 retrans   2508 KB-cwnd
    1.0000 MB /   0.10 sec =   83.8660 Mbps     0 retrans   2508 KB-cwnd
    1.2500 MB /   0.10 sec =  104.8849 Mbps     0 retrans   2508 KB-cwnd
    1.1250 MB /   0.10 sec =   94.3567 Mbps     0 retrans   2508 KB-cwnd
    1.0625 MB /   0.10 sec =   89.1459 Mbps     0 retrans   2508 KB-cwnd
    1.1875 MB /   0.10 sec =   99.6117 Mbps     0 retrans   2508 KB-cwnd
    1.0625 MB /   0.10 sec =   89.1316 Mbps     0 retrans   2508 KB-cwnd
    1.1250 MB /   0.10 sec =   94.3700 Mbps     0 retrans   2508 KB-cwnd
    1.3125 MB /   0.10 sec =  110.0983 Mbps     0 retrans   2508 KB-cwnd
    1.2500 MB /   0.10 sec =  104.8618 Mbps     0 retrans   2508 KB-cwnd
    1.1875 MB /   0.10 sec =   99.6107 Mbps     0 retrans   2508 KB-cwnd
    1.3125 MB /   0.10 sec =  110.1005 Mbps     0 retrans   2508 KB-cwnd
    1.1875 MB /   0.10 sec =   99.6157 Mbps     0 retrans   2508 KB-cwnd
    1.3125 MB /   0.10 sec =  110.0873 Mbps     0 retrans   2508 KB-cwnd
    1.1875 MB /   0.10 sec =   99.6247 Mbps     0 retrans   2508 KB-cwnd
    1.2500 MB /   0.10 sec =  104.8576 Mbps     0 retrans   2508 KB-cwnd
    1.1875 MB /   0.10 sec =   99.6117 Mbps     0 retrans   2508 KB-cwnd
    1.1250 MB /   0.10 sec =   94.3709 Mbps     0 retrans   2508 KB-cwnd
    1.0625 MB /   0.10 sec =   89.1325 Mbps     0 retrans   2508 KB-cwnd
    1.0625 MB /   0.10 sec =   89.1254 Mbps     0 retrans   2508 KB-cwnd
    1.1875 MB /   0.10 sec =   99.6167 Mbps     0 retrans   2508 KB-cwnd
    1.1250 MB /   0.10 sec =   94.3700 Mbps     0 retrans   2508 KB-cwnd
    1.1250 MB /   0.10 sec =   94.3747 Mbps     0 retrans   2508 KB-cwnd
    1.0625 MB /   0.10 sec =   89.1307 Mbps     0 retrans   2508 KB-cwnd
    1.1250 MB /   0.10 sec =   94.3718 Mbps     0 retrans   2508 KB-cwnd
    1.0625 MB /   0.10 sec =   89.1290 Mbps     0 retrans   2508 KB-cwnd
    1.0625 MB /   0.10 sec =   89.1254 Mbps     0 retrans   2508 KB-cwnd
    1.0625 MB /   0.10 sec =   89.1307 Mbps     0 retrans   2508 KB-cwnd
    1.0625 MB /   0.10 sec =   89.1290 Mbps     0 retrans   2508 KB-cwnd
    1.1875 MB /   0.10 sec =   99.6008 Mbps     0 retrans   2508 KB-cwnd
    1.0625 MB /   0.10 sec =   89.1227 Mbps     0 retrans   2508 KB-cwnd
    1.1250 MB /   0.10 sec =   94.3379 Mbps     0 retrans   2508 KB-cwnd
    1.1875 MB /   0.10 sec =   99.6675 Mbps     0 retrans   2508 KB-cwnd
    1.1875 MB /   0.10 sec =   99.6237 Mbps     0 retrans   2508 KB-cwnd
    1.0625 MB /   0.10 sec =   89.1218 Mbps     0 retrans   2508 KB-cwnd
    0.9375 MB /   0.10 sec =   78.6353 Mbps     0 retrans   2508 KB-cwnd
    1.1250 MB /   0.10 sec =   94.3841 Mbps     0 retrans   2508 KB-cwnd
    1.1250 MB /   0.10 sec =   94.3709 Mbps     0 retrans   2508 KB-cwnd
    1.0625 MB /   0.10 sec =   89.1316 Mbps     0 retrans   2508 KB-cwnd
    1.0000 MB /   0.10 sec =   83.8861 Mbps     0 retrans   2508 KB-cwnd
    1.0625 MB /   0.10 sec =   89.1290 Mbps     0 retrans   2508 KB-cwnd
    1.0625 MB /   0.10 sec =   89.1307 Mbps     0 retrans   2508 KB-cwnd
    0.8750 MB /   0.10 sec =   73.3974 Mbps     0 retrans   2508 KB-cwnd
    1.0000 MB /   0.10 sec =   83.8894 Mbps     0 retrans   2508 KB-cwnd
    1.0625 MB /   0.10 sec =   89.1209 Mbps     0 retrans   2508 KB-cwnd
    1.1250 MB /   0.10 sec =   94.3803 Mbps     0 retrans   2508 KB-cwnd
    1.0000 MB /   0.10 sec =   83.8802 Mbps     0 retrans   2508 KB-cwnd
    1.0625 MB /   0.10 sec =   89.1352 Mbps     0 retrans   2508 KB-cwnd
    1.1250 MB /   0.10 sec =   94.3700 Mbps     0 retrans   2508 KB-cwnd
    1.0625 MB /   0.10 sec =   89.1183 Mbps     0 retrans   2508 KB-cwnd
    1.0625 MB /   0.10 sec =   89.1334 Mbps     0 retrans   2508 KB-cwnd
    1.0000 MB /   0.10 sec =   83.8945 Mbps     0 retrans   2508 KB-cwnd
    1.0625 MB /   0.10 sec =   89.1129 Mbps     0 retrans   2508 KB-cwnd
    1.0625 MB /   0.10 sec =   89.1334 Mbps     0 retrans   2508 KB-cwnd
    0.9375 MB /   0.10 sec =   78.6393 Mbps     0 retrans   2508 KB-cwnd
    0.9375 MB /   0.10 sec =   78.6456 Mbps     0 retrans   2508 KB-cwnd
    1.0000 MB /   0.10 sec =   83.8961 Mbps     0 retrans   2508 KB-cwnd
    1.0625 MB /   0.10 sec =   89.1307 Mbps     0 retrans   2508 KB-cwnd
    1.1250 MB /   0.10 sec =   94.3718 Mbps     0 retrans   2508 KB-cwnd
    1.0000 MB /   0.10 sec =   83.8827 Mbps     0 retrans   2508 KB-cwnd
    1.0625 MB /   0.10 sec =   89.1343 Mbps     0 retrans   2508 KB-cwnd
    1.0625 MB /   0.10 sec =   89.1183 Mbps     0 retrans   2508 KB-cwnd
    1.0000 MB /   0.10 sec =   83.8852 Mbps     0 retrans   2508 KB-cwnd
    1.0625 MB /   0.10 sec =   89.1361 Mbps     0 retrans   2508 KB-cwnd
    1.1250 MB /   0.10 sec =   94.3718 Mbps     0 retrans   2508 KB-cwnd
    1.0625 MB /   0.10 sec =   89.1236 Mbps     0 retrans   2508 KB-cwnd
    1.0625 MB /   0.10 sec =   89.1361 Mbps     0 retrans   2508 KB-cwnd
    0.9375 MB /   0.10 sec =   78.6385 Mbps     0 retrans   2508 KB-cwnd
    1.0000 MB /   0.10 sec =   83.8894 Mbps     0 retrans   2508 KB-cwnd
    1.0625 MB /   0.10 sec =   89.1281 Mbps     0 retrans   2508 KB-cwnd
    1.0625 MB /   0.10 sec =   89.1156 Mbps     0 retrans   2508 KB-cwnd
    1.0625 MB /   0.10 sec =   89.1405 Mbps     0 retrans   2508 KB-cwnd
    1.0625 MB /   0.10 sec =   89.1120 Mbps     0 retrans   2508 KB-cwnd
    1.1875 MB /   0.10 sec =   99.6376 Mbps     0 retrans   2508 KB-cwnd
    1.0000 MB /   0.10 sec =   83.8718 Mbps     0 retrans   2508 KB-cwnd
    0.7500 MB /   0.10 sec =   62.9146 Mbps     0 retrans   2508 KB-cwnd
    1.2500 MB /   0.10 sec =  104.8754 Mbps     0 retrans   2508 KB-cwnd
    0.9375 MB /   0.10 sec =   78.6448 Mbps     0 retrans   2508 KB-cwnd
    1.0000 MB /   0.10 sec =   83.8710 Mbps     0 retrans   2508 KB-cwnd
    1.0000 MB /   0.10 sec =   83.9037 Mbps     0 retrans   2508 KB-cwnd
    0.9375 MB /   0.10 sec =   78.6361 Mbps     0 retrans   2508 KB-cwnd
    0.8750 MB /   0.10 sec =   73.3710 Mbps     0 retrans   2508 KB-cwnd
    0.8750 MB /   0.10 sec =   73.4312 Mbps     0 retrans   2508 KB-cwnd
    0.8125 MB /   0.10 sec =   68.1547 Mbps     0 retrans   2508 KB-cwnd
    1.0000 MB /   0.10 sec =   83.8894 Mbps     0 retrans   2508 KB-cwnd
    0.8750 MB /   0.10 sec =   73.3922 Mbps     0 retrans   2508 KB-cwnd
    1.0000 MB /   0.10 sec =   83.8970 Mbps     0 retrans   2508 KB-cwnd
    0.9375 MB /   0.10 sec =   78.6408 Mbps     0 retrans   2508 KB-cwnd
    0.9375 MB /   0.10 sec =   78.6416 Mbps     0 retrans   2508 KB-cwnd
    0.8750 MB /   0.10 sec =   73.4003 Mbps     0 retrans   2508 KB-cwnd
    0.9375 MB /   0.10 sec =   78.6495 Mbps     0 retrans   2508 KB-cwnd
    0.8750 MB /   0.10 sec =   73.3974 Mbps     0 retrans   2508 KB-cwnd
    0.8125 MB /   0.10 sec =   68.1574 Mbps     0 retrans   2508 KB-cwnd
    0.8125 MB /   0.10 sec =   68.1520 Mbps     0 retrans   2508 KB-cwnd
    0.8750 MB /   0.10 sec =   73.4033 Mbps     0 retrans   2508 KB-cwnd
    0.9375 MB /   0.10 sec =   78.6495 Mbps     0 retrans   2508 KB-cwnd
    0.6250 MB /   0.10 sec =   52.4278 Mbps     0 retrans   2508 KB-cwnd
    0.9375 MB /   0.10 sec =   78.6416 Mbps     0 retrans   2508 KB-cwnd
    0.9375 MB /   0.10 sec =   78.6416 Mbps     0 retrans   2508 KB-cwnd
    0.8750 MB /   0.10 sec =   73.3915 Mbps     0 retrans   2508 KB-cwnd
    0.6875 MB /   0.10 sec =   57.6798 Mbps     0 retrans   2508 KB-cwnd
    1.1250 MB /   0.10 sec =   94.3756 Mbps     0 retrans   2508 KB-cwnd
    0.9375 MB /   0.10 sec =   78.6408 Mbps     0 retrans   2508 KB-cwnd
    0.8750 MB /   0.10 sec =   73.3989 Mbps     0 retrans   2508 KB-cwnd
    1.0000 MB /   0.10 sec =   83.8878 Mbps     0 retrans   2508 KB-cwnd
    0.8750 MB /   0.10 sec =   73.3989 Mbps     0 retrans   2508 KB-cwnd
    1.0000 MB /   0.10 sec =   83.8886 Mbps     0 retrans   2508 KB-cwnd
    0.8750 MB /   0.10 sec =   73.3900 Mbps     0 retrans   2508 KB-cwnd
    1.0000 MB /   0.10 sec =   83.8936 Mbps     0 retrans   2508 KB-cwnd
    0.8750 MB /   0.10 sec =   73.3974 Mbps     0 retrans   2508 KB-cwnd
    0.8750 MB /   0.10 sec =   73.4003 Mbps     0 retrans   2508 KB-cwnd
    0.8750 MB /   0.10 sec =   73.4047 Mbps     0 retrans   2508 KB-cwnd
    0.8125 MB /   0.10 sec =   68.1459 Mbps     0 retrans   2508 KB-cwnd
    0.8750 MB /   0.10 sec =   73.4099 Mbps     0 retrans   2508 KB-cwnd
    0.9375 MB /   0.10 sec =   78.6471 Mbps     0 retrans   2508 KB-cwnd
    0.8125 MB /   0.10 sec =   68.1540 Mbps     0 retrans   2508 KB-cwnd
    0.9375 MB /   0.10 sec =   78.6463 Mbps     0 retrans   2508 KB-cwnd
    0.8750 MB /   0.10 sec =   73.3959 Mbps     0 retrans   2508 KB-cwnd
    0.8750 MB /   0.10 sec =   73.4055 Mbps     0 retrans   2508 KB-cwnd
    0.8750 MB /   0.10 sec =   73.4033 Mbps     0 retrans   2508 KB-cwnd
    0.7500 MB /   0.10 sec =   62.9152 Mbps     0 retrans   2508 KB-cwnd
    0.8125 MB /   0.10 sec =   68.1506 Mbps     0 retrans   2508 KB-cwnd
    0.8750 MB /   0.10 sec =   73.4084 Mbps     0 retrans   2508 KB-cwnd
    0.8125 MB /   0.10 sec =   68.1574 Mbps     0 retrans   2508 KB-cwnd
    0.6875 MB /   0.10 sec =   57.6653 Mbps     0 retrans   2508 KB-cwnd
    0.8750 MB /   0.10 sec =   73.3967 Mbps     0 retrans   2508 KB-cwnd
    0.9375 MB /   0.10 sec =   78.6526 Mbps     0 retrans   2508 KB-cwnd
    0.7500 MB /   0.10 sec =   62.9076 Mbps     0 retrans   2508 KB-cwnd
    0.7500 MB /   0.10 sec =   62.9234 Mbps     0 retrans   2508 KB-cwnd
    0.8750 MB /   0.10 sec =   73.3915 Mbps     0 retrans   2508 KB-cwnd
    0.8125 MB /   0.10 sec =   68.1622 Mbps     0 retrans   2508 KB-cwnd
    0.7500 MB /   0.10 sec =   62.9089 Mbps     0 retrans   2508 KB-cwnd
    0.8125 MB /   0.10 sec =   68.1588 Mbps     0 retrans   2508 KB-cwnd
    0.7500 MB /   0.10 sec =   62.9196 Mbps     0 retrans   2508 KB-cwnd
    0.7500 MB /   0.10 sec =   62.9139 Mbps     0 retrans   2508 KB-cwnd
    0.8750 MB /   0.10 sec =   73.3996 Mbps     0 retrans   2508 KB-cwnd
    0.8125 MB /   0.10 sec =   68.1595 Mbps     0 retrans   2508 KB-cwnd
    0.8125 MB /   0.10 sec =   68.1554 Mbps     0 retrans   2508 KB-cwnd
    0.7500 MB /   0.10 sec =   62.9139 Mbps     0 retrans   2508 KB-cwnd
    0.7500 MB /   0.10 sec =   62.9083 Mbps     0 retrans   2508 KB-cwnd
    0.9375 MB /   0.10 sec =   78.6487 Mbps     0 retrans   2508 KB-cwnd
    0.7500 MB /   0.10 sec =   62.9083 Mbps     0 retrans   2508 KB-cwnd
    0.8750 MB /   0.10 sec =   73.4018 Mbps     0 retrans   2508 KB-cwnd
    0.8125 MB /   0.10 sec =   68.1602 Mbps     0 retrans   2508 KB-cwnd
    1.0000 MB /   0.10 sec =   83.8785 Mbps     0 retrans   2508 KB-cwnd
    0.9375 MB /   0.10 sec =   78.6408 Mbps     0 retrans   2508 KB-cwnd
    0.9375 MB /   0.10 sec =   78.6589 Mbps     0 retrans   2508 KB-cwnd
    1.0000 MB /   0.10 sec =   83.8861 Mbps     0 retrans   2508 KB-cwnd
    0.8750 MB /   0.10 sec =   73.3944 Mbps     0 retrans   2561 KB-cwnd
    1.0000 MB /   0.10 sec =   83.8911 Mbps     0 retrans   2561 KB-cwnd
    1.0000 MB /   0.10 sec =   83.8920 Mbps     0 retrans   2561 KB-cwnd
    1.0000 MB /   0.10 sec =   83.8852 Mbps     0 retrans   2561 KB-cwnd
    0.9375 MB /   0.10 sec =   78.6416 Mbps     0 retrans   2561 KB-cwnd
    1.0000 MB /   0.10 sec =   83.8852 Mbps     0 retrans   2561 KB-cwnd
    1.0625 MB /   0.10 sec =   89.1183 Mbps     0 retrans   2561 KB-cwnd
    0.7500 MB /   0.10 sec =   62.9070 Mbps     0 retrans   2561 KB-cwnd
    1.1250 MB /   0.10 sec =   94.3954 Mbps     0 retrans   2561 KB-cwnd
    1.0625 MB /   0.10 sec =   89.1227 Mbps     0 retrans   2561 KB-cwnd
    0.9375 MB /   0.10 sec =   78.6432 Mbps     0 retrans   2561 KB-cwnd
    1.0000 MB /   0.10 sec =   83.8894 Mbps     0 retrans   2649 KB-cwnd
    1.0625 MB /   0.10 sec =   89.0809 Mbps     0 retrans   2649 KB-cwnd
    1.1250 MB /   0.10 sec =   94.4238 Mbps     0 retrans   2649 KB-cwnd
    1.1250 MB /   0.10 sec =   94.3737 Mbps     0 retrans   2649 KB-cwnd
    0.8125 MB /   0.10 sec =   68.1397 Mbps     0 retrans   2649 KB-cwnd
    1.1875 MB /   0.10 sec =   99.6207 Mbps     0 retrans   2649 KB-cwnd
    1.1250 MB /   0.10 sec =   94.3784 Mbps     0 retrans   2649 KB-cwnd
    1.1250 MB /   0.10 sec =   94.3822 Mbps     0 retrans   2649 KB-cwnd
    1.0625 MB /   0.10 sec =   89.1281 Mbps     0 retrans   2649 KB-cwnd
    0.9375 MB /   0.10 sec =   78.6456 Mbps     0 retrans   2649 KB-cwnd
    1.1250 MB /   0.10 sec =   94.3700 Mbps     0 retrans   2649 KB-cwnd
    1.0625 MB /   0.10 sec =   89.1299 Mbps     0 retrans   2649 KB-cwnd
    0.9375 MB /   0.10 sec =   78.6471 Mbps     0 retrans   2649 KB-cwnd
    1.0625 MB /   0.10 sec =   89.1218 Mbps     0 retrans   2649 KB-cwnd
    1.0000 MB /   0.10 sec =   83.8928 Mbps     0 retrans   2649 KB-cwnd
    1.1250 MB /   0.10 sec =   94.3709 Mbps     0 retrans   2649 KB-cwnd
    1.0000 MB /   0.10 sec =   83.8727 Mbps     0 retrans   2649 KB-cwnd
    1.0625 MB /   0.10 sec =   89.1397 Mbps     0 retrans   2649 KB-cwnd
    1.0000 MB /   0.10 sec =   83.8794 Mbps     0 retrans   2649 KB-cwnd
    1.1250 MB /   0.10 sec =   94.3643 Mbps     0 retrans   2649 KB-cwnd
    1.1250 MB /   0.10 sec =   94.3841 Mbps     0 retrans   2649 KB-cwnd
    1.3125 MB /   0.10 sec =  110.1027 Mbps     0 retrans   2649 KB-cwnd
    0.8750 MB /   0.10 sec =   73.4011 Mbps     0 retrans   2649 KB-cwnd
    1.1250 MB /   0.10 sec =   94.3681 Mbps     0 retrans   2649 KB-cwnd
    1.1250 MB /   0.10 sec =   94.3728 Mbps     0 retrans   2649 KB-cwnd
    1.2500 MB /   0.10 sec =  104.8586 Mbps     0 retrans   2649 KB-cwnd
    1.0625 MB /   0.10 sec =   89.1245 Mbps     0 retrans   2649 KB-cwnd
    1.1250 MB /   0.10 sec =   94.3737 Mbps     0 retrans   2649 KB-cwnd
    1.1250 MB /   0.10 sec =   94.3766 Mbps     0 retrans   2649 KB-cwnd
    1.1250 MB /   0.10 sec =   94.3728 Mbps     0 retrans   2649 KB-cwnd
    1.0625 MB /   0.10 sec =   89.1272 Mbps     0 retrans   2649 KB-cwnd
    1.0000 MB /   0.10 sec =   83.8878 Mbps     0 retrans   2649 KB-cwnd
    1.0000 MB /   0.10 sec =   83.8852 Mbps     0 retrans   2649 KB-cwnd
    1.1250 MB /   0.10 sec =   94.3718 Mbps     0 retrans   2649 KB-cwnd
    1.1875 MB /   0.10 sec =   99.6147 Mbps     0 retrans   2649 KB-cwnd
    1.0000 MB /   0.10 sec =   83.8852 Mbps     0 retrans   2649 KB-cwnd
    1.1875 MB /   0.10 sec =   99.6117 Mbps     0 retrans   2649 KB-cwnd
    1.1250 MB /   0.10 sec =   94.3681 Mbps     0 retrans   2649 KB-cwnd
    1.1875 MB /   0.10 sec =   99.6247 Mbps     0 retrans   2649 KB-cwnd
    1.0625 MB /   0.10 sec =   89.1254 Mbps     0 retrans   2649 KB-cwnd
    1.0625 MB /   0.10 sec =   89.1290 Mbps     0 retrans   2649 KB-cwnd
    1.1250 MB /   0.10 sec =   94.3124 Mbps     0 retrans   2649 KB-cwnd
    1.0000 MB /   0.10 sec =   83.9448 Mbps     0 retrans   2649 KB-cwnd
    1.1250 MB /   0.10 sec =   94.3700 Mbps     0 retrans   2649 KB-cwnd
    1.1875 MB /   0.10 sec =   99.6167 Mbps     0 retrans   2649 KB-cwnd
    1.0625 MB /   0.10 sec =   89.1272 Mbps     0 retrans   2649 KB-cwnd
    1.1250 MB /   0.10 sec =   94.3671 Mbps     0 retrans   2649 KB-cwnd
    1.0625 MB /   0.10 sec =   89.1263 Mbps     0 retrans   2649 KB-cwnd
    1.0000 MB /   0.10 sec =   83.8903 Mbps     0 retrans   2649 KB-cwnd
    1.1875 MB /   0.10 sec =   99.6087 Mbps     0 retrans   2649 KB-cwnd
    1.0000 MB /   0.10 sec =   83.8920 Mbps     0 retrans   2649 KB-cwnd
    1.0000 MB /   0.10 sec =   83.8785 Mbps     0 retrans   2649 KB-cwnd
    1.0000 MB /   0.10 sec =   83.8945 Mbps     0 retrans   2649 KB-cwnd
    1.0625 MB /   0.10 sec =   89.1254 Mbps     0 retrans   2649 KB-cwnd
    1.1250 MB /   0.10 sec =   94.3709 Mbps     0 retrans   2649 KB-cwnd
    1.0000 MB /   0.10 sec =   83.8861 Mbps     0 retrans   2649 KB-cwnd
    1.0625 MB /   0.10 sec =   89.1263 Mbps     0 retrans   2649 KB-cwnd
    1.0000 MB /   0.10 sec =   83.8920 Mbps     0 retrans   2649 KB-cwnd
    1.0625 MB /   0.10 sec =   89.1138 Mbps     0 retrans   2649 KB-cwnd
    1.1250 MB /   0.10 sec =   94.3869 Mbps     0 retrans   2649 KB-cwnd
    1.0625 MB /   0.10 sec =   89.1299 Mbps     0 retrans   2649 KB-cwnd
    1.1875 MB /   0.10 sec =   99.6087 Mbps     0 retrans   2649 KB-cwnd
    1.0625 MB /   0.10 sec =   89.1334 Mbps     0 retrans   2649 KB-cwnd
    1.0000 MB /   0.10 sec =   83.8869 Mbps     0 retrans   2649 KB-cwnd
    1.1875 MB /   0.10 sec =   99.6187 Mbps     0 retrans   2649 KB-cwnd
    1.1875 MB /   0.10 sec =   99.6097 Mbps     0 retrans   2649 KB-cwnd
    1.1875 MB /   0.10 sec =   99.6147 Mbps     0 retrans   2649 KB-cwnd
    1.0625 MB /   0.10 sec =   89.1138 Mbps     0 retrans   2649 KB-cwnd
    1.0000 MB /   0.10 sec =   83.9012 Mbps     0 retrans   2649 KB-cwnd
    1.2500 MB /   0.10 sec =  104.8555 Mbps     0 retrans   2649 KB-cwnd
    1.1250 MB /   0.10 sec =   94.3737 Mbps     0 retrans   2649 KB-cwnd
    1.0625 MB /   0.10 sec =   89.1245 Mbps     0 retrans   2649 KB-cwnd
    1.0625 MB /   0.10 sec =   89.1316 Mbps     0 retrans   2649 KB-cwnd
    0.9375 MB /   0.10 sec =   78.6361 Mbps     0 retrans   2649 KB-cwnd
    1.0000 MB /   0.10 sec =   83.8970 Mbps     0 retrans   2649 KB-cwnd
    1.0625 MB /   0.10 sec =   89.1272 Mbps     0 retrans   2649 KB-cwnd
    1.0000 MB /   0.10 sec =   83.8836 Mbps     0 retrans   2649 KB-cwnd
    1.0625 MB /   0.10 sec =   89.1325 Mbps     0 retrans   2649 KB-cwnd
    1.1875 MB /   0.10 sec =   99.6137 Mbps     0 retrans   2649 KB-cwnd
    0.9375 MB /   0.10 sec =   78.6361 Mbps     0 retrans   2649 KB-cwnd
    1.1250 MB /   0.10 sec =   94.3832 Mbps     0 retrans   2649 KB-cwnd
    1.1250 MB /   0.10 sec =   94.3737 Mbps     0 retrans   2649 KB-cwnd
    1.0625 MB /   0.10 sec =   89.1165 Mbps     0 retrans   2649 KB-cwnd
    1.0625 MB /   0.10 sec =   89.1316 Mbps     0 retrans   2649 KB-cwnd
    1.0000 MB /   0.10 sec =   83.8634 Mbps     0 retrans   2649 KB-cwnd
    0.9375 MB /   0.10 sec =   78.6699 Mbps     0 retrans   2649 KB-cwnd
    1.0625 MB /   0.10 sec =   89.1209 Mbps     0 retrans   2649 KB-cwnd
    1.0000 MB /   0.10 sec =   83.8894 Mbps     0 retrans   2649 KB-cwnd
    1.0000 MB /   0.10 sec =   83.8886 Mbps     0 retrans   2649 KB-cwnd
    1.0625 MB /   0.10 sec =   89.1325 Mbps     0 retrans   2649 KB-cwnd
    1.1250 MB /   0.10 sec =   94.3709 Mbps     0 retrans   2649 KB-cwnd
    0.9375 MB /   0.10 sec =   78.6424 Mbps     0 retrans   2649 KB-cwnd
    0.8750 MB /   0.10 sec =   73.3974 Mbps     0 retrans   2649 KB-cwnd
    1.0000 MB /   0.10 sec =   83.8920 Mbps     0 retrans   2649 KB-cwnd
    0.8750 MB /   0.10 sec =   73.3996 Mbps     0 retrans   2649 KB-cwnd
    1.0000 MB /   0.10 sec =   83.8760 Mbps     0 retrans   2649 KB-cwnd
    1.0625 MB /   0.10 sec =   89.1316 Mbps     0 retrans   2649 KB-cwnd
    0.9375 MB /   0.10 sec =   78.6471 Mbps     0 retrans   2649 KB-cwnd
    1.0000 MB /   0.10 sec =   83.8894 Mbps     0 retrans   2649 KB-cwnd
    0.9375 MB /   0.10 sec =   78.6401 Mbps     0 retrans   2649 KB-cwnd
    1.0000 MB /   0.10 sec =   83.8886 Mbps     0 retrans   2649 KB-cwnd
    1.0625 MB /   0.10 sec =   89.1200 Mbps     0 retrans   2649 KB-cwnd
    0.9375 MB /   0.10 sec =   78.6471 Mbps     0 retrans   2649 KB-cwnd
    1.1250 MB /   0.10 sec =   94.3775 Mbps     0 retrans   2649 KB-cwnd
    1.0625 MB /   0.10 sec =   89.1272 Mbps     0 retrans   2649 KB-cwnd
    1.0625 MB /   0.10 sec =   89.1281 Mbps     0 retrans   2649 KB-cwnd
    1.0625 MB /   0.10 sec =   89.1299 Mbps     0 retrans   2649 KB-cwnd
    1.0625 MB /   0.10 sec =   89.1209 Mbps     0 retrans   2649 KB-cwnd
    0.9375 MB /   0.10 sec =   78.6393 Mbps     0 retrans   2649 KB-cwnd
    1.1250 MB /   0.10 sec =   94.3851 Mbps     0 retrans   2649 KB-cwnd
    1.1250 MB /   0.10 sec =   94.3662 Mbps     0 retrans   2649 KB-cwnd
    1.0000 MB /   0.10 sec =   83.8920 Mbps     0 retrans   2649 KB-cwnd
    0.9375 MB /   0.10 sec =   78.6432 Mbps     0 retrans   2649 KB-cwnd
    1.1250 MB /   0.10 sec =   94.3737 Mbps     0 retrans   2649 KB-cwnd
    1.0625 MB /   0.10 sec =   89.1102 Mbps     0 retrans   2649 KB-cwnd
    0.9375 MB /   0.10 sec =   78.6581 Mbps     0 retrans   2649 KB-cwnd
    1.0000 MB /   0.10 sec =   83.8852 Mbps     0 retrans   2649 KB-cwnd
    1.0000 MB /   0.10 sec =   83.8852 Mbps     0 retrans   2649 KB-cwnd
    1.0625 MB /   0.10 sec =   89.1290 Mbps     0 retrans   2649 KB-cwnd
    1.0000 MB /   0.10 sec =   83.8458 Mbps     0 retrans   2649 KB-cwnd
    0.9375 MB /   0.10 sec =   78.6810 Mbps     0 retrans   2649 KB-cwnd
    1.1250 MB /   0.10 sec =   94.3718 Mbps     0 retrans   2649 KB-cwnd
    1.0000 MB /   0.10 sec =   83.8852 Mbps     0 retrans   2649 KB-cwnd
    0.9375 MB /   0.10 sec =   78.6424 Mbps     0 retrans   2649 KB-cwnd
    1.0625 MB /   0.10 sec =   89.1245 Mbps     0 retrans   2649 KB-cwnd
    1.0625 MB /   0.10 sec =   89.1343 Mbps     0 retrans   2649 KB-cwnd
    1.0000 MB /   0.10 sec =   83.8869 Mbps     0 retrans   2649 KB-cwnd
    0.8750 MB /   0.10 sec =   73.3952 Mbps     0 retrans   2649 KB-cwnd
    0.9375 MB /   0.10 sec =   78.6456 Mbps     0 retrans   2649 KB-cwnd
    0.8750 MB /   0.10 sec =   73.4040 Mbps     0 retrans   2649 KB-cwnd
    1.0000 MB /   0.10 sec =   83.8852 Mbps     0 retrans   2649 KB-cwnd
    0.8750 MB /   0.10 sec =   73.4003 Mbps     0 retrans   2649 KB-cwnd
    0.8125 MB /   0.10 sec =   68.1547 Mbps     0 retrans   2649 KB-cwnd
    1.1250 MB /   0.10 sec =   94.3756 Mbps     0 retrans   2649 KB-cwnd
    0.9375 MB /   0.10 sec =   78.6448 Mbps     0 retrans   2649 KB-cwnd
    1.0000 MB /   0.10 sec =   83.8802 Mbps     0 retrans   2649 KB-cwnd
    0.9375 MB /   0.10 sec =   78.6456 Mbps     0 retrans   2649 KB-cwnd
    1.0625 MB /   0.10 sec =   89.1307 Mbps     0 retrans   2649 KB-cwnd
    1.1875 MB /   0.10 sec =   99.6127 Mbps     0 retrans   2649 KB-cwnd
    1.0000 MB /   0.10 sec =   83.8827 Mbps     0 retrans   2649 KB-cwnd
    1.0000 MB /   0.10 sec =   83.8743 Mbps     0 retrans   2649 KB-cwnd
    1.1875 MB /   0.10 sec =   99.6337 Mbps     0 retrans   2649 KB-cwnd
    1.0625 MB /   0.10 sec =   89.1307 Mbps     0 retrans   2649 KB-cwnd
    0.8750 MB /   0.10 sec =   73.3967 Mbps     0 retrans   2649 KB-cwnd
    1.0000 MB /   0.10 sec =   83.8911 Mbps     0 retrans   2649 KB-cwnd
    0.8750 MB /   0.10 sec =   73.3996 Mbps     0 retrans   2649 KB-cwnd
    0.8750 MB /   0.10 sec =   73.3109 Mbps     0 retrans   2649 KB-cwnd
    1.0625 MB /   0.10 sec =   89.2378 Mbps     0 retrans   2649 KB-cwnd
    1.0000 MB /   0.10 sec =   83.8836 Mbps     0 retrans   2649 KB-cwnd
    0.9375 MB /   0.10 sec =   78.6432 Mbps     0 retrans   2649 KB-cwnd
    0.9375 MB /   0.10 sec =   78.6338 Mbps     0 retrans   2649 KB-cwnd
    0.9375 MB /   0.10 sec =   78.6463 Mbps     0 retrans   2649 KB-cwnd
    1.0625 MB /   0.10 sec =   89.1325 Mbps     0 retrans   2649 KB-cwnd
    0.6875 MB /   0.10 sec =   57.6746 Mbps     0 retrans   2649 KB-cwnd
    0.7500 MB /   0.10 sec =   62.9051 Mbps     0 retrans   2649 KB-cwnd
    1.0000 MB /   0.10 sec =   83.8810 Mbps     0 retrans   2649 KB-cwnd
    1.0625 MB /   0.10 sec =   89.1459 Mbps     0 retrans   2649 KB-cwnd
    1.1250 MB /   0.10 sec =   94.3775 Mbps     0 retrans   2649 KB-cwnd
    1.0000 MB /   0.10 sec =   83.8844 Mbps     0 retrans   2649 KB-cwnd
    0.9375 MB /   0.10 sec =   78.6448 Mbps     0 retrans   2649 KB-cwnd
    1.0000 MB /   0.10 sec =   83.8852 Mbps     0 retrans   2649 KB-cwnd
    0.8750 MB /   0.10 sec =   73.3915 Mbps     0 retrans   2649 KB-cwnd
nuttcp-t: 325.9575 MB in 30.00 real seconds = 11125.97 KB/sec = 91.1440 Mbps
nuttcp-t: retrans = 0 cwnd = 2649 KB
nuttcp-t: 5216 I/O calls, msec/call = 5.89, calls/sec = 173.87
nuttcp-t: 0.0user 0.0sys 0:30real 0% 0i+0d 1264maxrss 0+1pf 29+5csw

nuttcp-r: 325.9575 MB in 32.48 real seconds = 10274.99 KB/sec = 84.1727 Mbps
nuttcp-r: 42450 I/O calls, msec/call = 0.78, calls/sec = 1306.77
nuttcp-r: 0.0user 0.5sys 0:32real 1% 0i+0d 100maxrss 0+15pf 36453+11csw
