1660438066045
nuttcp-r: v8.1.4: socket
nuttcp-r: buflen=65536, nstream=1, port=5005 tcp
nuttcp-r: interval reporting every 0.10 seconds
nuttcp-r: connect to 3.19.94.93 with RTT=45.900 ms af=inet
nuttcp-r: send window size = 2097152, receive window size = 52428800
nuttcp-r: available send window = 1572864, available receive window = 39321600
    0.0000 MB /   0.10 sec =    0.0000 Mbps    -1 retrans
    0.0625 MB /   0.10 sec =    5.2392 Mbps     1 retrans
    0.2500 MB /   0.10 sec =   20.9675 Mbps     0 retrans
    0.2500 MB /   0.10 sec =   20.9711 Mbps     0 retrans
    0.2500 MB /   0.10 sec =   20.9889 Mbps     0 retrans
    0.3750 MB /   0.10 sec =   31.4670 Mbps     0 retrans
    0.3750 MB /   0.10 sec =   31.4365 Mbps     0 retrans
    0.4375 MB /   0.10 sec =   36.6917 Mbps     0 retrans
    0.3750 MB /   0.10 sec =   31.4617 Mbps     0 retrans
    0.3750 MB /   0.10 sec =   31.4730 Mbps     0 retrans
    0.4375 MB /   0.10 sec =   36.7075 Mbps     0 retrans
    0.3750 MB /   0.10 sec =   31.4434 Mbps     0 retrans
    0.6250 MB /   0.10 sec =   52.4545 Mbps     0 retrans
    0.6875 MB /   0.10 sec =   57.6878 Mbps     0 retrans
    0.6875 MB /   0.10 sec =   57.6492 Mbps     0 retrans
    0.7500 MB /   0.10 sec =   62.9328 Mbps     0 retrans
    0.7500 MB /   0.10 sec =   62.9209 Mbps     0 retrans
    0.8750 MB /   0.10 sec =   73.3922 Mbps     0 retrans
    0.7500 MB /   0.10 sec =   62.9083 Mbps     0 retrans
    1.1250 MB /   0.10 sec =   94.3803 Mbps     0 retrans
    1.1875 MB /   0.10 sec =   99.6257 Mbps     0 retrans
    0.9375 MB /   0.10 sec =   78.6432 Mbps     0 retrans
    1.3750 MB /   0.10 sec =  115.3272 Mbps     0 retrans
    1.3125 MB /   0.10 sec =  110.1093 Mbps     0 retrans
    1.3125 MB /   0.10 sec =  110.0708 Mbps     0 retrans
    1.6250 MB /   0.10 sec =  136.3353 Mbps     0 retrans
    1.5625 MB /   0.10 sec =  131.0759 Mbps     0 retrans
    2.0000 MB /   0.10 sec =  167.7537 Mbps     0 retrans
    1.5625 MB /   0.10 sec =  131.0904 Mbps     0 retrans
    2.1875 MB /   0.10 sec =  183.5136 Mbps     0 retrans
    2.3750 MB /   0.10 sec =  199.2135 Mbps     0 retrans
    1.8750 MB /   0.10 sec =  157.2864 Mbps     0 retrans
    0.5625 MB /   0.10 sec =   47.1840 Mbps     0 retrans
    1.8750 MB /   0.10 sec =  157.2880 Mbps     0 retrans
    2.9375 MB /   0.10 sec =  246.4449 Mbps     0 retrans
    2.8125 MB /   0.10 sec =  235.8942 Mbps     0 retrans
    3.1250 MB /   0.10 sec =  262.1702 Mbps     0 retrans
    3.4375 MB /   0.10 sec =  288.3411 Mbps     0 retrans
    3.4375 MB /   0.10 sec =  288.2950 Mbps     0 retrans
    4.0000 MB /   0.10 sec =  335.5410 Mbps     0 retrans
    3.8750 MB /   0.10 sec =  324.3547 Mbps     0 retrans
    4.4375 MB /   0.10 sec =  373.1550 Mbps     0 retrans
    5.2500 MB /   0.10 sec =  440.3051 Mbps     0 retrans
    4.8125 MB /   0.10 sec =  403.7421 Mbps     0 retrans
    5.1250 MB /   0.10 sec =  429.9420 Mbps     0 retrans
    5.7500 MB /   0.10 sec =  482.2823 Mbps     0 retrans
    7.2500 MB /   0.10 sec =  608.1619 Mbps     0 retrans
    4.0625 MB /   0.10 sec =  340.7122 Mbps     0 retrans
    0.0000 MB /   0.10 sec =    0.0000 Mbps     0 retrans
    5.0000 MB /   0.10 sec =  419.4723 Mbps     0 retrans
    5.8750 MB /   0.10 sec =  492.8997 Mbps     0 retrans
    7.5625 MB /   0.10 sec =  634.3821 Mbps     0 retrans
    5.3125 MB /   0.10 sec =  445.5423 Mbps     0 retrans
    7.7500 MB /   0.10 sec =  650.2407 Mbps     0 retrans
    5.6875 MB /   0.10 sec =  477.1259 Mbps     0 retrans
    5.4375 MB /   0.10 sec =  456.1351 Mbps     0 retrans
    7.7500 MB /   0.10 sec =  650.1626 Mbps     0 retrans
    5.6875 MB /   0.10 sec =  477.0687 Mbps     0 retrans
    5.9375 MB /   0.10 sec =  498.0288 Mbps     0 retrans
    4.5000 MB /   0.10 sec =  377.5478 Mbps     0 retrans
    5.4375 MB /   0.10 sec =  456.0622 Mbps     0 retrans
    5.7500 MB /   0.10 sec =  482.2678 Mbps     0 retrans
    7.6250 MB /   0.10 sec =  639.7529 Mbps     0 retrans
    4.9375 MB /   0.10 sec =  414.2041 Mbps     0 retrans
    9.1875 MB /   0.10 sec =  770.6417 Mbps     0 retrans
    7.7500 MB /   0.10 sec =  649.9221 Mbps     0 retrans
    5.1250 MB /   0.10 sec =  430.0581 Mbps     0 retrans
    7.0625 MB /   0.10 sec =  592.3980 Mbps     0 retrans
    6.8125 MB /   0.10 sec =  571.5597 Mbps     0 retrans
    3.3125 MB /   0.10 sec =  277.8782 Mbps     0 retrans
    3.6250 MB /   0.10 sec =  304.0384 Mbps     0 retrans
    3.7500 MB /   0.10 sec =  314.5036 Mbps     0 retrans
    5.0000 MB /   0.10 sec =  419.4891 Mbps     0 retrans
    4.5625 MB /   0.10 sec =  382.7609 Mbps     0 retrans
    8.9375 MB /   0.10 sec =  749.9043 Mbps     0 retrans
    9.2500 MB /   0.10 sec =  775.7833 Mbps     0 retrans
    9.8125 MB /   0.10 sec =  823.0416 Mbps     0 retrans
    5.0000 MB /   0.10 sec =  419.4220 Mbps     0 retrans
    8.0000 MB /   0.10 sec =  671.1088 Mbps     0 retrans
    6.4375 MB /   0.10 sec =  540.1355 Mbps     0 retrans
    8.6250 MB /   0.10 sec =  723.3655 Mbps     0 retrans
    8.1250 MB /   0.10 sec =  681.4994 Mbps     0 retrans
    7.2500 MB /   0.10 sec =  608.2714 Mbps     0 retrans
    7.0625 MB /   0.10 sec =  592.5106 Mbps     0 retrans
    6.9375 MB /   0.10 sec =  582.0237 Mbps     0 retrans
    6.5000 MB /   0.10 sec =  545.2759 Mbps     0 retrans
    2.4375 MB /   0.10 sec =  204.4090 Mbps     0 retrans
    5.1875 MB /   0.10 sec =  435.1547 Mbps     0 retrans
   16.9375 MB /   0.10 sec = 1420.9910 Mbps     0 retrans
    7.0000 MB /   0.10 sec =  587.0851 Mbps     0 retrans
    6.5625 MB /   0.10 sec =  550.5740 Mbps     0 retrans
    7.5000 MB /   0.10 sec =  629.2274 Mbps     0 retrans
    5.0625 MB /   0.10 sec =  424.6690 Mbps     0 retrans
    9.2500 MB /   0.10 sec =  775.8299 Mbps     0 retrans
    8.4375 MB /   0.10 sec =  707.7393 Mbps     0 retrans
    5.9375 MB /   0.10 sec =  498.2281 Mbps     0 retrans
    8.1875 MB /   0.10 sec =  686.7898 Mbps     0 retrans
    7.8125 MB /   0.10 sec =  655.3993 Mbps     0 retrans
    7.3750 MB /   0.10 sec =  618.5980 Mbps     0 retrans
    9.4375 MB /   0.10 sec =  791.5957 Mbps     0 retrans
    8.3750 MB /   0.10 sec =  702.6513 Mbps     0 retrans
    5.5000 MB /   0.10 sec =  461.3596 Mbps     0 retrans
    6.7500 MB /   0.10 sec =  566.1688 Mbps     0 retrans
    6.6875 MB /   0.10 sec =  561.0218 Mbps     0 retrans
    6.6250 MB /   0.10 sec =  555.5619 Mbps     0 retrans
    5.0000 MB /   0.10 sec =  419.5731 Mbps     0 retrans
    6.5000 MB /   0.10 sec =  545.2432 Mbps     0 retrans
    7.5000 MB /   0.10 sec =  629.1393 Mbps     0 retrans
   11.3750 MB /   0.10 sec =  954.1946 Mbps     0 retrans
    4.9375 MB /   0.10 sec =  414.1751 Mbps     0 retrans
    7.6875 MB /   0.10 sec =  644.7904 Mbps     0 retrans
   10.3750 MB /   0.10 sec =  870.4225 Mbps     0 retrans
    1.2500 MB /   0.10 sec =  104.8429 Mbps     0 retrans
    0.0000 MB /   0.10 sec =    0.0000 Mbps     0 retrans
    0.0000 MB /   0.10 sec =    0.0000 Mbps     0 retrans
   22.8750 MB /   0.10 sec = 1919.0284 Mbps     0 retrans
    2.5000 MB /   0.10 sec =  209.7383 Mbps     0 retrans
    3.6875 MB /   0.10 sec =  309.3516 Mbps     0 retrans
    7.1250 MB /   0.10 sec =  597.5987 Mbps     0 retrans
   11.0625 MB /   0.10 sec =  928.1754 Mbps     0 retrans
    6.9375 MB /   0.10 sec =  581.9888 Mbps     0 retrans
    8.2500 MB /   0.10 sec =  692.1086 Mbps     0 retrans
    6.9375 MB /   0.10 sec =  581.9655 Mbps     0 retrans
    8.0000 MB /   0.10 sec =  670.9746 Mbps     0 retrans
    7.5000 MB /   0.10 sec =  628.2598 Mbps     0 retrans
    5.1250 MB /   0.10 sec =  430.5146 Mbps     0 retrans
    9.6875 MB /   0.10 sec =  812.6220 Mbps     0 retrans
    8.5000 MB /   0.10 sec =  712.9818 Mbps     0 retrans
    5.6875 MB /   0.10 sec =  477.1546 Mbps     0 retrans
    7.1875 MB /   0.10 sec =  602.8890 Mbps     0 retrans
    8.1250 MB /   0.10 sec =  681.3223 Mbps     0 retrans
    7.9375 MB /   0.10 sec =  665.7392 Mbps     0 retrans
    5.1875 MB /   0.10 sec =  435.1068 Mbps     0 retrans
    6.0000 MB /   0.10 sec =  503.6590 Mbps     0 retrans
    0.6875 MB /   0.10 sec =   57.6434 Mbps     0 retrans
    8.6250 MB /   0.10 sec =  723.8721 Mbps     0 retrans
    7.3750 MB /   0.10 sec =  618.4743 Mbps     0 retrans
    8.4375 MB /   0.10 sec =  707.9445 Mbps     0 retrans
    8.1250 MB /   0.10 sec =  681.5540 Mbps     0 retrans
    4.0000 MB /   0.10 sec =  335.3666 Mbps     0 retrans
    7.2500 MB /   0.10 sec =  608.6306 Mbps     0 retrans
    6.6875 MB /   0.10 sec =  561.0330 Mbps     0 retrans
    5.4375 MB /   0.10 sec =  455.9482 Mbps     0 retrans
    8.3750 MB /   0.10 sec =  702.6443 Mbps     0 retrans
    4.1875 MB /   0.10 sec =  351.3292 Mbps     0 retrans
    6.6250 MB /   0.10 sec =  555.7731 Mbps     0 retrans
    7.1875 MB /   0.10 sec =  602.8046 Mbps     0 retrans
    5.1875 MB /   0.10 sec =  435.1852 Mbps     0 retrans
    6.8750 MB /   0.10 sec =  576.7860 Mbps     0 retrans
    8.1875 MB /   0.10 sec =  686.7555 Mbps     0 retrans
    6.5000 MB /   0.10 sec =  545.2214 Mbps     0 retrans
    9.9375 MB /   0.10 sec =  833.5179 Mbps     0 retrans
    4.3750 MB /   0.10 sec =  367.0603 Mbps     0 retrans
    8.9375 MB /   0.10 sec =  749.8293 Mbps     0 retrans
    7.6250 MB /   0.10 sec =  639.7081 Mbps     0 retrans
    4.3750 MB /   0.10 sec =  366.8915 Mbps     0 retrans
    7.1250 MB /   0.10 sec =  597.7899 Mbps     0 retrans
    6.4375 MB /   0.10 sec =  539.9087 Mbps     0 retrans
    7.4375 MB /   0.10 sec =  624.0088 Mbps     0 retrans
    5.3750 MB /   0.10 sec =  450.9373 Mbps     0 retrans
    9.1250 MB /   0.10 sec =  765.4146 Mbps     0 retrans
    7.5625 MB /   0.10 sec =  634.4075 Mbps     0 retrans
    5.1875 MB /   0.10 sec =  435.1112 Mbps     0 retrans
    8.5625 MB /   0.10 sec =  718.2099 Mbps     0 retrans
    7.3750 MB /   0.10 sec =  618.7650 Mbps     0 retrans
    4.5000 MB /   0.10 sec =  377.4270 Mbps     0 retrans
    6.6250 MB /   0.10 sec =  555.7564 Mbps     0 retrans
    8.9375 MB /   0.10 sec =  749.2523 Mbps     0 retrans
    5.6250 MB /   0.10 sec =  472.1992 Mbps     0 retrans
    7.1250 MB /   0.10 sec =  597.6166 Mbps     0 retrans
    8.3750 MB /   0.10 sec =  702.6162 Mbps     0 retrans
    8.2500 MB /   0.10 sec =  692.0878 Mbps     0 retrans
    7.5625 MB /   0.10 sec =  634.2870 Mbps     0 retrans
    4.8750 MB /   0.10 sec =  408.9692 Mbps     0 retrans
    9.1875 MB /   0.10 sec =  770.6648 Mbps     0 retrans
    5.9375 MB /   0.10 sec =  498.1882 Mbps     0 retrans
    4.9375 MB /   0.10 sec =  414.1917 Mbps     0 retrans
    9.0625 MB /   0.10 sec =  760.2480 Mbps     0 retrans
    7.6250 MB /   0.10 sec =  639.4395 Mbps     0 retrans
    8.4375 MB /   0.10 sec =  707.8596 Mbps     0 retrans
   10.1250 MB /   0.10 sec =  849.3466 Mbps     0 retrans
    4.7500 MB /   0.10 sec =  398.4469 Mbps     0 retrans
    6.4375 MB /   0.10 sec =  540.1031 Mbps     0 retrans
    5.8125 MB /   0.10 sec =  487.6317 Mbps     0 retrans
   12.1875 MB /   0.10 sec = 1022.3207 Mbps     0 retrans
    5.6250 MB /   0.10 sec =  471.8309 Mbps     0 retrans
    2.8125 MB /   0.10 sec =  235.9508 Mbps     0 retrans
   11.5000 MB /   0.10 sec =  964.6899 Mbps     0 retrans
    3.1875 MB /   0.10 sec =  267.3200 Mbps     0 retrans
    4.1875 MB /   0.10 sec =  351.3713 Mbps     0 retrans
    8.9375 MB /   0.10 sec =  749.6719 Mbps     0 retrans
    8.5625 MB /   0.10 sec =  718.2171 Mbps     0 retrans
    4.2500 MB /   0.10 sec =  356.4659 Mbps     0 retrans
    8.3750 MB /   0.10 sec =  702.6092 Mbps     0 retrans
    7.5000 MB /   0.10 sec =  629.2274 Mbps     0 retrans
    8.4375 MB /   0.10 sec =  707.6331 Mbps     0 retrans
    7.5000 MB /   0.10 sec =  628.8060 Mbps     0 retrans
    6.6250 MB /   0.10 sec =  556.1401 Mbps     0 retrans
    8.5625 MB /   0.10 sec =  717.7147 Mbps     0 retrans
    4.9375 MB /   0.10 sec =  414.3823 Mbps     0 retrans
    6.4375 MB /   0.10 sec =  540.1355 Mbps     0 retrans
    6.5000 MB /   0.10 sec =  545.2323 Mbps     0 retrans
    7.3125 MB /   0.10 sec =  613.4967 Mbps     0 retrans
    8.3125 MB /   0.10 sec =  697.0730 Mbps     0 retrans
    6.6250 MB /   0.10 sec =  555.8509 Mbps     0 retrans
    8.5625 MB /   0.10 sec =  718.3895 Mbps     0 retrans
    5.5625 MB /   0.10 sec =  466.5137 Mbps     0 retrans
    6.0625 MB /   0.10 sec =  508.6814 Mbps     0 retrans
    7.9375 MB /   0.10 sec =  665.5995 Mbps     0 retrans
    4.6250 MB /   0.10 sec =  388.0818 Mbps     0 retrans
    7.2500 MB /   0.10 sec =  607.9734 Mbps     0 retrans
   11.5625 MB /   0.10 sec =  970.1850 Mbps     0 retrans
    6.1250 MB /   0.10 sec =  513.7766 Mbps     0 retrans
    6.8750 MB /   0.10 sec =  576.5496 Mbps     0 retrans
    6.5625 MB /   0.10 sec =  550.8164 Mbps     0 retrans
    6.3750 MB /   0.10 sec =  534.7149 Mbps     0 retrans
    4.3125 MB /   0.10 sec =  361.6394 Mbps     0 retrans
    0.0000 MB /   0.10 sec =    0.0000 Mbps     0 retrans
    0.0000 MB /   0.10 sec =    0.0000 Mbps     0 retrans
   24.5000 MB /   0.10 sec = 2055.4556 Mbps     0 retrans
    4.1250 MB /   0.10 sec =  346.0405 Mbps     0 retrans
    8.3750 MB /   0.10 sec =  702.6583 Mbps     0 retrans
    6.8750 MB /   0.10 sec =  576.7168 Mbps     0 retrans
    5.6875 MB /   0.10 sec =  477.0019 Mbps     0 retrans
    7.9375 MB /   0.10 sec =  665.9856 Mbps     0 retrans
    5.1250 MB /   0.10 sec =  429.8388 Mbps     0 retrans
    9.6250 MB /   0.10 sec =  807.5166 Mbps     0 retrans
    5.6250 MB /   0.10 sec =  471.8781 Mbps     0 retrans
    8.1875 MB /   0.10 sec =  686.6799 Mbps     0 retrans
    8.7500 MB /   0.10 sec =  734.0619 Mbps     0 retrans
    5.8750 MB /   0.10 sec =  492.9145 Mbps     0 retrans
    3.6250 MB /   0.10 sec =  304.0718 Mbps     0 retrans
    7.0625 MB /   0.10 sec =  592.2737 Mbps     0 retrans
    4.9375 MB /   0.10 sec =  414.2787 Mbps     0 retrans
    5.1875 MB /   0.10 sec =  435.2156 Mbps     0 retrans
    6.9375 MB /   0.10 sec =  581.9422 Mbps     0 retrans
    4.6250 MB /   0.10 sec =  387.8102 Mbps     0 retrans
   11.9375 MB /   0.10 sec = 1001.8108 Mbps     0 retrans
    7.6875 MB /   0.10 sec =  644.6744 Mbps     0 retrans
    5.0625 MB /   0.10 sec =  424.7242 Mbps     0 retrans
   10.3750 MB /   0.10 sec =  870.4574 Mbps     0 retrans
    5.8125 MB /   0.10 sec =  487.1153 Mbps     0 retrans
    8.3125 MB /   0.10 sec =  698.0569 Mbps     0 retrans
    6.1875 MB /   0.10 sec =  519.0295 Mbps     0 retrans
    6.8125 MB /   0.10 sec =  545.8934 Mbps     0 retrans
    7.2500 MB /   0.10 sec =  638.0542 Mbps     0 retrans
    6.5000 MB /   0.10 sec =  544.1875 Mbps     0 retrans
    7.5000 MB /   0.10 sec =  629.8321 Mbps     0 retrans
    8.0625 MB /   0.10 sec =  676.8053 Mbps     0 retrans
    6.1250 MB /   0.10 sec =  513.7663 Mbps     0 retrans
    6.0000 MB /   0.10 sec =  503.3014 Mbps     0 retrans
    5.3125 MB /   0.10 sec =  445.6225 Mbps     0 retrans
    5.2500 MB /   0.10 sec =  440.5429 Mbps     0 retrans
    6.8750 MB /   0.10 sec =  576.6072 Mbps     0 retrans
    7.3750 MB /   0.10 sec =  618.7093 Mbps     0 retrans
    6.5000 MB /   0.10 sec =  545.1287 Mbps     0 retrans
    9.1250 MB /   0.10 sec =  765.7515 Mbps     0 retrans
    7.5000 MB /   0.10 sec =  628.9632 Mbps     0 retrans
    3.3750 MB /   0.10 sec =  283.1212 Mbps     0 retrans
    9.1875 MB /   0.10 sec =  770.9963 Mbps     0 retrans
    7.9375 MB /   0.10 sec =  665.7725 Mbps     0 retrans
    7.2500 MB /   0.10 sec =  608.1011 Mbps     0 retrans
    5.8125 MB /   0.10 sec =  486.0665 Mbps     0 retrans
    6.5000 MB /   0.10 sec =  547.0813 Mbps     0 retrans
    8.0625 MB /   0.10 sec =  676.0679 Mbps     0 retrans
    6.5625 MB /   0.10 sec =  550.5244 Mbps     0 retrans
    6.0625 MB /   0.10 sec =  508.7018 Mbps     0 retrans
    9.7500 MB /   0.10 sec =  817.8566 Mbps     0 retrans
    5.1875 MB /   0.10 sec =  435.1329 Mbps     0 retrans
    5.4375 MB /   0.10 sec =  456.0941 Mbps     0 retrans
    7.4375 MB /   0.10 sec =  624.0400 Mbps     0 retrans
   10.0625 MB /   0.10 sec =  844.1037 Mbps     0 retrans
    5.6250 MB /   0.10 sec =  471.1666 Mbps     0 retrans
   10.1875 MB /   0.10 sec =  855.6676 Mbps     0 retrans
    5.8750 MB /   0.10 sec =  492.8455 Mbps     0 retrans
    8.1250 MB /   0.10 sec =  681.5540 Mbps     0 retrans
   11.3125 MB /   0.10 sec =  948.9803 Mbps     0 retrans
    7.9375 MB /   0.10 sec =  665.8391 Mbps     0 retrans
    4.3125 MB /   0.10 sec =  361.8600 Mbps     0 retrans
    6.3125 MB /   0.10 sec =  529.5203 Mbps     0 retrans
    7.0000 MB /   0.10 sec =  587.0851 Mbps     0 retrans
    7.6875 MB /   0.10 sec =  644.7775 Mbps     0 retrans
    6.5625 MB /   0.10 sec =  550.4419 Mbps     0 retrans
    9.2500 MB /   0.10 sec =  776.1791 Mbps     0 retrans
    7.2500 MB /   0.10 sec =  608.0829 Mbps     0 retrans
    7.0625 MB /   0.10 sec =  592.4099 Mbps     0 retrans
    6.7500 MB /   0.10 sec =  566.2424 Mbps     0 retrans
    5.3750 MB /   0.10 sec =  451.0185 Mbps     0 retrans
    8.2500 MB /   0.10 sec =  691.7696 Mbps     0 retrans
   10.2500 MB /   0.10 sec =  860.0387 Mbps     0 retrans
    8.7500 MB /   0.10 sec =  734.1133 Mbps     0 retrans
    7.1875 MB /   0.10 sec =  602.9794 Mbps     0 retrans
    8.0625 MB /   0.10 sec =  676.2842 Mbps     0 retrans
    7.3125 MB /   0.10 sec =  613.4170 Mbps     0 retrans
    8.3750 MB /   0.10 sec =  702.3914 Mbps     0 retrans
    8.0000 MB /   0.10 sec =  671.2497 Mbps     0 retrans
    5.0625 MB /   0.10 sec =  424.4865 Mbps     0 retrans
    9.5000 MB /   0.10 sec =  797.2367 Mbps     0 retrans
    4.8750 MB /   0.10 sec =  408.8424 Mbps     0 retrans
    8.9375 MB /   0.10 sec =  749.8893 Mbps     0 retrans
    5.8750 MB /   0.10 sec =  492.7667 Mbps     0 retrans
    7.5000 MB /   0.10 sec =  629.0198 Mbps     0 retrans
    8.7500 MB /   0.10 sec =  734.1574 Mbps     0 retrans
    5.7500 MB /   0.10 sec =  482.3836 Mbps     0 retrans
    8.3125 MB /   0.10 sec =  697.3030 Mbps     0 retrans
    6.9375 MB /   0.10 sec =  581.8259 Mbps     0 retrans
nuttcp-r: 1885.3940 MB in 30.64 real seconds = 63004.82 KB/sec = 516.1355 Mbps
nuttcp-r: 39615 I/O calls, msec/call = 0.79, calls/sec = 1292.80
nuttcp-r: 0.0user 0.6sys 0:30real 2% 0i+0d 1274maxrss 0+1pf 8944+193csw

nuttcp-t: Warning: send window size 25000000 < requested window size 26214400
nuttcp-t: v6.1.2: socket
nuttcp-t: buflen=65536, nstream=1, port=5005 tcp -> 172.58.141.206
nuttcp-t: time limit = 30.00 seconds
nuttcp-t: accept from 172.58.141.206 with mss=1364
nuttcp-t: send window size = 50000000, receive window size = 25000000
nuttcp-t: available send window = 25000000, available receive window = 12500000
nuttcp-t: 1885.3940 MB in 30.00 real seconds = 64351.95 KB/sec = 527.1712 Mbps
nuttcp-t: retrans = 0
nuttcp-t: 30167 I/O calls, msec/call = 1.02, calls/sec = 1005.52
nuttcp-t: 0.0user 0.7sys 0:30real 2% 0i+0d 100maxrss 0+0pf 113+22csw
