1660438134611
nuttcp-t: v8.1.4: socket
nuttcp-t: buflen=65536, nstream=1, port=5005 tcp -> 3.19.94.93
nuttcp-t: time limit = 30.00 seconds
nuttcp-t: connect to 3.19.94.93 with mss=1384, RTT=69.802 ms af=inet
nuttcp-t: send window size = 33554432, receive window size = 6291456
nuttcp-t: available send window = 25165824, available receive window = 4718592
nuttcp-t: initial congestion window = 13 KB (10 packets)
nuttcp-r: Warning: receive window size 25000000 < requested window size 26214400
nuttcp-r: v6.1.2: socket
nuttcp-r: buflen=65536, nstream=1, port=5005 tcp
nuttcp-r: interval reporting every 0.10 seconds
nuttcp-r: accept from 172.58.141.206
nuttcp-r: send window size = 25000000, receive window size = 50000000
nuttcp-r: available send window = 12500000, available receive window = 25000000
    0.0000 MB /   0.10 sec =    0.0000 Mbps     0 retrans   2221 KB-cwnd
    0.1875 MB /   0.10 sec =   15.7335 Mbps     0 retrans   2221 KB-cwnd
    0.2500 MB /   0.10 sec =   20.9749 Mbps     0 retrans   2221 KB-cwnd
    0.5625 MB /   0.10 sec =   47.1873 Mbps     0 retrans   2221 KB-cwnd
    0.6250 MB /   0.10 sec =   52.4278 Mbps     0 retrans   2221 KB-cwnd
    0.7500 MB /   0.10 sec =   62.9164 Mbps     0 retrans   2221 KB-cwnd
    0.7500 MB /   0.10 sec =   62.9139 Mbps     0 retrans   2221 KB-cwnd
    0.6875 MB /   0.10 sec =   57.6711 Mbps     0 retrans   2221 KB-cwnd
    0.8750 MB /   0.10 sec =   73.4011 Mbps     0 retrans   2221 KB-cwnd
    0.8125 MB /   0.10 sec =   68.1561 Mbps     0 retrans   2221 KB-cwnd
    0.7500 MB /   0.10 sec =   62.9133 Mbps     0 retrans   2221 KB-cwnd
    0.6875 MB /   0.10 sec =   57.6688 Mbps     0 retrans   2221 KB-cwnd
    0.9375 MB /   0.10 sec =   78.6495 Mbps     0 retrans   2221 KB-cwnd
    0.7500 MB /   0.10 sec =   62.9146 Mbps     0 retrans   2221 KB-cwnd
    0.9375 MB /   0.10 sec =   78.6290 Mbps     0 retrans   2221 KB-cwnd
    0.8125 MB /   0.10 sec =   68.1718 Mbps     0 retrans   2221 KB-cwnd
    0.6875 MB /   0.10 sec =   57.6659 Mbps     0 retrans   2221 KB-cwnd
    1.0000 MB /   0.10 sec =   83.8894 Mbps     0 retrans   2221 KB-cwnd
    0.8125 MB /   0.10 sec =   68.1595 Mbps     0 retrans   2221 KB-cwnd
    0.6250 MB /   0.10 sec =   52.4293 Mbps     0 retrans   2221 KB-cwnd
    0.5625 MB /   0.10 sec =   47.1784 Mbps     0 retrans   2221 KB-cwnd
    0.7500 MB /   0.10 sec =   62.9158 Mbps     0 retrans   2221 KB-cwnd
    0.6250 MB /   0.10 sec =   52.4367 Mbps     0 retrans   2221 KB-cwnd
    0.7500 MB /   0.10 sec =   62.9139 Mbps     0 retrans   2221 KB-cwnd
    0.8125 MB /   0.10 sec =   68.1520 Mbps     0 retrans   2221 KB-cwnd
    0.7500 MB /   0.10 sec =   62.9164 Mbps     0 retrans   2221 KB-cwnd
    0.6875 MB /   0.10 sec =   57.6740 Mbps     0 retrans   2221 KB-cwnd
    0.6875 MB /   0.10 sec =   57.6717 Mbps     0 retrans   2221 KB-cwnd
    0.6875 MB /   0.10 sec =   57.6717 Mbps     0 retrans   2221 KB-cwnd
    0.7500 MB /   0.10 sec =   62.8693 Mbps     0 retrans   2221 KB-cwnd
    0.6875 MB /   0.10 sec =   57.7132 Mbps     0 retrans   2221 KB-cwnd
    0.6250 MB /   0.10 sec =   52.4262 Mbps     0 retrans   2221 KB-cwnd
    0.7500 MB /   0.10 sec =   62.9177 Mbps     0 retrans   2221 KB-cwnd
    0.6250 MB /   0.10 sec =   52.4220 Mbps     0 retrans   2221 KB-cwnd
    0.7500 MB /   0.10 sec =   62.8925 Mbps     0 retrans   2221 KB-cwnd
    0.6875 MB /   0.10 sec =   57.6942 Mbps     0 retrans   2221 KB-cwnd
    0.8125 MB /   0.10 sec =   68.1629 Mbps     0 retrans   2221 KB-cwnd
    0.6875 MB /   0.10 sec =   57.6717 Mbps     0 retrans   2221 KB-cwnd
    0.7500 MB /   0.10 sec =   62.9139 Mbps     0 retrans   2221 KB-cwnd
    0.8125 MB /   0.10 sec =   68.1554 Mbps     0 retrans   2221 KB-cwnd
    0.6875 MB /   0.10 sec =   57.6607 Mbps     0 retrans   2221 KB-cwnd
    0.6250 MB /   0.10 sec =   52.4409 Mbps     0 retrans   2221 KB-cwnd
    0.5625 MB /   0.10 sec =   47.1836 Mbps     0 retrans   2221 KB-cwnd
    0.6250 MB /   0.10 sec =   52.4298 Mbps     0 retrans   2221 KB-cwnd
    0.8750 MB /   0.10 sec =   73.4033 Mbps     0 retrans   2221 KB-cwnd
    0.6875 MB /   0.10 sec =   57.6699 Mbps     0 retrans   2221 KB-cwnd
    0.7500 MB /   0.10 sec =   62.9083 Mbps     0 retrans   2221 KB-cwnd
    0.7500 MB /   0.10 sec =   62.9221 Mbps     0 retrans   2221 KB-cwnd
    0.7500 MB /   0.10 sec =   62.9152 Mbps     0 retrans   2221 KB-cwnd
    0.6875 MB /   0.10 sec =   57.6578 Mbps     0 retrans   2221 KB-cwnd
    0.7500 MB /   0.10 sec =   62.9290 Mbps     0 retrans   2221 KB-cwnd
    0.6250 MB /   0.10 sec =   52.3492 Mbps     0 retrans   2221 KB-cwnd
    0.6875 MB /   0.10 sec =   57.7537 Mbps     0 retrans   2221 KB-cwnd
    0.5625 MB /   0.10 sec =   47.1836 Mbps     0 retrans   2221 KB-cwnd
    0.6875 MB /   0.10 sec =   57.6642 Mbps     0 retrans   2221 KB-cwnd
    0.6875 MB /   0.10 sec =   57.6699 Mbps     0 retrans   2221 KB-cwnd
    0.6875 MB /   0.10 sec =   57.6884 Mbps     0 retrans   2221 KB-cwnd
    0.5625 MB /   0.10 sec =   47.1850 Mbps     0 retrans   2221 KB-cwnd
    0.6875 MB /   0.10 sec =   57.6728 Mbps     0 retrans   2221 KB-cwnd
    0.5625 MB /   0.10 sec =   47.1892 Mbps     0 retrans   2221 KB-cwnd
    0.6250 MB /   0.10 sec =   52.4246 Mbps     0 retrans   2221 KB-cwnd
    0.5000 MB /   0.10 sec =   41.9254 Mbps     0 retrans   2221 KB-cwnd
    0.6250 MB /   0.10 sec =   52.4047 Mbps     0 retrans   2221 KB-cwnd
    0.5625 MB /   0.10 sec =   47.1954 Mbps     0 retrans   2221 KB-cwnd
    0.4375 MB /   0.10 sec =   36.6569 Mbps     0 retrans   2221 KB-cwnd
    0.6875 MB /   0.10 sec =   57.7803 Mbps     0 retrans   2221 KB-cwnd
    0.6250 MB /   0.10 sec =   52.4309 Mbps     0 retrans   2221 KB-cwnd
    0.5625 MB /   0.10 sec =   47.1821 Mbps     0 retrans   2221 KB-cwnd
    0.6875 MB /   0.10 sec =   57.6699 Mbps     0 retrans   2221 KB-cwnd
    0.6250 MB /   0.10 sec =   52.4335 Mbps     0 retrans   2221 KB-cwnd
    0.7500 MB /   0.10 sec =   62.9089 Mbps     0 retrans   2221 KB-cwnd
    0.7500 MB /   0.10 sec =   62.9139 Mbps     0 retrans   2221 KB-cwnd
    0.6875 MB /   0.10 sec =   57.6746 Mbps     0 retrans   2221 KB-cwnd
    0.6875 MB /   0.10 sec =   57.6728 Mbps     0 retrans   2221 KB-cwnd
    0.7500 MB /   0.10 sec =   62.9114 Mbps     0 retrans   2221 KB-cwnd
    0.6875 MB /   0.10 sec =   57.6740 Mbps     0 retrans   2221 KB-cwnd
    0.5000 MB /   0.10 sec =   41.9418 Mbps     0 retrans   2224 KB-cwnd
    0.7500 MB /   0.10 sec =   62.9190 Mbps     0 retrans   2224 KB-cwnd
    0.6875 MB /   0.10 sec =   57.6688 Mbps     0 retrans   2224 KB-cwnd
    0.6875 MB /   0.10 sec =   57.6723 Mbps     0 retrans   2224 KB-cwnd
    0.6250 MB /   0.10 sec =   52.4236 Mbps     0 retrans   2224 KB-cwnd
    0.9375 MB /   0.10 sec =   78.6542 Mbps     0 retrans   2224 KB-cwnd
    0.8125 MB /   0.10 sec =   68.1574 Mbps     0 retrans   2224 KB-cwnd
    0.6875 MB /   0.10 sec =   57.6728 Mbps     0 retrans   2224 KB-cwnd
    0.8125 MB /   0.10 sec =   68.1540 Mbps     0 retrans   2224 KB-cwnd
    0.6875 MB /   0.10 sec =   57.6648 Mbps     0 retrans   2224 KB-cwnd
    0.6250 MB /   0.10 sec =   52.4361 Mbps     0 retrans   2224 KB-cwnd
    0.5000 MB /   0.10 sec =   41.9401 Mbps     0 retrans   2224 KB-cwnd
    0.3125 MB /   0.10 sec =   26.2149 Mbps     0 retrans   2224 KB-cwnd
    0.6250 MB /   0.10 sec =   52.4319 Mbps     0 retrans   2224 KB-cwnd
    0.7500 MB /   0.10 sec =   62.9114 Mbps     0 retrans   2224 KB-cwnd
    0.8125 MB /   0.10 sec =   68.1595 Mbps     0 retrans   2224 KB-cwnd
    0.7500 MB /   0.10 sec =   62.7389 Mbps     0 retrans   2224 KB-cwnd
    0.6250 MB /   0.10 sec =   52.5760 Mbps     0 retrans   2224 KB-cwnd
    0.5625 MB /   0.10 sec =   47.1605 Mbps     0 retrans   2224 KB-cwnd
    0.6250 MB /   0.10 sec =   52.4246 Mbps     0 retrans   2224 KB-cwnd
    0.6875 MB /   0.10 sec =   57.7057 Mbps     0 retrans   2224 KB-cwnd
    0.7500 MB /   0.10 sec =   62.9114 Mbps     0 retrans   2224 KB-cwnd
    0.8125 MB /   0.10 sec =   68.1622 Mbps     0 retrans   2224 KB-cwnd
    0.5625 MB /   0.10 sec =   47.1873 Mbps     0 retrans   2224 KB-cwnd
    0.8125 MB /   0.10 sec =   68.1574 Mbps     0 retrans   2224 KB-cwnd
    0.6250 MB /   0.10 sec =   52.4288 Mbps     0 retrans   2224 KB-cwnd
    0.7500 MB /   0.10 sec =   62.9133 Mbps     0 retrans   2224 KB-cwnd
    0.7500 MB /   0.10 sec =   62.9158 Mbps     0 retrans   2224 KB-cwnd
    0.5625 MB /   0.10 sec =   47.1845 Mbps     0 retrans   2224 KB-cwnd
    0.6875 MB /   0.10 sec =   57.6411 Mbps     0 retrans   2224 KB-cwnd
    0.7500 MB /   0.10 sec =   62.9479 Mbps     0 retrans   2267 KB-cwnd
    0.7500 MB /   0.10 sec =   62.8304 Mbps     0 retrans   2267 KB-cwnd
    0.6875 MB /   0.10 sec =   57.7508 Mbps     0 retrans   2267 KB-cwnd
    0.6875 MB /   0.10 sec =   57.6694 Mbps     0 retrans   2267 KB-cwnd
    0.6875 MB /   0.10 sec =   57.6734 Mbps     0 retrans   2267 KB-cwnd
    0.6875 MB /   0.10 sec =   57.6723 Mbps     0 retrans   2267 KB-cwnd
    0.7500 MB /   0.10 sec =   62.9058 Mbps     0 retrans   2267 KB-cwnd
    0.7500 MB /   0.10 sec =   62.9234 Mbps     0 retrans   2267 KB-cwnd
    0.6875 MB /   0.10 sec =   57.6705 Mbps     0 retrans   2267 KB-cwnd
    0.8750 MB /   0.10 sec =   73.3996 Mbps     0 retrans   2267 KB-cwnd
    0.7500 MB /   0.10 sec =   62.9139 Mbps     0 retrans   2267 KB-cwnd
    0.6875 MB /   0.10 sec =   57.6676 Mbps     0 retrans   2267 KB-cwnd
    0.5625 MB /   0.10 sec =   47.1911 Mbps     0 retrans   2267 KB-cwnd
    0.6875 MB /   0.10 sec =   57.6723 Mbps     0 retrans   2267 KB-cwnd
    0.7500 MB /   0.10 sec =   62.9058 Mbps     0 retrans   2267 KB-cwnd
    0.6875 MB /   0.10 sec =   57.6544 Mbps     0 retrans   2321 KB-cwnd
    0.5000 MB /   0.10 sec =   41.9581 Mbps     0 retrans   2321 KB-cwnd
    0.6875 MB /   0.10 sec =   57.6763 Mbps     0 retrans   2321 KB-cwnd
    0.6875 MB /   0.10 sec =   57.6694 Mbps     0 retrans   2321 KB-cwnd
    0.8125 MB /   0.10 sec =   68.1608 Mbps     0 retrans   2321 KB-cwnd
    0.8125 MB /   0.10 sec =   68.1397 Mbps     0 retrans   2321 KB-cwnd
    0.6875 MB /   0.10 sec =   57.6659 Mbps     0 retrans   2321 KB-cwnd
    0.5625 MB /   0.10 sec =   47.1982 Mbps     0 retrans   2321 KB-cwnd
    0.6250 MB /   0.10 sec =   52.4162 Mbps     0 retrans   2321 KB-cwnd
    0.6875 MB /   0.10 sec =   57.6521 Mbps     0 retrans   2321 KB-cwnd
    0.8125 MB /   0.10 sec =   68.1997 Mbps     0 retrans   2321 KB-cwnd
    0.6875 MB /   0.10 sec =   57.6728 Mbps     0 retrans   2321 KB-cwnd
    0.6250 MB /   0.10 sec =   52.4278 Mbps     0 retrans   2321 KB-cwnd
    0.6250 MB /   0.10 sec =   52.4178 Mbps     0 retrans   2321 KB-cwnd
    0.6875 MB /   0.10 sec =   57.6867 Mbps     0 retrans   2321 KB-cwnd
    0.5625 MB /   0.10 sec =   47.1793 Mbps     0 retrans   2321 KB-cwnd
    0.5000 MB /   0.10 sec =   41.9447 Mbps     0 retrans   2321 KB-cwnd
    0.3750 MB /   0.10 sec =   31.4579 Mbps     0 retrans   2321 KB-cwnd
    0.6250 MB /   0.10 sec =   52.4272 Mbps     0 retrans   2321 KB-cwnd
    0.5000 MB /   0.10 sec =   41.9422 Mbps     0 retrans   2321 KB-cwnd
    0.6250 MB /   0.10 sec =   52.4335 Mbps     0 retrans   2321 KB-cwnd
    0.6250 MB /   0.10 sec =   52.4304 Mbps     0 retrans   2321 KB-cwnd
    0.5625 MB /   0.10 sec =   47.1812 Mbps     0 retrans   2321 KB-cwnd
    0.5000 MB /   0.10 sec =   41.9414 Mbps     0 retrans   2321 KB-cwnd
    0.5000 MB /   0.10 sec =   41.9468 Mbps     0 retrans   2321 KB-cwnd
    0.6875 MB /   0.10 sec =   57.6751 Mbps     0 retrans   2321 KB-cwnd
    0.6875 MB /   0.10 sec =   57.6671 Mbps     0 retrans   2321 KB-cwnd
    0.6250 MB /   0.10 sec =   52.4309 Mbps     0 retrans   2321 KB-cwnd
    0.5625 MB /   0.10 sec =   47.1869 Mbps     0 retrans   2321 KB-cwnd
    0.5625 MB /   0.10 sec =   47.1821 Mbps     0 retrans   2321 KB-cwnd
    0.7500 MB /   0.10 sec =   62.9171 Mbps     0 retrans   2321 KB-cwnd
    0.6875 MB /   0.10 sec =   57.6728 Mbps     0 retrans   2321 KB-cwnd
    0.7500 MB /   0.10 sec =   62.9158 Mbps     0 retrans   2321 KB-cwnd
    0.6250 MB /   0.10 sec =   52.4283 Mbps     0 retrans   2321 KB-cwnd
    0.5000 MB /   0.10 sec =   41.9430 Mbps     0 retrans   2321 KB-cwnd
    0.6250 MB /   0.10 sec =   52.4031 Mbps     0 retrans   2321 KB-cwnd
    0.5000 MB /   0.10 sec =   41.9619 Mbps     0 retrans   2321 KB-cwnd
    0.6250 MB /   0.10 sec =   52.4309 Mbps     0 retrans   2321 KB-cwnd
    0.6250 MB /   0.10 sec =   52.4267 Mbps     0 retrans   2321 KB-cwnd
    0.6875 MB /   0.10 sec =   57.6728 Mbps     0 retrans   2321 KB-cwnd
    0.8125 MB /   0.10 sec =   68.1622 Mbps     0 retrans   2321 KB-cwnd
    0.6250 MB /   0.10 sec =   52.4251 Mbps     0 retrans   2321 KB-cwnd
    0.6250 MB /   0.10 sec =   52.4319 Mbps     0 retrans   2321 KB-cwnd
    0.6875 MB /   0.10 sec =   57.6648 Mbps     0 retrans   2321 KB-cwnd
    0.6250 MB /   0.10 sec =   52.4314 Mbps     0 retrans   2321 KB-cwnd
    0.8125 MB /   0.10 sec =   68.1547 Mbps     0 retrans   2321 KB-cwnd
    0.7500 MB /   0.10 sec =   62.9202 Mbps     0 retrans   2321 KB-cwnd
    0.6875 MB /   0.10 sec =   57.6290 Mbps     0 retrans   2321 KB-cwnd
    0.6875 MB /   0.10 sec =   57.7098 Mbps     0 retrans   2321 KB-cwnd
    0.6875 MB /   0.10 sec =   57.6648 Mbps     0 retrans   2321 KB-cwnd
    0.6250 MB /   0.10 sec =   52.4382 Mbps     0 retrans   2321 KB-cwnd
    0.6875 MB /   0.10 sec =   57.6717 Mbps     0 retrans   2321 KB-cwnd
    0.7500 MB /   0.10 sec =   62.9095 Mbps     0 retrans   2321 KB-cwnd
    0.6250 MB /   0.10 sec =   52.4319 Mbps     0 retrans   2321 KB-cwnd
    0.6875 MB /   0.10 sec =   57.6705 Mbps     0 retrans   2321 KB-cwnd
    0.7500 MB /   0.10 sec =   62.9164 Mbps     0 retrans   2321 KB-cwnd
    0.7500 MB /   0.10 sec =   62.8881 Mbps     0 retrans   2321 KB-cwnd
    0.8125 MB /   0.10 sec =   68.1868 Mbps     0 retrans   2321 KB-cwnd
    0.6875 MB /   0.10 sec =   57.6734 Mbps     0 retrans   2321 KB-cwnd
    0.6875 MB /   0.10 sec =   57.6659 Mbps     0 retrans   2321 KB-cwnd
    0.6875 MB /   0.10 sec =   57.6769 Mbps     0 retrans   2321 KB-cwnd
    0.6250 MB /   0.10 sec =   52.4283 Mbps     0 retrans   2321 KB-cwnd
    0.5625 MB /   0.10 sec =   47.1864 Mbps     0 retrans   2321 KB-cwnd
    0.6250 MB /   0.10 sec =   52.4293 Mbps     0 retrans   2321 KB-cwnd
    0.7500 MB /   0.10 sec =   62.9064 Mbps     0 retrans   2321 KB-cwnd
    0.6875 MB /   0.10 sec =   57.6290 Mbps     0 retrans   2321 KB-cwnd
    0.8125 MB /   0.10 sec =   68.2134 Mbps     0 retrans   2321 KB-cwnd
    0.6875 MB /   0.10 sec =   57.5911 Mbps     0 retrans   2321 KB-cwnd
    0.7500 MB /   0.10 sec =   63.0021 Mbps     0 retrans   2321 KB-cwnd
    0.5625 MB /   0.10 sec =   47.1888 Mbps     0 retrans   2321 KB-cwnd
    0.6875 MB /   0.10 sec =   57.6711 Mbps     0 retrans   2321 KB-cwnd
    0.6250 MB /   0.10 sec =   52.4283 Mbps     0 retrans   2321 KB-cwnd
    0.7500 MB /   0.10 sec =   62.9108 Mbps     0 retrans   2321 KB-cwnd
    0.5625 MB /   0.10 sec =   47.1888 Mbps     0 retrans   2321 KB-cwnd
    0.6875 MB /   0.10 sec =   57.6723 Mbps     0 retrans   2321 KB-cwnd
    0.5625 MB /   0.10 sec =   47.1859 Mbps     0 retrans   2321 KB-cwnd
    0.6250 MB /   0.10 sec =   52.4278 Mbps     0 retrans   2321 KB-cwnd
    0.6250 MB /   0.10 sec =   52.4298 Mbps     0 retrans   2321 KB-cwnd
    0.6250 MB /   0.10 sec =   52.4298 Mbps     0 retrans   2321 KB-cwnd
    0.7500 MB /   0.10 sec =   62.9114 Mbps     0 retrans   2321 KB-cwnd
    0.6875 MB /   0.10 sec =   57.6699 Mbps     0 retrans   2321 KB-cwnd
    0.6875 MB /   0.10 sec =   57.6653 Mbps     0 retrans   2321 KB-cwnd
    0.6875 MB /   0.10 sec =   57.6728 Mbps     0 retrans   2321 KB-cwnd
    0.6250 MB /   0.10 sec =   52.4372 Mbps     0 retrans   2321 KB-cwnd
    0.7500 MB /   0.10 sec =   62.9158 Mbps     0 retrans   2321 KB-cwnd
    0.5625 MB /   0.10 sec =   47.1836 Mbps     0 retrans   2321 KB-cwnd
    0.5625 MB /   0.10 sec =   47.1878 Mbps     0 retrans   2321 KB-cwnd
    0.5000 MB /   0.10 sec =   41.9409 Mbps     0 retrans   2321 KB-cwnd
    0.6875 MB /   0.10 sec =   57.6746 Mbps     0 retrans   2321 KB-cwnd
    0.5000 MB /   0.10 sec =   41.9401 Mbps     0 retrans   2321 KB-cwnd
    0.6875 MB /   0.10 sec =   57.6751 Mbps     0 retrans   2321 KB-cwnd
    0.4375 MB /   0.10 sec =   36.6998 Mbps     0 retrans   2321 KB-cwnd
    0.4375 MB /   0.10 sec =   36.6991 Mbps     0 retrans   2321 KB-cwnd
    0.5000 MB /   0.10 sec =   41.9422 Mbps     0 retrans   2321 KB-cwnd
    0.5000 MB /   0.10 sec =   41.9456 Mbps     0 retrans   2321 KB-cwnd
    0.6250 MB /   0.10 sec =   52.4272 Mbps     0 retrans   2321 KB-cwnd
    0.6875 MB /   0.10 sec =   57.6705 Mbps     0 retrans   2321 KB-cwnd
    0.4375 MB /   0.10 sec =   36.7013 Mbps     0 retrans   2321 KB-cwnd
    0.6875 MB /   0.10 sec =   57.6717 Mbps     0 retrans   2321 KB-cwnd
    0.6250 MB /   0.10 sec =   52.4131 Mbps     0 retrans   2321 KB-cwnd
    0.6875 MB /   0.10 sec =   57.6896 Mbps     0 retrans   2321 KB-cwnd
    0.5000 MB /   0.10 sec =   41.9409 Mbps     0 retrans   2321 KB-cwnd
    0.5625 MB /   0.10 sec =   47.1873 Mbps     0 retrans   2321 KB-cwnd
    0.6250 MB /   0.10 sec =   52.4298 Mbps     0 retrans   2321 KB-cwnd
    0.5625 MB /   0.10 sec =   47.1854 Mbps     0 retrans   2321 KB-cwnd
    0.6875 MB /   0.10 sec =   57.6717 Mbps     0 retrans   2321 KB-cwnd
    0.5625 MB /   0.10 sec =   47.1817 Mbps     0 retrans   2321 KB-cwnd
    0.3750 MB /   0.10 sec =   31.4557 Mbps     0 retrans   2321 KB-cwnd
    0.6250 MB /   0.10 sec =   52.4330 Mbps     0 retrans   2321 KB-cwnd
    0.6250 MB /   0.10 sec =   52.4262 Mbps     0 retrans   2321 KB-cwnd
    0.4375 MB /   0.10 sec =   36.7049 Mbps     0 retrans   2321 KB-cwnd
    0.5625 MB /   0.10 sec =   47.1840 Mbps     0 retrans   2321 KB-cwnd
    0.5625 MB /   0.10 sec =   47.1859 Mbps     0 retrans   2321 KB-cwnd
    0.5625 MB /   0.10 sec =   47.1869 Mbps     0 retrans   2321 KB-cwnd
    0.5000 MB /   0.10 sec =   41.9409 Mbps     0 retrans   2321 KB-cwnd
    0.5625 MB /   0.10 sec =   47.1836 Mbps     0 retrans   2321 KB-cwnd
    0.5000 MB /   0.10 sec =   41.9464 Mbps     0 retrans   2321 KB-cwnd
    0.6250 MB /   0.10 sec =   52.4283 Mbps     0 retrans   2321 KB-cwnd
    0.6250 MB /   0.10 sec =   52.4304 Mbps     0 retrans   2321 KB-cwnd
    0.5000 MB /   0.10 sec =   41.9439 Mbps     0 retrans   2321 KB-cwnd
    0.5625 MB /   0.10 sec =   47.1850 Mbps     0 retrans   2321 KB-cwnd
    0.5625 MB /   0.10 sec =   47.1869 Mbps     0 retrans   2321 KB-cwnd
    0.5625 MB /   0.10 sec =   47.1845 Mbps     0 retrans   2321 KB-cwnd
    0.6250 MB /   0.10 sec =   52.4298 Mbps     0 retrans   2321 KB-cwnd
    0.6250 MB /   0.10 sec =   52.4272 Mbps     0 retrans   2321 KB-cwnd
    0.6250 MB /   0.10 sec =   52.4126 Mbps     0 retrans   2321 KB-cwnd
    0.7500 MB /   0.10 sec =   62.9347 Mbps     0 retrans   2321 KB-cwnd
    0.6250 MB /   0.10 sec =   52.4283 Mbps     0 retrans   2321 KB-cwnd
    0.6250 MB /   0.10 sec =   52.4278 Mbps     0 retrans   2321 KB-cwnd
    0.3750 MB /   0.10 sec =   31.4589 Mbps     0 retrans   2321 KB-cwnd
    0.5625 MB /   0.10 sec =   47.1850 Mbps     0 retrans   2321 KB-cwnd
    0.3750 MB /   0.10 sec =   31.4548 Mbps     0 retrans   2321 KB-cwnd
    0.6250 MB /   0.10 sec =   52.4335 Mbps     0 retrans   2321 KB-cwnd
    0.6250 MB /   0.10 sec =   52.4288 Mbps     0 retrans   2321 KB-cwnd
    0.6250 MB /   0.10 sec =   52.4236 Mbps     0 retrans   2321 KB-cwnd
    0.6875 MB /   0.10 sec =   57.6780 Mbps     0 retrans   2321 KB-cwnd
    0.6250 MB /   0.10 sec =   52.4293 Mbps     0 retrans   2321 KB-cwnd
    0.6875 MB /   0.10 sec =   57.6699 Mbps     0 retrans   2321 KB-cwnd
    0.6250 MB /   0.10 sec =   52.4309 Mbps     0 retrans   2321 KB-cwnd
    0.4375 MB /   0.10 sec =   36.6998 Mbps     0 retrans   2321 KB-cwnd
    0.7500 MB /   0.10 sec =   62.9152 Mbps     0 retrans   2321 KB-cwnd
    0.5000 MB /   0.10 sec =   41.9414 Mbps     0 retrans   2321 KB-cwnd
    0.6250 MB /   0.10 sec =   52.4251 Mbps     0 retrans   2321 KB-cwnd
    0.6250 MB /   0.10 sec =   52.4304 Mbps     0 retrans   2321 KB-cwnd
    0.7500 MB /   0.10 sec =   62.9164 Mbps     0 retrans   2321 KB-cwnd
    0.7500 MB /   0.10 sec =   62.9171 Mbps     0 retrans   2321 KB-cwnd
    0.7500 MB /   0.10 sec =   62.9083 Mbps     0 retrans   2321 KB-cwnd
    0.6875 MB /   0.10 sec =   57.6757 Mbps     0 retrans   2321 KB-cwnd
    0.6875 MB /   0.10 sec =   57.6694 Mbps     0 retrans   2321 KB-cwnd
    0.8750 MB /   0.10 sec =   73.4062 Mbps     0 retrans   2321 KB-cwnd
    0.6250 MB /   0.10 sec =   52.4278 Mbps     0 retrans   2321 KB-cwnd
    0.6250 MB /   0.10 sec =   52.4278 Mbps     0 retrans   2321 KB-cwnd
    0.6875 MB /   0.10 sec =   57.6723 Mbps     0 retrans   2321 KB-cwnd
    0.5625 MB /   0.10 sec =   47.1836 Mbps     0 retrans   2321 KB-cwnd
    0.5000 MB /   0.10 sec =   41.9451 Mbps     0 retrans   2321 KB-cwnd
    0.5000 MB /   0.10 sec =   41.9409 Mbps     0 retrans   2321 KB-cwnd
    0.4375 MB /   0.10 sec =   36.7005 Mbps     0 retrans   2321 KB-cwnd
    0.6250 MB /   0.10 sec =   52.4220 Mbps     0 retrans   2321 KB-cwnd
    0.6875 MB /   0.10 sec =   57.6826 Mbps     0 retrans   2321 KB-cwnd
    0.6250 MB /   0.10 sec =   52.4298 Mbps     0 retrans   2321 KB-cwnd
    0.6875 MB /   0.10 sec =   57.6653 Mbps     0 retrans   2321 KB-cwnd
    0.5000 MB /   0.10 sec =   41.9447 Mbps     0 retrans   2321 KB-cwnd
    0.6875 MB /   0.10 sec =   57.5135 Mbps     0 retrans   2321 KB-cwnd
    0.6875 MB /   0.10 sec =   57.8290 Mbps     0 retrans   2321 KB-cwnd
    0.7500 MB /   0.10 sec =   62.9190 Mbps     0 retrans   2321 KB-cwnd
    0.6250 MB /   0.10 sec =   52.4272 Mbps     0 retrans   2321 KB-cwnd
    0.6875 MB /   0.10 sec =   57.6717 Mbps     0 retrans   2321 KB-cwnd
    0.5625 MB /   0.10 sec =   47.1845 Mbps     0 retrans   2321 KB-cwnd
    0.6250 MB /   0.10 sec =   52.4230 Mbps     0 retrans   2321 KB-cwnd
    0.5000 MB /   0.10 sec =   41.9502 Mbps     0 retrans   2321 KB-cwnd
    0.5625 MB /   0.10 sec =   47.1845 Mbps     0 retrans   2321 KB-cwnd
    0.5625 MB /   0.10 sec =   47.1859 Mbps     0 retrans   2321 KB-cwnd
    0.6250 MB /   0.10 sec =   52.4031 Mbps     0 retrans   2321 KB-cwnd
    0.5000 MB /   0.10 sec =   41.9493 Mbps     0 retrans   2321 KB-cwnd
    0.6250 MB /   0.10 sec =   52.4461 Mbps     0 retrans   2321 KB-cwnd
    0.6250 MB /   0.10 sec =   52.4298 Mbps     0 retrans   2321 KB-cwnd
    0.5625 MB /   0.10 sec =   47.1845 Mbps     0 retrans   2321 KB-cwnd
    0.3750 MB /   0.10 sec =   31.4554 Mbps     0 retrans   2321 KB-cwnd
    0.3125 MB /   0.10 sec =   26.2168 Mbps     0 retrans   2321 KB-cwnd
    0.5000 MB /   0.10 sec =   41.9430 Mbps     0 retrans   2321 KB-cwnd
    0.5000 MB /   0.10 sec =   41.9451 Mbps     0 retrans   2321 KB-cwnd
    0.4375 MB /   0.10 sec =   36.6991 Mbps     0 retrans   2321 KB-cwnd
    0.6250 MB /   0.10 sec =   52.4288 Mbps     0 retrans   2321 KB-cwnd
    0.5000 MB /   0.10 sec =   41.9405 Mbps     0 retrans   2321 KB-cwnd
    0.6250 MB /   0.10 sec =   52.4314 Mbps     0 retrans   2321 KB-cwnd
    0.6250 MB /   0.10 sec =   52.4288 Mbps     0 retrans   2321 KB-cwnd
    0.6250 MB /   0.10 sec =   52.4021 Mbps     0 retrans   2321 KB-cwnd
    0.5625 MB /   0.10 sec =   47.2076 Mbps     0 retrans   2321 KB-cwnd
    0.5625 MB /   0.10 sec =   47.1883 Mbps     0 retrans   2321 KB-cwnd
    0.4375 MB /   0.10 sec =   36.6998 Mbps     0 retrans   2321 KB-cwnd
    0.5000 MB /   0.10 sec =   41.9397 Mbps     0 retrans   2321 KB-cwnd
    0.5625 MB /   0.10 sec =   47.1883 Mbps     0 retrans   2321 KB-cwnd
    0.6250 MB /   0.10 sec =   52.4298 Mbps     0 retrans   2321 KB-cwnd
    0.4375 MB /   0.10 sec =   36.7002 Mbps     0 retrans   2321 KB-cwnd
    0.6875 MB /   0.10 sec =   57.6734 Mbps     0 retrans   2321 KB-cwnd
    0.5000 MB /   0.10 sec =   41.9414 Mbps     0 retrans   2321 KB-cwnd
    0.5625 MB /   0.10 sec =   47.1854 Mbps     0 retrans   2321 KB-cwnd
    0.5000 MB /   0.10 sec =   41.9443 Mbps     0 retrans   2321 KB-cwnd
    0.5000 MB /   0.10 sec =   41.9443 Mbps     0 retrans   2321 KB-cwnd
    0.5000 MB /   0.10 sec =   41.9430 Mbps     0 retrans   2321 KB-cwnd
    0.5000 MB /   0.10 sec =   41.9422 Mbps     0 retrans   2321 KB-cwnd
    0.6250 MB /   0.10 sec =   52.4293 Mbps     0 retrans   2321 KB-cwnd
    0.5000 MB /   0.10 sec =   41.9435 Mbps     0 retrans   2321 KB-cwnd
    0.5000 MB /   0.10 sec =   41.8677 Mbps     0 retrans   2321 KB-cwnd
    0.5000 MB /   0.10 sec =   42.0212 Mbps     0 retrans   2321 KB-cwnd
    0.4375 MB /   0.10 sec =   36.6972 Mbps     0 retrans   2321 KB-cwnd
    0.5625 MB /   0.10 sec =   47.1831 Mbps     0 retrans   2321 KB-cwnd
    0.5000 MB /   0.10 sec =   41.9460 Mbps     0 retrans   2321 KB-cwnd
    0.6875 MB /   0.10 sec =   57.6694 Mbps     0 retrans   2321 KB-cwnd
    0.6875 MB /   0.10 sec =   57.6751 Mbps     0 retrans   2321 KB-cwnd
    0.6250 MB /   0.10 sec =   52.4288 Mbps     0 retrans   2321 KB-cwnd
    0.6875 MB /   0.10 sec =   57.6688 Mbps     0 retrans   2321 KB-cwnd
    0.6250 MB /   0.10 sec =   52.4314 Mbps     0 retrans   2321 KB-cwnd
    0.4375 MB /   0.10 sec =   36.6529 Mbps     0 retrans   2321 KB-cwnd
    0.3125 MB /   0.10 sec =   26.2446 Mbps     0 retrans   2321 KB-cwnd
    0.6875 MB /   0.10 sec =   57.6630 Mbps     0 retrans   2321 KB-cwnd
    0.5000 MB /   0.10 sec =   41.9531 Mbps     0 retrans   2321 KB-cwnd
    0.6250 MB /   0.10 sec =   52.4293 Mbps     0 retrans   2321 KB-cwnd
    0.7500 MB /   0.10 sec =   62.9083 Mbps     0 retrans   2321 KB-cwnd
    0.6250 MB /   0.10 sec =   52.4309 Mbps     0 retrans   2321 KB-cwnd
    0.4375 MB /   0.10 sec =   36.7035 Mbps     0 retrans   2321 KB-cwnd
    0.5625 MB /   0.10 sec =   47.1689 Mbps     0 retrans   2321 KB-cwnd
    0.5000 MB /   0.10 sec =   41.9560 Mbps     0 retrans   2321 KB-cwnd
    0.5625 MB /   0.10 sec =   47.1836 Mbps     0 retrans   2321 KB-cwnd
    0.5625 MB /   0.10 sec =   47.1680 Mbps     0 retrans   2321 KB-cwnd
    0.5625 MB /   0.10 sec =   47.2029 Mbps     0 retrans   2321 KB-cwnd
nuttcp-t: 220.0024 MB in 30.00 real seconds = 7509.39 KB/sec = 61.5169 Mbps
nuttcp-t: retrans = 0 cwnd = 2321 KB
nuttcp-t: 3521 I/O calls, msec/call = 8.72, calls/sec = 117.37
nuttcp-t: 0.0user 0.0sys 0:30real 0% 0i+0d 1260maxrss 0+1pf 19+1csw

nuttcp-r: 220.0024 MB in 34.78 real seconds = 6477.33 KB/sec = 53.0623 Mbps
nuttcp-r: 36142 I/O calls, msec/call = 0.99, calls/sec = 1039.16
nuttcp-r: 0.0user 0.6sys 0:34real 2% 0i+0d 100maxrss 0+15pf 32616+6csw
