1659987044046
nuttcp-r: v8.1.4: socket
nuttcp-r: buflen=65536, nstream=1, port=5005 tcp
nuttcp-r: interval reporting every 0.10 seconds
nuttcp-r: connect to 54.176.53.206 with RTT=128.828 ms af=inet
nuttcp-r: send window size = 2097152, receive window size = 52428800
nuttcp-r: available send window = 1572864, available receive window = 39321600
    0.0000 MB /   0.10 sec =    0.0000 Mbps    -1 retrans
    0.0000 MB /   0.10 sec =    0.0000 Mbps     0 retrans
    0.0625 MB /   0.10 sec =    5.2500 Mbps     1 retrans
    0.0625 MB /   0.10 sec =    5.2463 Mbps     0 retrans
    0.1250 MB /   0.10 sec =   10.4719 Mbps     0 retrans
    0.0625 MB /   0.10 sec =    5.2415 Mbps     0 retrans
    0.0625 MB /   0.10 sec =    5.2436 Mbps     0 retrans
    0.0625 MB /   0.10 sec =    5.2456 Mbps     0 retrans
    0.1250 MB /   0.10 sec =   10.4785 Mbps     0 retrans
    0.1250 MB /   0.10 sec =   10.4906 Mbps     0 retrans
    0.0625 MB /   0.10 sec =    5.2461 Mbps     0 retrans
    0.0625 MB /   0.10 sec =    5.2429 Mbps     0 retrans
    0.1875 MB /   0.10 sec =   15.7194 Mbps     0 retrans
    0.1250 MB /   0.10 sec =   10.4843 Mbps     0 retrans
    0.1250 MB /   0.10 sec =   10.4897 Mbps     0 retrans
    0.1250 MB /   0.10 sec =   10.4889 Mbps     0 retrans
    0.2500 MB /   0.10 sec =   20.9837 Mbps     0 retrans
    0.1875 MB /   0.10 sec =   15.7156 Mbps     0 retrans
    0.1250 MB /   0.10 sec =   10.4802 Mbps     0 retrans
    0.1875 MB /   0.10 sec =   15.7444 Mbps     0 retrans
    0.2500 MB /   0.10 sec =   20.9650 Mbps     0 retrans
    0.1875 MB /   0.10 sec =   15.7040 Mbps     0 retrans
    0.2500 MB /   0.10 sec =   21.0114 Mbps     0 retrans
    0.1875 MB /   0.10 sec =   15.7209 Mbps     0 retrans
    0.3125 MB /   0.10 sec =   26.2141 Mbps     0 retrans
    0.2500 MB /   0.10 sec =   20.9680 Mbps     0 retrans
    0.5000 MB /   0.10 sec =   41.9602 Mbps     0 retrans
    0.5625 MB /   0.10 sec =   47.1821 Mbps     0 retrans
    0.3125 MB /   0.10 sec =   26.2249 Mbps     0 retrans
    0.5000 MB /   0.10 sec =   41.9288 Mbps     0 retrans
    0.6875 MB /   0.10 sec =   57.6855 Mbps     0 retrans
    0.4375 MB /   0.10 sec =   36.7053 Mbps     0 retrans
    0.4375 MB /   0.10 sec =   36.6983 Mbps     0 retrans
    0.4375 MB /   0.10 sec =   36.7042 Mbps     0 retrans
    0.4375 MB /   0.10 sec =   36.7016 Mbps     0 retrans
    0.7500 MB /   0.10 sec =   62.8762 Mbps     0 retrans
    0.9375 MB /   0.10 sec =   78.6951 Mbps     0 retrans
    1.3750 MB /   0.10 sec =  115.3353 Mbps     0 retrans
    0.8750 MB /   0.10 sec =   73.3959 Mbps     0 retrans
    1.1875 MB /   0.10 sec =   99.6317 Mbps     0 retrans
    1.4375 MB /   0.10 sec =  120.5356 Mbps     0 retrans
    1.1250 MB /   0.10 sec =   94.3652 Mbps     0 retrans
    1.9375 MB /   0.10 sec =  162.5569 Mbps     0 retrans
    2.0625 MB /   0.10 sec =  172.9753 Mbps     0 retrans
    2.2500 MB /   0.10 sec =  188.8173 Mbps     0 retrans
    2.3125 MB /   0.10 sec =  193.9342 Mbps     0 retrans
    2.8125 MB /   0.10 sec =  235.9862 Mbps     0 retrans
    2.8125 MB /   0.10 sec =  235.6562 Mbps     0 retrans
    3.6250 MB /   0.10 sec =  304.4920 Mbps     0 retrans
    3.8750 MB /   0.10 sec =  324.8799 Mbps     0 retrans
    3.6250 MB /   0.10 sec =  304.2422 Mbps     0 retrans
    0.1250 MB /   0.10 sec =   10.4875 Mbps     0 retrans
    1.1875 MB /   0.10 sec =   99.5809 Mbps     0 retrans
    2.0625 MB /   0.10 sec =  172.6146 Mbps     0 retrans
    1.8125 MB /   0.10 sec =  152.4047 Mbps     0 retrans
    1.5000 MB /   0.10 sec =  125.8518 Mbps     0 retrans
    2.5625 MB /   0.10 sec =  214.9839 Mbps     0 retrans
    2.2500 MB /   0.10 sec =  188.7361 Mbps     0 retrans
    1.1875 MB /   0.10 sec =   99.6147 Mbps     0 retrans
    3.5000 MB /   0.10 sec =  293.4839 Mbps     0 retrans
    2.3125 MB /   0.10 sec =  194.0545 Mbps     0 retrans
    2.3125 MB /   0.10 sec =  193.9497 Mbps     0 retrans
    4.1875 MB /   0.10 sec =  351.3432 Mbps     0 retrans
    2.2500 MB /   0.10 sec =  188.7003 Mbps     0 retrans
    2.1250 MB /   0.10 sec =  178.2900 Mbps     0 retrans
    2.4375 MB /   0.10 sec =  204.4560 Mbps     0 retrans
    2.5000 MB /   0.10 sec =  209.6921 Mbps     0 retrans
    2.3750 MB /   0.10 sec =  199.2793 Mbps     0 retrans
    2.5000 MB /   0.10 sec =  209.6607 Mbps     0 retrans
    3.0000 MB /   0.10 sec =  251.6985 Mbps     0 retrans
    2.6250 MB /   0.10 sec =  220.1239 Mbps     0 retrans
    2.6875 MB /   0.10 sec =  225.3357 Mbps     0 retrans
    2.8750 MB /   0.10 sec =  241.3583 Mbps     0 retrans
    3.8125 MB /   0.10 sec =  319.8413 Mbps     0 retrans
    3.5000 MB /   0.10 sec =  293.5132 Mbps     0 retrans
    1.7500 MB /   0.10 sec =  146.7801 Mbps     0 retrans
    1.4375 MB /   0.10 sec =  120.6248 Mbps     0 retrans
    1.8750 MB /   0.10 sec =  157.2880 Mbps     0 retrans
    5.3125 MB /   0.10 sec =  445.7161 Mbps     0 retrans
    3.1250 MB /   0.10 sec =  262.1492 Mbps     0 retrans
    4.1250 MB /   0.10 sec =  345.9228 Mbps     0 retrans
    2.0625 MB /   0.10 sec =  173.0375 Mbps     0 retrans
    3.1250 MB /   0.10 sec =  262.0444 Mbps     0 retrans
    0.0000 MB /   0.10 sec =    0.0000 Mbps     0 retrans
    1.8125 MB /   0.10 sec =  152.1165 Mbps     0 retrans
    0.0000 MB /   0.10 sec =    0.0000 Mbps     0 retrans
    1.8750 MB /   0.10 sec =  157.3730 Mbps     0 retrans
    0.0000 MB /   0.10 sec =    0.0000 Mbps     0 retrans
    5.3750 MB /   0.10 sec =  450.8426 Mbps     0 retrans
    0.6250 MB /   0.10 sec =   52.4152 Mbps     0 retrans
    2.0625 MB /   0.10 sec =  173.0375 Mbps     0 retrans
    1.1250 MB /   0.10 sec =   94.3539 Mbps     0 retrans
    0.9375 MB /   0.10 sec =   78.6707 Mbps     0 retrans
    2.8750 MB /   0.10 sec =  241.1749 Mbps     0 retrans
    2.6250 MB /   0.10 sec =  220.1679 Mbps     0 retrans
    0.3125 MB /   0.10 sec =   26.2147 Mbps     0 retrans
    1.9375 MB /   0.10 sec =  162.5585 Mbps     0 retrans
    0.4375 MB /   0.10 sec =   36.6873 Mbps     0 retrans
    0.5000 MB /   0.10 sec =   41.9653 Mbps     0 retrans
    1.4375 MB /   0.10 sec =  120.5272 Mbps     0 retrans
    0.0000 MB /   0.10 sec =    0.0000 Mbps     0 retrans
    2.0000 MB /   0.10 sec =  167.7990 Mbps     0 retrans
    2.3125 MB /   0.10 sec =  193.9866 Mbps     0 retrans
    3.3125 MB /   0.10 sec =  277.8893 Mbps     0 retrans
    2.1250 MB /   0.10 sec =  178.2526 Mbps     0 retrans
    2.1875 MB /   0.10 sec =  183.4659 Mbps     0 retrans
    1.3125 MB /   0.10 sec =  110.1280 Mbps     0 retrans
    2.6875 MB /   0.10 sec =  225.4393 Mbps     0 retrans
    3.0000 MB /   0.10 sec =  251.6331 Mbps     0 retrans
    0.7500 MB /   0.10 sec =   62.9215 Mbps     0 retrans
    2.0000 MB /   0.10 sec =  167.7218 Mbps     0 retrans
    1.5000 MB /   0.10 sec =  125.7989 Mbps     0 retrans
    4.2500 MB /   0.10 sec =  356.6549 Mbps     0 retrans
    5.3750 MB /   0.10 sec =  450.8922 Mbps     0 retrans
    3.6250 MB /   0.10 sec =  304.0566 Mbps     0 retrans
    4.3750 MB /   0.10 sec =  367.0713 Mbps     0 retrans
    3.8750 MB /   0.10 sec =  324.9708 Mbps     0 retrans
    4.6875 MB /   0.10 sec =  393.1885 Mbps     0 retrans
    4.1250 MB /   0.10 sec =  346.1097 Mbps     0 retrans
    4.8125 MB /   0.10 sec =  403.7825 Mbps     0 retrans
    4.1250 MB /   0.10 sec =  345.9782 Mbps     0 retrans
    4.9375 MB /   0.10 sec =  414.1834 Mbps     0 retrans
    4.9375 MB /   0.10 sec =  414.2911 Mbps     0 retrans
    4.6250 MB /   0.10 sec =  387.9227 Mbps     0 retrans
    3.5625 MB /   0.10 sec =  298.8203 Mbps     0 retrans
    2.6250 MB /   0.10 sec =  220.2340 Mbps     0 retrans
    2.3750 MB /   0.10 sec =  199.1816 Mbps     0 retrans
    0.1250 MB /   0.10 sec =   10.4872 Mbps     0 retrans
    2.3125 MB /   0.10 sec =  193.9807 Mbps     0 retrans
    2.1875 MB /   0.10 sec =  183.5118 Mbps     0 retrans
    2.4375 MB /   0.10 sec =  204.4049 Mbps     0 retrans
    3.6875 MB /   0.10 sec =  309.4166 Mbps     0 retrans
    4.4375 MB /   0.10 sec =  372.2445 Mbps     0 retrans
    4.3750 MB /   0.10 sec =  367.0310 Mbps     0 retrans
    3.3125 MB /   0.10 sec =  277.8226 Mbps     0 retrans
    1.6875 MB /   0.10 sec =  141.4644 Mbps     0 retrans
    2.6250 MB /   0.10 sec =  220.3817 Mbps     0 retrans
    2.1875 MB /   0.10 sec =  183.5173 Mbps     0 retrans
    2.5000 MB /   0.10 sec =  209.6879 Mbps     0 retrans
    2.1875 MB /   0.10 sec =  183.4898 Mbps     0 retrans
    2.7500 MB /   0.10 sec =  230.7144 Mbps     0 retrans
    2.4375 MB /   0.10 sec =  204.4028 Mbps     0 retrans
    3.3125 MB /   0.10 sec =  277.9616 Mbps     0 retrans
    4.5000 MB /   0.10 sec =  377.4836 Mbps     0 retrans
    3.3125 MB /   0.10 sec =  277.8032 Mbps     0 retrans
    3.2500 MB /   0.10 sec =  272.6979 Mbps     0 retrans
    2.4375 MB /   0.10 sec =  204.4641 Mbps     0 retrans
    3.0000 MB /   0.10 sec =  251.6985 Mbps     0 retrans
    2.1875 MB /   0.10 sec =  183.4458 Mbps     0 retrans
    2.2500 MB /   0.10 sec =  188.7078 Mbps     0 retrans
    1.2500 MB /   0.10 sec =  104.8513 Mbps     0 retrans
    2.6250 MB /   0.10 sec =  220.2781 Mbps     0 retrans
    1.6250 MB /   0.10 sec =  136.2985 Mbps     0 retrans
    1.1250 MB /   0.10 sec =   94.3596 Mbps     0 retrans
    2.2500 MB /   0.10 sec =  188.7418 Mbps     0 retrans
    3.0625 MB /   0.10 sec =  256.9088 Mbps     0 retrans
    2.3750 MB /   0.10 sec =  199.1637 Mbps     0 retrans
    2.3125 MB /   0.10 sec =  194.1419 Mbps     0 retrans
    1.9375 MB /   0.10 sec =  162.4870 Mbps     0 retrans
    2.3125 MB /   0.10 sec =  193.9807 Mbps     0 retrans
    2.7500 MB /   0.10 sec =  230.6544 Mbps     0 retrans
    3.6875 MB /   0.10 sec =  309.3640 Mbps     0 retrans
    3.1250 MB /   0.10 sec =  262.1125 Mbps     0 retrans
    3.1250 MB /   0.10 sec =  262.1178 Mbps     0 retrans
    4.0625 MB /   0.10 sec =  340.7327 Mbps     0 retrans
    2.7500 MB /   0.10 sec =  230.5783 Mbps     0 retrans
    1.7500 MB /   0.10 sec =  146.8711 Mbps     0 retrans
    1.7500 MB /   0.10 sec =  146.8653 Mbps     0 retrans
    0.0625 MB /   0.10 sec =    5.2435 Mbps     0 retrans
    1.7500 MB /   0.10 sec =  146.7507 Mbps     0 retrans
    0.6250 MB /   0.10 sec =   52.4346 Mbps     0 retrans
    1.4375 MB /   0.10 sec =  120.5669 Mbps     0 retrans
    1.3125 MB /   0.10 sec =  110.0202 Mbps     0 retrans
    1.3125 MB /   0.10 sec =  110.1787 Mbps     0 retrans
    2.3750 MB /   0.10 sec =  199.2553 Mbps     0 retrans
    1.6250 MB /   0.10 sec =  136.3258 Mbps     0 retrans
    2.5000 MB /   0.10 sec =  209.6984 Mbps     0 retrans
    2.3125 MB /   0.10 sec =  193.9846 Mbps     0 retrans
    2.3750 MB /   0.10 sec =  199.2474 Mbps     0 retrans
    2.2500 MB /   0.10 sec =  188.7003 Mbps     0 retrans
    2.6250 MB /   0.10 sec =  220.2340 Mbps     0 retrans
    2.3750 MB /   0.10 sec =  199.2394 Mbps     0 retrans
    1.2500 MB /   0.10 sec =  104.8440 Mbps     0 retrans
    0.0625 MB /   0.10 sec =    5.2441 Mbps     0 retrans
    1.8750 MB /   0.10 sec =  157.3084 Mbps     0 retrans
    2.5000 MB /   0.10 sec =  209.6502 Mbps     0 retrans
    2.6250 MB /   0.10 sec =  220.2142 Mbps     0 retrans
    2.1875 MB /   0.10 sec =  183.5118 Mbps     0 retrans
    3.0625 MB /   0.10 sec =  256.9063 Mbps     0 retrans
    0.7500 MB /   0.10 sec =   62.9164 Mbps     0 retrans
    2.8125 MB /   0.10 sec =  235.8919 Mbps     0 retrans
    2.4375 MB /   0.10 sec =  204.4785 Mbps     0 retrans
    2.3750 MB /   0.10 sec =  199.2135 Mbps     0 retrans
    0.3750 MB /   0.10 sec =   31.4557 Mbps     0 retrans
    1.3125 MB /   0.10 sec =  110.0928 Mbps     0 retrans
    0.1250 MB /   0.10 sec =   10.4878 Mbps     0 retrans
    1.5000 MB /   0.10 sec =  125.8253 Mbps     0 retrans
    1.1875 MB /   0.10 sec =   99.6058 Mbps     0 retrans
    1.1250 MB /   0.10 sec =   94.3945 Mbps     0 retrans
    0.9375 MB /   0.10 sec =   78.6385 Mbps     0 retrans
    2.0000 MB /   0.10 sec =  167.7654 Mbps     0 retrans
    1.8750 MB /   0.10 sec =  157.2833 Mbps     0 retrans
    1.3750 MB /   0.10 sec =  115.2972 Mbps     0 retrans
    0.5625 MB /   0.10 sec =   47.1873 Mbps     0 retrans
    1.6250 MB /   0.10 sec =  136.2658 Mbps     0 retrans
    1.5000 MB /   0.10 sec =  125.9349 Mbps     0 retrans
    0.9375 MB /   0.10 sec =   78.6220 Mbps     0 retrans
    1.5625 MB /   0.10 sec =  131.0917 Mbps     0 retrans
    1.3125 MB /   0.10 sec =  110.1093 Mbps     0 retrans
    0.1250 MB /   0.10 sec =   10.4841 Mbps     0 retrans
    0.1250 MB /   0.10 sec =   10.4847 Mbps     0 retrans
    1.3125 MB /   0.10 sec =  110.0928 Mbps     0 retrans
    0.7500 MB /   0.10 sec =   62.9240 Mbps     0 retrans
    1.0000 MB /   0.10 sec =   83.8802 Mbps     0 retrans
    0.5000 MB /   0.10 sec =   41.9460 Mbps     0 retrans
    0.5000 MB /   0.10 sec =   41.9451 Mbps     0 retrans
    1.1250 MB /   0.10 sec =   94.3737 Mbps     0 retrans
    1.1875 MB /   0.10 sec =   99.6048 Mbps     0 retrans
    1.6250 MB /   0.10 sec =  136.3381 Mbps     0 retrans
    1.5625 MB /   0.10 sec =  131.0668 Mbps     0 retrans
    1.1875 MB /   0.10 sec =   99.6058 Mbps     0 retrans
    0.8750 MB /   0.10 sec =   73.4077 Mbps     0 retrans
    1.1875 MB /   0.10 sec =   99.6237 Mbps     0 retrans
    1.7500 MB /   0.10 sec =  146.7728 Mbps     0 retrans
    1.6250 MB /   0.10 sec =  136.2944 Mbps     0 retrans
    0.5625 MB /   0.10 sec =   47.1888 Mbps     0 retrans
    0.8125 MB /   0.10 sec =   68.1663 Mbps     0 retrans
    0.6250 MB /   0.10 sec =   52.4414 Mbps     0 retrans
    1.3125 MB /   0.10 sec =  110.0939 Mbps     0 retrans
    1.1250 MB /   0.10 sec =   94.3822 Mbps     0 retrans
    1.0000 MB /   0.10 sec =   83.8819 Mbps     0 retrans
    1.4375 MB /   0.10 sec =  120.5766 Mbps     0 retrans
    1.0625 MB /   0.10 sec =   89.1040 Mbps     0 retrans
    0.5000 MB /   0.10 sec =   41.9477 Mbps     0 retrans
    0.9375 MB /   0.10 sec =   78.6408 Mbps     0 retrans
    0.8125 MB /   0.10 sec =   68.1622 Mbps     0 retrans
    1.0000 MB /   0.10 sec =   83.8718 Mbps     0 retrans
    1.0000 MB /   0.10 sec =   83.9012 Mbps     0 retrans
    1.0000 MB /   0.10 sec =   83.8961 Mbps     0 retrans
    1.2500 MB /   0.10 sec =  104.8524 Mbps     0 retrans
    0.8125 MB /   0.10 sec =   68.1608 Mbps     0 retrans
    0.6250 MB /   0.10 sec =   52.4000 Mbps     0 retrans
    0.5000 MB /   0.10 sec =   41.9640 Mbps     0 retrans
    0.7500 MB /   0.10 sec =   62.8819 Mbps     0 retrans
    0.7500 MB /   0.10 sec =   62.9353 Mbps     0 retrans
    0.6250 MB /   0.10 sec =   52.4335 Mbps     0 retrans
    0.1875 MB /   0.10 sec =   15.7282 Mbps     0 retrans
    0.4375 MB /   0.10 sec =   36.6987 Mbps     0 retrans
    1.1875 MB /   0.10 sec =   99.6466 Mbps     0 retrans
    0.8125 MB /   0.10 sec =   68.1397 Mbps     0 retrans
    0.6250 MB /   0.10 sec =   52.4278 Mbps     0 retrans
    0.6875 MB /   0.10 sec =   57.6780 Mbps     0 retrans
    1.3125 MB /   0.10 sec =  110.0851 Mbps     0 retrans
    0.6875 MB /   0.10 sec =   57.6746 Mbps     0 retrans
    0.6875 MB /   0.10 sec =   57.6503 Mbps     0 retrans
    0.6875 MB /   0.10 sec =   57.6884 Mbps     0 retrans
    1.3125 MB /   0.10 sec =  110.1016 Mbps     0 retrans
    0.6250 MB /   0.10 sec =   52.4262 Mbps     0 retrans
    0.6875 MB /   0.10 sec =   57.6792 Mbps     0 retrans
    0.6875 MB /   0.10 sec =   57.6763 Mbps     0 retrans
    1.0000 MB /   0.10 sec =   83.8987 Mbps     0 retrans
    0.9375 MB /   0.10 sec =   78.6023 Mbps     0 retrans
    1.4375 MB /   0.10 sec =  120.6067 Mbps     0 retrans
    0.9375 MB /   0.10 sec =   78.6440 Mbps     0 retrans
    0.2500 MB /   0.10 sec =   20.9745 Mbps     0 retrans
    0.1875 MB /   0.10 sec =   15.7294 Mbps     0 retrans
    1.3125 MB /   0.10 sec =  110.1005 Mbps     0 retrans
    0.8750 MB /   0.10 sec =   73.3915 Mbps     0 retrans
    0.9375 MB /   0.10 sec =   78.6644 Mbps     0 retrans
    0.9375 MB /   0.10 sec =   78.6283 Mbps     0 retrans
    0.8125 MB /   0.10 sec =   68.1615 Mbps     0 retrans
    0.9375 MB /   0.10 sec =   78.6228 Mbps     0 retrans
    0.9375 MB /   0.10 sec =   78.6747 Mbps     0 retrans
    0.8125 MB /   0.10 sec =   68.1527 Mbps     0 retrans
    0.8750 MB /   0.10 sec =   73.3864 Mbps     0 retrans
    1.0000 MB /   0.10 sec =   83.9029 Mbps     0 retrans
    0.8750 MB /   0.10 sec =   73.3878 Mbps     0 retrans
    1.1875 MB /   0.10 sec =   99.6317 Mbps     0 retrans
    0.2500 MB /   0.10 sec =   20.9654 Mbps     0 retrans
    0.5000 MB /   0.10 sec =   41.9598 Mbps     0 retrans
    0.1250 MB /   0.10 sec =   10.4859 Mbps     0 retrans
    0.6250 MB /   0.10 sec =   52.4215 Mbps     0 retrans
    1.1875 MB /   0.10 sec =   99.6077 Mbps     0 retrans
    0.8750 MB /   0.10 sec =   73.4033 Mbps     0 retrans
    0.1875 MB /   0.10 sec =   15.7274 Mbps     0 retrans
    0.3125 MB /   0.10 sec =   26.2183 Mbps     0 retrans
    0.9375 MB /   0.10 sec =   78.6377 Mbps     0 retrans
    0.8750 MB /   0.10 sec =   73.3864 Mbps     0 retrans
    0.8125 MB /   0.10 sec =   68.1513 Mbps     0 retrans
    0.9375 MB /   0.10 sec =   78.6739 Mbps     0 retrans
    0.6250 MB /   0.10 sec =   52.4272 Mbps     0 retrans
    0.6250 MB /   0.10 sec =   52.4346 Mbps     0 retrans
    0.1250 MB /   0.10 sec =   10.4822 Mbps     0 retrans
    0.5625 MB /   0.10 sec =   47.1817 Mbps     0 retrans
    0.5000 MB /   0.10 sec =   41.9464 Mbps     0 retrans
    0.5000 MB /   0.10 sec =   41.9451 Mbps     0 retrans
    0.1875 MB /   0.10 sec =   15.7280 Mbps     0 retrans
    0.7500 MB /   0.10 sec =   62.8743 Mbps     0 retrans
    0.6250 MB /   0.10 sec =   52.4745 Mbps     0 retrans
    1.0625 MB /   0.10 sec =   89.0657 Mbps     0 retrans
    0.6875 MB /   0.10 sec =   57.6873 Mbps     0 retrans
    0.4375 MB /   0.10 sec =   36.7057 Mbps     0 retrans
    0.5000 MB /   0.10 sec =   41.9493 Mbps     0 retrans
    0.9375 MB /   0.10 sec =   78.6055 Mbps     0 retrans
    0.8750 MB /   0.10 sec =   73.4547 Mbps     0 retrans
    1.0000 MB /   0.10 sec =   83.8458 Mbps     0 retrans
    0.6875 MB /   0.10 sec =   57.6942 Mbps     0 retrans
    1.0625 MB /   0.10 sec =   89.1174 Mbps     0 retrans
    0.9375 MB /   0.10 sec =   78.6566 Mbps     0 retrans
    1.1250 MB /   0.10 sec =   94.3426 Mbps     0 retrans
    0.4375 MB /   0.10 sec =   36.7016 Mbps     0 retrans
    0.4375 MB /   0.10 sec =   36.7013 Mbps     0 retrans
    1.1250 MB /   0.10 sec =   94.3407 Mbps     0 retrans
    0.8125 MB /   0.10 sec =   68.1833 Mbps     0 retrans
    1.0625 MB /   0.10 sec =   89.1361 Mbps     0 retrans
    0.5000 MB /   0.10 sec =   41.9267 Mbps     0 retrans
    0.8125 MB /   0.10 sec =   68.1956 Mbps     0 retrans
    0.6875 MB /   0.10 sec =   57.6567 Mbps     0 retrans
    0.6875 MB /   0.10 sec =   57.6861 Mbps     0 retrans
    1.0625 MB /   0.10 sec =   89.1049 Mbps     0 retrans
    0.8125 MB /   0.10 sec =   68.1574 Mbps     0 retrans
    0.8750 MB /   0.10 sec =   73.4055 Mbps     0 retrans
    0.1250 MB /   0.10 sec =   10.4879 Mbps     0 retrans
    1.0000 MB /   0.10 sec =   83.8785 Mbps     0 retrans
    1.0000 MB /   0.10 sec =   83.8584 Mbps     0 retrans
    0.5625 MB /   0.10 sec =   47.1788 Mbps     0 retrans
    0.3750 MB /   0.10 sec =   31.4573 Mbps     0 retrans
    0.0000 MB /   0.10 sec =    0.0000 Mbps     0 retrans
    0.9375 MB /   0.10 sec =   78.6463 Mbps     0 retrans
    0.4375 MB /   0.10 sec =   36.6514 Mbps     0 retrans
    0.5000 MB /   0.10 sec =   41.9720 Mbps     0 retrans
    0.4375 MB /   0.10 sec =   36.7137 Mbps     0 retrans
    0.9375 MB /   0.10 sec =   78.6597 Mbps     0 retrans
    0.5000 MB /   0.10 sec =   41.9414 Mbps     0 retrans
    0.4375 MB /   0.10 sec =   36.7053 Mbps     0 retrans
    0.5000 MB /   0.10 sec =   41.9594 Mbps     0 retrans
    0.9375 MB /   0.10 sec =   78.6322 Mbps     0 retrans
    0.4375 MB /   0.10 sec =   36.6730 Mbps     0 retrans
    0.5000 MB /   0.10 sec =   41.9623 Mbps     0 retrans
    0.4375 MB /   0.10 sec =   36.7145 Mbps     0 retrans
    0.9375 MB /   0.10 sec =   78.6290 Mbps     0 retrans
    0.9375 MB /   0.10 sec =   78.6275 Mbps     0 retrans
    0.4375 MB /   0.10 sec =   36.7079 Mbps     0 retrans
    0.9375 MB /   0.10 sec =   78.6031 Mbps     0 retrans
    0.9375 MB /   0.10 sec =   78.6448 Mbps     0 retrans
    0.3125 MB /   0.10 sec =   26.2207 Mbps     0 retrans
    0.0625 MB /   0.10 sec =    5.2432 Mbps     0 retrans
    0.9375 MB /   0.10 sec =   78.6369 Mbps     0 retrans
    1.3750 MB /   0.10 sec =  115.3734 Mbps     0 retrans
    0.5625 MB /   0.10 sec =   47.1689 Mbps     0 retrans
    0.5625 MB /   0.10 sec =   47.1883 Mbps     0 retrans
    0.5625 MB /   0.10 sec =   47.1826 Mbps     0 retrans
    1.0625 MB /   0.10 sec =   89.1281 Mbps     0 retrans
    0.0625 MB /   0.10 sec =    5.2433 Mbps     0 retrans
    0.6250 MB /   0.10 sec =   52.4403 Mbps     0 retrans
    0.8750 MB /   0.10 sec =   73.3959 Mbps     0 retrans
    0.6875 MB /   0.10 sec =   57.6671 Mbps     0 retrans
    0.7500 MB /   0.10 sec =   62.8982 Mbps     0 retrans
    0.5000 MB /   0.10 sec =   41.9565 Mbps     0 retrans
    0.8125 MB /   0.10 sec =   68.1561 Mbps     0 retrans
    0.9375 MB /   0.10 sec =   78.6479 Mbps     0 retrans
    0.5625 MB /   0.10 sec =   47.1581 Mbps     0 retrans
    0.3750 MB /   0.10 sec =   31.4733 Mbps     0 retrans
    0.0000 MB /   0.10 sec =    0.0000 Mbps     0 retrans
    0.5000 MB /   0.10 sec =   42.0187 Mbps     0 retrans
    0.4375 MB /   0.10 sec =   36.6877 Mbps     0 retrans
    0.4375 MB /   0.10 sec =   36.7196 Mbps     0 retrans
    0.4375 MB /   0.10 sec =   36.7053 Mbps     0 retrans
    0.6250 MB /   0.10 sec =   52.4251 Mbps     0 retrans
nuttcp-r: 525.2535 MB in 36.96 real seconds = 14551.76 KB/sec = 119.2081 Mbps
nuttcp-r: 34395 I/O calls, msec/call = 1.10, calls/sec = 930.56
nuttcp-r: 0.0user 1.0sys 0:36real 2% 0i+0d 1286maxrss 0+1pf 20431+54csw

nuttcp-t: Warning: send window size 25000000 < requested window size 26214400
nuttcp-t: v6.1.2: socket
nuttcp-t: buflen=65536, nstream=1, port=5005 tcp -> 172.56.16.208
nuttcp-t: time limit = 30.00 seconds
nuttcp-t: accept from 172.56.16.208 with mss=1364
nuttcp-t: send window size = 50000000, receive window size = 25000000
nuttcp-t: available send window = 25000000, available receive window = 12500000
nuttcp-t: 525.2535 MB in 30.00 real seconds = 17928.62 KB/sec = 146.8713 Mbps
nuttcp-t: retrans = 0
nuttcp-t: 8405 I/O calls, msec/call = 3.65, calls/sec = 280.17
nuttcp-t: 0.0user 0.2sys 0:30real 0% 0i+0d 98maxrss 0+0pf 31+5csw
