1659985146206
nuttcp-t: v8.1.4: socket
nuttcp-t: buflen=65536, nstream=1, port=5005 tcp -> 54.176.53.206
nuttcp-t: time limit = 30.00 seconds
nuttcp-t: connect to 54.176.53.206 with mss=1384, RTT=26.570 ms af=inet
nuttcp-t: send window size = 33554432, receive window size = 6291456
nuttcp-t: available send window = 25165824, available receive window = 4718592
nuttcp-t: initial congestion window = 13 KB (10 packets)
nuttcp-r: Warning: receive window size 212992 < requested window size 26214400
nuttcp-r: v6.1.2: socket
nuttcp-r: buflen=65536, nstream=1, port=5005 tcp
nuttcp-r: interval reporting every 0.10 seconds
nuttcp-r: accept from 172.56.16.208
nuttcp-r: send window size = 46080, receive window size = 425984
nuttcp-r: available send window = 23040, available receive window = 212992
    0.0625 MB /   0.10 sec =    5.2293 Mbps     0 retrans    400 KB-cwnd
    0.3750 MB /   0.10 sec =   31.5014 Mbps     0 retrans    400 KB-cwnd
    0.2500 MB /   0.10 sec =   20.9837 Mbps     0 retrans    400 KB-cwnd
    0.4375 MB /   0.10 sec =   36.7090 Mbps     0 retrans    400 KB-cwnd
    0.4375 MB /   0.10 sec =   36.6969 Mbps     0 retrans    400 KB-cwnd
    0.4375 MB /   0.10 sec =   36.6950 Mbps     0 retrans    400 KB-cwnd
    0.3750 MB /   0.10 sec =   31.4626 Mbps     0 retrans    400 KB-cwnd
    0.4375 MB /   0.10 sec =   36.6939 Mbps     0 retrans    400 KB-cwnd
    0.3750 MB /   0.10 sec =   31.4655 Mbps     0 retrans    400 KB-cwnd
    0.4375 MB /   0.10 sec =   36.6980 Mbps     0 retrans    400 KB-cwnd
    0.4375 MB /   0.10 sec =   36.6851 Mbps     0 retrans    400 KB-cwnd
    0.4375 MB /   0.10 sec =   36.7255 Mbps     0 retrans    400 KB-cwnd
    0.5000 MB /   0.10 sec =   41.9435 Mbps     0 retrans    400 KB-cwnd
    0.3750 MB /   0.10 sec =   31.4526 Mbps     0 retrans    400 KB-cwnd
    0.4375 MB /   0.10 sec =   36.6895 Mbps     0 retrans    400 KB-cwnd
    0.4375 MB /   0.10 sec =   36.7159 Mbps     0 retrans    400 KB-cwnd
    0.5000 MB /   0.10 sec =   41.8326 Mbps     0 retrans    400 KB-cwnd
    0.5000 MB /   0.10 sec =   42.0528 Mbps     0 retrans    400 KB-cwnd
    0.5625 MB /   0.10 sec =   47.1873 Mbps     0 retrans    400 KB-cwnd
    0.4375 MB /   0.10 sec =   36.6807 Mbps     0 retrans    400 KB-cwnd
    0.5625 MB /   0.10 sec =   47.1732 Mbps     0 retrans    400 KB-cwnd
    0.5000 MB /   0.10 sec =   41.9695 Mbps     0 retrans    400 KB-cwnd
    0.5000 MB /   0.10 sec =   41.9388 Mbps     0 retrans    400 KB-cwnd
    0.4375 MB /   0.10 sec =   36.7027 Mbps     0 retrans    400 KB-cwnd
    0.5000 MB /   0.10 sec =   41.9414 Mbps     0 retrans    400 KB-cwnd
    0.4375 MB /   0.10 sec =   36.6793 Mbps     0 retrans    400 KB-cwnd
    0.3750 MB /   0.10 sec =   31.4680 Mbps     0 retrans    400 KB-cwnd
    0.3750 MB /   0.10 sec =   31.4563 Mbps     0 retrans    400 KB-cwnd
    0.4375 MB /   0.10 sec =   36.7170 Mbps     0 retrans    400 KB-cwnd
    0.4375 MB /   0.10 sec =   36.6848 Mbps     0 retrans    400 KB-cwnd
    0.3125 MB /   0.10 sec =   26.2233 Mbps     0 retrans    400 KB-cwnd
    0.5000 MB /   0.10 sec =   41.9342 Mbps     0 retrans    400 KB-cwnd
    0.3750 MB /   0.10 sec =   31.4494 Mbps     0 retrans    400 KB-cwnd
    0.5000 MB /   0.10 sec =   41.9577 Mbps     0 retrans    400 KB-cwnd
    0.3750 MB /   0.10 sec =   31.4595 Mbps     0 retrans    400 KB-cwnd
    0.3750 MB /   0.10 sec =   31.4535 Mbps     0 retrans    400 KB-cwnd
    0.5000 MB /   0.10 sec =   41.9472 Mbps     0 retrans    400 KB-cwnd
    0.5000 MB /   0.10 sec =   41.8940 Mbps     0 retrans    400 KB-cwnd
    0.5000 MB /   0.10 sec =   41.9686 Mbps     0 retrans    400 KB-cwnd
    0.4375 MB /   0.10 sec =   36.7163 Mbps     0 retrans    400 KB-cwnd
    0.5625 MB /   0.10 sec =   46.0877 Mbps     0 retrans    400 KB-cwnd
    0.4375 MB /   0.10 sec =   37.5957 Mbps     0 retrans    400 KB-cwnd
    0.4375 MB /   0.10 sec =   36.6741 Mbps     0 retrans    400 KB-cwnd
    0.5625 MB /   0.10 sec =   47.2194 Mbps     0 retrans    400 KB-cwnd
    0.4375 MB /   0.10 sec =   36.6664 Mbps     0 retrans    400 KB-cwnd
    0.5000 MB /   0.10 sec =   41.8309 Mbps     0 retrans    400 KB-cwnd
    0.3750 MB /   0.10 sec =   31.5605 Mbps     0 retrans    400 KB-cwnd
    0.4375 MB /   0.10 sec =   36.7031 Mbps     0 retrans    400 KB-cwnd
    0.5000 MB /   0.10 sec =   41.7061 Mbps     0 retrans    400 KB-cwnd
    0.5000 MB /   0.10 sec =   42.1445 Mbps     0 retrans    400 KB-cwnd
    0.5000 MB /   0.10 sec =   42.0006 Mbps     0 retrans    400 KB-cwnd
    0.5000 MB /   0.10 sec =   41.9435 Mbps     0 retrans    400 KB-cwnd
    0.3750 MB /   0.10 sec =   31.4475 Mbps     0 retrans    400 KB-cwnd
    0.5625 MB /   0.10 sec =   47.1694 Mbps     0 retrans    400 KB-cwnd
    0.4375 MB /   0.10 sec =   36.7163 Mbps     0 retrans    400 KB-cwnd
    0.4375 MB /   0.10 sec =   36.6789 Mbps     0 retrans    400 KB-cwnd
    0.4375 MB /   0.10 sec =   36.7233 Mbps     0 retrans    400 KB-cwnd
    0.5625 MB /   0.10 sec =   47.1741 Mbps     0 retrans    400 KB-cwnd
    0.4375 MB /   0.10 sec =   36.7013 Mbps     0 retrans    400 KB-cwnd
    0.5000 MB /   0.10 sec =   41.9430 Mbps     0 retrans    400 KB-cwnd
    0.5625 MB /   0.10 sec =   47.2043 Mbps     0 retrans    400 KB-cwnd
    0.4375 MB /   0.10 sec =   36.6661 Mbps     0 retrans    400 KB-cwnd
    0.5625 MB /   0.10 sec =   47.1987 Mbps     0 retrans    400 KB-cwnd
    0.4375 MB /   0.10 sec =   36.7244 Mbps     0 retrans    400 KB-cwnd
    0.5000 MB /   0.10 sec =   41.8439 Mbps     0 retrans    400 KB-cwnd
    0.4375 MB /   0.10 sec =   36.7767 Mbps     0 retrans    400 KB-cwnd
    0.5000 MB /   0.10 sec =   41.9041 Mbps     0 retrans    400 KB-cwnd
    0.4375 MB /   0.10 sec =   36.7402 Mbps     0 retrans    400 KB-cwnd
    0.5000 MB /   0.10 sec =   41.9498 Mbps     0 retrans    400 KB-cwnd
    0.5000 MB /   0.10 sec =   41.9347 Mbps     0 retrans    400 KB-cwnd
    0.3750 MB /   0.10 sec =   31.4368 Mbps     0 retrans    400 KB-cwnd
    0.5625 MB /   0.10 sec =   46.7229 Mbps     0 retrans    400 KB-cwnd
    0.4375 MB /   0.10 sec =   37.0690 Mbps     0 retrans    400 KB-cwnd
    0.5000 MB /   0.10 sec =   41.9565 Mbps     0 retrans    400 KB-cwnd
    0.4375 MB /   0.10 sec =   36.7126 Mbps     0 retrans    400 KB-cwnd
    0.3750 MB /   0.10 sec =   31.4337 Mbps     0 retrans    400 KB-cwnd
    0.5000 MB /   0.10 sec =   41.9628 Mbps     0 retrans    400 KB-cwnd
    0.4375 MB /   0.10 sec =   36.7068 Mbps     0 retrans    400 KB-cwnd
    0.4375 MB /   0.10 sec =   36.7016 Mbps     0 retrans    400 KB-cwnd
    0.5000 MB /   0.10 sec =   41.9527 Mbps     0 retrans    400 KB-cwnd
    0.4375 MB /   0.10 sec =   36.6925 Mbps     0 retrans    400 KB-cwnd
    0.4375 MB /   0.10 sec =   36.6998 Mbps     0 retrans    400 KB-cwnd
    0.3750 MB /   0.10 sec =   31.4579 Mbps     0 retrans    400 KB-cwnd
    0.5625 MB /   0.10 sec =   47.1228 Mbps     0 retrans    400 KB-cwnd
    0.4375 MB /   0.10 sec =   36.7571 Mbps     0 retrans    400 KB-cwnd
    0.4375 MB /   0.10 sec =   36.6991 Mbps     0 retrans    400 KB-cwnd
    0.5625 MB /   0.10 sec =   47.1803 Mbps     0 retrans    400 KB-cwnd
    0.4375 MB /   0.10 sec =   36.6800 Mbps     0 retrans    400 KB-cwnd
    0.4375 MB /   0.10 sec =   36.7097 Mbps     0 retrans    400 KB-cwnd
    0.5625 MB /   0.10 sec =   47.1911 Mbps     0 retrans    400 KB-cwnd
    0.4375 MB /   0.10 sec =   36.7020 Mbps     0 retrans    400 KB-cwnd
    0.5000 MB /   0.10 sec =   41.9472 Mbps     0 retrans    400 KB-cwnd
    0.5625 MB /   0.10 sec =   47.1878 Mbps     0 retrans    400 KB-cwnd
    0.4375 MB /   0.10 sec =   36.7005 Mbps     0 retrans    400 KB-cwnd
    0.4375 MB /   0.10 sec =   36.6745 Mbps     0 retrans    400 KB-cwnd
    0.5000 MB /   0.10 sec =   41.9691 Mbps     0 retrans    400 KB-cwnd
    0.5000 MB /   0.10 sec =   41.9187 Mbps     0 retrans    400 KB-cwnd
    0.3750 MB /   0.10 sec =   31.4818 Mbps     0 retrans    400 KB-cwnd
    0.5625 MB /   0.10 sec =   47.1873 Mbps     0 retrans    400 KB-cwnd
    0.4375 MB /   0.10 sec =   36.6914 Mbps     0 retrans    400 KB-cwnd
    0.5000 MB /   0.10 sec =   41.9141 Mbps     0 retrans    400 KB-cwnd
    0.5000 MB /   0.10 sec =   41.9468 Mbps     0 retrans    400 KB-cwnd
    0.5000 MB /   0.10 sec =   41.9191 Mbps     0 retrans    400 KB-cwnd
    0.4375 MB /   0.10 sec =   36.6840 Mbps     0 retrans    400 KB-cwnd
    0.5000 MB /   0.10 sec =   42.0153 Mbps     0 retrans    400 KB-cwnd
    0.4375 MB /   0.10 sec =   36.6983 Mbps     0 retrans    400 KB-cwnd
    0.5000 MB /   0.10 sec =   41.9460 Mbps     0 retrans    400 KB-cwnd
    0.5000 MB /   0.10 sec =   41.8059 Mbps     0 retrans    400 KB-cwnd
    0.3750 MB /   0.10 sec =   31.5589 Mbps     0 retrans    400 KB-cwnd
    0.5000 MB /   0.10 sec =   41.9397 Mbps     0 retrans    400 KB-cwnd
    0.4375 MB /   0.10 sec =   36.6767 Mbps     0 retrans    400 KB-cwnd
    0.5000 MB /   0.11 sec =   39.7387 Mbps     0 retrans    400 KB-cwnd
    0.5000 MB /   0.09 sec =   44.4171 Mbps     0 retrans    400 KB-cwnd
    0.4375 MB /   0.10 sec =   36.7167 Mbps     0 retrans    400 KB-cwnd
    0.5000 MB /   0.10 sec =   41.9477 Mbps     0 retrans    400 KB-cwnd
    0.4375 MB /   0.10 sec =   36.7013 Mbps     0 retrans    400 KB-cwnd
    0.4375 MB /   0.10 sec =   36.6705 Mbps     0 retrans    400 KB-cwnd
    0.4375 MB /   0.10 sec =   36.7343 Mbps     0 retrans    400 KB-cwnd
    0.4375 MB /   0.10 sec =   36.6558 Mbps     0 retrans    400 KB-cwnd
    0.5000 MB /   0.10 sec =   41.9859 Mbps     0 retrans    400 KB-cwnd
    0.4375 MB /   0.10 sec =   36.6943 Mbps     0 retrans    400 KB-cwnd
    0.5000 MB /   0.10 sec =   41.9569 Mbps     0 retrans    400 KB-cwnd
    0.4375 MB /   0.10 sec =   36.6936 Mbps     0 retrans    400 KB-cwnd
    0.4375 MB /   0.10 sec =   36.7038 Mbps     0 retrans    400 KB-cwnd
    0.4375 MB /   0.10 sec =   36.6906 Mbps     0 retrans    400 KB-cwnd
    0.5000 MB /   0.10 sec =   41.9363 Mbps     0 retrans    400 KB-cwnd
    0.5000 MB /   0.10 sec =   41.9560 Mbps     0 retrans    400 KB-cwnd
    0.5000 MB /   0.10 sec =   41.9498 Mbps     0 retrans    400 KB-cwnd
    0.4375 MB /   0.10 sec =   36.6939 Mbps     0 retrans    400 KB-cwnd
    0.4375 MB /   0.10 sec =   36.6881 Mbps     0 retrans    400 KB-cwnd
    0.4375 MB /   0.10 sec =   36.7189 Mbps     0 retrans    400 KB-cwnd
    0.4375 MB /   0.10 sec =   36.6873 Mbps     0 retrans    400 KB-cwnd
    0.4375 MB /   0.10 sec =   36.6727 Mbps     0 retrans    400 KB-cwnd
    0.4375 MB /   0.10 sec =   36.7336 Mbps     0 retrans    400 KB-cwnd
    0.5000 MB /   0.10 sec =   41.9456 Mbps     0 retrans    400 KB-cwnd
    0.4375 MB /   0.10 sec =   36.6969 Mbps     0 retrans    400 KB-cwnd
    0.4375 MB /   0.10 sec =   36.6774 Mbps     0 retrans    400 KB-cwnd
    0.5000 MB /   0.10 sec =   41.9531 Mbps     0 retrans    400 KB-cwnd
    0.5000 MB /   0.10 sec =   41.8940 Mbps     0 retrans    400 KB-cwnd
    0.4375 MB /   0.10 sec =   36.7593 Mbps     0 retrans    400 KB-cwnd
    0.4375 MB /   0.10 sec =   36.0342 Mbps     0 retrans    400 KB-cwnd
    0.5000 MB /   0.10 sec =   42.6823 Mbps     0 retrans    400 KB-cwnd
    0.5000 MB /   0.10 sec =   41.9985 Mbps     0 retrans    400 KB-cwnd
    0.5000 MB /   0.10 sec =   41.9196 Mbps     0 retrans    400 KB-cwnd
    0.3750 MB /   0.10 sec =   31.4755 Mbps     0 retrans    400 KB-cwnd
    0.5000 MB /   0.10 sec =   41.9338 Mbps     0 retrans    400 KB-cwnd
    0.4375 MB /   0.10 sec =   36.6965 Mbps     0 retrans    400 KB-cwnd
    0.5000 MB /   0.10 sec =   41.9422 Mbps     0 retrans    400 KB-cwnd
    0.4375 MB /   0.10 sec =   36.7060 Mbps     0 retrans    400 KB-cwnd
    0.4375 MB /   0.10 sec =   36.7031 Mbps     0 retrans    400 KB-cwnd
    0.4375 MB /   0.10 sec =   36.6976 Mbps     0 retrans    400 KB-cwnd
    0.4375 MB /   0.10 sec =   36.5878 Mbps     0 retrans    400 KB-cwnd
    0.5000 MB /   0.10 sec =   42.0781 Mbps     0 retrans    400 KB-cwnd
    0.4375 MB /   0.10 sec =   36.6943 Mbps     0 retrans    400 KB-cwnd
    0.4375 MB /   0.10 sec =   36.7064 Mbps     0 retrans    400 KB-cwnd
    0.5000 MB /   0.10 sec =   41.9418 Mbps     0 retrans    400 KB-cwnd
    0.3750 MB /   0.10 sec =   31.4378 Mbps     0 retrans    400 KB-cwnd
    0.5000 MB /   0.10 sec =   41.9485 Mbps     0 retrans    400 KB-cwnd
    0.5000 MB /   0.10 sec =   41.9565 Mbps     0 retrans    400 KB-cwnd
    0.4375 MB /   0.10 sec =   36.6969 Mbps     0 retrans    400 KB-cwnd
    0.4375 MB /   0.10 sec =   36.7071 Mbps     0 retrans    400 KB-cwnd
    0.5000 MB /   0.10 sec =   41.9376 Mbps     0 retrans    400 KB-cwnd
    0.5000 MB /   0.10 sec =   41.9430 Mbps     0 retrans    400 KB-cwnd
    0.5000 MB /   0.10 sec =   41.9447 Mbps     0 retrans    400 KB-cwnd
    0.4375 MB /   0.10 sec =   36.6987 Mbps     0 retrans    400 KB-cwnd
    0.4375 MB /   0.10 sec =   36.6980 Mbps     0 retrans    400 KB-cwnd
    0.5625 MB /   0.10 sec =   47.2015 Mbps     0 retrans    400 KB-cwnd
    0.4375 MB /   0.10 sec =   36.6818 Mbps     0 retrans    400 KB-cwnd
    0.4375 MB /   0.10 sec =   36.7064 Mbps     0 retrans    400 KB-cwnd
    0.3750 MB /   0.10 sec =   31.4535 Mbps     0 retrans    400 KB-cwnd
    0.4375 MB /   0.10 sec =   36.7068 Mbps     0 retrans    400 KB-cwnd
    0.4375 MB /   0.10 sec =   36.6866 Mbps     0 retrans    400 KB-cwnd
    0.5000 MB /   0.10 sec =   41.9418 Mbps     0 retrans    400 KB-cwnd
    0.4375 MB /   0.10 sec =   36.6972 Mbps     0 retrans    400 KB-cwnd
    0.5000 MB /   0.10 sec =   41.9619 Mbps     0 retrans    400 KB-cwnd
    0.4375 MB /   0.10 sec =   36.6892 Mbps     0 retrans    400 KB-cwnd
    0.5000 MB /   0.10 sec =   41.9376 Mbps     0 retrans    400 KB-cwnd
    0.4375 MB /   0.10 sec =   36.7218 Mbps     0 retrans    400 KB-cwnd
    0.4375 MB /   0.10 sec =   36.5893 Mbps     0 retrans    400 KB-cwnd
    0.5000 MB /   0.10 sec =   42.0739 Mbps     0 retrans    400 KB-cwnd
    0.4375 MB /   0.10 sec =   36.6426 Mbps     0 retrans    400 KB-cwnd
    0.5625 MB /   0.10 sec =   47.2540 Mbps     0 retrans    400 KB-cwnd
    0.3750 MB /   0.10 sec =   31.4494 Mbps     0 retrans    400 KB-cwnd
    0.5625 MB /   0.10 sec =   47.1675 Mbps     0 retrans    400 KB-cwnd
    0.4375 MB /   0.10 sec =   36.7229 Mbps     0 retrans    400 KB-cwnd
    0.5000 MB /   0.10 sec =   41.9418 Mbps     0 retrans    400 KB-cwnd
    0.4375 MB /   0.10 sec =   36.6881 Mbps     0 retrans    400 KB-cwnd
    0.4375 MB /   0.10 sec =   36.7035 Mbps     0 retrans    400 KB-cwnd
    0.4375 MB /   0.10 sec =   36.6972 Mbps     0 retrans    400 KB-cwnd
    0.5000 MB /   0.10 sec =   41.9649 Mbps     0 retrans    400 KB-cwnd
    0.5000 MB /   0.10 sec =   41.9317 Mbps     0 retrans    400 KB-cwnd
    0.4375 MB /   0.10 sec =   36.7060 Mbps     0 retrans    400 KB-cwnd
    0.3125 MB /   0.10 sec =   26.2105 Mbps     0 retrans    400 KB-cwnd
    0.5000 MB /   0.10 sec =   41.9456 Mbps     0 retrans    400 KB-cwnd
    0.4375 MB /   0.10 sec =   36.7082 Mbps     0 retrans    400 KB-cwnd
    0.5625 MB /   0.10 sec =   47.0232 Mbps     0 retrans    400 KB-cwnd
    0.4375 MB /   0.10 sec =   36.8213 Mbps     0 retrans    400 KB-cwnd
    0.5000 MB /   0.10 sec =   41.9481 Mbps     0 retrans    400 KB-cwnd
    0.4375 MB /   0.10 sec =   36.6804 Mbps     0 retrans    400 KB-cwnd
    0.4375 MB /   0.10 sec =   36.6620 Mbps     0 retrans    400 KB-cwnd
    0.5625 MB /   0.10 sec =   47.2620 Mbps     0 retrans    400 KB-cwnd
    0.4375 MB /   0.10 sec =   36.6943 Mbps     0 retrans    400 KB-cwnd
    0.4375 MB /   0.10 sec =   36.6287 Mbps     0 retrans    400 KB-cwnd
    0.5000 MB /   0.10 sec =   42.0229 Mbps     0 retrans    400 KB-cwnd
    0.4375 MB /   0.10 sec =   36.7071 Mbps     0 retrans    400 KB-cwnd
    0.4375 MB /   0.10 sec =   36.7002 Mbps     0 retrans    400 KB-cwnd
    0.4375 MB /   0.10 sec =   36.6811 Mbps     0 retrans    400 KB-cwnd
    0.4375 MB /   0.10 sec =   36.7145 Mbps     0 retrans    400 KB-cwnd
    0.5625 MB /   0.10 sec =   47.1435 Mbps     0 retrans    400 KB-cwnd
    0.3125 MB /   0.10 sec =   26.2412 Mbps     0 retrans    400 KB-cwnd
    0.3750 MB /   0.10 sec =   31.4287 Mbps     0 retrans    400 KB-cwnd
    0.5000 MB /   0.10 sec =   41.9607 Mbps     0 retrans    400 KB-cwnd
    0.5000 MB /   0.10 sec =   41.9456 Mbps     0 retrans    400 KB-cwnd
    0.4375 MB /   0.10 sec =   36.7075 Mbps     0 retrans    400 KB-cwnd
    0.5000 MB /   0.10 sec =   41.9523 Mbps     0 retrans    400 KB-cwnd
    0.5000 MB /   0.10 sec =   41.9401 Mbps     0 retrans    400 KB-cwnd
    0.4375 MB /   0.10 sec =   36.6639 Mbps     0 retrans    400 KB-cwnd
    0.5000 MB /   0.10 sec =   41.9892 Mbps     0 retrans    400 KB-cwnd
    0.4375 MB /   0.10 sec =   36.6983 Mbps     0 retrans    400 KB-cwnd
    0.4375 MB /   0.10 sec =   36.7002 Mbps     0 retrans    400 KB-cwnd
    0.5000 MB /   0.10 sec =   41.9447 Mbps     0 retrans    400 KB-cwnd
    0.4375 MB /   0.10 sec =   36.7002 Mbps     0 retrans    400 KB-cwnd
    0.5000 MB /   0.10 sec =   41.9200 Mbps     0 retrans    400 KB-cwnd
    0.5000 MB /   0.10 sec =   41.9623 Mbps     0 retrans    400 KB-cwnd
    0.5000 MB /   0.10 sec =   41.9430 Mbps     0 retrans    400 KB-cwnd
    0.4375 MB /   0.10 sec =   36.6961 Mbps     0 retrans    400 KB-cwnd
    0.3750 MB /   0.10 sec =   31.3757 Mbps     0 retrans    400 KB-cwnd
    0.5625 MB /   0.10 sec =   47.3118 Mbps     0 retrans    400 KB-cwnd
    0.4375 MB /   0.10 sec =   36.7038 Mbps     0 retrans    400 KB-cwnd
    0.4375 MB /   0.10 sec =   36.6694 Mbps     0 retrans    400 KB-cwnd
    0.5625 MB /   0.10 sec =   47.2256 Mbps     0 retrans    400 KB-cwnd
    0.4375 MB /   0.10 sec =   36.6914 Mbps     0 retrans    400 KB-cwnd
    0.5000 MB /   0.10 sec =   41.9544 Mbps     0 retrans    400 KB-cwnd
    0.5000 MB /   0.10 sec =   41.9254 Mbps     0 retrans    400 KB-cwnd
    0.5000 MB /   0.10 sec =   41.9405 Mbps     0 retrans    400 KB-cwnd
    0.3750 MB /   0.10 sec =   31.4359 Mbps     0 retrans    400 KB-cwnd
    0.5000 MB /   0.10 sec =   41.9477 Mbps     0 retrans    400 KB-cwnd
    0.5000 MB /   0.10 sec =   41.9808 Mbps     0 retrans    400 KB-cwnd
    0.5000 MB /   0.10 sec =   41.9464 Mbps     0 retrans    400 KB-cwnd
    0.5000 MB /   0.10 sec =   41.9472 Mbps     0 retrans    400 KB-cwnd
    0.4375 MB /   0.10 sec =   36.6994 Mbps     0 retrans    400 KB-cwnd
    0.5000 MB /   0.10 sec =   41.9326 Mbps     0 retrans    400 KB-cwnd
    0.5000 MB /   0.10 sec =   41.9418 Mbps     0 retrans    400 KB-cwnd
    0.5000 MB /   0.10 sec =   41.9481 Mbps     0 retrans    400 KB-cwnd
    0.4375 MB /   0.10 sec =   36.7060 Mbps     0 retrans    400 KB-cwnd
    0.4375 MB /   0.10 sec =   36.6950 Mbps     0 retrans    400 KB-cwnd
    0.5000 MB /   0.10 sec =   41.9388 Mbps     0 retrans    400 KB-cwnd
    0.4375 MB /   0.10 sec =   36.6972 Mbps     0 retrans    400 KB-cwnd
    0.5000 MB /   0.10 sec =   41.9581 Mbps     0 retrans    400 KB-cwnd
    0.5000 MB /   0.10 sec =   41.9393 Mbps     0 retrans    400 KB-cwnd
    0.4375 MB /   0.10 sec =   36.6936 Mbps     0 retrans    400 KB-cwnd
    0.4375 MB /   0.10 sec =   36.6921 Mbps     0 retrans    400 KB-cwnd
    0.5000 MB /   0.10 sec =   41.9510 Mbps     0 retrans    400 KB-cwnd
    0.4375 MB /   0.10 sec =   36.7104 Mbps     0 retrans    400 KB-cwnd
    0.4375 MB /   0.10 sec =   36.6339 Mbps     0 retrans    400 KB-cwnd
    0.5000 MB /   0.10 sec =   42.0107 Mbps     0 retrans    400 KB-cwnd
    0.5000 MB /   0.10 sec =   41.9409 Mbps     0 retrans    400 KB-cwnd
    0.3750 MB /   0.10 sec =   31.4589 Mbps     0 retrans    400 KB-cwnd
    0.4375 MB /   0.10 sec =   36.6987 Mbps     0 retrans    400 KB-cwnd
    0.5000 MB /   0.10 sec =   41.9430 Mbps     0 retrans    400 KB-cwnd
    0.4375 MB /   0.10 sec =   36.7009 Mbps     0 retrans    400 KB-cwnd
    0.4375 MB /   0.10 sec =   36.7075 Mbps     0 retrans    400 KB-cwnd
    0.5000 MB /   0.10 sec =   41.9367 Mbps     0 retrans    400 KB-cwnd
    0.4375 MB /   0.10 sec =   36.7027 Mbps     0 retrans    400 KB-cwnd
    0.5000 MB /   0.10 sec =   41.9321 Mbps     0 retrans    400 KB-cwnd
    0.4375 MB /   0.10 sec =   36.6947 Mbps     0 retrans    400 KB-cwnd
    0.5625 MB /   0.10 sec =   47.2006 Mbps     0 retrans    400 KB-cwnd
    0.3750 MB /   0.10 sec =   31.4469 Mbps     0 retrans    400 KB-cwnd
    0.5000 MB /   0.10 sec =   41.9611 Mbps     0 retrans    400 KB-cwnd
    0.4375 MB /   0.10 sec =   36.6921 Mbps     0 retrans    400 KB-cwnd
    0.5000 MB /   0.10 sec =   41.9560 Mbps     0 retrans    400 KB-cwnd
    0.4375 MB /   0.10 sec =   36.6950 Mbps     0 retrans    400 KB-cwnd
    0.4375 MB /   0.10 sec =   36.6947 Mbps     0 retrans    400 KB-cwnd
    0.5000 MB /   0.10 sec =   41.9556 Mbps     0 retrans    400 KB-cwnd
    0.5000 MB /   0.10 sec =   41.9418 Mbps     0 retrans    400 KB-cwnd
    0.4375 MB /   0.10 sec =   36.6983 Mbps     0 retrans    400 KB-cwnd
    0.4375 MB /   0.10 sec =   36.7013 Mbps     0 retrans    400 KB-cwnd
    0.3750 MB /   0.10 sec =   31.4554 Mbps     0 retrans    400 KB-cwnd
    0.4375 MB /   0.10 sec =   36.6994 Mbps     0 retrans    400 KB-cwnd
    0.5000 MB /   0.10 sec =   41.9485 Mbps     0 retrans    400 KB-cwnd
    0.5000 MB /   0.10 sec =   41.9372 Mbps     0 retrans    400 KB-cwnd
    0.4375 MB /   0.10 sec =   36.7013 Mbps     0 retrans    400 KB-cwnd
    0.4375 MB /   0.10 sec =   36.6859 Mbps     0 retrans    400 KB-cwnd
    0.5000 MB /   0.10 sec =   41.9607 Mbps     0 retrans    400 KB-cwnd
    0.4375 MB /   0.10 sec =   36.7031 Mbps     0 retrans    400 KB-cwnd
    0.5000 MB /   0.10 sec =   41.9359 Mbps     0 retrans    400 KB-cwnd
    0.4375 MB /   0.10 sec =   36.6980 Mbps     0 retrans    400 KB-cwnd
    0.5000 MB /   0.10 sec =   41.9489 Mbps     0 retrans    400 KB-cwnd
    0.4375 MB /   0.10 sec =   36.6620 Mbps     0 retrans    400 KB-cwnd
    0.5000 MB /   0.10 sec =   41.9741 Mbps     0 retrans    400 KB-cwnd
    0.5000 MB /   0.10 sec =   41.9594 Mbps     0 retrans    400 KB-cwnd
    0.5000 MB /   0.10 sec =   41.9342 Mbps     0 retrans    400 KB-cwnd
    0.4375 MB /   0.10 sec =   36.6932 Mbps     0 retrans    400 KB-cwnd
    0.5000 MB /   0.10 sec =   41.9539 Mbps     0 retrans    400 KB-cwnd
    0.4375 MB /   0.10 sec =   36.6855 Mbps     0 retrans    400 KB-cwnd
    0.4375 MB /   0.10 sec =   36.7189 Mbps     0 retrans    400 KB-cwnd
    0.4375 MB /   0.10 sec =   36.6903 Mbps     0 retrans    400 KB-cwnd
    0.5000 MB /   0.10 sec =   41.9556 Mbps     0 retrans    400 KB-cwnd
    0.4375 MB /   0.10 sec =   36.6859 Mbps     0 retrans    400 KB-cwnd
    0.5000 MB /   0.10 sec =   41.9296 Mbps     0 retrans    400 KB-cwnd
    0.5000 MB /   0.10 sec =   41.9724 Mbps     0 retrans    400 KB-cwnd
    0.3750 MB /   0.10 sec =   31.4438 Mbps     0 retrans    400 KB-cwnd
    0.5000 MB /   0.10 sec =   41.9007 Mbps     0 retrans    400 KB-cwnd
    0.4375 MB /   0.10 sec =   36.7535 Mbps     0 retrans    400 KB-cwnd
    0.4375 MB /   0.10 sec =   36.6547 Mbps     0 retrans    400 KB-cwnd
    0.4375 MB /   0.10 sec =   36.7295 Mbps     0 retrans    400 KB-cwnd
    0.4375 MB /   0.10 sec =   36.7156 Mbps     0 retrans    400 KB-cwnd
    0.4375 MB /   0.10 sec =   36.6958 Mbps     0 retrans    400 KB-cwnd
    0.4375 MB /   0.10 sec =   36.7009 Mbps     0 retrans    400 KB-cwnd
    0.3750 MB /   0.10 sec =   31.4507 Mbps     0 retrans    400 KB-cwnd
    0.5000 MB /   0.10 sec =   41.9263 Mbps     0 retrans    400 KB-cwnd
    0.5000 MB /   0.10 sec =   41.9418 Mbps     0 retrans    400 KB-cwnd
    0.5000 MB /   0.10 sec =   41.9749 Mbps     0 retrans    400 KB-cwnd
    0.4375 MB /   0.10 sec =   36.6965 Mbps     0 retrans    400 KB-cwnd
    0.4375 MB /   0.10 sec =   36.6903 Mbps     0 retrans    400 KB-cwnd
    0.5000 MB /   0.10 sec =   41.9535 Mbps     0 retrans    400 KB-cwnd
    0.4375 MB /   0.10 sec =   36.7042 Mbps     0 retrans    400 KB-cwnd
    0.4375 MB /   0.10 sec =   36.6620 Mbps     0 retrans    400 KB-cwnd
    0.4375 MB /   0.10 sec =   36.7262 Mbps     0 retrans    400 KB-cwnd
    0.4375 MB /   0.10 sec =   36.6811 Mbps     0 retrans    400 KB-cwnd
    0.5625 MB /   0.10 sec =   47.2265 Mbps     0 retrans    400 KB-cwnd
    0.4375 MB /   0.10 sec =   36.6958 Mbps     0 retrans    400 KB-cwnd
    0.5000 MB /   0.10 sec =   41.9481 Mbps     0 retrans    400 KB-cwnd
    0.4375 MB /   0.10 sec =   36.6994 Mbps     0 retrans    400 KB-cwnd
    0.4375 MB /   0.10 sec =   36.6859 Mbps     0 retrans    400 KB-cwnd
    0.4375 MB /   0.10 sec =   36.6357 Mbps     0 retrans    400 KB-cwnd
    0.4375 MB /   0.10 sec =   36.7685 Mbps     0 retrans    400 KB-cwnd
    0.4375 MB /   0.10 sec =   36.6921 Mbps     0 retrans    400 KB-cwnd
    0.5000 MB /   0.10 sec =   41.9594 Mbps     0 retrans    400 KB-cwnd
    0.4375 MB /   0.10 sec =   36.5550 Mbps     0 retrans    400 KB-cwnd
    0.5000 MB /   0.10 sec =   42.1144 Mbps     0 retrans    400 KB-cwnd
    0.5000 MB /   0.10 sec =   41.7352 Mbps     0 retrans    400 KB-cwnd
    0.4375 MB /   0.10 sec =   36.8761 Mbps     0 retrans    400 KB-cwnd
    0.5000 MB /   0.10 sec =   41.9426 Mbps     0 retrans    400 KB-cwnd
    0.4375 MB /   0.10 sec =   36.7082 Mbps     0 retrans    400 KB-cwnd
    0.4375 MB /   0.10 sec =   36.6811 Mbps     0 retrans    400 KB-cwnd
    0.5000 MB /   0.10 sec =   41.9565 Mbps     0 retrans    400 KB-cwnd
    0.5000 MB /   0.10 sec =   41.9489 Mbps     0 retrans    400 KB-cwnd
    0.4375 MB /   0.10 sec =   36.7013 Mbps     0 retrans    400 KB-cwnd
    0.5000 MB /   0.10 sec =   41.9409 Mbps     0 retrans    400 KB-cwnd
    0.5000 MB /   0.10 sec =   41.9166 Mbps     0 retrans    400 KB-cwnd
    0.5000 MB /   0.10 sec =   41.9649 Mbps     0 retrans    400 KB-cwnd
    0.5000 MB /   0.10 sec =   41.9263 Mbps     0 retrans    400 KB-cwnd
    0.4375 MB /   0.10 sec =   36.6862 Mbps     0 retrans    400 KB-cwnd
    0.5000 MB /   0.10 sec =   41.9842 Mbps     0 retrans    400 KB-cwnd
    0.5000 MB /   0.10 sec =   41.9376 Mbps     0 retrans    400 KB-cwnd
    0.5000 MB /   0.10 sec =   41.9363 Mbps     0 retrans    400 KB-cwnd
    0.4375 MB /   0.10 sec =   36.7042 Mbps     0 retrans    400 KB-cwnd
    0.5000 MB /   0.10 sec =   41.9321 Mbps     0 retrans    400 KB-cwnd
    0.2500 MB /   0.10 sec =   20.9711 Mbps     0 retrans    400 KB-cwnd
    0.3750 MB /   0.10 sec =   31.3936 Mbps     0 retrans    402 KB-cwnd
    0.5000 MB /   0.10 sec =   42.0406 Mbps     0 retrans    402 KB-cwnd
    0.5000 MB /   0.10 sec =   41.9481 Mbps     0 retrans    402 KB-cwnd
    0.5000 MB /   0.10 sec =   41.9338 Mbps     0 retrans    402 KB-cwnd
    0.4375 MB /   0.10 sec =   36.7024 Mbps     0 retrans    402 KB-cwnd
    0.4375 MB /   0.10 sec =   36.6738 Mbps     0 retrans    402 KB-cwnd
    0.5000 MB /   0.10 sec =   41.9686 Mbps     0 retrans    402 KB-cwnd
    0.5625 MB /   0.10 sec =   47.1869 Mbps     0 retrans    402 KB-cwnd
    0.4375 MB /   0.10 sec =   36.6888 Mbps     0 retrans    402 KB-cwnd
    0.5000 MB /   0.10 sec =   41.9653 Mbps     0 retrans    402 KB-cwnd
    0.5000 MB /   0.10 sec =   41.9456 Mbps     0 retrans    402 KB-cwnd
    0.5000 MB /   0.10 sec =   41.9313 Mbps     0 retrans    402 KB-cwnd
nuttcp-t: 167.3351 MB in 30.00 real seconds = 5711.67 KB/sec = 46.7900 Mbps
nuttcp-t: retrans = 0 cwnd = 402 KB
nuttcp-t: 2678 I/O calls, msec/call = 11.47, calls/sec = 89.27
nuttcp-t: 0.0user 0.0sys 0:30real 0% 0i+0d 1306maxrss 0+1pf 14+8csw

nuttcp-r: 167.3351 MB in 36.26 real seconds = 4725.57 KB/sec = 38.7119 Mbps
nuttcp-r: 15987 I/O calls, msec/call = 2.32, calls/sec = 440.89
nuttcp-r: 0.0user 0.5sys 0:36real 1% 0i+0d 98maxrss 0+15pf 13015+13csw
