1660072846571
nuttcp-t: v8.1.4: socket
nuttcp-t: buflen=65536, nstream=1, port=5005 tcp -> 54.176.53.206
nuttcp-t: time limit = 30.00 seconds
nuttcp-t: connect to 54.176.53.206 with mss=1384, RTT=65.650 ms af=inet
nuttcp-t: send window size = 33554432, receive window size = 4194304
nuttcp-t: available send window = 25165824, available receive window = 3145728
nuttcp-t: initial congestion window = 13 KB (10 packets)
nuttcp-r: Warning: receive window size 25000000 < requested window size 26214400
nuttcp-r: v6.1.2: socket
nuttcp-r: buflen=65536, nstream=1, port=5005 tcp
nuttcp-r: interval reporting every 0.10 seconds
nuttcp-r: accept from 172.58.77.103
nuttcp-r: send window size = 25000000, receive window size = 50000000
nuttcp-r: available send window = 12500000, available receive window = 25000000
    0.0000 MB /   0.10 sec =    0.0000 Mbps     0 retrans   1570 KB-cwnd
    0.0000 MB /   0.10 sec =    0.0000 Mbps     0 retrans   1570 KB-cwnd
    0.0625 MB /   0.10 sec =    5.2416 Mbps     0 retrans   1570 KB-cwnd
    0.1875 MB /   0.10 sec =   15.7395 Mbps     0 retrans   1570 KB-cwnd
    0.1875 MB /   0.10 sec =   15.7238 Mbps     0 retrans   1570 KB-cwnd
    0.3125 MB /   0.10 sec =   26.2228 Mbps     0 retrans   1570 KB-cwnd
    0.1875 MB /   0.10 sec =   15.7291 Mbps     0 retrans   1570 KB-cwnd
    0.3125 MB /   0.10 sec =   26.2131 Mbps     0 retrans   1570 KB-cwnd
    0.1875 MB /   0.10 sec =   15.7268 Mbps     0 retrans   1570 KB-cwnd
    0.3125 MB /   0.10 sec =   26.2160 Mbps     0 retrans   1570 KB-cwnd
    0.1875 MB /   0.10 sec =   15.7272 Mbps     0 retrans   1570 KB-cwnd
    0.2500 MB /   0.10 sec =   20.9761 Mbps     0 retrans   1570 KB-cwnd
    0.2500 MB /   0.10 sec =   20.9636 Mbps     0 retrans   1570 KB-cwnd
    0.3125 MB /   0.10 sec =   26.2241 Mbps     0 retrans   1570 KB-cwnd
    0.1875 MB /   0.10 sec =   15.7219 Mbps     0 retrans   1570 KB-cwnd
    0.4375 MB /   0.10 sec =   36.7167 Mbps     0 retrans   1570 KB-cwnd
    0.2500 MB /   0.10 sec =   20.9680 Mbps     0 retrans   1570 KB-cwnd
    0.3125 MB /   0.10 sec =   26.2147 Mbps     0 retrans   1570 KB-cwnd
    0.3125 MB /   0.10 sec =   26.2113 Mbps     0 retrans   1570 KB-cwnd
    0.4375 MB /   0.10 sec =   36.7053 Mbps     0 retrans   1570 KB-cwnd
    0.3750 MB /   0.10 sec =   31.4595 Mbps     0 retrans   1570 KB-cwnd
    0.3750 MB /   0.10 sec =   31.4589 Mbps     0 retrans   1570 KB-cwnd
    0.3750 MB /   0.10 sec =   31.4579 Mbps     0 retrans   1570 KB-cwnd
    0.3750 MB /   0.10 sec =   31.4529 Mbps     0 retrans   1570 KB-cwnd
    0.4375 MB /   0.10 sec =   36.7027 Mbps     0 retrans   1570 KB-cwnd
    0.3750 MB /   0.10 sec =   31.4516 Mbps     0 retrans   1570 KB-cwnd
    0.3750 MB /   0.10 sec =   31.4614 Mbps     0 retrans   1570 KB-cwnd
    0.4375 MB /   0.10 sec =   36.7031 Mbps     0 retrans   1570 KB-cwnd
    0.3750 MB /   0.10 sec =   31.4585 Mbps     0 retrans   1570 KB-cwnd
    0.4375 MB /   0.10 sec =   36.6991 Mbps     0 retrans   1570 KB-cwnd
    0.3125 MB /   0.10 sec =   26.2115 Mbps     0 retrans   1570 KB-cwnd
    0.1875 MB /   0.10 sec =   15.7301 Mbps     0 retrans   1570 KB-cwnd
    0.1250 MB /   0.10 sec =   10.4850 Mbps     0 retrans   1570 KB-cwnd
    0.4375 MB /   0.10 sec =   36.7024 Mbps     0 retrans   1570 KB-cwnd
    0.3750 MB /   0.10 sec =   31.4529 Mbps     0 retrans   1570 KB-cwnd
    0.3750 MB /   0.10 sec =   31.4636 Mbps     0 retrans   1570 KB-cwnd
    0.3750 MB /   0.10 sec =   31.4551 Mbps     0 retrans   1570 KB-cwnd
    0.2500 MB /   0.10 sec =   20.9470 Mbps     0 retrans   1570 KB-cwnd
    0.3750 MB /   0.10 sec =   31.4941 Mbps     0 retrans   1570 KB-cwnd
    0.3750 MB /   0.10 sec =   31.4582 Mbps     0 retrans   1570 KB-cwnd
    0.3750 MB /   0.10 sec =   31.4576 Mbps     0 retrans   1570 KB-cwnd
    0.3750 MB /   0.10 sec =   31.4579 Mbps     0 retrans   1570 KB-cwnd
    0.3750 MB /   0.10 sec =   31.4039 Mbps     0 retrans   1570 KB-cwnd
    0.3750 MB /   0.10 sec =   31.5096 Mbps     0 retrans   1570 KB-cwnd
    0.3125 MB /   0.10 sec =   26.2123 Mbps     0 retrans   1570 KB-cwnd
    0.3750 MB /   0.10 sec =   31.4607 Mbps     0 retrans   1570 KB-cwnd
    0.3750 MB /   0.10 sec =   31.4544 Mbps     0 retrans   1570 KB-cwnd
    0.3750 MB /   0.10 sec =   31.4598 Mbps     0 retrans   1570 KB-cwnd
    0.2500 MB /   0.10 sec =   20.9701 Mbps     0 retrans   1570 KB-cwnd
    0.4375 MB /   0.10 sec =   36.7002 Mbps     0 retrans   1570 KB-cwnd
    0.3750 MB /   0.10 sec =   31.4598 Mbps     0 retrans   1570 KB-cwnd
    0.3125 MB /   0.10 sec =   26.2144 Mbps     0 retrans   1570 KB-cwnd
    0.3125 MB /   0.10 sec =   26.2141 Mbps     0 retrans   1570 KB-cwnd
    0.3750 MB /   0.10 sec =   31.4576 Mbps     0 retrans   1570 KB-cwnd
    0.3125 MB /   0.10 sec =   26.2144 Mbps     0 retrans   1570 KB-cwnd
    0.3750 MB /   0.10 sec =   31.4579 Mbps     0 retrans   1570 KB-cwnd
    0.3125 MB /   0.10 sec =   26.2115 Mbps     0 retrans   1570 KB-cwnd
    0.3750 MB /   0.10 sec =   31.4560 Mbps     0 retrans   1570 KB-cwnd
    0.3750 MB /   0.10 sec =   31.4595 Mbps     0 retrans   1570 KB-cwnd
    0.3750 MB /   0.10 sec =   31.4522 Mbps     0 retrans   1570 KB-cwnd
    0.4375 MB /   0.10 sec =   36.7027 Mbps     0 retrans   1570 KB-cwnd
    0.3125 MB /   0.10 sec =   26.2102 Mbps     0 retrans   1570 KB-cwnd
    0.5000 MB /   0.10 sec =   41.9456 Mbps     0 retrans   1570 KB-cwnd
    0.3750 MB /   0.10 sec =   31.4607 Mbps     0 retrans   1619 KB-cwnd
    0.3750 MB /   0.10 sec =   31.4573 Mbps     0 retrans   1619 KB-cwnd
    0.3125 MB /   0.10 sec =   26.2034 Mbps     0 retrans   1619 KB-cwnd
    0.3125 MB /   0.10 sec =   26.2257 Mbps     0 retrans   1619 KB-cwnd
    0.3750 MB /   0.10 sec =   31.4507 Mbps     0 retrans   1619 KB-cwnd
    0.3125 MB /   0.10 sec =   26.2241 Mbps     0 retrans   1619 KB-cwnd
    0.3125 MB /   0.10 sec =   26.2144 Mbps     0 retrans   1619 KB-cwnd
    0.2500 MB /   0.10 sec =   20.9711 Mbps     0 retrans   1619 KB-cwnd
    0.3750 MB /   0.10 sec =   31.4551 Mbps     0 retrans   1619 KB-cwnd
    0.3125 MB /   0.10 sec =   26.1746 Mbps     0 retrans   1619 KB-cwnd
    0.3750 MB /   0.10 sec =   31.4998 Mbps     0 retrans   1619 KB-cwnd
    0.3750 MB /   0.10 sec =   31.4614 Mbps     0 retrans   1619 KB-cwnd
    0.3750 MB /   0.10 sec =   31.4557 Mbps     0 retrans   1619 KB-cwnd
    0.3125 MB /   0.10 sec =   26.2154 Mbps     0 retrans   1619 KB-cwnd
    0.4375 MB /   0.10 sec =   36.7002 Mbps     0 retrans   1619 KB-cwnd
    0.3750 MB /   0.10 sec =   31.4532 Mbps     0 retrans   1619 KB-cwnd
    0.3750 MB /   0.10 sec =   31.4585 Mbps     0 retrans   1619 KB-cwnd
    0.3125 MB /   0.10 sec =   26.2165 Mbps     0 retrans   1619 KB-cwnd
    0.4375 MB /   0.10 sec =   36.7046 Mbps     0 retrans   1619 KB-cwnd
    0.3750 MB /   0.10 sec =   31.4516 Mbps     0 retrans   1619 KB-cwnd
    0.3750 MB /   0.10 sec =   31.4604 Mbps     0 retrans   1619 KB-cwnd
    0.3750 MB /   0.10 sec =   31.4585 Mbps     0 retrans   1619 KB-cwnd
    0.3750 MB /   0.10 sec =   31.4469 Mbps     0 retrans   1619 KB-cwnd
    0.4375 MB /   0.10 sec =   36.7152 Mbps     0 retrans   1619 KB-cwnd
    0.3125 MB /   0.10 sec =   26.2139 Mbps     0 retrans   1619 KB-cwnd
    0.3750 MB /   0.10 sec =   31.4570 Mbps     0 retrans   1619 KB-cwnd
    0.3125 MB /   0.10 sec =   26.2089 Mbps     0 retrans   1619 KB-cwnd
    0.4375 MB /   0.10 sec =   36.7024 Mbps     0 retrans   2485 KB-cwnd
    0.3125 MB /   0.10 sec =   26.2157 Mbps     0 retrans   2485 KB-cwnd
    0.4375 MB /   0.10 sec =   36.7016 Mbps     0 retrans   2485 KB-cwnd
    0.3750 MB /   0.10 sec =   31.4595 Mbps     0 retrans   2485 KB-cwnd
    0.3750 MB /   0.10 sec =   31.4579 Mbps     0 retrans   2485 KB-cwnd
    0.3750 MB /   0.10 sec =   31.4563 Mbps     0 retrans   2485 KB-cwnd
    0.4375 MB /   0.10 sec =   36.7005 Mbps     0 retrans   2485 KB-cwnd
    0.0000 MB /   0.10 sec =    0.0000 Mbps     0 retrans   2485 KB-cwnd
    0.6250 MB /   0.10 sec =   52.4535 Mbps     0 retrans   2485 KB-cwnd
    0.4375 MB /   0.10 sec =   36.6987 Mbps     0 retrans   2485 KB-cwnd
    0.3125 MB /   0.10 sec =   26.2065 Mbps     0 retrans   2485 KB-cwnd
    0.4375 MB /   0.10 sec =   36.7134 Mbps     0 retrans   2485 KB-cwnd
    0.4375 MB /   0.10 sec =   36.6965 Mbps     0 retrans   2485 KB-cwnd
    0.4375 MB /   0.10 sec =   36.7009 Mbps     0 retrans   2485 KB-cwnd
    0.3750 MB /   0.10 sec =   31.4513 Mbps     0 retrans   2485 KB-cwnd
    0.4375 MB /   0.10 sec =   36.6903 Mbps     0 retrans   2485 KB-cwnd
    0.3750 MB /   0.10 sec =   31.4721 Mbps     0 retrans   2485 KB-cwnd
    0.4375 MB /   0.10 sec =   36.6580 Mbps     0 retrans   2485 KB-cwnd
    0.4375 MB /   0.10 sec =   36.7387 Mbps     0 retrans   2485 KB-cwnd
    0.4375 MB /   0.10 sec =   36.7031 Mbps     0 retrans   2485 KB-cwnd
    0.4375 MB /   0.10 sec =   36.7027 Mbps     0 retrans   2485 KB-cwnd
    0.3750 MB /   0.10 sec =   31.4529 Mbps     0 retrans   2485 KB-cwnd
    0.4375 MB /   0.10 sec =   36.6617 Mbps     0 retrans   2485 KB-cwnd
    0.3750 MB /   0.10 sec =   31.4878 Mbps     0 retrans   2485 KB-cwnd
    0.4375 MB /   0.10 sec =   36.7093 Mbps     0 retrans   2485 KB-cwnd
    0.4375 MB /   0.10 sec =   36.6983 Mbps     0 retrans   2485 KB-cwnd
    0.3750 MB /   0.10 sec =   31.4516 Mbps     0 retrans   2485 KB-cwnd
    0.4375 MB /   0.10 sec =   36.6617 Mbps     0 retrans   2485 KB-cwnd
    0.4375 MB /   0.10 sec =   36.7465 Mbps     0 retrans   2485 KB-cwnd
    0.4375 MB /   0.10 sec =   36.6958 Mbps     0 retrans   2485 KB-cwnd
    0.3750 MB /   0.10 sec =   31.4570 Mbps     0 retrans   2485 KB-cwnd
    0.4375 MB /   0.10 sec =   36.7009 Mbps     0 retrans   2485 KB-cwnd
    0.3750 MB /   0.10 sec =   31.4560 Mbps     0 retrans   2485 KB-cwnd
    0.3750 MB /   0.10 sec =   31.4582 Mbps     0 retrans   2485 KB-cwnd
    0.4375 MB /   0.10 sec =   36.7038 Mbps     0 retrans   2485 KB-cwnd
    0.3750 MB /   0.10 sec =   31.4570 Mbps     0 retrans   2485 KB-cwnd
    0.3750 MB /   0.10 sec =   31.4551 Mbps     0 retrans   2485 KB-cwnd
    0.3750 MB /   0.10 sec =   31.4579 Mbps     0 retrans   2485 KB-cwnd
    0.3750 MB /   0.10 sec =   31.4595 Mbps     0 retrans   2485 KB-cwnd
    0.4375 MB /   0.10 sec =   36.6862 Mbps     0 retrans   2485 KB-cwnd
    0.3750 MB /   0.10 sec =   31.4636 Mbps     0 retrans   2485 KB-cwnd
    0.3750 MB /   0.10 sec =   31.4567 Mbps     0 retrans   2485 KB-cwnd
    0.4375 MB /   0.10 sec =   36.6412 Mbps     0 retrans   2485 KB-cwnd
    0.4375 MB /   0.10 sec =   36.7638 Mbps     0 retrans   2485 KB-cwnd
    0.3125 MB /   0.10 sec =   26.2136 Mbps     0 retrans   2485 KB-cwnd
    0.4375 MB /   0.10 sec =   36.7042 Mbps     0 retrans   2485 KB-cwnd
    0.3750 MB /   0.10 sec =   31.4535 Mbps     0 retrans   2485 KB-cwnd
    0.3750 MB /   0.10 sec =   31.4589 Mbps     0 retrans   2485 KB-cwnd
    0.3750 MB /   0.10 sec =   31.4551 Mbps     0 retrans   2485 KB-cwnd
    0.4375 MB /   0.10 sec =   36.6994 Mbps     0 retrans   2485 KB-cwnd
    0.3750 MB /   0.10 sec =   31.4560 Mbps     0 retrans   2485 KB-cwnd
    0.3750 MB /   0.10 sec =   31.4554 Mbps     0 retrans   2485 KB-cwnd
    0.3750 MB /   0.10 sec =   31.4567 Mbps     0 retrans   2485 KB-cwnd
    0.3750 MB /   0.10 sec =   31.4655 Mbps     0 retrans   2485 KB-cwnd
    0.3750 MB /   0.10 sec =   31.4513 Mbps     0 retrans   2485 KB-cwnd
    0.3125 MB /   0.10 sec =   26.1626 Mbps     0 retrans   2485 KB-cwnd
    0.3750 MB /   0.10 sec =   31.5238 Mbps     0 retrans   2485 KB-cwnd
    0.3125 MB /   0.10 sec =   26.2126 Mbps     0 retrans   2485 KB-cwnd
    0.3125 MB /   0.10 sec =   26.2154 Mbps     0 retrans   2485 KB-cwnd
    0.3750 MB /   0.10 sec =   31.4582 Mbps     0 retrans   2485 KB-cwnd
    0.3125 MB /   0.10 sec =   26.2113 Mbps     0 retrans   2485 KB-cwnd
    0.4375 MB /   0.10 sec =   36.7013 Mbps     0 retrans   2485 KB-cwnd
    0.3125 MB /   0.10 sec =   26.2126 Mbps     0 retrans   2485 KB-cwnd
    0.3750 MB /   0.10 sec =   31.4582 Mbps     0 retrans   2485 KB-cwnd
    0.3750 MB /   0.10 sec =   31.4611 Mbps     0 retrans   2485 KB-cwnd
    0.3125 MB /   0.10 sec =   26.2157 Mbps     0 retrans   2485 KB-cwnd
    0.3750 MB /   0.10 sec =   31.4557 Mbps     0 retrans   2485 KB-cwnd
    0.3750 MB /   0.10 sec =   31.4522 Mbps     0 retrans   2485 KB-cwnd
    0.4375 MB /   0.10 sec =   36.7068 Mbps     0 retrans   2485 KB-cwnd
    0.3125 MB /   0.10 sec =   26.2170 Mbps     0 retrans   2485 KB-cwnd
    0.4375 MB /   0.10 sec =   36.6991 Mbps     0 retrans   2485 KB-cwnd
    0.3125 MB /   0.10 sec =   26.2102 Mbps     0 retrans   2485 KB-cwnd
    0.3125 MB /   0.10 sec =   26.1874 Mbps     0 retrans   2485 KB-cwnd
    0.3125 MB /   0.10 sec =   26.2459 Mbps     0 retrans   2485 KB-cwnd
    0.2500 MB /   0.10 sec =   20.9705 Mbps     0 retrans   2485 KB-cwnd
    0.3750 MB /   0.10 sec =   31.4560 Mbps     0 retrans   2485 KB-cwnd
    0.3750 MB /   0.10 sec =   31.4601 Mbps     0 retrans   2485 KB-cwnd
    0.0625 MB /   0.10 sec =    5.2358 Mbps     0 retrans   2485 KB-cwnd
    0.2500 MB /   0.10 sec =   20.9896 Mbps     0 retrans   2485 KB-cwnd
    0.2500 MB /   0.10 sec =   20.9797 Mbps     0 retrans   2485 KB-cwnd
    0.2500 MB /   0.10 sec =   20.9726 Mbps     0 retrans   2485 KB-cwnd
    0.2500 MB /   0.10 sec =   20.9688 Mbps     0 retrans   2485 KB-cwnd
    0.1875 MB /   0.10 sec =   15.7059 Mbps     0 retrans   2485 KB-cwnd
    0.2500 MB /   0.10 sec =   21.0045 Mbps     0 retrans   2485 KB-cwnd
    0.1875 MB /   0.10 sec =   15.7290 Mbps     0 retrans   2485 KB-cwnd
    0.1875 MB /   0.10 sec =   15.7285 Mbps     0 retrans   2485 KB-cwnd
    0.1875 MB /   0.10 sec =   15.7285 Mbps     0 retrans   2485 KB-cwnd
    0.1250 MB /   0.10 sec =   10.4695 Mbps     0 retrans   2485 KB-cwnd
    0.3750 MB /   0.10 sec =   31.5074 Mbps     0 retrans   2485 KB-cwnd
    0.3125 MB /   0.10 sec =   26.2110 Mbps     0 retrans   2485 KB-cwnd
    0.1875 MB /   0.10 sec =   15.7269 Mbps     0 retrans   2485 KB-cwnd
    0.2500 MB /   0.10 sec =   20.9738 Mbps     0 retrans   2485 KB-cwnd
    0.2500 MB /   0.10 sec =   20.9543 Mbps     0 retrans   2485 KB-cwnd
    0.3125 MB /   0.10 sec =   26.2396 Mbps     0 retrans   2485 KB-cwnd
    0.1250 MB /   0.10 sec =   10.4839 Mbps     0 retrans   2485 KB-cwnd
    0.2500 MB /   0.10 sec =   20.9665 Mbps     0 retrans   2485 KB-cwnd
    0.1875 MB /   0.10 sec =   15.7310 Mbps     0 retrans   2485 KB-cwnd
    0.2500 MB /   0.10 sec =   20.9495 Mbps     0 retrans   2485 KB-cwnd
    0.1250 MB /   0.10 sec =   10.4972 Mbps     0 retrans   2485 KB-cwnd
    0.3125 MB /   0.10 sec =   26.1574 Mbps     0 retrans   2485 KB-cwnd
    0.3750 MB /   0.10 sec =   31.5295 Mbps     0 retrans   2485 KB-cwnd
    0.3125 MB /   0.10 sec =   26.2152 Mbps     0 retrans   2485 KB-cwnd
    0.3125 MB /   0.10 sec =   26.2128 Mbps     0 retrans   2485 KB-cwnd
    0.3750 MB /   0.10 sec =   31.4620 Mbps     0 retrans   2485 KB-cwnd
    0.3125 MB /   0.10 sec =   26.2131 Mbps     0 retrans   2485 KB-cwnd
    0.1875 MB /   0.10 sec =   15.7266 Mbps     0 retrans   2485 KB-cwnd
    0.1875 MB /   0.10 sec =   15.7301 Mbps     0 retrans   2485 KB-cwnd
    0.3125 MB /   0.10 sec =   26.2170 Mbps     0 retrans   2485 KB-cwnd
    0.2500 MB /   0.10 sec =   20.9688 Mbps     0 retrans   2485 KB-cwnd
    0.3750 MB /   0.10 sec =   31.4617 Mbps     0 retrans   2485 KB-cwnd
    0.2500 MB /   0.10 sec =   20.9692 Mbps     0 retrans   2485 KB-cwnd
    0.1875 MB /   0.10 sec =   15.7279 Mbps     0 retrans   2485 KB-cwnd
    0.3125 MB /   0.10 sec =   26.2141 Mbps     0 retrans   2485 KB-cwnd
    0.2500 MB /   0.10 sec =   20.9726 Mbps     0 retrans   2485 KB-cwnd
    0.2500 MB /   0.10 sec =   20.9734 Mbps     0 retrans   2485 KB-cwnd
    0.2500 MB /   0.10 sec =   20.9711 Mbps     0 retrans   2485 KB-cwnd
    0.1875 MB /   0.10 sec =   15.7263 Mbps     0 retrans   2485 KB-cwnd
    0.3125 MB /   0.10 sec =   26.2183 Mbps     0 retrans   2485 KB-cwnd
    0.2500 MB /   0.10 sec =   20.9717 Mbps     0 retrans   2485 KB-cwnd
    0.1875 MB /   0.10 sec =   15.7238 Mbps     0 retrans   2485 KB-cwnd
    0.3125 MB /   0.10 sec =   26.2052 Mbps     0 retrans   2485 KB-cwnd
    0.2500 MB /   0.10 sec =   20.9833 Mbps     0 retrans   2485 KB-cwnd
    0.2500 MB /   0.10 sec =   20.9736 Mbps     0 retrans   2485 KB-cwnd
    0.3125 MB /   0.10 sec =   26.1759 Mbps     0 retrans   2485 KB-cwnd
    0.2500 MB /   0.10 sec =   21.0003 Mbps     0 retrans   2485 KB-cwnd
    0.2500 MB /   0.10 sec =   20.9721 Mbps     0 retrans   2485 KB-cwnd
    0.2500 MB /   0.10 sec =   20.9717 Mbps     0 retrans   2485 KB-cwnd
    0.2500 MB /   0.10 sec =   20.9698 Mbps     0 retrans   2485 KB-cwnd
    0.2500 MB /   0.10 sec =   20.9730 Mbps     0 retrans   2485 KB-cwnd
    0.2500 MB /   0.10 sec =   20.9707 Mbps     0 retrans   2485 KB-cwnd
    0.3125 MB /   0.10 sec =   26.2178 Mbps     0 retrans   2485 KB-cwnd
    0.2500 MB /   0.10 sec =   20.9682 Mbps     0 retrans   2485 KB-cwnd
    0.3125 MB /   0.10 sec =   26.2147 Mbps     0 retrans   2485 KB-cwnd
    0.2500 MB /   0.10 sec =   20.9709 Mbps     0 retrans   2485 KB-cwnd
    0.1875 MB /   0.10 sec =   15.7252 Mbps     0 retrans   2485 KB-cwnd
    0.3125 MB /   0.10 sec =   26.2212 Mbps     0 retrans   2485 KB-cwnd
    0.3125 MB /   0.10 sec =   26.2157 Mbps     0 retrans   2485 KB-cwnd
    0.2500 MB /   0.10 sec =   20.9407 Mbps     0 retrans   2485 KB-cwnd
    0.3125 MB /   0.10 sec =   26.2259 Mbps     0 retrans   2485 KB-cwnd
    0.1875 MB /   0.10 sec =   15.7455 Mbps     0 retrans   2485 KB-cwnd
    0.2500 MB /   0.10 sec =   20.9730 Mbps     0 retrans   2485 KB-cwnd
    0.2500 MB /   0.10 sec =   20.9692 Mbps     0 retrans   2485 KB-cwnd
    0.2500 MB /   0.10 sec =   20.9709 Mbps     0 retrans   2485 KB-cwnd
    0.3125 MB /   0.10 sec =   26.2165 Mbps     0 retrans   2485 KB-cwnd
    0.2500 MB /   0.10 sec =   20.9724 Mbps     0 retrans   2485 KB-cwnd
    0.1875 MB /   0.10 sec =   15.7268 Mbps     0 retrans   2485 KB-cwnd
    0.3125 MB /   0.10 sec =   26.2175 Mbps     0 retrans   2485 KB-cwnd
    0.2500 MB /   0.10 sec =   20.9600 Mbps     0 retrans   2485 KB-cwnd
    0.2500 MB /   0.10 sec =   20.9805 Mbps     0 retrans   2485 KB-cwnd
    0.2500 MB /   0.10 sec =   20.9545 Mbps     0 retrans   2485 KB-cwnd
    0.2500 MB /   0.10 sec =   20.9719 Mbps     0 retrans   2485 KB-cwnd
    0.3125 MB /   0.10 sec =   26.2378 Mbps     0 retrans   2485 KB-cwnd
    0.3125 MB /   0.10 sec =   26.1971 Mbps     0 retrans   2485 KB-cwnd
    0.2500 MB /   0.10 sec =   20.9795 Mbps     0 retrans   2485 KB-cwnd
    0.2500 MB /   0.10 sec =   20.9770 Mbps     0 retrans   2485 KB-cwnd
    0.3125 MB /   0.10 sec =   26.2149 Mbps     0 retrans   2485 KB-cwnd
    0.3125 MB /   0.10 sec =   26.2052 Mbps     0 retrans   2485 KB-cwnd
    0.3125 MB /   0.10 sec =   26.2141 Mbps     0 retrans   2485 KB-cwnd
    0.3125 MB /   0.10 sec =   26.2238 Mbps     0 retrans   2485 KB-cwnd
    0.3125 MB /   0.10 sec =   26.2120 Mbps     0 retrans   2485 KB-cwnd
    0.3750 MB /   0.10 sec =   31.4598 Mbps     0 retrans   2485 KB-cwnd
    0.3750 MB /   0.10 sec =   31.4585 Mbps     0 retrans   2485 KB-cwnd
    0.3125 MB /   0.10 sec =   26.2126 Mbps     0 retrans   2485 KB-cwnd
    0.3125 MB /   0.10 sec =   26.2139 Mbps     0 retrans   2485 KB-cwnd
    0.3750 MB /   0.10 sec =   31.4482 Mbps     0 retrans   2485 KB-cwnd
    0.3125 MB /   0.10 sec =   26.2196 Mbps     0 retrans   2485 KB-cwnd
    0.3750 MB /   0.10 sec =   31.4598 Mbps     0 retrans   2485 KB-cwnd
    0.3125 MB /   0.10 sec =   26.2068 Mbps     0 retrans   2485 KB-cwnd
    0.3750 MB /   0.10 sec =   31.4655 Mbps     0 retrans   2485 KB-cwnd
    0.3750 MB /   0.10 sec =   31.4582 Mbps     0 retrans   2485 KB-cwnd
    0.3750 MB /   0.10 sec =   31.4598 Mbps     0 retrans   2485 KB-cwnd
    0.3125 MB /   0.10 sec =   26.1961 Mbps     0 retrans   2485 KB-cwnd
    0.4375 MB /   0.10 sec =   36.7248 Mbps     0 retrans   2485 KB-cwnd
    0.3750 MB /   0.10 sec =   31.4592 Mbps     0 retrans   2485 KB-cwnd
    0.3125 MB /   0.10 sec =   26.2099 Mbps     0 retrans   2485 KB-cwnd
    0.3750 MB /   0.10 sec =   31.4579 Mbps     0 retrans   2485 KB-cwnd
    0.3750 MB /   0.10 sec =   31.4611 Mbps     0 retrans   2485 KB-cwnd
    0.3750 MB /   0.10 sec =   31.4532 Mbps     0 retrans   2485 KB-cwnd
    0.3750 MB /   0.10 sec =   31.4485 Mbps     0 retrans   2485 KB-cwnd
    0.2500 MB /   0.10 sec =   20.9780 Mbps     0 retrans   2485 KB-cwnd
    0.3125 MB /   0.10 sec =   26.2141 Mbps     0 retrans   2485 KB-cwnd
    0.2500 MB /   0.10 sec =   20.9745 Mbps     0 retrans   2485 KB-cwnd
    0.2500 MB /   0.10 sec =   20.9648 Mbps     0 retrans   2485 KB-cwnd
    0.3750 MB /   0.10 sec =   31.4645 Mbps     0 retrans   2485 KB-cwnd
    0.3750 MB /   0.10 sec =   31.4510 Mbps     0 retrans   2485 KB-cwnd
    0.3125 MB /   0.10 sec =   26.2202 Mbps     0 retrans   2485 KB-cwnd
    0.3125 MB /   0.10 sec =   26.2134 Mbps     0 retrans   2485 KB-cwnd
    0.3125 MB /   0.10 sec =   26.2152 Mbps     0 retrans   2485 KB-cwnd
    0.1875 MB /   0.10 sec =   15.7264 Mbps     0 retrans   2485 KB-cwnd
    0.1875 MB /   0.10 sec =   15.7304 Mbps     0 retrans   2485 KB-cwnd
    0.2500 MB /   0.10 sec =   20.9738 Mbps     0 retrans   2485 KB-cwnd
    0.1875 MB /   0.10 sec =   15.7285 Mbps     0 retrans   2485 KB-cwnd
    0.2500 MB /   0.10 sec =   20.9709 Mbps     0 retrans   2485 KB-cwnd
    0.1875 MB /   0.10 sec =   15.7290 Mbps     0 retrans   2485 KB-cwnd
    0.2500 MB /   0.10 sec =   20.9617 Mbps     0 retrans   2485 KB-cwnd
    0.2500 MB /   0.10 sec =   20.9766 Mbps     0 retrans   2485 KB-cwnd
    0.1875 MB /   0.10 sec =   15.7299 Mbps     0 retrans   2485 KB-cwnd
    0.2500 MB /   0.10 sec =   20.9730 Mbps     0 retrans   2485 KB-cwnd
    0.2500 MB /   0.10 sec =   20.9721 Mbps     0 retrans   2485 KB-cwnd
    0.2500 MB /   0.10 sec =   20.9732 Mbps     0 retrans   2485 KB-cwnd
    0.1875 MB /   0.10 sec =   15.7266 Mbps     0 retrans   2485 KB-cwnd
    0.3125 MB /   0.10 sec =   26.2144 Mbps     0 retrans   2485 KB-cwnd
    0.1875 MB /   0.10 sec =   15.7274 Mbps     0 retrans   2485 KB-cwnd
    0.2500 MB /   0.10 sec =   20.9627 Mbps     0 retrans   2485 KB-cwnd
    0.3125 MB /   0.10 sec =   26.2286 Mbps     0 retrans   2485 KB-cwnd
    0.1875 MB /   0.10 sec =   15.7294 Mbps     0 retrans   2485 KB-cwnd
    0.2500 MB /   0.10 sec =   20.9686 Mbps     0 retrans   2485 KB-cwnd
    0.2500 MB /   0.10 sec =   20.9721 Mbps     0 retrans   2485 KB-cwnd
    0.2500 MB /   0.10 sec =   20.9726 Mbps     0 retrans   2485 KB-cwnd
    0.2500 MB /   0.10 sec =   20.9709 Mbps     0 retrans   2485 KB-cwnd
    0.3125 MB /   0.10 sec =   26.2120 Mbps     0 retrans   2485 KB-cwnd
    0.2500 MB /   0.10 sec =   20.9721 Mbps     0 retrans   2485 KB-cwnd
    0.3125 MB /   0.10 sec =   26.2191 Mbps     0 retrans   2485 KB-cwnd
    0.2500 MB /   0.10 sec =   20.9661 Mbps     0 retrans   2485 KB-cwnd
    0.3125 MB /   0.10 sec =   26.2210 Mbps     0 retrans   2485 KB-cwnd
    0.4375 MB /   0.10 sec =   36.6972 Mbps     0 retrans   2485 KB-cwnd
    0.3125 MB /   0.10 sec =   26.2141 Mbps     0 retrans   2485 KB-cwnd
    0.3750 MB /   0.10 sec =   31.4563 Mbps     0 retrans   2485 KB-cwnd
    0.3750 MB /   0.10 sec =   31.4526 Mbps     0 retrans   2485 KB-cwnd
    0.3125 MB /   0.10 sec =   26.2181 Mbps     0 retrans   2485 KB-cwnd
    0.3125 MB /   0.10 sec =   26.2144 Mbps     0 retrans   2485 KB-cwnd
    0.3750 MB /   0.10 sec =   31.4573 Mbps     0 retrans   2485 KB-cwnd
    0.3750 MB /   0.10 sec =   31.4570 Mbps     0 retrans   2485 KB-cwnd
    0.3750 MB /   0.10 sec =   31.4208 Mbps     0 retrans   2485 KB-cwnd
    0.3125 MB /   0.10 sec =   26.2446 Mbps     0 retrans   2485 KB-cwnd
    0.3750 MB /   0.10 sec =   31.4614 Mbps     0 retrans   2485 KB-cwnd
    0.3750 MB /   0.10 sec =   31.4576 Mbps     0 retrans   2485 KB-cwnd
    0.3125 MB /   0.10 sec =   26.2094 Mbps     0 retrans   2485 KB-cwnd
    0.3750 MB /   0.10 sec =   31.4633 Mbps     0 retrans   2485 KB-cwnd
    0.2500 MB /   0.10 sec =   20.9692 Mbps     0 retrans   2485 KB-cwnd
    0.3125 MB /   0.10 sec =   26.2136 Mbps     0 retrans   2485 KB-cwnd
    0.3750 MB /   0.10 sec =   31.4554 Mbps     0 retrans   2485 KB-cwnd
    0.2500 MB /   0.10 sec =   20.9705 Mbps     0 retrans   2485 KB-cwnd
    0.3125 MB /   0.10 sec =   26.2078 Mbps     0 retrans   2485 KB-cwnd
    0.3125 MB /   0.10 sec =   26.2275 Mbps     0 retrans   2485 KB-cwnd
    0.3750 MB /   0.10 sec =   31.4045 Mbps     0 retrans   2485 KB-cwnd
    0.3125 MB /   0.10 sec =   26.2538 Mbps     0 retrans   2485 KB-cwnd
    0.3125 MB /   0.10 sec =   26.2191 Mbps     0 retrans   2485 KB-cwnd
    0.3125 MB /   0.10 sec =   26.2141 Mbps     0 retrans   2485 KB-cwnd
    0.3750 MB /   0.10 sec =   31.4544 Mbps     0 retrans   2485 KB-cwnd
    0.2500 MB /   0.10 sec =   20.9742 Mbps     0 retrans   2485 KB-cwnd
    0.3750 MB /   0.10 sec =   31.4560 Mbps     0 retrans   2485 KB-cwnd
    0.2500 MB /   0.10 sec =   20.9696 Mbps     0 retrans   2485 KB-cwnd
    0.2500 MB /   0.10 sec =   20.9696 Mbps     0 retrans   2485 KB-cwnd
    0.3750 MB /   0.10 sec =   31.4598 Mbps     0 retrans   2485 KB-cwnd
    0.1875 MB /   0.10 sec =   15.7285 Mbps     0 retrans   2485 KB-cwnd
    0.3125 MB /   0.10 sec =   26.2037 Mbps     0 retrans   2485 KB-cwnd
    0.3750 MB /   0.10 sec =   31.4535 Mbps     0 retrans   2485 KB-cwnd
    0.2500 MB /   0.10 sec =   20.9839 Mbps     0 retrans   2485 KB-cwnd
    0.3125 MB /   0.10 sec =   26.2139 Mbps     0 retrans   2485 KB-cwnd
    0.2500 MB /   0.10 sec =   20.9721 Mbps     0 retrans   2485 KB-cwnd
    0.2500 MB /   0.10 sec =   20.9696 Mbps     0 retrans   2485 KB-cwnd
    0.2500 MB /   0.10 sec =   20.9724 Mbps     0 retrans   2485 KB-cwnd
    0.1875 MB /   0.10 sec =   15.7297 Mbps     0 retrans   2485 KB-cwnd
    0.2500 MB /   0.10 sec =   20.9711 Mbps     0 retrans   2485 KB-cwnd
    0.1875 MB /   0.10 sec =   15.7263 Mbps     0 retrans   2485 KB-cwnd
    0.1875 MB /   0.10 sec =   15.7316 Mbps     0 retrans   2485 KB-cwnd
    0.1875 MB /   0.10 sec =   15.7181 Mbps     0 retrans   2485 KB-cwnd
    0.2500 MB /   0.10 sec =   20.9835 Mbps     0 retrans   2485 KB-cwnd
    0.2500 MB /   0.10 sec =   20.9740 Mbps     0 retrans   2485 KB-cwnd
    0.1875 MB /   0.10 sec =   15.7282 Mbps     0 retrans   2485 KB-cwnd
    0.2500 MB /   0.10 sec =   20.9721 Mbps     0 retrans   2485 KB-cwnd
    0.1875 MB /   0.10 sec =   15.7258 Mbps     0 retrans   2485 KB-cwnd
    0.1875 MB /   0.10 sec =   15.7290 Mbps     0 retrans   2485 KB-cwnd
    0.1250 MB /   0.10 sec =   10.4820 Mbps     0 retrans   2485 KB-cwnd
    0.3125 MB /   0.10 sec =   26.1942 Mbps     0 retrans   2485 KB-cwnd
    0.1250 MB /   0.10 sec =   10.4954 Mbps     0 retrans   2485 KB-cwnd
    0.1875 MB /   0.10 sec =   15.7334 Mbps     0 retrans   2485 KB-cwnd
    0.1875 MB /   0.10 sec =   15.7260 Mbps     0 retrans   2485 KB-cwnd
    0.2500 MB /   0.10 sec =   20.9757 Mbps     0 retrans   2485 KB-cwnd
    0.2500 MB /   0.10 sec =   20.5934 Mbps     0 retrans   2485 KB-cwnd
    0.2500 MB /   0.10 sec =   21.3640 Mbps     0 retrans   2485 KB-cwnd
    0.3125 MB /   0.10 sec =   26.2128 Mbps     0 retrans   2485 KB-cwnd
    0.2500 MB /   0.10 sec =   20.9703 Mbps     0 retrans   2485 KB-cwnd
    0.2500 MB /   0.10 sec =   20.9539 Mbps     0 retrans   2485 KB-cwnd
    0.2500 MB /   0.10 sec =   20.9847 Mbps     0 retrans   2485 KB-cwnd
    0.3125 MB /   0.10 sec =   26.2128 Mbps     0 retrans   2485 KB-cwnd
    0.1875 MB /   0.10 sec =   15.7332 Mbps     0 retrans   2485 KB-cwnd
    0.3125 MB /   0.10 sec =   26.2141 Mbps     0 retrans   2485 KB-cwnd
    0.3125 MB /   0.10 sec =   26.2168 Mbps     0 retrans   2485 KB-cwnd
    0.2500 MB /   0.10 sec =   20.9728 Mbps     0 retrans   2485 KB-cwnd
    0.3125 MB /   0.10 sec =   26.2147 Mbps     0 retrans   2485 KB-cwnd
    0.3125 MB /   0.10 sec =   26.2139 Mbps     0 retrans   2485 KB-cwnd
    0.2500 MB /   0.10 sec =   20.9694 Mbps     0 retrans   2485 KB-cwnd
    0.3125 MB /   0.10 sec =   26.2162 Mbps     0 retrans   2485 KB-cwnd
    0.3125 MB /   0.10 sec =   26.2136 Mbps     0 retrans   2485 KB-cwnd
    0.1875 MB /   0.10 sec =   15.7275 Mbps     0 retrans   2485 KB-cwnd
    0.1875 MB /   0.10 sec =   15.7294 Mbps     0 retrans   2485 KB-cwnd
    0.1875 MB /   0.10 sec =   15.7282 Mbps     0 retrans   2485 KB-cwnd
    0.3750 MB /   0.10 sec =   31.4554 Mbps     0 retrans   2485 KB-cwnd
    0.2500 MB /   0.10 sec =   20.9749 Mbps     0 retrans   2485 KB-cwnd
    0.3750 MB /   0.10 sec =   31.4551 Mbps     0 retrans   2485 KB-cwnd
    0.2500 MB /   0.10 sec =   20.9728 Mbps     0 retrans   2485 KB-cwnd
    0.2500 MB /   0.10 sec =   20.9707 Mbps     0 retrans   2485 KB-cwnd
    0.2500 MB /   0.10 sec =   20.9717 Mbps     0 retrans   2485 KB-cwnd
    0.2500 MB /   0.10 sec =   20.9721 Mbps     0 retrans   2485 KB-cwnd
    0.1875 MB /   0.10 sec =   15.7291 Mbps     0 retrans   2485 KB-cwnd
    0.3125 MB /   0.10 sec =   26.2123 Mbps     0 retrans   2485 KB-cwnd
    0.3125 MB /   0.10 sec =   26.2110 Mbps     0 retrans   2485 KB-cwnd
    0.2500 MB /   0.10 sec =   20.9644 Mbps     0 retrans   2485 KB-cwnd
    0.3125 MB /   0.10 sec =   26.2252 Mbps     0 retrans   2485 KB-cwnd
    0.3125 MB /   0.10 sec =   26.2060 Mbps     0 retrans   2485 KB-cwnd
    0.2500 MB /   0.10 sec =   20.9797 Mbps     0 retrans   2485 KB-cwnd
    0.3125 MB /   0.10 sec =   26.2139 Mbps     0 retrans   2485 KB-cwnd
    0.3125 MB /   0.10 sec =   26.2149 Mbps     0 retrans   2485 KB-cwnd
    0.3125 MB /   0.10 sec =   26.2139 Mbps     0 retrans   2485 KB-cwnd
    0.1875 MB /   0.10 sec =   15.7151 Mbps     0 retrans   2485 KB-cwnd
    0.3125 MB /   0.10 sec =   26.2385 Mbps     0 retrans   2485 KB-cwnd
    0.2500 MB /   0.10 sec =   20.9688 Mbps     0 retrans   2485 KB-cwnd
    0.3125 MB /   0.10 sec =   26.2175 Mbps     0 retrans   2485 KB-cwnd
    0.2500 MB /   0.10 sec =   20.9724 Mbps     0 retrans   2485 KB-cwnd
    0.3750 MB /   0.10 sec =   31.4548 Mbps     0 retrans   2485 KB-cwnd
    0.3125 MB /   0.10 sec =   26.2162 Mbps     0 retrans   2485 KB-cwnd
    0.3750 MB /   0.10 sec =   31.4579 Mbps     0 retrans   2485 KB-cwnd
    0.3125 MB /   0.10 sec =   26.2136 Mbps     0 retrans   2485 KB-cwnd
    0.1250 MB /   0.10 sec =   10.4751 Mbps     0 retrans   2485 KB-cwnd
nuttcp-t: 125.2756 MB in 30.00 real seconds = 4276.04 KB/sec = 35.0293 Mbps
nuttcp-t: retrans = 0 cwnd = 2485 KB
nuttcp-t: 2005 I/O calls, msec/call = 15.32, calls/sec = 66.83
nuttcp-t: 0.0user 0.0sys 0:30real 0% 0i+0d 1350maxrss 0+1pf 10+3csw

nuttcp-r: 125.2756 MB in 40.66 real seconds = 3155.33 KB/sec = 25.8485 Mbps
nuttcp-r: 30609 I/O calls, msec/call = 1.36, calls/sec = 752.88
nuttcp-r: 0.1user 0.4sys 0:40real 1% 0i+0d 98maxrss 0+15pf 28573+2csw
