1660323747642
nuttcp-r: v8.1.4: socket
nuttcp-r: buflen=65536, nstream=1, port=5005 tcp
nuttcp-r: interval reporting every 0.10 seconds
nuttcp-r: connect to 3.19.94.93 with RTT=106.585 ms af=inet
nuttcp-r: send window size = 524288, receive window size = 52428800
nuttcp-r: available send window = 393216, available receive window = 39321600
    0.0000 MB /   0.10 sec =    0.0000 Mbps     0 retrans
    0.0000 MB /   0.10 sec =    0.0000 Mbps    -1 retrans
    0.0000 MB /   0.10 sec =    0.0000 Mbps     0 retrans
    0.0625 MB /   0.10 sec =    5.2461 Mbps     1 retrans
    0.0625 MB /   0.10 sec =    5.2448 Mbps     0 retrans
    0.1250 MB /   0.10 sec =   10.4918 Mbps     0 retrans
    0.0625 MB /   0.10 sec =    5.2440 Mbps     0 retrans
    0.0625 MB /   0.10 sec =    5.2387 Mbps     0 retrans
    0.1250 MB /   0.10 sec =   10.4891 Mbps     0 retrans
    0.0625 MB /   0.10 sec =    5.2432 Mbps     0 retrans
    0.1250 MB /   0.10 sec =   10.4771 Mbps     0 retrans
    0.1250 MB /   0.10 sec =   10.4924 Mbps     0 retrans
    0.1250 MB /   0.10 sec =   10.4859 Mbps     0 retrans
    0.0625 MB /   0.10 sec =    5.2413 Mbps     0 retrans
    0.1250 MB /   0.10 sec =   10.4916 Mbps     0 retrans
    0.1250 MB /   0.10 sec =   10.4865 Mbps     0 retrans
    0.1250 MB /   0.10 sec =   10.4845 Mbps     0 retrans
    0.1250 MB /   0.10 sec =   10.4872 Mbps     0 retrans
    0.1875 MB /   0.10 sec =   15.7239 Mbps     0 retrans
    0.0625 MB /   0.10 sec =    5.2408 Mbps     0 retrans
    0.1875 MB /   0.10 sec =   15.7340 Mbps     0 retrans
    0.1875 MB /   0.10 sec =   15.7360 Mbps     0 retrans
    0.1875 MB /   0.10 sec =   15.7230 Mbps     0 retrans
    0.1250 MB /   0.10 sec =   10.4867 Mbps     0 retrans
    0.1875 MB /   0.10 sec =   15.7280 Mbps     0 retrans
    0.1250 MB /   0.10 sec =   10.4820 Mbps     0 retrans
    0.2500 MB /   0.10 sec =   20.9694 Mbps     0 retrans
    0.1875 MB /   0.10 sec =   15.7318 Mbps     0 retrans
    0.1875 MB /   0.10 sec =   15.7340 Mbps     0 retrans
    0.1875 MB /   0.10 sec =   15.7266 Mbps     0 retrans
    0.2500 MB /   0.10 sec =   20.9688 Mbps     0 retrans
    0.1875 MB /   0.10 sec =   15.7381 Mbps     0 retrans
    0.3125 MB /   0.10 sec =   26.2008 Mbps     0 retrans
    0.2500 MB /   0.10 sec =   20.9531 Mbps     0 retrans
    0.2500 MB /   0.10 sec =   20.9887 Mbps     0 retrans
    0.2500 MB /   0.10 sec =   20.9721 Mbps     0 retrans
    0.2500 MB /   0.10 sec =   20.9638 Mbps     0 retrans
    0.3125 MB /   0.10 sec =   26.2207 Mbps     0 retrans
    0.3125 MB /   0.10 sec =   26.2181 Mbps     0 retrans
    0.2500 MB /   0.10 sec =   20.8549 Mbps     0 retrans
    0.3750 MB /   0.10 sec =   31.6230 Mbps     0 retrans
    0.3125 MB /   0.10 sec =   26.2105 Mbps     0 retrans
    0.4375 MB /   0.10 sec =   36.7284 Mbps     0 retrans
    0.3750 MB /   0.10 sec =   31.4617 Mbps     0 retrans
    0.3125 MB /   0.10 sec =   26.2008 Mbps     0 retrans
    0.4375 MB /   0.10 sec =   36.6866 Mbps     0 retrans
    0.4375 MB /   0.10 sec =   36.7148 Mbps     0 retrans
    0.3750 MB /   0.10 sec =   31.4642 Mbps     0 retrans
    0.5000 MB /   0.10 sec =   41.9401 Mbps     0 retrans
    0.4375 MB /   0.10 sec =   36.7108 Mbps     0 retrans
    0.5000 MB /   0.10 sec =   41.9179 Mbps     0 retrans
    0.5000 MB /   0.10 sec =   41.9225 Mbps     0 retrans
    0.5625 MB /   0.10 sec =   47.2360 Mbps     0 retrans
    0.5000 MB /   0.10 sec =   41.9204 Mbps     0 retrans
    0.5000 MB /   0.10 sec =   41.9728 Mbps     0 retrans
    0.6250 MB /   0.10 sec =   52.4283 Mbps     0 retrans
    0.6875 MB /   0.10 sec =   57.6653 Mbps     0 retrans
    0.6875 MB /   0.10 sec =   57.6601 Mbps     0 retrans
    0.6250 MB /   0.10 sec =   52.4251 Mbps     0 retrans
    0.6250 MB /   0.10 sec =   52.4529 Mbps     0 retrans
    0.7500 MB /   0.10 sec =   62.8938 Mbps     0 retrans
    0.8125 MB /   0.10 sec =   68.1629 Mbps     0 retrans
    0.6875 MB /   0.10 sec =   57.6607 Mbps     0 retrans
    0.8750 MB /   0.10 sec =   73.4179 Mbps     0 retrans
    0.8125 MB /   0.10 sec =   68.1506 Mbps     0 retrans
    0.9375 MB /   0.10 sec =   78.6440 Mbps     0 retrans
    0.6875 MB /   0.10 sec =   57.6792 Mbps     0 retrans
    1.0625 MB /   0.10 sec =   89.0933 Mbps     0 retrans
    1.0625 MB /   0.10 sec =   89.1566 Mbps     0 retrans
    1.1250 MB /   0.10 sec =   94.3426 Mbps     0 retrans
    1.0000 MB /   0.10 sec =   83.9306 Mbps     0 retrans
    0.8125 MB /   0.10 sec =   68.1588 Mbps     0 retrans
    1.3125 MB /   0.10 sec =  110.0950 Mbps     0 retrans
    1.1875 MB /   0.10 sec =   99.5411 Mbps     0 retrans
    1.3750 MB /   0.10 sec =  115.3976 Mbps     0 retrans
    0.9375 MB /   0.10 sec =   78.6589 Mbps     0 retrans
    1.1250 MB /   0.10 sec =   94.3539 Mbps     0 retrans
    0.0000 MB /   0.10 sec =    0.0000 Mbps     0 retrans
    0.0000 MB /   0.10 sec =    0.0000 Mbps     0 retrans
    0.0000 MB /   0.10 sec =    0.0000 Mbps     0 retrans
    0.0000 MB /   0.10 sec =    0.0000 Mbps     0 retrans
    2.0000 MB /   0.10 sec =  167.7084 Mbps     0 retrans
    1.1250 MB /   0.10 sec =   94.4105 Mbps     0 retrans
    0.8750 MB /   0.10 sec =   73.4003 Mbps     0 retrans
    0.9375 MB /   0.10 sec =   78.6479 Mbps     0 retrans
    0.8750 MB /   0.10 sec =   73.3886 Mbps     0 retrans
    1.1250 MB /   0.10 sec =   94.3851 Mbps     0 retrans
    1.1250 MB /   0.10 sec =   94.3690 Mbps     0 retrans
    0.8750 MB /   0.10 sec =   73.4077 Mbps     0 retrans
    0.8125 MB /   0.10 sec =   68.1309 Mbps     0 retrans
    1.1250 MB /   0.10 sec =   94.3992 Mbps     0 retrans
    1.2500 MB /   0.10 sec =  104.8314 Mbps     0 retrans
    1.0000 MB /   0.10 sec =   83.9079 Mbps     0 retrans
    0.8750 MB /   0.10 sec =   73.3204 Mbps     0 retrans
    1.1250 MB /   0.10 sec =   94.4673 Mbps     0 retrans
    1.1250 MB /   0.10 sec =   94.3794 Mbps     0 retrans
    1.2500 MB /   0.10 sec =  104.8482 Mbps     0 retrans
    1.3125 MB /   0.10 sec =  110.1159 Mbps     0 retrans
    0.8125 MB /   0.10 sec =   68.1608 Mbps     0 retrans
    1.1875 MB /   0.10 sec =   99.6187 Mbps     0 retrans
    1.0625 MB /   0.10 sec =   89.1192 Mbps     0 retrans
    1.2500 MB /   0.10 sec =  104.8712 Mbps     0 retrans
    1.3125 MB /   0.10 sec =  110.0862 Mbps     0 retrans
    1.0000 MB /   0.10 sec =   83.8643 Mbps     0 retrans
    1.1250 MB /   0.10 sec =   94.3926 Mbps     0 retrans
    1.1875 MB /   0.10 sec =   99.6068 Mbps     0 retrans
    1.2500 MB /   0.10 sec =  104.8639 Mbps     0 retrans
    1.3750 MB /   0.10 sec =  115.3434 Mbps     0 retrans
    1.0625 MB /   0.10 sec =   89.1183 Mbps     0 retrans
    1.0625 MB /   0.10 sec =   89.0782 Mbps     0 retrans
    1.1875 MB /   0.10 sec =   99.7134 Mbps     0 retrans
    1.2500 MB /   0.10 sec =  104.8272 Mbps     0 retrans
    1.4375 MB /   0.10 sec =  120.6067 Mbps     0 retrans
    1.1875 MB /   0.10 sec =   99.5819 Mbps     0 retrans
    1.3750 MB /   0.10 sec =  115.3849 Mbps     0 retrans
    1.0000 MB /   0.10 sec =   83.8911 Mbps     0 retrans
    1.2500 MB /   0.10 sec =  104.8293 Mbps     0 retrans
    1.3750 MB /   0.10 sec =  115.3584 Mbps     0 retrans
    1.2500 MB /   0.10 sec =  104.8482 Mbps     0 retrans
    1.0625 MB /   0.10 sec =   89.1200 Mbps     0 retrans
    1.3125 MB /   0.10 sec =  110.1280 Mbps     0 retrans
    1.2500 MB /   0.10 sec =  104.7979 Mbps     0 retrans
    1.3125 MB /   0.10 sec =  110.1423 Mbps     0 retrans
    1.1250 MB /   0.10 sec =   94.3803 Mbps     0 retrans
    1.2500 MB /   0.10 sec =  104.8429 Mbps     0 retrans
    1.4375 MB /   0.10 sec =  120.5874 Mbps     0 retrans
    1.3125 MB /   0.10 sec =  110.1082 Mbps     0 retrans
    1.3125 MB /   0.10 sec =  110.1082 Mbps     0 retrans
    1.1875 MB /   0.10 sec =   99.5888 Mbps     0 retrans
    1.1250 MB /   0.10 sec =   94.3936 Mbps     0 retrans
    1.5000 MB /   0.10 sec =  125.8279 Mbps     0 retrans
    1.3125 MB /   0.10 sec =  110.1148 Mbps     0 retrans
    1.2500 MB /   0.10 sec =  104.8681 Mbps     0 retrans
    1.0000 MB /   0.10 sec =   83.8467 Mbps     0 retrans
    1.5000 MB /   0.10 sec =  125.8568 Mbps     0 retrans
    1.5000 MB /   0.10 sec =  125.8329 Mbps     0 retrans
    1.4375 MB /   0.10 sec =  120.5742 Mbps     0 retrans
    1.3750 MB /   0.10 sec =  115.3491 Mbps     0 retrans
    1.0000 MB /   0.10 sec =   83.8953 Mbps     0 retrans
    1.3750 MB /   0.10 sec =  115.3030 Mbps     0 retrans
    1.4375 MB /   0.10 sec =  120.6260 Mbps     0 retrans
    1.4375 MB /   0.10 sec =  120.5802 Mbps     0 retrans
    1.1250 MB /   0.10 sec =   94.3888 Mbps     0 retrans
    1.3125 MB /   0.10 sec =  110.0664 Mbps     0 retrans
    1.4375 MB /   0.10 sec =  120.5862 Mbps     0 retrans
    1.3750 MB /   0.10 sec =  115.3514 Mbps     0 retrans
    1.1875 MB /   0.10 sec =   99.6287 Mbps     0 retrans
    1.4375 MB /   0.10 sec =  120.5814 Mbps     0 retrans
    1.3750 MB /   0.10 sec =  115.3445 Mbps     0 retrans
    1.3125 MB /   0.10 sec =  110.1126 Mbps     0 retrans
    1.3750 MB /   0.10 sec =  115.3549 Mbps     0 retrans
    1.1875 MB /   0.10 sec =   99.5928 Mbps     0 retrans
    1.5625 MB /   0.10 sec =  131.0943 Mbps     0 retrans
    1.1875 MB /   0.10 sec =   99.5649 Mbps     0 retrans
    1.3125 MB /   0.10 sec =  110.0972 Mbps     0 retrans
    1.2500 MB /   0.10 sec =  104.8807 Mbps     0 retrans
    1.5625 MB /   0.10 sec =  131.0720 Mbps     0 retrans
    1.1250 MB /   0.10 sec =   94.3841 Mbps     0 retrans
    1.1875 MB /   0.10 sec =   99.6257 Mbps     0 retrans
    1.2500 MB /   0.10 sec =  104.8408 Mbps     0 retrans
    1.6250 MB /   0.10 sec =  136.3449 Mbps     0 retrans
    1.3750 MB /   0.10 sec =  115.3042 Mbps     0 retrans
    1.0000 MB /   0.10 sec =   83.8869 Mbps     0 retrans
    1.4375 MB /   0.10 sec =  120.6128 Mbps     0 retrans
    1.3750 MB /   0.10 sec =  115.3364 Mbps     0 retrans
    1.3750 MB /   0.10 sec =  115.3664 Mbps     0 retrans
    1.2500 MB /   0.10 sec =  104.8576 Mbps     0 retrans
    1.3750 MB /   0.10 sec =  115.3065 Mbps     0 retrans
    1.3750 MB /   0.10 sec =  115.3503 Mbps     0 retrans
    1.2500 MB /   0.10 sec =  104.8649 Mbps     0 retrans
    1.2500 MB /   0.10 sec =  104.8450 Mbps     0 retrans
    1.5000 MB /   0.10 sec =  125.8417 Mbps     0 retrans
    1.1875 MB /   0.10 sec =   99.6038 Mbps     0 retrans
    1.3750 MB /   0.10 sec =  115.3422 Mbps     0 retrans
    0.6875 MB /   0.10 sec =   57.6682 Mbps     0 retrans
    1.6250 MB /   0.10 sec =  136.3681 Mbps     0 retrans
    0.0625 MB /   0.10 sec =    5.2428 Mbps     0 retrans
    1.6250 MB /   0.10 sec =  136.2781 Mbps     0 retrans
    0.8125 MB /   0.10 sec =   68.1765 Mbps     0 retrans
    1.5625 MB /   0.10 sec =  131.0523 Mbps     0 retrans
    1.1875 MB /   0.10 sec =   99.6317 Mbps     0 retrans
    1.3125 MB /   0.10 sec =  110.0983 Mbps     0 retrans
    1.3125 MB /   0.10 sec =  110.0840 Mbps     0 retrans
    1.3750 MB /   0.10 sec =  115.3203 Mbps     0 retrans
    1.4375 MB /   0.10 sec =  120.5947 Mbps     0 retrans
    1.1250 MB /   0.10 sec =   94.3756 Mbps     0 retrans
    1.5625 MB /   0.10 sec =  131.0746 Mbps     0 retrans
    1.3125 MB /   0.10 sec =  110.0994 Mbps     0 retrans
    1.4375 MB /   0.10 sec =  120.5826 Mbps     0 retrans
    1.2500 MB /   0.10 sec =  104.8733 Mbps     0 retrans
    1.3125 MB /   0.10 sec =  110.0631 Mbps     0 retrans
    1.4375 MB /   0.10 sec =  120.5983 Mbps     0 retrans
    1.3750 MB /   0.10 sec =  115.3514 Mbps     0 retrans
    1.4375 MB /   0.10 sec =  120.5862 Mbps     0 retrans
    1.2500 MB /   0.10 sec =  104.8796 Mbps     0 retrans
    1.3125 MB /   0.10 sec =  110.0884 Mbps     0 retrans
    1.2500 MB /   0.10 sec =  104.8586 Mbps     0 retrans
    1.5625 MB /   0.10 sec =  131.0759 Mbps     0 retrans
    1.3750 MB /   0.10 sec =  115.3387 Mbps     0 retrans
    1.3125 MB /   0.10 sec =  110.1071 Mbps     0 retrans
    1.1875 MB /   0.10 sec =   99.6297 Mbps     0 retrans
    1.3125 MB /   0.10 sec =  110.0950 Mbps     0 retrans
    1.4375 MB /   0.10 sec =  120.5778 Mbps     0 retrans
    1.1875 MB /   0.10 sec =   99.5669 Mbps     0 retrans
    1.3750 MB /   0.10 sec =  115.3814 Mbps     0 retrans
    1.3750 MB /   0.10 sec =  115.3434 Mbps     0 retrans
    1.1250 MB /   0.10 sec =   94.3992 Mbps     0 retrans
    1.5000 MB /   0.10 sec =  125.8014 Mbps     0 retrans
    1.3750 MB /   0.10 sec =  115.3168 Mbps     0 retrans
    1.4375 MB /   0.10 sec =  120.6104 Mbps     0 retrans
    1.2500 MB /   0.10 sec =  104.8408 Mbps     0 retrans
    1.4375 MB /   0.10 sec =  120.6079 Mbps     0 retrans
    1.3125 MB /   0.10 sec =  110.1049 Mbps     0 retrans
    1.4375 MB /   0.10 sec =  120.5477 Mbps     0 retrans
    1.3750 MB /   0.10 sec =  115.3895 Mbps     0 retrans
    1.4375 MB /   0.10 sec =  120.5742 Mbps     0 retrans
    1.5000 MB /   0.10 sec =  125.8128 Mbps     0 retrans
    1.1250 MB /   0.10 sec =   94.3605 Mbps     0 retrans
    1.5000 MB /   0.10 sec =  125.8681 Mbps     0 retrans
    1.5625 MB /   0.10 sec =  131.0825 Mbps     0 retrans
    1.2500 MB /   0.10 sec =  104.8440 Mbps     0 retrans
    1.5625 MB /   0.10 sec =  131.0851 Mbps     0 retrans
    1.0000 MB /   0.10 sec =   83.8760 Mbps     0 retrans
    1.5625 MB /   0.10 sec =  131.0930 Mbps     0 retrans
    1.4375 MB /   0.10 sec =  120.5694 Mbps     0 retrans
    1.5000 MB /   0.10 sec =  125.8266 Mbps     0 retrans
    1.1250 MB /   0.10 sec =   94.3936 Mbps     0 retrans
    1.3750 MB /   0.10 sec =  115.3330 Mbps     0 retrans
    1.5625 MB /   0.10 sec =  131.0786 Mbps     0 retrans
    1.5000 MB /   0.10 sec =  125.8102 Mbps     0 retrans
    1.5625 MB /   0.10 sec =  131.0851 Mbps     0 retrans
    1.1875 MB /   0.10 sec =   99.5978 Mbps     0 retrans
    1.1875 MB /   0.10 sec =   99.6197 Mbps     0 retrans
    1.6875 MB /   0.10 sec =  141.5139 Mbps     0 retrans
    1.2500 MB /   0.10 sec =  104.8754 Mbps     0 retrans
    1.3750 MB /   0.10 sec =  115.3734 Mbps     0 retrans
    1.2500 MB /   0.10 sec =  104.8398 Mbps     0 retrans
    1.6250 MB /   0.10 sec =  136.3340 Mbps     0 retrans
    1.1250 MB /   0.10 sec =   94.3813 Mbps     0 retrans
    1.3125 MB /   0.10 sec =  110.0510 Mbps     0 retrans
    1.6250 MB /   0.10 sec =  136.3667 Mbps     0 retrans
    1.3750 MB /   0.10 sec =  115.3364 Mbps     0 retrans
    1.5000 MB /   0.10 sec =  125.8090 Mbps     0 retrans
    1.3125 MB /   0.10 sec =  110.0873 Mbps     0 retrans
    1.4375 MB /   0.10 sec =  120.5874 Mbps     0 retrans
    1.7500 MB /   0.10 sec =  146.7904 Mbps     0 retrans
    1.2500 MB /   0.10 sec =  104.8628 Mbps     0 retrans
    1.6250 MB /   0.10 sec =  136.3476 Mbps     0 retrans
    1.3750 MB /   0.10 sec =  115.3364 Mbps     0 retrans
    1.3750 MB /   0.10 sec =  115.3088 Mbps     0 retrans
    1.5625 MB /   0.10 sec =  131.0641 Mbps     0 retrans
    1.3750 MB /   0.10 sec =  115.3699 Mbps     0 retrans
    1.6875 MB /   0.10 sec =  141.5634 Mbps     0 retrans
    1.3125 MB /   0.10 sec =  110.1027 Mbps     0 retrans
    1.5625 MB /   0.10 sec =  131.0537 Mbps     0 retrans
    1.3125 MB /   0.10 sec =  110.1269 Mbps     0 retrans
    1.6250 MB /   0.10 sec =  136.2876 Mbps     0 retrans
    1.5625 MB /   0.10 sec =  131.0864 Mbps     0 retrans
    1.5625 MB /   0.10 sec =  131.0746 Mbps     0 retrans
    1.5625 MB /   0.10 sec =  131.0183 Mbps     0 retrans
    1.1875 MB /   0.10 sec =   99.6526 Mbps     0 retrans
    1.3750 MB /   0.10 sec =  115.3468 Mbps     0 retrans
    1.4375 MB /   0.10 sec =  120.5754 Mbps     0 retrans
    1.7500 MB /   0.10 sec =  146.3484 Mbps     0 retrans
    1.0625 MB /   0.10 sec =   89.3801 Mbps     0 retrans
    1.3750 MB /   0.10 sec =  115.0133 Mbps     0 retrans
    1.8750 MB /   0.10 sec =  157.7075 Mbps     0 retrans
    1.0000 MB /   0.10 sec =   83.9272 Mbps     0 retrans
    1.5000 MB /   0.10 sec =  125.8606 Mbps     0 retrans
    1.8125 MB /   0.10 sec =  152.0268 Mbps     0 retrans
    1.0625 MB /   0.10 sec =   89.1067 Mbps     0 retrans
    1.8125 MB /   0.10 sec =  152.0876 Mbps     0 retrans
    1.5625 MB /   0.10 sec =  131.0707 Mbps     0 retrans
    1.3125 MB /   0.10 sec =  110.0752 Mbps     0 retrans
    1.6250 MB /   0.10 sec =  136.3503 Mbps     0 retrans
    1.4375 MB /   0.10 sec =  120.5730 Mbps     0 retrans
    1.5000 MB /   0.10 sec =  125.8102 Mbps     0 retrans
    1.7500 MB /   0.10 sec =  146.8212 Mbps     0 retrans
    1.4375 MB /   0.10 sec =  120.5911 Mbps     0 retrans
    1.6250 MB /   0.10 sec =  136.2754 Mbps     0 retrans
    1.7500 MB /   0.10 sec =  146.8697 Mbps     0 retrans
    1.6250 MB /   0.10 sec =  136.2699 Mbps     0 retrans
    1.3750 MB /   0.10 sec =  115.3122 Mbps     0 retrans
    2.1250 MB /   0.10 sec =  178.1973 Mbps     0 retrans
    1.6250 MB /   0.10 sec =  136.3858 Mbps     0 retrans
    1.0625 MB /   0.10 sec =   89.1165 Mbps     0 retrans
    2.0625 MB /   0.10 sec =  173.0341 Mbps     0 retrans
    1.6250 MB /   0.10 sec =  136.3271 Mbps     0 retrans
    1.5625 MB /   0.10 sec =  131.0720 Mbps     0 retrans
    2.0000 MB /   0.10 sec =  167.7420 Mbps     0 retrans
    1.5625 MB /   0.10 sec =  131.0917 Mbps     0 retrans
    1.6875 MB /   0.10 sec =  141.5691 Mbps     0 retrans
    1.7500 MB /   0.10 sec =  146.7962 Mbps     0 retrans
    1.8750 MB /   0.10 sec =  157.2675 Mbps     0 retrans
    1.5000 MB /   0.10 sec =  125.8253 Mbps     0 retrans
    2.3125 MB /   0.10 sec =  193.9943 Mbps     0 retrans
    1.5625 MB /   0.10 sec =  131.1022 Mbps     0 retrans
    1.5000 MB /   0.10 sec =  125.8241 Mbps     0 retrans
    2.3125 MB /   0.10 sec =  193.9613 Mbps     0 retrans
    1.6250 MB /   0.10 sec =  136.3135 Mbps     0 retrans
    1.5000 MB /   0.10 sec =  125.7348 Mbps     0 retrans
    2.3750 MB /   0.10 sec =  199.4289 Mbps     0 retrans
    2.0000 MB /   0.10 sec =  167.7487 Mbps     0 retrans
    1.5000 MB /   0.10 sec =  125.8027 Mbps     0 retrans
    2.4375 MB /   0.10 sec =  204.5439 Mbps     0 retrans
    1.7500 MB /   0.10 sec =  146.7507 Mbps     0 retrans
    2.1250 MB /   0.10 sec =  178.3078 Mbps     0 retrans
    2.0625 MB /   0.10 sec =  173.0583 Mbps     0 retrans
    1.8750 MB /   0.10 sec =  157.2424 Mbps     0 retrans
    2.0625 MB /   0.10 sec =  172.9926 Mbps     0 retrans
    1.8750 MB /   0.10 sec =  157.3226 Mbps     0 retrans
    2.1875 MB /   0.10 sec =  183.4898 Mbps     0 retrans
    1.9375 MB /   0.10 sec =  162.4870 Mbps     0 retrans
    2.1875 MB /   0.10 sec =  183.5081 Mbps     0 retrans
    2.0000 MB /   0.10 sec =  167.8494 Mbps     0 retrans
    1.3750 MB /   0.10 sec =  115.3180 Mbps     0 retrans
nuttcp-r: 361.5255 MB in 31.68 real seconds = 11686.19 KB/sec = 95.7333 Mbps
nuttcp-r: 28798 I/O calls, msec/call = 1.13, calls/sec = 909.07
nuttcp-r: 0.0user 0.7sys 0:31real 2% 0i+0d 1300maxrss 0+1pf 17318+23csw

nuttcp-t: Warning: send window size 25000000 < requested window size 26214400
nuttcp-t: v6.1.2: socket
nuttcp-t: buflen=65536, nstream=1, port=5005 tcp -> 172.58.61.215
nuttcp-t: time limit = 30.00 seconds
nuttcp-t: accept from 172.58.61.215 with mss=1364
nuttcp-t: send window size = 50000000, receive window size = 25000000
nuttcp-t: available send window = 25000000, available receive window = 12500000
nuttcp-t: 361.5255 MB in 30.00 real seconds = 12340.04 KB/sec = 101.0896 Mbps
nuttcp-t: retrans = 0
nuttcp-t: 5785 I/O calls, msec/call = 5.31, calls/sec = 192.83
nuttcp-t: 0.0user 0.1sys 0:30real 0% 0i+0d 100maxrss 0+0pf 21+5csw
