1660147659373
nuttcp-r: v8.1.4: socket
nuttcp-r: buflen=65536, nstream=1, port=5005 tcp
nuttcp-r: interval reporting every 0.10 seconds
nuttcp-r: connect to 54.176.53.206 with RTT=46.246 ms af=inet
nuttcp-r: send window size = 2097152, receive window size = 52428800
nuttcp-r: available send window = 1572864, available receive window = 39321600
    0.0000 MB /   0.10 sec =    0.0000 Mbps    -1 retrans
    0.0625 MB /   0.10 sec =    5.2437 Mbps     1 retrans
    0.1875 MB /   0.10 sec =   15.7312 Mbps     0 retrans
    0.2500 MB /   0.10 sec =   20.9747 Mbps     0 retrans
    0.2500 MB /   0.10 sec =   20.9663 Mbps     0 retrans
    0.2500 MB /   0.10 sec =   20.9721 Mbps     0 retrans
    0.3125 MB /   0.10 sec =   26.2181 Mbps     0 retrans
    0.2500 MB /   0.10 sec =   20.9646 Mbps     0 retrans
    0.3125 MB /   0.10 sec =   26.2149 Mbps     0 retrans
    0.3750 MB /   0.10 sec =   31.4651 Mbps     0 retrans
    0.4375 MB /   0.10 sec =   36.7068 Mbps     0 retrans
    0.3750 MB /   0.10 sec =   31.4557 Mbps     0 retrans
    0.4375 MB /   0.10 sec =   36.6991 Mbps     0 retrans
    0.4375 MB /   0.10 sec =   36.7005 Mbps     0 retrans
    0.5625 MB /   0.10 sec =   47.1888 Mbps     0 retrans
    0.4375 MB /   0.10 sec =   36.6980 Mbps     0 retrans
    0.6875 MB /   0.10 sec =   57.6717 Mbps     0 retrans
    0.5625 MB /   0.10 sec =   47.1755 Mbps     0 retrans
    0.7500 MB /   0.10 sec =   62.9202 Mbps     0 retrans
    0.6875 MB /   0.10 sec =   57.6676 Mbps     0 retrans
    0.7500 MB /   0.10 sec =   62.9215 Mbps     0 retrans
    0.8125 MB /   0.10 sec =   68.1670 Mbps     0 retrans
    1.0625 MB /   0.10 sec =   89.1138 Mbps     0 retrans
    0.8750 MB /   0.10 sec =   73.3864 Mbps     0 retrans
    1.2500 MB /   0.10 sec =  104.8765 Mbps     0 retrans
    1.0000 MB /   0.10 sec =   83.8618 Mbps     0 retrans
    1.4375 MB /   0.10 sec =  120.6224 Mbps     0 retrans
    1.1250 MB /   0.10 sec =   94.3718 Mbps     0 retrans
    1.5000 MB /   0.10 sec =  125.8291 Mbps     0 retrans
    1.6875 MB /   0.10 sec =  141.5762 Mbps     0 retrans
    1.7500 MB /   0.10 sec =  146.7478 Mbps     0 retrans
    1.6250 MB /   0.10 sec =  136.3544 Mbps     0 retrans
    1.8750 MB /   0.10 sec =  157.2911 Mbps     0 retrans
    2.1875 MB /   0.10 sec =  183.4880 Mbps     0 retrans
    2.1875 MB /   0.10 sec =  183.4971 Mbps     0 retrans
    2.5625 MB /   0.10 sec =  214.8829 Mbps     0 retrans
    2.6250 MB /   0.10 sec =  220.2428 Mbps     0 retrans
    2.4375 MB /   0.10 sec =  204.4805 Mbps     0 retrans
    2.9375 MB /   0.10 sec =  246.4006 Mbps     0 retrans
    2.8125 MB /   0.10 sec =  235.9626 Mbps     0 retrans
    3.8125 MB /   0.10 sec =  319.8061 Mbps     0 retrans
    3.3750 MB /   0.10 sec =  283.1353 Mbps     0 retrans
    4.3125 MB /   0.10 sec =  361.6502 Mbps     0 retrans
    4.2500 MB /   0.10 sec =  356.6086 Mbps     0 retrans
    4.6250 MB /   0.10 sec =  387.9111 Mbps     0 retrans
    4.1250 MB /   0.10 sec =  345.9920 Mbps     0 retrans
    5.1875 MB /   0.10 sec =  435.2809 Mbps     0 retrans
    5.8750 MB /   0.10 sec =  492.6731 Mbps     0 retrans
    5.9375 MB /   0.10 sec =  498.2031 Mbps     0 retrans
    6.1250 MB /   0.10 sec =  513.6892 Mbps     0 retrans
    6.5625 MB /   0.10 sec =  550.4639 Mbps     0 retrans
    6.6250 MB /   0.10 sec =  555.8175 Mbps     0 retrans
    6.3750 MB /   0.10 sec =  534.7631 Mbps     0 retrans
    7.7500 MB /   0.10 sec =  650.2732 Mbps     0 retrans
    7.2500 MB /   0.10 sec =  608.1193 Mbps     0 retrans
    7.0625 MB /   0.10 sec =  592.4691 Mbps     0 retrans
    7.7500 MB /   0.10 sec =  650.1626 Mbps     0 retrans
    6.8750 MB /   0.10 sec =  576.7226 Mbps     0 retrans
    6.6875 MB /   0.10 sec =  560.8479 Mbps     0 retrans
    9.1250 MB /   0.10 sec =  765.6902 Mbps     0 retrans
    7.8125 MB /   0.10 sec =  655.2093 Mbps     0 retrans
    7.5000 MB /   0.10 sec =  629.3029 Mbps     0 retrans
    8.5000 MB /   0.10 sec =  713.0602 Mbps     0 retrans
    7.0000 MB /   0.10 sec =  586.8974 Mbps     0 retrans
    7.8750 MB /   0.10 sec =  660.8342 Mbps     0 retrans
    8.8125 MB /   0.10 sec =  738.8102 Mbps     0 retrans
    8.2500 MB /   0.10 sec =  692.3579 Mbps     0 retrans
    7.6875 MB /   0.10 sec =  644.8613 Mbps     0 retrans
    8.9375 MB /   0.10 sec =  749.9343 Mbps     0 retrans
    7.5625 MB /   0.10 sec =  634.2743 Mbps     0 retrans
    8.6875 MB /   0.10 sec =  728.5126 Mbps     0 retrans
    9.0000 MB /   0.10 sec =  755.4280 Mbps     0 retrans
    6.0625 MB /   0.10 sec =  508.4475 Mbps     0 retrans
    0.0000 MB /   0.10 sec =    0.0000 Mbps     0 retrans
    9.3750 MB /   0.10 sec =  786.3455 Mbps     0 retrans
   17.2500 MB /   0.10 sec = 1447.3823 Mbps     0 retrans
    7.4375 MB /   0.10 sec =  623.8902 Mbps     0 retrans
    8.0000 MB /   0.10 sec =  671.1222 Mbps     0 retrans
    7.8125 MB /   0.10 sec =  655.2748 Mbps     0 retrans
    7.9375 MB /   0.10 sec =  665.9790 Mbps     0 retrans
    6.6250 MB /   0.10 sec =  555.6453 Mbps     0 retrans
    7.1250 MB /   0.10 sec =  597.9275 Mbps     0 retrans
    7.1875 MB /   0.10 sec =  602.7082 Mbps     0 retrans
    8.2500 MB /   0.10 sec =  692.2124 Mbps     0 retrans
    8.5625 MB /   0.10 sec =  718.0591 Mbps     0 retrans
    7.8125 MB /   0.10 sec =  655.4977 Mbps     0 retrans
    9.2500 MB /   0.10 sec =  776.0394 Mbps     0 retrans
    8.1875 MB /   0.10 sec =  686.8310 Mbps     0 retrans
    7.6250 MB /   0.10 sec =  639.5994 Mbps     0 retrans
    7.7500 MB /   0.10 sec =  650.0716 Mbps     0 retrans
    8.2500 MB /   0.10 sec =  692.2194 Mbps     0 retrans
    7.6875 MB /   0.10 sec =  644.6873 Mbps     0 retrans
    7.5000 MB /   0.10 sec =  629.2840 Mbps     0 retrans
    8.1875 MB /   0.10 sec =  686.8310 Mbps     0 retrans
    7.5000 MB /   0.10 sec =  629.1204 Mbps     0 retrans
    8.3125 MB /   0.10 sec =  697.2682 Mbps     0 retrans
    8.7500 MB /   0.10 sec =  733.8124 Mbps     0 retrans
    7.8125 MB /   0.10 sec =  655.5436 Mbps     0 retrans
    7.8750 MB /   0.10 sec =  660.6161 Mbps     0 retrans
    7.6875 MB /   0.10 sec =  644.7775 Mbps     0 retrans
    8.0625 MB /   0.10 sec =  676.4465 Mbps     0 retrans
    7.5625 MB /   0.10 sec =  634.4202 Mbps     0 retrans
    7.2500 MB /   0.10 sec =  608.0221 Mbps     0 retrans
    8.3750 MB /   0.10 sec =  702.7075 Mbps     0 retrans
    7.8125 MB /   0.10 sec =  655.3338 Mbps     0 retrans
    8.5000 MB /   0.10 sec =  712.8748 Mbps     0 retrans
    7.7500 MB /   0.10 sec =  650.2602 Mbps     0 retrans
    8.0625 MB /   0.10 sec =  676.1692 Mbps     0 retrans
    8.0000 MB /   0.10 sec =  671.1960 Mbps     0 retrans
    7.8125 MB /   0.10 sec =  655.3403 Mbps     0 retrans
    8.8750 MB /   0.10 sec =  744.5336 Mbps     0 retrans
    7.1875 MB /   0.10 sec =  602.1845 Mbps     0 retrans
    4.0625 MB /   0.10 sec =  341.1352 Mbps     0 retrans
    0.2500 MB /   0.10 sec =   20.9766 Mbps     0 retrans
   17.6875 MB /   0.10 sec = 1483.4087 Mbps     0 retrans
    7.1875 MB /   0.10 sec =  603.0397 Mbps     0 retrans
    8.0625 MB /   0.10 sec =  676.3721 Mbps     0 retrans
    7.0625 MB /   0.10 sec =  592.2914 Mbps     0 retrans
    7.2500 MB /   0.10 sec =  608.3018 Mbps     0 retrans
    7.1875 MB /   0.10 sec =  602.8589 Mbps     0 retrans
    7.0625 MB /   0.10 sec =  592.4988 Mbps     0 retrans
    7.8750 MB /   0.10 sec =  660.6888 Mbps     0 retrans
    7.3125 MB /   0.10 sec =  613.2636 Mbps     0 retrans
    5.0625 MB /   0.10 sec =  424.6860 Mbps     0 retrans
    8.1250 MB /   0.10 sec =  681.5199 Mbps     0 retrans
    6.2500 MB /   0.10 sec =  524.3667 Mbps     0 retrans
    5.7500 MB /   0.10 sec =  482.2919 Mbps     0 retrans
    0.3125 MB /   0.10 sec =   26.2152 Mbps     0 retrans
   13.8125 MB /   0.10 sec = 1158.8851 Mbps     0 retrans
    7.8750 MB /   0.10 sec =  660.6161 Mbps     0 retrans
    4.9375 MB /   0.10 sec =  414.1544 Mbps     0 retrans
    8.1875 MB /   0.10 sec =  686.8860 Mbps     0 retrans
    6.8125 MB /   0.10 sec =  571.3882 Mbps     0 retrans
    6.9375 MB /   0.10 sec =  582.0528 Mbps     0 retrans
    7.2500 MB /   0.10 sec =  608.1741 Mbps     0 retrans
    7.3750 MB /   0.10 sec =  618.6784 Mbps     0 retrans
    6.8125 MB /   0.10 sec =  571.3311 Mbps     0 retrans
    6.6250 MB /   0.10 sec =  555.6342 Mbps     0 retrans
    7.0625 MB /   0.10 sec =  592.5402 Mbps     0 retrans
    7.0625 MB /   0.10 sec =  592.4040 Mbps     0 retrans
    5.1250 MB /   0.10 sec =  430.0065 Mbps     0 retrans
    7.1875 MB /   0.10 sec =  602.7564 Mbps     0 retrans
    6.6875 MB /   0.10 sec =  561.1453 Mbps     0 retrans
    6.6875 MB /   0.10 sec =  560.9152 Mbps     0 retrans
    6.6250 MB /   0.10 sec =  555.7620 Mbps     0 retrans
    6.9375 MB /   0.10 sec =  581.9946 Mbps     0 retrans
    6.0625 MB /   0.10 sec =  508.5492 Mbps     0 retrans
    7.3125 MB /   0.10 sec =  613.4967 Mbps     0 retrans
    6.6875 MB /   0.10 sec =  560.9545 Mbps     0 retrans
    7.0000 MB /   0.10 sec =  587.1556 Mbps     0 retrans
    5.3750 MB /   0.10 sec =  450.8381 Mbps     0 retrans
    5.5625 MB /   0.10 sec =  466.7097 Mbps     0 retrans
    6.0000 MB /   0.10 sec =  503.2360 Mbps     0 retrans
    4.7500 MB /   0.10 sec =  398.4947 Mbps     0 retrans
    2.5625 MB /   0.10 sec =  214.8764 Mbps     0 retrans
    7.4375 MB /   0.10 sec =  624.0650 Mbps     0 retrans
    5.5625 MB /   0.10 sec =  466.6677 Mbps     0 retrans
    5.4375 MB /   0.10 sec =  456.1214 Mbps     0 retrans
    7.1250 MB /   0.10 sec =  597.7242 Mbps     0 retrans
    6.4375 MB /   0.10 sec =  539.9410 Mbps     0 retrans
    5.6875 MB /   0.10 sec =  477.0448 Mbps     0 retrans
    6.2500 MB /   0.10 sec =  524.3771 Mbps     0 retrans
    5.5000 MB /   0.10 sec =  461.3135 Mbps     0 retrans
    5.5000 MB /   0.10 sec =  461.4196 Mbps     0 retrans
    5.5000 MB /   0.10 sec =  461.3550 Mbps     0 retrans
    5.8125 MB /   0.10 sec =  487.5537 Mbps     0 retrans
    5.3750 MB /   0.10 sec =  450.9238 Mbps     0 retrans
    5.8125 MB /   0.10 sec =  487.1737 Mbps     0 retrans
    6.1250 MB /   0.10 sec =  514.1982 Mbps     0 retrans
    6.4375 MB /   0.10 sec =  540.1139 Mbps     0 retrans
    5.6875 MB /   0.10 sec =  476.7398 Mbps     0 retrans
    7.9375 MB /   0.10 sec =  666.4189 Mbps     0 retrans
    6.9375 MB /   0.10 sec =  581.9655 Mbps     0 retrans
    7.4375 MB /   0.10 sec =  623.7218 Mbps     0 retrans
    6.4375 MB /   0.10 sec =  540.0706 Mbps     0 retrans
    7.3125 MB /   0.10 sec =  613.2882 Mbps     0 retrans
    6.1875 MB /   0.10 sec =  519.2165 Mbps     0 retrans
    6.0000 MB /   0.10 sec =  503.1203 Mbps     0 retrans
    6.8750 MB /   0.10 sec =  576.9534 Mbps     0 retrans
    6.6250 MB /   0.10 sec =  555.4398 Mbps     0 retrans
    6.2500 MB /   0.10 sec =  524.3299 Mbps     0 retrans
    7.5625 MB /   0.10 sec =  634.7249 Mbps     0 retrans
    6.4375 MB /   0.10 sec =  539.8655 Mbps     0 retrans
    7.3125 MB /   0.10 sec =  613.5274 Mbps     0 retrans
    6.5625 MB /   0.10 sec =  550.4033 Mbps     0 retrans
    7.0625 MB /   0.10 sec =  592.4988 Mbps     0 retrans
    7.4375 MB /   0.10 sec =  623.3355 Mbps     0 retrans
    7.0625 MB /   0.10 sec =  593.0266 Mbps     0 retrans
    6.8125 MB /   0.10 sec =  571.4796 Mbps     0 retrans
    7.0000 MB /   0.10 sec =  587.0793 Mbps     0 retrans
    6.7500 MB /   0.10 sec =  566.2310 Mbps     0 retrans
    7.1875 MB /   0.10 sec =  603.0156 Mbps     0 retrans
    7.4375 MB /   0.10 sec =  621.4728 Mbps     0 retrans
    7.0000 MB /   0.10 sec =  589.5786 Mbps     0 retrans
    6.8750 MB /   0.10 sec =  575.1524 Mbps     0 retrans
    7.1250 MB /   0.10 sec =  599.3365 Mbps     0 retrans
    7.5000 MB /   0.10 sec =  626.9763 Mbps     0 retrans
    7.1875 MB /   0.10 sec =  604.8728 Mbps     0 retrans
    7.7500 MB /   0.10 sec =  650.0651 Mbps     0 retrans
    7.5625 MB /   0.10 sec =  634.6106 Mbps     0 retrans
    6.1875 MB /   0.10 sec =  519.0555 Mbps     0 retrans
    7.4375 MB /   0.10 sec =  623.9402 Mbps     0 retrans
    7.6875 MB /   0.10 sec =  644.7066 Mbps     0 retrans
    6.1250 MB /   0.10 sec =  513.8228 Mbps     0 retrans
    7.4375 MB /   0.10 sec =  624.0026 Mbps     0 retrans
    5.6875 MB /   0.10 sec =  477.0878 Mbps     0 retrans
    6.1875 MB /   0.10 sec =  518.6924 Mbps     0 retrans
    6.6250 MB /   0.10 sec =  556.1123 Mbps     0 retrans
    5.8750 MB /   0.10 sec =  492.8307 Mbps     0 retrans
    6.6875 MB /   0.10 sec =  561.0050 Mbps     0 retrans
    6.7500 MB /   0.10 sec =  566.1291 Mbps     0 retrans
    6.5625 MB /   0.10 sec =  550.4308 Mbps     0 retrans
    6.5000 MB /   0.10 sec =  545.3359 Mbps     0 retrans
    5.6250 MB /   0.10 sec =  471.9347 Mbps     0 retrans
    7.2500 MB /   0.10 sec =  607.9856 Mbps     0 retrans
    6.1875 MB /   0.10 sec =  519.0763 Mbps     0 retrans
    6.1875 MB /   0.10 sec =  518.9569 Mbps     0 retrans
    7.4375 MB /   0.10 sec =  623.9901 Mbps     0 retrans
    7.6250 MB /   0.10 sec =  639.7657 Mbps     0 retrans
    7.1250 MB /   0.10 sec =  597.4971 Mbps     0 retrans
    6.9375 MB /   0.10 sec =  582.1169 Mbps     0 retrans
    7.8750 MB /   0.10 sec =  660.6359 Mbps     0 retrans
    7.0000 MB /   0.10 sec =  587.0734 Mbps     0 retrans
    7.3750 MB /   0.10 sec =  618.7341 Mbps     0 retrans
    7.6250 MB /   0.10 sec =  639.6761 Mbps     0 retrans
    6.3125 MB /   0.10 sec =  529.4038 Mbps     0 retrans
    8.1250 MB /   0.10 sec =  681.6221 Mbps     0 retrans
    7.1250 MB /   0.10 sec =  597.6823 Mbps     0 retrans
    8.5000 MB /   0.10 sec =  713.1458 Mbps     0 retrans
    8.6875 MB /   0.10 sec =  728.6219 Mbps     0 retrans
    7.0625 MB /   0.10 sec =  592.6054 Mbps     0 retrans
    6.8125 MB /   0.10 sec =  571.3197 Mbps     0 retrans
    6.5000 MB /   0.10 sec =  544.6332 Mbps     0 retrans
    7.6250 MB /   0.10 sec =  640.4319 Mbps     0 retrans
    6.8750 MB /   0.10 sec =  576.7341 Mbps     0 retrans
    7.1875 MB /   0.10 sec =  603.0699 Mbps     0 retrans
    7.3750 MB /   0.10 sec =  618.5980 Mbps     0 retrans
    6.9375 MB /   0.10 sec =  581.9830 Mbps     0 retrans
    6.8750 MB /   0.10 sec =  576.6822 Mbps     0 retrans
    8.2500 MB /   0.10 sec =  692.1294 Mbps     0 retrans
    7.7500 MB /   0.10 sec =  650.1496 Mbps     0 retrans
    7.6250 MB /   0.10 sec =  639.5418 Mbps     0 retrans
    6.5625 MB /   0.10 sec =  550.2603 Mbps     0 retrans
    6.8125 MB /   0.10 sec =  571.6969 Mbps     0 retrans
    7.8750 MB /   0.10 sec =  660.5897 Mbps     0 retrans
    8.1250 MB /   0.10 sec =  681.6085 Mbps     0 retrans
    6.6875 MB /   0.10 sec =  560.9545 Mbps     0 retrans
    7.9375 MB /   0.10 sec =  666.0189 Mbps     0 retrans
    8.3750 MB /   0.10 sec =  702.5108 Mbps     0 retrans
    7.1875 MB /   0.10 sec =  602.9674 Mbps     0 retrans
    7.7500 MB /   0.10 sec =  650.0781 Mbps     0 retrans
    8.3125 MB /   0.10 sec =  697.1566 Mbps     0 retrans
    7.6875 MB /   0.10 sec =  644.9839 Mbps     0 retrans
    7.6875 MB /   0.10 sec =  644.3652 Mbps     0 retrans
    7.2500 MB /   0.10 sec =  608.4296 Mbps     0 retrans
    6.6875 MB /   0.10 sec =  559.9355 Mbps     0 retrans
    7.4375 MB /   0.10 sec =  625.1969 Mbps     0 retrans
    8.0625 MB /   0.10 sec =  676.4939 Mbps     0 retrans
    7.5625 MB /   0.10 sec =  634.2236 Mbps     0 retrans
    5.3750 MB /   0.10 sec =  450.7705 Mbps     0 retrans
    5.8750 MB /   0.10 sec =  493.0329 Mbps     0 retrans
    8.2500 MB /   0.10 sec =  691.7627 Mbps     0 retrans
    6.9375 MB /   0.10 sec =  582.1460 Mbps     0 retrans
    6.0625 MB /   0.10 sec =  508.6865 Mbps     0 retrans
    6.9375 MB /   0.10 sec =  581.7968 Mbps     0 retrans
    6.8750 MB /   0.10 sec =  576.7802 Mbps     0 retrans
    6.2500 MB /   0.10 sec =  524.1832 Mbps     0 retrans
    5.9375 MB /   0.10 sec =  498.1782 Mbps     0 retrans
    6.9375 MB /   0.10 sec =  581.9655 Mbps     0 retrans
    5.6250 MB /   0.10 sec =  471.7365 Mbps     0 retrans
    4.6250 MB /   0.10 sec =  388.0468 Mbps     0 retrans
    1.8750 MB /   0.10 sec =  157.1293 Mbps     0 retrans
    6.5625 MB /   0.10 sec =  551.0645 Mbps     0 retrans
    5.9375 MB /   0.10 sec =  498.1732 Mbps     0 retrans
    6.0625 MB /   0.10 sec =  508.5339 Mbps     0 retrans
    6.3125 MB /   0.10 sec =  529.5415 Mbps     0 retrans
    5.8750 MB /   0.10 sec =  492.7716 Mbps     0 retrans
    6.7500 MB /   0.10 sec =  566.0782 Mbps     0 retrans
    6.0000 MB /   0.10 sec =  503.3567 Mbps     0 retrans
    6.7500 MB /   0.10 sec =  566.1178 Mbps     0 retrans
    6.6250 MB /   0.10 sec =  555.8898 Mbps     0 retrans
    5.7500 MB /   0.10 sec =  482.2582 Mbps     0 retrans
    6.8750 MB /   0.10 sec =  576.2903 Mbps     0 retrans
    7.4375 MB /   0.10 sec =  624.4772 Mbps     0 retrans
    5.8750 MB /   0.10 sec =  492.9540 Mbps     0 retrans
    6.1250 MB /   0.10 sec =  513.7355 Mbps     0 retrans
    5.7500 MB /   0.10 sec =  482.2871 Mbps     0 retrans
    3.3125 MB /   0.10 sec =  277.4094 Mbps     0 retrans
    6.3125 MB /   0.10 sec =  530.0503 Mbps     0 retrans
    6.5000 MB /   0.10 sec =  545.6415 Mbps     0 retrans
    6.0625 MB /   0.10 sec =  508.6662 Mbps     0 retrans
    7.0000 MB /   0.10 sec =  587.0382 Mbps     0 retrans
    6.5000 MB /   0.10 sec =  545.3904 Mbps     0 retrans
    6.3750 MB /   0.10 sec =  534.7845 Mbps     0 retrans
    6.3750 MB /   0.10 sec =  532.0391 Mbps     0 retrans
    6.4375 MB /   0.10 sec =  542.7085 Mbps     0 retrans
    6.3125 MB /   0.10 sec =  529.0970 Mbps     0 retrans
    6.2500 MB /   0.10 sec =  524.6920 Mbps     0 retrans
    5.8125 MB /   0.10 sec =  487.6707 Mbps     0 retrans
    6.3750 MB /   0.10 sec =  532.5954 Mbps     0 retrans
    7.5625 MB /   0.10 sec =  636.9170 Mbps     0 retrans
    6.6875 MB /   0.10 sec =  561.1341 Mbps     0 retrans
    5.6875 MB /   0.10 sec =  476.9590 Mbps     0 retrans
    6.0625 MB /   0.10 sec =  508.6204 Mbps     0 retrans
    4.6875 MB /   0.10 sec =  393.1177 Mbps     0 retrans
    5.8750 MB /   0.10 sec =  492.8504 Mbps     0 retrans
    5.5000 MB /   0.10 sec =  461.3734 Mbps     0 retrans
nuttcp-r: 1881.2366 MB in 30.73 real seconds = 62692.29 KB/sec = 513.5752 Mbps
nuttcp-r: 45360 I/O calls, msec/call = 0.69, calls/sec = 1476.20
nuttcp-r: 0.0user 0.8sys 0:30real 2% 0i+0d 1232maxrss 0+1pf 13608+86csw

nuttcp-t: Warning: send window size 25000000 < requested window size 26214400
nuttcp-t: v6.1.2: socket
nuttcp-t: buflen=65536, nstream=1, port=5005 tcp -> 172.58.8.190
nuttcp-t: time limit = 30.00 seconds
nuttcp-t: accept from 172.58.8.190 with mss=1364
nuttcp-t: send window size = 50000000, receive window size = 25000000
nuttcp-t: available send window = 25000000, available receive window = 12500000
nuttcp-t: 1881.2366 MB in 30.00 real seconds = 64212.74 KB/sec = 526.0308 Mbps
nuttcp-t: retrans = 0
nuttcp-t: 30100 I/O calls, msec/call = 1.02, calls/sec = 1003.33
nuttcp-t: 0.0user 0.9sys 0:30real 3% 0i+0d 98maxrss 0+0pf 113+19csw
